Log for Naval Warfare 2D, intended for debugging purposes only! 

(ENTRY #1) 2022-02-20 17:50:15.306867 >> Initialized Log handler...
(ENTRY #2) 2022-02-20 17:50:15.531030 >> Initialized Warship handler...
(ENTRY #3) 2022-02-20 17:50:15.543366 >> Initialized GUI handler...
(ENTRY #4) 2022-02-20 17:50:15.543866 >> Starting Naval Warfare 2D...
(ENTRY #5) 2022-02-20 17:50:15.759365 >> Created Sprite for Player!
(ENTRY #6) 2022-02-20 17:50:15.759365 >> Finished initalizingw!
(ENTRY #7) 2022-02-20 17:50:16.270113 >> Game resumed!
(ENTRY #8) 2022-02-20 17:50:16.329189 >> Cloud created! ID: #1
(ENTRY #9) 2022-02-20 17:50:17.427210 >> Cloud created! ID: #2
(ENTRY #10) 2022-02-20 17:50:18.449923 >> Cloud created! ID: #3
(ENTRY #11) 2022-02-20 17:50:19.492907 >> Cloud created! ID: #4
(ENTRY #12) 2022-02-20 17:50:20.555835 >> Cloud created! ID: #5
(ENTRY #13) 2022-02-20 17:50:21.605547 >> Cloud created! ID: #6
(ENTRY #14) 2022-02-20 17:50:22.616857 >> Cloud created! ID: #7
(ENTRY #15) 2022-02-20 17:50:22.762373 >> Cloud removed! ID: #7
(ENTRY #16) 2022-02-20 17:50:23.648371 >> Cloud created! ID: #8
(ENTRY #17) 2022-02-20 17:50:23.876879 >> Cloud removed! ID: #8
(ENTRY #18) 2022-02-20 17:50:24.681885 >> Cloud created! ID: #9
(ENTRY #19) 2022-02-20 17:50:24.870501 >> Cloud removed! ID: #9
(ENTRY #20) 2022-02-20 17:50:25.713770 >> Cloud created! ID: #10
(ENTRY #21) 2022-02-20 17:50:26.724904 >> Cloud created! ID: #11
(ENTRY #22) 2022-02-20 17:50:26.901176 >> Cloud removed! ID: #11
(ENTRY #23) 2022-02-20 17:50:27.728120 >> Cloud created! ID: #12
(ENTRY #24) 2022-02-20 17:50:28.743891 >> Cloud created! ID: #13
(ENTRY #25) 2022-02-20 17:50:28.891641 >> Cloud removed! ID: #13
(ENTRY #26) 2022-02-20 17:50:29.867867 >> Cloud created! ID: #14
(ENTRY #27) 2022-02-20 17:50:30.919310 >> Cloud created! ID: #15
(ENTRY #28) 2022-02-20 17:50:31.926316 >> Cloud created! ID: #16
(ENTRY #29) 2022-02-20 17:50:32.097663 >> Cloud removed! ID: #16
(ENTRY #30) 2022-02-20 17:50:32.259400 >> Cloud removed! ID: #16
(ENTRY #31) 2022-02-20 17:50:32.928527 >> Cloud created! ID: #17
(ENTRY #32) 2022-02-20 17:50:33.940381 >> Cloud created! ID: #18
(ENTRY #33) 2022-02-20 17:50:34.074896 >> Cloud removed! ID: #18
(ENTRY #34) 2022-02-20 17:50:34.075902 >> Cloud removed! ID: #18
(ENTRY #35) 2022-02-20 17:50:34.296983 >> Cloud removed! ID: #18
(ENTRY #36) 2022-02-20 17:50:34.975878 >> Cloud created! ID: #19
(ENTRY #37) 2022-02-20 17:50:35.104366 >> Cloud removed! ID: #19
(ENTRY #38) 2022-02-20 17:50:35.314159 >> Cloud removed! ID: #19
(ENTRY #39) 2022-02-20 17:50:36.040872 >> Cloud created! ID: #20
(ENTRY #40) 2022-02-20 17:50:36.092508 >> Cloud removed! ID: #20
(ENTRY #41) 2022-02-20 17:50:36.291709 >> Cloud removed! ID: #20
(ENTRY #42) 2022-02-20 17:50:37.059370 >> Cloud created! ID: #21
(ENTRY #43) 2022-02-20 17:50:37.197278 >> Cloud removed! ID: #21
(ENTRY #44) 2022-02-20 17:50:38.081881 >> Cloud removed! ID: #21
(ENTRY #45) 2022-02-20 17:50:38.118553 >> Cloud created! ID: #22
(ENTRY #46) 2022-02-20 17:50:39.125541 >> Cloud created! ID: #23
(ENTRY #47) 2022-02-20 17:50:39.127040 >> Cloud removed! ID: #23
(ENTRY #48) 2022-02-20 17:50:39.154638 >> Cloud removed! ID: #23
(ENTRY #49) 2022-02-20 17:50:39.338192 >> Cloud removed! ID: #23
(ENTRY #50) 2022-02-20 17:50:40.133911 >> Cloud created! ID: #24
(ENTRY #51) 2022-02-20 17:50:40.252364 >> Cloud removed! ID: #24
(ENTRY #52) 2022-02-20 17:50:41.194871 >> Cloud created! ID: #25
(ENTRY #53) 2022-02-20 17:50:41.294502 >> Cloud removed! ID: #25
(ENTRY #54) 2022-02-20 17:50:42.226029 >> Cloud created! ID: #26
(ENTRY #55) 2022-02-20 17:50:42.349022 >> Cloud removed! ID: #26
(ENTRY #56) 2022-02-20 17:50:43.324555 >> Cloud created! ID: #27
(ENTRY #57) 2022-02-20 17:50:44.554863 >> Cloud created! ID: #28
(ENTRY #58) 2022-02-20 17:50:45.636879 >> Cloud created! ID: #29
(ENTRY #59) 2022-02-20 17:50:46.389574 >> Cloud removed! ID: #29
(ENTRY #60) 2022-02-20 17:50:46.713163 >> Cloud created! ID: #30
(ENTRY #61) 2022-02-20 17:50:47.414742 >> Cloud removed! ID: #30
(ENTRY #62) 2022-02-20 17:50:47.499871 >> Cloud removed! ID: #30
(ENTRY #63) 2022-02-20 17:50:47.782398 >> Cloud created! ID: #31
(ENTRY #64) 2022-02-20 17:50:48.788170 >> Cloud created! ID: #32
(ENTRY #65) 2022-02-20 17:50:49.889422 >> Cloud created! ID: #33
(ENTRY #66) 2022-02-20 17:50:50.865886 >> Cloud removed! ID: #33
(ENTRY #67) 2022-02-20 17:50:50.916990 >> Cloud removed! ID: #33
(ENTRY #68) 2022-02-20 17:50:51.052383 >> Cloud created! ID: #34
(ENTRY #69) 2022-02-20 17:50:51.730115 >> Cloud removed! ID: #34
(ENTRY #70) 2022-02-20 17:50:51.969623 >> Cloud removed! ID: #34
(ENTRY #71) 2022-02-20 17:50:52.217861 >> Cloud created! ID: #35
(ENTRY #72) 2022-02-20 17:50:53.349878 >> Cloud created! ID: #36
(ENTRY #73) 2022-02-20 17:50:54.170704 >> Cloud removed! ID: #36
(ENTRY #74) 2022-02-20 17:50:54.353498 >> Cloud created! ID: #37
(ENTRY #75) 2022-02-20 17:50:54.848373 >> Cloud removed! ID: #37
(ENTRY #76) 2022-02-20 17:50:55.153889 >> Cloud removed! ID: #37
(ENTRY #77) 2022-02-20 17:50:55.453369 >> Cloud created! ID: #38
(ENTRY #78) 2022-02-20 17:50:56.417680 >> Cloud removed! ID: #38
(ENTRY #79) 2022-02-20 17:50:56.457178 >> Cloud created! ID: #39
(ENTRY #80) 2022-02-20 17:50:57.391257 >> Cloud removed! ID: #39
(ENTRY #81) 2022-02-20 17:50:57.511720 >> Cloud removed! ID: #39
(ENTRY #82) 2022-02-20 17:50:57.523359 >> Cloud created! ID: #40
(ENTRY #83) 2022-02-20 17:50:58.520954 >> Cloud removed! ID: #40
(ENTRY #84) 2022-02-20 17:50:58.532967 >> Cloud created! ID: #41
(ENTRY #85) 2022-02-20 17:50:59.540356 >> Cloud created! ID: #42
(ENTRY #86) 2022-02-20 17:51:00.555221 >> Cloud created! ID: #43
(ENTRY #87) 2022-02-20 17:51:00.650378 >> Cloud removed! ID: #43
(ENTRY #88) 2022-02-20 17:51:01.617838 >> Cloud created! ID: #44
(ENTRY #89) 2022-02-20 17:51:01.690871 >> Cloud removed! ID: #44
(ENTRY #90) 2022-02-20 17:51:02.468486 >> Cloud removed! ID: #44
(ENTRY #91) 2022-02-20 17:51:02.660905 >> Cloud created! ID: #45
(ENTRY #92) 2022-02-20 17:51:03.681383 >> Cloud created! ID: #46
(ENTRY #93) 2022-02-20 17:51:03.785249 >> Cloud removed! ID: #46
(ENTRY #94) 2022-02-20 17:51:04.681391 >> Cloud created! ID: #47
(ENTRY #95) 2022-02-20 17:51:04.790704 >> Cloud removed! ID: #47
(ENTRY #96) 2022-02-20 17:51:05.735789 >> Cloud created! ID: #48
(ENTRY #97) 2022-02-20 17:51:05.772765 >> Cloud removed! ID: #48
(ENTRY #98) 2022-02-20 17:51:06.740342 >> Cloud created! ID: #49
(ENTRY #99) 2022-02-20 17:51:06.752847 >> Cloud removed! ID: #49
(ENTRY #100) 2022-02-20 17:51:06.802076 >> Cloud removed! ID: #49
(ENTRY #101) 2022-02-20 17:51:07.743294 >> Cloud created! ID: #50
(ENTRY #102) 2022-02-20 17:51:07.811125 >> Cloud removed! ID: #50
(ENTRY #103) 2022-02-20 17:51:08.834259 >> Cloud created! ID: #51
(ENTRY #104) 2022-02-20 17:51:09.917814 >> Cloud created! ID: #52
(ENTRY #105) 2022-02-20 17:51:09.944484 >> Cloud removed! ID: #52
(ENTRY #106) 2022-02-20 17:51:10.947372 >> Cloud removed! ID: #52
(ENTRY #107) 2022-02-20 17:51:10.984422 >> Cloud created! ID: #53
(ENTRY #108) 2022-02-20 17:51:12.000081 >> Cloud created! ID: #54
(ENTRY #109) 2022-02-20 17:51:13.073379 >> Cloud created! ID: #55
(ENTRY #110) 2022-02-20 17:51:14.155624 >> Cloud created! ID: #56
(ENTRY #111) 2022-02-20 17:51:14.250948 >> Cloud removed! ID: #56
(ENTRY #112) 2022-02-20 17:51:15.200870 >> Cloud created! ID: #57
(ENTRY #113) 2022-02-20 17:51:16.304379 >> Cloud removed! ID: #57
(ENTRY #114) 2022-02-20 17:51:16.316378 >> Cloud created! ID: #58
(ENTRY #115) 2022-02-20 17:51:17.325385 >> Cloud created! ID: #59
(ENTRY #116) 2022-02-20 17:51:17.374464 >> Cloud removed! ID: #59
(ENTRY #117) 2022-02-20 17:51:17.424871 >> Cloud removed! ID: #59
(ENTRY #118) 2022-02-20 17:51:17.437912 >> Cloud removed! ID: #59
(ENTRY #119) 2022-02-20 17:51:18.446891 >> Cloud created! ID: #60
(ENTRY #120) 2022-02-20 17:51:19.453323 >> Cloud created! ID: #61
(ENTRY #121) 2022-02-20 17:51:20.460300 >> Cloud removed! ID: #61
(ENTRY #122) 2022-02-20 17:51:20.484885 >> Cloud removed! ID: #61
(ENTRY #123) 2022-02-20 17:51:20.606913 >> Cloud created! ID: #62
(ENTRY #124) 2022-02-20 17:51:21.529472 >> Cloud removed! ID: #62
(ENTRY #125) 2022-02-20 17:51:21.580324 >> Cloud removed! ID: #62
(ENTRY #126) 2022-02-20 17:51:21.699872 >> Cloud created! ID: #63
(ENTRY #127) 2022-02-20 17:51:22.692959 >> Cloud removed! ID: #63
(ENTRY #128) 2022-02-20 17:51:22.717426 >> Cloud created! ID: #64
(ENTRY #129) 2022-02-20 17:51:23.719686 >> Cloud removed! ID: #64
(ENTRY #130) 2022-02-20 17:51:23.805787 >> Cloud created! ID: #65
(ENTRY #131) 2022-02-20 17:51:24.809433 >> Cloud removed! ID: #65
(ENTRY #132) 2022-02-20 17:51:24.893871 >> Cloud created! ID: #66
(ENTRY #133) 2022-02-20 17:51:25.935541 >> Cloud removed! ID: #66
(ENTRY #134) 2022-02-20 17:51:26.000257 >> Cloud created! ID: #67
(ENTRY #135) 2022-02-20 17:51:27.030142 >> Cloud created! ID: #68
(ENTRY #136) 2022-02-20 17:51:28.110326 >> Cloud created! ID: #69
(ENTRY #137) 2022-02-20 17:51:29.004283 >> Cloud removed! ID: #69
(ENTRY #138) 2022-02-20 17:51:29.028382 >> Cloud removed! ID: #69
(ENTRY #139) 2022-02-20 17:51:29.176548 >> Cloud created! ID: #70
(ENTRY #140) 2022-02-20 17:51:29.989520 >> Cloud removed! ID: #70
(ENTRY #141) 2022-02-20 17:51:30.424921 >> Cloud created! ID: #71
(ENTRY #142) 2022-02-20 17:51:31.221866 >> Cloud removed! ID: #71
(ENTRY #143) 2022-02-20 17:51:31.223368 >> Cloud removed! ID: #71
(ENTRY #144) 2022-02-20 17:51:31.509544 >> Cloud created! ID: #72
(ENTRY #145) 2022-02-20 17:51:32.569884 >> Cloud created! ID: #73
(ENTRY #146) 2022-02-20 17:51:33.310075 >> Cloud removed! ID: #73
(ENTRY #147) 2022-02-20 17:51:33.577586 >> Cloud created! ID: #74
(ENTRY #148) 2022-02-20 17:51:34.611563 >> Cloud created! ID: #75
(ENTRY #149) 2022-02-20 17:51:35.479224 >> Cloud removed! ID: #75
(ENTRY #150) 2022-02-20 17:51:35.676678 >> Cloud created! ID: #76
(ENTRY #151) 2022-02-20 17:51:35.702379 >> Cloud removed! ID: #76
(ENTRY #152) 2022-02-20 17:51:36.387891 >> Cloud removed! ID: #76
(ENTRY #153) 2022-02-20 17:51:36.779874 >> Cloud created! ID: #77
(ENTRY #154) 2022-02-20 17:51:37.815886 >> Cloud created! ID: #78
(ENTRY #155) 2022-02-20 17:51:38.664660 >> Cloud removed! ID: #78
(ENTRY #156) 2022-02-20 17:51:38.910152 >> Cloud created! ID: #79
(ENTRY #157) 2022-02-20 17:51:39.908171 >> Cloud removed! ID: #79
(ENTRY #158) 2022-02-20 17:51:39.908671 >> Cloud removed! ID: #79
(ENTRY #159) 2022-02-20 17:51:39.945206 >> Cloud created! ID: #80
(ENTRY #160) 2022-02-20 17:51:40.745474 >> Cloud removed! ID: #80
(ENTRY #161) 2022-02-20 17:51:40.950309 >> Cloud created! ID: #81
(ENTRY #162) 2022-02-20 17:51:41.994347 >> Cloud created! ID: #82
(ENTRY #163) 2022-02-20 17:51:42.995408 >> Cloud created! ID: #83
(ENTRY #164) 2022-02-20 17:51:43.101866 >> Cloud removed! ID: #83
(ENTRY #165) 2022-02-20 17:51:44.067158 >> Cloud created! ID: #84
(ENTRY #166) 2022-02-20 17:51:44.191879 >> Cloud removed! ID: #84
(ENTRY #167) 2022-02-20 17:51:44.230159 >> Cloud removed! ID: #84
(ENTRY #168) 2022-02-20 17:51:45.113898 >> Cloud created! ID: #85
(ENTRY #169) 2022-02-20 17:51:45.272286 >> Cloud removed! ID: #85
(ENTRY #170) 2022-02-20 17:51:46.131381 >> Cloud created! ID: #86
(ENTRY #171) 2022-02-20 17:51:47.244157 >> Cloud removed! ID: #86
(ENTRY #172) 2022-02-20 17:51:47.282689 >> Cloud created! ID: #87
(ENTRY #173) 2022-02-20 17:51:47.375869 >> Cloud removed! ID: #87
(ENTRY #174) 2022-02-20 17:51:48.423578 >> Cloud created! ID: #88
(ENTRY #175) 2022-02-20 17:51:49.436328 >> Cloud created! ID: #89
(ENTRY #176) 2022-02-20 17:51:49.558254 >> Cloud removed! ID: #89
(ENTRY #177) 2022-02-20 17:51:50.357733 >> Cloud removed! ID: #89
(ENTRY #178) 2022-02-20 17:51:50.395390 >> Cloud removed! ID: #89
(ENTRY #179) 2022-02-20 17:51:50.509278 >> Cloud created! ID: #90
(ENTRY #180) 2022-02-20 17:51:51.421946 >> Cloud removed! ID: #90
(ENTRY #181) 2022-02-20 17:51:51.544730 >> Cloud created! ID: #91
(ENTRY #182) 2022-02-20 17:51:51.583190 >> Cloud removed! ID: #91
(ENTRY #183) 2022-02-20 17:51:52.711381 >> Cloud created! ID: #92
(ENTRY #184) 2022-02-20 17:51:53.466469 >> Cloud removed! ID: #92
(ENTRY #185) 2022-02-20 17:51:53.490265 >> Cloud removed! ID: #92
(ENTRY #186) 2022-02-20 17:51:53.540882 >> Cloud removed! ID: #92
(ENTRY #187) 2022-02-20 17:51:53.796402 >> Cloud created! ID: #93
(ENTRY #188) 2022-02-20 17:51:54.528899 >> Cloud removed! ID: #93
(ENTRY #189) 2022-02-20 17:51:54.540900 >> Cloud removed! ID: #93
(ENTRY #190) 2022-02-20 17:51:54.799617 >> Cloud created! ID: #94
(ENTRY #191) 2022-02-20 17:51:55.972408 >> Cloud created! ID: #95
(ENTRY #192) 2022-02-20 17:51:56.785845 >> Cloud removed! ID: #95
(ENTRY #193) 2022-02-20 17:51:56.995136 >> Cloud created! ID: #96
(ENTRY #194) 2022-02-20 17:51:57.884955 >> Cloud removed! ID: #96
(ENTRY #195) 2022-02-20 17:51:58.066347 >> Cloud created! ID: #97
(ENTRY #196) 2022-02-20 17:51:58.899876 >> Cloud removed! ID: #97
(ENTRY #197) 2022-02-20 17:51:59.250426 >> Cloud created! ID: #98
(ENTRY #198) 2022-02-20 17:52:00.261366 >> Cloud created! ID: #99
(ENTRY #199) 2022-02-20 17:52:01.338378 >> Cloud created! ID: #100
(ENTRY #200) 2022-02-20 17:52:02.411374 >> Cloud created! ID: #101
(ENTRY #201) 2022-02-20 17:52:02.764446 >> Cloud removed! ID: #101
(ENTRY #202) 2022-02-20 17:52:03.141399 >> Cloud removed! ID: #101
(ENTRY #203) 2022-02-20 17:52:03.420881 >> Cloud created! ID: #102
(ENTRY #204) 2022-02-20 17:52:03.798216 >> Cloud removed! ID: #102
(ENTRY #205) 2022-02-20 17:52:04.198695 >> Cloud removed! ID: #102
(ENTRY #206) 2022-02-20 17:52:04.502528 >> Cloud created! ID: #103
(ENTRY #207) 2022-02-20 17:52:05.565365 >> Cloud created! ID: #104
(ENTRY #208) 2022-02-20 17:52:06.572445 >> Cloud created! ID: #105
(ENTRY #209) 2022-02-20 17:52:07.512897 >> Cloud removed! ID: #105
(ENTRY #210) 2022-02-20 17:52:07.610898 >> Cloud created! ID: #106
(ENTRY #211) 2022-02-20 17:52:08.265397 >> Cloud removed! ID: #106
(ENTRY #212) 2022-02-20 17:52:08.641703 >> Cloud created! ID: #107
(ENTRY #213) 2022-02-20 17:52:09.820361 >> Cloud created! ID: #108
(ENTRY #214) 2022-02-20 17:52:10.675268 >> Cloud removed! ID: #108
(ENTRY #215) 2022-02-20 17:52:10.836409 >> Cloud created! ID: #109
(ENTRY #216) 2022-02-20 17:52:11.555062 >> Cloud removed! ID: #109
(ENTRY #217) 2022-02-20 17:52:11.848705 >> Cloud created! ID: #110
(ENTRY #218) 2022-02-20 17:52:12.554893 >> Cloud removed! ID: #110
(ENTRY #219) 2022-02-20 17:52:12.729215 >> Cloud removed! ID: #110
(ENTRY #220) 2022-02-20 17:52:12.865061 >> Cloud created! ID: #111
(ENTRY #221) 2022-02-20 17:52:13.630367 >> Cloud removed! ID: #111
(ENTRY #222) 2022-02-20 17:52:13.874088 >> Cloud created! ID: #112
(ENTRY #223) 2022-02-20 17:52:14.697883 >> Cloud removed! ID: #112
(ENTRY #224) 2022-02-20 17:52:14.883400 >> Cloud created! ID: #113
(ENTRY #225) 2022-02-20 17:52:15.905997 >> Cloud created! ID: #114
(ENTRY #226) 2022-02-20 17:52:15.954861 >> Cloud removed! ID: #114
(ENTRY #227) 2022-02-20 17:52:16.942779 >> Cloud removed! ID: #114
(ENTRY #228) 2022-02-20 17:52:16.954467 >> Cloud removed! ID: #114
(ENTRY #229) 2022-02-20 17:52:16.966466 >> Cloud created! ID: #115
(ENTRY #230) 2022-02-20 17:52:17.857719 >> Cloud removed! ID: #115
(ENTRY #231) 2022-02-20 17:52:17.954494 >> Cloud removed! ID: #115
(ENTRY #232) 2022-02-20 17:52:17.954993 >> Cloud removed! ID: #115
(ENTRY #233) 2022-02-20 17:52:17.979365 >> Cloud created! ID: #116
(ENTRY #234) 2022-02-20 17:52:18.952500 >> Cloud removed! ID: #116
(ENTRY #235) 2022-02-20 17:52:19.049346 >> Cloud created! ID: #117
(ENTRY #236) 2022-02-20 17:52:19.887154 >> Cloud removed! ID: #117
(ENTRY #237) 2022-02-20 17:52:20.147900 >> Cloud created! ID: #118
(ENTRY #238) 2022-02-20 17:52:20.910568 >> Cloud removed! ID: #118
(ENTRY #239) 2022-02-20 17:52:21.186340 >> Cloud created! ID: #119
(ENTRY #240) 2022-02-20 17:52:21.989014 >> Cloud removed! ID: #119
(ENTRY #241) 2022-02-20 17:52:22.037421 >> Cloud removed! ID: #119
(ENTRY #242) 2022-02-20 17:52:22.216865 >> Cloud created! ID: #120
(ENTRY #243) 2022-02-20 17:52:23.035377 >> Cloud removed! ID: #120
(ENTRY #244) 2022-02-20 17:52:23.348375 >> Cloud created! ID: #121
(ENTRY #245) 2022-02-20 17:52:24.357287 >> Cloud created! ID: #122
(ENTRY #246) 2022-02-20 17:52:25.186220 >> Cloud removed! ID: #122
(ENTRY #247) 2022-02-20 17:52:25.365712 >> Cloud created! ID: #123
(ENTRY #248) 2022-02-20 17:52:26.428613 >> Cloud created! ID: #124
(ENTRY #249) 2022-02-20 17:52:27.373813 >> Cloud removed! ID: #124
(ENTRY #250) 2022-02-20 17:52:27.591908 >> Cloud created! ID: #125
(ENTRY #251) 2022-02-20 17:52:28.604400 >> Cloud created! ID: #126
(ENTRY #252) 2022-02-20 17:52:29.416606 >> Cloud removed! ID: #126
(ENTRY #253) 2022-02-20 17:52:29.694872 >> Cloud created! ID: #127
(ENTRY #254) 2022-02-20 17:52:30.408870 >> Cloud removed! ID: #127
(ENTRY #255) 2022-02-20 17:52:30.746124 >> Cloud created! ID: #128
(ENTRY #256) 2022-02-20 17:52:31.154352 >> Cloud removed! ID: #128
(ENTRY #257) 2022-02-20 17:52:31.767630 >> Cloud created! ID: #129
(ENTRY #258) 2022-02-20 17:52:32.224283 >> Cloud removed! ID: #129
(ENTRY #259) 2022-02-20 17:52:32.776635 >> Cloud created! ID: #130
(ENTRY #260) 2022-02-20 17:52:33.903674 >> Cloud created! ID: #131
(ENTRY #261) 2022-02-20 17:52:34.291249 >> Cloud removed! ID: #131
(ENTRY #262) 2022-02-20 17:52:34.649587 >> Cloud removed! ID: #131
(ENTRY #263) 2022-02-20 17:52:35.066879 >> Cloud created! ID: #132
(ENTRY #264) 2022-02-20 17:52:35.733287 >> Cloud removed! ID: #132
(ENTRY #265) 2022-02-20 17:52:36.082180 >> Cloud created! ID: #133
(ENTRY #266) 2022-02-20 17:52:36.789615 >> Cloud removed! ID: #133
(ENTRY #267) 2022-02-20 17:52:37.090480 >> Cloud created! ID: #134
(ENTRY #268) 2022-02-20 17:52:38.130860 >> Cloud created! ID: #135
(ENTRY #269) 2022-02-20 17:52:38.557727 >> Cloud removed! ID: #135
(ENTRY #270) 2022-02-20 17:52:39.124680 >> Cloud removed! ID: #135
(ENTRY #271) 2022-02-20 17:52:39.137684 >> Cloud created! ID: #136
(ENTRY #272) 2022-02-20 17:52:39.718274 >> Cloud removed! ID: #136
(ENTRY #273) 2022-02-20 17:52:39.989773 >> Cloud removed! ID: #136
(ENTRY #274) 2022-02-20 17:52:40.183368 >> Cloud created! ID: #137
(ENTRY #275) 2022-02-20 17:52:41.150867 >> Cloud removed! ID: #137
(ENTRY #276) 2022-02-20 17:52:41.235561 >> Cloud created! ID: #138
(ENTRY #277) 2022-02-20 17:52:42.241864 >> Cloud created! ID: #139
(ENTRY #278) 2022-02-20 17:52:43.261884 >> Cloud created! ID: #140
(ENTRY #279) 2022-02-20 17:52:43.947517 >> Cloud removed! ID: #140
(ENTRY #280) 2022-02-20 17:52:44.396364 >> Cloud created! ID: #141
(ENTRY #281) 2022-02-20 17:52:44.979118 >> Cloud removed! ID: #141
(ENTRY #282) 2022-02-20 17:52:45.329560 >> Cloud removed! ID: #141
(ENTRY #283) 2022-02-20 17:52:45.403633 >> Cloud created! ID: #142
(ENTRY #284) 2022-02-20 17:52:46.293103 >> Cloud removed! ID: #142
(ENTRY #285) 2022-02-20 17:52:46.317615 >> Cloud removed! ID: #142
(ENTRY #286) 2022-02-20 17:52:46.416364 >> Cloud created! ID: #143
(ENTRY #287) 2022-02-20 17:52:47.331614 >> Cloud removed! ID: #143
(ENTRY #288) 2022-02-20 17:52:47.501395 >> Cloud created! ID: #144
(ENTRY #289) 2022-02-20 17:52:48.299117 >> Cloud removed! ID: #144
(ENTRY #290) 2022-02-20 17:52:48.546635 >> Cloud created! ID: #145
(ENTRY #291) 2022-02-20 17:52:49.479816 >> Cloud removed! ID: #145
(ENTRY #292) 2022-02-20 17:52:49.578397 >> Cloud created! ID: #146
(ENTRY #293) 2022-02-20 17:52:50.393369 >> Cloud removed! ID: #146
(ENTRY #294) 2022-02-20 17:52:50.540132 >> Cloud removed! ID: #146
(ENTRY #295) 2022-02-20 17:52:50.589383 >> Cloud created! ID: #147
(ENTRY #296) 2022-02-20 17:52:51.425559 >> Cloud removed! ID: #147
(ENTRY #297) 2022-02-20 17:52:51.673056 >> Cloud created! ID: #148
(ENTRY #298) 2022-02-20 17:52:52.609530 >> Cloud removed! ID: #148
(ENTRY #299) 2022-02-20 17:52:52.845491 >> Cloud created! ID: #149
(ENTRY #300) 2022-02-20 17:52:53.703378 >> Cloud removed! ID: #149
(ENTRY #301) 2022-02-20 17:52:53.886535 >> Cloud created! ID: #150
(ENTRY #302) 2022-02-20 17:52:54.734535 >> Cloud removed! ID: #150
(ENTRY #303) 2022-02-20 17:52:54.759536 >> Cloud removed! ID: #150
(ENTRY #304) 2022-02-20 17:52:55.104884 >> Cloud created! ID: #151
(ENTRY #305) 2022-02-20 17:52:55.809984 >> Cloud removed! ID: #151
(ENTRY #306) 2022-02-20 17:52:56.270576 >> Cloud created! ID: #152
(ENTRY #307) 2022-02-20 17:52:57.275864 >> Cloud created! ID: #153
(ENTRY #308) 2022-02-20 17:52:57.852399 >> Cloud removed! ID: #153
(ENTRY #309) 2022-02-20 17:52:58.398874 >> Cloud created! ID: #154
(ENTRY #310) 2022-02-20 17:52:59.413226 >> Cloud created! ID: #155
(ENTRY #311) 2022-02-20 17:53:00.045183 >> Cloud removed! ID: #155
(ENTRY #312) 2022-02-20 17:53:00.414157 >> Cloud created! ID: #156
(ENTRY #313) 2022-02-20 17:53:01.384178 >> Cloud removed! ID: #156
(ENTRY #314) 2022-02-20 17:53:01.433248 >> Cloud created! ID: #157
(ENTRY #315) 2022-02-20 17:53:02.495154 >> Naval Warfare 2D Closed...
