Log for Naval Warfare 2D, intended for debugging purposes only! 

(ENTRY #1) 2022-04-08 11:54:03.063947 >> Initialized Log handler...
(ENTRY #2) 2022-04-08 11:54:03.841811 >> Initialized Warship handler...
(ENTRY #3) 2022-04-08 11:54:03.842545 >> Initialized Projectile handler...
(ENTRY #4) 2022-04-08 11:54:03.854545 >> Initialized GUI handler...
(ENTRY #5) 2022-04-08 11:54:03.854545 >> Starting Naval Warfare 2D...
(ENTRY #6) 2022-04-08 11:54:09.040137 >> Created Sprite for Player!
(ENTRY #7) 2022-04-08 11:54:09.040137 >> Finished initalizing!
(ENTRY #8) 2022-04-08 11:54:12.414307 >> Returning to menu!
(ENTRY #9) 2022-04-08 11:54:14.151230 >> Returning to menu!
(ENTRY #10) 2022-04-08 11:54:14.979066 >> Returning to menu!
(ENTRY #11) 2022-04-08 11:54:15.667200 >> Returning to menu!
(ENTRY #12) 2022-04-08 11:54:17.701435 >> Returning to menu!
(ENTRY #13) 2022-04-08 11:54:18.401197 >> Returning to menu!
(ENTRY #14) 2022-04-08 11:54:22.848676 >> Returning to menu!
(ENTRY #15) 2022-04-08 11:54:23.680955 >> Opened about menu!
(ENTRY #16) 2022-04-08 11:54:24.314826 >> Returning to menu!
(ENTRY #17) 2022-04-08 11:54:24.918083 >> Opened Debug Menu!
(ENTRY #18) 2022-04-08 11:54:26.904529 >> Returning to menu!
(ENTRY #19) 2022-04-08 11:54:27.628564 >> Opened Debug Menu!
(ENTRY #20) 2022-04-08 11:54:27.774865 >> Returning to menu!
(ENTRY #21) 2022-04-08 11:54:27.917912 >> Opened Debug Menu!
(ENTRY #22) 2022-04-08 11:54:28.067576 >> Returning to menu!
(ENTRY #23) 2022-04-08 11:54:28.211171 >> Opened Debug Menu!
(ENTRY #24) 2022-04-08 11:54:28.362213 >> Returning to menu!
(ENTRY #25) 2022-04-08 11:54:28.494751 >> Opened Debug Menu!
(ENTRY #26) 2022-04-08 11:54:28.660715 >> Returning to menu!
(ENTRY #27) 2022-04-08 11:54:28.804850 >> Opened Debug Menu!
(ENTRY #28) 2022-04-08 11:54:28.944030 >> Returning to menu!
(ENTRY #29) 2022-04-08 11:54:29.153911 >> Opened Debug Menu!
(ENTRY #30) 2022-04-08 11:54:29.360115 >> Returning to menu!
(ENTRY #31) 2022-04-08 11:54:30.538614 >> Returning to menu!
(ENTRY #32) 2022-04-08 11:54:31.994406 >> Returning to menu!
(ENTRY #33) 2022-04-08 11:54:32.801621 >> Game resumed!
(ENTRY #34) 2022-04-08 11:54:32.802620 >> Dumb-AI Entity created!
(ENTRY #35) 2022-04-08 11:54:32.809644 >> Dumb-AI Entity created!
(ENTRY #36) 2022-04-08 11:54:32.822644 >> Cloud created! ID: #1
(ENTRY #37) 2022-04-08 11:54:32.875645 >> Dumb-AI Entity created!
(ENTRY #38) 2022-04-08 11:54:33.856471 >> Activating shop!
(ENTRY #39) 2022-04-08 11:54:35.639514 >> MOUSEPOS: (198, 462)
(ENTRY #40) 2022-04-08 11:54:35.639514 >> SLOPE CALC:None
(ENTRY #41) 2022-04-08 11:54:35.639514 >> LIN CALC FIN: 548.0
(ENTRY #42) 2022-04-08 11:54:35.639514 >> LIN CALC RAW: 352.0
(ENTRY #43) 2022-04-08 11:54:35.639514 >> Above!
(ENTRY #44) 2022-04-08 11:54:35.641514 >> Dumb-AI Entity created!
(ENTRY #45) 2022-04-08 11:54:35.642513 >> Dumb-AI Entity created!
(ENTRY #46) 2022-04-08 11:54:35.643514 >> Object lightRound has been created!
(ENTRY #47) 2022-04-08 11:54:35.643514 >> Protectile #2 has been created! Type: Light
(ENTRY #48) 2022-04-08 11:54:35.643514 >> Projectile created! ID: #2
(ENTRY #49) 2022-04-08 11:54:36.115196 >> MOUSEPOS: (426, 517)
(ENTRY #50) 2022-04-08 11:54:36.115196 >> SLOPE CALC:None
(ENTRY #51) 2022-04-08 11:54:36.115196 >> LIN CALC FIN: 776.0
(ENTRY #52) 2022-04-08 11:54:36.115196 >> LIN CALC RAW: 124.0
(ENTRY #53) 2022-04-08 11:54:36.115196 >> Above!
(ENTRY #54) 2022-04-08 11:54:36.117196 >> Dumb-AI Entity created!
(ENTRY #55) 2022-04-08 11:54:36.118195 >> Dumb-AI Entity created!
(ENTRY #56) 2022-04-08 11:54:36.119196 >> Dumb-AI Entity created!
(ENTRY #57) 2022-04-08 11:54:36.408877 >> Returning to game!
(ENTRY #58) 2022-04-08 11:54:36.429948 >> Cloud created! ID: #2
(ENTRY #59) 2022-04-08 11:54:36.429948 >> MOUSEPOS: (201.0, 355.0)
(ENTRY #60) 2022-04-08 11:54:36.429948 >> SLOPE CALC:None
(ENTRY #61) 2022-04-08 11:54:36.429948 >> LIN CALC FIN: 296.0
(ENTRY #62) 2022-04-08 11:54:36.429948 >> LIN CALC RAW: 604.0
(ENTRY #63) 2022-04-08 11:54:36.429948 >> Below!
(ENTRY #64) 2022-04-08 11:54:36.429948 >> Object lightRound has been created!
(ENTRY #65) 2022-04-08 11:54:36.429948 >> Protectile #4 has been created! Type: Light
(ENTRY #66) 2022-04-08 11:54:36.429948 >> Projectile created! ID: #4
(ENTRY #67) 2022-04-08 11:54:36.429948 >> MOUSEPOS: (161.0, 334.0)
(ENTRY #68) 2022-04-08 11:54:36.429948 >> SLOPE CALC:None
(ENTRY #69) 2022-04-08 11:54:36.429948 >> LIN CALC FIN: 286.0
(ENTRY #70) 2022-04-08 11:54:36.429948 >> LIN CALC RAW: 614.0
(ENTRY #71) 2022-04-08 11:54:36.429948 >> Below!
(ENTRY #72) 2022-04-08 11:54:36.429948 >> Object lightRound has been created!
(ENTRY #73) 2022-04-08 11:54:36.429948 >> Protectile #6 has been created! Type: Light
(ENTRY #74) 2022-04-08 11:54:36.429948 >> Projectile created! ID: #6
(ENTRY #75) 2022-04-08 11:54:36.429948 >> MOUSEPOS: (173.0, 296.0)
(ENTRY #76) 2022-04-08 11:54:36.430948 >> SLOPE CALC:None
(ENTRY #77) 2022-04-08 11:54:36.430948 >> LIN CALC FIN: 307.0
(ENTRY #78) 2022-04-08 11:54:36.430948 >> LIN CALC RAW: 593.0
(ENTRY #79) 2022-04-08 11:54:36.430948 >> Above!
(ENTRY #80) 2022-04-08 11:54:36.430948 >> Object lightRound has been created!
(ENTRY #81) 2022-04-08 11:54:36.430948 >> Protectile #8 has been created! Type: Light
(ENTRY #82) 2022-04-08 11:54:36.430948 >> Projectile created! ID: #8
(ENTRY #83) 2022-04-08 11:54:36.430948 >> MOUSEPOS: (166.0, 367.0)
(ENTRY #84) 2022-04-08 11:54:36.430948 >> SLOPE CALC:None
(ENTRY #85) 2022-04-08 11:54:36.430948 >> LIN CALC FIN: 435.0
(ENTRY #86) 2022-04-08 11:54:36.430948 >> LIN CALC RAW: 465.0
(ENTRY #87) 2022-04-08 11:54:36.430948 >> Above!
(ENTRY #88) 2022-04-08 11:54:36.430948 >> Object lightRound has been created!
(ENTRY #89) 2022-04-08 11:54:36.430948 >> Protectile #10 has been created! Type: Light
(ENTRY #90) 2022-04-08 11:54:36.430948 >> Projectile created! ID: #10
(ENTRY #91) 2022-04-08 11:54:36.430948 >> MOUSEPOS: (185.0, 328.0)
(ENTRY #92) 2022-04-08 11:54:36.430948 >> SLOPE CALC:None
(ENTRY #93) 2022-04-08 11:54:36.430948 >> LIN CALC FIN: 484.0
(ENTRY #94) 2022-04-08 11:54:36.430948 >> LIN CALC RAW: 416.0
(ENTRY #95) 2022-04-08 11:54:36.430948 >> Above!
(ENTRY #96) 2022-04-08 11:54:36.430948 >> Object lightRound has been created!
(ENTRY #97) 2022-04-08 11:54:36.430948 >> Protectile #12 has been created! Type: Light
(ENTRY #98) 2022-04-08 11:54:36.430948 >> Projectile created! ID: #12
(ENTRY #99) 2022-04-08 11:54:36.430948 >> MOUSEPOS: (173.0, 333.0)
(ENTRY #100) 2022-04-08 11:54:36.430948 >> SLOPE CALC:None
(ENTRY #101) 2022-04-08 11:54:36.430948 >> LIN CALC FIN: 462.75
(ENTRY #102) 2022-04-08 11:54:36.430948 >> LIN CALC RAW: 437.25
(ENTRY #103) 2022-04-08 11:54:36.430948 >> Above!
(ENTRY #104) 2022-04-08 11:54:36.430948 >> Object lightRound has been created!
(ENTRY #105) 2022-04-08 11:54:36.430948 >> Protectile #14 has been created! Type: Light
(ENTRY #106) 2022-04-08 11:54:36.430948 >> Projectile created! ID: #14
(ENTRY #107) 2022-04-08 11:54:36.430948 >> MOUSEPOS: (201.0, 365.0)
(ENTRY #108) 2022-04-08 11:54:36.430948 >> SLOPE CALC:None
(ENTRY #109) 2022-04-08 11:54:36.430948 >> LIN CALC FIN: 520.0
(ENTRY #110) 2022-04-08 11:54:36.430948 >> LIN CALC RAW: 380.0
(ENTRY #111) 2022-04-08 11:54:36.430948 >> Above!
(ENTRY #112) 2022-04-08 11:54:36.430948 >> Object lightRound has been created!
(ENTRY #113) 2022-04-08 11:54:36.430948 >> Protectile #16 has been created! Type: Light
(ENTRY #114) 2022-04-08 11:54:36.430948 >> Projectile created! ID: #16
(ENTRY #115) 2022-04-08 11:54:36.430948 >> MOUSEPOS: (175.0, 353.0)
(ENTRY #116) 2022-04-08 11:54:36.430948 >> SLOPE CALC:None
(ENTRY #117) 2022-04-08 11:54:36.430948 >> LIN CALC FIN: 524.0
(ENTRY #118) 2022-04-08 11:54:36.430948 >> LIN CALC RAW: 376.0
(ENTRY #119) 2022-04-08 11:54:36.430948 >> Above!
(ENTRY #120) 2022-04-08 11:54:36.430948 >> Object lightRound has been created!
(ENTRY #121) 2022-04-08 11:54:36.430948 >> Protectile #18 has been created! Type: Light
(ENTRY #122) 2022-04-08 11:54:36.430948 >> Projectile created! ID: #18
(ENTRY #123) 2022-04-08 11:54:36.599124 >> Projectile has hit!
(ENTRY #124) 2022-04-08 11:54:36.599124 >> Projectile removed!
(ENTRY #125) 2022-04-08 11:54:36.819594 >> Projectile has hit!
(ENTRY #126) 2022-04-08 11:54:36.819594 >> Projectile removed!
(ENTRY #127) 2022-04-08 11:54:37.436055 >> Projectile has hit!
(ENTRY #128) 2022-04-08 11:54:37.436055 >> Projectile removed!
(ENTRY #129) 2022-04-08 11:54:37.470974 >> Cloud created! ID: #3
(ENTRY #130) 2022-04-08 11:54:38.438058 >> MOUSEPOS: (99.29521088064335, 234.67215120163092)
(ENTRY #131) 2022-04-08 11:54:38.438058 >> SLOPE CALC:None
(ENTRY #132) 2022-04-08 11:54:38.438058 >> LIN CALC FIN: 164.67215120163087
(ENTRY #133) 2022-04-08 11:54:38.438058 >> LIN CALC RAW: 735.3278487983691
(ENTRY #134) 2022-04-08 11:54:38.438058 >> Below!
(ENTRY #135) 2022-04-08 11:54:38.438058 >> Object lightRound has been created!
(ENTRY #136) 2022-04-08 11:54:38.438058 >> Protectile #20 has been created! Type: Light
(ENTRY #137) 2022-04-08 11:54:38.438058 >> Projectile created! ID: #20
(ENTRY #138) 2022-04-08 11:54:38.438058 >> MOUSEPOS: (107.29521088064335, 216.67215120163092)
(ENTRY #139) 2022-04-08 11:54:38.438058 >> SLOPE CALC:None
(ENTRY #140) 2022-04-08 11:54:38.438058 >> LIN CALC FIN: 202.67215120163075
(ENTRY #141) 2022-04-08 11:54:38.438058 >> LIN CALC RAW: 697.3278487983692
(ENTRY #142) 2022-04-08 11:54:38.438058 >> Below!
(ENTRY #143) 2022-04-08 11:54:38.438058 >> Object lightRound has been created!
(ENTRY #144) 2022-04-08 11:54:38.439058 >> Protectile #22 has been created! Type: Light
(ENTRY #145) 2022-04-08 11:54:38.439058 >> Projectile created! ID: #22
(ENTRY #146) 2022-04-08 11:54:38.439058 >> MOUSEPOS: (102.29521088064337, 156.67215120163075)
(ENTRY #147) 2022-04-08 11:54:38.439058 >> SLOPE CALC:None
(ENTRY #148) 2022-04-08 11:54:38.439058 >> LIN CALC FIN: 190.67215120163087
(ENTRY #149) 2022-04-08 11:54:38.439058 >> LIN CALC RAW: 709.3278487983691
(ENTRY #150) 2022-04-08 11:54:38.439058 >> Above!
(ENTRY #151) 2022-04-08 11:54:38.439058 >> Object lightRound has been created!
(ENTRY #152) 2022-04-08 11:54:38.439058 >> Protectile #24 has been created! Type: Light
(ENTRY #153) 2022-04-08 11:54:38.439058 >> Projectile created! ID: #24
(ENTRY #154) 2022-04-08 11:54:38.439058 >> MOUSEPOS: (113.29521088064335, 224.67215120163092)
(ENTRY #155) 2022-04-08 11:54:38.439058 >> SLOPE CALC:None
(ENTRY #156) 2022-04-08 11:54:38.439058 >> LIN CALC FIN: 294.1439806610583
(ENTRY #157) 2022-04-08 11:54:38.439058 >> LIN CALC RAW: 605.8560193389417
(ENTRY #158) 2022-04-08 11:54:38.439058 >> Above!
(ENTRY #159) 2022-04-08 11:54:38.439058 >> Object lightRound has been created!
(ENTRY #160) 2022-04-08 11:54:38.439058 >> Protectile #26 has been created! Type: Light
(ENTRY #161) 2022-04-08 11:54:38.439058 >> Projectile created! ID: #26
(ENTRY #162) 2022-04-08 11:54:38.439058 >> MOUSEPOS: (126.29521088064335, 240.67215120163092)
(ENTRY #163) 2022-04-08 11:54:38.439058 >> SLOPE CALC:None
(ENTRY #164) 2022-04-08 11:54:38.439058 >> LIN CALC FIN: 255.8420334020973
(ENTRY #165) 2022-04-08 11:54:38.439058 >> LIN CALC RAW: 644.1579665979027
(ENTRY #166) 2022-04-08 11:54:38.439058 >> Above!
(ENTRY #167) 2022-04-08 11:54:38.439058 >> Object lightRound has been created!
(ENTRY #168) 2022-04-08 11:54:38.439058 >> Protectile #28 has been created! Type: Light
(ENTRY #169) 2022-04-08 11:54:38.439058 >> Projectile created! ID: #28
(ENTRY #170) 2022-04-08 11:54:38.439058 >> MOUSEPOS: (93.29521088064335, 249.67215120163092)
(ENTRY #171) 2022-04-08 11:54:38.439058 >> SLOPE CALC:None
(ENTRY #172) 2022-04-08 11:54:38.439058 >> LIN CALC FIN: 360.46280688340596
(ENTRY #173) 2022-04-08 11:54:38.439058 >> LIN CALC RAW: 539.537193116594
(ENTRY #174) 2022-04-08 11:54:38.439058 >> Above!
(ENTRY #175) 2022-04-08 11:54:38.439058 >> Object lightRound has been created!
(ENTRY #176) 2022-04-08 11:54:38.439058 >> Protectile #30 has been created! Type: Light
(ENTRY #177) 2022-04-08 11:54:38.439058 >> Projectile created! ID: #30
(ENTRY #178) 2022-04-08 11:54:38.439058 >> MOUSEPOS: (115.29521088064335, 216.67215120163092)
(ENTRY #179) 2022-04-08 11:54:38.439058 >> SLOPE CALC:None
(ENTRY #180) 2022-04-08 11:54:38.439058 >> LIN CALC FIN: 290.2967799636683
(ENTRY #181) 2022-04-08 11:54:38.439058 >> LIN CALC RAW: 609.7032200363317
(ENTRY #182) 2022-04-08 11:54:38.439058 >> Above!
(ENTRY #183) 2022-04-08 11:54:38.439058 >> Object lightRound has been created!
(ENTRY #184) 2022-04-08 11:54:38.439058 >> Protectile #32 has been created! Type: Light
(ENTRY #185) 2022-04-08 11:54:38.439058 >> Projectile created! ID: #32
(ENTRY #186) 2022-04-08 11:54:38.439058 >> MOUSEPOS: (92.29521088064335, 214.67215120163092)
(ENTRY #187) 2022-04-08 11:54:38.439058 >> SLOPE CALC:None
(ENTRY #188) 2022-04-08 11:54:38.439058 >> LIN CALC FIN: 300.6401966219146
(ENTRY #189) 2022-04-08 11:54:38.439058 >> LIN CALC RAW: 599.3598033780854
(ENTRY #190) 2022-04-08 11:54:38.439058 >> Above!
(ENTRY #191) 2022-04-08 11:54:38.439058 >> Object lightRound has been created!
(ENTRY #192) 2022-04-08 11:54:38.439058 >> Protectile #34 has been created! Type: Light
(ENTRY #193) 2022-04-08 11:54:38.439058 >> Projectile created! ID: #34
(ENTRY #194) 2022-04-08 11:54:38.469999 >> Cloud created! ID: #4
(ENTRY #195) 2022-04-08 11:54:38.679386 >> Projectile has hit!
(ENTRY #196) 2022-04-08 11:54:38.679386 >> Projectile removed!
(ENTRY #197) 2022-04-08 11:54:39.176129 >> Projectile removed!
(ENTRY #198) 2022-04-08 11:54:39.473874 >> Cloud created! ID: #5
(ENTRY #199) 2022-04-08 11:54:39.898840 >> Projectile removed!
(ENTRY #200) 2022-04-08 11:54:40.426467 >> Projectile removed!
(ENTRY #201) 2022-04-08 11:54:40.441513 >> MOUSEPOS: (36.31060036478242, 191.2536904409808)
(ENTRY #202) 2022-04-08 11:54:40.441513 >> SLOPE CALC:None
(ENTRY #203) 2022-04-08 11:54:40.441513 >> LIN CALC FIN: 119.32513907218754
(ENTRY #204) 2022-04-08 11:54:40.441513 >> LIN CALC RAW: 780.6748609278125
(ENTRY #205) 2022-04-08 11:54:40.441513 >> Below!
(ENTRY #206) 2022-04-08 11:54:40.441513 >> Object lightRound has been created!
(ENTRY #207) 2022-04-08 11:54:40.441513 >> Protectile #36 has been created! Type: Light
(ENTRY #208) 2022-04-08 11:54:40.441513 >> Projectile created! ID: #36
(ENTRY #209) 2022-04-08 11:54:40.441513 >> MOUSEPOS: (33.31060036478242, 217.2536904409808)
(ENTRY #210) 2022-04-08 11:54:40.441513 >> SLOPE CALC:None
(ENTRY #211) 2022-04-08 11:54:40.441513 >> LIN CALC FIN: 121.23209545265172
(ENTRY #212) 2022-04-08 11:54:40.441513 >> LIN CALC RAW: 778.7679045473483
(ENTRY #213) 2022-04-08 11:54:40.441513 >> Below!
(ENTRY #214) 2022-04-08 11:54:40.441513 >> Object lightRound has been created!
(ENTRY #215) 2022-04-08 11:54:40.441513 >> Protectile #38 has been created! Type: Light
(ENTRY #216) 2022-04-08 11:54:40.441513 >> Projectile created! ID: #38
(ENTRY #217) 2022-04-08 11:54:40.441513 >> MOUSEPOS: (73.13416351705513, 155.14870222446024)
(ENTRY #218) 2022-04-08 11:54:40.441513 >> SLOPE CALC:None
(ENTRY #219) 2022-04-08 11:54:40.441513 >> LIN CALC FIN: 132.43012728870804
(ENTRY #220) 2022-04-08 11:54:40.441513 >> LIN CALC RAW: 767.569872711292
(ENTRY #221) 2022-04-08 11:54:40.441513 >> Below!
(ENTRY #222) 2022-04-08 11:54:40.441513 >> Object lightRound has been created!
(ENTRY #223) 2022-04-08 11:54:40.441513 >> Protectile #40 has been created! Type: Light
(ENTRY #224) 2022-04-08 11:54:40.441513 >> Projectile created! ID: #40
(ENTRY #225) 2022-04-08 11:54:40.441513 >> MOUSEPOS: (36.31060036478242, 211.2536904409808)
(ENTRY #226) 2022-04-08 11:54:40.441513 >> SLOPE CALC:None
(ENTRY #227) 2022-04-08 11:54:40.441513 >> LIN CALC FIN: 290.2208133831358
(ENTRY #228) 2022-04-08 11:54:40.441513 >> LIN CALC RAW: 609.7791866168642
(ENTRY #229) 2022-04-08 11:54:40.441513 >> Above!
(ENTRY #230) 2022-04-08 11:54:40.441513 >> Object lightRound has been created!
(ENTRY #231) 2022-04-08 11:54:40.441513 >> Protectile #42 has been created! Type: Light
(ENTRY #232) 2022-04-08 11:54:40.441513 >> Projectile created! ID: #42
(ENTRY #233) 2022-04-08 11:54:40.441513 >> MOUSEPOS: (49.31060036478242, 199.2536904409808)
(ENTRY #234) 2022-04-08 11:54:40.441513 >> SLOPE CALC:None
(ENTRY #235) 2022-04-08 11:54:40.441513 >> LIN CALC FIN: -6.517726132355847
(ENTRY #236) 2022-04-08 11:54:40.441513 >> LIN CALC RAW: 906.5177261323558
(ENTRY #237) 2022-04-08 11:54:40.441513 >> Below!
(ENTRY #238) 2022-04-08 11:54:40.441513 >> Object lightRound has been created!
(ENTRY #239) 2022-04-08 11:54:40.441513 >> Protectile #44 has been created! Type: Light
(ENTRY #240) 2022-04-08 11:54:40.441513 >> Projectile created! ID: #44
(ENTRY #241) 2022-04-08 11:54:40.441513 >> MOUSEPOS: (43.31060036478242, 188.2536904409808)
(ENTRY #242) 2022-04-08 11:54:40.441513 >> SLOPE CALC:None
(ENTRY #243) 2022-04-08 11:54:40.441513 >> LIN CALC FIN: 316.82194592525195
(ENTRY #244) 2022-04-08 11:54:40.442513 >> LIN CALC RAW: 583.178054074748
(ENTRY #245) 2022-04-08 11:54:40.442513 >> Above!
(ENTRY #246) 2022-04-08 11:54:40.442513 >> Object lightRound has been created!
(ENTRY #247) 2022-04-08 11:54:40.442513 >> Protectile #46 has been created! Type: Light
(ENTRY #248) 2022-04-08 11:54:40.442513 >> Projectile created! ID: #46
(ENTRY #249) 2022-04-08 11:54:40.442513 >> MOUSEPOS: (63.31060036478242, 211.2536904409808)
(ENTRY #250) 2022-04-08 11:54:40.442513 >> SLOPE CALC:None
(ENTRY #251) 2022-04-08 11:54:40.442513 >> LIN CALC FIN: 58.27117741332279
(ENTRY #252) 2022-04-08 11:54:40.442513 >> LIN CALC RAW: 841.7288225866772
(ENTRY #253) 2022-04-08 11:54:40.442513 >> Below!
(ENTRY #254) 2022-04-08 11:54:40.442513 >> Object lightRound has been created!
(ENTRY #255) 2022-04-08 11:54:40.442513 >> Protectile #48 has been created! Type: Light
(ENTRY #256) 2022-04-08 11:54:40.442513 >> Projectile created! ID: #48
(ENTRY #257) 2022-04-08 11:54:40.442513 >> MOUSEPOS: (33.31060036478242, 175.2536904409808)
(ENTRY #258) 2022-04-08 11:54:40.442513 >> SLOPE CALC:None
(ENTRY #259) 2022-04-08 11:54:40.442513 >> LIN CALC FIN: 238.6309737092265
(ENTRY #260) 2022-04-08 11:54:40.442513 >> LIN CALC RAW: 661.3690262907735
(ENTRY #261) 2022-04-08 11:54:40.442513 >> Above!
(ENTRY #262) 2022-04-08 11:54:40.442513 >> Object lightRound has been created!
(ENTRY #263) 2022-04-08 11:54:40.442513 >> Protectile #50 has been created! Type: Light
(ENTRY #264) 2022-04-08 11:54:40.442513 >> Projectile created! ID: #50
(ENTRY #265) 2022-04-08 11:54:40.564657 >> Cloud created! ID: #6
(ENTRY #266) 2022-04-08 11:54:40.610221 >> Projectile removed!
(ENTRY #267) 2022-04-08 11:54:40.640219 >> Projectile has hit!
(ENTRY #268) 2022-04-08 11:54:40.640219 >> Projectile removed!
(ENTRY #269) 2022-04-08 11:54:40.703243 >> Dumb-AI Entity created!
(ENTRY #270) 2022-04-08 11:54:40.704243 >> Dumb-AI Entity created!
(ENTRY #271) 2022-04-08 11:54:41.034934 >> Projectile removed!
(ENTRY #272) 2022-04-08 11:54:41.064279 >> Projectile removed!
(ENTRY #273) 2022-04-08 11:54:41.497545 >> Projectile removed!
(ENTRY #274) 2022-04-08 11:54:41.572470 >> Cloud created! ID: #7
(ENTRY #275) 2022-04-08 11:54:41.707668 >> Projectile removed!
(ENTRY #276) 2022-04-08 11:54:41.870213 >> Projectile removed!
(ENTRY #277) 2022-04-08 11:54:42.385331 >> Projectile removed!
(ENTRY #278) 2022-04-08 11:54:42.444752 >> MOUSEPOS: (360.0494311225328, 577.2354865349951)
(ENTRY #279) 2022-04-08 11:54:42.444752 >> SLOPE CALC:None
(ENTRY #280) 2022-04-08 11:54:42.444752 >> LIN CALC FIN: 370.2535545710916
(ENTRY #281) 2022-04-08 11:54:42.444752 >> LIN CALC RAW: 529.7464454289084
(ENTRY #282) 2022-04-08 11:54:42.444752 >> Below!
(ENTRY #283) 2022-04-08 11:54:42.444752 >> Object lightRound has been created!
(ENTRY #284) 2022-04-08 11:54:42.444752 >> Protectile #52 has been created! Type: Light
(ENTRY #285) 2022-04-08 11:54:42.444752 >> Projectile created! ID: #52
(ENTRY #286) 2022-04-08 11:54:42.444752 >> MOUSEPOS: (326.0494311225328, 613.2354865349951)
(ENTRY #287) 2022-04-08 11:54:42.444752 >> SLOPE CALC:None
(ENTRY #288) 2022-04-08 11:54:42.444752 >> LIN CALC FIN: 340.4333596589895
(ENTRY #289) 2022-04-08 11:54:42.444752 >> LIN CALC RAW: 559.5666403410105
(ENTRY #290) 2022-04-08 11:54:42.444752 >> Below!
(ENTRY #291) 2022-04-08 11:54:42.444752 >> Object lightRound has been created!
(ENTRY #292) 2022-04-08 11:54:42.444752 >> Protectile #54 has been created! Type: Light
(ENTRY #293) 2022-04-08 11:54:42.444752 >> Projectile created! ID: #54
(ENTRY #294) 2022-04-08 11:54:42.444752 >> MOUSEPOS: (316.0494311225328, 573.2354865349951)
(ENTRY #295) 2022-04-08 11:54:42.444752 >> SLOPE CALC:None
(ENTRY #296) 2022-04-08 11:54:42.444752 >> LIN CALC FIN: 606.200420650316
(ENTRY #297) 2022-04-08 11:54:42.444752 >> LIN CALC RAW: 293.799579349684
(ENTRY #298) 2022-04-08 11:54:42.444752 >> Above!
(ENTRY #299) 2022-04-08 11:54:42.444752 >> Object lightRound has been created!
(ENTRY #300) 2022-04-08 11:54:42.444752 >> Protectile #56 has been created! Type: Light
(ENTRY #301) 2022-04-08 11:54:42.444752 >> Projectile created! ID: #56
(ENTRY #302) 2022-04-08 11:54:42.444752 >> MOUSEPOS: (315.0494311225328, 593.2354865349951)
(ENTRY #303) 2022-04-08 11:54:42.444752 >> SLOPE CALC:None
(ENTRY #304) 2022-04-08 11:54:42.444752 >> LIN CALC FIN: 225.53672542039135
(ENTRY #305) 2022-04-08 11:54:42.444752 >> LIN CALC RAW: 674.4632745796087
(ENTRY #306) 2022-04-08 11:54:42.444752 >> Below!
(ENTRY #307) 2022-04-08 11:54:42.444752 >> Object lightRound has been created!
(ENTRY #308) 2022-04-08 11:54:42.444752 >> Protectile #58 has been created! Type: Light
(ENTRY #309) 2022-04-08 11:54:42.444752 >> Projectile created! ID: #58
(ENTRY #310) 2022-04-08 11:54:42.444752 >> MOUSEPOS: (336.28287648638866, 663.2631166145974)
(ENTRY #311) 2022-04-08 11:54:42.444752 >> SLOPE CALC:None
(ENTRY #312) 2022-04-08 11:54:42.444752 >> LIN CALC FIN: 640.6650019757399
(ENTRY #313) 2022-04-08 11:54:42.444752 >> LIN CALC RAW: 259.33499802426013
(ENTRY #314) 2022-04-08 11:54:42.444752 >> Below!
(ENTRY #315) 2022-04-08 11:54:42.444752 >> Object lightRound has been created!
(ENTRY #316) 2022-04-08 11:54:42.444752 >> Protectile #60 has been created! Type: Light
(ENTRY #317) 2022-04-08 11:54:42.444752 >> Projectile created! ID: #60
(ENTRY #318) 2022-04-08 11:54:42.444752 >> MOUSEPOS: (361.0494311225328, 576.2354865349951)
(ENTRY #319) 2022-04-08 11:54:42.445749 >> SLOPE CALC:None
(ENTRY #320) 2022-04-08 11:54:42.445749 >> LIN CALC FIN: 311.3419066688016
(ENTRY #321) 2022-04-08 11:54:42.445749 >> LIN CALC RAW: 588.6580933311984
(ENTRY #322) 2022-04-08 11:54:42.445749 >> Below!
(ENTRY #323) 2022-04-08 11:54:42.445749 >> Object lightRound has been created!
(ENTRY #324) 2022-04-08 11:54:42.445749 >> Protectile #62 has been created! Type: Light
(ENTRY #325) 2022-04-08 11:54:42.445749 >> Projectile created! ID: #62
(ENTRY #326) 2022-04-08 11:54:42.445749 >> MOUSEPOS: (351.0494311225328, 619.2354865349951)
(ENTRY #327) 2022-04-08 11:54:42.445749 >> SLOPE CALC:None
(ENTRY #328) 2022-04-08 11:54:42.445749 >> LIN CALC FIN: 508.8207031147199
(ENTRY #329) 2022-04-08 11:54:42.445749 >> LIN CALC RAW: 391.1792968852801
(ENTRY #330) 2022-04-08 11:54:42.445749 >> Below!
(ENTRY #331) 2022-04-08 11:54:42.445749 >> Object lightRound has been created!
(ENTRY #332) 2022-04-08 11:54:42.445749 >> Protectile #64 has been created! Type: Light
(ENTRY #333) 2022-04-08 11:54:42.445749 >> Projectile created! ID: #64
(ENTRY #334) 2022-04-08 11:54:42.445749 >> MOUSEPOS: (351.69378956912607, 666.0759150584773)
(ENTRY #335) 2022-04-08 11:54:42.445749 >> SLOPE CALC:None
(ENTRY #336) 2022-04-08 11:54:42.445749 >> LIN CALC FIN: 611.8798449815883
(ENTRY #337) 2022-04-08 11:54:42.445749 >> LIN CALC RAW: 288.12015501841165
(ENTRY #338) 2022-04-08 11:54:42.445749 >> Below!
(ENTRY #339) 2022-04-08 11:54:42.445749 >> Object lightRound has been created!
(ENTRY #340) 2022-04-08 11:54:42.445749 >> Protectile #66 has been created! Type: Light
(ENTRY #341) 2022-04-08 11:54:42.445749 >> Projectile created! ID: #66
(ENTRY #342) 2022-04-08 11:54:42.445749 >> MOUSEPOS: (378.69378956912607, 649.0759150584773)
(ENTRY #343) 2022-04-08 11:54:42.445749 >> SLOPE CALC:None
(ENTRY #344) 2022-04-08 11:54:42.445749 >> LIN CALC FIN: 668.6740296973348
(ENTRY #345) 2022-04-08 11:54:42.445749 >> LIN CALC RAW: 231.32597030266516
(ENTRY #346) 2022-04-08 11:54:42.445749 >> Above!
(ENTRY #347) 2022-04-08 11:54:42.445749 >> Object lightRound has been created!
(ENTRY #348) 2022-04-08 11:54:42.445749 >> Protectile #68 has been created! Type: Light
(ENTRY #349) 2022-04-08 11:54:42.445749 >> Projectile created! ID: #68
(ENTRY #350) 2022-04-08 11:54:42.460883 >> Projectile has hit!
(ENTRY #351) 2022-04-08 11:54:42.460883 >> Projectile has hit!
(ENTRY #352) 2022-04-08 11:54:42.460883 >> Projectile removed!
(ENTRY #353) 2022-04-08 11:54:42.460883 >> Projectile removed!
(ENTRY #354) 2022-04-08 11:54:42.490926 >> Projectile removed!
(ENTRY #355) 2022-04-08 11:54:42.595736 >> Cloud created! ID: #8
(ENTRY #356) 2022-04-08 11:54:42.746729 >> Projectile has hit!
(ENTRY #357) 2022-04-08 11:54:42.746729 >> Projectile removed!
(ENTRY #358) 2022-04-08 11:54:42.836447 >> Projectile removed!
(ENTRY #359) 2022-04-08 11:54:43.195751 >> Projectile removed!
(ENTRY #360) 2022-04-08 11:54:43.402183 >> Projectile removed!
(ENTRY #361) 2022-04-08 11:54:43.459182 >> Projectile removed!
(ENTRY #362) 2022-04-08 11:54:43.487183 >> Projectile removed!
(ENTRY #363) 2022-04-08 11:54:43.631299 >> Cloud created! ID: #9
(ENTRY #364) 2022-04-08 11:54:43.869592 >> Projectile has hit!
(ENTRY #365) 2022-04-08 11:54:43.869592 >> Projectile removed!
(ENTRY #366) 2022-04-08 11:54:44.284031 >> Projectile removed!
(ENTRY #367) 2022-04-08 11:54:44.314061 >> Projectile removed!
(ENTRY #368) 2022-04-08 11:54:44.446710 >> MOUSEPOS: (410.054894449505, 525.1605640863578)
(ENTRY #369) 2022-04-08 11:54:44.446710 >> SLOPE CALC:None
(ENTRY #370) 2022-04-08 11:54:44.446710 >> LIN CALC FIN: 282.7678740851163
(ENTRY #371) 2022-04-08 11:54:44.446710 >> LIN CALC RAW: 617.2321259148837
(ENTRY #372) 2022-04-08 11:54:44.446710 >> Below!
(ENTRY #373) 2022-04-08 11:54:44.446710 >> Object lightRound has been created!
(ENTRY #374) 2022-04-08 11:54:44.446710 >> Protectile #70 has been created! Type: Light
(ENTRY #375) 2022-04-08 11:54:44.446710 >> Projectile created! ID: #70
(ENTRY #376) 2022-04-08 11:54:44.446710 >> MOUSEPOS: (437.054894449505, 488.1605640863578)
(ENTRY #377) 2022-04-08 11:54:44.446710 >> SLOPE CALC:None
(ENTRY #378) 2022-04-08 11:54:44.446710 >> LIN CALC FIN: 328.6323386960096
(ENTRY #379) 2022-04-08 11:54:44.446710 >> LIN CALC RAW: 571.3676613039904
(ENTRY #380) 2022-04-08 11:54:44.446710 >> Below!
(ENTRY #381) 2022-04-08 11:54:44.446710 >> Object lightRound has been created!
(ENTRY #382) 2022-04-08 11:54:44.446710 >> Protectile #72 has been created! Type: Light
(ENTRY #383) 2022-04-08 11:54:44.446710 >> Projectile created! ID: #72
(ENTRY #384) 2022-04-08 11:54:44.446710 >> MOUSEPOS: (438.054894449505, 493.1605640863578)
(ENTRY #385) 2022-04-08 11:54:44.446710 >> SLOPE CALC:None
(ENTRY #386) 2022-04-08 11:54:44.446710 >> LIN CALC FIN: 747.0281771583495
(ENTRY #387) 2022-04-08 11:54:44.446710 >> LIN CALC RAW: 152.97182284165046
(ENTRY #388) 2022-04-08 11:54:44.446710 >> Above!
(ENTRY #389) 2022-04-08 11:54:44.446710 >> Object lightRound has been created!
(ENTRY #390) 2022-04-08 11:54:44.446710 >> Protectile #74 has been created! Type: Light
(ENTRY #391) 2022-04-08 11:54:44.446710 >> Projectile created! ID: #74
(ENTRY #392) 2022-04-08 11:54:44.446710 >> MOUSEPOS: (415.054894449505, 504.1605640863578)
(ENTRY #393) 2022-04-08 11:54:44.446710 >> SLOPE CALC:None
(ENTRY #394) 2022-04-08 11:54:44.446710 >> LIN CALC FIN: 219.61684284674686
(ENTRY #395) 2022-04-08 11:54:44.446710 >> LIN CALC RAW: 680.3831571532531
(ENTRY #396) 2022-04-08 11:54:44.446710 >> Below!
(ENTRY #397) 2022-04-08 11:54:44.446710 >> Object lightRound has been created!
(ENTRY #398) 2022-04-08 11:54:44.446710 >> Protectile #76 has been created! Type: Light
(ENTRY #399) 2022-04-08 11:54:44.446710 >> Projectile created! ID: #76
(ENTRY #400) 2022-04-08 11:54:44.446710 >> MOUSEPOS: (459.874046493794, 549.5869876500063)
(ENTRY #401) 2022-04-08 11:54:44.446710 >> SLOPE CALC:None
(ENTRY #402) 2022-04-08 11:54:44.446710 >> LIN CALC FIN: 468.39209463581994
(ENTRY #403) 2022-04-08 11:54:44.446710 >> LIN CALC RAW: 431.60790536418006
(ENTRY #404) 2022-04-08 11:54:44.446710 >> Below!
(ENTRY #405) 2022-04-08 11:54:44.446710 >> Object lightRound has been created!
(ENTRY #406) 2022-04-08 11:54:44.447709 >> Protectile #78 has been created! Type: Light
(ENTRY #407) 2022-04-08 11:54:44.447709 >> Projectile created! ID: #78
(ENTRY #408) 2022-04-08 11:54:44.447709 >> MOUSEPOS: (414.054894449505, 488.1605640863578)
(ENTRY #409) 2022-04-08 11:54:44.447709 >> SLOPE CALC:None
(ENTRY #410) 2022-04-08 11:54:44.447709 >> LIN CALC FIN: 242.6424314800597
(ENTRY #411) 2022-04-08 11:54:44.447709 >> LIN CALC RAW: 657.3575685199403
(ENTRY #412) 2022-04-08 11:54:44.447709 >> Below!
(ENTRY #413) 2022-04-08 11:54:44.447709 >> Object lightRound has been created!
(ENTRY #414) 2022-04-08 11:54:44.447709 >> Protectile #80 has been created! Type: Light
(ENTRY #415) 2022-04-08 11:54:44.447709 >> Projectile created! ID: #80
(ENTRY #416) 2022-04-08 11:54:44.447709 >> MOUSEPOS: (416.054894449505, 518.1605640863578)
(ENTRY #417) 2022-04-08 11:54:44.447709 >> SLOPE CALC:None
(ENTRY #418) 2022-04-08 11:54:44.447709 >> LIN CALC FIN: 575.1882469433465
(ENTRY #419) 2022-04-08 11:54:44.447709 >> LIN CALC RAW: 324.8117530566535
(ENTRY #420) 2022-04-08 11:54:44.447709 >> Above!
(ENTRY #421) 2022-04-08 11:54:44.447709 >> Object lightRound has been created!
(ENTRY #422) 2022-04-08 11:54:44.447709 >> Protectile #82 has been created! Type: Light
(ENTRY #423) 2022-04-08 11:54:44.447709 >> Projectile created! ID: #82
(ENTRY #424) 2022-04-08 11:54:44.447709 >> MOUSEPOS: (314.510619373122, 658.7555217564919)
(ENTRY #425) 2022-04-08 11:54:44.447709 >> SLOPE CALC:None
(ENTRY #426) 2022-04-08 11:54:44.447709 >> LIN CALC FIN: 570.7048391627409
(ENTRY #427) 2022-04-08 11:54:44.447709 >> LIN CALC RAW: 329.2951608372591
(ENTRY #428) 2022-04-08 11:54:44.447709 >> Below!
(ENTRY #429) 2022-04-08 11:54:44.447709 >> Object lightRound has been created!
(ENTRY #430) 2022-04-08 11:54:44.447709 >> Protectile #84 has been created! Type: Light
(ENTRY #431) 2022-04-08 11:54:44.447709 >> Projectile created! ID: #84
(ENTRY #432) 2022-04-08 11:54:44.447709 >> MOUSEPOS: (300.510619373122, 636.7555217564919)
(ENTRY #433) 2022-04-08 11:54:44.447709 >> SLOPE CALC:None
(ENTRY #434) 2022-04-08 11:54:44.447709 >> LIN CALC FIN: 655.9504147706784
(ENTRY #435) 2022-04-08 11:54:44.447709 >> LIN CALC RAW: 244.04958522932156
(ENTRY #436) 2022-04-08 11:54:44.447709 >> Above!
(ENTRY #437) 2022-04-08 11:54:44.447709 >> Object lightRound has been created!
(ENTRY #438) 2022-04-08 11:54:44.447709 >> Protectile #86 has been created! Type: Light
(ENTRY #439) 2022-04-08 11:54:44.447709 >> Projectile created! ID: #86
(ENTRY #440) 2022-04-08 11:54:44.661665 >> Cloud created! ID: #10
(ENTRY #441) 2022-04-08 11:54:45.210173 >> Projectile removed!
(ENTRY #442) 2022-04-08 11:54:45.395081 >> Projectile has hit!
(ENTRY #443) 2022-04-08 11:54:45.395081 >> Projectile removed!
(ENTRY #444) 2022-04-08 11:54:45.666493 >> Cloud created! ID: #11
(ENTRY #445) 2022-04-08 11:54:45.801884 >> Projectile removed!
(ENTRY #446) 2022-04-08 11:54:45.939837 >> Projectile has hit!
(ENTRY #447) 2022-04-08 11:54:45.939837 >> Projectile removed!
(ENTRY #448) 2022-04-08 11:54:46.016834 >> Projectile has hit!
(ENTRY #449) 2022-04-08 11:54:46.017833 >> Projectile removed!
(ENTRY #450) 2022-04-08 11:54:46.457175 >> MOUSEPOS: (470.3187494976705, 392.63231383427046)
(ENTRY #451) 2022-04-08 11:54:46.457175 >> SLOPE CALC:None
(ENTRY #452) 2022-04-08 11:54:46.457175 >> LIN CALC FIN: 309.1972153827819
(ENTRY #453) 2022-04-08 11:54:46.457175 >> LIN CALC RAW: 590.8027846172181
(ENTRY #454) 2022-04-08 11:54:46.457175 >> Below!
(ENTRY #455) 2022-04-08 11:54:46.457175 >> Object lightRound has been created!
(ENTRY #456) 2022-04-08 11:54:46.457175 >> Protectile #88 has been created! Type: Light
(ENTRY #457) 2022-04-08 11:54:46.457175 >> Projectile created! ID: #88
(ENTRY #458) 2022-04-08 11:54:46.457175 >> MOUSEPOS: (455.3187494976705, 367.63231383427046)
(ENTRY #459) 2022-04-08 11:54:46.457175 >> SLOPE CALC:None
(ENTRY #460) 2022-04-08 11:54:46.457175 >> LIN CALC FIN: 408.8097114252589
(ENTRY #461) 2022-04-08 11:54:46.457175 >> LIN CALC RAW: 491.1902885747411
(ENTRY #462) 2022-04-08 11:54:46.457175 >> Above!
(ENTRY #463) 2022-04-08 11:54:46.457175 >> Object lightRound has been created!
(ENTRY #464) 2022-04-08 11:54:46.457175 >> Protectile #90 has been created! Type: Light
(ENTRY #465) 2022-04-08 11:54:46.457175 >> Projectile created! ID: #90
(ENTRY #466) 2022-04-08 11:54:46.457175 >> MOUSEPOS: (500.3187494976705, 410.63231383427046)
(ENTRY #467) 2022-04-08 11:54:46.457175 >> SLOPE CALC:None
(ENTRY #468) 2022-04-08 11:54:46.457175 >> LIN CALC FIN: 659.0060493151545
(ENTRY #469) 2022-04-08 11:54:46.457175 >> LIN CALC RAW: 240.99395068484546
(ENTRY #470) 2022-04-08 11:54:46.457175 >> Above!
(ENTRY #471) 2022-04-08 11:54:46.457175 >> Object lightRound has been created!
(ENTRY #472) 2022-04-08 11:54:46.458175 >> Protectile #92 has been created! Type: Light
(ENTRY #473) 2022-04-08 11:54:46.458175 >> Projectile created! ID: #92
(ENTRY #474) 2022-04-08 11:54:46.458175 >> MOUSEPOS: (453.3187494976705, 388.63231383427046)
(ENTRY #475) 2022-04-08 11:54:46.458175 >> SLOPE CALC:None
(ENTRY #476) 2022-04-08 11:54:46.458175 >> LIN CALC FIN: 356.0518199651433
(ENTRY #477) 2022-04-08 11:54:46.458175 >> LIN CALC RAW: 543.9481800348567
(ENTRY #478) 2022-04-08 11:54:46.458175 >> Below!
(ENTRY #479) 2022-04-08 11:54:46.458175 >> Object lightRound has been created!
(ENTRY #480) 2022-04-08 11:54:46.458175 >> Protectile #94 has been created! Type: Light
(ENTRY #481) 2022-04-08 11:54:46.458175 >> Projectile created! ID: #94
(ENTRY #482) 2022-04-08 11:54:46.458175 >> MOUSEPOS: (518.1279405022939, 439.6506866508222)
(ENTRY #483) 2022-04-08 11:54:46.458175 >> SLOPE CALC:None
(ENTRY #484) 2022-04-08 11:54:46.458175 >> LIN CALC FIN: 364.5184873917309
(ENTRY #485) 2022-04-08 11:54:46.458175 >> LIN CALC RAW: 535.4815126082691
(ENTRY #486) 2022-04-08 11:54:46.458175 >> Below!
(ENTRY #487) 2022-04-08 11:54:46.458175 >> Object lightRound has been created!
(ENTRY #488) 2022-04-08 11:54:46.458175 >> Protectile #96 has been created! Type: Light
(ENTRY #489) 2022-04-08 11:54:46.458175 >> Projectile created! ID: #96
(ENTRY #490) 2022-04-08 11:54:46.458175 >> MOUSEPOS: (456.3187494976705, 415.63231383427046)
(ENTRY #491) 2022-04-08 11:54:46.458175 >> SLOPE CALC:None
(ENTRY #492) 2022-04-08 11:54:46.458175 >> LIN CALC FIN: 188.83324799731975
(ENTRY #493) 2022-04-08 11:54:46.458175 >> LIN CALC RAW: 711.1667520026803
(ENTRY #494) 2022-04-08 11:54:46.458175 >> Below!
(ENTRY #495) 2022-04-08 11:54:46.458175 >> Object lightRound has been created!
(ENTRY #496) 2022-04-08 11:54:46.458175 >> Protectile #98 has been created! Type: Light
(ENTRY #497) 2022-04-08 11:54:46.458175 >> Projectile created! ID: #98
(ENTRY #498) 2022-04-08 11:54:46.458175 >> MOUSEPOS: (488.3187494976705, 395.63231383427046)
(ENTRY #499) 2022-04-08 11:54:46.458175 >> SLOPE CALC:None
(ENTRY #500) 2022-04-08 11:54:46.458175 >> LIN CALC FIN: 659.9466543767414
(ENTRY #501) 2022-04-08 11:54:46.458175 >> LIN CALC RAW: 240.05334562325856
(ENTRY #502) 2022-04-08 11:54:46.458175 >> Above!
(ENTRY #503) 2022-04-08 11:54:46.458175 >> Object lightRound has been created!
(ENTRY #504) 2022-04-08 11:54:46.458175 >> Protectile #100 has been created! Type: Light
(ENTRY #505) 2022-04-08 11:54:46.458175 >> Projectile created! ID: #100
(ENTRY #506) 2022-04-08 11:54:46.458175 >> MOUSEPOS: (590.7255959779732, 231.64497348484068)
(ENTRY #507) 2022-04-08 11:54:46.458175 >> SLOPE CALC:None
(ENTRY #508) 2022-04-08 11:54:46.458175 >> LIN CALC FIN: 226.22546735396782
(ENTRY #509) 2022-04-08 11:54:46.458175 >> LIN CALC RAW: 673.7745326460322
(ENTRY #510) 2022-04-08 11:54:46.458175 >> Below!
(ENTRY #511) 2022-04-08 11:54:46.458175 >> Object lightRound has been created!
(ENTRY #512) 2022-04-08 11:54:46.458175 >> Protectile #102 has been created! Type: Light
(ENTRY #513) 2022-04-08 11:54:46.458175 >> Projectile created! ID: #102
(ENTRY #514) 2022-04-08 11:54:46.458175 >> MOUSEPOS: (625.7255959779732, 265.64497348484065)
(ENTRY #515) 2022-04-08 11:54:46.458175 >> SLOPE CALC:None
(ENTRY #516) 2022-04-08 11:54:46.458175 >> LIN CALC FIN: 261.0530311751429
(ENTRY #517) 2022-04-08 11:54:46.458175 >> LIN CALC RAW: 638.9469688248571
(ENTRY #518) 2022-04-08 11:54:46.458175 >> Below!
(ENTRY #519) 2022-04-08 11:54:46.458175 >> Object lightRound has been created!
(ENTRY #520) 2022-04-08 11:54:46.459174 >> Protectile #104 has been created! Type: Light
(ENTRY #521) 2022-04-08 11:54:46.459174 >> Projectile created! ID: #104
(ENTRY #522) 2022-04-08 11:54:46.554102 >> MOUSEPOS: (532, 318)
(ENTRY #523) 2022-04-08 11:54:46.554102 >> SLOPE CALC:None
(ENTRY #524) 2022-04-08 11:54:46.554102 >> LIN CALC FIN: 3.7344513024880825
(ENTRY #525) 2022-04-08 11:54:46.554102 >> LIN CALC RAW: 896.2655486975119
(ENTRY #526) 2022-04-08 11:54:46.554102 >> Below!
(ENTRY #527) 2022-04-08 11:54:46.554102 >> Object lightRound has been created!
(ENTRY #528) 2022-04-08 11:54:46.554102 >> Protectile #106 has been created! Type: Light
(ENTRY #529) 2022-04-08 11:54:46.554102 >> Projectile created! ID: #106
(ENTRY #530) 2022-04-08 11:54:46.728660 >> Cloud created! ID: #12
(ENTRY #531) 2022-04-08 11:54:47.353890 >> MOUSEPOS: (465, 224)
(ENTRY #532) 2022-04-08 11:54:47.353890 >> SLOPE CALC:None
(ENTRY #533) 2022-04-08 11:54:47.353890 >> LIN CALC FIN: 64.49307572350529
(ENTRY #534) 2022-04-08 11:54:47.353890 >> LIN CALC RAW: 835.5069242764947
(ENTRY #535) 2022-04-08 11:54:47.353890 >> Below!
(ENTRY #536) 2022-04-08 11:54:47.353890 >> Projectile has hit!
(ENTRY #537) 2022-04-08 11:54:47.353890 >> Projectile removed!
(ENTRY #538) 2022-04-08 11:54:47.447980 >> Projectile has hit!
(ENTRY #539) 2022-04-08 11:54:47.447980 >> Projectile removed!
(ENTRY #540) 2022-04-08 11:54:47.559345 >> MOUSEPOS: (465, 224)
(ENTRY #541) 2022-04-08 11:54:47.559345 >> SLOPE CALC:None
(ENTRY #542) 2022-04-08 11:54:47.559345 >> LIN CALC FIN: 63.381303919514494
(ENTRY #543) 2022-04-08 11:54:47.559345 >> LIN CALC RAW: 836.6186960804855
(ENTRY #544) 2022-04-08 11:54:47.559345 >> Below!
(ENTRY #545) 2022-04-08 11:54:47.559345 >> Object lightRound has been created!
(ENTRY #546) 2022-04-08 11:54:47.559345 >> Protectile #108 has been created! Type: Light
(ENTRY #547) 2022-04-08 11:54:47.559345 >> Projectile created! ID: #108
(ENTRY #548) 2022-04-08 11:54:47.623951 >> Projectile removed!
(ENTRY #549) 2022-04-08 11:54:47.639402 >> Projectile removed!
(ENTRY #550) 2022-04-08 11:54:47.751819 >> MOUSEPOS: (465, 224)
(ENTRY #551) 2022-04-08 11:54:47.751819 >> SLOPE CALC:None
(ENTRY #552) 2022-04-08 11:54:47.751819 >> LIN CALC FIN: 62.580948576974606
(ENTRY #553) 2022-04-08 11:54:47.751819 >> LIN CALC RAW: 837.4190514230254
(ENTRY #554) 2022-04-08 11:54:47.751819 >> Below!
(ENTRY #555) 2022-04-08 11:54:47.830238 >> Cloud created! ID: #13
(ENTRY #556) 2022-04-08 11:54:47.925924 >> Projectile has hit!
(ENTRY #557) 2022-04-08 11:54:47.925924 >> Projectile removed!
(ENTRY #558) 2022-04-08 11:54:47.973010 >> MOUSEPOS: (465, 224)
(ENTRY #559) 2022-04-08 11:54:47.973010 >> SLOPE CALC:None
(ENTRY #560) 2022-04-08 11:54:47.973010 >> LIN CALC FIN: 61.924273734959115
(ENTRY #561) 2022-04-08 11:54:47.973010 >> LIN CALC RAW: 838.0757262650409
(ENTRY #562) 2022-04-08 11:54:47.973010 >> Below!
(ENTRY #563) 2022-04-08 11:54:48.067191 >> Projectile removed!
(ENTRY #564) 2022-04-08 11:54:48.281639 >> Projectile has hit!
(ENTRY #565) 2022-04-08 11:54:48.281639 >> Projectile removed!
(ENTRY #566) 2022-04-08 11:54:48.460517 >> MOUSEPOS: (417.87912210492414, 367.4496273650034)
(ENTRY #567) 2022-04-08 11:54:48.460517 >> SLOPE CALC:None
(ENTRY #568) 2022-04-08 11:54:48.460517 >> LIN CALC FIN: 257.4194976932149
(ENTRY #569) 2022-04-08 11:54:48.460517 >> LIN CALC RAW: 642.5805023067851
(ENTRY #570) 2022-04-08 11:54:48.460517 >> Below!
(ENTRY #571) 2022-04-08 11:54:48.460517 >> Object lightRound has been created!
(ENTRY #572) 2022-04-08 11:54:48.460517 >> Protectile #110 has been created! Type: Light
(ENTRY #573) 2022-04-08 11:54:48.460517 >> Projectile created! ID: #110
(ENTRY #574) 2022-04-08 11:54:48.460517 >> MOUSEPOS: (416.87912210492414, 333.4496273650034)
(ENTRY #575) 2022-04-08 11:54:48.460517 >> SLOPE CALC:None
(ENTRY #576) 2022-04-08 11:54:48.460517 >> LIN CALC FIN: 351.0628486462715
(ENTRY #577) 2022-04-08 11:54:48.460517 >> LIN CALC RAW: 548.9371513537285
(ENTRY #578) 2022-04-08 11:54:48.460517 >> Above!
(ENTRY #579) 2022-04-08 11:54:48.460517 >> Object lightRound has been created!
(ENTRY #580) 2022-04-08 11:54:48.460517 >> Protectile #112 has been created! Type: Light
(ENTRY #581) 2022-04-08 11:54:48.460517 >> Projectile created! ID: #112
(ENTRY #582) 2022-04-08 11:54:48.460517 >> MOUSEPOS: (395.87912210492414, 343.4496273650034)
(ENTRY #583) 2022-04-08 11:54:48.460517 >> SLOPE CALC:None
(ENTRY #584) 2022-04-08 11:54:48.460517 >> LIN CALC FIN: 383.10359573962796
(ENTRY #585) 2022-04-08 11:54:48.460517 >> LIN CALC RAW: 516.896404260372
(ENTRY #586) 2022-04-08 11:54:48.460517 >> Above!
(ENTRY #587) 2022-04-08 11:54:48.460517 >> Object lightRound has been created!
(ENTRY #588) 2022-04-08 11:54:48.460517 >> Protectile #114 has been created! Type: Light
(ENTRY #589) 2022-04-08 11:54:48.460517 >> Projectile created! ID: #114
(ENTRY #590) 2022-04-08 11:54:48.460517 >> MOUSEPOS: (427.87912210492414, 371.4496273650034)
(ENTRY #591) 2022-04-08 11:54:48.460517 >> SLOPE CALC:None
(ENTRY #592) 2022-04-08 11:54:48.460517 >> LIN CALC FIN: 468.89197016957337
(ENTRY #593) 2022-04-08 11:54:48.460517 >> LIN CALC RAW: 431.10802983042663
(ENTRY #594) 2022-04-08 11:54:48.460517 >> Above!
(ENTRY #595) 2022-04-08 11:54:48.460517 >> Object lightRound has been created!
(ENTRY #596) 2022-04-08 11:54:48.460517 >> Protectile #116 has been created! Type: Light
(ENTRY #597) 2022-04-08 11:54:48.460517 >> Projectile created! ID: #116
(ENTRY #598) 2022-04-08 11:54:48.460517 >> MOUSEPOS: (411.87912210492414, 362.4496273650034)
(ENTRY #599) 2022-04-08 11:54:48.460517 >> SLOPE CALC:None
(ENTRY #600) 2022-04-08 11:54:48.460517 >> LIN CALC FIN: 430.5102112532103
(ENTRY #601) 2022-04-08 11:54:48.460517 >> LIN CALC RAW: 469.4897887467897
(ENTRY #602) 2022-04-08 11:54:48.460517 >> Above!
(ENTRY #603) 2022-04-08 11:54:48.460517 >> Object lightRound has been created!
(ENTRY #604) 2022-04-08 11:54:48.460517 >> Protectile #118 has been created! Type: Light
(ENTRY #605) 2022-04-08 11:54:48.460517 >> Projectile created! ID: #118
(ENTRY #606) 2022-04-08 11:54:48.460517 >> MOUSEPOS: (398.87912210492414, 345.4496273650034)
(ENTRY #607) 2022-04-08 11:54:48.460517 >> SLOPE CALC:None
(ENTRY #608) 2022-04-08 11:54:48.460517 >> LIN CALC FIN: 234.8985914613179
(ENTRY #609) 2022-04-08 11:54:48.460517 >> LIN CALC RAW: 665.1014085386821
(ENTRY #610) 2022-04-08 11:54:48.460517 >> Below!
(ENTRY #611) 2022-04-08 11:54:48.460517 >> Object lightRound has been created!
(ENTRY #612) 2022-04-08 11:54:48.460517 >> Protectile #120 has been created! Type: Light
(ENTRY #613) 2022-04-08 11:54:48.460517 >> Projectile created! ID: #120
(ENTRY #614) 2022-04-08 11:54:48.460517 >> MOUSEPOS: (391.87912210492414, 349.4496273650034)
(ENTRY #615) 2022-04-08 11:54:48.460517 >> SLOPE CALC:None
(ENTRY #616) 2022-04-08 11:54:48.460517 >> LIN CALC FIN: 417.55993982755285
(ENTRY #617) 2022-04-08 11:54:48.460517 >> LIN CALC RAW: 482.44006017244715
(ENTRY #618) 2022-04-08 11:54:48.460517 >> Above!
(ENTRY #619) 2022-04-08 11:54:48.460517 >> Object lightRound has been created!
(ENTRY #620) 2022-04-08 11:54:48.461517 >> Protectile #122 has been created! Type: Light
(ENTRY #621) 2022-04-08 11:54:48.461517 >> Projectile created! ID: #122
(ENTRY #622) 2022-04-08 11:54:48.461517 >> MOUSEPOS: (399.93439975684026, 457.0483180877119)
(ENTRY #623) 2022-04-08 11:54:48.461517 >> SLOPE CALC:None
(ENTRY #624) 2022-04-08 11:54:48.461517 >> LIN CALC FIN: 338.50490501691957
(ENTRY #625) 2022-04-08 11:54:48.461517 >> LIN CALC RAW: 561.4950949830804
(ENTRY #626) 2022-04-08 11:54:48.461517 >> Below!
(ENTRY #627) 2022-04-08 11:54:48.461517 >> Object lightRound has been created!
(ENTRY #628) 2022-04-08 11:54:48.461517 >> Protectile #124 has been created! Type: Light
(ENTRY #629) 2022-04-08 11:54:48.461517 >> Projectile created! ID: #124
(ENTRY #630) 2022-04-08 11:54:50.148708 >> Naval Warfare 2D Closed...
