Log for Naval Warfare 2D, intended for debugging purposes only! 

(ENTRY #1) 2022-03-10 18:51:34.080292 >> Initialized Log handler...
(ENTRY #2) 2022-03-10 18:51:35.285797 >> Initialized Warship handler...
(ENTRY #3) 2022-03-10 18:51:35.288816 >> Initialized Projectile handler...
(ENTRY #4) 2022-03-10 18:51:35.289793 >> Dumb-AI Entity created!
(ENTRY #5) 2022-03-10 18:51:35.291791 >> Dumb-AI Entity created!
(ENTRY #6) 2022-03-10 18:51:35.293804 >> Dumb-AI Entity created!
(ENTRY #7) 2022-03-10 18:51:35.298791 >> Dumb-AI Entity created!
(ENTRY #8) 2022-03-10 18:51:35.307798 >> Dumb-AI Entity created!
(ENTRY #9) 2022-03-10 18:51:35.320804 >> Dumb-AI Entity created!
(ENTRY #10) 2022-03-10 18:51:35.329793 >> Dumb-AI Entity created!
(ENTRY #11) 2022-03-10 18:51:35.334800 >> Dumb-AI Entity created!
(ENTRY #12) 2022-03-10 18:51:35.339797 >> Dumb-AI Entity created!
(ENTRY #13) 2022-03-10 18:51:35.342797 >> Dumb-AI Entity created!
(ENTRY #14) 2022-03-10 18:51:35.406795 >> Initialized GUI handler...
(ENTRY #15) 2022-03-10 18:51:35.407802 >> Starting Naval Warfare 2D...
(ENTRY #16) 2022-03-10 18:51:41.023922 >> Created Sprite for Player!
(ENTRY #17) 2022-03-10 18:51:41.023922 >> Finished initalizing!
(ENTRY #18) 2022-03-10 18:51:46.216019 >> Returning to menu!
(ENTRY #19) 2022-03-10 18:51:46.908780 >> Game resumed!
(ENTRY #20) 2022-03-10 18:51:46.928292 >> Cloud created! ID: #1
(ENTRY #21) 2022-03-10 18:51:46.928292 >> MOUSEPOS: (360.0, 506.75)
(ENTRY #22) 2022-03-10 18:51:46.928292 >> SLOPE CALC:None
(ENTRY #23) 2022-03-10 18:51:46.928292 >> LIN CALC FIN: 499.75
(ENTRY #24) 2022-03-10 18:51:46.928292 >> LIN CALC RAW: 400.25
(ENTRY #25) 2022-03-10 18:51:46.928292 >> Below!
(ENTRY #26) 2022-03-10 18:51:46.928292 >> Object lightRound has been created!
(ENTRY #27) 2022-03-10 18:51:46.929323 >> Protectile #2 has been created! Type: Light
(ENTRY #28) 2022-03-10 18:51:46.929323 >> Projectile created! ID: #2
(ENTRY #29) 2022-03-10 18:51:46.929323 >> MOUSEPOS: (321.0, 462.75)
(ENTRY #30) 2022-03-10 18:51:46.929323 >> SLOPE CALC:None
(ENTRY #31) 2022-03-10 18:51:46.929323 >> LIN CALC FIN: 450.75
(ENTRY #32) 2022-03-10 18:51:46.929323 >> LIN CALC RAW: 449.25
(ENTRY #33) 2022-03-10 18:51:46.929323 >> Below!
(ENTRY #34) 2022-03-10 18:51:46.929323 >> Object lightRound has been created!
(ENTRY #35) 2022-03-10 18:51:46.929323 >> Protectile #4 has been created! Type: Light
(ENTRY #36) 2022-03-10 18:51:46.929323 >> Projectile created! ID: #4
(ENTRY #37) 2022-03-10 18:51:46.929323 >> MOUSEPOS: (388.0, 529.75)
(ENTRY #38) 2022-03-10 18:51:46.930324 >> SLOPE CALC:None
(ENTRY #39) 2022-03-10 18:51:46.930324 >> LIN CALC FIN: 531.75
(ENTRY #40) 2022-03-10 18:51:46.930324 >> LIN CALC RAW: 368.25
(ENTRY #41) 2022-03-10 18:51:46.930324 >> Above!
(ENTRY #42) 2022-03-10 18:51:46.930324 >> Object lightRound has been created!
(ENTRY #43) 2022-03-10 18:51:46.930324 >> Protectile #6 has been created! Type: Light
(ENTRY #44) 2022-03-10 18:51:46.930324 >> Projectile created! ID: #6
(ENTRY #45) 2022-03-10 18:51:46.930324 >> MOUSEPOS: (405.0, 565.75)
(ENTRY #46) 2022-03-10 18:51:46.930324 >> SLOPE CALC:None
(ENTRY #47) 2022-03-10 18:51:46.930324 >> LIN CALC FIN: 604.75
(ENTRY #48) 2022-03-10 18:51:46.930324 >> LIN CALC RAW: 295.25
(ENTRY #49) 2022-03-10 18:51:46.930324 >> Above!
(ENTRY #50) 2022-03-10 18:51:46.930324 >> Object lightRound has been created!
(ENTRY #51) 2022-03-10 18:51:46.931294 >> Protectile #8 has been created! Type: Light
(ENTRY #52) 2022-03-10 18:51:46.931294 >> Projectile created! ID: #8
(ENTRY #53) 2022-03-10 18:51:46.931294 >> MOUSEPOS: (469.0, 574.75)
(ENTRY #54) 2022-03-10 18:51:46.931294 >> SLOPE CALC:None
(ENTRY #55) 2022-03-10 18:51:46.931294 >> LIN CALC FIN: 568.75
(ENTRY #56) 2022-03-10 18:51:46.931294 >> LIN CALC RAW: 331.25
(ENTRY #57) 2022-03-10 18:51:46.931294 >> Below!
(ENTRY #58) 2022-03-10 18:51:46.931294 >> Object lightRound has been created!
(ENTRY #59) 2022-03-10 18:51:46.931294 >> Protectile #10 has been created! Type: Light
(ENTRY #60) 2022-03-10 18:51:46.931294 >> Projectile created! ID: #10
(ENTRY #61) 2022-03-10 18:51:46.932290 >> MOUSEPOS: (404.0, 532.75)
(ENTRY #62) 2022-03-10 18:51:46.932290 >> SLOPE CALC:None
(ENTRY #63) 2022-03-10 18:51:46.932290 >> LIN CALC FIN: 515.0
(ENTRY #64) 2022-03-10 18:51:46.932290 >> LIN CALC RAW: 385.0
(ENTRY #65) 2022-03-10 18:51:46.932290 >> Below!
(ENTRY #66) 2022-03-10 18:51:46.932290 >> Object lightRound has been created!
(ENTRY #67) 2022-03-10 18:51:46.932290 >> Protectile #12 has been created! Type: Light
(ENTRY #68) 2022-03-10 18:51:46.932290 >> Projectile created! ID: #12
(ENTRY #69) 2022-03-10 18:51:46.932290 >> MOUSEPOS: (495.0, 508.0)
(ENTRY #70) 2022-03-10 18:51:46.932290 >> SLOPE CALC:None
(ENTRY #71) 2022-03-10 18:51:46.932290 >> LIN CALC FIN: 544.0
(ENTRY #72) 2022-03-10 18:51:46.932290 >> LIN CALC RAW: 356.0
(ENTRY #73) 2022-03-10 18:51:46.932290 >> Above!
(ENTRY #74) 2022-03-10 18:51:46.932290 >> Object lightRound has been created!
(ENTRY #75) 2022-03-10 18:51:46.933286 >> Protectile #14 has been created! Type: Light
(ENTRY #76) 2022-03-10 18:51:46.933286 >> Projectile created! ID: #14
(ENTRY #77) 2022-03-10 18:51:46.933286 >> MOUSEPOS: (598.0, 517.0)
(ENTRY #78) 2022-03-10 18:51:46.933286 >> SLOPE CALC:None
(ENTRY #79) 2022-03-10 18:51:46.933286 >> LIN CALC FIN: 561.0
(ENTRY #80) 2022-03-10 18:51:46.933286 >> LIN CALC RAW: 339.0
(ENTRY #81) 2022-03-10 18:51:46.933286 >> Above!
(ENTRY #82) 2022-03-10 18:51:46.933286 >> Object lightRound has been created!
(ENTRY #83) 2022-03-10 18:51:46.933286 >> Protectile #16 has been created! Type: Light
(ENTRY #84) 2022-03-10 18:51:46.933286 >> Projectile created! ID: #16
(ENTRY #85) 2022-03-10 18:51:46.933286 >> MOUSEPOS: (686.0, 541.0)
(ENTRY #86) 2022-03-10 18:51:46.933286 >> SLOPE CALC:None
(ENTRY #87) 2022-03-10 18:51:46.933286 >> LIN CALC FIN: 593.0
(ENTRY #88) 2022-03-10 18:51:46.933286 >> LIN CALC RAW: 307.0
(ENTRY #89) 2022-03-10 18:51:46.933286 >> Above!
(ENTRY #90) 2022-03-10 18:51:46.933286 >> Object lightRound has been created!
(ENTRY #91) 2022-03-10 18:51:46.934285 >> Protectile #18 has been created! Type: Light
(ENTRY #92) 2022-03-10 18:51:46.934285 >> Projectile created! ID: #18
(ENTRY #93) 2022-03-10 18:51:46.934285 >> MOUSEPOS: (751.0, 545.0)
(ENTRY #94) 2022-03-10 18:51:46.934285 >> SLOPE CALC:None
(ENTRY #95) 2022-03-10 18:51:46.934285 >> LIN CALC FIN: 450.0
(ENTRY #96) 2022-03-10 18:51:46.934285 >> LIN CALC RAW: 450.0
(ENTRY #97) 2022-03-10 18:51:46.934285 >> Below!
(ENTRY #98) 2022-03-10 18:51:46.934285 >> Object lightRound has been created!
(ENTRY #99) 2022-03-10 18:51:46.935292 >> Protectile #20 has been created! Type: Light
(ENTRY #100) 2022-03-10 18:51:46.935292 >> Projectile created! ID: #20
(ENTRY #101) 2022-03-10 18:51:47.330929 >> Projectile has hit!
(ENTRY #102) 2022-03-10 18:51:47.330929 >> Projectile removed!
(ENTRY #103) 2022-03-10 18:51:47.375916 >> Projectile has hit!
(ENTRY #104) 2022-03-10 18:51:47.375916 >> Projectile removed!
(ENTRY #105) 2022-03-10 18:51:47.449597 >> Projectile has hit!
(ENTRY #106) 2022-03-10 18:51:47.449597 >> Projectile removed!
(ENTRY #107) 2022-03-10 18:51:47.520601 >> Projectile has hit!
(ENTRY #108) 2022-03-10 18:51:47.521602 >> Projectile removed!
(ENTRY #109) 2022-03-10 18:51:47.978658 >> Projectile has hit!
(ENTRY #110) 2022-03-10 18:51:47.978658 >> Projectile removed!
(ENTRY #111) 2022-03-10 18:51:48.095090 >> Cloud created! ID: #2
(ENTRY #112) 2022-03-10 18:51:48.389286 >> MOUSEPOS: (395, 398)
(ENTRY #113) 2022-03-10 18:51:48.389286 >> SLOPE CALC:None
(ENTRY #114) 2022-03-10 18:51:48.389286 >> LIN CALC FIN: 148.9414482892829
(ENTRY #115) 2022-03-10 18:51:48.389286 >> LIN CALC RAW: 751.0585517107171
(ENTRY #116) 2022-03-10 18:51:48.389286 >> Below!
(ENTRY #117) 2022-03-10 18:51:48.389286 >> Object lightRound has been created!
(ENTRY #118) 2022-03-10 18:51:48.390357 >> Protectile #22 has been created! Type: Light
(ENTRY #119) 2022-03-10 18:51:48.390357 >> Projectile created! ID: #22
(ENTRY #120) 2022-03-10 18:51:48.676953 >> Projectile has hit!
(ENTRY #121) 2022-03-10 18:51:48.676953 >> Projectile removed!
(ENTRY #122) 2022-03-10 18:51:48.938758 >> MOUSEPOS: (355.9674139889969, 473.75975764224455)
(ENTRY #123) 2022-03-10 18:51:48.938758 >> SLOPE CALC:None
(ENTRY #124) 2022-03-10 18:51:48.938758 >> LIN CALC FIN: 470.6945856202383
(ENTRY #125) 2022-03-10 18:51:48.938758 >> LIN CALC RAW: 429.3054143797617
(ENTRY #126) 2022-03-10 18:51:48.938758 >> Below!
(ENTRY #127) 2022-03-10 18:51:48.938758 >> Object lightRound has been created!
(ENTRY #128) 2022-03-10 18:51:48.938758 >> Protectile #24 has been created! Type: Light
(ENTRY #129) 2022-03-10 18:51:48.938758 >> Projectile created! ID: #24
(ENTRY #130) 2022-03-10 18:51:48.938758 >> MOUSEPOS: (305.03258601100316, 434.75975764224455)
(ENTRY #131) 2022-03-10 18:51:48.938758 >> SLOPE CALC:None
(ENTRY #132) 2022-03-10 18:51:48.939757 >> LIN CALC FIN: 417.8249296642508
(ENTRY #133) 2022-03-10 18:51:48.939757 >> LIN CALC RAW: 482.1750703357492
(ENTRY #134) 2022-03-10 18:51:48.939757 >> Below!
(ENTRY #135) 2022-03-10 18:51:48.939757 >> Object lightRound has been created!
(ENTRY #136) 2022-03-10 18:51:48.939757 >> Protectile #26 has been created! Type: Light
(ENTRY #137) 2022-03-10 18:51:48.939757 >> Projectile created! ID: #26
(ENTRY #138) 2022-03-10 18:51:48.939757 >> MOUSEPOS: (382.9674139889969, 504.75975764224455)
(ENTRY #139) 2022-03-10 18:51:48.939757 >> SLOPE CALC:None
(ENTRY #140) 2022-03-10 18:51:48.939757 >> LIN CALC FIN: 511.75975764224495
(ENTRY #141) 2022-03-10 18:51:48.939757 >> LIN CALC RAW: 388.24024235775505
(ENTRY #142) 2022-03-10 18:51:48.939757 >> Above!
(ENTRY #143) 2022-03-10 18:51:48.939757 >> Object lightRound has been created!
(ENTRY #144) 2022-03-10 18:51:48.940758 >> Protectile #28 has been created! Type: Light
(ENTRY #145) 2022-03-10 18:51:48.940758 >> Projectile created! ID: #28
(ENTRY #146) 2022-03-10 18:51:48.940758 >> MOUSEPOS: (531.9674139889969, 620.7597576422454)
(ENTRY #147) 2022-03-10 18:51:48.940758 >> SLOPE CALC:None
(ENTRY #148) 2022-03-10 18:51:48.940758 >> LIN CALC FIN: 624.7597576422454
(ENTRY #149) 2022-03-10 18:51:48.940758 >> LIN CALC RAW: 275.2402423577546
(ENTRY #150) 2022-03-10 18:51:48.940758 >> Above!
(ENTRY #151) 2022-03-10 18:51:48.940758 >> Object lightRound has been created!
(ENTRY #152) 2022-03-10 18:51:48.940758 >> Protectile #30 has been created! Type: Light
(ENTRY #153) 2022-03-10 18:51:48.940758 >> Projectile created! ID: #30
(ENTRY #154) 2022-03-10 18:51:48.940758 >> MOUSEPOS: (488.9674139889969, 572.7597576422454)
(ENTRY #155) 2022-03-10 18:51:48.940758 >> SLOPE CALC:None
(ENTRY #156) 2022-03-10 18:51:48.940758 >> LIN CALC FIN: 571.7597576422454
(ENTRY #157) 2022-03-10 18:51:48.940758 >> LIN CALC RAW: 328.2402423577546
(ENTRY #158) 2022-03-10 18:51:48.940758 >> Below!
(ENTRY #159) 2022-03-10 18:51:48.940758 >> Object lightRound has been created!
(ENTRY #160) 2022-03-10 18:51:48.941757 >> Protectile #32 has been created! Type: Light
(ENTRY #161) 2022-03-10 18:51:48.941757 >> Projectile created! ID: #32
(ENTRY #162) 2022-03-10 18:51:48.941757 >> MOUSEPOS: (381.9674139889969, 504.75975764224455)
(ENTRY #163) 2022-03-10 18:51:48.941757 >> SLOPE CALC:None
(ENTRY #164) 2022-03-10 18:51:48.941757 >> LIN CALC FIN: 427.89074781842635
(ENTRY #165) 2022-03-10 18:51:48.941757 >> LIN CALC RAW: 472.10925218157365
(ENTRY #166) 2022-03-10 18:51:48.941757 >> Below!
(ENTRY #167) 2022-03-10 18:51:48.941757 >> Object lightRound has been created!
(ENTRY #168) 2022-03-10 18:51:48.941757 >> Protectile #34 has been created! Type: Light
(ENTRY #169) 2022-03-10 18:51:48.941757 >> Projectile created! ID: #34
(ENTRY #170) 2022-03-10 18:51:48.942757 >> MOUSEPOS: (625.8745980272489, 436.98356378017485)
(ENTRY #171) 2022-03-10 18:51:48.942757 >> SLOPE CALC:None
(ENTRY #172) 2022-03-10 18:51:48.942757 >> LIN CALC FIN: 455.73275983467283
(ENTRY #173) 2022-03-10 18:51:48.942757 >> LIN CALC RAW: 444.26724016532717
(ENTRY #174) 2022-03-10 18:51:48.942757 >> Above!
(ENTRY #175) 2022-03-10 18:51:48.942757 >> Object lightRound has been created!
(ENTRY #176) 2022-03-10 18:51:48.942757 >> Protectile #36 has been created! Type: Light
(ENTRY #177) 2022-03-10 18:51:48.942757 >> Projectile created! ID: #36
(ENTRY #178) 2022-03-10 18:51:48.942757 >> MOUSEPOS: (605.1254019727498, 453.98356378017377)
(ENTRY #179) 2022-03-10 18:51:48.942757 >> SLOPE CALC:None
(ENTRY #180) 2022-03-10 18:51:48.942757 >> LIN CALC FIN: 444.73275983467397
(ENTRY #181) 2022-03-10 18:51:48.942757 >> LIN CALC RAW: 455.26724016532603
(ENTRY #182) 2022-03-10 18:51:48.943751 >> Below!
(ENTRY #183) 2022-03-10 18:51:48.943751 >> Object lightRound has been created!
(ENTRY #184) 2022-03-10 18:51:48.943751 >> Protectile #38 has been created! Type: Light
(ENTRY #185) 2022-03-10 18:51:48.943751 >> Projectile created! ID: #38
(ENTRY #186) 2022-03-10 18:51:48.943751 >> MOUSEPOS: (861.8745980272489, 490.98356378017473)
(ENTRY #187) 2022-03-10 18:51:48.943751 >> SLOPE CALC:None
(ENTRY #188) 2022-03-10 18:51:48.943751 >> LIN CALC FIN: 593.9835637801748
(ENTRY #189) 2022-03-10 18:51:48.943751 >> LIN CALC RAW: 306.0164362198252
(ENTRY #190) 2022-03-10 18:51:48.943751 >> Above!
(ENTRY #191) 2022-03-10 18:51:48.943751 >> Object lightRound has been created!
(ENTRY #192) 2022-03-10 18:51:48.945002 >> Protectile #40 has been created! Type: Light
(ENTRY #193) 2022-03-10 18:51:48.945002 >> Projectile created! ID: #40
(ENTRY #194) 2022-03-10 18:51:48.945002 >> MOUSEPOS: (746.8745980272489, 455.98356378017485)
(ENTRY #195) 2022-03-10 18:51:48.945002 >> SLOPE CALC:None
(ENTRY #196) 2022-03-10 18:51:48.945002 >> LIN CALC FIN: 398.98356378017473
(ENTRY #197) 2022-03-10 18:51:48.945002 >> LIN CALC RAW: 501.01643621982527
(ENTRY #198) 2022-03-10 18:51:48.945002 >> Below!
(ENTRY #199) 2022-03-10 18:51:48.945002 >> Object lightRound has been created!
(ENTRY #200) 2022-03-10 18:51:48.945002 >> Protectile #42 has been created! Type: Light
(ENTRY #201) 2022-03-10 18:51:48.945002 >> Projectile created! ID: #42
(ENTRY #202) 2022-03-10 18:51:49.002493 >> entity_2_1 and entity_2_2 have collided!
(ENTRY #203) 2022-03-10 18:51:49.002493 >> entity_2_2 and entity_2_1 have collided!
(ENTRY #204) 2022-03-10 18:51:49.187489 >> Cloud created! ID: #3
(ENTRY #205) 2022-03-10 18:51:49.240158 >> Projectile has hit!
(ENTRY #206) 2022-03-10 18:51:49.240158 >> Projectile removed!
(ENTRY #207) 2022-03-10 18:51:49.297147 >> Projectile has hit!
(ENTRY #208) 2022-03-10 18:51:49.297147 >> Projectile removed!
(ENTRY #209) 2022-03-10 18:51:49.348146 >> Projectile has hit!
(ENTRY #210) 2022-03-10 18:51:49.348146 >> Projectile removed!
(ENTRY #211) 2022-03-10 18:51:49.374149 >> Projectile has hit!
(ENTRY #212) 2022-03-10 18:51:49.374149 >> Projectile removed!
(ENTRY #213) 2022-03-10 18:51:49.400190 >> Projectile has hit!
(ENTRY #214) 2022-03-10 18:51:49.400190 >> Projectile removed!
(ENTRY #215) 2022-03-10 18:51:49.581332 >> Projectile has hit!
(ENTRY #216) 2022-03-10 18:51:49.581332 >> Projectile removed!
(ENTRY #217) 2022-03-10 18:51:49.646293 >> entity_1_0 and entity_1_1 have collided!
(ENTRY #218) 2022-03-10 18:51:49.646293 >> entity_1_1 and entity_1_0 have collided!
(ENTRY #219) 2022-03-10 18:51:49.731096 >> Projectile has hit!
(ENTRY #220) 2022-03-10 18:51:49.731096 >> Projectile removed!
(ENTRY #221) 2022-03-10 18:51:50.211826 >> Cloud created! ID: #4
(ENTRY #222) 2022-03-10 18:51:50.533860 >> Projectile has hit!
(ENTRY #223) 2022-03-10 18:51:50.533860 >> Projectile removed!
(ENTRY #224) 2022-03-10 18:51:50.958713 >> MOUSEPOS: (473.83254829853854, 564.9841528404709)
(ENTRY #225) 2022-03-10 18:51:50.958713 >> SLOPE CALC:None
(ENTRY #226) 2022-03-10 18:51:50.958713 >> LIN CALC FIN: 569.9841528404697
(ENTRY #227) 2022-03-10 18:51:50.958713 >> LIN CALC RAW: 330.01584715953027
(ENTRY #228) 2022-03-10 18:51:50.958713 >> Above!
(ENTRY #229) 2022-03-10 18:51:50.958713 >> Object lightRound has been created!
(ENTRY #230) 2022-03-10 18:51:50.958713 >> Protectile #44 has been created! Type: Light
(ENTRY #231) 2022-03-10 18:51:50.958713 >> Projectile created! ID: #44
(ENTRY #232) 2022-03-10 18:51:50.958713 >> MOUSEPOS: (517.8325482985385, 571.9841528404709)
(ENTRY #233) 2022-03-10 18:51:50.958713 >> SLOPE CALC:None
(ENTRY #234) 2022-03-10 18:51:50.958713 >> LIN CALC FIN: 603.9841528404709
(ENTRY #235) 2022-03-10 18:51:50.959713 >> LIN CALC RAW: 296.01584715952913
(ENTRY #236) 2022-03-10 18:51:50.959713 >> Above!
(ENTRY #237) 2022-03-10 18:51:50.959713 >> Object lightRound has been created!
(ENTRY #238) 2022-03-10 18:51:50.959713 >> Protectile #46 has been created! Type: Light
(ENTRY #239) 2022-03-10 18:51:50.959713 >> Projectile created! ID: #46
(ENTRY #240) 2022-03-10 18:51:50.959713 >> MOUSEPOS: (443.83254829853854, 545.9841528404709)
(ENTRY #241) 2022-03-10 18:51:50.959713 >> SLOPE CALC:None
(ENTRY #242) 2022-03-10 18:51:50.959713 >> LIN CALC FIN: 519.9841528404709
(ENTRY #243) 2022-03-10 18:51:50.959713 >> LIN CALC RAW: 380.01584715952913
(ENTRY #244) 2022-03-10 18:51:50.959713 >> Below!
(ENTRY #245) 2022-03-10 18:51:50.959713 >> Object lightRound has been created!
(ENTRY #246) 2022-03-10 18:51:50.960715 >> Protectile #48 has been created! Type: Light
(ENTRY #247) 2022-03-10 18:51:50.960715 >> Projectile created! ID: #48
(ENTRY #248) 2022-03-10 18:51:50.960715 >> MOUSEPOS: (398.83254829853854, 493.98415284046973)
(ENTRY #249) 2022-03-10 18:51:50.960715 >> SLOPE CALC:None
(ENTRY #250) 2022-03-10 18:51:50.960715 >> LIN CALC FIN: 319.01372198878926
(ENTRY #251) 2022-03-10 18:51:50.960715 >> LIN CALC RAW: 580.9862780112107
(ENTRY #252) 2022-03-10 18:51:50.960715 >> Below!
(ENTRY #253) 2022-03-10 18:51:50.960715 >> Object lightRound has been created!
(ENTRY #254) 2022-03-10 18:51:50.961710 >> Protectile #50 has been created! Type: Light
(ENTRY #255) 2022-03-10 18:51:50.961710 >> Projectile created! ID: #50
(ENTRY #256) 2022-03-10 18:51:50.961710 >> MOUSEPOS: (740.908635138472, 466.96152408553075)
(ENTRY #257) 2022-03-10 18:51:50.961710 >> SLOPE CALC:None
(ENTRY #258) 2022-03-10 18:51:50.961710 >> LIN CALC FIN: 423.06355828885233
(ENTRY #259) 2022-03-10 18:51:50.961710 >> LIN CALC RAW: 476.93644171114767
(ENTRY #260) 2022-03-10 18:51:50.961710 >> Below!
(ENTRY #261) 2022-03-10 18:51:50.961710 >> Object lightRound has been created!
(ENTRY #262) 2022-03-10 18:51:50.962711 >> Protectile #52 has been created! Type: Light
(ENTRY #263) 2022-03-10 18:51:50.962711 >> Projectile created! ID: #52
(ENTRY #264) 2022-03-10 18:51:50.962711 >> MOUSEPOS: (726.087020420737, 405.24194357111725)
(ENTRY #265) 2022-03-10 18:51:50.962711 >> SLOPE CALC:None
(ENTRY #266) 2022-03-10 18:51:50.962711 >> LIN CALC FIN: 422.13990936779567
(ENTRY #267) 2022-03-10 18:51:50.962711 >> LIN CALC RAW: 477.86009063220433
(ENTRY #268) 2022-03-10 18:51:50.962711 >> Above!
(ENTRY #269) 2022-03-10 18:51:50.962711 >> Object lightRound has been created!
(ENTRY #270) 2022-03-10 18:51:50.962711 >> Protectile #54 has been created! Type: Light
(ENTRY #271) 2022-03-10 18:51:50.962711 >> Projectile created! ID: #54
(ENTRY #272) 2022-03-10 18:51:51.234426 >> Cloud created! ID: #5
(ENTRY #273) 2022-03-10 18:51:51.235430 >> Projectile has hit!
(ENTRY #274) 2022-03-10 18:51:51.235430 >> Projectile removed!
(ENTRY #275) 2022-03-10 18:51:51.258427 >> Projectile has hit!
(ENTRY #276) 2022-03-10 18:51:51.258427 >> Projectile removed!
(ENTRY #277) 2022-03-10 18:51:51.524749 >> Projectile has hit!
(ENTRY #278) 2022-03-10 18:51:51.524749 >> Projectile removed!
(ENTRY #279) 2022-03-10 18:51:51.546720 >> MOUSEPOS: (417, 254)
(ENTRY #280) 2022-03-10 18:51:51.546720 >> SLOPE CALC:None
(ENTRY #281) 2022-03-10 18:51:51.546720 >> LIN CALC FIN: 108.0323304109478
(ENTRY #282) 2022-03-10 18:51:51.546720 >> LIN CALC RAW: 791.9676695890522
(ENTRY #283) 2022-03-10 18:51:51.546720 >> Below!
(ENTRY #284) 2022-03-10 18:51:51.546720 >> Object lightRound has been created!
(ENTRY #285) 2022-03-10 18:51:51.546720 >> Protectile #56 has been created! Type: Light
(ENTRY #286) 2022-03-10 18:51:51.546720 >> Projectile created! ID: #56
(ENTRY #287) 2022-03-10 18:51:51.590970 >> Projectile has hit!
(ENTRY #288) 2022-03-10 18:51:51.590970 >> Projectile removed!
(ENTRY #289) 2022-03-10 18:51:51.875314 >> Projectile has hit!
(ENTRY #290) 2022-03-10 18:51:51.875314 >> Projectile removed!
(ENTRY #291) 2022-03-10 18:51:52.002070 >> Projectile removed!
(ENTRY #292) 2022-03-10 18:51:52.341504 >> Cloud created! ID: #6
(ENTRY #293) 2022-03-10 18:51:52.567627 >> Projectile has hit!
(ENTRY #294) 2022-03-10 18:51:52.567627 >> Projectile removed!
(ENTRY #295) 2022-03-10 18:51:52.844352 >> Projectile removed!
(ENTRY #296) 2022-03-10 18:51:52.964651 >> MOUSEPOS: (445.2065835645396, 532.1828819432077)
(ENTRY #297) 2022-03-10 18:51:52.964651 >> SLOPE CALC:None
(ENTRY #298) 2022-03-10 18:51:52.964651 >> LIN CALC FIN: 547.1828819432071
(ENTRY #299) 2022-03-10 18:51:52.964651 >> LIN CALC RAW: 352.8171180567929
(ENTRY #300) 2022-03-10 18:51:52.964651 >> Above!
(ENTRY #301) 2022-03-10 18:51:52.964651 >> Object lightRound has been created!
(ENTRY #302) 2022-03-10 18:51:52.964651 >> Protectile #58 has been created! Type: Light
(ENTRY #303) 2022-03-10 18:51:52.964651 >> Projectile created! ID: #58
(ENTRY #304) 2022-03-10 18:51:52.965620 >> MOUSEPOS: (479.2065835645396, 566.1828819432076)
(ENTRY #305) 2022-03-10 18:51:52.965620 >> SLOPE CALC:None
(ENTRY #306) 2022-03-10 18:51:52.965620 >> LIN CALC FIN: 571.1828819432077
(ENTRY #307) 2022-03-10 18:51:52.965620 >> LIN CALC RAW: 328.8171180567923
(ENTRY #308) 2022-03-10 18:51:52.965620 >> Above!
(ENTRY #309) 2022-03-10 18:51:52.965620 >> Object lightRound has been created!
(ENTRY #310) 2022-03-10 18:51:52.965620 >> Protectile #60 has been created! Type: Light
(ENTRY #311) 2022-03-10 18:51:52.965620 >> Projectile created! ID: #60
(ENTRY #312) 2022-03-10 18:51:52.965620 >> MOUSEPOS: (437.2065835645396, 524.1828819432077)
(ENTRY #313) 2022-03-10 18:51:52.965620 >> SLOPE CALC:None
(ENTRY #314) 2022-03-10 18:51:52.965620 >> LIN CALC FIN: 519.1828819432076
(ENTRY #315) 2022-03-10 18:51:52.965620 >> LIN CALC RAW: 380.8171180567924
(ENTRY #316) 2022-03-10 18:51:52.965620 >> Below!
(ENTRY #317) 2022-03-10 18:51:52.965620 >> Object lightRound has been created!
(ENTRY #318) 2022-03-10 18:51:52.966618 >> Protectile #62 has been created! Type: Light
(ENTRY #319) 2022-03-10 18:51:52.966618 >> Projectile created! ID: #62
(ENTRY #320) 2022-03-10 18:51:52.966618 >> MOUSEPOS: (695.5949232621548, 295.9463166160834)
(ENTRY #321) 2022-03-10 18:51:52.966618 >> SLOPE CALC:None
(ENTRY #322) 2022-03-10 18:51:52.966618 >> LIN CALC FIN: 497.9961650865969
(ENTRY #323) 2022-03-10 18:51:52.966618 >> LIN CALC RAW: 402.0038349134031
(ENTRY #324) 2022-03-10 18:51:52.966618 >> Above!
(ENTRY #325) 2022-03-10 18:51:52.966618 >> Object lightRound has been created!
(ENTRY #326) 2022-03-10 18:51:52.966618 >> Protectile #64 has been created! Type: Light
(ENTRY #327) 2022-03-10 18:51:52.966618 >> Projectile created! ID: #64
(ENTRY #328) 2022-03-10 18:51:52.966618 >> MOUSEPOS: (653.1575822956944, 465.9611514735894)
(ENTRY #329) 2022-03-10 18:51:52.966618 >> SLOPE CALC:None
(ENTRY #330) 2022-03-10 18:51:52.966618 >> LIN CALC FIN: 291.38365758254383
(ENTRY #331) 2022-03-10 18:51:52.966618 >> LIN CALC RAW: 608.6163424174562
(ENTRY #332) 2022-03-10 18:51:52.967617 >> Below!
(ENTRY #333) 2022-03-10 18:51:52.967617 >> Object lightRound has been created!
(ENTRY #334) 2022-03-10 18:51:52.967617 >> Protectile #66 has been created! Type: Light
(ENTRY #335) 2022-03-10 18:51:52.967617 >> Projectile created! ID: #66
(ENTRY #336) 2022-03-10 18:51:52.967617 >> MOUSEPOS: (702.5949232621548, 295.9463166160834)
(ENTRY #337) 2022-03-10 18:51:52.967617 >> SLOPE CALC:None
(ENTRY #338) 2022-03-10 18:51:52.967617 >> LIN CALC FIN: 371.52381050712904
(ENTRY #339) 2022-03-10 18:51:52.967617 >> LIN CALC RAW: 528.476189492871
(ENTRY #340) 2022-03-10 18:51:52.967617 >> Above!
(ENTRY #341) 2022-03-10 18:51:52.967617 >> Object lightRound has been created!
(ENTRY #342) 2022-03-10 18:51:52.968651 >> Protectile #68 has been created! Type: Light
(ENTRY #343) 2022-03-10 18:51:52.968651 >> Projectile created! ID: #68
(ENTRY #344) 2022-03-10 18:51:53.230755 >> Projectile has hit!
(ENTRY #345) 2022-03-10 18:51:53.230755 >> Projectile removed!
(ENTRY #346) 2022-03-10 18:51:53.251115 >> Projectile removed!
(ENTRY #347) 2022-03-10 18:51:53.252115 >> Projectile has hit!
(ENTRY #348) 2022-03-10 18:51:53.252115 >> Projectile removed!
(ENTRY #349) 2022-03-10 18:51:53.292416 >> Projectile has hit!
(ENTRY #350) 2022-03-10 18:51:53.292416 >> Projectile removed!
(ENTRY #351) 2022-03-10 18:51:53.475902 >> Cloud created! ID: #7
(ENTRY #352) 2022-03-10 18:51:53.756751 >> Projectile removed!
(ENTRY #353) 2022-03-10 18:51:54.516961 >> Cloud created! ID: #8
(ENTRY #354) 2022-03-10 18:51:54.715590 >> Projectile removed!
(ENTRY #355) 2022-03-10 18:51:54.966911 >> MOUSEPOS: (473.0817531782911, 573.5367932021903)
(ENTRY #356) 2022-03-10 18:51:54.966911 >> SLOPE CALC:None
(ENTRY #357) 2022-03-10 18:51:54.966911 >> LIN CALC FIN: 594.3479839746462
(ENTRY #358) 2022-03-10 18:51:54.966911 >> LIN CALC RAW: 305.65201602535376
(ENTRY #359) 2022-03-10 18:51:54.966911 >> Above!
(ENTRY #360) 2022-03-10 18:51:54.966911 >> Object lightRound has been created!
(ENTRY #361) 2022-03-10 18:51:54.966911 >> Protectile #70 has been created! Type: Light
(ENTRY #362) 2022-03-10 18:51:54.966911 >> Projectile created! ID: #70
(ENTRY #363) 2022-03-10 18:51:54.966911 >> MOUSEPOS: (368.3294422761128, 498.59567307246795)
(ENTRY #364) 2022-03-10 18:51:54.966911 >> SLOPE CALC:None
(ENTRY #365) 2022-03-10 18:51:54.966911 >> LIN CALC FIN: 456.78448230001203
(ENTRY #366) 2022-03-10 18:51:54.966911 >> LIN CALC RAW: 443.21551769998797
(ENTRY #367) 2022-03-10 18:51:54.966911 >> Below!
(ENTRY #368) 2022-03-10 18:51:54.966911 >> Object lightRound has been created!
(ENTRY #369) 2022-03-10 18:51:54.967878 >> Protectile #72 has been created! Type: Light
(ENTRY #370) 2022-03-10 18:51:54.967878 >> Projectile created! ID: #72
(ENTRY #371) 2022-03-10 18:51:54.967878 >> MOUSEPOS: (617.284095178936, 293.1564798662823)
(ENTRY #372) 2022-03-10 18:51:54.967878 >> SLOPE CALC:None
(ENTRY #373) 2022-03-10 18:51:54.967878 >> LIN CALC FIN: 300.19409007230036
(ENTRY #374) 2022-03-10 18:51:54.967878 >> LIN CALC RAW: 599.8059099276996
(ENTRY #375) 2022-03-10 18:51:54.967878 >> Above!
(ENTRY #376) 2022-03-10 18:51:54.967878 >> Object lightRound has been created!
(ENTRY #377) 2022-03-10 18:51:54.967878 >> Protectile #74 has been created! Type: Light
(ENTRY #378) 2022-03-10 18:51:54.967878 >> Projectile created! ID: #74
(ENTRY #379) 2022-03-10 18:51:54.967878 >> MOUSEPOS: (545.4908625757427, 236.400857469107)
(ENTRY #380) 2022-03-10 18:51:54.967878 >> SLOPE CALC:None
(ENTRY #381) 2022-03-10 18:51:54.967878 >> LIN CALC FIN: 217.36324726308897
(ENTRY #382) 2022-03-10 18:51:54.967878 >> LIN CALC RAW: 682.636752736911
(ENTRY #383) 2022-03-10 18:51:54.967878 >> Below!
(ENTRY #384) 2022-03-10 18:51:54.968911 >> Object lightRound has been created!
(ENTRY #385) 2022-03-10 18:51:54.968911 >> Protectile #76 has been created! Type: Light
(ENTRY #386) 2022-03-10 18:51:54.968911 >> Projectile created! ID: #76
(ENTRY #387) 2022-03-10 18:51:54.968911 >> MOUSEPOS: (611.284095178936, 251.15647986628235)
(ENTRY #388) 2022-03-10 18:51:54.968911 >> SLOPE CALC:None
(ENTRY #389) 2022-03-10 18:51:54.968911 >> LIN CALC FIN: 337.37753428634755
(ENTRY #390) 2022-03-10 18:51:54.968911 >> LIN CALC RAW: 562.6224657136524
(ENTRY #391) 2022-03-10 18:51:54.968911 >> Above!
(ENTRY #392) 2022-03-10 18:51:54.968911 >> Object lightRound has been created!
(ENTRY #393) 2022-03-10 18:51:54.968911 >> Protectile #78 has been created! Type: Light
(ENTRY #394) 2022-03-10 18:51:54.969877 >> Projectile created! ID: #78
(ENTRY #395) 2022-03-10 18:51:55.362831 >> Projectile has hit!
(ENTRY #396) 2022-03-10 18:51:55.362831 >> Projectile has hit!
(ENTRY #397) 2022-03-10 18:51:55.362831 >> Projectile removed!
(ENTRY #398) 2022-03-10 18:51:55.362831 >> Projectile removed!
(ENTRY #399) 2022-03-10 18:51:55.554876 >> Cloud created! ID: #9
(ENTRY #400) 2022-03-10 18:51:55.824817 >> Projectile has hit!
(ENTRY #401) 2022-03-10 18:51:55.824817 >> Projectile removed!
(ENTRY #402) 2022-03-10 18:51:55.911894 >> MOUSEPOS: (415, 500)
(ENTRY #403) 2022-03-10 18:51:55.911894 >> SLOPE CALC:None
(ENTRY #404) 2022-03-10 18:51:55.911894 >> LIN CALC FIN: 701.2426263121524
(ENTRY #405) 2022-03-10 18:51:55.911894 >> LIN CALC RAW: 198.75737368784758
(ENTRY #406) 2022-03-10 18:51:55.911894 >> Above!
(ENTRY #407) 2022-03-10 18:51:55.911894 >> Object lightRound has been created!
(ENTRY #408) 2022-03-10 18:51:55.912878 >> Protectile #80 has been created! Type: Light
(ENTRY #409) 2022-03-10 18:51:55.912878 >> Projectile created! ID: #80
(ENTRY #410) 2022-03-10 18:51:56.063382 >> Projectile has hit!
(ENTRY #411) 2022-03-10 18:51:56.063382 >> Projectile removed!
(ENTRY #412) 2022-03-10 18:51:56.291640 >> Projectile removed!
(ENTRY #413) 2022-03-10 18:51:56.745130 >> Cloud created! ID: #10
(ENTRY #414) 2022-03-10 18:51:56.979469 >> MOUSEPOS: (460.6734446358397, 545.485190036164)
(ENTRY #415) 2022-03-10 18:51:56.979469 >> SLOPE CALC:None
(ENTRY #416) 2022-03-10 18:51:56.979469 >> LIN CALC FIN: 610.2969245769136
(ENTRY #417) 2022-03-10 18:51:56.979469 >> LIN CALC RAW: 289.7030754230864
(ENTRY #418) 2022-03-10 18:51:56.979469 >> Above!
(ENTRY #419) 2022-03-10 18:51:56.979469 >> Object lightRound has been created!
(ENTRY #420) 2022-03-10 18:51:56.979469 >> Protectile #82 has been created! Type: Light
(ENTRY #421) 2022-03-10 18:51:56.979469 >> Projectile created! ID: #82
(ENTRY #422) 2022-03-10 18:51:56.979469 >> MOUSEPOS: (507.6968771496946, 469.1230734100912)
(ENTRY #423) 2022-03-10 18:51:56.979469 >> SLOPE CALC:None
(ENTRY #424) 2022-03-10 18:51:56.979469 >> LIN CALC FIN: 438.4617575223091
(ENTRY #425) 2022-03-10 18:51:56.979469 >> LIN CALC RAW: 461.5382424776909
(ENTRY #426) 2022-03-10 18:51:56.979469 >> Below!
(ENTRY #427) 2022-03-10 18:51:56.979469 >> Object lightRound has been created!
(ENTRY #428) 2022-03-10 18:51:56.980495 >> Protectile #84 has been created! Type: Light
(ENTRY #429) 2022-03-10 18:51:56.980495 >> Projectile created! ID: #84
(ENTRY #430) 2022-03-10 18:51:56.980495 >> MOUSEPOS: (528.6366669869094, 312.9622291528114)
(ENTRY #431) 2022-03-10 18:51:56.980495 >> SLOPE CALC:None
(ENTRY #432) 2022-03-10 18:51:56.980495 >> LIN CALC FIN: 313.63337096449584
(ENTRY #433) 2022-03-10 18:51:56.980495 >> LIN CALC RAW: 586.3666290355042
(ENTRY #434) 2022-03-10 18:51:56.980495 >> Above!
(ENTRY #435) 2022-03-10 18:51:56.980495 >> Object lightRound has been created!
(ENTRY #436) 2022-03-10 18:51:56.981462 >> Protectile #86 has been created! Type: Light
(ENTRY #437) 2022-03-10 18:51:56.981462 >> Projectile created! ID: #86
(ENTRY #438) 2022-03-10 18:51:56.981462 >> MOUSEPOS: (634.0218491750006, 253.24818877640465)
(ENTRY #439) 2022-03-10 18:51:56.981462 >> SLOPE CALC:None
(ENTRY #440) 2022-03-10 18:51:56.981462 >> LIN CALC FIN: 136.57704696472024
(ENTRY #441) 2022-03-10 18:51:56.981462 >> LIN CALC RAW: 763.4229530352798
(ENTRY #442) 2022-03-10 18:51:56.981462 >> Below!
(ENTRY #443) 2022-03-10 18:51:56.981462 >> Object lightRound has been created!
(ENTRY #444) 2022-03-10 18:51:56.981462 >> Protectile #88 has been created! Type: Light
(ENTRY #445) 2022-03-10 18:51:56.981462 >> Projectile created! ID: #88
(ENTRY #446) 2022-03-10 18:51:56.981462 >> MOUSEPOS: (458.6734446358397, 556.485190036164)
(ENTRY #447) 2022-03-10 18:51:56.981462 >> SLOPE CALC:None
(ENTRY #448) 2022-03-10 18:51:56.981462 >> LIN CALC FIN: 442.14650592394617
(ENTRY #449) 2022-03-10 18:51:56.981462 >> LIN CALC RAW: 457.85349407605383
(ENTRY #450) 2022-03-10 18:51:56.981462 >> Below!
(ENTRY #451) 2022-03-10 18:51:56.981462 >> Object lightRound has been created!
(ENTRY #452) 2022-03-10 18:51:56.982503 >> Protectile #90 has been created! Type: Light
(ENTRY #453) 2022-03-10 18:51:56.982503 >> Projectile created! ID: #90
(ENTRY #454) 2022-03-10 18:51:57.025867 >> Projectile removed!
(ENTRY #455) 2022-03-10 18:51:57.387892 >> MOUSEPOS: (418, 512)
(ENTRY #456) 2022-03-10 18:51:57.387892 >> SLOPE CALC:None
(ENTRY #457) 2022-03-10 18:51:57.387892 >> LIN CALC FIN: 718.1823532847704
(ENTRY #458) 2022-03-10 18:51:57.388892 >> LIN CALC RAW: 181.81764671522956
(ENTRY #459) 2022-03-10 18:51:57.388892 >> Above!
(ENTRY #460) 2022-03-10 18:51:57.388892 >> Object lightRound has been created!
(ENTRY #461) 2022-03-10 18:51:57.388892 >> Protectile #92 has been created! Type: Light
(ENTRY #462) 2022-03-10 18:51:57.388892 >> Projectile created! ID: #92
(ENTRY #463) 2022-03-10 18:51:57.501926 >> Projectile has hit!
(ENTRY #464) 2022-03-10 18:51:57.501926 >> Projectile removed!
(ENTRY #465) 2022-03-10 18:51:57.741849 >> Projectile removed!
(ENTRY #466) 2022-03-10 18:51:57.788149 >> Cloud created! ID: #11
(ENTRY #467) 2022-03-10 18:51:57.836996 >> MOUSEPOS: (420, 516)
(ENTRY #468) 2022-03-10 18:51:57.836996 >> SLOPE CALC:None
(ENTRY #469) 2022-03-10 18:51:57.836996 >> LIN CALC FIN: 723.0434100928485
(ENTRY #470) 2022-03-10 18:51:57.836996 >> LIN CALC RAW: 176.9565899071515
(ENTRY #471) 2022-03-10 18:51:57.836996 >> Above!
(ENTRY #472) 2022-03-10 18:51:57.962771 >> Projectile removed!
(ENTRY #473) 2022-03-10 18:51:57.963770 >> Projectile has hit!
(ENTRY #474) 2022-03-10 18:51:57.963770 >> Projectile removed!
(ENTRY #475) 2022-03-10 18:51:58.050895 >> entity_1_4 and entity_2_4 have collided!
(ENTRY #476) 2022-03-10 18:51:58.050895 >> entity_2_4 and entity_1_4 have collided!
(ENTRY #477) 2022-03-10 18:51:58.857508 >> Cloud created! ID: #12
(ENTRY #478) 2022-03-10 18:51:58.936107 >> Projectile removed!
(ENTRY #479) 2022-03-10 18:51:58.937131 >> Projectile has hit!
(ENTRY #480) 2022-03-10 18:51:58.937131 >> Projectile removed!
(ENTRY #481) 2022-03-10 18:51:58.999923 >> MOUSEPOS: (465.7687397090732, 384.22805427645176)
(ENTRY #482) 2022-03-10 18:51:59.000459 >> SLOPE CALC:None
(ENTRY #483) 2022-03-10 18:51:59.000506 >> LIN CALC FIN: 316.0181453723858
(ENTRY #484) 2022-03-10 18:51:59.000506 >> LIN CALC RAW: 583.9818546276142
(ENTRY #485) 2022-03-10 18:51:59.000506 >> Below!
(ENTRY #486) 2022-03-10 18:51:59.000506 >> Object lightRound has been created!
(ENTRY #487) 2022-03-10 18:51:59.000506 >> Protectile #94 has been created! Type: Light
(ENTRY #488) 2022-03-10 18:51:59.000506 >> Projectile created! ID: #94
(ENTRY #489) 2022-03-10 18:51:59.000506 >> MOUSEPOS: (489.7687397090732, 420.22805427645176)
(ENTRY #490) 2022-03-10 18:51:59.000506 >> SLOPE CALC:None
(ENTRY #491) 2022-03-10 18:51:59.000506 >> LIN CALC FIN: 463.5082629089155
(ENTRY #492) 2022-03-10 18:51:59.000506 >> LIN CALC RAW: 436.4917370910845
(ENTRY #493) 2022-03-10 18:51:59.000506 >> Above!
(ENTRY #494) 2022-03-10 18:51:59.000506 >> Object lightRound has been created!
(ENTRY #495) 2022-03-10 18:51:59.001500 >> Protectile #96 has been created! Type: Light
(ENTRY #496) 2022-03-10 18:51:59.001500 >> Projectile created! ID: #96
(ENTRY #497) 2022-03-10 18:51:59.001500 >> MOUSEPOS: (653.7883779558105, 341.4886246621783)
(ENTRY #498) 2022-03-10 18:51:59.001500 >> SLOPE CALC:None
(ENTRY #499) 2022-03-10 18:51:59.001500 >> LIN CALC FIN: 176.2084160297145
(ENTRY #500) 2022-03-10 18:51:59.001500 >> LIN CALC RAW: 723.7915839702855
(ENTRY #501) 2022-03-10 18:51:59.001500 >> Below!
(ENTRY #502) 2022-03-10 18:51:59.001500 >> Object lightRound has been created!
(ENTRY #503) 2022-03-10 18:51:59.001500 >> Protectile #98 has been created! Type: Light
(ENTRY #504) 2022-03-10 18:51:59.001500 >> Projectile created! ID: #98
(ENTRY #505) 2022-03-10 18:51:59.163113 >> MOUSEPOS: (420, 518)
(ENTRY #506) 2022-03-10 18:51:59.163113 >> SLOPE CALC:None
(ENTRY #507) 2022-03-10 18:51:59.163113 >> LIN CALC FIN: 718.9747086017225
(ENTRY #508) 2022-03-10 18:51:59.163113 >> LIN CALC RAW: 181.02529139827755
(ENTRY #509) 2022-03-10 18:51:59.163113 >> Above!
(ENTRY #510) 2022-03-10 18:51:59.163113 >> Object lightRound has been created!
(ENTRY #511) 2022-03-10 18:51:59.163113 >> Protectile #100 has been created! Type: Light
(ENTRY #512) 2022-03-10 18:51:59.163113 >> Projectile created! ID: #100
(ENTRY #513) 2022-03-10 18:51:59.322723 >> Projectile removed!
(ENTRY #514) 2022-03-10 18:51:59.982428 >> Cloud created! ID: #13
(ENTRY #515) 2022-03-10 18:52:00.125593 >> Projectile has hit!
(ENTRY #516) 2022-03-10 18:52:00.126603 >> Projectile removed!
(ENTRY #517) 2022-03-10 18:52:00.847127 >> Projectile removed!
(ENTRY #518) 2022-03-10 18:52:00.930510 >> MOUSEPOS: (273, 534)
(ENTRY #519) 2022-03-10 18:52:00.930510 >> SLOPE CALC:None
(ENTRY #520) 2022-03-10 18:52:00.930510 >> LIN CALC FIN: 575.3032931215303
(ENTRY #521) 2022-03-10 18:52:00.930510 >> LIN CALC RAW: 324.69670687846974
(ENTRY #522) 2022-03-10 18:52:00.930510 >> Above!
(ENTRY #523) 2022-03-10 18:52:00.930510 >> Object lightRound has been created!
(ENTRY #524) 2022-03-10 18:52:00.930510 >> Protectile #102 has been created! Type: Light
(ENTRY #525) 2022-03-10 18:52:00.930510 >> Projectile created! ID: #102
(ENTRY #526) 2022-03-10 18:52:01.009555 >> MOUSEPOS: (121.76613542428301, 422.6083473183815)
(ENTRY #527) 2022-03-10 18:52:01.009555 >> SLOPE CALC:None
(ENTRY #528) 2022-03-10 18:52:01.009555 >> LIN CALC FIN: 338.37475511160346
(ENTRY #529) 2022-03-10 18:52:01.009555 >> LIN CALC RAW: 561.6252448883965
(ENTRY #530) 2022-03-10 18:52:01.009555 >> Below!
(ENTRY #531) 2022-03-10 18:52:01.009555 >> Object lightRound has been created!
(ENTRY #532) 2022-03-10 18:52:01.009555 >> Protectile #104 has been created! Type: Light
(ENTRY #533) 2022-03-10 18:52:01.009555 >> Projectile created! ID: #104
(ENTRY #534) 2022-03-10 18:52:01.009555 >> MOUSEPOS: (547.4670702560807, 465.9014140188005)
(ENTRY #535) 2022-03-10 18:52:01.009555 >> SLOPE CALC:None
(ENTRY #536) 2022-03-10 18:52:01.009555 >> LIN CALC FIN: 423.52153520410445
(ENTRY #537) 2022-03-10 18:52:01.009555 >> LIN CALC RAW: 476.47846479589555
(ENTRY #538) 2022-03-10 18:52:01.010550 >> Below!
(ENTRY #539) 2022-03-10 18:52:01.010550 >> Object lightRound has been created!
(ENTRY #540) 2022-03-10 18:52:01.010550 >> Protectile #106 has been created! Type: Light
(ENTRY #541) 2022-03-10 18:52:01.010550 >> Projectile created! ID: #106
(ENTRY #542) 2022-03-10 18:52:01.010550 >> MOUSEPOS: (581.3776893111501, 434.610916149035)
(ENTRY #543) 2022-03-10 18:52:01.010550 >> SLOPE CALC:None
(ENTRY #544) 2022-03-10 18:52:01.010550 >> LIN CALC FIN: 379.9907949637311
(ENTRY #545) 2022-03-10 18:52:01.010550 >> LIN CALC RAW: 520.0092050362689
(ENTRY #546) 2022-03-10 18:52:01.010550 >> Below!
(ENTRY #547) 2022-03-10 18:52:01.010550 >> Object lightRound has been created!
(ENTRY #548) 2022-03-10 18:52:01.010550 >> Protectile #108 has been created! Type: Light
(ENTRY #549) 2022-03-10 18:52:01.010550 >> Projectile created! ID: #108
(ENTRY #550) 2022-03-10 18:52:01.132455 >> Cloud created! ID: #14
(ENTRY #551) 2022-03-10 18:52:01.278107 >> Projectile removed!
(ENTRY #552) 2022-03-10 18:52:01.488074 >> Projectile has hit!
(ENTRY #553) 2022-03-10 18:52:01.488074 >> Projectile removed!
(ENTRY #554) 2022-03-10 18:52:01.747484 >> Projectile removed!
(ENTRY #555) 2022-03-10 18:52:02.039122 >> MOUSEPOS: (313, 549)
(ENTRY #556) 2022-03-10 18:52:02.039122 >> SLOPE CALC:None
(ENTRY #557) 2022-03-10 18:52:02.039122 >> LIN CALC FIN: 621.7168843460768
(ENTRY #558) 2022-03-10 18:52:02.039122 >> LIN CALC RAW: 278.28311565392323
(ENTRY #559) 2022-03-10 18:52:02.039122 >> Above!
(ENTRY #560) 2022-03-10 18:52:02.039122 >> Object lightRound has been created!
(ENTRY #561) 2022-03-10 18:52:02.039122 >> Protectile #110 has been created! Type: Light
(ENTRY #562) 2022-03-10 18:52:02.039122 >> Projectile created! ID: #110
(ENTRY #563) 2022-03-10 18:52:02.160816 >> Cloud created! ID: #15
(ENTRY #564) 2022-03-10 18:52:02.280612 >> Projectile has hit!
(ENTRY #565) 2022-03-10 18:52:02.280612 >> Projectile removed!
(ENTRY #566) 2022-03-10 18:52:02.376423 >> Projectile removed!
(ENTRY #567) 2022-03-10 18:52:02.476917 >> Projectile has hit!
(ENTRY #568) 2022-03-10 18:52:02.476917 >> Projectile removed!
(ENTRY #569) 2022-03-10 18:52:03.020653 >> MOUSEPOS: (130.68408210122732, 455.1382832179615)
(ENTRY #570) 2022-03-10 18:52:03.020653 >> SLOPE CALC:None
(ENTRY #571) 2022-03-10 18:52:03.020653 >> LIN CALC FIN: 373.71854490024134
(ENTRY #572) 2022-03-10 18:52:03.020653 >> LIN CALC RAW: 526.2814550997587
(ENTRY #573) 2022-03-10 18:52:03.020653 >> Below!
(ENTRY #574) 2022-03-10 18:52:03.020653 >> Object lightRound has been created!
(ENTRY #575) 2022-03-10 18:52:03.020653 >> Protectile #112 has been created! Type: Light
(ENTRY #576) 2022-03-10 18:52:03.020653 >> Projectile created! ID: #112
(ENTRY #577) 2022-03-10 18:52:03.020653 >> MOUSEPOS: (588.3769323135214, 526.3443533777477)
(ENTRY #578) 2022-03-10 18:52:03.020653 >> SLOPE CALC:None
(ENTRY #579) 2022-03-10 18:52:03.020653 >> LIN CALC FIN: 548.5441223567052
(ENTRY #580) 2022-03-10 18:52:03.020653 >> LIN CALC RAW: 351.4558776432948
(ENTRY #581) 2022-03-10 18:52:03.020653 >> Above!
(ENTRY #582) 2022-03-10 18:52:03.020653 >> Object lightRound has been created!
(ENTRY #583) 2022-03-10 18:52:03.021656 >> Protectile #114 has been created! Type: Light
(ENTRY #584) 2022-03-10 18:52:03.021656 >> Projectile created! ID: #114
(ENTRY #585) 2022-03-10 18:52:03.021656 >> MOUSEPOS: (494.7080736204247, 446.8752636636086)
(ENTRY #586) 2022-03-10 18:52:03.021656 >> SLOPE CALC:None
(ENTRY #587) 2022-03-10 18:52:03.021656 >> LIN CALC FIN: 438.675494684651
(ENTRY #588) 2022-03-10 18:52:03.021656 >> LIN CALC RAW: 461.324505315349
(ENTRY #589) 2022-03-10 18:52:03.021656 >> Below!
(ENTRY #590) 2022-03-10 18:52:03.021656 >> Object lightRound has been created!
(ENTRY #591) 2022-03-10 18:52:03.022646 >> Protectile #116 has been created! Type: Light
(ENTRY #592) 2022-03-10 18:52:03.022646 >> Projectile created! ID: #116
(ENTRY #593) 2022-03-10 18:52:03.126172 >> MOUSEPOS: (311, 549)
(ENTRY #594) 2022-03-10 18:52:03.127219 >> SLOPE CALC:None
(ENTRY #595) 2022-03-10 18:52:03.127219 >> LIN CALC FIN: 622.5004723368177
(ENTRY #596) 2022-03-10 18:52:03.127219 >> LIN CALC RAW: 277.49952766318233
(ENTRY #597) 2022-03-10 18:52:03.127219 >> Above!
(ENTRY #598) 2022-03-10 18:52:03.127219 >> Object lightRound has been created!
(ENTRY #599) 2022-03-10 18:52:03.127219 >> Protectile #118 has been created! Type: Light
(ENTRY #600) 2022-03-10 18:52:03.127219 >> Projectile created! ID: #118
(ENTRY #601) 2022-03-10 18:52:03.188132 >> Cloud created! ID: #16
(ENTRY #602) 2022-03-10 18:52:03.413946 >> Projectile removed!
(ENTRY #603) 2022-03-10 18:52:03.433390 >> Projectile has hit!
(ENTRY #604) 2022-03-10 18:52:03.433390 >> Projectile removed!
(ENTRY #605) 2022-03-10 18:52:03.687313 >> MOUSEPOS: (311, 549)
(ENTRY #606) 2022-03-10 18:52:03.687313 >> SLOPE CALC:None
(ENTRY #607) 2022-03-10 18:52:03.687313 >> LIN CALC FIN: 622.1336295518399
(ENTRY #608) 2022-03-10 18:52:03.687313 >> LIN CALC RAW: 277.86637044816007
(ENTRY #609) 2022-03-10 18:52:03.687313 >> Above!
(ENTRY #610) 2022-03-10 18:52:04.100092 >> Projectile has hit!
(ENTRY #611) 2022-03-10 18:52:04.100092 >> Projectile removed!
(ENTRY #612) 2022-03-10 18:52:04.216251 >> Cloud created! ID: #17
(ENTRY #613) 2022-03-10 18:52:04.415789 >> Projectile has hit!
(ENTRY #614) 2022-03-10 18:52:04.415789 >> Projectile removed!
(ENTRY #615) 2022-03-10 18:52:04.610163 >> MOUSEPOS: (285, 559)
(ENTRY #616) 2022-03-10 18:52:04.610163 >> SLOPE CALC:None
(ENTRY #617) 2022-03-10 18:52:04.610163 >> LIN CALC FIN: 592.826530381941
(ENTRY #618) 2022-03-10 18:52:04.610163 >> LIN CALC RAW: 307.173469618059
(ENTRY #619) 2022-03-10 18:52:04.610163 >> Above!
(ENTRY #620) 2022-03-10 18:52:04.610163 >> Object lightRound has been created!
(ENTRY #621) 2022-03-10 18:52:04.611169 >> Protectile #120 has been created! Type: Light
(ENTRY #622) 2022-03-10 18:52:04.611169 >> Projectile created! ID: #120
(ENTRY #623) 2022-03-10 18:52:04.745533 >> Projectile has hit!
(ENTRY #624) 2022-03-10 18:52:04.745533 >> Projectile removed!
(ENTRY #625) 2022-03-10 18:52:04.896485 >> Projectile removed!
(ENTRY #626) 2022-03-10 18:52:05.026406 >> MOUSEPOS: (181.49500128874536, 479.50818062712597)
(ENTRY #627) 2022-03-10 18:52:05.026406 >> SLOPE CALC:None
(ENTRY #628) 2022-03-10 18:52:05.026406 >> LIN CALC FIN: 438.4323302939515
(ENTRY #629) 2022-03-10 18:52:05.026406 >> LIN CALC RAW: 461.5676697060485
(ENTRY #630) 2022-03-10 18:52:05.026406 >> Below!
(ENTRY #631) 2022-03-10 18:52:05.026406 >> Object lightRound has been created!
(ENTRY #632) 2022-03-10 18:52:05.026406 >> Protectile #122 has been created! Type: Light
(ENTRY #633) 2022-03-10 18:52:05.026406 >> Projectile created! ID: #122
(ENTRY #634) 2022-03-10 18:52:05.026406 >> MOUSEPOS: (314.69873388073927, 574.6360628859454)
(ENTRY #635) 2022-03-10 18:52:05.026406 >> SLOPE CALC:None
(ENTRY #636) 2022-03-10 18:52:05.026406 >> LIN CALC FIN: 423.5739596863201
(ENTRY #637) 2022-03-10 18:52:05.026406 >> LIN CALC RAW: 476.4260403136799
(ENTRY #638) 2022-03-10 18:52:05.026406 >> Below!
(ENTRY #639) 2022-03-10 18:52:05.026406 >> Object lightRound has been created!
(ENTRY #640) 2022-03-10 18:52:05.027403 >> Protectile #124 has been created! Type: Light
(ENTRY #641) 2022-03-10 18:52:05.027403 >> Projectile created! ID: #124
(ENTRY #642) 2022-03-10 18:52:05.027403 >> MOUSEPOS: (308.69873388073927, 597.6360628859454)
(ENTRY #643) 2022-03-10 18:52:05.027403 >> SLOPE CALC:None
(ENTRY #644) 2022-03-10 18:52:05.027403 >> LIN CALC FIN: 286.96998743996085
(ENTRY #645) 2022-03-10 18:52:05.027403 >> LIN CALC RAW: 613.0300125600392
(ENTRY #646) 2022-03-10 18:52:05.027403 >> Below!
(ENTRY #647) 2022-03-10 18:52:05.027403 >> Object lightRound has been created!
(ENTRY #648) 2022-03-10 18:52:05.027403 >> Protectile #126 has been created! Type: Light
(ENTRY #649) 2022-03-10 18:52:05.027403 >> Projectile created! ID: #126
(ENTRY #650) 2022-03-10 18:52:05.045917 >> Projectile removed!
(ENTRY #651) 2022-03-10 18:52:05.413720 >> Cloud created! ID: #18
(ENTRY #652) 2022-03-10 18:52:05.513398 >> Projectile removed!
(ENTRY #653) 2022-03-10 18:52:05.878143 >> MOUSEPOS: (332, 582)
(ENTRY #654) 2022-03-10 18:52:05.878143 >> SLOPE CALC:None
(ENTRY #655) 2022-03-10 18:52:05.878143 >> LIN CALC FIN: 630.161224775539
(ENTRY #656) 2022-03-10 18:52:05.878143 >> LIN CALC RAW: 269.83877522446096
(ENTRY #657) 2022-03-10 18:52:05.878143 >> Above!
(ENTRY #658) 2022-03-10 18:52:05.878143 >> Object lightRound has been created!
(ENTRY #659) 2022-03-10 18:52:05.879149 >> Protectile #128 has been created! Type: Light
(ENTRY #660) 2022-03-10 18:52:05.879149 >> Projectile created! ID: #128
(ENTRY #661) 2022-03-10 18:52:05.936585 >> Projectile has hit!
(ENTRY #662) 2022-03-10 18:52:05.936585 >> Projectile removed!
(ENTRY #663) 2022-03-10 18:52:06.167637 >> Projectile has hit!
(ENTRY #664) 2022-03-10 18:52:06.167637 >> Projectile removed!
(ENTRY #665) 2022-03-10 18:52:06.413917 >> MOUSEPOS: (345, 578)
(ENTRY #666) 2022-03-10 18:52:06.413917 >> SLOPE CALC:None
(ENTRY #667) 2022-03-10 18:52:06.413917 >> LIN CALC FIN: 637.4529509972517
(ENTRY #668) 2022-03-10 18:52:06.413917 >> LIN CALC RAW: 262.5470490027483
(ENTRY #669) 2022-03-10 18:52:06.413917 >> Above!
(ENTRY #670) 2022-03-10 18:52:06.714957 >> Projectile has hit!
(ENTRY #671) 2022-03-10 18:52:06.714957 >> Projectile removed!
(ENTRY #672) 2022-03-10 18:52:06.766831 >> Projectile removed!
(ENTRY #673) 2022-03-10 18:52:06.784217 >> Cloud created! ID: #19
(ENTRY #674) 2022-03-10 18:52:07.031448 >> MOUSEPOS: (205.71449572664497, 461.5025561389407)
(ENTRY #675) 2022-03-10 18:52:07.031448 >> SLOPE CALC:None
(ENTRY #676) 2022-03-10 18:52:07.031448 >> LIN CALC FIN: 405.69850603446287
(ENTRY #677) 2022-03-10 18:52:07.031448 >> LIN CALC RAW: 494.30149396553713
(ENTRY #678) 2022-03-10 18:52:07.031448 >> Below!
(ENTRY #679) 2022-03-10 18:52:07.031448 >> Object lightRound has been created!
(ENTRY #680) 2022-03-10 18:52:07.032422 >> Protectile #130 has been created! Type: Light
(ENTRY #681) 2022-03-10 18:52:07.032422 >> Projectile created! ID: #130
(ENTRY #682) 2022-03-10 18:52:07.032422 >> MOUSEPOS: (411.71911584852774, 251.69388591258013)
(ENTRY #683) 2022-03-10 18:52:07.032422 >> SLOPE CALC:None
(ENTRY #684) 2022-03-10 18:52:07.032422 >> LIN CALC FIN: 381.8192950745457
(ENTRY #685) 2022-03-10 18:52:07.032422 >> LIN CALC RAW: 518.1807049254543
(ENTRY #686) 2022-03-10 18:52:07.032422 >> Above!
(ENTRY #687) 2022-03-10 18:52:07.032422 >> Object lightRound has been created!
(ENTRY #688) 2022-03-10 18:52:07.032422 >> Protectile #132 has been created! Type: Light
(ENTRY #689) 2022-03-10 18:52:07.032422 >> Projectile created! ID: #132
(ENTRY #690) 2022-03-10 18:52:07.844853 >> Cloud created! ID: #20
(ENTRY #691) 2022-03-10 18:52:07.976001 >> MOUSEPOS: (303, 125)
(ENTRY #692) 2022-03-10 18:52:07.976998 >> SLOPE CALC:None
(ENTRY #693) 2022-03-10 18:52:07.976998 >> LIN CALC FIN: 333.28094814734754
(ENTRY #694) 2022-03-10 18:52:07.976998 >> LIN CALC RAW: 566.7190518526525
(ENTRY #695) 2022-03-10 18:52:07.976998 >> Above!
(ENTRY #696) 2022-03-10 18:52:07.976998 >> Object lightRound has been created!
(ENTRY #697) 2022-03-10 18:52:07.976998 >> Protectile #134 has been created! Type: Light
(ENTRY #698) 2022-03-10 18:52:07.976998 >> Projectile created! ID: #134
(ENTRY #699) 2022-03-10 18:52:08.465932 >> Projectile removed!
(ENTRY #700) 2022-03-10 18:52:08.932425 >> Cloud created! ID: #21
(ENTRY #701) 2022-03-10 18:52:09.043597 >> MOUSEPOS: (168.14491900620158, 508.42649703170525)
(ENTRY #702) 2022-03-10 18:52:09.043597 >> SLOPE CALC:None
(ENTRY #703) 2022-03-10 18:52:09.043597 >> LIN CALC FIN: 292.8026205728894
(ENTRY #704) 2022-03-10 18:52:09.043597 >> LIN CALC RAW: 607.1973794271106
(ENTRY #705) 2022-03-10 18:52:09.043597 >> Below!
(ENTRY #706) 2022-03-10 18:52:09.043597 >> Object lightRound has been created!
(ENTRY #707) 2022-03-10 18:52:09.044599 >> Protectile #136 has been created! Type: Light
(ENTRY #708) 2022-03-10 18:52:09.044599 >> Projectile created! ID: #136
(ENTRY #709) 2022-03-10 18:52:09.044599 >> MOUSEPOS: (191.14491900620158, 516.4264970317053)
(ENTRY #710) 2022-03-10 18:52:09.044599 >> SLOPE CALC:None
(ENTRY #711) 2022-03-10 18:52:09.044599 >> LIN CALC FIN: 270.65982662268095
(ENTRY #712) 2022-03-10 18:52:09.044599 >> LIN CALC RAW: 629.340173377319
(ENTRY #713) 2022-03-10 18:52:09.044599 >> Below!
(ENTRY #714) 2022-03-10 18:52:09.044599 >> Object lightRound has been created!
(ENTRY #715) 2022-03-10 18:52:09.044599 >> Protectile #138 has been created! Type: Light
(ENTRY #716) 2022-03-10 18:52:09.044599 >> Projectile created! ID: #138
(ENTRY #717) 2022-03-10 18:52:09.572460 >> Cloud removed! ID: #21
(ENTRY #718) 2022-03-10 18:52:09.933512 >> Cloud created! ID: #22
(ENTRY #719) 2022-03-10 18:52:10.345976 >> Projectile has hit!
(ENTRY #720) 2022-03-10 18:52:10.345976 >> Projectile removed!
(ENTRY #721) 2022-03-10 18:52:10.487220 >> Cloud removed! ID: #22
(ENTRY #722) 2022-03-10 18:52:10.539964 >> Projectile removed!
(ENTRY #723) 2022-03-10 18:52:11.005936 >> Cloud created! ID: #23
(ENTRY #724) 2022-03-10 18:52:11.045068 >> MOUSEPOS: (166.50915357550704, 479.6920068296896)
(ENTRY #725) 2022-03-10 18:52:11.045068 >> SLOPE CALC:None
(ENTRY #726) 2022-03-10 18:52:11.045068 >> LIN CALC FIN: 168.34748600592673
(ENTRY #727) 2022-03-10 18:52:11.045068 >> LIN CALC RAW: 731.6525139940733
(ENTRY #728) 2022-03-10 18:52:11.045068 >> Below!
(ENTRY #729) 2022-03-10 18:52:11.045068 >> Object lightRound has been created!
(ENTRY #730) 2022-03-10 18:52:11.046046 >> Protectile #140 has been created! Type: Light
(ENTRY #731) 2022-03-10 18:52:11.046046 >> Projectile created! ID: #140
(ENTRY #732) 2022-03-10 18:52:11.046046 >> MOUSEPOS: (207.50915357550704, 499.6920068296896)
(ENTRY #733) 2022-03-10 18:52:11.046046 >> SLOPE CALC:None
(ENTRY #734) 2022-03-10 18:52:11.046046 >> LIN CALC FIN: 429.9790168115968
(ENTRY #735) 2022-03-10 18:52:11.046046 >> LIN CALC RAW: 470.0209831884032
(ENTRY #736) 2022-03-10 18:52:11.046046 >> Below!
(ENTRY #737) 2022-03-10 18:52:11.046046 >> Object lightRound has been created!
(ENTRY #738) 2022-03-10 18:52:11.046046 >> Protectile #142 has been created! Type: Light
(ENTRY #739) 2022-03-10 18:52:11.046046 >> Projectile created! ID: #142
(ENTRY #740) 2022-03-10 18:52:11.358392 >> Cloud removed! ID: #23
(ENTRY #741) 2022-03-10 18:52:11.505071 >> Projectile has hit!
(ENTRY #742) 2022-03-10 18:52:11.506067 >> Projectile removed!
(ENTRY #743) 2022-03-10 18:52:12.200209 >> Cloud removed! ID: #23
(ENTRY #744) 2022-03-10 18:52:12.218218 >> Cloud created! ID: #24
(ENTRY #745) 2022-03-10 18:52:12.438543 >> Projectile removed!
(ENTRY #746) 2022-03-10 18:52:12.780215 >> Projectile has hit!
(ENTRY #747) 2022-03-10 18:52:12.780215 >> Projectile removed!
(ENTRY #748) 2022-03-10 18:52:12.813089 >> Projectile removed!
(ENTRY #749) 2022-03-10 18:52:13.044128 >> Cloud removed! ID: #24
(ENTRY #750) 2022-03-10 18:52:13.061162 >> MOUSEPOS: (171.09515157644614, 473.8438942496648)
(ENTRY #751) 2022-03-10 18:52:13.061162 >> SLOPE CALC:None
(ENTRY #752) 2022-03-10 18:52:13.061162 >> LIN CALC FIN: 87.67041555207925
(ENTRY #753) 2022-03-10 18:52:13.061162 >> LIN CALC RAW: 812.3295844479208
(ENTRY #754) 2022-03-10 18:52:13.061162 >> Below!
(ENTRY #755) 2022-03-10 18:52:13.061162 >> Object lightRound has been created!
(ENTRY #756) 2022-03-10 18:52:13.062162 >> Protectile #144 has been created! Type: Light
(ENTRY #757) 2022-03-10 18:52:13.062162 >> Projectile created! ID: #144
(ENTRY #758) 2022-03-10 18:52:13.062162 >> MOUSEPOS: (183.09515157644614, 440.8438942496648)
(ENTRY #759) 2022-03-10 18:52:13.062162 >> SLOPE CALC:None
(ENTRY #760) 2022-03-10 18:52:13.062162 >> LIN CALC FIN: 506.35302686439434
(ENTRY #761) 2022-03-10 18:52:13.062162 >> LIN CALC RAW: 393.64697313560566
(ENTRY #762) 2022-03-10 18:52:13.062162 >> Above!
(ENTRY #763) 2022-03-10 18:52:13.062162 >> Object lightRound has been created!
(ENTRY #764) 2022-03-10 18:52:13.062162 >> Protectile #146 has been created! Type: Light
(ENTRY #765) 2022-03-10 18:52:13.062162 >> Projectile created! ID: #146
(ENTRY #766) 2022-03-10 18:52:13.246132 >> Cloud created! ID: #25
(ENTRY #767) 2022-03-10 18:52:13.681659 >> Projectile has hit!
(ENTRY #768) 2022-03-10 18:52:13.681659 >> Projectile removed!
(ENTRY #769) 2022-03-10 18:52:13.930517 >> Cloud removed! ID: #25
(ENTRY #770) 2022-03-10 18:52:14.372776 >> Cloud created! ID: #26
(ENTRY #771) 2022-03-10 18:52:14.918383 >> Cloud removed! ID: #26
(ENTRY #772) 2022-03-10 18:52:14.979854 >> MOUSEPOS: (91, 72)
(ENTRY #773) 2022-03-10 18:52:14.979854 >> SLOPE CALC:None
(ENTRY #774) 2022-03-10 18:52:14.979854 >> LIN CALC FIN: 331.3569615713957
(ENTRY #775) 2022-03-10 18:52:14.979854 >> LIN CALC RAW: 568.6430384286043
(ENTRY #776) 2022-03-10 18:52:14.979854 >> Above!
(ENTRY #777) 2022-03-10 18:52:14.979854 >> Object lightRound has been created!
(ENTRY #778) 2022-03-10 18:52:14.980887 >> Protectile #148 has been created! Type: Light
(ENTRY #779) 2022-03-10 18:52:14.980887 >> Projectile created! ID: #148
(ENTRY #780) 2022-03-10 18:52:15.071136 >> MOUSEPOS: (209.66820950552284, 422.0601100240838)
(ENTRY #781) 2022-03-10 18:52:15.071136 >> SLOPE CALC:None
(ENTRY #782) 2022-03-10 18:52:15.071136 >> LIN CALC FIN: 140.7264856547108
(ENTRY #783) 2022-03-10 18:52:15.071136 >> LIN CALC RAW: 759.2735143452892
(ENTRY #784) 2022-03-10 18:52:15.071136 >> Below!
(ENTRY #785) 2022-03-10 18:52:15.071136 >> Object lightRound has been created!
(ENTRY #786) 2022-03-10 18:52:15.072136 >> Protectile #150 has been created! Type: Light
(ENTRY #787) 2022-03-10 18:52:15.072136 >> Projectile created! ID: #150
(ENTRY #788) 2022-03-10 18:52:15.072136 >> MOUSEPOS: (178.66820950552284, 446.0601100240838)
(ENTRY #789) 2022-03-10 18:52:15.072136 >> SLOPE CALC:None
(ENTRY #790) 2022-03-10 18:52:15.072136 >> LIN CALC FIN: 601.1414938903638
(ENTRY #791) 2022-03-10 18:52:15.072136 >> LIN CALC RAW: 298.8585061096362
(ENTRY #792) 2022-03-10 18:52:15.072136 >> Above!
(ENTRY #793) 2022-03-10 18:52:15.072136 >> Object lightRound has been created!
(ENTRY #794) 2022-03-10 18:52:15.072136 >> Protectile #152 has been created! Type: Light
(ENTRY #795) 2022-03-10 18:52:15.072136 >> Projectile created! ID: #152
(ENTRY #796) 2022-03-10 18:52:15.412678 >> Cloud created! ID: #27
(ENTRY #797) 2022-03-10 18:52:15.684669 >> Projectile has hit!
(ENTRY #798) 2022-03-10 18:52:15.684669 >> Projectile removed!
(ENTRY #799) 2022-03-10 18:52:15.702305 >> Projectile removed!
(ENTRY #800) 2022-03-10 18:52:15.873184 >> Cloud removed! ID: #27
(ENTRY #801) 2022-03-10 18:52:16.531731 >> Cloud created! ID: #28
(ENTRY #802) 2022-03-10 18:52:16.820133 >> Cloud removed! ID: #28
(ENTRY #803) 2022-03-10 18:52:17.079322 >> MOUSEPOS: (220.48865041406705, 430.260394728772)
(ENTRY #804) 2022-03-10 18:52:17.079322 >> SLOPE CALC:None
(ENTRY #805) 2022-03-10 18:52:17.079322 >> LIN CALC FIN: 228.8534630177803
(ENTRY #806) 2022-03-10 18:52:17.079322 >> LIN CALC RAW: 671.1465369822197
(ENTRY #807) 2022-03-10 18:52:17.079322 >> Below!
(ENTRY #808) 2022-03-10 18:52:17.079322 >> Object lightRound has been created!
(ENTRY #809) 2022-03-10 18:52:17.079322 >> Protectile #154 has been created! Type: Light
(ENTRY #810) 2022-03-10 18:52:17.079322 >> Projectile created! ID: #154
(ENTRY #811) 2022-03-10 18:52:17.079322 >> MOUSEPOS: (189.48865041406705, 392.260394728772)
(ENTRY #812) 2022-03-10 18:52:17.079322 >> SLOPE CALC:None
(ENTRY #813) 2022-03-10 18:52:17.079322 >> LIN CALC FIN: 614.2966247912885
(ENTRY #814) 2022-03-10 18:52:17.079322 >> LIN CALC RAW: 285.70337520871146
(ENTRY #815) 2022-03-10 18:52:17.079322 >> Above!
(ENTRY #816) 2022-03-10 18:52:17.079322 >> Object lightRound has been created!
(ENTRY #817) 2022-03-10 18:52:17.080314 >> Protectile #156 has been created! Type: Light
(ENTRY #818) 2022-03-10 18:52:17.080314 >> Projectile created! ID: #156
(ENTRY #819) 2022-03-10 18:52:17.717630 >> Cloud created! ID: #29
(ENTRY #820) 2022-03-10 18:52:17.894384 >> Cloud removed! ID: #29
(ENTRY #821) 2022-03-10 18:52:17.911422 >> Projectile removed!
(ENTRY #822) 2022-03-10 18:52:18.755399 >> Cloud removed! ID: #29
(ENTRY #823) 2022-03-10 18:52:18.827033 >> Cloud created! ID: #30
(ENTRY #824) 2022-03-10 18:52:18.937671 >> Projectile removed!
(ENTRY #825) 2022-03-10 18:52:19.084683 >> MOUSEPOS: (191.10234101772397, 420.4293211923274)
(ENTRY #826) 2022-03-10 18:52:19.084683 >> SLOPE CALC:None
(ENTRY #827) 2022-03-10 18:52:19.084683 >> LIN CALC FIN: 201.9617773175372
(ENTRY #828) 2022-03-10 18:52:19.084683 >> LIN CALC RAW: 698.0382226824628
(ENTRY #829) 2022-03-10 18:52:19.084683 >> Below!
(ENTRY #830) 2022-03-10 18:52:19.084683 >> Object lightRound has been created!
(ENTRY #831) 2022-03-10 18:52:19.085676 >> Protectile #158 has been created! Type: Light
(ENTRY #832) 2022-03-10 18:52:19.085676 >> Projectile created! ID: #158
(ENTRY #833) 2022-03-10 18:52:19.085676 >> MOUSEPOS: (218.10234101772397, 405.4293211923274)
(ENTRY #834) 2022-03-10 18:52:19.085676 >> SLOPE CALC:None
(ENTRY #835) 2022-03-10 18:52:19.085676 >> LIN CALC FIN: 620.9869242825832
(ENTRY #836) 2022-03-10 18:52:19.085676 >> LIN CALC RAW: 279.01307571741677
(ENTRY #837) 2022-03-10 18:52:19.085676 >> Above!
(ENTRY #838) 2022-03-10 18:52:19.085676 >> Object lightRound has been created!
(ENTRY #839) 2022-03-10 18:52:19.085676 >> Protectile #160 has been created! Type: Light
(ENTRY #840) 2022-03-10 18:52:19.085676 >> Projectile created! ID: #160
(ENTRY #841) 2022-03-10 18:52:19.762342 >> Cloud removed! ID: #30
(ENTRY #842) 2022-03-10 18:52:19.835478 >> Cloud created! ID: #31
(ENTRY #843) 2022-03-10 18:52:19.836505 >> Projectile has hit!
(ENTRY #844) 2022-03-10 18:52:19.836505 >> Projectile removed!
(ENTRY #845) 2022-03-10 18:52:20.092438 >> Projectile removed!
(ENTRY #846) 2022-03-10 18:52:20.823078 >> Cloud removed! ID: #31
(ENTRY #847) 2022-03-10 18:52:20.859103 >> Cloud created! ID: #32
(ENTRY #848) 2022-03-10 18:52:20.898626 >> Projectile has hit!
(ENTRY #849) 2022-03-10 18:52:20.898626 >> Projectile removed!
(ENTRY #850) 2022-03-10 18:52:21.095324 >> MOUSEPOS: (177.52032502615526, 386.5599264033973)
(ENTRY #851) 2022-03-10 18:52:21.095324 >> SLOPE CALC:None
(ENTRY #852) 2022-03-10 18:52:21.095324 >> LIN CALC FIN: 185.20147281535594
(ENTRY #853) 2022-03-10 18:52:21.095324 >> LIN CALC RAW: 714.7985271846441
(ENTRY #854) 2022-03-10 18:52:21.095324 >> Below!
(ENTRY #855) 2022-03-10 18:52:21.095324 >> Object lightRound has been created!
(ENTRY #856) 2022-03-10 18:52:21.096320 >> Protectile #162 has been created! Type: Light
(ENTRY #857) 2022-03-10 18:52:21.096320 >> Projectile created! ID: #162
(ENTRY #858) 2022-03-10 18:52:21.096320 >> MOUSEPOS: (191.52032502615526, 415.5599264033973)
(ENTRY #859) 2022-03-10 18:52:21.096320 >> SLOPE CALC:None
(ENTRY #860) 2022-03-10 18:52:21.096320 >> LIN CALC FIN: 488.34268073546235
(ENTRY #861) 2022-03-10 18:52:21.096320 >> LIN CALC RAW: 411.65731926453765
(ENTRY #862) 2022-03-10 18:52:21.096320 >> Above!
(ENTRY #863) 2022-03-10 18:52:21.096320 >> Object lightRound has been created!
(ENTRY #864) 2022-03-10 18:52:21.096320 >> Protectile #164 has been created! Type: Light
(ENTRY #865) 2022-03-10 18:52:21.096320 >> Projectile created! ID: #164
(ENTRY #866) 2022-03-10 18:52:21.716475 >> Projectile has hit!
(ENTRY #867) 2022-03-10 18:52:21.716475 >> Projectile removed!
(ENTRY #868) 2022-03-10 18:52:21.859467 >> Cloud removed! ID: #32
(ENTRY #869) 2022-03-10 18:52:22.017649 >> Cloud created! ID: #33
(ENTRY #870) 2022-03-10 18:52:22.246048 >> Projectile removed!
(ENTRY #871) 2022-03-10 18:52:22.630376 >> Projectile removed!
(ENTRY #872) 2022-03-10 18:52:22.754306 >> Cloud removed! ID: #33
(ENTRY #873) 2022-03-10 18:52:23.041851 >> Cloud created! ID: #34
(ENTRY #874) 2022-03-10 18:52:23.110897 >> MOUSEPOS: (179.43179154568355, 397.17279677784455)
(ENTRY #875) 2022-03-10 18:52:23.110897 >> SLOPE CALC:None
(ENTRY #876) 2022-03-10 18:52:23.110897 >> LIN CALC FIN: 136.6230814383614
(ENTRY #877) 2022-03-10 18:52:23.110897 >> LIN CALC RAW: 763.3769185616386
(ENTRY #878) 2022-03-10 18:52:23.110897 >> Below!
(ENTRY #879) 2022-03-10 18:52:23.111897 >> Object lightRound has been created!
(ENTRY #880) 2022-03-10 18:52:23.111897 >> Protectile #166 has been created! Type: Light
(ENTRY #881) 2022-03-10 18:52:23.111897 >> Projectile created! ID: #166
(ENTRY #882) 2022-03-10 18:52:23.111897 >> MOUSEPOS: (196.43179154568355, 399.17279677784455)
(ENTRY #883) 2022-03-10 18:52:23.111897 >> SLOPE CALC:None
(ENTRY #884) 2022-03-10 18:52:23.111897 >> LIN CALC FIN: 500.82374711237327
(ENTRY #885) 2022-03-10 18:52:23.111897 >> LIN CALC RAW: 399.17625288762673
(ENTRY #886) 2022-03-10 18:52:23.111897 >> Above!
(ENTRY #887) 2022-03-10 18:52:23.111897 >> Object lightRound has been created!
(ENTRY #888) 2022-03-10 18:52:23.112897 >> Protectile #168 has been created! Type: Light
(ENTRY #889) 2022-03-10 18:52:23.112897 >> Projectile created! ID: #168
(ENTRY #890) 2022-03-10 18:52:23.679915 >> Cloud removed! ID: #34
(ENTRY #891) 2022-03-10 18:52:24.200735 >> Cloud created! ID: #35
(ENTRY #892) 2022-03-10 18:52:24.294081 >> MOUSEPOS: (132, 33)
(ENTRY #893) 2022-03-10 18:52:24.294081 >> SLOPE CALC:None
(ENTRY #894) 2022-03-10 18:52:24.294081 >> LIN CALC FIN: 369.3443474087659
(ENTRY #895) 2022-03-10 18:52:24.294081 >> LIN CALC RAW: 530.6556525912341
(ENTRY #896) 2022-03-10 18:52:24.294081 >> Above!
(ENTRY #897) 2022-03-10 18:52:24.294081 >> Object lightRound has been created!
(ENTRY #898) 2022-03-10 18:52:24.294081 >> Protectile #170 has been created! Type: Light
(ENTRY #899) 2022-03-10 18:52:24.294081 >> Projectile created! ID: #170
(ENTRY #900) 2022-03-10 18:52:24.652025 >> Cloud removed! ID: #35
(ENTRY #901) 2022-03-10 18:52:25.118500 >> MOUSEPOS: (155.60824027873343, 373.8529171953388)
(ENTRY #902) 2022-03-10 18:52:25.118500 >> SLOPE CALC:None
(ENTRY #903) 2022-03-10 18:52:25.118500 >> LIN CALC FIN: 126.78185476554484
(ENTRY #904) 2022-03-10 18:52:25.118500 >> LIN CALC RAW: 773.2181452344552
(ENTRY #905) 2022-03-10 18:52:25.118500 >> Below!
(ENTRY #906) 2022-03-10 18:52:25.118500 >> Object lightRound has been created!
(ENTRY #907) 2022-03-10 18:52:25.119500 >> Protectile #172 has been created! Type: Light
(ENTRY #908) 2022-03-10 18:52:25.119500 >> Projectile created! ID: #172
(ENTRY #909) 2022-03-10 18:52:25.119500 >> MOUSEPOS: (132.60824027873343, 394.8529171953388)
(ENTRY #910) 2022-03-10 18:52:25.119500 >> SLOPE CALC:None
(ENTRY #911) 2022-03-10 18:52:25.119500 >> LIN CALC FIN: 452.34668332192246
(ENTRY #912) 2022-03-10 18:52:25.119500 >> LIN CALC RAW: 447.65331667807754
(ENTRY #913) 2022-03-10 18:52:25.119500 >> Above!
(ENTRY #914) 2022-03-10 18:52:25.119500 >> Object lightRound has been created!
(ENTRY #915) 2022-03-10 18:52:25.120500 >> Protectile #174 has been created! Type: Light
(ENTRY #916) 2022-03-10 18:52:25.120500 >> Projectile created! ID: #174
(ENTRY #917) 2022-03-10 18:52:25.275469 >> Cloud created! ID: #36
(ENTRY #918) 2022-03-10 18:52:25.723580 >> MOUSEPOS: (162, 73)
(ENTRY #919) 2022-03-10 18:52:25.723580 >> SLOPE CALC:None
(ENTRY #920) 2022-03-10 18:52:25.723580 >> LIN CALC FIN: 314.30259772002023
(ENTRY #921) 2022-03-10 18:52:25.723580 >> LIN CALC RAW: 585.6974022799798
(ENTRY #922) 2022-03-10 18:52:25.723580 >> Above!
(ENTRY #923) 2022-03-10 18:52:25.723580 >> Object lightRound has been created!
(ENTRY #924) 2022-03-10 18:52:25.724587 >> Protectile #176 has been created! Type: Light
(ENTRY #925) 2022-03-10 18:52:25.724587 >> Projectile created! ID: #176
(ENTRY #926) 2022-03-10 18:52:25.869102 >> Cloud removed! ID: #36
(ENTRY #927) 2022-03-10 18:52:25.888021 >> Projectile has hit!
(ENTRY #928) 2022-03-10 18:52:25.888021 >> Projectile removed!
(ENTRY #929) 2022-03-10 18:52:26.274742 >> Projectile has hit!
(ENTRY #930) 2022-03-10 18:52:26.274742 >> Projectile removed!
(ENTRY #931) 2022-03-10 18:52:26.305725 >> Death menu active!
(ENTRY #932) 2022-03-10 18:52:27.037998 >> Returning to menu!
(ENTRY #933) 2022-03-10 18:52:30.286732 >> Naval Warfare 2D Closed...
