Log for Naval Warfare 2D, intended for debugging purposes only! 

(ENTRY #1) 2022-04-18 21:29:16.844355 >> Initialized Log handler...
(ENTRY #2) 2022-04-18 21:29:17.471872 >> Initialized Warship handler...
(ENTRY #3) 2022-04-18 21:29:17.472873 >> Initialized Projectile handler...
(ENTRY #4) 2022-04-18 21:29:17.482874 >> Initialized GUI handler...
(ENTRY #5) 2022-04-18 21:29:17.482874 >> Starting Naval Warfare 2D...
(ENTRY #6) 2022-04-18 21:29:22.616490 >> Created Sprite for Player!
(ENTRY #7) 2022-04-18 21:29:22.616490 >> Finished initalizing!
(ENTRY #8) 2022-04-18 21:29:35.758411 >> Returning to menu!
(ENTRY #9) 2022-04-18 21:29:36.276413 >> Game resumed!
(ENTRY #10) 2022-04-18 21:29:36.277413 >> Dumb-AI Entity created!
(ENTRY #11) 2022-04-18 21:29:36.277413 >> Dumb-AI Entity created!
(ENTRY #12) 2022-04-18 21:29:36.290412 >> Cloud created! ID: #1
(ENTRY #13) 2022-04-18 21:29:36.346410 >> Dumb-AI Entity created!
(ENTRY #14) 2022-04-18 21:29:37.350940 >> Activating shop!
(ENTRY #15) 2022-04-18 21:29:38.348480 >> Returning to game!
(ENTRY #16) 2022-04-18 21:29:38.359480 >> Opened about menu!
(ENTRY #17) 2022-04-18 21:29:38.371480 >> Cloud created! ID: #2
(ENTRY #18) 2022-04-18 21:29:38.372480 >> MOUSEPOS: (162.0, 228.0)
(ENTRY #19) 2022-04-18 21:29:38.372480 >> SLOPE CALC:None
(ENTRY #20) 2022-04-18 21:29:38.372480 >> LIN CALC FIN: 254.0
(ENTRY #21) 2022-04-18 21:29:38.372480 >> LIN CALC RAW: 646.0
(ENTRY #22) 2022-04-18 21:29:38.372480 >> Above!
(ENTRY #23) 2022-04-18 21:29:38.372480 >> Object lightRound has been created!
(ENTRY #24) 2022-04-18 21:29:38.372480 >> Protectile #2 has been created! Type: Light
(ENTRY #25) 2022-04-18 21:29:38.372480 >> Projectile created! ID: #2
(ENTRY #26) 2022-04-18 21:29:38.372480 >> MOUSEPOS: (168.0, 218.0)
(ENTRY #27) 2022-04-18 21:29:38.372480 >> SLOPE CALC:None
(ENTRY #28) 2022-04-18 21:29:38.372480 >> LIN CALC FIN: 234.0
(ENTRY #29) 2022-04-18 21:29:38.372480 >> LIN CALC RAW: 666.0
(ENTRY #30) 2022-04-18 21:29:38.372480 >> Above!
(ENTRY #31) 2022-04-18 21:29:38.372480 >> Object lightRound has been created!
(ENTRY #32) 2022-04-18 21:29:38.372480 >> Protectile #4 has been created! Type: Light
(ENTRY #33) 2022-04-18 21:29:38.372480 >> Projectile created! ID: #4
(ENTRY #34) 2022-04-18 21:29:38.372480 >> MOUSEPOS: (146.0, 213.0)
(ENTRY #35) 2022-04-18 21:29:38.372480 >> SLOPE CALC:None
(ENTRY #36) 2022-04-18 21:29:38.372480 >> LIN CALC FIN: 191.0
(ENTRY #37) 2022-04-18 21:29:38.372480 >> LIN CALC RAW: 709.0
(ENTRY #38) 2022-04-18 21:29:38.372480 >> Below!
(ENTRY #39) 2022-04-18 21:29:38.372480 >> Object lightRound has been created!
(ENTRY #40) 2022-04-18 21:29:38.372480 >> Protectile #6 has been created! Type: Light
(ENTRY #41) 2022-04-18 21:29:38.372480 >> Projectile created! ID: #6
(ENTRY #42) 2022-04-18 21:29:38.385480 >> Projectile has hit!
(ENTRY #43) 2022-04-18 21:29:38.385480 >> Projectile has hit!
(ENTRY #44) 2022-04-18 21:29:38.385480 >> Projectile removed!
(ENTRY #45) 2022-04-18 21:29:38.385480 >> Projectile removed!
(ENTRY #46) 2022-04-18 21:29:38.577478 >> Returning to menu!
(ENTRY #47) 2022-04-18 21:29:38.938988 >> Opened about menu!
(ENTRY #48) 2022-04-18 21:29:39.797534 >> Returning to menu!
(ENTRY #49) 2022-04-18 21:29:40.972214 >> Returning to menu!
(ENTRY #50) 2022-04-18 21:29:41.821793 >> Returning to menu!
(ENTRY #51) 2022-04-18 21:29:42.349324 >> Game resumed!
(ENTRY #52) 2022-04-18 21:29:42.350325 >> Dumb-AI Entity created!
(ENTRY #53) 2022-04-18 21:29:42.351325 >> Dumb-AI Entity created!
(ENTRY #54) 2022-04-18 21:29:42.376020 >> Cloud created! ID: #3
(ENTRY #55) 2022-04-18 21:29:42.414925 >> Dumb-AI Entity created!
(ENTRY #56) 2022-04-18 21:29:42.921303 >> MOUSEPOS: (143, 208)
(ENTRY #57) 2022-04-18 21:29:42.921303 >> SLOPE CALC:None
(ENTRY #58) 2022-04-18 21:29:42.921303 >> LIN CALC FIN: 407.0
(ENTRY #59) 2022-04-18 21:29:42.921303 >> LIN CALC RAW: 493.0
(ENTRY #60) 2022-04-18 21:29:42.921303 >> Above!
(ENTRY #61) 2022-04-18 21:29:42.921303 >> Object lightRound has been created!
(ENTRY #62) 2022-04-18 21:29:42.921303 >> Protectile #8 has been created! Type: Light
(ENTRY #63) 2022-04-18 21:29:42.921303 >> Projectile created! ID: #8
(ENTRY #64) 2022-04-18 21:29:43.494416 >> Cloud created! ID: #4
(ENTRY #65) 2022-04-18 21:29:44.012602 >> Projectile removed!
(ENTRY #66) 2022-04-18 21:29:44.282685 >> MOUSEPOS: (129, 104)
(ENTRY #67) 2022-04-18 21:29:44.282685 >> SLOPE CALC:None
(ENTRY #68) 2022-04-18 21:29:44.282685 >> LIN CALC FIN: 421.0
(ENTRY #69) 2022-04-18 21:29:44.282685 >> LIN CALC RAW: 479.0
(ENTRY #70) 2022-04-18 21:29:44.282685 >> Above!
(ENTRY #71) 2022-04-18 21:29:44.282685 >> Object lightRound has been created!
(ENTRY #72) 2022-04-18 21:29:44.282685 >> Protectile #10 has been created! Type: Light
(ENTRY #73) 2022-04-18 21:29:44.282685 >> Projectile created! ID: #10
(ENTRY #74) 2022-04-18 21:29:44.373588 >> MOUSEPOS: (124.95439645251014, 185.04717263051458)
(ENTRY #75) 2022-04-18 21:29:44.373588 >> SLOPE CALC:None
(ENTRY #76) 2022-04-18 21:29:44.373588 >> LIN CALC FIN: 147.7787681079045
(ENTRY #77) 2022-04-18 21:29:44.373588 >> LIN CALC RAW: 752.2212318920955
(ENTRY #78) 2022-04-18 21:29:44.373588 >> Below!
(ENTRY #79) 2022-04-18 21:29:44.373588 >> Object lightRound has been created!
(ENTRY #80) 2022-04-18 21:29:44.373588 >> Protectile #12 has been created! Type: Light
(ENTRY #81) 2022-04-18 21:29:44.373588 >> Projectile created! ID: #12
(ENTRY #82) 2022-04-18 21:29:44.373588 >> MOUSEPOS: (157.95439645251014, 190.04717263051458)
(ENTRY #83) 2022-04-18 21:29:44.373588 >> SLOPE CALC:None
(ENTRY #84) 2022-04-18 21:29:44.373588 >> LIN CALC FIN: 171.80977499169057
(ENTRY #85) 2022-04-18 21:29:44.373588 >> LIN CALC RAW: 728.1902250083094
(ENTRY #86) 2022-04-18 21:29:44.373588 >> Below!
(ENTRY #87) 2022-04-18 21:29:44.373588 >> Object lightRound has been created!
(ENTRY #88) 2022-04-18 21:29:44.373588 >> Protectile #14 has been created! Type: Light
(ENTRY #89) 2022-04-18 21:29:44.373588 >> Projectile created! ID: #14
(ENTRY #90) 2022-04-18 21:29:44.373588 >> MOUSEPOS: (146.20679198813536, 159.03116364352974)
(ENTRY #91) 2022-04-18 21:29:44.373588 >> SLOPE CALC:None
(ENTRY #92) 2022-04-18 21:29:44.373588 >> LIN CALC FIN: 174.2995681661398
(ENTRY #93) 2022-04-18 21:29:44.373588 >> LIN CALC RAW: 725.7004318338602
(ENTRY #94) 2022-04-18 21:29:44.373588 >> Above!
(ENTRY #95) 2022-04-18 21:29:44.373588 >> Object lightRound has been created!
(ENTRY #96) 2022-04-18 21:29:44.373588 >> Protectile #16 has been created! Type: Light
(ENTRY #97) 2022-04-18 21:29:44.373588 >> Projectile created! ID: #16
(ENTRY #98) 2022-04-18 21:29:44.387589 >> Projectile has hit!
(ENTRY #99) 2022-04-18 21:29:44.387589 >> Projectile has hit!
(ENTRY #100) 2022-04-18 21:29:44.387589 >> Projectile removed!
(ENTRY #101) 2022-04-18 21:29:44.387589 >> Projectile removed!
(ENTRY #102) 2022-04-18 21:29:44.596588 >> Cloud created! ID: #5
(ENTRY #103) 2022-04-18 21:29:46.511308 >> Naval Warfare 2D Closed...
