Log for Naval Warfare 2D, intended for debugging purposes only! 

(ENTRY #1) 2022-03-11 11:35:53.922264 >> Initialized Log handler...
(ENTRY #2) 2022-03-11 11:35:54.866869 >> Initialized Warship handler...
(ENTRY #3) 2022-03-11 11:35:54.870865 >> Initialized Projectile handler...
(ENTRY #4) 2022-03-11 11:35:54.871867 >> Dumb-AI Entity created!
(ENTRY #5) 2022-03-11 11:35:54.873870 >> Dumb-AI Entity created!
(ENTRY #6) 2022-03-11 11:35:54.875871 >> Dumb-AI Entity created!
(ENTRY #7) 2022-03-11 11:35:54.881867 >> Dumb-AI Entity created!
(ENTRY #8) 2022-03-11 11:35:54.888870 >> Dumb-AI Entity created!
(ENTRY #9) 2022-03-11 11:35:54.901877 >> Dumb-AI Entity created!
(ENTRY #10) 2022-03-11 11:35:54.905873 >> Dumb-AI Entity created!
(ENTRY #11) 2022-03-11 11:35:54.913871 >> Dumb-AI Entity created!
(ENTRY #12) 2022-03-11 11:35:54.918872 >> Dumb-AI Entity created!
(ENTRY #13) 2022-03-11 11:35:54.924869 >> Dumb-AI Entity created!
(ENTRY #14) 2022-03-11 11:35:54.979862 >> Initialized GUI handler...
(ENTRY #15) 2022-03-11 11:35:54.980864 >> Starting Naval Warfare 2D...
(ENTRY #16) 2022-03-11 11:36:00.559746 >> Created Sprite for Player!
(ENTRY #17) 2022-03-11 11:36:00.560753 >> Finished initalizing!
(ENTRY #18) 2022-03-11 11:36:02.883740 >> Returning to menu!
(ENTRY #19) 2022-03-11 11:36:03.550891 >> Game resumed!
(ENTRY #20) 2022-03-11 11:36:03.570887 >> MOUSEPOS: (383.0, 492.75)
(ENTRY #21) 2022-03-11 11:36:03.570887 >> SLOPE CALC:None
(ENTRY #22) 2022-03-11 11:36:03.570887 >> LIN CALC FIN: 522.75
(ENTRY #23) 2022-03-11 11:36:03.570887 >> LIN CALC RAW: 377.25
(ENTRY #24) 2022-03-11 11:36:03.570887 >> Above!
(ENTRY #25) 2022-03-11 11:36:03.570887 >> Object lightRound has been created!
(ENTRY #26) 2022-03-11 11:36:03.572883 >> Protectile #2 has been created! Type: Light
(ENTRY #27) 2022-03-11 11:36:03.572883 >> Projectile created! ID: #2
(ENTRY #28) 2022-03-11 11:36:03.572883 >> MOUSEPOS: (331.0, 453.75)
(ENTRY #29) 2022-03-11 11:36:03.572883 >> SLOPE CALC:None
(ENTRY #30) 2022-03-11 11:36:03.572883 >> LIN CALC FIN: 460.75
(ENTRY #31) 2022-03-11 11:36:03.572883 >> LIN CALC RAW: 439.25
(ENTRY #32) 2022-03-11 11:36:03.572883 >> Above!
(ENTRY #33) 2022-03-11 11:36:03.572883 >> Object lightRound has been created!
(ENTRY #34) 2022-03-11 11:36:03.573888 >> Protectile #4 has been created! Type: Light
(ENTRY #35) 2022-03-11 11:36:03.573888 >> Projectile created! ID: #4
(ENTRY #36) 2022-03-11 11:36:03.573888 >> MOUSEPOS: (362.0, 512.75)
(ENTRY #37) 2022-03-11 11:36:03.573888 >> SLOPE CALC:None
(ENTRY #38) 2022-03-11 11:36:03.573888 >> LIN CALC FIN: 481.75
(ENTRY #39) 2022-03-11 11:36:03.573888 >> LIN CALC RAW: 418.25
(ENTRY #40) 2022-03-11 11:36:03.573888 >> Below!
(ENTRY #41) 2022-03-11 11:36:03.573888 >> Object lightRound has been created!
(ENTRY #42) 2022-03-11 11:36:03.573888 >> Protectile #6 has been created! Type: Light
(ENTRY #43) 2022-03-11 11:36:03.573888 >> Projectile created! ID: #6
(ENTRY #44) 2022-03-11 11:36:03.573888 >> MOUSEPOS: (448.0, 524.75)
(ENTRY #45) 2022-03-11 11:36:03.573888 >> SLOPE CALC:None
(ENTRY #46) 2022-03-11 11:36:03.573888 >> LIN CALC FIN: 557.75
(ENTRY #47) 2022-03-11 11:36:03.573888 >> LIN CALC RAW: 342.25
(ENTRY #48) 2022-03-11 11:36:03.573888 >> Above!
(ENTRY #49) 2022-03-11 11:36:03.573888 >> Object lightRound has been created!
(ENTRY #50) 2022-03-11 11:36:03.574887 >> Protectile #8 has been created! Type: Light
(ENTRY #51) 2022-03-11 11:36:03.574887 >> Projectile created! ID: #8
(ENTRY #52) 2022-03-11 11:36:03.574887 >> MOUSEPOS: (458.0, 575.75)
(ENTRY #53) 2022-03-11 11:36:03.574887 >> SLOPE CALC:None
(ENTRY #54) 2022-03-11 11:36:03.574887 >> LIN CALC FIN: 557.75
(ENTRY #55) 2022-03-11 11:36:03.574887 >> LIN CALC RAW: 342.25
(ENTRY #56) 2022-03-11 11:36:03.574887 >> Below!
(ENTRY #57) 2022-03-11 11:36:03.574887 >> Object lightRound has been created!
(ENTRY #58) 2022-03-11 11:36:03.575887 >> Protectile #10 has been created! Type: Light
(ENTRY #59) 2022-03-11 11:36:03.575887 >> Projectile created! ID: #10
(ENTRY #60) 2022-03-11 11:36:03.575887 >> MOUSEPOS: (412.0, 568.75)
(ENTRY #61) 2022-03-11 11:36:03.575887 >> SLOPE CALC:None
(ENTRY #62) 2022-03-11 11:36:03.575887 >> LIN CALC FIN: 507.0
(ENTRY #63) 2022-03-11 11:36:03.575887 >> LIN CALC RAW: 393.0
(ENTRY #64) 2022-03-11 11:36:03.575887 >> Below!
(ENTRY #65) 2022-03-11 11:36:03.575887 >> Object lightRound has been created!
(ENTRY #66) 2022-03-11 11:36:03.575887 >> Protectile #12 has been created! Type: Light
(ENTRY #67) 2022-03-11 11:36:03.575887 >> Projectile created! ID: #12
(ENTRY #68) 2022-03-11 11:36:03.575887 >> MOUSEPOS: (487.0, 472.0)
(ENTRY #69) 2022-03-11 11:36:03.575887 >> SLOPE CALC:None
(ENTRY #70) 2022-03-11 11:36:03.576888 >> LIN CALC FIN: 426.0
(ENTRY #71) 2022-03-11 11:36:03.576888 >> LIN CALC RAW: 474.0
(ENTRY #72) 2022-03-11 11:36:03.576888 >> Below!
(ENTRY #73) 2022-03-11 11:36:03.576888 >> Object lightRound has been created!
(ENTRY #74) 2022-03-11 11:36:03.576888 >> Protectile #14 has been created! Type: Light
(ENTRY #75) 2022-03-11 11:36:03.576888 >> Projectile created! ID: #14
(ENTRY #76) 2022-03-11 11:36:03.576888 >> MOUSEPOS: (594.0, 501.0)
(ENTRY #77) 2022-03-11 11:36:03.576888 >> SLOPE CALC:None
(ENTRY #78) 2022-03-11 11:36:03.576888 >> LIN CALC FIN: 453.0
(ENTRY #79) 2022-03-11 11:36:03.576888 >> LIN CALC RAW: 447.0
(ENTRY #80) 2022-03-11 11:36:03.576888 >> Below!
(ENTRY #81) 2022-03-11 11:36:03.576888 >> Object lightRound has been created!
(ENTRY #82) 2022-03-11 11:36:03.577886 >> Protectile #16 has been created! Type: Light
(ENTRY #83) 2022-03-11 11:36:03.577886 >> Projectile created! ID: #16
(ENTRY #84) 2022-03-11 11:36:03.577886 >> MOUSEPOS: (687.0, 548.0)
(ENTRY #85) 2022-03-11 11:36:03.577886 >> SLOPE CALC:None
(ENTRY #86) 2022-03-11 11:36:03.577886 >> LIN CALC FIN: 592.0
(ENTRY #87) 2022-03-11 11:36:03.577886 >> LIN CALC RAW: 308.0
(ENTRY #88) 2022-03-11 11:36:03.577886 >> Above!
(ENTRY #89) 2022-03-11 11:36:03.577886 >> Object lightRound has been created!
(ENTRY #90) 2022-03-11 11:36:03.578888 >> Protectile #18 has been created! Type: Light
(ENTRY #91) 2022-03-11 11:36:03.578888 >> Projectile created! ID: #18
(ENTRY #92) 2022-03-11 11:36:03.578888 >> MOUSEPOS: (782.0, 537.0)
(ENTRY #93) 2022-03-11 11:36:03.578888 >> SLOPE CALC:None
(ENTRY #94) 2022-03-11 11:36:03.578888 >> LIN CALC FIN: 481.0
(ENTRY #95) 2022-03-11 11:36:03.578888 >> LIN CALC RAW: 419.0
(ENTRY #96) 2022-03-11 11:36:03.578888 >> Below!
(ENTRY #97) 2022-03-11 11:36:03.578888 >> Object lightRound has been created!
(ENTRY #98) 2022-03-11 11:36:03.579897 >> Protectile #20 has been created! Type: Light
(ENTRY #99) 2022-03-11 11:36:03.579897 >> Projectile created! ID: #20
(ENTRY #100) 2022-03-11 11:36:03.603883 >> Cloud created! ID: #1
(ENTRY #101) 2022-03-11 11:36:03.994306 >> Opened Debug Menu!
(ENTRY #102) 2022-03-11 11:36:04.067298 >> Returning to menu!
(ENTRY #103) 2022-03-11 11:36:04.095298 >> Projectile has hit!
(ENTRY #104) 2022-03-11 11:36:04.095298 >> Projectile removed!
(ENTRY #105) 2022-03-11 11:36:04.121298 >> Projectile has hit!
(ENTRY #106) 2022-03-11 11:36:04.121298 >> Projectile removed!
(ENTRY #107) 2022-03-11 11:36:04.218296 >> MOUSEPOS: (416, 442)
(ENTRY #108) 2022-03-11 11:36:04.218296 >> SLOPE CALC:None
(ENTRY #109) 2022-03-11 11:36:04.218296 >> LIN CALC FIN: 132.0231224753909
(ENTRY #110) 2022-03-11 11:36:04.218296 >> LIN CALC RAW: 767.9768775246091
(ENTRY #111) 2022-03-11 11:36:04.218296 >> Below!
(ENTRY #112) 2022-03-11 11:36:04.218296 >> Object lightRound has been created!
(ENTRY #113) 2022-03-11 11:36:04.219294 >> Protectile #22 has been created! Type: Light
(ENTRY #114) 2022-03-11 11:36:04.219294 >> Projectile created! ID: #22
(ENTRY #115) 2022-03-11 11:36:04.267400 >> Projectile has hit!
(ENTRY #116) 2022-03-11 11:36:04.268399 >> Projectile removed!
(ENTRY #117) 2022-03-11 11:36:04.626222 >> Cloud created! ID: #2
(ENTRY #118) 2022-03-11 11:36:04.850821 >> Projectile has hit!
(ENTRY #119) 2022-03-11 11:36:04.850821 >> Projectile removed!
(ENTRY #120) 2022-03-11 11:36:05.564547 >> Projectile has hit!
(ENTRY #121) 2022-03-11 11:36:05.564547 >> Projectile removed!
(ENTRY #122) 2022-03-11 11:36:05.589552 >> MOUSEPOS: (364.6718788770511, 478.6314759509099)
(ENTRY #123) 2022-03-11 11:36:05.589552 >> SLOPE CALC:None
(ENTRY #124) 2022-03-11 11:36:05.589552 >> LIN CALC FIN: 481.975233705012
(ENTRY #125) 2022-03-11 11:36:05.589552 >> LIN CALC RAW: 418.024766294988
(ENTRY #126) 2022-03-11 11:36:05.589552 >> Above!
(ENTRY #127) 2022-03-11 11:36:05.589552 >> Object lightRound has been created!
(ENTRY #128) 2022-03-11 11:36:05.589552 >> Protectile #24 has been created! Type: Light
(ENTRY #129) 2022-03-11 11:36:05.589552 >> Projectile created! ID: #24
(ENTRY #130) 2022-03-11 11:36:05.589552 >> MOUSEPOS: (309.32812112294897, 420.6314759509099)
(ENTRY #131) 2022-03-11 11:36:05.589552 >> SLOPE CALC:None
(ENTRY #132) 2022-03-11 11:36:05.589552 >> LIN CALC FIN: 423.28771819680776
(ENTRY #133) 2022-03-11 11:36:05.589552 >> LIN CALC RAW: 476.71228180319224
(ENTRY #134) 2022-03-11 11:36:05.589552 >> Above!
(ENTRY #135) 2022-03-11 11:36:05.589552 >> Object lightRound has been created!
(ENTRY #136) 2022-03-11 11:36:05.590563 >> Protectile #26 has been created! Type: Light
(ENTRY #137) 2022-03-11 11:36:05.590563 >> Projectile created! ID: #26
(ENTRY #138) 2022-03-11 11:36:05.590563 >> MOUSEPOS: (487.6718788770511, 582.6314759509108)
(ENTRY #139) 2022-03-11 11:36:05.590563 >> SLOPE CALC:None
(ENTRY #140) 2022-03-11 11:36:05.590563 >> LIN CALC FIN: 584.9752337050123
(ENTRY #141) 2022-03-11 11:36:05.590563 >> LIN CALC RAW: 315.02476629498767
(ENTRY #142) 2022-03-11 11:36:05.590563 >> Above!
(ENTRY #143) 2022-03-11 11:36:05.590563 >> Object lightRound has been created!
(ENTRY #144) 2022-03-11 11:36:05.590563 >> Protectile #28 has been created! Type: Light
(ENTRY #145) 2022-03-11 11:36:05.590563 >> Projectile created! ID: #28
(ENTRY #146) 2022-03-11 11:36:05.591559 >> MOUSEPOS: (424.32812112294897, 545.6314759509103)
(ENTRY #147) 2022-03-11 11:36:05.591559 >> SLOPE CALC:None
(ENTRY #148) 2022-03-11 11:36:05.591559 >> LIN CALC FIN: 562.9752337050129
(ENTRY #149) 2022-03-11 11:36:05.591559 >> LIN CALC RAW: 337.0247662949871
(ENTRY #150) 2022-03-11 11:36:05.591559 >> Above!
(ENTRY #151) 2022-03-11 11:36:05.591559 >> Object lightRound has been created!
(ENTRY #152) 2022-03-11 11:36:05.591559 >> Protectile #30 has been created! Type: Light
(ENTRY #153) 2022-03-11 11:36:05.591559 >> Projectile created! ID: #30
(ENTRY #154) 2022-03-11 11:36:05.591559 >> MOUSEPOS: (495.6718788770511, 553.6314759509108)
(ENTRY #155) 2022-03-11 11:36:05.591559 >> SLOPE CALC:None
(ENTRY #156) 2022-03-11 11:36:05.591559 >> LIN CALC FIN: 572.9752337050129
(ENTRY #157) 2022-03-11 11:36:05.591559 >> LIN CALC RAW: 327.0247662949871
(ENTRY #158) 2022-03-11 11:36:05.591559 >> Above!
(ENTRY #159) 2022-03-11 11:36:05.591559 >> Object lightRound has been created!
(ENTRY #160) 2022-03-11 11:36:05.592561 >> Protectile #32 has been created! Type: Light
(ENTRY #161) 2022-03-11 11:36:05.592561 >> Projectile created! ID: #32
(ENTRY #162) 2022-03-11 11:36:05.592561 >> MOUSEPOS: (383.6718788770511, 480.6314759509099)
(ENTRY #163) 2022-03-11 11:36:05.592561 >> SLOPE CALC:None
(ENTRY #164) 2022-03-11 11:36:05.592561 >> LIN CALC FIN: 437.4735112169353
(ENTRY #165) 2022-03-11 11:36:05.592561 >> LIN CALC RAW: 462.5264887830647
(ENTRY #166) 2022-03-11 11:36:05.592561 >> Below!
(ENTRY #167) 2022-03-11 11:36:05.592561 >> Object lightRound has been created!
(ENTRY #168) 2022-03-11 11:36:05.592561 >> Protectile #34 has been created! Type: Light
(ENTRY #169) 2022-03-11 11:36:05.592561 >> Projectile created! ID: #34
(ENTRY #170) 2022-03-11 11:36:05.592561 >> MOUSEPOS: (663.1483101567868, 468.9970799371998)
(ENTRY #171) 2022-03-11 11:36:05.593559 >> SLOPE CALC:None
(ENTRY #172) 2022-03-11 11:36:05.593559 >> LIN CALC FIN: 504.29370025077384
(ENTRY #173) 2022-03-11 11:36:05.593559 >> LIN CALC RAW: 395.70629974922616
(ENTRY #174) 2022-03-11 11:36:05.593559 >> Above!
(ENTRY #175) 2022-03-11 11:36:05.593559 >> Object lightRound has been created!
(ENTRY #176) 2022-03-11 11:36:05.593559 >> Protectile #36 has been created! Type: Light
(ENTRY #177) 2022-03-11 11:36:05.593559 >> Projectile created! ID: #36
(ENTRY #178) 2022-03-11 11:36:05.593559 >> MOUSEPOS: (580.851689843212, 416.997079937199)
(ENTRY #179) 2022-03-11 11:36:05.593559 >> SLOPE CALC:None
(ENTRY #180) 2022-03-11 11:36:05.593559 >> LIN CALC FIN: 393.70045962362497
(ENTRY #181) 2022-03-11 11:36:05.593559 >> LIN CALC RAW: 506.29954037637503
(ENTRY #182) 2022-03-11 11:36:05.593559 >> Below!
(ENTRY #183) 2022-03-11 11:36:05.593559 >> Object lightRound has been created!
(ENTRY #184) 2022-03-11 11:36:05.594550 >> Protectile #38 has been created! Type: Light
(ENTRY #185) 2022-03-11 11:36:05.594550 >> Projectile created! ID: #38
(ENTRY #186) 2022-03-11 11:36:05.594550 >> MOUSEPOS: (892.851689843212, 487.99707993719886)
(ENTRY #187) 2022-03-11 11:36:05.594550 >> SLOPE CALC:None
(ENTRY #188) 2022-03-11 11:36:05.594550 >> LIN CALC FIN: 573.997079937199
(ENTRY #189) 2022-03-11 11:36:05.594550 >> LIN CALC RAW: 326.00292006280097
(ENTRY #190) 2022-03-11 11:36:05.594550 >> Above!
(ENTRY #191) 2022-03-11 11:36:05.594550 >> Object lightRound has been created!
(ENTRY #192) 2022-03-11 11:36:05.595552 >> Protectile #40 has been created! Type: Light
(ENTRY #193) 2022-03-11 11:36:05.595552 >> Projectile created! ID: #40
(ENTRY #194) 2022-03-11 11:36:05.595552 >> MOUSEPOS: (821.851689843212, 500.997079937199)
(ENTRY #195) 2022-03-11 11:36:05.595552 >> SLOPE CALC:None
(ENTRY #196) 2022-03-11 11:36:05.595552 >> LIN CALC FIN: 530.9970799371988
(ENTRY #197) 2022-03-11 11:36:05.595552 >> LIN CALC RAW: 369.0029200628012
(ENTRY #198) 2022-03-11 11:36:05.595552 >> Above!
(ENTRY #199) 2022-03-11 11:36:05.595552 >> Object lightRound has been created!
(ENTRY #200) 2022-03-11 11:36:05.595552 >> Protectile #42 has been created! Type: Light
(ENTRY #201) 2022-03-11 11:36:05.596552 >> Projectile created! ID: #42
(ENTRY #202) 2022-03-11 11:36:05.738659 >> MOUSEPOS: (446, 419)
(ENTRY #203) 2022-03-11 11:36:05.738659 >> SLOPE CALC:None
(ENTRY #204) 2022-03-11 11:36:05.738659 >> LIN CALC FIN: 89.45990257519429
(ENTRY #205) 2022-03-11 11:36:05.738659 >> LIN CALC RAW: 810.5400974248057
(ENTRY #206) 2022-03-11 11:36:05.738659 >> Below!
(ENTRY #207) 2022-03-11 11:36:05.738659 >> Object lightRound has been created!
(ENTRY #208) 2022-03-11 11:36:05.739660 >> Protectile #44 has been created! Type: Light
(ENTRY #209) 2022-03-11 11:36:05.739660 >> Projectile created! ID: #44
(ENTRY #210) 2022-03-11 11:36:05.791658 >> Cloud created! ID: #3
(ENTRY #211) 2022-03-11 11:36:05.871662 >> entity_2_1 and entity_2_2 have collided!
(ENTRY #212) 2022-03-11 11:36:05.871662 >> entity_2_2 and entity_2_1 have collided!
(ENTRY #213) 2022-03-11 11:36:05.871662 >> Projectile has hit!
(ENTRY #214) 2022-03-11 11:36:05.871662 >> Projectile has hit!
(ENTRY #215) 2022-03-11 11:36:05.871662 >> Projectile removed!
(ENTRY #216) 2022-03-11 11:36:05.871662 >> Projectile removed!
(ENTRY #217) 2022-03-11 11:36:05.921662 >> Projectile has hit!
(ENTRY #218) 2022-03-11 11:36:05.921662 >> Projectile removed!
(ENTRY #219) 2022-03-11 11:36:05.946663 >> Projectile has hit!
(ENTRY #220) 2022-03-11 11:36:05.946663 >> Projectile removed!
(ENTRY #221) 2022-03-11 11:36:05.971662 >> Projectile has hit!
(ENTRY #222) 2022-03-11 11:36:05.971662 >> Projectile has hit!
(ENTRY #223) 2022-03-11 11:36:05.971662 >> Projectile removed!
(ENTRY #224) 2022-03-11 11:36:05.971662 >> Projectile removed!
(ENTRY #225) 2022-03-11 11:36:06.044109 >> Projectile has hit!
(ENTRY #226) 2022-03-11 11:36:06.044109 >> Projectile removed!
(ENTRY #227) 2022-03-11 11:36:06.396156 >> Projectile has hit!
(ENTRY #228) 2022-03-11 11:36:06.396156 >> Projectile has hit!
(ENTRY #229) 2022-03-11 11:36:06.396156 >> Projectile removed!
(ENTRY #230) 2022-03-11 11:36:06.396156 >> Projectile removed!
(ENTRY #231) 2022-03-11 11:36:06.420158 >> Projectile has hit!
(ENTRY #232) 2022-03-11 11:36:06.420158 >> Projectile removed!
(ENTRY #233) 2022-03-11 11:36:06.484155 >> entity_1_0 and entity_1_1 have collided!
(ENTRY #234) 2022-03-11 11:36:06.484155 >> entity_1_1 and entity_1_0 have collided!
(ENTRY #235) 2022-03-11 11:36:06.484155 >> entity_1_2 and entity_1_3 have collided!
(ENTRY #236) 2022-03-11 11:36:06.484155 >> entity_1_3 and entity_1_2 have collided!
(ENTRY #237) 2022-03-11 11:36:06.544718 >> MOUSEPOS: (431, 385)
(ENTRY #238) 2022-03-11 11:36:06.544718 >> SLOPE CALC:None
(ENTRY #239) 2022-03-11 11:36:06.544718 >> LIN CALC FIN: 99.59902274132412
(ENTRY #240) 2022-03-11 11:36:06.544718 >> LIN CALC RAW: 800.4009772586759
(ENTRY #241) 2022-03-11 11:36:06.544718 >> Below!
(ENTRY #242) 2022-03-11 11:36:07.118859 >> Cloud created! ID: #4
(ENTRY #243) 2022-03-11 11:36:07.426859 >> MOUSEPOS: (383, 284)
(ENTRY #244) 2022-03-11 11:36:07.426859 >> SLOPE CALC:None
(ENTRY #245) 2022-03-11 11:36:07.426859 >> LIN CALC FIN: 143.8085043282647
(ENTRY #246) 2022-03-11 11:36:07.426859 >> LIN CALC RAW: 756.1914956717353
(ENTRY #247) 2022-03-11 11:36:07.426859 >> Below!
(ENTRY #248) 2022-03-11 11:36:07.426859 >> Object lightRound has been created!
(ENTRY #249) 2022-03-11 11:36:07.427859 >> Protectile #46 has been created! Type: Light
(ENTRY #250) 2022-03-11 11:36:07.427859 >> Projectile created! ID: #46
(ENTRY #251) 2022-03-11 11:36:07.591363 >> MOUSEPOS: (351.8945146023336, 361.38879877759535)
(ENTRY #252) 2022-03-11 11:36:07.591363 >> SLOPE CALC:None
(ENTRY #253) 2022-03-11 11:36:07.591363 >> LIN CALC FIN: 398.18484098050027
(ENTRY #254) 2022-03-11 11:36:07.591363 >> LIN CALC RAW: 501.81515901949973
(ENTRY #255) 2022-03-11 11:36:07.591363 >> Above!
(ENTRY #256) 2022-03-11 11:36:07.591363 >> Object lightRound has been created!
(ENTRY #257) 2022-03-11 11:36:07.591363 >> Protectile #48 has been created! Type: Light
(ENTRY #258) 2022-03-11 11:36:07.591363 >> Projectile created! ID: #48
(ENTRY #259) 2022-03-11 11:36:07.591363 >> MOUSEPOS: (150.5334296810239, 426.8597692041328)
(ENTRY #260) 2022-03-11 11:36:07.591363 >> SLOPE CALC:None
(ENTRY #261) 2022-03-11 11:36:07.591363 >> LIN CALC FIN: 550.749883698905
(ENTRY #262) 2022-03-11 11:36:07.591363 >> LIN CALC RAW: 349.250116301095
(ENTRY #263) 2022-03-11 11:36:07.591363 >> Above!
(ENTRY #264) 2022-03-11 11:36:07.591363 >> Object lightRound has been created!
(ENTRY #265) 2022-03-11 11:36:07.592362 >> Protectile #50 has been created! Type: Light
(ENTRY #266) 2022-03-11 11:36:07.592362 >> Projectile created! ID: #50
(ENTRY #267) 2022-03-11 11:36:07.592362 >> MOUSEPOS: (927.992246589805, 506.0700608605217)
(ENTRY #268) 2022-03-11 11:36:07.592362 >> SLOPE CALC:None
(ENTRY #269) 2022-03-11 11:36:07.592362 >> LIN CALC FIN: 486.39163339316775
(ENTRY #270) 2022-03-11 11:36:07.592362 >> LIN CALC RAW: 413.60836660683225
(ENTRY #271) 2022-03-11 11:36:07.592362 >> Below!
(ENTRY #272) 2022-03-11 11:36:07.592362 >> Object lightRound has been created!
(ENTRY #273) 2022-03-11 11:36:07.592362 >> Protectile #52 has been created! Type: Light
(ENTRY #274) 2022-03-11 11:36:07.592362 >> Projectile created! ID: #52
(ENTRY #275) 2022-03-11 11:36:07.592362 >> MOUSEPOS: (864.5210596016881, 398.9204464050509)
(ENTRY #276) 2022-03-11 11:36:07.592362 >> SLOPE CALC:None
(ENTRY #277) 2022-03-11 11:36:07.593371 >> LIN CALC FIN: 462.59887387240485
(ENTRY #278) 2022-03-11 11:36:07.593371 >> LIN CALC RAW: 437.40112612759515
(ENTRY #279) 2022-03-11 11:36:07.593371 >> Above!
(ENTRY #280) 2022-03-11 11:36:07.593371 >> Object lightRound has been created!
(ENTRY #281) 2022-03-11 11:36:07.593371 >> Protectile #54 has been created! Type: Light
(ENTRY #282) 2022-03-11 11:36:07.593371 >> Projectile created! ID: #54
(ENTRY #283) 2022-03-11 11:36:08.184402 >> Cloud created! ID: #5
(ENTRY #284) 2022-03-11 11:36:08.185396 >> Projectile has hit!
(ENTRY #285) 2022-03-11 11:36:08.185396 >> Projectile removed!
(ENTRY #286) 2022-03-11 11:36:08.228243 >> MOUSEPOS: (376, 347)
(ENTRY #287) 2022-03-11 11:36:08.228243 >> SLOPE CALC:None
(ENTRY #288) 2022-03-11 11:36:08.228243 >> LIN CALC FIN: 149.8969766710352
(ENTRY #289) 2022-03-11 11:36:08.228243 >> LIN CALC RAW: 750.1030233289648
(ENTRY #290) 2022-03-11 11:36:08.228243 >> Below!
(ENTRY #291) 2022-03-11 11:36:08.358251 >> Projectile removed!
(ENTRY #292) 2022-03-11 11:36:08.480247 >> MOUSEPOS: (376, 347)
(ENTRY #293) 2022-03-11 11:36:08.481246 >> SLOPE CALC:None
(ENTRY #294) 2022-03-11 11:36:08.481246 >> LIN CALC FIN: 150.05427485855364
(ENTRY #295) 2022-03-11 11:36:08.481246 >> LIN CALC RAW: 749.9457251414464
(ENTRY #296) 2022-03-11 11:36:08.481246 >> Below!
(ENTRY #297) 2022-03-11 11:36:08.481246 >> Object lightRound has been created!
(ENTRY #298) 2022-03-11 11:36:08.481246 >> Protectile #56 has been created! Type: Light
(ENTRY #299) 2022-03-11 11:36:08.481246 >> Projectile created! ID: #56
(ENTRY #300) 2022-03-11 11:36:08.718252 >> MOUSEPOS: (376, 347)
(ENTRY #301) 2022-03-11 11:36:08.718252 >> SLOPE CALC:None
(ENTRY #302) 2022-03-11 11:36:08.718252 >> LIN CALC FIN: 150.39319888515683
(ENTRY #303) 2022-03-11 11:36:08.718252 >> LIN CALC RAW: 749.6068011148432
(ENTRY #304) 2022-03-11 11:36:08.718252 >> Below!
(ENTRY #305) 2022-03-11 11:36:08.864243 >> Projectile removed!
(ENTRY #306) 2022-03-11 11:36:09.020308 >> Projectile has hit!
(ENTRY #307) 2022-03-11 11:36:09.020308 >> Projectile removed!
(ENTRY #308) 2022-03-11 11:36:09.216373 >> Cloud created! ID: #6
(ENTRY #309) 2022-03-11 11:36:09.280365 >> MOUSEPOS: (366, 396)
(ENTRY #310) 2022-03-11 11:36:09.280365 >> SLOPE CALC:None
(ENTRY #311) 2022-03-11 11:36:09.280365 >> LIN CALC FIN: 161.92933371019706
(ENTRY #312) 2022-03-11 11:36:09.280365 >> LIN CALC RAW: 738.070666289803
(ENTRY #313) 2022-03-11 11:36:09.280365 >> Below!
(ENTRY #314) 2022-03-11 11:36:09.590578 >> Projectile has hit!
(ENTRY #315) 2022-03-11 11:36:09.590578 >> Projectile removed!
(ENTRY #316) 2022-03-11 11:36:09.613190 >> MOUSEPOS: (305.60817314037104, 409.6891719168037)
(ENTRY #317) 2022-03-11 11:36:09.613190 >> SLOPE CALC:None
(ENTRY #318) 2022-03-11 11:36:09.613190 >> LIN CALC FIN: 319.97634362043425
(ENTRY #319) 2022-03-11 11:36:09.613190 >> LIN CALC RAW: 580.0236563795658
(ENTRY #320) 2022-03-11 11:36:09.613190 >> Below!
(ENTRY #321) 2022-03-11 11:36:09.613190 >> Object lightRound has been created!
(ENTRY #322) 2022-03-11 11:36:09.614191 >> Protectile #58 has been created! Type: Light
(ENTRY #323) 2022-03-11 11:36:09.614191 >> Projectile created! ID: #58
(ENTRY #324) 2022-03-11 11:36:09.614191 >> MOUSEPOS: (153.06640100396984, 421.21292352231916)
(ENTRY #325) 2022-03-11 11:36:09.614191 >> SLOPE CALC:None
(ENTRY #326) 2022-03-11 11:36:09.614191 >> LIN CALC FIN: 490.2309440532048
(ENTRY #327) 2022-03-11 11:36:09.614191 >> LIN CALC RAW: 409.7690559467952
(ENTRY #328) 2022-03-11 11:36:09.614191 >> Above!
(ENTRY #329) 2022-03-11 11:36:09.614191 >> Object lightRound has been created!
(ENTRY #330) 2022-03-11 11:36:09.614191 >> Protectile #60 has been created! Type: Light
(ENTRY #331) 2022-03-11 11:36:09.614191 >> Projectile created! ID: #60
(ENTRY #332) 2022-03-11 11:36:09.614191 >> MOUSEPOS: (853.1106561249807, 409.00622417044326)
(ENTRY #333) 2022-03-11 11:36:09.614191 >> SLOPE CALC:None
(ENTRY #334) 2022-03-11 11:36:09.614191 >> LIN CALC FIN: 301.546443856059
(ENTRY #335) 2022-03-11 11:36:09.614191 >> LIN CALC RAW: 598.453556143941
(ENTRY #336) 2022-03-11 11:36:09.614191 >> Below!
(ENTRY #337) 2022-03-11 11:36:09.614191 >> Object lightRound has been created!
(ENTRY #338) 2022-03-11 11:36:09.615191 >> Protectile #62 has been created! Type: Light
(ENTRY #339) 2022-03-11 11:36:09.615191 >> Projectile created! ID: #62
(ENTRY #340) 2022-03-11 11:36:09.615191 >> MOUSEPOS: (858.7767788312648, 314.21256656234317)
(ENTRY #341) 2022-03-11 11:36:09.615191 >> SLOPE CALC:None
(ENTRY #342) 2022-03-11 11:36:09.615874 >> LIN CALC FIN: 374.34010146415915
(ENTRY #343) 2022-03-11 11:36:09.615874 >> LIN CALC RAW: 525.6598985358409
(ENTRY #344) 2022-03-11 11:36:09.615874 >> Above!
(ENTRY #345) 2022-03-11 11:36:09.615874 >> Object lightRound has been created!
(ENTRY #346) 2022-03-11 11:36:09.616190 >> Protectile #64 has been created! Type: Light
(ENTRY #347) 2022-03-11 11:36:09.616190 >> Projectile created! ID: #64
(ENTRY #348) 2022-03-11 11:36:09.821969 >> MOUSEPOS: (353, 428)
(ENTRY #349) 2022-03-11 11:36:09.821969 >> SLOPE CALC:None
(ENTRY #350) 2022-03-11 11:36:09.821969 >> LIN CALC FIN: 619.4510003171174
(ENTRY #351) 2022-03-11 11:36:09.821969 >> LIN CALC RAW: 280.5489996828826
(ENTRY #352) 2022-03-11 11:36:09.821969 >> Above!
(ENTRY #353) 2022-03-11 11:36:09.821969 >> Object lightRound has been created!
(ENTRY #354) 2022-03-11 11:36:09.822967 >> Protectile #66 has been created! Type: Light
(ENTRY #355) 2022-03-11 11:36:09.822967 >> Projectile created! ID: #66
(ENTRY #356) 2022-03-11 11:36:10.199528 >> MOUSEPOS: (353, 428)
(ENTRY #357) 2022-03-11 11:36:10.199528 >> SLOPE CALC:None
(ENTRY #358) 2022-03-11 11:36:10.200609 >> LIN CALC FIN: 613.8317405073725
(ENTRY #359) 2022-03-11 11:36:10.200609 >> LIN CALC RAW: 286.1682594926275
(ENTRY #360) 2022-03-11 11:36:10.200609 >> Above!
(ENTRY #361) 2022-03-11 11:36:10.360323 >> Cloud created! ID: #7
(ENTRY #362) 2022-03-11 11:36:10.570199 >> Projectile removed!
(ENTRY #363) 2022-03-11 11:36:10.573202 >> Projectile has hit!
(ENTRY #364) 2022-03-11 11:36:10.573202 >> Projectile removed!
(ENTRY #365) 2022-03-11 11:36:10.744628 >> Projectile has hit!
(ENTRY #366) 2022-03-11 11:36:10.744628 >> Projectile removed!
(ENTRY #367) 2022-03-11 11:36:10.790630 >> MOUSEPOS: (278, 468)
(ENTRY #368) 2022-03-11 11:36:10.790630 >> SLOPE CALC:None
(ENTRY #369) 2022-03-11 11:36:10.790630 >> LIN CALC FIN: 530.8913803126798
(ENTRY #370) 2022-03-11 11:36:10.790630 >> LIN CALC RAW: 369.10861968732024
(ENTRY #371) 2022-03-11 11:36:10.790630 >> Above!
(ENTRY #372) 2022-03-11 11:36:11.491631 >> Cloud created! ID: #8
(ENTRY #373) 2022-03-11 11:36:11.492627 >> MOUSEPOS: (170, 481)
(ENTRY #374) 2022-03-11 11:36:11.492627 >> SLOPE CALC:None
(ENTRY #375) 2022-03-11 11:36:11.492627 >> LIN CALC FIN: 413.70641928376165
(ENTRY #376) 2022-03-11 11:36:11.492627 >> LIN CALC RAW: 486.29358071623835
(ENTRY #377) 2022-03-11 11:36:11.492627 >> Below!
(ENTRY #378) 2022-03-11 11:36:11.492627 >> Object lightRound has been created!
(ENTRY #379) 2022-03-11 11:36:11.493629 >> Protectile #68 has been created! Type: Light
(ENTRY #380) 2022-03-11 11:36:11.493629 >> Projectile created! ID: #68
(ENTRY #381) 2022-03-11 11:36:11.615629 >> MOUSEPOS: (831.6514411213219, 319.0141523986778)
(ENTRY #382) 2022-03-11 11:36:11.615629 >> SLOPE CALC:None
(ENTRY #383) 2022-03-11 11:36:11.615629 >> LIN CALC FIN: 265.6594602384081
(ENTRY #384) 2022-03-11 11:36:11.615629 >> LIN CALC RAW: 634.3405397615919
(ENTRY #385) 2022-03-11 11:36:11.615629 >> Below!
(ENTRY #386) 2022-03-11 11:36:11.615629 >> Object lightRound has been created!
(ENTRY #387) 2022-03-11 11:36:11.616629 >> Protectile #70 has been created! Type: Light
(ENTRY #388) 2022-03-11 11:36:11.616629 >> Projectile created! ID: #70
(ENTRY #389) 2022-03-11 11:36:11.616629 >> MOUSEPOS: (186.9338290066953, 424.68346594328807)
(ENTRY #390) 2022-03-11 11:36:11.616629 >> SLOPE CALC:None
(ENTRY #391) 2022-03-11 11:36:11.616629 >> LIN CALC FIN: 432.3465169112779
(ENTRY #392) 2022-03-11 11:36:11.616629 >> LIN CALC RAW: 467.6534830887221
(ENTRY #393) 2022-03-11 11:36:11.616629 >> Above!
(ENTRY #394) 2022-03-11 11:36:11.616629 >> Object lightRound has been created!
(ENTRY #395) 2022-03-11 11:36:11.616629 >> Protectile #72 has been created! Type: Light
(ENTRY #396) 2022-03-11 11:36:11.616629 >> Projectile created! ID: #72
(ENTRY #397) 2022-03-11 11:36:11.617628 >> MOUSEPOS: (840.6514411213219, 355.0141523986778)
(ENTRY #398) 2022-03-11 11:36:11.617628 >> SLOPE CALC:None
(ENTRY #399) 2022-03-11 11:36:11.617628 >> LIN CALC FIN: 301.9216107089227
(ENTRY #400) 2022-03-11 11:36:11.617628 >> LIN CALC RAW: 598.0783892910773
(ENTRY #401) 2022-03-11 11:36:11.617628 >> Below!
(ENTRY #402) 2022-03-11 11:36:11.617628 >> Object lightRound has been created!
(ENTRY #403) 2022-03-11 11:36:11.617628 >> Protectile #74 has been created! Type: Light
(ENTRY #404) 2022-03-11 11:36:11.617628 >> Projectile created! ID: #74
(ENTRY #405) 2022-03-11 11:36:11.617628 >> MOUSEPOS: (899.8622613173181, 298.7107905129265)
(ENTRY #406) 2022-03-11 11:36:11.617628 >> SLOPE CALC:None
(ENTRY #407) 2022-03-11 11:36:11.617628 >> LIN CALC FIN: 225.80333220268153
(ENTRY #408) 2022-03-11 11:36:11.617628 >> LIN CALC RAW: 674.1966677973185
(ENTRY #409) 2022-03-11 11:36:11.617628 >> Below!
(ENTRY #410) 2022-03-11 11:36:11.617628 >> Object lightRound has been created!
(ENTRY #411) 2022-03-11 11:36:11.618629 >> Protectile #76 has been created! Type: Light
(ENTRY #412) 2022-03-11 11:36:11.618629 >> Projectile created! ID: #76
(ENTRY #413) 2022-03-11 11:36:11.838624 >> Projectile removed!
(ENTRY #414) 2022-03-11 11:36:11.884624 >> Projectile removed!
(ENTRY #415) 2022-03-11 11:36:12.021447 >> Projectile has hit!
(ENTRY #416) 2022-03-11 11:36:12.021447 >> Projectile removed!
(ENTRY #417) 2022-03-11 11:36:12.064496 >> Projectile has hit!
(ENTRY #418) 2022-03-11 11:36:12.064496 >> Projectile removed!
(ENTRY #419) 2022-03-11 11:36:12.363552 >> MOUSEPOS: (141, 486)
(ENTRY #420) 2022-03-11 11:36:12.363552 >> SLOPE CALC:None
(ENTRY #421) 2022-03-11 11:36:12.363552 >> LIN CALC FIN: 410.53020739068756
(ENTRY #422) 2022-03-11 11:36:12.363552 >> LIN CALC RAW: 489.46979260931244
(ENTRY #423) 2022-03-11 11:36:12.363552 >> Below!
(ENTRY #424) 2022-03-11 11:36:12.430700 >> Projectile removed!
(ENTRY #425) 2022-03-11 11:36:12.494697 >> Cloud created! ID: #9
(ENTRY #426) 2022-03-11 11:36:12.968959 >> entity_2_3 and entity_2_4 have collided!
(ENTRY #427) 2022-03-11 11:36:12.968959 >> entity_2_4 and entity_2_3 have collided!
(ENTRY #428) 2022-03-11 11:36:12.987960 >> MOUSEPOS: (100, 480)
(ENTRY #429) 2022-03-11 11:36:12.987960 >> SLOPE CALC:None
(ENTRY #430) 2022-03-11 11:36:12.987960 >> LIN CALC FIN: 459.72337548417806
(ENTRY #431) 2022-03-11 11:36:12.987960 >> LIN CALC RAW: 440.27662451582194
(ENTRY #432) 2022-03-11 11:36:12.987960 >> Below!
(ENTRY #433) 2022-03-11 11:36:12.987960 >> Object lightRound has been created!
(ENTRY #434) 2022-03-11 11:36:12.987960 >> Protectile #78 has been created! Type: Light
(ENTRY #435) 2022-03-11 11:36:12.987960 >> Projectile created! ID: #78
(ENTRY #436) 2022-03-11 11:36:13.027966 >> Projectile removed!
(ENTRY #437) 2022-03-11 11:36:13.237644 >> Projectile removed!
(ENTRY #438) 2022-03-11 11:36:13.504679 >> Cloud created! ID: #10
(ENTRY #439) 2022-03-11 11:36:13.565723 >> Projectile removed!
(ENTRY #440) 2022-03-11 11:36:13.621301 >> MOUSEPOS: (200.88214803100738, 435.0949348670802)
(ENTRY #441) 2022-03-11 11:36:13.621301 >> SLOPE CALC:None
(ENTRY #442) 2022-03-11 11:36:13.621301 >> LIN CALC FIN: 169.0831144632807
(ENTRY #443) 2022-03-11 11:36:13.621301 >> LIN CALC RAW: 730.9168855367193
(ENTRY #444) 2022-03-11 11:36:13.621301 >> Below!
(ENTRY #445) 2022-03-11 11:36:13.621301 >> Object lightRound has been created!
(ENTRY #446) 2022-03-11 11:36:13.622299 >> Protectile #80 has been created! Type: Light
(ENTRY #447) 2022-03-11 11:36:13.622299 >> Projectile created! ID: #80
(ENTRY #448) 2022-03-11 11:36:13.622299 >> MOUSEPOS: (183.88214803100738, 444.0949348670802)
(ENTRY #449) 2022-03-11 11:36:13.622299 >> SLOPE CALC:None
(ENTRY #450) 2022-03-11 11:36:13.622299 >> LIN CALC FIN: 406.04424151719223
(ENTRY #451) 2022-03-11 11:36:13.622299 >> LIN CALC RAW: 493.95575848280777
(ENTRY #452) 2022-03-11 11:36:13.622299 >> Below!
(ENTRY #453) 2022-03-11 11:36:13.622299 >> Object lightRound has been created!
(ENTRY #454) 2022-03-11 11:36:13.623293 >> Protectile #82 has been created! Type: Light
(ENTRY #455) 2022-03-11 11:36:13.623293 >> Projectile created! ID: #82
(ENTRY #456) 2022-03-11 11:36:13.641291 >> Projectile has hit!
(ENTRY #457) 2022-03-11 11:36:13.641291 >> Projectile removed!
(ENTRY #458) 2022-03-11 11:36:14.075037 >> MOUSEPOS: (91, 517)
(ENTRY #459) 2022-03-11 11:36:14.075037 >> SLOPE CALC:None
(ENTRY #460) 2022-03-11 11:36:14.075037 >> LIN CALC FIN: 485.7308427287228
(ENTRY #461) 2022-03-11 11:36:14.075037 >> LIN CALC RAW: 414.2691572712772
(ENTRY #462) 2022-03-11 11:36:14.075037 >> Below!
(ENTRY #463) 2022-03-11 11:36:14.076039 >> Object lightRound has been created!
(ENTRY #464) 2022-03-11 11:36:14.076039 >> Protectile #84 has been created! Type: Light
(ENTRY #465) 2022-03-11 11:36:14.076039 >> Projectile created! ID: #84
(ENTRY #466) 2022-03-11 11:36:14.515039 >> Cloud created! ID: #11
(ENTRY #467) 2022-03-11 11:36:14.853038 >> Projectile removed!
(ENTRY #468) 2022-03-11 11:36:14.954031 >> Projectile removed!
(ENTRY #469) 2022-03-11 11:36:15.117037 >> MOUSEPOS: (75, 541)
(ENTRY #470) 2022-03-11 11:36:15.117037 >> SLOPE CALC:None
(ENTRY #471) 2022-03-11 11:36:15.117037 >> LIN CALC FIN: 519.0704633245414
(ENTRY #472) 2022-03-11 11:36:15.117037 >> LIN CALC RAW: 380.9295366754586
(ENTRY #473) 2022-03-11 11:36:15.118043 >> Below!
(ENTRY #474) 2022-03-11 11:36:15.118043 >> Object lightRound has been created!
(ENTRY #475) 2022-03-11 11:36:15.118043 >> Protectile #86 has been created! Type: Light
(ENTRY #476) 2022-03-11 11:36:15.118043 >> Projectile created! ID: #86
(ENTRY #477) 2022-03-11 11:36:15.438431 >> MOUSEPOS: (75, 541)
(ENTRY #478) 2022-03-11 11:36:15.438431 >> SLOPE CALC:None
(ENTRY #479) 2022-03-11 11:36:15.438431 >> LIN CALC FIN: 524.6824994564275
(ENTRY #480) 2022-03-11 11:36:15.438431 >> LIN CALC RAW: 375.31750054357246
(ENTRY #481) 2022-03-11 11:36:15.438431 >> Below!
(ENTRY #482) 2022-03-11 11:36:15.640438 >> Projectile removed!
(ENTRY #483) 2022-03-11 11:36:15.643683 >> MOUSEPOS: (207.09625444143157, 452.4666360665088)
(ENTRY #484) 2022-03-11 11:36:15.643683 >> SLOPE CALC:None
(ENTRY #485) 2022-03-11 11:36:15.643683 >> LIN CALC FIN: 168.67036484642858
(ENTRY #486) 2022-03-11 11:36:15.643683 >> LIN CALC RAW: 731.3296351535714
(ENTRY #487) 2022-03-11 11:36:15.643683 >> Below!
(ENTRY #488) 2022-03-11 11:36:15.643683 >> Object lightRound has been created!
(ENTRY #489) 2022-03-11 11:36:15.644438 >> Protectile #88 has been created! Type: Light
(ENTRY #490) 2022-03-11 11:36:15.644438 >> Projectile created! ID: #88
(ENTRY #491) 2022-03-11 11:36:15.644438 >> MOUSEPOS: (209.09625444143157, 414.4666360665088)
(ENTRY #492) 2022-03-11 11:36:15.644438 >> SLOPE CALC:None
(ENTRY #493) 2022-03-11 11:36:15.644438 >> LIN CALC FIN: 389.1775361345441
(ENTRY #494) 2022-03-11 11:36:15.644438 >> LIN CALC RAW: 510.8224638654559
(ENTRY #495) 2022-03-11 11:36:15.644438 >> Below!
(ENTRY #496) 2022-03-11 11:36:15.644438 >> Object lightRound has been created!
(ENTRY #497) 2022-03-11 11:36:15.645447 >> Protectile #90 has been created! Type: Light
(ENTRY #498) 2022-03-11 11:36:15.645447 >> Projectile created! ID: #90
(ENTRY #499) 2022-03-11 11:36:15.665437 >> Projectile has hit!
(ENTRY #500) 2022-03-11 11:36:15.665437 >> Projectile removed!
(ENTRY #501) 2022-03-11 11:36:15.686439 >> Cloud created! ID: #12
(ENTRY #502) 2022-03-11 11:36:15.893439 >> Projectile removed!
(ENTRY #503) 2022-03-11 11:36:15.914439 >> Projectile removed!
(ENTRY #504) 2022-03-11 11:36:15.978439 >> MOUSEPOS: (47, 528)
(ENTRY #505) 2022-03-11 11:36:15.978439 >> SLOPE CALC:None
(ENTRY #506) 2022-03-11 11:36:15.978439 >> LIN CALC FIN: 561.8650471571444
(ENTRY #507) 2022-03-11 11:36:15.978439 >> LIN CALC RAW: 338.13495284285557
(ENTRY #508) 2022-03-11 11:36:15.978439 >> Above!
(ENTRY #509) 2022-03-11 11:36:16.184456 >> MOUSEPOS: (47, 528)
(ENTRY #510) 2022-03-11 11:36:16.184456 >> SLOPE CALC:None
(ENTRY #511) 2022-03-11 11:36:16.184456 >> LIN CALC FIN: 565.7492859512965
(ENTRY #512) 2022-03-11 11:36:16.184456 >> LIN CALC RAW: 334.25071404870346
(ENTRY #513) 2022-03-11 11:36:16.184456 >> Above!
(ENTRY #514) 2022-03-11 11:36:16.184456 >> Object lightRound has been created!
(ENTRY #515) 2022-03-11 11:36:16.184456 >> Protectile #92 has been created! Type: Light
(ENTRY #516) 2022-03-11 11:36:16.184456 >> Projectile created! ID: #92
(ENTRY #517) 2022-03-11 11:36:16.302464 >> Projectile removed!
(ENTRY #518) 2022-03-11 11:36:16.397467 >> MOUSEPOS: (47, 528)
(ENTRY #519) 2022-03-11 11:36:16.397467 >> SLOPE CALC:None
(ENTRY #520) 2022-03-11 11:36:16.397467 >> LIN CALC FIN: 569.6201001625057
(ENTRY #521) 2022-03-11 11:36:16.397467 >> LIN CALC RAW: 330.37989983749435
(ENTRY #522) 2022-03-11 11:36:16.397467 >> Above!
(ENTRY #523) 2022-03-11 11:36:16.650005 >> Projectile has hit!
(ENTRY #524) 2022-03-11 11:36:16.650005 >> Projectile removed!
(ENTRY #525) 2022-03-11 11:36:16.726527 >> Cloud created! ID: #13
(ENTRY #526) 2022-03-11 11:36:16.782532 >> Projectile has hit!
(ENTRY #527) 2022-03-11 11:36:16.782532 >> Projectile removed!
(ENTRY #528) 2022-03-11 11:36:16.974532 >> MOUSEPOS: (58, 532)
(ENTRY #529) 2022-03-11 11:36:16.974532 >> SLOPE CALC:None
(ENTRY #530) 2022-03-11 11:36:16.974532 >> LIN CALC FIN: 569.0374187423633
(ENTRY #531) 2022-03-11 11:36:16.974532 >> LIN CALC RAW: 330.96258125763666
(ENTRY #532) 2022-03-11 11:36:16.974532 >> Above!
(ENTRY #533) 2022-03-11 11:36:17.115527 >> Projectile has hit!
(ENTRY #534) 2022-03-11 11:36:17.115527 >> Projectile removed!
(ENTRY #535) 2022-03-11 11:36:17.211527 >> MOUSEPOS: (58, 532)
(ENTRY #536) 2022-03-11 11:36:17.212526 >> SLOPE CALC:None
(ENTRY #537) 2022-03-11 11:36:17.212526 >> LIN CALC FIN: 573.1177854113563
(ENTRY #538) 2022-03-11 11:36:17.212526 >> LIN CALC RAW: 326.8822145886437
(ENTRY #539) 2022-03-11 11:36:17.212526 >> Above!
(ENTRY #540) 2022-03-11 11:36:17.212526 >> Object lightRound has been created!
(ENTRY #541) 2022-03-11 11:36:17.212526 >> Protectile #94 has been created! Type: Light
(ENTRY #542) 2022-03-11 11:36:17.212526 >> Projectile created! ID: #94
(ENTRY #543) 2022-03-11 11:36:17.404529 >> MOUSEPOS: (58, 532)
(ENTRY #544) 2022-03-11 11:36:17.405527 >> SLOPE CALC:None
(ENTRY #545) 2022-03-11 11:36:17.405527 >> LIN CALC FIN: 576.4678972799027
(ENTRY #546) 2022-03-11 11:36:17.405527 >> LIN CALC RAW: 323.5321027200973
(ENTRY #547) 2022-03-11 11:36:17.405527 >> Above!
(ENTRY #548) 2022-03-11 11:36:17.645522 >> MOUSEPOS: (211.55879120997372, 459.5097576422446)
(ENTRY #549) 2022-03-11 11:36:17.645522 >> SLOPE CALC:None
(ENTRY #550) 2022-03-11 11:36:17.645522 >> LIN CALC FIN: 166.9991379026801
(ENTRY #551) 2022-03-11 11:36:17.645522 >> LIN CALC RAW: 733.0008620973199
(ENTRY #552) 2022-03-11 11:36:17.645522 >> Below!
(ENTRY #553) 2022-03-11 11:36:17.645522 >> Object lightRound has been created!
(ENTRY #554) 2022-03-11 11:36:17.646523 >> Protectile #96 has been created! Type: Light
(ENTRY #555) 2022-03-11 11:36:17.646523 >> Projectile created! ID: #96
(ENTRY #556) 2022-03-11 11:36:17.646523 >> MOUSEPOS: (255.55879120997372, 454.5097576422446)
(ENTRY #557) 2022-03-11 11:36:17.646523 >> SLOPE CALC:None
(ENTRY #558) 2022-03-11 11:36:17.646523 >> LIN CALC FIN: 355.2776832602316
(ENTRY #559) 2022-03-11 11:36:17.646523 >> LIN CALC RAW: 544.7223167397684
(ENTRY #560) 2022-03-11 11:36:17.646523 >> Below!
(ENTRY #561) 2022-03-11 11:36:17.646523 >> Object lightRound has been created!
(ENTRY #562) 2022-03-11 11:36:17.647525 >> Protectile #98 has been created! Type: Light
(ENTRY #563) 2022-03-11 11:36:17.647525 >> Projectile created! ID: #98
(ENTRY #564) 2022-03-11 11:36:17.806530 >> Cloud created! ID: #14
(ENTRY #565) 2022-03-11 11:36:17.888529 >> Projectile has hit!
(ENTRY #566) 2022-03-11 11:36:17.888529 >> Projectile removed!
(ENTRY #567) 2022-03-11 11:36:18.015537 >> MOUSEPOS: (58, 532)
(ENTRY #568) 2022-03-11 11:36:18.015537 >> SLOPE CALC:None
(ENTRY #569) 2022-03-11 11:36:18.015537 >> LIN CALC FIN: 586.8051054149779
(ENTRY #570) 2022-03-11 11:36:18.015537 >> LIN CALC RAW: 313.1948945850221
(ENTRY #571) 2022-03-11 11:36:18.015537 >> Above!
(ENTRY #572) 2022-03-11 11:36:18.032532 >> Projectile removed!
(ENTRY #573) 2022-03-11 11:36:18.229681 >> MOUSEPOS: (58, 532)
(ENTRY #574) 2022-03-11 11:36:18.229681 >> SLOPE CALC:None
(ENTRY #575) 2022-03-11 11:36:18.229681 >> LIN CALC FIN: 590.5018416022132
(ENTRY #576) 2022-03-11 11:36:18.229681 >> LIN CALC RAW: 309.4981583977868
(ENTRY #577) 2022-03-11 11:36:18.229681 >> Above!
(ENTRY #578) 2022-03-11 11:36:18.229681 >> Object lightRound has been created!
(ENTRY #579) 2022-03-11 11:36:18.230681 >> Protectile #100 has been created! Type: Light
(ENTRY #580) 2022-03-11 11:36:18.230681 >> Projectile created! ID: #100
(ENTRY #581) 2022-03-11 11:36:18.465706 >> MOUSEPOS: (58, 532)
(ENTRY #582) 2022-03-11 11:36:18.465706 >> SLOPE CALC:None
(ENTRY #583) 2022-03-11 11:36:18.465706 >> LIN CALC FIN: 594.3777157840747
(ENTRY #584) 2022-03-11 11:36:18.465706 >> LIN CALC RAW: 305.62228421592533
(ENTRY #585) 2022-03-11 11:36:18.465706 >> Above!
(ENTRY #586) 2022-03-11 11:36:18.592932 >> Projectile has hit!
(ENTRY #587) 2022-03-11 11:36:18.592932 >> Projectile removed!
(ENTRY #588) 2022-03-11 11:36:18.808561 >> Projectile has hit!
(ENTRY #589) 2022-03-11 11:36:18.808561 >> Projectile removed!
(ENTRY #590) 2022-03-11 11:36:18.824552 >> Cloud created! ID: #15
(ENTRY #591) 2022-03-11 11:36:19.037083 >> MOUSEPOS: (58, 532)
(ENTRY #592) 2022-03-11 11:36:19.037083 >> SLOPE CALC:None
(ENTRY #593) 2022-03-11 11:36:19.037083 >> LIN CALC FIN: 603.2706015053701
(ENTRY #594) 2022-03-11 11:36:19.037083 >> LIN CALC RAW: 296.7293984946299
(ENTRY #595) 2022-03-11 11:36:19.037083 >> Above!
(ENTRY #596) 2022-03-11 11:36:19.145745 >> Projectile has hit!
(ENTRY #597) 2022-03-11 11:36:19.145745 >> Projectile removed!
(ENTRY #598) 2022-03-11 11:36:19.250841 >> MOUSEPOS: (58, 532)
(ENTRY #599) 2022-03-11 11:36:19.250841 >> SLOPE CALC:None
(ENTRY #600) 2022-03-11 11:36:19.250841 >> LIN CALC FIN: 606.3413772209767
(ENTRY #601) 2022-03-11 11:36:19.250841 >> LIN CALC RAW: 293.6586227790233
(ENTRY #602) 2022-03-11 11:36:19.250841 >> Above!
(ENTRY #603) 2022-03-11 11:36:19.250841 >> Object lightRound has been created!
(ENTRY #604) 2022-03-11 11:36:19.250841 >> Protectile #102 has been created! Type: Light
(ENTRY #605) 2022-03-11 11:36:19.250841 >> Projectile created! ID: #102
(ENTRY #606) 2022-03-11 11:36:19.496841 >> MOUSEPOS: (58, 532)
(ENTRY #607) 2022-03-11 11:36:19.496841 >> SLOPE CALC:None
(ENTRY #608) 2022-03-11 11:36:19.496841 >> LIN CALC FIN: 609.4901915411136
(ENTRY #609) 2022-03-11 11:36:19.496841 >> LIN CALC RAW: 290.50980845888637
(ENTRY #610) 2022-03-11 11:36:19.496841 >> Above!
(ENTRY #611) 2022-03-11 11:36:19.662843 >> MOUSEPOS: (245.29057150173003, 475.4897150453955)
(ENTRY #612) 2022-03-11 11:36:19.662843 >> SLOPE CALC:None
(ENTRY #613) 2022-03-11 11:36:19.663847 >> LIN CALC FIN: 177.88673703649602
(ENTRY #614) 2022-03-11 11:36:19.663847 >> LIN CALC RAW: 722.113262963504
(ENTRY #615) 2022-03-11 11:36:19.663847 >> Below!
(ENTRY #616) 2022-03-11 11:36:19.663847 >> Object lightRound has been created!
(ENTRY #617) 2022-03-11 11:36:19.663847 >> Protectile #104 has been created! Type: Light
(ENTRY #618) 2022-03-11 11:36:19.663847 >> Projectile created! ID: #104
(ENTRY #619) 2022-03-11 11:36:19.663847 >> MOUSEPOS: (240.29057150173003, 485.4897150453955)
(ENTRY #620) 2022-03-11 11:36:19.663847 >> SLOPE CALC:None
(ENTRY #621) 2022-03-11 11:36:19.663847 >> LIN CALC FIN: 338.03123986689457
(ENTRY #622) 2022-03-11 11:36:19.663847 >> LIN CALC RAW: 561.9687601331054
(ENTRY #623) 2022-03-11 11:36:19.663847 >> Below!
(ENTRY #624) 2022-03-11 11:36:19.663847 >> Object lightRound has been created!
(ENTRY #625) 2022-03-11 11:36:19.664846 >> Protectile #106 has been created! Type: Light
(ENTRY #626) 2022-03-11 11:36:19.664846 >> Projectile created! ID: #106
(ENTRY #627) 2022-03-11 11:36:19.682843 >> Projectile has hit!
(ENTRY #628) 2022-03-11 11:36:19.682843 >> Projectile removed!
(ENTRY #629) 2022-03-11 11:36:19.897846 >> Cloud created! ID: #16
(ENTRY #630) 2022-03-11 11:36:19.968842 >> MOUSEPOS: (58, 532)
(ENTRY #631) 2022-03-11 11:36:19.968842 >> SLOPE CALC:None
(ENTRY #632) 2022-03-11 11:36:19.968842 >> LIN CALC FIN: 615.1938239367357
(ENTRY #633) 2022-03-11 11:36:19.968842 >> LIN CALC RAW: 284.8061760632643
(ENTRY #634) 2022-03-11 11:36:19.968842 >> Above!
(ENTRY #635) 2022-03-11 11:36:20.242982 >> MOUSEPOS: (58, 532)
(ENTRY #636) 2022-03-11 11:36:20.242982 >> SLOPE CALC:None
(ENTRY #637) 2022-03-11 11:36:20.242982 >> LIN CALC FIN: 618.101071228417
(ENTRY #638) 2022-03-11 11:36:20.242982 >> LIN CALC RAW: 281.898928771583
(ENTRY #639) 2022-03-11 11:36:20.242982 >> Above!
(ENTRY #640) 2022-03-11 11:36:20.622654 >> Projectile has hit!
(ENTRY #641) 2022-03-11 11:36:20.622654 >> Projectile removed!
(ENTRY #642) 2022-03-11 11:36:21.013204 >> Projectile has hit!
(ENTRY #643) 2022-03-11 11:36:21.014201 >> Projectile removed!
(ENTRY #644) 2022-03-11 11:36:21.084201 >> Cloud created! ID: #17
(ENTRY #645) 2022-03-11 11:36:21.192206 >> Projectile removed!
(ENTRY #646) 2022-03-11 11:36:21.227197 >> MOUSEPOS: (654, 544)
(ENTRY #647) 2022-03-11 11:36:21.227197 >> SLOPE CALC:None
(ENTRY #648) 2022-03-11 11:36:21.227197 >> LIN CALC FIN: 920.6043659336323
(ENTRY #649) 2022-03-11 11:36:21.227197 >> LIN CALC RAW: -20.604365933632266
(ENTRY #650) 2022-03-11 11:36:21.227197 >> Above!
(ENTRY #651) 2022-03-11 11:36:21.227197 >> Object lightRound has been created!
(ENTRY #652) 2022-03-11 11:36:21.228198 >> Protectile #108 has been created! Type: Light
(ENTRY #653) 2022-03-11 11:36:21.228198 >> Projectile created! ID: #108
(ENTRY #654) 2022-03-11 11:36:21.456199 >> MOUSEPOS: (654, 544)
(ENTRY #655) 2022-03-11 11:36:21.456199 >> SLOPE CALC:None
(ENTRY #656) 2022-03-11 11:36:21.456199 >> LIN CALC FIN: 924.4694293184583
(ENTRY #657) 2022-03-11 11:36:21.456199 >> LIN CALC RAW: -24.46942931845831
(ENTRY #658) 2022-03-11 11:36:21.456199 >> Above!
(ENTRY #659) 2022-03-11 11:36:21.667737 >> MOUSEPOS: (237.27491832743007, 486.05702861845083)
(ENTRY #660) 2022-03-11 11:36:21.667737 >> SLOPE CALC:None
(ENTRY #661) 2022-03-11 11:36:21.667737 >> LIN CALC FIN: 134.25017035283554
(ENTRY #662) 2022-03-11 11:36:21.667737 >> LIN CALC RAW: 765.7498296471645
(ENTRY #663) 2022-03-11 11:36:21.667737 >> Below!
(ENTRY #664) 2022-03-11 11:36:21.667737 >> Object lightRound has been created!
(ENTRY #665) 2022-03-11 11:36:21.668737 >> Protectile #110 has been created! Type: Light
(ENTRY #666) 2022-03-11 11:36:21.668737 >> Projectile created! ID: #110
(ENTRY #667) 2022-03-11 11:36:21.683742 >> MOUSEPOS: (654, 544)
(ENTRY #668) 2022-03-11 11:36:21.683742 >> SLOPE CALC:None
(ENTRY #669) 2022-03-11 11:36:21.684741 >> LIN CALC FIN: 928.7821102910208
(ENTRY #670) 2022-03-11 11:36:21.684741 >> LIN CALC RAW: -28.782110291020786
(ENTRY #671) 2022-03-11 11:36:21.684741 >> Above!
(ENTRY #672) 2022-03-11 11:36:21.810781 >> Projectile removed!
(ENTRY #673) 2022-03-11 11:36:22.013504 >> MOUSEPOS: (654, 544)
(ENTRY #674) 2022-03-11 11:36:22.013504 >> SLOPE CALC:None
(ENTRY #675) 2022-03-11 11:36:22.014504 >> LIN CALC FIN: 934.8560658335132
(ENTRY #676) 2022-03-11 11:36:22.014504 >> LIN CALC RAW: -34.856065833513185
(ENTRY #677) 2022-03-11 11:36:22.014504 >> Above!
(ENTRY #678) 2022-03-11 11:36:22.116213 >> Cloud created! ID: #18
(ENTRY #679) 2022-03-11 11:36:22.489590 >> MOUSEPOS: (672, 531)
(ENTRY #680) 2022-03-11 11:36:22.490319 >> SLOPE CALC:None
(ENTRY #681) 2022-03-11 11:36:22.490319 >> LIN CALC FIN: 961.8492706938771
(ENTRY #682) 2022-03-11 11:36:22.490319 >> LIN CALC RAW: -61.84927069387709
(ENTRY #683) 2022-03-11 11:36:22.490319 >> Above!
(ENTRY #684) 2022-03-11 11:36:22.490319 >> Object lightRound has been created!
(ENTRY #685) 2022-03-11 11:36:22.490319 >> Protectile #112 has been created! Type: Light
(ENTRY #686) 2022-03-11 11:36:22.490319 >> Projectile created! ID: #112
(ENTRY #687) 2022-03-11 11:36:22.728569 >> MOUSEPOS: (672, 531)
(ENTRY #688) 2022-03-11 11:36:22.728569 >> SLOPE CALC:None
(ENTRY #689) 2022-03-11 11:36:22.728569 >> LIN CALC FIN: 966.2984721438099
(ENTRY #690) 2022-03-11 11:36:22.728569 >> LIN CALC RAW: -66.29847214380993
(ENTRY #691) 2022-03-11 11:36:22.728569 >> Above!
(ENTRY #692) 2022-03-11 11:36:22.999571 >> MOUSEPOS: (672, 531)
(ENTRY #693) 2022-03-11 11:36:22.999571 >> SLOPE CALC:None
(ENTRY #694) 2022-03-11 11:36:22.999571 >> LIN CALC FIN: 971.5034114297057
(ENTRY #695) 2022-03-11 11:36:22.999571 >> LIN CALC RAW: -71.5034114297057
(ENTRY #696) 2022-03-11 11:36:22.999571 >> Above!
(ENTRY #697) 2022-03-11 11:36:23.178583 >> Cloud created! ID: #19
(ENTRY #698) 2022-03-11 11:36:23.272576 >> MOUSEPOS: (672, 531)
(ENTRY #699) 2022-03-11 11:36:23.272576 >> SLOPE CALC:None
(ENTRY #700) 2022-03-11 11:36:23.272576 >> LIN CALC FIN: 976.7633773530783
(ENTRY #701) 2022-03-11 11:36:23.272576 >> LIN CALC RAW: -76.76337735307834
(ENTRY #702) 2022-03-11 11:36:23.272576 >> Above!
(ENTRY #703) 2022-03-11 11:36:23.580571 >> MOUSEPOS: (672, 531)
(ENTRY #704) 2022-03-11 11:36:23.580571 >> SLOPE CALC:None
(ENTRY #705) 2022-03-11 11:36:23.580571 >> LIN CALC FIN: 982.7627474234565
(ENTRY #706) 2022-03-11 11:36:23.580571 >> LIN CALC RAW: -82.76274742345652
(ENTRY #707) 2022-03-11 11:36:23.580571 >> Above!
(ENTRY #708) 2022-03-11 11:36:23.580571 >> Object lightRound has been created!
(ENTRY #709) 2022-03-11 11:36:23.581571 >> Protectile #114 has been created! Type: Light
(ENTRY #710) 2022-03-11 11:36:23.581571 >> Projectile created! ID: #114
(ENTRY #711) 2022-03-11 11:36:23.674571 >> MOUSEPOS: (225.84169592755208, 508.725659363521)
(ENTRY #712) 2022-03-11 11:36:23.674571 >> SLOPE CALC:None
(ENTRY #713) 2022-03-11 11:36:23.674571 >> LIN CALC FIN: 83.64547244429264
(ENTRY #714) 2022-03-11 11:36:23.674571 >> LIN CALC RAW: 816.3545275557074
(ENTRY #715) 2022-03-11 11:36:23.674571 >> Below!
(ENTRY #716) 2022-03-11 11:36:23.674571 >> Object lightRound has been created!
(ENTRY #717) 2022-03-11 11:36:23.675571 >> Protectile #116 has been created! Type: Light
(ENTRY #718) 2022-03-11 11:36:23.675571 >> Projectile created! ID: #116
(ENTRY #719) 2022-03-11 11:36:23.867573 >> MOUSEPOS: (672, 531)
(ENTRY #720) 2022-03-11 11:36:23.867573 >> SLOPE CALC:None
(ENTRY #721) 2022-03-11 11:36:23.868571 >> LIN CALC FIN: 988.0646517043066
(ENTRY #722) 2022-03-11 11:36:23.868571 >> LIN CALC RAW: -88.06465170430658
(ENTRY #723) 2022-03-11 11:36:23.868571 >> Above!
(ENTRY #724) 2022-03-11 11:36:24.135571 >> MOUSEPOS: (672, 531)
(ENTRY #725) 2022-03-11 11:36:24.135571 >> SLOPE CALC:None
(ENTRY #726) 2022-03-11 11:36:24.135571 >> LIN CALC FIN: 992.9992128604308
(ENTRY #727) 2022-03-11 11:36:24.135571 >> LIN CALC RAW: -92.99921286043082
(ENTRY #728) 2022-03-11 11:36:24.135571 >> Above!
(ENTRY #729) 2022-03-11 11:36:24.365576 >> Cloud created! ID: #20
(ENTRY #730) 2022-03-11 11:36:24.408571 >> MOUSEPOS: (672, 531)
(ENTRY #731) 2022-03-11 11:36:24.408571 >> SLOPE CALC:None
(ENTRY #732) 2022-03-11 11:36:24.408571 >> LIN CALC FIN: 997.9015225320165
(ENTRY #733) 2022-03-11 11:36:24.408571 >> LIN CALC RAW: -97.90152253201654
(ENTRY #734) 2022-03-11 11:36:24.408571 >> Above!
(ENTRY #735) 2022-03-11 11:36:24.671109 >> MOUSEPOS: (672, 531)
(ENTRY #736) 2022-03-11 11:36:24.671109 >> SLOPE CALC:None
(ENTRY #737) 2022-03-11 11:36:24.671109 >> LIN CALC FIN: 1002.7532931275925
(ENTRY #738) 2022-03-11 11:36:24.671109 >> LIN CALC RAW: -102.75329312759254
(ENTRY #739) 2022-03-11 11:36:24.671109 >> Above!
(ENTRY #740) 2022-03-11 11:36:24.671109 >> Object lightRound has been created!
(ENTRY #741) 2022-03-11 11:36:24.671109 >> Protectile #118 has been created! Type: Light
(ENTRY #742) 2022-03-11 11:36:24.671109 >> Projectile created! ID: #118
(ENTRY #743) 2022-03-11 11:36:24.672110 >> Projectile has hit!
(ENTRY #744) 2022-03-11 11:36:24.672110 >> Projectile removed!
(ENTRY #745) 2022-03-11 11:36:24.966386 >> MOUSEPOS: (672, 531)
(ENTRY #746) 2022-03-11 11:36:24.966386 >> SLOPE CALC:None
(ENTRY #747) 2022-03-11 11:36:24.966386 >> LIN CALC FIN: 1008.2130829770736
(ENTRY #748) 2022-03-11 11:36:24.966386 >> LIN CALC RAW: -108.21308297707355
(ENTRY #749) 2022-03-11 11:36:24.966386 >> Above!
(ENTRY #750) 2022-03-11 11:36:25.245768 >> Projectile removed!
(ENTRY #751) 2022-03-11 11:36:25.281331 >> MOUSEPOS: (672, 531)
(ENTRY #752) 2022-03-11 11:36:25.281331 >> SLOPE CALC:None
(ENTRY #753) 2022-03-11 11:36:25.281331 >> LIN CALC FIN: 1014.2150988307847
(ENTRY #754) 2022-03-11 11:36:25.281331 >> LIN CALC RAW: -114.21509883078465
(ENTRY #755) 2022-03-11 11:36:25.281331 >> Above!
(ENTRY #756) 2022-03-11 11:36:25.462389 >> Cloud created! ID: #21
(ENTRY #757) 2022-03-11 11:36:25.608390 >> MOUSEPOS: (672, 531)
(ENTRY #758) 2022-03-11 11:36:25.609389 >> SLOPE CALC:None
(ENTRY #759) 2022-03-11 11:36:25.609389 >> LIN CALC FIN: 1020.0330088406121
(ENTRY #760) 2022-03-11 11:36:25.609389 >> LIN CALC RAW: -120.03300884061207
(ENTRY #761) 2022-03-11 11:36:25.609389 >> Above!
(ENTRY #762) 2022-03-11 11:36:25.682393 >> MOUSEPOS: (209.94182114048533, 531.5533785932065)
(ENTRY #763) 2022-03-11 11:36:25.682393 >> SLOPE CALC:None
(ENTRY #764) 2022-03-11 11:36:25.682393 >> LIN CALC FIN: 1012.4887489964536
(ENTRY #765) 2022-03-11 11:36:25.682393 >> LIN CALC RAW: -112.48874899645364
(ENTRY #766) 2022-03-11 11:36:25.682393 >> Above!
(ENTRY #767) 2022-03-11 11:36:25.682393 >> Object lightRound has been created!
(ENTRY #768) 2022-03-11 11:36:25.682393 >> Protectile #120 has been created! Type: Light
(ENTRY #769) 2022-03-11 11:36:25.682393 >> Projectile created! ID: #120
(ENTRY #770) 2022-03-11 11:36:25.857918 >> Cloud removed! ID: #21
(ENTRY #771) 2022-03-11 11:36:25.952458 >> MOUSEPOS: (672, 531)
(ENTRY #772) 2022-03-11 11:36:25.952458 >> SLOPE CALC:None
(ENTRY #773) 2022-03-11 11:36:25.952458 >> LIN CALC FIN: 1025.6309436566937
(ENTRY #774) 2022-03-11 11:36:25.952458 >> LIN CALC RAW: -125.63094365669372
(ENTRY #775) 2022-03-11 11:36:25.952458 >> Above!
(ENTRY #776) 2022-03-11 11:36:25.952458 >> Object lightRound has been created!
(ENTRY #777) 2022-03-11 11:36:25.953464 >> Protectile #122 has been created! Type: Light
(ENTRY #778) 2022-03-11 11:36:25.953464 >> Projectile created! ID: #122
(ENTRY #779) 2022-03-11 11:36:26.081461 >> Projectile has hit!
(ENTRY #780) 2022-03-11 11:36:26.081461 >> Projectile removed!
(ENTRY #781) 2022-03-11 11:36:26.265940 >> MOUSEPOS: (672, 531)
(ENTRY #782) 2022-03-11 11:36:26.265940 >> SLOPE CALC:None
(ENTRY #783) 2022-03-11 11:36:26.265940 >> LIN CALC FIN: 1030.394280105937
(ENTRY #784) 2022-03-11 11:36:26.265940 >> LIN CALC RAW: -130.394280105937
(ENTRY #785) 2022-03-11 11:36:26.265940 >> Above!
(ENTRY #786) 2022-03-11 11:36:26.496934 >> Cloud created! ID: #22
(ENTRY #787) 2022-03-11 11:36:26.551937 >> Cloud removed! ID: #22
(ENTRY #788) 2022-03-11 11:36:26.865466 >> MOUSEPOS: (681, 529)
(ENTRY #789) 2022-03-11 11:36:26.865466 >> SLOPE CALC:None
(ENTRY #790) 2022-03-11 11:36:26.865466 >> LIN CALC FIN: 1048.485545354523
(ENTRY #791) 2022-03-11 11:36:26.865466 >> LIN CALC RAW: -148.48554535452308
(ENTRY #792) 2022-03-11 11:36:26.865466 >> Above!
(ENTRY #793) 2022-03-11 11:36:27.419126 >> Cloud removed! ID: #22
(ENTRY #794) 2022-03-11 11:36:27.452680 >> Projectile removed!
(ENTRY #795) 2022-03-11 11:36:27.505681 >> Cloud created! ID: #23
(ENTRY #796) 2022-03-11 11:36:27.582839 >> MOUSEPOS: (677, 459)
(ENTRY #797) 2022-03-11 11:36:27.582839 >> SLOPE CALC:None
(ENTRY #798) 2022-03-11 11:36:27.582839 >> LIN CALC FIN: -8.272760339502724
(ENTRY #799) 2022-03-11 11:36:27.582839 >> LIN CALC RAW: 908.2727603395027
(ENTRY #800) 2022-03-11 11:36:27.582839 >> Below!
(ENTRY #801) 2022-03-11 11:36:27.582839 >> Object lightRound has been created!
(ENTRY #802) 2022-03-11 11:36:27.583837 >> Protectile #124 has been created! Type: Light
(ENTRY #803) 2022-03-11 11:36:27.583837 >> Projectile created! ID: #124
(ENTRY #804) 2022-03-11 11:36:27.690397 >> MOUSEPOS: (149.26023013876917, 549.4776410429478)
(ENTRY #805) 2022-03-11 11:36:27.690397 >> SLOPE CALC:None
(ENTRY #806) 2022-03-11 11:36:27.690397 >> LIN CALC FIN: 1041.4872265611477
(ENTRY #807) 2022-03-11 11:36:27.690397 >> LIN CALC RAW: -141.48722656114774
(ENTRY #808) 2022-03-11 11:36:27.690397 >> Above!
(ENTRY #809) 2022-03-11 11:36:27.690397 >> Object lightRound has been created!
(ENTRY #810) 2022-03-11 11:36:27.691398 >> Protectile #126 has been created! Type: Light
(ENTRY #811) 2022-03-11 11:36:27.691398 >> Projectile created! ID: #126
(ENTRY #812) 2022-03-11 11:36:28.175400 >> MOUSEPOS: (669, 449)
(ENTRY #813) 2022-03-11 11:36:28.175400 >> SLOPE CALC:None
(ENTRY #814) 2022-03-11 11:36:28.175400 >> LIN CALC FIN: -9.910736576483373
(ENTRY #815) 2022-03-11 11:36:28.175400 >> LIN CALC RAW: 909.9107365764834
(ENTRY #816) 2022-03-11 11:36:28.175400 >> Below!
(ENTRY #817) 2022-03-11 11:36:28.530375 >> Cloud removed! ID: #23
(ENTRY #818) 2022-03-11 11:36:28.546374 >> Cloud created! ID: #24
(ENTRY #819) 2022-03-11 11:36:28.661931 >> MOUSEPOS: (676, 461)
(ENTRY #820) 2022-03-11 11:36:28.661931 >> SLOPE CALC:None
(ENTRY #821) 2022-03-11 11:36:28.661931 >> LIN CALC FIN: -24.62807594821163
(ENTRY #822) 2022-03-11 11:36:28.661931 >> LIN CALC RAW: 924.6280759482116
(ENTRY #823) 2022-03-11 11:36:28.661931 >> Below!
(ENTRY #824) 2022-03-11 11:36:28.661931 >> Object lightRound has been created!
(ENTRY #825) 2022-03-11 11:36:28.661931 >> Protectile #128 has been created! Type: Light
(ENTRY #826) 2022-03-11 11:36:28.661931 >> Projectile created! ID: #128
(ENTRY #827) 2022-03-11 11:36:29.102924 >> MOUSEPOS: (676, 461)
(ENTRY #828) 2022-03-11 11:36:29.102924 >> SLOPE CALC:None
(ENTRY #829) 2022-03-11 11:36:29.102924 >> LIN CALC FIN: -32.10801309027045
(ENTRY #830) 2022-03-11 11:36:29.102924 >> LIN CALC RAW: 932.1080130902704
(ENTRY #831) 2022-03-11 11:36:29.102924 >> Below!
(ENTRY #832) 2022-03-11 11:36:29.456932 >> Cloud removed! ID: #24
(ENTRY #833) 2022-03-11 11:36:29.566944 >> Projectile removed!
(ENTRY #834) 2022-03-11 11:36:29.566944 >> Projectile removed!
(ENTRY #835) 2022-03-11 11:36:29.568944 >> Cloud created! ID: #25
(ENTRY #836) 2022-03-11 11:36:29.569935 >> MOUSEPOS: (676, 461)
(ENTRY #837) 2022-03-11 11:36:29.569935 >> SLOPE CALC:None
(ENTRY #838) 2022-03-11 11:36:29.569935 >> LIN CALC FIN: -40.29918191507352
(ENTRY #839) 2022-03-11 11:36:29.569935 >> LIN CALC RAW: 940.2991819150735
(ENTRY #840) 2022-03-11 11:36:29.569935 >> Below!
(ENTRY #841) 2022-03-11 11:36:29.695929 >> MOUSEPOS: (148.2625092317909, 560.7465488953133)
(ENTRY #842) 2022-03-11 11:36:29.695929 >> SLOPE CALC:None
(ENTRY #843) 2022-03-11 11:36:29.695929 >> LIN CALC FIN: 1007.9985842586933
(ENTRY #844) 2022-03-11 11:36:29.695929 >> LIN CALC RAW: -107.99858425869331
(ENTRY #845) 2022-03-11 11:36:29.695929 >> Above!
(ENTRY #846) 2022-03-11 11:36:29.695929 >> Object lightRound has been created!
(ENTRY #847) 2022-03-11 11:36:29.695929 >> Protectile #130 has been created! Type: Light
(ENTRY #848) 2022-03-11 11:36:29.695929 >> Projectile created! ID: #130
(ENTRY #849) 2022-03-11 11:36:29.808466 >> Projectile has hit!
(ENTRY #850) 2022-03-11 11:36:29.808466 >> Projectile removed!
(ENTRY #851) 2022-03-11 11:36:29.973469 >> MOUSEPOS: (676, 461)
(ENTRY #852) 2022-03-11 11:36:29.973469 >> SLOPE CALC:None
(ENTRY #853) 2022-03-11 11:36:29.973469 >> LIN CALC FIN: -47.76848539630373
(ENTRY #854) 2022-03-11 11:36:29.973469 >> LIN CALC RAW: 947.7684853963037
(ENTRY #855) 2022-03-11 11:36:29.973469 >> Below!
(ENTRY #856) 2022-03-11 11:36:29.973469 >> Object lightRound has been created!
(ENTRY #857) 2022-03-11 11:36:29.973469 >> Protectile #132 has been created! Type: Light
(ENTRY #858) 2022-03-11 11:36:29.973469 >> Projectile created! ID: #132
(ENTRY #859) 2022-03-11 11:36:30.347081 >> MOUSEPOS: (676, 461)
(ENTRY #860) 2022-03-11 11:36:30.347081 >> SLOPE CALC:None
(ENTRY #861) 2022-03-11 11:36:30.347081 >> LIN CALC FIN: -54.71036709612565
(ENTRY #862) 2022-03-11 11:36:30.347081 >> LIN CALC RAW: 954.7103670961257
(ENTRY #863) 2022-03-11 11:36:30.347081 >> Below!
(ENTRY #864) 2022-03-11 11:36:30.348085 >> Cloud removed! ID: #25
(ENTRY #865) 2022-03-11 11:36:30.576163 >> Cloud created! ID: #26
(ENTRY #866) 2022-03-11 11:36:30.633156 >> MOUSEPOS: (676, 461)
(ENTRY #867) 2022-03-11 11:36:30.633156 >> SLOPE CALC:None
(ENTRY #868) 2022-03-11 11:36:30.633156 >> LIN CALC FIN: -59.97864131690278
(ENTRY #869) 2022-03-11 11:36:30.633156 >> LIN CALC RAW: 959.9786413169028
(ENTRY #870) 2022-03-11 11:36:30.633156 >> Below!
(ENTRY #871) 2022-03-11 11:36:30.708159 >> Projectile removed!
(ENTRY #872) 2022-03-11 11:36:31.117443 >> MOUSEPOS: (701, 413)
(ENTRY #873) 2022-03-11 11:36:31.117443 >> SLOPE CALC:None
(ENTRY #874) 2022-03-11 11:36:31.117443 >> LIN CALC FIN: -94.16346261879062
(ENTRY #875) 2022-03-11 11:36:31.117443 >> LIN CALC RAW: 994.1634626187906
(ENTRY #876) 2022-03-11 11:36:31.117443 >> Below!
(ENTRY #877) 2022-03-11 11:36:31.117443 >> Object lightRound has been created!
(ENTRY #878) 2022-03-11 11:36:31.117443 >> Protectile #134 has been created! Type: Light
(ENTRY #879) 2022-03-11 11:36:31.117443 >> Projectile created! ID: #134
(ENTRY #880) 2022-03-11 11:36:31.289645 >> Cloud removed! ID: #26
(ENTRY #881) 2022-03-11 11:36:31.380642 >> MOUSEPOS: (701, 413)
(ENTRY #882) 2022-03-11 11:36:31.380642 >> SLOPE CALC:None
(ENTRY #883) 2022-03-11 11:36:31.380642 >> LIN CALC FIN: -99.10254270797952
(ENTRY #884) 2022-03-11 11:36:31.380642 >> LIN CALC RAW: 999.1025427079795
(ENTRY #885) 2022-03-11 11:36:31.380642 >> Below!
(ENTRY #886) 2022-03-11 11:36:31.494725 >> Projectile has hit!
(ENTRY #887) 2022-03-11 11:36:31.494725 >> Projectile removed!
(ENTRY #888) 2022-03-11 11:36:31.608724 >> MOUSEPOS: (701, 413)
(ENTRY #889) 2022-03-11 11:36:31.608724 >> SLOPE CALC:None
(ENTRY #890) 2022-03-11 11:36:31.608724 >> LIN CALC FIN: -103.3141995946853
(ENTRY #891) 2022-03-11 11:36:31.608724 >> LIN CALC RAW: 1003.3141995946853
(ENTRY #892) 2022-03-11 11:36:31.608724 >> Below!
(ENTRY #893) 2022-03-11 11:36:31.625720 >> Cloud created! ID: #27
(ENTRY #894) 2022-03-11 11:36:31.700779 >> MOUSEPOS: (147.40939075407488, 518.1819933978559)
(ENTRY #895) 2022-03-11 11:36:31.700779 >> SLOPE CALC:None
(ENTRY #896) 2022-03-11 11:36:31.700779 >> LIN CALC FIN: 985.7720341393092
(ENTRY #897) 2022-03-11 11:36:31.700779 >> LIN CALC RAW: -85.7720341393092
(ENTRY #898) 2022-03-11 11:36:31.700779 >> Above!
(ENTRY #899) 2022-03-11 11:36:31.700779 >> Object lightRound has been created!
(ENTRY #900) 2022-03-11 11:36:31.701782 >> Protectile #136 has been created! Type: Light
(ENTRY #901) 2022-03-11 11:36:31.701782 >> Projectile created! ID: #136
(ENTRY #902) 2022-03-11 11:36:31.852325 >> MOUSEPOS: (701, 413)
(ENTRY #903) 2022-03-11 11:36:31.852325 >> SLOPE CALC:None
(ENTRY #904) 2022-03-11 11:36:31.852325 >> LIN CALC FIN: -107.83996395113797
(ENTRY #905) 2022-03-11 11:36:31.852325 >> LIN CALC RAW: 1007.839963951138
(ENTRY #906) 2022-03-11 11:36:31.852325 >> Below!
(ENTRY #907) 2022-03-11 11:36:32.135238 >> Projectile removed!
(ENTRY #908) 2022-03-11 11:36:32.136236 >> MOUSEPOS: (701, 413)
(ENTRY #909) 2022-03-11 11:36:32.136236 >> SLOPE CALC:None
(ENTRY #910) 2022-03-11 11:36:32.136236 >> LIN CALC FIN: -112.99581790918091
(ENTRY #911) 2022-03-11 11:36:32.136236 >> LIN CALC RAW: 1012.9958179091809
(ENTRY #912) 2022-03-11 11:36:32.136236 >> Below!
(ENTRY #913) 2022-03-11 11:36:32.136236 >> Object lightRound has been created!
(ENTRY #914) 2022-03-11 11:36:32.137239 >> Protectile #138 has been created! Type: Light
(ENTRY #915) 2022-03-11 11:36:32.137239 >> Projectile created! ID: #138
(ENTRY #916) 2022-03-11 11:36:32.212789 >> Cloud removed! ID: #27
(ENTRY #917) 2022-03-11 11:36:32.375792 >> MOUSEPOS: (701, 413)
(ENTRY #918) 2022-03-11 11:36:32.375792 >> SLOPE CALC:None
(ENTRY #919) 2022-03-11 11:36:32.375792 >> LIN CALC FIN: -117.39059441779978
(ENTRY #920) 2022-03-11 11:36:32.375792 >> LIN CALC RAW: 1017.3905944177998
(ENTRY #921) 2022-03-11 11:36:32.375792 >> Below!
(ENTRY #922) 2022-03-11 11:36:32.713740 >> MOUSEPOS: (701, 413)
(ENTRY #923) 2022-03-11 11:36:32.713740 >> SLOPE CALC:None
(ENTRY #924) 2022-03-11 11:36:32.713740 >> LIN CALC FIN: -123.3353018395403
(ENTRY #925) 2022-03-11 11:36:32.713740 >> LIN CALC RAW: 1023.3353018395403
(ENTRY #926) 2022-03-11 11:36:32.713740 >> Below!
(ENTRY #927) 2022-03-11 11:36:32.733742 >> Cloud created! ID: #28
(ENTRY #928) 2022-03-11 11:36:32.995356 >> MOUSEPOS: (701, 413)
(ENTRY #929) 2022-03-11 11:36:32.995356 >> SLOPE CALC:None
(ENTRY #930) 2022-03-11 11:36:32.995356 >> LIN CALC FIN: -128.1408706801385
(ENTRY #931) 2022-03-11 11:36:32.995356 >> LIN CALC RAW: 1028.1408706801385
(ENTRY #932) 2022-03-11 11:36:32.995356 >> Below!
(ENTRY #933) 2022-03-11 11:36:33.074946 >> Cloud removed! ID: #28
(ENTRY #934) 2022-03-11 11:36:33.643490 >> Projectile removed!
(ENTRY #935) 2022-03-11 11:36:33.702485 >> MOUSEPOS: (121.62370539213155, 519.8086114775384)
(ENTRY #936) 2022-03-11 11:36:33.702485 >> SLOPE CALC:None
(ENTRY #937) 2022-03-11 11:36:33.702485 >> LIN CALC FIN: 1004.2319135104735
(ENTRY #938) 2022-03-11 11:36:33.702485 >> LIN CALC RAW: -104.23191351047353
(ENTRY #939) 2022-03-11 11:36:33.702485 >> Above!
(ENTRY #940) 2022-03-11 11:36:33.702485 >> Object lightRound has been created!
(ENTRY #941) 2022-03-11 11:36:33.703486 >> Protectile #140 has been created! Type: Light
(ENTRY #942) 2022-03-11 11:36:33.703486 >> Projectile created! ID: #140
(ENTRY #943) 2022-03-11 11:36:33.835474 >> Cloud created! ID: #29
(ENTRY #944) 2022-03-11 11:36:33.893474 >> MOUSEPOS: (736, 383)
(ENTRY #945) 2022-03-11 11:36:33.893474 >> SLOPE CALC:None
(ENTRY #946) 2022-03-11 11:36:33.893474 >> LIN CALC FIN: -177.09195779832453
(ENTRY #947) 2022-03-11 11:36:33.893474 >> LIN CALC RAW: 1077.0919577983245
(ENTRY #948) 2022-03-11 11:36:33.893474 >> Below!
(ENTRY #949) 2022-03-11 11:36:33.893474 >> Object lightRound has been created!
(ENTRY #950) 2022-03-11 11:36:33.894478 >> Protectile #142 has been created! Type: Light
(ENTRY #951) 2022-03-11 11:36:33.894478 >> Projectile created! ID: #142
(ENTRY #952) 2022-03-11 11:36:34.055042 >> Cloud removed! ID: #29
(ENTRY #953) 2022-03-11 11:36:34.166022 >> MOUSEPOS: (736, 383)
(ENTRY #954) 2022-03-11 11:36:34.166022 >> SLOPE CALC:None
(ENTRY #955) 2022-03-11 11:36:34.166022 >> LIN CALC FIN: -180.8621962402874
(ENTRY #956) 2022-03-11 11:36:34.166022 >> LIN CALC RAW: 1080.8621962402874
(ENTRY #957) 2022-03-11 11:36:34.166022 >> Below!
(ENTRY #958) 2022-03-11 11:36:34.428041 >> MOUSEPOS: (736, 383)
(ENTRY #959) 2022-03-11 11:36:34.428041 >> SLOPE CALC:None
(ENTRY #960) 2022-03-11 11:36:34.428041 >> LIN CALC FIN: -184.18187874875298
(ENTRY #961) 2022-03-11 11:36:34.428041 >> LIN CALC RAW: 1084.181878748753
(ENTRY #962) 2022-03-11 11:36:34.428041 >> Below!
(ENTRY #963) 2022-03-11 11:36:34.788177 >> MOUSEPOS: (736, 380)
(ENTRY #964) 2022-03-11 11:36:34.788177 >> SLOPE CALC:None
(ENTRY #965) 2022-03-11 11:36:34.788177 >> LIN CALC FIN: -188.69722272919353
(ENTRY #966) 2022-03-11 11:36:34.788177 >> LIN CALC RAW: 1088.6972227291935
(ENTRY #967) 2022-03-11 11:36:34.788177 >> Below!
(ENTRY #968) 2022-03-11 11:36:34.985217 >> Cloud created! ID: #30
(ENTRY #969) 2022-03-11 11:36:34.987212 >> Cloud removed! ID: #30
(ENTRY #970) 2022-03-11 11:36:35.242215 >> Projectile removed!
(ENTRY #971) 2022-03-11 11:36:35.280219 >> MOUSEPOS: (736, 380)
(ENTRY #972) 2022-03-11 11:36:35.280219 >> SLOPE CALC:None
(ENTRY #973) 2022-03-11 11:36:35.280219 >> LIN CALC FIN: -194.3720876989812
(ENTRY #974) 2022-03-11 11:36:35.280219 >> LIN CALC RAW: 1094.3720876989812
(ENTRY #975) 2022-03-11 11:36:35.280219 >> Below!
(ENTRY #976) 2022-03-11 11:36:35.280219 >> Object lightRound has been created!
(ENTRY #977) 2022-03-11 11:36:35.280219 >> Protectile #144 has been created! Type: Light
(ENTRY #978) 2022-03-11 11:36:35.280219 >> Projectile created! ID: #144
(ENTRY #979) 2022-03-11 11:36:35.668210 >> Projectile has hit!
(ENTRY #980) 2022-03-11 11:36:35.668210 >> Projectile removed!
(ENTRY #981) 2022-03-11 11:36:35.686224 >> Projectile removed!
(ENTRY #982) 2022-03-11 11:36:35.705215 >> MOUSEPOS: (138.44617719009634, 477.556571239655)
(ENTRY #983) 2022-03-11 11:36:35.706210 >> SLOPE CALC:None
(ENTRY #984) 2022-03-11 11:36:35.706210 >> LIN CALC FIN: 986.0375142992424
(ENTRY #985) 2022-03-11 11:36:35.706210 >> LIN CALC RAW: -86.03751429924239
(ENTRY #986) 2022-03-11 11:36:35.706210 >> Above!
(ENTRY #987) 2022-03-11 11:36:35.706210 >> Object lightRound has been created!
(ENTRY #988) 2022-03-11 11:36:35.706210 >> Protectile #146 has been created! Type: Light
(ENTRY #989) 2022-03-11 11:36:35.706210 >> Projectile created! ID: #146
(ENTRY #990) 2022-03-11 11:36:35.761217 >> MOUSEPOS: (736, 380)
(ENTRY #991) 2022-03-11 11:36:35.761217 >> SLOPE CALC:None
(ENTRY #992) 2022-03-11 11:36:35.761217 >> LIN CALC FIN: -199.36539675375593
(ENTRY #993) 2022-03-11 11:36:35.761217 >> LIN CALC RAW: 1099.365396753756
(ENTRY #994) 2022-03-11 11:36:35.761217 >> Below!
(ENTRY #995) 2022-03-11 11:36:36.018864 >> Cloud created! ID: #31
(ENTRY #996) 2022-03-11 11:36:36.020869 >> MOUSEPOS: (736, 380)
(ENTRY #997) 2022-03-11 11:36:36.020869 >> SLOPE CALC:None
(ENTRY #998) 2022-03-11 11:36:36.020869 >> LIN CALC FIN: -201.79298898192997
(ENTRY #999) 2022-03-11 11:36:36.020869 >> LIN CALC RAW: 1101.79298898193
(ENTRY #1000) 2022-03-11 11:36:36.020869 >> Below!
(ENTRY #1001) 2022-03-11 11:36:36.059859 >> Cloud removed! ID: #31
(ENTRY #1002) 2022-03-11 11:36:36.259479 >> MOUSEPOS: (736, 380)
(ENTRY #1003) 2022-03-11 11:36:36.259479 >> SLOPE CALC:None
(ENTRY #1004) 2022-03-11 11:36:36.259479 >> LIN CALC FIN: -203.80755934347212
(ENTRY #1005) 2022-03-11 11:36:36.259479 >> LIN CALC RAW: 1103.8075593434721
(ENTRY #1006) 2022-03-11 11:36:36.259479 >> Below!
(ENTRY #1007) 2022-03-11 11:36:36.556867 >> MOUSEPOS: (736, 380)
(ENTRY #1008) 2022-03-11 11:36:36.556867 >> SLOPE CALC:None
(ENTRY #1009) 2022-03-11 11:36:36.556867 >> LIN CALC FIN: -205.9605011188355
(ENTRY #1010) 2022-03-11 11:36:36.556867 >> LIN CALC RAW: 1105.9605011188355
(ENTRY #1011) 2022-03-11 11:36:36.556867 >> Below!
(ENTRY #1012) 2022-03-11 11:36:36.556867 >> Object lightRound has been created!
(ENTRY #1013) 2022-03-11 11:36:36.557866 >> Protectile #148 has been created! Type: Light
(ENTRY #1014) 2022-03-11 11:36:36.557866 >> Projectile created! ID: #148
(ENTRY #1015) 2022-03-11 11:36:36.668820 >> Projectile removed!
(ENTRY #1016) 2022-03-11 11:36:36.786371 >> Projectile has hit!
(ENTRY #1017) 2022-03-11 11:36:36.786371 >> Projectile removed!
(ENTRY #1018) 2022-03-11 11:36:37.050475 >> Cloud removed! ID: #31
(ENTRY #1019) 2022-03-11 11:36:37.122486 >> MOUSEPOS: (742, 337)
(ENTRY #1020) 2022-03-11 11:36:37.122486 >> SLOPE CALC:None
(ENTRY #1021) 2022-03-11 11:36:37.122486 >> LIN CALC FIN: -214.99295499174696
(ENTRY #1022) 2022-03-11 11:36:37.122486 >> LIN CALC RAW: 1114.992954991747
(ENTRY #1023) 2022-03-11 11:36:37.122486 >> Below!
(ENTRY #1024) 2022-03-11 11:36:37.140476 >> Cloud created! ID: #32
(ENTRY #1025) 2022-03-11 11:36:37.493345 >> MOUSEPOS: (749, 350)
(ENTRY #1026) 2022-03-11 11:36:37.493345 >> SLOPE CALC:None
(ENTRY #1027) 2022-03-11 11:36:37.493345 >> LIN CALC FIN: -223.26598031689946
(ENTRY #1028) 2022-03-11 11:36:37.493345 >> LIN CALC RAW: 1123.2659803168995
(ENTRY #1029) 2022-03-11 11:36:37.493345 >> Below!
(ENTRY #1030) 2022-03-11 11:36:37.679707 >> Projectile removed!
(ENTRY #1031) 2022-03-11 11:36:37.716704 >> MOUSEPOS: (112.53879760527059, 452.6949154745398)
(ENTRY #1032) 2022-03-11 11:36:37.716704 >> SLOPE CALC:None
(ENTRY #1033) 2022-03-11 11:36:37.716704 >> LIN CALC FIN: 994.2570109532832
(ENTRY #1034) 2022-03-11 11:36:37.716704 >> LIN CALC RAW: -94.25701095328316
(ENTRY #1035) 2022-03-11 11:36:37.716704 >> Above!
(ENTRY #1036) 2022-03-11 11:36:37.716704 >> Object lightRound has been created!
(ENTRY #1037) 2022-03-11 11:36:37.716704 >> Protectile #150 has been created! Type: Light
(ENTRY #1038) 2022-03-11 11:36:37.716704 >> Projectile created! ID: #150
(ENTRY #1039) 2022-03-11 11:36:37.807710 >> MOUSEPOS: (747, 348)
(ENTRY #1040) 2022-03-11 11:36:37.807710 >> SLOPE CALC:None
(ENTRY #1041) 2022-03-11 11:36:37.807710 >> LIN CALC FIN: -221.86801384339014
(ENTRY #1042) 2022-03-11 11:36:37.807710 >> LIN CALC RAW: 1121.8680138433901
(ENTRY #1043) 2022-03-11 11:36:37.807710 >> Below!
(ENTRY #1044) 2022-03-11 11:36:37.807710 >> Object lightRound has been created!
(ENTRY #1045) 2022-03-11 11:36:37.807710 >> Protectile #152 has been created! Type: Light
(ENTRY #1046) 2022-03-11 11:36:37.807710 >> Projectile created! ID: #152
(ENTRY #1047) 2022-03-11 11:36:38.084711 >> Cloud removed! ID: #32
(ENTRY #1048) 2022-03-11 11:36:38.174751 >> Cloud created! ID: #33
(ENTRY #1049) 2022-03-11 11:36:38.292757 >> MOUSEPOS: (739, 331)
(ENTRY #1050) 2022-03-11 11:36:38.292757 >> SLOPE CALC:None
(ENTRY #1051) 2022-03-11 11:36:38.292757 >> LIN CALC FIN: -214.03919581981495
(ENTRY #1052) 2022-03-11 11:36:38.292757 >> LIN CALC RAW: 1114.039195819815
(ENTRY #1053) 2022-03-11 11:36:38.292757 >> Below!
(ENTRY #1054) 2022-03-11 11:36:38.600748 >> Projectile has hit!
(ENTRY #1055) 2022-03-11 11:36:38.600748 >> Projectile removed!
(ENTRY #1056) 2022-03-11 11:36:38.818752 >> MOUSEPOS: (731, 317)
(ENTRY #1057) 2022-03-11 11:36:38.818752 >> SLOPE CALC:None
(ENTRY #1058) 2022-03-11 11:36:38.819748 >> LIN CALC FIN: -206.84310478465204
(ENTRY #1059) 2022-03-11 11:36:38.819748 >> LIN CALC RAW: 1106.843104784652
(ENTRY #1060) 2022-03-11 11:36:38.819748 >> Below!
(ENTRY #1061) 2022-03-11 11:36:38.819748 >> Object lightRound has been created!
(ENTRY #1062) 2022-03-11 11:36:38.819748 >> Protectile #154 has been created! Type: Light
(ENTRY #1063) 2022-03-11 11:36:38.819748 >> Projectile created! ID: #154
(ENTRY #1064) 2022-03-11 11:36:39.099764 >> MOUSEPOS: (731, 317)
(ENTRY #1065) 2022-03-11 11:36:39.099764 >> SLOPE CALC:None
(ENTRY #1066) 2022-03-11 11:36:39.100763 >> LIN CALC FIN: -207.7638496836355
(ENTRY #1067) 2022-03-11 11:36:39.100763 >> LIN CALC RAW: 1107.7638496836355
(ENTRY #1068) 2022-03-11 11:36:39.100763 >> Below!
(ENTRY #1069) 2022-03-11 11:36:39.119764 >> Cloud removed! ID: #33
(ENTRY #1070) 2022-03-11 11:36:39.195774 >> Cloud created! ID: #34
(ENTRY #1071) 2022-03-11 11:36:39.676760 >> MOUSEPOS: (733, 305)
(ENTRY #1072) 2022-03-11 11:36:39.676760 >> SLOPE CALC:None
(ENTRY #1073) 2022-03-11 11:36:39.676760 >> LIN CALC FIN: -212.6185954723228
(ENTRY #1074) 2022-03-11 11:36:39.676760 >> LIN CALC RAW: 1112.6185954723228
(ENTRY #1075) 2022-03-11 11:36:39.676760 >> Below!
(ENTRY #1076) 2022-03-11 11:36:39.735919 >> MOUSEPOS: (134.65885666621847, 449.24176447278927)
(ENTRY #1077) 2022-03-11 11:36:39.736919 >> SLOPE CALC:None
(ENTRY #1078) 2022-03-11 11:36:39.736919 >> LIN CALC FIN: 941.1946395121199
(ENTRY #1079) 2022-03-11 11:36:39.736919 >> LIN CALC RAW: -41.19463951211992
(ENTRY #1080) 2022-03-11 11:36:39.736919 >> Above!
(ENTRY #1081) 2022-03-11 11:36:39.736919 >> Object lightRound has been created!
(ENTRY #1082) 2022-03-11 11:36:39.736919 >> Protectile #156 has been created! Type: Light
(ENTRY #1083) 2022-03-11 11:36:39.736919 >> Projectile created! ID: #156
(ENTRY #1084) 2022-03-11 11:36:39.809960 >> Projectile removed!
(ENTRY #1085) 2022-03-11 11:36:40.200956 >> Cloud created! ID: #35
(ENTRY #1086) 2022-03-11 11:36:40.259970 >> Cloud removed! ID: #35
(ENTRY #1087) 2022-03-11 11:36:40.459959 >> MOUSEPOS: (702, 252)
(ENTRY #1088) 2022-03-11 11:36:40.459959 >> SLOPE CALC:None
(ENTRY #1089) 2022-03-11 11:36:40.460959 >> LIN CALC FIN: -187.4477537155533
(ENTRY #1090) 2022-03-11 11:36:40.460959 >> LIN CALC RAW: 1087.4477537155533
(ENTRY #1091) 2022-03-11 11:36:40.460959 >> Below!
(ENTRY #1092) 2022-03-11 11:36:40.460959 >> Object lightRound has been created!
(ENTRY #1093) 2022-03-11 11:36:40.460959 >> Protectile #158 has been created! Type: Light
(ENTRY #1094) 2022-03-11 11:36:40.460959 >> Projectile created! ID: #158
(ENTRY #1095) 2022-03-11 11:36:40.812959 >> MOUSEPOS: (702, 252)
(ENTRY #1096) 2022-03-11 11:36:40.812959 >> SLOPE CALC:None
(ENTRY #1097) 2022-03-11 11:36:40.812959 >> LIN CALC FIN: -190.78388939728052
(ENTRY #1098) 2022-03-11 11:36:40.812959 >> LIN CALC RAW: 1090.7838893972805
(ENTRY #1099) 2022-03-11 11:36:40.812959 >> Below!
(ENTRY #1100) 2022-03-11 11:36:41.087756 >> MOUSEPOS: (702, 252)
(ENTRY #1101) 2022-03-11 11:36:41.087756 >> SLOPE CALC:None
(ENTRY #1102) 2022-03-11 11:36:41.087756 >> LIN CALC FIN: -193.6665609380325
(ENTRY #1103) 2022-03-11 11:36:41.087756 >> LIN CALC RAW: 1093.6665609380325
(ENTRY #1104) 2022-03-11 11:36:41.087756 >> Below!
(ENTRY #1105) 2022-03-11 11:36:41.233757 >> Cloud created! ID: #36
(ENTRY #1106) 2022-03-11 11:36:41.465081 >> MOUSEPOS: (717, 267)
(ENTRY #1107) 2022-03-11 11:36:41.465081 >> SLOPE CALC:None
(ENTRY #1108) 2022-03-11 11:36:41.466076 >> LIN CALC FIN: -213.19734846775145
(ENTRY #1109) 2022-03-11 11:36:41.466076 >> LIN CALC RAW: 1113.1973484677515
(ENTRY #1110) 2022-03-11 11:36:41.466076 >> Below!
(ENTRY #1111) 2022-03-11 11:36:41.466076 >> Object lightRound has been created!
(ENTRY #1112) 2022-03-11 11:36:41.466076 >> Protectile #160 has been created! Type: Light
(ENTRY #1113) 2022-03-11 11:36:41.466076 >> Projectile created! ID: #160
(ENTRY #1114) 2022-03-11 11:36:41.542195 >> Cloud removed! ID: #36
(ENTRY #1115) 2022-03-11 11:36:41.752426 >> MOUSEPOS: (717, 267)
(ENTRY #1116) 2022-03-11 11:36:41.752426 >> SLOPE CALC:None
(ENTRY #1117) 2022-03-11 11:36:41.752426 >> LIN CALC FIN: -216.74594938717019
(ENTRY #1118) 2022-03-11 11:36:41.752426 >> LIN CALC RAW: 1116.7459493871702
(ENTRY #1119) 2022-03-11 11:36:41.752426 >> Below!
(ENTRY #1120) 2022-03-11 11:36:41.752426 >> MOUSEPOS: (156.01997236690164, 394.9975048513002)
(ENTRY #1121) 2022-03-11 11:36:41.752426 >> SLOPE CALC:None
(ENTRY #1122) 2022-03-11 11:36:41.752426 >> LIN CALC FIN: 885.879907645939
(ENTRY #1123) 2022-03-11 11:36:41.752426 >> LIN CALC RAW: 14.120092354060944
(ENTRY #1124) 2022-03-11 11:36:41.752426 >> Above!
(ENTRY #1125) 2022-03-11 11:36:41.752426 >> Object lightRound has been created!
(ENTRY #1126) 2022-03-11 11:36:41.753428 >> Protectile #162 has been created! Type: Light
(ENTRY #1127) 2022-03-11 11:36:41.753428 >> Projectile created! ID: #162
(ENTRY #1128) 2022-03-11 11:36:42.004145 >> Opened about menu!
(ENTRY #1129) 2022-03-11 11:36:42.025145 >> Projectile removed!
(ENTRY #1130) 2022-03-11 11:36:42.063142 >> MOUSEPOS: (717, 267)
(ENTRY #1131) 2022-03-11 11:36:42.063142 >> SLOPE CALC:None
(ENTRY #1132) 2022-03-11 11:36:42.064142 >> LIN CALC FIN: -219.81449356742178
(ENTRY #1133) 2022-03-11 11:36:42.064142 >> LIN CALC RAW: 1119.8144935674218
(ENTRY #1134) 2022-03-11 11:36:42.064142 >> Below!
(ENTRY #1135) 2022-03-11 11:36:42.240509 >> Cloud created! ID: #37
(ENTRY #1136) 2022-03-11 11:36:42.280505 >> Projectile removed!
(ENTRY #1137) 2022-03-11 11:36:42.414239 >> MOUSEPOS: (720, 269)
(ENTRY #1138) 2022-03-11 11:36:42.414239 >> SLOPE CALC:None
(ENTRY #1139) 2022-03-11 11:36:42.414239 >> LIN CALC FIN: -226.8076412488433
(ENTRY #1140) 2022-03-11 11:36:42.414239 >> LIN CALC RAW: 1126.8076412488433
(ENTRY #1141) 2022-03-11 11:36:42.414239 >> Below!
(ENTRY #1142) 2022-03-11 11:36:42.753247 >> Cloud removed! ID: #37
(ENTRY #1143) 2022-03-11 11:36:42.994235 >> MOUSEPOS: (744, 295)
(ENTRY #1144) 2022-03-11 11:36:42.994235 >> SLOPE CALC:None
(ENTRY #1145) 2022-03-11 11:36:42.994235 >> LIN CALC FIN: -257.060916078613
(ENTRY #1146) 2022-03-11 11:36:42.994235 >> LIN CALC RAW: 1157.060916078613
(ENTRY #1147) 2022-03-11 11:36:42.994235 >> Below!
(ENTRY #1148) 2022-03-11 11:36:42.994235 >> Object lightRound has been created!
(ENTRY #1149) 2022-03-11 11:36:42.995240 >> Protectile #164 has been created! Type: Light
(ENTRY #1150) 2022-03-11 11:36:42.995240 >> Projectile created! ID: #164
(ENTRY #1151) 2022-03-11 11:36:43.295240 >> MOUSEPOS: (744, 295)
(ENTRY #1152) 2022-03-11 11:36:43.295240 >> SLOPE CALC:None
(ENTRY #1153) 2022-03-11 11:36:43.295240 >> LIN CALC FIN: -260.28395814915075
(ENTRY #1154) 2022-03-11 11:36:43.295240 >> LIN CALC RAW: 1160.2839581491507
(ENTRY #1155) 2022-03-11 11:36:43.295240 >> Below!
(ENTRY #1156) 2022-03-11 11:36:43.332241 >> Cloud created! ID: #38
(ENTRY #1157) 2022-03-11 11:36:43.427240 >> Projectile has hit!
(ENTRY #1158) 2022-03-11 11:36:43.428240 >> Projectile removed!
(ENTRY #1159) 2022-03-11 11:36:43.519233 >> Projectile removed!
(ENTRY #1160) 2022-03-11 11:36:43.557239 >> MOUSEPOS: (744, 295)
(ENTRY #1161) 2022-03-11 11:36:43.557239 >> SLOPE CALC:None
(ENTRY #1162) 2022-03-11 11:36:43.557239 >> LIN CALC FIN: -263.30526606496005
(ENTRY #1163) 2022-03-11 11:36:43.557239 >> LIN CALC RAW: 1163.30526606496
(ENTRY #1164) 2022-03-11 11:36:43.557239 >> Below!
(ENTRY #1165) 2022-03-11 11:36:43.763212 >> MOUSEPOS: (154.41496558992114, 356.5036527733993)
(ENTRY #1166) 2022-03-11 11:36:43.763212 >> SLOPE CALC:None
(ENTRY #1167) 2022-03-11 11:36:43.763212 >> LIN CALC FIN: 862.2874712447132
(ENTRY #1168) 2022-03-11 11:36:43.763212 >> LIN CALC RAW: 37.712528755286826
(ENTRY #1169) 2022-03-11 11:36:43.763212 >> Above!
(ENTRY #1170) 2022-03-11 11:36:43.763212 >> Object lightRound has been created!
(ENTRY #1171) 2022-03-11 11:36:43.763212 >> Protectile #166 has been created! Type: Light
(ENTRY #1172) 2022-03-11 11:36:43.763212 >> Projectile created! ID: #166
(ENTRY #1173) 2022-03-11 11:36:43.857315 >> MOUSEPOS: (745, 296)
(ENTRY #1174) 2022-03-11 11:36:43.857315 >> SLOPE CALC:None
(ENTRY #1175) 2022-03-11 11:36:43.857315 >> LIN CALC FIN: -268.0436027523401
(ENTRY #1176) 2022-03-11 11:36:43.857315 >> LIN CALC RAW: 1168.0436027523401
(ENTRY #1177) 2022-03-11 11:36:43.857315 >> Below!
(ENTRY #1178) 2022-03-11 11:36:43.858317 >> Cloud removed! ID: #38
(ENTRY #1179) 2022-03-11 11:36:44.117529 >> Projectile removed!
(ENTRY #1180) 2022-03-11 11:36:44.137529 >> MOUSEPOS: (745, 296)
(ENTRY #1181) 2022-03-11 11:36:44.137529 >> SLOPE CALC:None
(ENTRY #1182) 2022-03-11 11:36:44.137529 >> LIN CALC FIN: -271.8092602485674
(ENTRY #1183) 2022-03-11 11:36:44.137529 >> LIN CALC RAW: 1171.8092602485674
(ENTRY #1184) 2022-03-11 11:36:44.137529 >> Below!
(ENTRY #1185) 2022-03-11 11:36:44.137529 >> Object lightRound has been created!
(ENTRY #1186) 2022-03-11 11:36:44.138534 >> Protectile #168 has been created! Type: Light
(ENTRY #1187) 2022-03-11 11:36:44.138534 >> Projectile created! ID: #168
(ENTRY #1188) 2022-03-11 11:36:44.492805 >> MOUSEPOS: (745, 296)
(ENTRY #1189) 2022-03-11 11:36:44.492805 >> SLOPE CALC:None
(ENTRY #1190) 2022-03-11 11:36:44.492805 >> LIN CALC FIN: -276.75745114722895
(ENTRY #1191) 2022-03-11 11:36:44.492805 >> LIN CALC RAW: 1176.757451147229
(ENTRY #1192) 2022-03-11 11:36:44.492805 >> Below!
(ENTRY #1193) 2022-03-11 11:36:44.704897 >> Cloud created! ID: #39
(ENTRY #1194) 2022-03-11 11:36:44.722898 >> Projectile removed!
(ENTRY #1195) 2022-03-11 11:36:44.827893 >> MOUSEPOS: (745, 296)
(ENTRY #1196) 2022-03-11 11:36:44.827893 >> SLOPE CALC:None
(ENTRY #1197) 2022-03-11 11:36:44.827893 >> LIN CALC FIN: -281.38016252351804
(ENTRY #1198) 2022-03-11 11:36:44.827893 >> LIN CALC RAW: 1181.380162523518
(ENTRY #1199) 2022-03-11 11:36:44.827893 >> Below!
(ENTRY #1200) 2022-03-11 11:36:45.010895 >> Cloud removed! ID: #39
(ENTRY #1201) 2022-03-11 11:36:45.165898 >> MOUSEPOS: (745, 296)
(ENTRY #1202) 2022-03-11 11:36:45.166893 >> SLOPE CALC:None
(ENTRY #1203) 2022-03-11 11:36:45.166893 >> LIN CALC FIN: -285.5836118179975
(ENTRY #1204) 2022-03-11 11:36:45.166893 >> LIN CALC RAW: 1185.5836118179975
(ENTRY #1205) 2022-03-11 11:36:45.166893 >> Below!
(ENTRY #1206) 2022-03-11 11:36:45.166893 >> Object lightRound has been created!
(ENTRY #1207) 2022-03-11 11:36:45.166893 >> Protectile #170 has been created! Type: Light
(ENTRY #1208) 2022-03-11 11:36:45.166893 >> Projectile created! ID: #170
(ENTRY #1209) 2022-03-11 11:36:45.472891 >> MOUSEPOS: (745, 296)
(ENTRY #1210) 2022-03-11 11:36:45.472891 >> SLOPE CALC:None
(ENTRY #1211) 2022-03-11 11:36:45.472891 >> LIN CALC FIN: -288.9655260889672
(ENTRY #1212) 2022-03-11 11:36:45.472891 >> LIN CALC RAW: 1188.9655260889672
(ENTRY #1213) 2022-03-11 11:36:45.472891 >> Below!
(ENTRY #1214) 2022-03-11 11:36:45.726898 >> Cloud created! ID: #40
(ENTRY #1215) 2022-03-11 11:36:45.768900 >> MOUSEPOS: (162.76641494907366, 365.26354167315344)
(ENTRY #1216) 2022-03-11 11:36:45.768900 >> SLOPE CALC:None
(ENTRY #1217) 2022-03-11 11:36:45.768900 >> LIN CALC FIN: 842.2731142496506
(ENTRY #1218) 2022-03-11 11:36:45.768900 >> LIN CALC RAW: 57.726885750349425
(ENTRY #1219) 2022-03-11 11:36:45.768900 >> Above!
(ENTRY #1220) 2022-03-11 11:36:45.768900 >> Object lightRound has been created!
(ENTRY #1221) 2022-03-11 11:36:45.768900 >> Protectile #172 has been created! Type: Light
(ENTRY #1222) 2022-03-11 11:36:45.768900 >> Projectile created! ID: #172
(ENTRY #1223) 2022-03-11 11:36:45.864898 >> MOUSEPOS: (748, 301)
(ENTRY #1224) 2022-03-11 11:36:45.864898 >> SLOPE CALC:None
(ENTRY #1225) 2022-03-11 11:36:45.864898 >> LIN CALC FIN: -295.62030851358804
(ENTRY #1226) 2022-03-11 11:36:45.864898 >> LIN CALC RAW: 1195.620308513588
(ENTRY #1227) 2022-03-11 11:36:45.864898 >> Below!
(ENTRY #1228) 2022-03-11 11:36:45.920895 >> Projectile has hit!
(ENTRY #1229) 2022-03-11 11:36:45.920895 >> Projectile removed!
(ENTRY #1230) 2022-03-11 11:36:46.080891 >> Projectile removed!
(ENTRY #1231) 2022-03-11 11:36:46.102904 >> Cloud removed! ID: #40
(ENTRY #1232) 2022-03-11 11:36:46.224897 >> MOUSEPOS: (748, 301)
(ENTRY #1233) 2022-03-11 11:36:46.225896 >> SLOPE CALC:None
(ENTRY #1234) 2022-03-11 11:36:46.225896 >> LIN CALC FIN: -298.53766431149006
(ENTRY #1235) 2022-03-11 11:36:46.225896 >> LIN CALC RAW: 1198.53766431149
(ENTRY #1236) 2022-03-11 11:36:46.225896 >> Below!
(ENTRY #1237) 2022-03-11 11:36:46.225896 >> Object lightRound has been created!
(ENTRY #1238) 2022-03-11 11:36:46.225896 >> Protectile #174 has been created! Type: Light
(ENTRY #1239) 2022-03-11 11:36:46.225896 >> Projectile created! ID: #174
(ENTRY #1240) 2022-03-11 11:36:46.760894 >> MOUSEPOS: (749, 255)
(ENTRY #1241) 2022-03-11 11:36:46.760894 >> SLOPE CALC:None
(ENTRY #1242) 2022-03-11 11:36:46.760894 >> LIN CALC FIN: -302.7464088064319
(ENTRY #1243) 2022-03-11 11:36:46.760894 >> LIN CALC RAW: 1202.7464088064319
(ENTRY #1244) 2022-03-11 11:36:46.760894 >> Below!
(ENTRY #1245) 2022-03-11 11:36:46.778897 >> Cloud created! ID: #41
(ENTRY #1246) 2022-03-11 11:36:47.099898 >> Cloud removed! ID: #41
(ENTRY #1247) 2022-03-11 11:36:47.246916 >> Projectile removed!
(ENTRY #1248) 2022-03-11 11:36:47.782657 >> MOUSEPOS: (149.2737727426956, 312.35615594196906)
(ENTRY #1249) 2022-03-11 11:36:47.783653 >> SLOPE CALC:None
(ENTRY #1250) 2022-03-11 11:36:47.783653 >> LIN CALC FIN: 862.8030874578526
(ENTRY #1251) 2022-03-11 11:36:47.783653 >> LIN CALC RAW: 37.1969125421474
(ENTRY #1252) 2022-03-11 11:36:47.783653 >> Above!
(ENTRY #1253) 2022-03-11 11:36:47.783653 >> Object lightRound has been created!
(ENTRY #1254) 2022-03-11 11:36:47.783653 >> Protectile #176 has been created! Type: Light
(ENTRY #1255) 2022-03-11 11:36:47.783653 >> Projectile created! ID: #176
(ENTRY #1256) 2022-03-11 11:36:47.816810 >> Projectile removed!
(ENTRY #1257) 2022-03-11 11:36:47.817803 >> Cloud created! ID: #42
(ENTRY #1258) 2022-03-11 11:36:48.037777 >> Cloud removed! ID: #42
(ENTRY #1259) 2022-03-11 11:36:48.256419 >> MOUSEPOS: (749, 255)
(ENTRY #1260) 2022-03-11 11:36:48.256419 >> SLOPE CALC:None
(ENTRY #1261) 2022-03-11 11:36:48.256419 >> LIN CALC FIN: -304.7460973599832
(ENTRY #1262) 2022-03-11 11:36:48.256419 >> LIN CALC RAW: 1204.7460973599832
(ENTRY #1263) 2022-03-11 11:36:48.256419 >> Below!
(ENTRY #1264) 2022-03-11 11:36:48.256419 >> Object lightRound has been created!
(ENTRY #1265) 2022-03-11 11:36:48.257420 >> Protectile #178 has been created! Type: Light
(ENTRY #1266) 2022-03-11 11:36:48.257420 >> Projectile created! ID: #178
(ENTRY #1267) 2022-03-11 11:36:48.847335 >> Cloud created! ID: #43
(ENTRY #1268) 2022-03-11 11:36:49.015968 >> Cloud removed! ID: #43
(ENTRY #1269) 2022-03-11 11:36:49.289074 >> Projectile removed!
(ENTRY #1270) 2022-03-11 11:36:49.379081 >> MOUSEPOS: (765, 233)
(ENTRY #1271) 2022-03-11 11:36:49.379081 >> SLOPE CALC:None
(ENTRY #1272) 2022-03-11 11:36:49.379081 >> LIN CALC FIN: -314.72161903690903
(ENTRY #1273) 2022-03-11 11:36:49.379081 >> LIN CALC RAW: 1214.721619036909
(ENTRY #1274) 2022-03-11 11:36:49.379081 >> Below!
(ENTRY #1275) 2022-03-11 11:36:49.379081 >> Object lightRound has been created!
(ENTRY #1276) 2022-03-11 11:36:49.380080 >> Protectile #180 has been created! Type: Light
(ENTRY #1277) 2022-03-11 11:36:49.380080 >> Projectile created! ID: #180
(ENTRY #1278) 2022-03-11 11:36:49.565020 >> Projectile removed!
(ENTRY #1279) 2022-03-11 11:36:49.784598 >> MOUSEPOS: (181.33085502646938, 314.88944274032605)
(ENTRY #1280) 2022-03-11 11:36:49.784598 >> SLOPE CALC:None
(ENTRY #1281) 2022-03-11 11:36:49.784598 >> LIN CALC FIN: 838.6881902375694
(ENTRY #1282) 2022-03-11 11:36:49.784598 >> LIN CALC RAW: 61.311809762430585
(ENTRY #1283) 2022-03-11 11:36:49.784598 >> Above!
(ENTRY #1284) 2022-03-11 11:36:49.784598 >> Object lightRound has been created!
(ENTRY #1285) 2022-03-11 11:36:49.784598 >> Protectile #182 has been created! Type: Light
(ENTRY #1286) 2022-03-11 11:36:49.785594 >> Projectile created! ID: #182
(ENTRY #1287) 2022-03-11 11:36:49.865585 >> Cloud created! ID: #44
(ENTRY #1288) 2022-03-11 11:36:49.950590 >> Cloud removed! ID: #44
(ENTRY #1289) 2022-03-11 11:36:50.130589 >> MOUSEPOS: (776, 254)
(ENTRY #1290) 2022-03-11 11:36:50.130589 >> SLOPE CALC:None
(ENTRY #1291) 2022-03-11 11:36:50.130589 >> LIN CALC FIN: -318.02072358779515
(ENTRY #1292) 2022-03-11 11:36:50.130589 >> LIN CALC RAW: 1218.0207235877951
(ENTRY #1293) 2022-03-11 11:36:50.130589 >> Below!
(ENTRY #1294) 2022-03-11 11:36:50.290591 >> Projectile removed!
(ENTRY #1295) 2022-03-11 11:36:50.738596 >> MOUSEPOS: (776, 254)
(ENTRY #1296) 2022-03-11 11:36:50.738596 >> SLOPE CALC:None
(ENTRY #1297) 2022-03-11 11:36:50.738596 >> LIN CALC FIN: -310.28213698699847
(ENTRY #1298) 2022-03-11 11:36:50.738596 >> LIN CALC RAW: 1210.2821369869985
(ENTRY #1299) 2022-03-11 11:36:50.738596 >> Below!
(ENTRY #1300) 2022-03-11 11:36:50.738596 >> Object lightRound has been created!
(ENTRY #1301) 2022-03-11 11:36:50.739597 >> Protectile #184 has been created! Type: Light
(ENTRY #1302) 2022-03-11 11:36:50.739597 >> Projectile created! ID: #184
(ENTRY #1303) 2022-03-11 11:36:50.869586 >> Cloud created! ID: #45
(ENTRY #1304) 2022-03-11 11:36:50.890588 >> Cloud removed! ID: #45
(ENTRY #1305) 2022-03-11 11:36:51.148126 >> MOUSEPOS: (776, 254)
(ENTRY #1306) 2022-03-11 11:36:51.148126 >> SLOPE CALC:None
(ENTRY #1307) 2022-03-11 11:36:51.148126 >> LIN CALC FIN: -304.999278963626
(ENTRY #1308) 2022-03-11 11:36:51.148126 >> LIN CALC RAW: 1204.999278963626
(ENTRY #1309) 2022-03-11 11:36:51.148126 >> Below!
(ENTRY #1310) 2022-03-11 11:36:51.307118 >> Projectile removed!
(ENTRY #1311) 2022-03-11 11:36:51.486150 >> MOUSEPOS: (776, 254)
(ENTRY #1312) 2022-03-11 11:36:51.487150 >> SLOPE CALC:None
(ENTRY #1313) 2022-03-11 11:36:51.487150 >> LIN CALC FIN: -300.12242568228817
(ENTRY #1314) 2022-03-11 11:36:51.487150 >> LIN CALC RAW: 1200.1224256822882
(ENTRY #1315) 2022-03-11 11:36:51.487150 >> Below!
(ENTRY #1316) 2022-03-11 11:36:51.627154 >> Projectile removed!
(ENTRY #1317) 2022-03-11 11:36:51.789163 >> MOUSEPOS: (204.63656107951263, 313.80534942988777)
(ENTRY #1318) 2022-03-11 11:36:51.789163 >> SLOPE CALC:None
(ENTRY #1319) 2022-03-11 11:36:51.789163 >> LIN CALC FIN: 815.7177672282041
(ENTRY #1320) 2022-03-11 11:36:51.789163 >> LIN CALC RAW: 84.28223277179586
(ENTRY #1321) 2022-03-11 11:36:51.789163 >> Above!
(ENTRY #1322) 2022-03-11 11:36:51.789163 >> Object lightRound has been created!
(ENTRY #1323) 2022-03-11 11:36:51.789163 >> Protectile #186 has been created! Type: Light
(ENTRY #1324) 2022-03-11 11:36:51.789163 >> Projectile created! ID: #186
(ENTRY #1325) 2022-03-11 11:36:51.843146 >> MOUSEPOS: (776, 254)
(ENTRY #1326) 2022-03-11 11:36:51.843146 >> SLOPE CALC:None
(ENTRY #1327) 2022-03-11 11:36:51.843146 >> LIN CALC FIN: -295.07023261092127
(ENTRY #1328) 2022-03-11 11:36:51.843146 >> LIN CALC RAW: 1195.0702326109213
(ENTRY #1329) 2022-03-11 11:36:51.843146 >> Below!
(ENTRY #1330) 2022-03-11 11:36:51.843146 >> Object lightRound has been created!
(ENTRY #1331) 2022-03-11 11:36:51.844151 >> Protectile #188 has been created! Type: Light
(ENTRY #1332) 2022-03-11 11:36:51.844151 >> Projectile created! ID: #188
(ENTRY #1333) 2022-03-11 11:36:51.900161 >> Cloud removed! ID: #45
(ENTRY #1334) 2022-03-11 11:36:51.937155 >> Cloud created! ID: #46
(ENTRY #1335) 2022-03-11 11:36:52.241155 >> MOUSEPOS: (776, 254)
(ENTRY #1336) 2022-03-11 11:36:52.241155 >> SLOPE CALC:None
(ENTRY #1337) 2022-03-11 11:36:52.241155 >> LIN CALC FIN: -290.22543016016266
(ENTRY #1338) 2022-03-11 11:36:52.241155 >> LIN CALC RAW: 1190.2254301601627
(ENTRY #1339) 2022-03-11 11:36:52.241155 >> Below!
(ENTRY #1340) 2022-03-11 11:36:52.330154 >> Projectile removed!
(ENTRY #1341) 2022-03-11 11:36:52.390154 >> Projectile has hit!
(ENTRY #1342) 2022-03-11 11:36:52.390154 >> Projectile removed!
(ENTRY #1343) 2022-03-11 11:36:52.941844 >> Cloud removed! ID: #46
(ENTRY #1344) 2022-03-11 11:36:53.072431 >> Cloud created! ID: #47
(ENTRY #1345) 2022-03-11 11:36:53.705888 >> Projectile removed!
(ENTRY #1346) 2022-03-11 11:36:53.932324 >> Cloud removed! ID: #47
(ENTRY #1347) 2022-03-11 11:36:54.277255 >> Cloud created! ID: #48
(ENTRY #1348) 2022-03-11 11:36:54.981789 >> Cloud removed! ID: #48
(ENTRY #1349) 2022-03-11 11:36:55.234791 >> Projectile removed!
(ENTRY #1350) 2022-03-11 11:36:55.384793 >> Cloud created! ID: #49
(ENTRY #1351) 2022-03-11 11:36:55.793791 >> Projectile removed!
(ENTRY #1352) 2022-03-11 11:36:55.906788 >> Cloud removed! ID: #49
(ENTRY #1353) 2022-03-11 11:36:56.406788 >> Projectile removed!
(ENTRY #1354) 2022-03-11 11:36:56.501794 >> Cloud created! ID: #50
(ENTRY #1355) 2022-03-11 11:36:57.883725 >> Returning to menu!
(ENTRY #1356) 2022-03-11 11:36:58.673782 >> Naval Warfare 2D Closed...
