Log for Naval Warfare 2D, intended for debugging purposes only! 

(ENTRY #1) 2022-03-10 18:30:13.314703 >> Initialized Log handler...
(ENTRY #2) 2022-03-10 18:30:13.998374 >> Initialized Warship handler...
(ENTRY #3) 2022-03-10 18:30:14.001373 >> Initialized Projectile handler...
(ENTRY #4) 2022-03-10 18:30:14.002371 >> Dumb-AI Entity created!
(ENTRY #5) 2022-03-10 18:30:14.004384 >> Dumb-AI Entity created!
(ENTRY #6) 2022-03-10 18:30:14.006374 >> Dumb-AI Entity created!
(ENTRY #7) 2022-03-10 18:30:14.008369 >> Dumb-AI Entity created!
(ENTRY #8) 2022-03-10 18:30:14.011366 >> Dumb-AI Entity created!
(ENTRY #9) 2022-03-10 18:30:14.019366 >> Dumb-AI Entity created!
(ENTRY #10) 2022-03-10 18:30:14.029369 >> Dumb-AI Entity created!
(ENTRY #11) 2022-03-10 18:30:14.033366 >> Dumb-AI Entity created!
(ENTRY #12) 2022-03-10 18:30:14.039374 >> Dumb-AI Entity created!
(ENTRY #13) 2022-03-10 18:30:14.043372 >> Dumb-AI Entity created!
(ENTRY #14) 2022-03-10 18:30:14.115366 >> Initialized GUI handler...
(ENTRY #15) 2022-03-10 18:30:14.115366 >> Starting Naval Warfare 2D...
(ENTRY #16) 2022-03-10 18:30:19.706668 >> Created Sprite for Player!
(ENTRY #17) 2022-03-10 18:30:19.706668 >> Finished initalizing!
(ENTRY #18) 2022-03-10 18:30:20.793403 >> Returning to menu!
(ENTRY #19) 2022-03-10 18:30:21.684945 >> Game resumed!
(ENTRY #20) 2022-03-10 18:30:21.707948 >> MOUSEPOS: (350.0, 449.75)
(ENTRY #21) 2022-03-10 18:30:21.707948 >> SLOPE CALC:None
(ENTRY #22) 2022-03-10 18:30:21.707948 >> Object lightRound has been created!
(ENTRY #23) 2022-03-10 18:30:21.707948 >> Protectile #2 has been created! Type: Light
(ENTRY #24) 2022-03-10 18:30:21.707948 >> Projectile created! ID: #2
(ENTRY #25) 2022-03-10 18:30:21.708949 >> MOUSEPOS: (300.0, 449.75)
(ENTRY #26) 2022-03-10 18:30:21.708949 >> SLOPE CALC:None
(ENTRY #27) 2022-03-10 18:30:21.708949 >> Object lightRound has been created!
(ENTRY #28) 2022-03-10 18:30:21.708949 >> Protectile #4 has been created! Type: Light
(ENTRY #29) 2022-03-10 18:30:21.708949 >> Projectile created! ID: #4
(ENTRY #30) 2022-03-10 18:30:21.708949 >> MOUSEPOS: (350.0, 449.75)
(ENTRY #31) 2022-03-10 18:30:21.708949 >> SLOPE CALC:None
(ENTRY #32) 2022-03-10 18:30:21.708949 >> Object lightRound has been created!
(ENTRY #33) 2022-03-10 18:30:21.709947 >> Protectile #6 has been created! Type: Light
(ENTRY #34) 2022-03-10 18:30:21.709947 >> Projectile created! ID: #6
(ENTRY #35) 2022-03-10 18:30:21.709947 >> MOUSEPOS: (400.0, 449.75)
(ENTRY #36) 2022-03-10 18:30:21.709947 >> SLOPE CALC:None
(ENTRY #37) 2022-03-10 18:30:21.709947 >> Object lightRound has been created!
(ENTRY #38) 2022-03-10 18:30:21.710948 >> Protectile #8 has been created! Type: Light
(ENTRY #39) 2022-03-10 18:30:21.710948 >> Projectile created! ID: #8
(ENTRY #40) 2022-03-10 18:30:21.710948 >> MOUSEPOS: (450.0, 449.75)
(ENTRY #41) 2022-03-10 18:30:21.710948 >> SLOPE CALC:None
(ENTRY #42) 2022-03-10 18:30:21.710948 >> Object lightRound has been created!
(ENTRY #43) 2022-03-10 18:30:21.711948 >> Protectile #10 has been created! Type: Light
(ENTRY #44) 2022-03-10 18:30:21.711948 >> Projectile created! ID: #10
(ENTRY #45) 2022-03-10 18:30:21.711948 >> MOUSEPOS: (600.0, 449.0)
(ENTRY #46) 2022-03-10 18:30:21.711948 >> SLOPE CALC:None
(ENTRY #47) 2022-03-10 18:30:21.711948 >> Object lightRound has been created!
(ENTRY #48) 2022-03-10 18:30:21.712948 >> Protectile #12 has been created! Type: Light
(ENTRY #49) 2022-03-10 18:30:21.712948 >> Projectile created! ID: #12
(ENTRY #50) 2022-03-10 18:30:21.712948 >> MOUSEPOS: (550.0, 449.0)
(ENTRY #51) 2022-03-10 18:30:21.712948 >> SLOPE CALC:None
(ENTRY #52) 2022-03-10 18:30:21.712948 >> Object lightRound has been created!
(ENTRY #53) 2022-03-10 18:30:21.712948 >> Protectile #14 has been created! Type: Light
(ENTRY #54) 2022-03-10 18:30:21.712948 >> Projectile created! ID: #14
(ENTRY #55) 2022-03-10 18:30:21.713947 >> MOUSEPOS: (600.0, 449.0)
(ENTRY #56) 2022-03-10 18:30:21.713947 >> SLOPE CALC:None
(ENTRY #57) 2022-03-10 18:30:21.713947 >> Object lightRound has been created!
(ENTRY #58) 2022-03-10 18:30:21.713947 >> Protectile #16 has been created! Type: Light
(ENTRY #59) 2022-03-10 18:30:21.713947 >> Projectile created! ID: #16
(ENTRY #60) 2022-03-10 18:30:21.713947 >> MOUSEPOS: (650.0, 449.0)
(ENTRY #61) 2022-03-10 18:30:21.713947 >> SLOPE CALC:None
(ENTRY #62) 2022-03-10 18:30:21.713947 >> Object lightRound has been created!
(ENTRY #63) 2022-03-10 18:30:21.714944 >> Protectile #18 has been created! Type: Light
(ENTRY #64) 2022-03-10 18:30:21.714944 >> Projectile created! ID: #18
(ENTRY #65) 2022-03-10 18:30:21.714944 >> MOUSEPOS: (700.0, 449.0)
(ENTRY #66) 2022-03-10 18:30:21.714944 >> SLOPE CALC:None
(ENTRY #67) 2022-03-10 18:30:21.714944 >> Object lightRound has been created!
(ENTRY #68) 2022-03-10 18:30:21.715949 >> Protectile #20 has been created! Type: Light
(ENTRY #69) 2022-03-10 18:30:21.715949 >> Projectile created! ID: #20
(ENTRY #70) 2022-03-10 18:30:21.745944 >> Cloud created! ID: #1
(ENTRY #71) 2022-03-10 18:30:21.848975 >> Game resumed!
(ENTRY #72) 2022-03-10 18:30:21.852943 >> Game resumed!
(ENTRY #73) 2022-03-10 18:30:22.065860 >> Projectile has hit!
(ENTRY #74) 2022-03-10 18:30:22.065860 >> Projectile has hit!
(ENTRY #75) 2022-03-10 18:30:22.065860 >> Projectile has hit!
(ENTRY #76) 2022-03-10 18:30:22.065860 >> Projectile has hit!
(ENTRY #77) 2022-03-10 18:30:22.065860 >> Projectile has hit!
(ENTRY #78) 2022-03-10 18:30:22.065860 >> Projectile has hit!
(ENTRY #79) 2022-03-10 18:30:22.065860 >> Projectile removed!
(ENTRY #80) 2022-03-10 18:30:22.065860 >> Projectile removed!
(ENTRY #81) 2022-03-10 18:30:22.065860 >> Projectile removed!
(ENTRY #82) 2022-03-10 18:30:22.065860 >> Projectile removed!
(ENTRY #83) 2022-03-10 18:30:22.065860 >> Projectile removed!
(ENTRY #84) 2022-03-10 18:30:22.065860 >> Projectile removed!
(ENTRY #85) 2022-03-10 18:30:22.088214 >> Projectile has hit!
(ENTRY #86) 2022-03-10 18:30:22.088214 >> Projectile has hit!
(ENTRY #87) 2022-03-10 18:30:22.088214 >> Projectile has hit!
(ENTRY #88) 2022-03-10 18:30:22.088214 >> Projectile has hit!
(ENTRY #89) 2022-03-10 18:30:22.088214 >> Projectile removed!
(ENTRY #90) 2022-03-10 18:30:22.088214 >> Projectile removed!
(ENTRY #91) 2022-03-10 18:30:22.088214 >> Projectile removed!
(ENTRY #92) 2022-03-10 18:30:22.088214 >> Projectile removed!
(ENTRY #93) 2022-03-10 18:30:22.719760 >> entity_2_2 and entity_2_3 have collided!
(ENTRY #94) 2022-03-10 18:30:22.719760 >> entity_2_3 and entity_2_2 have collided!
(ENTRY #95) 2022-03-10 18:30:22.907992 >> Cloud created! ID: #2
(ENTRY #96) 2022-03-10 18:30:23.721803 >> MOUSEPOS: (344.78933235792607, 426.0011199410346)
(ENTRY #97) 2022-03-10 18:30:23.721803 >> SLOPE CALC:None
(ENTRY #98) 2022-03-10 18:30:23.721803 >> Object lightRound has been created!
(ENTRY #99) 2022-03-10 18:30:23.721803 >> Protectile #22 has been created! Type: Light
(ENTRY #100) 2022-03-10 18:30:23.721803 >> Projectile created! ID: #22
(ENTRY #101) 2022-03-10 18:30:23.721803 >> MOUSEPOS: (305.210667642074, 426.0011199410346)
(ENTRY #102) 2022-03-10 18:30:23.721803 >> SLOPE CALC:None
(ENTRY #103) 2022-03-10 18:30:23.721803 >> Object lightRound has been created!
(ENTRY #104) 2022-03-10 18:30:23.722801 >> Protectile #24 has been created! Type: Light
(ENTRY #105) 2022-03-10 18:30:23.722801 >> Projectile created! ID: #24
(ENTRY #106) 2022-03-10 18:30:23.722801 >> MOUSEPOS: (344.78933235792607, 426.0011199410346)
(ENTRY #107) 2022-03-10 18:30:23.722801 >> SLOPE CALC:None
(ENTRY #108) 2022-03-10 18:30:23.722801 >> Object lightRound has been created!
(ENTRY #109) 2022-03-10 18:30:23.722801 >> Protectile #26 has been created! Type: Light
(ENTRY #110) 2022-03-10 18:30:23.722801 >> Projectile created! ID: #26
(ENTRY #111) 2022-03-10 18:30:23.722801 >> MOUSEPOS: (394.78933235792607, 426.0011199410346)
(ENTRY #112) 2022-03-10 18:30:23.723802 >> SLOPE CALC:None
(ENTRY #113) 2022-03-10 18:30:23.723802 >> Object lightRound has been created!
(ENTRY #114) 2022-03-10 18:30:23.723802 >> Protectile #28 has been created! Type: Light
(ENTRY #115) 2022-03-10 18:30:23.723802 >> Projectile created! ID: #28
(ENTRY #116) 2022-03-10 18:30:23.723802 >> MOUSEPOS: (444.78933235792607, 426.0011199410346)
(ENTRY #117) 2022-03-10 18:30:23.723802 >> SLOPE CALC:None
(ENTRY #118) 2022-03-10 18:30:23.723802 >> Object lightRound has been created!
(ENTRY #119) 2022-03-10 18:30:23.724801 >> Protectile #30 has been created! Type: Light
(ENTRY #120) 2022-03-10 18:30:23.724801 >> Projectile created! ID: #30
(ENTRY #121) 2022-03-10 18:30:23.724801 >> MOUSEPOS: (639.7898367498127, 362.68917191678617)
(ENTRY #122) 2022-03-10 18:30:23.724801 >> SLOPE CALC:None
(ENTRY #123) 2022-03-10 18:30:23.724801 >> Object lightRound has been created!
(ENTRY #124) 2022-03-10 18:30:23.724801 >> Protectile #32 has been created! Type: Light
(ENTRY #125) 2022-03-10 18:30:23.724801 >> Projectile created! ID: #32
(ENTRY #126) 2022-03-10 18:30:23.724801 >> MOUSEPOS: (589.7898367498127, 362.68917191678617)
(ENTRY #127) 2022-03-10 18:30:23.724801 >> SLOPE CALC:None
(ENTRY #128) 2022-03-10 18:30:23.724801 >> Object lightRound has been created!
(ENTRY #129) 2022-03-10 18:30:23.725801 >> Protectile #34 has been created! Type: Light
(ENTRY #130) 2022-03-10 18:30:23.725801 >> Projectile created! ID: #34
(ENTRY #131) 2022-03-10 18:30:23.725801 >> MOUSEPOS: (639.7898367498127, 362.68917191678617)
(ENTRY #132) 2022-03-10 18:30:23.725801 >> SLOPE CALC:None
(ENTRY #133) 2022-03-10 18:30:23.725801 >> Object lightRound has been created!
(ENTRY #134) 2022-03-10 18:30:23.725801 >> Protectile #36 has been created! Type: Light
(ENTRY #135) 2022-03-10 18:30:23.725801 >> Projectile created! ID: #36
(ENTRY #136) 2022-03-10 18:30:23.901671 >> Projectile has hit!
(ENTRY #137) 2022-03-10 18:30:23.901671 >> Projectile has hit!
(ENTRY #138) 2022-03-10 18:30:23.901671 >> Projectile removed!
(ENTRY #139) 2022-03-10 18:30:23.901671 >> Projectile removed!
(ENTRY #140) 2022-03-10 18:30:23.943705 >> Projectile has hit!
(ENTRY #141) 2022-03-10 18:30:23.943705 >> Projectile removed!
(ENTRY #142) 2022-03-10 18:30:23.963773 >> Cloud created! ID: #3
(ENTRY #143) 2022-03-10 18:30:24.006293 >> Projectile has hit!
(ENTRY #144) 2022-03-10 18:30:24.006293 >> Projectile has hit!
(ENTRY #145) 2022-03-10 18:30:24.006293 >> Projectile removed!
(ENTRY #146) 2022-03-10 18:30:24.006293 >> Projectile removed!
(ENTRY #147) 2022-03-10 18:30:24.066304 >> entity_1_0 and entity_1_1 have collided!
(ENTRY #148) 2022-03-10 18:30:24.066304 >> entity_1_1 and entity_1_0 have collided!
(ENTRY #149) 2022-03-10 18:30:24.085298 >> Projectile has hit!
(ENTRY #150) 2022-03-10 18:30:24.085298 >> Projectile has hit!
(ENTRY #151) 2022-03-10 18:30:24.085298 >> Projectile removed!
(ENTRY #152) 2022-03-10 18:30:24.085298 >> Projectile removed!
(ENTRY #153) 2022-03-10 18:30:25.002990 >> Cloud created! ID: #4
(ENTRY #154) 2022-03-10 18:30:25.737659 >> MOUSEPOS: (428.4695421853787, 405.1127410705354)
(ENTRY #155) 2022-03-10 18:30:25.737659 >> SLOPE CALC:None
(ENTRY #156) 2022-03-10 18:30:25.737659 >> Object lightRound has been created!
(ENTRY #157) 2022-03-10 18:30:25.737659 >> Protectile #38 has been created! Type: Light
(ENTRY #158) 2022-03-10 18:30:25.737659 >> Projectile created! ID: #38
(ENTRY #159) 2022-03-10 18:30:25.737659 >> MOUSEPOS: (378.4695421853787, 405.1127410705354)
(ENTRY #160) 2022-03-10 18:30:25.737659 >> SLOPE CALC:None
(ENTRY #161) 2022-03-10 18:30:25.737659 >> Object lightRound has been created!
(ENTRY #162) 2022-03-10 18:30:25.738655 >> Protectile #40 has been created! Type: Light
(ENTRY #163) 2022-03-10 18:30:25.738655 >> Projectile created! ID: #40
(ENTRY #164) 2022-03-10 18:30:25.738655 >> MOUSEPOS: (428.4695421853787, 405.1127410705354)
(ENTRY #165) 2022-03-10 18:30:25.738655 >> SLOPE CALC:None
(ENTRY #166) 2022-03-10 18:30:25.738655 >> LIN CALC FIN: 312.0518254412924
(ENTRY #167) 2022-03-10 18:30:25.738655 >> LIN CALC RAW: 587.9481745587076
(ENTRY #168) 2022-03-10 18:30:25.738655 >> Below!
(ENTRY #169) 2022-03-10 18:30:25.738655 >> Object lightRound has been created!
(ENTRY #170) 2022-03-10 18:30:25.738655 >> Protectile #42 has been created! Type: Light
(ENTRY #171) 2022-03-10 18:30:25.738655 >> Projectile created! ID: #42
(ENTRY #172) 2022-03-10 18:30:25.738655 >> MOUSEPOS: (678.4324890798382, 267.0452511535954)
(ENTRY #173) 2022-03-10 18:30:25.738655 >> SLOPE CALC:None
(ENTRY #174) 2022-03-10 18:30:25.738655 >> LIN CALC FIN: 228.72079514200925
(ENTRY #175) 2022-03-10 18:30:25.738655 >> LIN CALC RAW: 671.2792048579907
(ENTRY #176) 2022-03-10 18:30:25.738655 >> Below!
(ENTRY #177) 2022-03-10 18:30:25.738655 >> Object lightRound has been created!
(ENTRY #178) 2022-03-10 18:30:25.739656 >> Protectile #44 has been created! Type: Light
(ENTRY #179) 2022-03-10 18:30:25.739656 >> Projectile created! ID: #44
(ENTRY #180) 2022-03-10 18:30:25.739656 >> MOUSEPOS: (636.5127235636023, 270.64056065824514)
(ENTRY #181) 2022-03-10 18:30:25.739656 >> SLOPE CALC:None
(ENTRY #182) 2022-03-10 18:30:25.739656 >> LIN CALC FIN: 308.96501666983136
(ENTRY #183) 2022-03-10 18:30:25.739656 >> LIN CALC RAW: 591.0349833301686
(ENTRY #184) 2022-03-10 18:30:25.739656 >> Above!
(ENTRY #185) 2022-03-10 18:30:25.739656 >> Object lightRound has been created!
(ENTRY #186) 2022-03-10 18:30:25.739656 >> Protectile #46 has been created! Type: Light
(ENTRY #187) 2022-03-10 18:30:25.739656 >> Projectile created! ID: #46
(ENTRY #188) 2022-03-10 18:30:25.739656 >> MOUSEPOS: (678.4324890798382, 267.0452511535954)
(ENTRY #189) 2022-03-10 18:30:25.739656 >> SLOPE CALC:None
(ENTRY #190) 2022-03-10 18:30:25.740656 >> LIN CALC FIN: 111.77751971221437
(ENTRY #191) 2022-03-10 18:30:25.740656 >> LIN CALC RAW: 788.2224802877856
(ENTRY #192) 2022-03-10 18:30:25.740656 >> Below!
(ENTRY #193) 2022-03-10 18:30:25.740656 >> Object lightRound has been created!
(ENTRY #194) 2022-03-10 18:30:25.740656 >> Protectile #48 has been created! Type: Light
(ENTRY #195) 2022-03-10 18:30:25.740656 >> Projectile created! ID: #48
(ENTRY #196) 2022-03-10 18:30:25.944636 >> Projectile has hit!
(ENTRY #197) 2022-03-10 18:30:25.944636 >> Projectile removed!
(ENTRY #198) 2022-03-10 18:30:25.965674 >> Projectile has hit!
(ENTRY #199) 2022-03-10 18:30:25.965674 >> Projectile has hit!
(ENTRY #200) 2022-03-10 18:30:25.965674 >> Projectile has hit!
(ENTRY #201) 2022-03-10 18:30:25.965674 >> Projectile removed!
(ENTRY #202) 2022-03-10 18:30:25.965674 >> Projectile removed!
(ENTRY #203) 2022-03-10 18:30:25.965674 >> Projectile removed!
(ENTRY #204) 2022-03-10 18:30:26.096676 >> Cloud created! ID: #5
(ENTRY #205) 2022-03-10 18:30:26.322687 >> Projectile has hit!
(ENTRY #206) 2022-03-10 18:30:26.322687 >> Projectile removed!
(ENTRY #207) 2022-03-10 18:30:27.223697 >> Cloud created! ID: #6
(ENTRY #208) 2022-03-10 18:30:27.750820 >> MOUSEPOS: (404.739023335178, 393.8573486146115)
(ENTRY #209) 2022-03-10 18:30:27.750820 >> SLOPE CALC:None
(ENTRY #210) 2022-03-10 18:30:27.750820 >> LIN CALC FIN: 443.84952062723437
(ENTRY #211) 2022-03-10 18:30:27.750820 >> LIN CALC RAW: 456.15047937276563
(ENTRY #212) 2022-03-10 18:30:27.750820 >> Above!
(ENTRY #213) 2022-03-10 18:30:27.750820 >> Object lightRound has been created!
(ENTRY #214) 2022-03-10 18:30:27.751820 >> Protectile #50 has been created! Type: Light
(ENTRY #215) 2022-03-10 18:30:27.751820 >> Projectile created! ID: #50
(ENTRY #216) 2022-03-10 18:30:27.751820 >> MOUSEPOS: (354.7404677827622, 393.8509650748186)
(ENTRY #217) 2022-03-10 18:30:27.751820 >> SLOPE CALC:None
(ENTRY #218) 2022-03-10 18:30:27.751820 >> LIN CALC FIN: 343.8587930621957
(ENTRY #219) 2022-03-10 18:30:27.751820 >> LIN CALC RAW: 556.1412069378043
(ENTRY #220) 2022-03-10 18:30:27.751820 >> Below!
(ENTRY #221) 2022-03-10 18:30:27.751820 >> Object lightRound has been created!
(ENTRY #222) 2022-03-10 18:30:27.751820 >> Protectile #52 has been created! Type: Light
(ENTRY #223) 2022-03-10 18:30:27.751820 >> Projectile created! ID: #52
(ENTRY #224) 2022-03-10 18:30:27.752826 >> MOUSEPOS: (404.739023335178, 393.8573486146115)
(ENTRY #225) 2022-03-10 18:30:27.752826 >> SLOPE CALC:None
(ENTRY #226) 2022-03-10 18:30:27.752826 >> LIN CALC FIN: 253.33539528496817
(ENTRY #227) 2022-03-10 18:30:27.752826 >> LIN CALC RAW: 646.6646047150318
(ENTRY #228) 2022-03-10 18:30:27.752826 >> Below!
(ENTRY #229) 2022-03-10 18:30:27.752826 >> Object lightRound has been created!
(ENTRY #230) 2022-03-10 18:30:27.752826 >> Protectile #54 has been created! Type: Light
(ENTRY #231) 2022-03-10 18:30:27.752826 >> Projectile created! ID: #54
(ENTRY #232) 2022-03-10 18:30:27.752826 >> MOUSEPOS: (717.1536005055884, 172.3982477241358)
(ENTRY #233) 2022-03-10 18:30:27.753813 >> SLOPE CALC:None
(ENTRY #234) 2022-03-10 18:30:27.753813 >> LIN CALC FIN: 132.0047980166546
(ENTRY #235) 2022-03-10 18:30:27.753813 >> LIN CALC RAW: 767.9952019833454
(ENTRY #236) 2022-03-10 18:30:27.753813 >> Below!
(ENTRY #237) 2022-03-10 18:30:27.753813 >> Object lightRound has been created!
(ENTRY #238) 2022-03-10 18:30:27.753813 >> Protectile #56 has been created! Type: Light
(ENTRY #239) 2022-03-10 18:30:27.753813 >> Projectile created! ID: #56
(ENTRY #240) 2022-03-10 18:30:27.753813 >> MOUSEPOS: (673.8376200256619, 175.32077849658123)
(ENTRY #241) 2022-03-10 18:30:27.753813 >> SLOPE CALC:None
(ENTRY #242) 2022-03-10 18:30:27.753813 >> LIN CALC FIN: 215.71422820406235
(ENTRY #243) 2022-03-10 18:30:27.753813 >> LIN CALC RAW: 684.2857717959376
(ENTRY #244) 2022-03-10 18:30:27.753813 >> Above!
(ENTRY #245) 2022-03-10 18:30:27.753813 >> Object lightRound has been created!
(ENTRY #246) 2022-03-10 18:30:27.754822 >> Protectile #58 has been created! Type: Light
(ENTRY #247) 2022-03-10 18:30:27.754822 >> Projectile created! ID: #58
(ENTRY #248) 2022-03-10 18:30:27.754822 >> MOUSEPOS: (717.1536005055884, 172.3982477241358)
(ENTRY #249) 2022-03-10 18:30:27.754822 >> SLOPE CALC:None
(ENTRY #250) 2022-03-10 18:30:27.754822 >> LIN CALC FIN: 101.62933144885392
(ENTRY #251) 2022-03-10 18:30:27.754822 >> LIN CALC RAW: 798.3706685511461
(ENTRY #252) 2022-03-10 18:30:27.754822 >> Below!
(ENTRY #253) 2022-03-10 18:30:27.754822 >> Object lightRound has been created!
(ENTRY #254) 2022-03-10 18:30:27.754822 >> Protectile #60 has been created! Type: Light
(ENTRY #255) 2022-03-10 18:30:27.754822 >> Projectile created! ID: #60
(ENTRY #256) 2022-03-10 18:30:27.898439 >> Projectile has hit!
(ENTRY #257) 2022-03-10 18:30:27.899423 >> Projectile removed!
(ENTRY #258) 2022-03-10 18:30:27.940409 >> Projectile has hit!
(ENTRY #259) 2022-03-10 18:30:27.940409 >> Projectile removed!
(ENTRY #260) 2022-03-10 18:30:27.999986 >> Projectile has hit!
(ENTRY #261) 2022-03-10 18:30:27.999986 >> Projectile removed!
(ENTRY #262) 2022-03-10 18:30:28.037942 >> Projectile has hit!
(ENTRY #263) 2022-03-10 18:30:28.037942 >> Projectile removed!
(ENTRY #264) 2022-03-10 18:30:28.116480 >> Projectile has hit!
(ENTRY #265) 2022-03-10 18:30:28.116480 >> Projectile removed!
(ENTRY #266) 2022-03-10 18:30:28.284819 >> entity_2_1 and entity_2_4 have collided!
(ENTRY #267) 2022-03-10 18:30:28.284819 >> entity_2_4 and entity_2_1 have collided!
(ENTRY #268) 2022-03-10 18:30:28.443266 >> Cloud created! ID: #7
(ENTRY #269) 2022-03-10 18:30:28.705757 >> Projectile has hit!
(ENTRY #270) 2022-03-10 18:30:28.705757 >> Projectile removed!
(ENTRY #271) 2022-03-10 18:30:29.577989 >> Cloud created! ID: #8
(ENTRY #272) 2022-03-10 18:30:29.775485 >> Opened about menu!
(ENTRY #273) 2022-03-10 18:30:29.776489 >> MOUSEPOS: (380.477050343588, 382.0239937237082)
(ENTRY #274) 2022-03-10 18:30:29.776489 >> SLOPE CALC:None
(ENTRY #275) 2022-03-10 18:30:29.776489 >> LIN CALC FIN: 431.38432246490254
(ENTRY #276) 2022-03-10 18:30:29.776489 >> LIN CALC RAW: 468.61567753509746
(ENTRY #277) 2022-03-10 18:30:29.776489 >> Above!
(ENTRY #278) 2022-03-10 18:30:29.776489 >> Object lightRound has been created!
(ENTRY #279) 2022-03-10 18:30:29.777495 >> Protectile #62 has been created! Type: Light
(ENTRY #280) 2022-03-10 18:30:29.777495 >> Projectile created! ID: #62
(ENTRY #281) 2022-03-10 18:30:29.777495 >> MOUSEPOS: (330.6887105262471, 381.59598264756164)
(ENTRY #282) 2022-03-10 18:30:29.777495 >> SLOPE CALC:None
(ENTRY #283) 2022-03-10 18:30:29.777495 >> LIN CALC FIN: 332.23565390636736
(ENTRY #284) 2022-03-10 18:30:29.777495 >> LIN CALC RAW: 567.7643460936326
(ENTRY #285) 2022-03-10 18:30:29.777495 >> Below!
(ENTRY #286) 2022-03-10 18:30:29.777495 >> Object lightRound has been created!
(ENTRY #287) 2022-03-10 18:30:29.778506 >> Protectile #64 has been created! Type: Light
(ENTRY #288) 2022-03-10 18:30:29.778506 >> Projectile created! ID: #64
(ENTRY #289) 2022-03-10 18:30:29.778506 >> MOUSEPOS: (380.477050343588, 382.0239937237082)
(ENTRY #290) 2022-03-10 18:30:29.778506 >> SLOPE CALC:None
(ENTRY #291) 2022-03-10 18:30:29.778506 >> LIN CALC FIN: 202.79537260690756
(ENTRY #292) 2022-03-10 18:30:29.778506 >> LIN CALC RAW: 697.2046273930924
(ENTRY #293) 2022-03-10 18:30:29.778506 >> Below!
(ENTRY #294) 2022-03-10 18:30:29.778506 >> Object lightRound has been created!
(ENTRY #295) 2022-03-10 18:30:29.778506 >> Protectile #66 has been created! Type: Light
(ENTRY #296) 2022-03-10 18:30:29.778506 >> Projectile created! ID: #66
(ENTRY #297) 2022-03-10 18:30:29.778506 >> MOUSEPOS: (572.2456447534312, 394.5639670167507)
(ENTRY #298) 2022-03-10 18:30:29.778506 >> SLOPE CALC:None
(ENTRY #299) 2022-03-10 18:30:29.778506 >> LIN CALC FIN: 351.11463339248087
(ENTRY #300) 2022-03-10 18:30:29.778506 >> LIN CALC RAW: 548.8853666075191
(ENTRY #301) 2022-03-10 18:30:29.778506 >> Below!
(ENTRY #302) 2022-03-10 18:30:29.778506 >> Object lightRound has been created!
(ENTRY #303) 2022-03-10 18:30:29.779501 >> Protectile #68 has been created! Type: Light
(ENTRY #304) 2022-03-10 18:30:29.779501 >> Projectile created! ID: #68
(ENTRY #305) 2022-03-10 18:30:29.975575 >> Projectile has hit!
(ENTRY #306) 2022-03-10 18:30:29.975575 >> Projectile removed!
(ENTRY #307) 2022-03-10 18:30:29.993592 >> Projectile has hit!
(ENTRY #308) 2022-03-10 18:30:29.993592 >> Projectile removed!
(ENTRY #309) 2022-03-10 18:30:30.415653 >> Projectile removed!
(ENTRY #310) 2022-03-10 18:30:30.580422 >> Cloud created! ID: #9
(ENTRY #311) 2022-03-10 18:30:31.148802 >> Projectile has hit!
(ENTRY #312) 2022-03-10 18:30:31.148802 >> Projectile removed!
(ENTRY #313) 2022-03-10 18:30:31.631823 >> Cloud created! ID: #10
(ENTRY #314) 2022-03-10 18:30:31.783630 >> MOUSEPOS: (364.4246109647633, 360.62471162482706)
(ENTRY #315) 2022-03-10 18:30:31.783630 >> SLOPE CALC:None
(ENTRY #316) 2022-03-10 18:30:31.783630 >> LIN CALC FIN: 409.3322320510609
(ENTRY #317) 2022-03-10 18:30:31.783630 >> LIN CALC RAW: 490.6677679489391
(ENTRY #318) 2022-03-10 18:30:31.783630 >> Above!
(ENTRY #319) 2022-03-10 18:30:31.783630 >> Object lightRound has been created!
(ENTRY #320) 2022-03-10 18:30:31.784692 >> Protectile #70 has been created! Type: Light
(ENTRY #321) 2022-03-10 18:30:31.784692 >> Projectile created! ID: #70
(ENTRY #322) 2022-03-10 18:30:31.784692 >> MOUSEPOS: (315.01218498034723, 359.9198060666448)
(ENTRY #323) 2022-03-10 18:30:31.784692 >> SLOPE CALC:None
(ENTRY #324) 2022-03-10 18:30:31.784692 >> LIN CALC FIN: 311.212285640411
(ENTRY #325) 2022-03-10 18:30:31.784692 >> LIN CALC RAW: 588.787714359589
(ENTRY #326) 2022-03-10 18:30:31.784692 >> Below!
(ENTRY #327) 2022-03-10 18:30:31.784692 >> Object lightRound has been created!
(ENTRY #328) 2022-03-10 18:30:31.785631 >> Protectile #72 has been created! Type: Light
(ENTRY #329) 2022-03-10 18:30:31.785631 >> Projectile created! ID: #72
(ENTRY #330) 2022-03-10 18:30:31.785631 >> MOUSEPOS: (364.4246109647633, 360.62471162482706)
(ENTRY #331) 2022-03-10 18:30:31.785631 >> SLOPE CALC:None
(ENTRY #332) 2022-03-10 18:30:31.785631 >> LIN CALC FIN: 176.07737720215403
(ENTRY #333) 2022-03-10 18:30:31.785631 >> LIN CALC RAW: 723.922622797846
(ENTRY #334) 2022-03-10 18:30:31.785631 >> Below!
(ENTRY #335) 2022-03-10 18:30:31.785631 >> Object lightRound has been created!
(ENTRY #336) 2022-03-10 18:30:31.785631 >> Protectile #74 has been created! Type: Light
(ENTRY #337) 2022-03-10 18:30:31.785631 >> Projectile created! ID: #74
(ENTRY #338) 2022-03-10 18:30:31.785631 >> MOUSEPOS: (595.7268805753555, 407.3796468127462)
(ENTRY #339) 2022-03-10 18:30:31.785631 >> SLOPE CALC:None
(ENTRY #340) 2022-03-10 18:30:31.785631 >> LIN CALC FIN: 421.20255076213675
(ENTRY #341) 2022-03-10 18:30:31.785631 >> LIN CALC RAW: 478.79744923786325
(ENTRY #342) 2022-03-10 18:30:31.785631 >> Above!
(ENTRY #343) 2022-03-10 18:30:31.785631 >> Object lightRound has been created!
(ENTRY #344) 2022-03-10 18:30:31.786629 >> Protectile #76 has been created! Type: Light
(ENTRY #345) 2022-03-10 18:30:31.786629 >> Projectile created! ID: #76
(ENTRY #346) 2022-03-10 18:30:32.033512 >> Projectile has hit!
(ENTRY #347) 2022-03-10 18:30:32.033512 >> Projectile removed!
(ENTRY #348) 2022-03-10 18:30:32.055162 >> Projectile has hit!
(ENTRY #349) 2022-03-10 18:30:32.055162 >> Projectile removed!
(ENTRY #350) 2022-03-10 18:30:32.099803 >> Projectile has hit!
(ENTRY #351) 2022-03-10 18:30:32.099803 >> Projectile removed!
(ENTRY #352) 2022-03-10 18:30:32.801050 >> Cloud created! ID: #11
(ENTRY #353) 2022-03-10 18:30:32.840094 >> Projectile removed!
(ENTRY #354) 2022-03-10 18:30:33.617318 >> Projectile has hit!
(ENTRY #355) 2022-03-10 18:30:33.617318 >> Projectile removed!
(ENTRY #356) 2022-03-10 18:30:33.790709 >> MOUSEPOS: (216.82981340175022, 365.28694061568154)
(ENTRY #357) 2022-03-10 18:30:33.790709 >> SLOPE CALC:None
(ENTRY #358) 2022-03-10 18:30:33.791685 >> LIN CALC FIN: 427.98193312641683
(ENTRY #359) 2022-03-10 18:30:33.791685 >> LIN CALC RAW: 472.01806687358317
(ENTRY #360) 2022-03-10 18:30:33.791685 >> Above!
(ENTRY #361) 2022-03-10 18:30:33.791685 >> Object lightRound has been created!
(ENTRY #362) 2022-03-10 18:30:33.791685 >> Protectile #78 has been created! Type: Light
(ENTRY #363) 2022-03-10 18:30:33.791685 >> Projectile created! ID: #78
(ENTRY #364) 2022-03-10 18:30:33.791685 >> MOUSEPOS: (310.82514875884567, 333.98659776932146)
(ENTRY #365) 2022-03-10 18:30:33.791685 >> SLOPE CALC:None
(ENTRY #366) 2022-03-10 18:30:33.791685 >> LIN CALC FIN: 129.1670942764324
(ENTRY #367) 2022-03-10 18:30:33.791685 >> LIN CALC RAW: 770.8329057235676
(ENTRY #368) 2022-03-10 18:30:33.791685 >> Below!
(ENTRY #369) 2022-03-10 18:30:33.791685 >> Object lightRound has been created!
(ENTRY #370) 2022-03-10 18:30:33.792708 >> Protectile #80 has been created! Type: Light
(ENTRY #371) 2022-03-10 18:30:33.792708 >> Projectile created! ID: #80
(ENTRY #372) 2022-03-10 18:30:33.792708 >> MOUSEPOS: (610.6504165166533, 428.9923620342401)
(ENTRY #373) 2022-03-10 18:30:33.792708 >> SLOPE CALC:None
(ENTRY #374) 2022-03-10 18:30:33.792708 >> LIN CALC FIN: 396.39672669014874
(ENTRY #375) 2022-03-10 18:30:33.792708 >> LIN CALC RAW: 503.60327330985126
(ENTRY #376) 2022-03-10 18:30:33.792708 >> Below!
(ENTRY #377) 2022-03-10 18:30:33.792708 >> Object lightRound has been created!
(ENTRY #378) 2022-03-10 18:30:33.792708 >> Protectile #82 has been created! Type: Light
(ENTRY #379) 2022-03-10 18:30:33.792708 >> Projectile created! ID: #82
(ENTRY #380) 2022-03-10 18:30:33.846683 >> Cloud created! ID: #12
(ENTRY #381) 2022-03-10 18:30:34.316885 >> Projectile has hit!
(ENTRY #382) 2022-03-10 18:30:34.316885 >> Projectile removed!
(ENTRY #383) 2022-03-10 18:30:35.111983 >> Cloud created! ID: #13
(ENTRY #384) 2022-03-10 18:30:35.802783 >> MOUSEPOS: (235.45821716612613, 346.16171273784846)
(ENTRY #385) 2022-03-10 18:30:35.802783 >> SLOPE CALC:None
(ENTRY #386) 2022-03-10 18:30:35.802783 >> LIN CALC FIN: 378.09315463914527
(ENTRY #387) 2022-03-10 18:30:35.802783 >> LIN CALC RAW: 521.9068453608547
(ENTRY #388) 2022-03-10 18:30:35.802783 >> Above!
(ENTRY #389) 2022-03-10 18:30:35.802783 >> Object lightRound has been created!
(ENTRY #390) 2022-03-10 18:30:35.803781 >> Protectile #84 has been created! Type: Light
(ENTRY #391) 2022-03-10 18:30:35.803781 >> Projectile created! ID: #84
(ENTRY #392) 2022-03-10 18:30:35.803781 >> MOUSEPOS: (305.54035673072343, 308.0110150745479)
(ENTRY #393) 2022-03-10 18:30:35.803781 >> SLOPE CALC:None
(ENTRY #394) 2022-03-10 18:30:35.803781 >> LIN CALC FIN: 131.03245417555536
(ENTRY #395) 2022-03-10 18:30:35.803781 >> LIN CALC RAW: 768.9675458244446
(ENTRY #396) 2022-03-10 18:30:35.803781 >> Below!
(ENTRY #397) 2022-03-10 18:30:35.803781 >> Object lightRound has been created!
(ENTRY #398) 2022-03-10 18:30:35.804781 >> Protectile #86 has been created! Type: Light
(ENTRY #399) 2022-03-10 18:30:35.804781 >> Projectile created! ID: #86
(ENTRY #400) 2022-03-10 18:30:35.804781 >> MOUSEPOS: (625.4753895984052, 450.96748704323716)
(ENTRY #401) 2022-03-10 18:30:35.804781 >> SLOPE CALC:None
(ENTRY #402) 2022-03-10 18:30:35.804781 >> LIN CALC FIN: 247.2851805151655
(ENTRY #403) 2022-03-10 18:30:35.804781 >> LIN CALC RAW: 652.7148194848345
(ENTRY #404) 2022-03-10 18:30:35.804781 >> Below!
(ENTRY #405) 2022-03-10 18:30:35.804781 >> Object lightRound has been created!
(ENTRY #406) 2022-03-10 18:30:35.804781 >> Protectile #88 has been created! Type: Light
(ENTRY #407) 2022-03-10 18:30:35.804781 >> Projectile created! ID: #88
(ENTRY #408) 2022-03-10 18:30:36.120047 >> Cloud created! ID: #14
(ENTRY #409) 2022-03-10 18:30:36.224032 >> Projectile has hit!
(ENTRY #410) 2022-03-10 18:30:36.224032 >> Projectile removed!
(ENTRY #411) 2022-03-10 18:30:36.400761 >> Projectile has hit!
(ENTRY #412) 2022-03-10 18:30:36.400761 >> Projectile removed!
(ENTRY #413) 2022-03-10 18:30:37.138427 >> Cloud created! ID: #15
(ENTRY #414) 2022-03-10 18:30:37.806816 >> MOUSEPOS: (245.72660009814203, 321.9746590078744)
(ENTRY #415) 2022-03-10 18:30:37.806816 >> SLOPE CALC:None
(ENTRY #416) 2022-03-10 18:30:37.806816 >> LIN CALC FIN: 330.94830339192333
(ENTRY #417) 2022-03-10 18:30:37.806816 >> LIN CALC RAW: 569.0516966080767
(ENTRY #418) 2022-03-10 18:30:37.807817 >> Above!
(ENTRY #419) 2022-03-10 18:30:37.807817 >> Object lightRound has been created!
(ENTRY #420) 2022-03-10 18:30:37.807817 >> Protectile #90 has been created! Type: Light
(ENTRY #421) 2022-03-10 18:30:37.807817 >> Projectile created! ID: #90
(ENTRY #422) 2022-03-10 18:30:37.807817 >> MOUSEPOS: (289.3252314925607, 287.3496719975047)
(ENTRY #423) 2022-03-10 18:30:37.807817 >> SLOPE CALC:None
(ENTRY #424) 2022-03-10 18:30:37.807817 >> LIN CALC FIN: 104.81308512745511
(ENTRY #425) 2022-03-10 18:30:37.807817 >> LIN CALC RAW: 795.1869148725449
(ENTRY #426) 2022-03-10 18:30:37.807817 >> Below!
(ENTRY #427) 2022-03-10 18:30:37.807817 >> Object lightRound has been created!
(ENTRY #428) 2022-03-10 18:30:37.808794 >> Protectile #92 has been created! Type: Light
(ENTRY #429) 2022-03-10 18:30:37.808794 >> Projectile created! ID: #92
(ENTRY #430) 2022-03-10 18:30:37.808794 >> MOUSEPOS: (648.3629656090463, 463.85081924394075)
(ENTRY #431) 2022-03-10 18:30:37.808794 >> SLOPE CALC:None
(ENTRY #432) 2022-03-10 18:30:37.808794 >> LIN CALC FIN: 165.7324429691928
(ENTRY #433) 2022-03-10 18:30:37.808794 >> LIN CALC RAW: 734.2675570308072
(ENTRY #434) 2022-03-10 18:30:37.808794 >> Below!
(ENTRY #435) 2022-03-10 18:30:37.808794 >> Object lightRound has been created!
(ENTRY #436) 2022-03-10 18:30:37.808794 >> Protectile #94 has been created! Type: Light
(ENTRY #437) 2022-03-10 18:30:37.808794 >> Projectile created! ID: #94
(ENTRY #438) 2022-03-10 18:30:38.078163 >> Projectile has hit!
(ENTRY #439) 2022-03-10 18:30:38.078163 >> Projectile removed!
(ENTRY #440) 2022-03-10 18:30:38.376241 >> Cloud created! ID: #16
(ENTRY #441) 2022-03-10 18:30:38.574672 >> AI Entity #1 and entity_1_2 have collided!
(ENTRY #442) 2022-03-10 18:30:38.574672 >> entity_1_2 and AI Entity #1 have collided!
(ENTRY #443) 2022-03-10 18:30:38.574672 >> Projectile has hit!
(ENTRY #444) 2022-03-10 18:30:38.574672 >> Projectile removed!
(ENTRY #445) 2022-03-10 18:30:38.608673 >> Death menu active!
(ENTRY #446) 2022-03-10 18:30:39.333473 >> Returning to menu!
(ENTRY #447) 2022-03-10 18:30:42.881718 >> Returning to menu!
(ENTRY #448) 2022-03-10 18:30:43.733298 >> Game resumed!
(ENTRY #449) 2022-03-10 18:30:44.330763 >> Game resumed!
(ENTRY #450) 2022-03-10 18:30:44.502763 >> Game resumed!
(ENTRY #451) 2022-03-10 18:30:44.665740 >> Game resumed!
(ENTRY #452) 2022-03-10 18:30:44.826730 >> Game resumed!
(ENTRY #453) 2022-03-10 18:30:45.493633 >> Naval Warfare 2D Closed...
