Log for Naval Warfare 2D, intended for debugging purposes only! 

(ENTRY #1) 2022-03-10 18:38:06.874901 >> Initialized Log handler...
(ENTRY #2) 2022-03-10 18:38:07.562215 >> Initialized Warship handler...
(ENTRY #3) 2022-03-10 18:38:07.565245 >> Initialized Projectile handler...
(ENTRY #4) 2022-03-10 18:38:07.566212 >> Dumb-AI Entity created!
(ENTRY #5) 2022-03-10 18:38:07.568212 >> Dumb-AI Entity created!
(ENTRY #6) 2022-03-10 18:38:07.569219 >> Dumb-AI Entity created!
(ENTRY #7) 2022-03-10 18:38:07.571223 >> Dumb-AI Entity created!
(ENTRY #8) 2022-03-10 18:38:07.575310 >> Dumb-AI Entity created!
(ENTRY #9) 2022-03-10 18:38:07.583264 >> Dumb-AI Entity created!
(ENTRY #10) 2022-03-10 18:38:07.587263 >> Dumb-AI Entity created!
(ENTRY #11) 2022-03-10 18:38:07.596252 >> Dumb-AI Entity created!
(ENTRY #12) 2022-03-10 18:38:07.601292 >> Dumb-AI Entity created!
(ENTRY #13) 2022-03-10 18:38:07.605284 >> Dumb-AI Entity created!
(ENTRY #14) 2022-03-10 18:38:07.673296 >> Initialized GUI handler...
(ENTRY #15) 2022-03-10 18:38:07.674316 >> Starting Naval Warfare 2D...
(ENTRY #16) 2022-03-10 18:38:13.243604 >> Created Sprite for Player!
(ENTRY #17) 2022-03-10 18:38:13.243604 >> Finished initalizing!
(ENTRY #18) 2022-03-10 18:38:15.691009 >> Returning to menu!
(ENTRY #19) 2022-03-10 18:38:16.424084 >> Game resumed!
(ENTRY #20) 2022-03-10 18:38:16.446091 >> Cloud created! ID: #1
(ENTRY #21) 2022-03-10 18:38:16.446091 >> MOUSEPOS: (350.0, 449.75)
(ENTRY #22) 2022-03-10 18:38:16.446091 >> SLOPE CALC:None
(ENTRY #23) 2022-03-10 18:38:16.446091 >> Object lightRound has been created!
(ENTRY #24) 2022-03-10 18:38:16.447117 >> Protectile #2 has been created! Type: Light
(ENTRY #25) 2022-03-10 18:38:16.447117 >> Projectile created! ID: #2
(ENTRY #26) 2022-03-10 18:38:16.447117 >> MOUSEPOS: (300.0, 449.75)
(ENTRY #27) 2022-03-10 18:38:16.447117 >> SLOPE CALC:None
(ENTRY #28) 2022-03-10 18:38:16.447117 >> Object lightRound has been created!
(ENTRY #29) 2022-03-10 18:38:16.448117 >> Protectile #4 has been created! Type: Light
(ENTRY #30) 2022-03-10 18:38:16.448117 >> Projectile created! ID: #4
(ENTRY #31) 2022-03-10 18:38:16.448117 >> MOUSEPOS: (350.0, 449.75)
(ENTRY #32) 2022-03-10 18:38:16.448117 >> SLOPE CALC:None
(ENTRY #33) 2022-03-10 18:38:16.448117 >> Object lightRound has been created!
(ENTRY #34) 2022-03-10 18:38:16.449117 >> Protectile #6 has been created! Type: Light
(ENTRY #35) 2022-03-10 18:38:16.449117 >> Projectile created! ID: #6
(ENTRY #36) 2022-03-10 18:38:16.449117 >> MOUSEPOS: (400.0, 449.75)
(ENTRY #37) 2022-03-10 18:38:16.449117 >> SLOPE CALC:None
(ENTRY #38) 2022-03-10 18:38:16.449117 >> Object lightRound has been created!
(ENTRY #39) 2022-03-10 18:38:16.450117 >> Protectile #8 has been created! Type: Light
(ENTRY #40) 2022-03-10 18:38:16.450117 >> Projectile created! ID: #8
(ENTRY #41) 2022-03-10 18:38:16.450117 >> MOUSEPOS: (450.0, 449.75)
(ENTRY #42) 2022-03-10 18:38:16.450117 >> SLOPE CALC:None
(ENTRY #43) 2022-03-10 18:38:16.450117 >> Object lightRound has been created!
(ENTRY #44) 2022-03-10 18:38:16.451117 >> Protectile #10 has been created! Type: Light
(ENTRY #45) 2022-03-10 18:38:16.451117 >> Projectile created! ID: #10
(ENTRY #46) 2022-03-10 18:38:16.451117 >> MOUSEPOS: (600.0, 449.0)
(ENTRY #47) 2022-03-10 18:38:16.451117 >> SLOPE CALC:None
(ENTRY #48) 2022-03-10 18:38:16.451117 >> Object lightRound has been created!
(ENTRY #49) 2022-03-10 18:38:16.452083 >> Protectile #12 has been created! Type: Light
(ENTRY #50) 2022-03-10 18:38:16.452083 >> Projectile created! ID: #12
(ENTRY #51) 2022-03-10 18:38:16.452083 >> MOUSEPOS: (550.0, 449.0)
(ENTRY #52) 2022-03-10 18:38:16.452083 >> SLOPE CALC:None
(ENTRY #53) 2022-03-10 18:38:16.452083 >> Object lightRound has been created!
(ENTRY #54) 2022-03-10 18:38:16.452083 >> Protectile #14 has been created! Type: Light
(ENTRY #55) 2022-03-10 18:38:16.452083 >> Projectile created! ID: #14
(ENTRY #56) 2022-03-10 18:38:16.453117 >> MOUSEPOS: (600.0, 449.0)
(ENTRY #57) 2022-03-10 18:38:16.453117 >> SLOPE CALC:None
(ENTRY #58) 2022-03-10 18:38:16.453117 >> Object lightRound has been created!
(ENTRY #59) 2022-03-10 18:38:16.453117 >> Protectile #16 has been created! Type: Light
(ENTRY #60) 2022-03-10 18:38:16.453117 >> Projectile created! ID: #16
(ENTRY #61) 2022-03-10 18:38:16.453117 >> MOUSEPOS: (650.0, 449.0)
(ENTRY #62) 2022-03-10 18:38:16.453117 >> SLOPE CALC:None
(ENTRY #63) 2022-03-10 18:38:16.453117 >> Object lightRound has been created!
(ENTRY #64) 2022-03-10 18:38:16.454085 >> Protectile #18 has been created! Type: Light
(ENTRY #65) 2022-03-10 18:38:16.454085 >> Projectile created! ID: #18
(ENTRY #66) 2022-03-10 18:38:16.454085 >> MOUSEPOS: (700.0, 449.0)
(ENTRY #67) 2022-03-10 18:38:16.454085 >> SLOPE CALC:None
(ENTRY #68) 2022-03-10 18:38:16.454085 >> Object lightRound has been created!
(ENTRY #69) 2022-03-10 18:38:16.455100 >> Protectile #20 has been created! Type: Light
(ENTRY #70) 2022-03-10 18:38:16.455100 >> Projectile created! ID: #20
(ENTRY #71) 2022-03-10 18:38:16.791104 >> Projectile has hit!
(ENTRY #72) 2022-03-10 18:38:16.791104 >> Projectile has hit!
(ENTRY #73) 2022-03-10 18:38:16.791104 >> Projectile has hit!
(ENTRY #74) 2022-03-10 18:38:16.791104 >> Projectile has hit!
(ENTRY #75) 2022-03-10 18:38:16.791104 >> Projectile has hit!
(ENTRY #76) 2022-03-10 18:38:16.791104 >> Projectile has hit!
(ENTRY #77) 2022-03-10 18:38:16.791104 >> Projectile removed!
(ENTRY #78) 2022-03-10 18:38:16.791104 >> Projectile removed!
(ENTRY #79) 2022-03-10 18:38:16.791104 >> Projectile removed!
(ENTRY #80) 2022-03-10 18:38:16.791104 >> Projectile removed!
(ENTRY #81) 2022-03-10 18:38:16.791104 >> Projectile removed!
(ENTRY #82) 2022-03-10 18:38:16.791104 >> Projectile removed!
(ENTRY #83) 2022-03-10 18:38:16.816108 >> Projectile has hit!
(ENTRY #84) 2022-03-10 18:38:16.816108 >> Projectile has hit!
(ENTRY #85) 2022-03-10 18:38:16.816108 >> Projectile has hit!
(ENTRY #86) 2022-03-10 18:38:16.816108 >> Projectile has hit!
(ENTRY #87) 2022-03-10 18:38:16.816108 >> Projectile removed!
(ENTRY #88) 2022-03-10 18:38:16.816108 >> Projectile removed!
(ENTRY #89) 2022-03-10 18:38:16.816108 >> Projectile removed!
(ENTRY #90) 2022-03-10 18:38:16.816108 >> Projectile removed!
(ENTRY #91) 2022-03-10 18:38:17.224786 >> Opened Debug Menu!
(ENTRY #92) 2022-03-10 18:38:17.268780 >> Returning to menu!
(ENTRY #93) 2022-03-10 18:38:17.291776 >> MOUSEPOS: (377, 415)
(ENTRY #94) 2022-03-10 18:38:17.291776 >> SLOPE CALC:None
(ENTRY #95) 2022-03-10 18:38:17.291776 >> LIN CALC FIN: 172.50218641428205
(ENTRY #96) 2022-03-10 18:38:17.291776 >> LIN CALC RAW: 727.497813585718
(ENTRY #97) 2022-03-10 18:38:17.291776 >> Below!
(ENTRY #98) 2022-03-10 18:38:17.292777 >> Object lightRound has been created!
(ENTRY #99) 2022-03-10 18:38:17.292777 >> Protectile #22 has been created! Type: Light
(ENTRY #100) 2022-03-10 18:38:17.292777 >> Projectile created! ID: #22
(ENTRY #101) 2022-03-10 18:38:17.567434 >> entity_2_0 and entity_2_1 have collided!
(ENTRY #102) 2022-03-10 18:38:17.567434 >> entity_2_1 and entity_2_0 have collided!
(ENTRY #103) 2022-03-10 18:38:17.665532 >> Cloud created! ID: #2
(ENTRY #104) 2022-03-10 18:38:18.448699 >> MOUSEPOS: (345.4941122284269, 427.60285403833507)
(ENTRY #105) 2022-03-10 18:38:18.449699 >> SLOPE CALC:None
(ENTRY #106) 2022-03-10 18:38:18.449699 >> Object lightRound has been created!
(ENTRY #107) 2022-03-10 18:38:18.449699 >> Protectile #24 has been created! Type: Light
(ENTRY #108) 2022-03-10 18:38:18.449699 >> Projectile created! ID: #24
(ENTRY #109) 2022-03-10 18:38:18.449699 >> MOUSEPOS: (295.4941122284269, 427.60285403833507)
(ENTRY #110) 2022-03-10 18:38:18.449699 >> SLOPE CALC:None
(ENTRY #111) 2022-03-10 18:38:18.449699 >> Object lightRound has been created!
(ENTRY #112) 2022-03-10 18:38:18.450698 >> Protectile #26 has been created! Type: Light
(ENTRY #113) 2022-03-10 18:38:18.450698 >> Projectile created! ID: #26
(ENTRY #114) 2022-03-10 18:38:18.450698 >> MOUSEPOS: (345.4941122284269, 427.60285403833507)
(ENTRY #115) 2022-03-10 18:38:18.450698 >> SLOPE CALC:None
(ENTRY #116) 2022-03-10 18:38:18.450698 >> Object lightRound has been created!
(ENTRY #117) 2022-03-10 18:38:18.450698 >> Protectile #28 has been created! Type: Light
(ENTRY #118) 2022-03-10 18:38:18.450698 >> Projectile created! ID: #28
(ENTRY #119) 2022-03-10 18:38:18.450698 >> MOUSEPOS: (395.4941122284269, 427.60285403833507)
(ENTRY #120) 2022-03-10 18:38:18.450698 >> SLOPE CALC:None
(ENTRY #121) 2022-03-10 18:38:18.450698 >> Object lightRound has been created!
(ENTRY #122) 2022-03-10 18:38:18.451699 >> Protectile #30 has been created! Type: Light
(ENTRY #123) 2022-03-10 18:38:18.451699 >> Projectile created! ID: #30
(ENTRY #124) 2022-03-10 18:38:18.451699 >> MOUSEPOS: (445.4941122284269, 427.60285403833507)
(ENTRY #125) 2022-03-10 18:38:18.451699 >> SLOPE CALC:None
(ENTRY #126) 2022-03-10 18:38:18.451699 >> Object lightRound has been created!
(ENTRY #127) 2022-03-10 18:38:18.451699 >> Protectile #32 has been created! Type: Light
(ENTRY #128) 2022-03-10 18:38:18.451699 >> Projectile created! ID: #32
(ENTRY #129) 2022-03-10 18:38:18.451699 >> MOUSEPOS: (734.6296814135433, 367.4175831141822)
(ENTRY #130) 2022-03-10 18:38:18.452699 >> SLOPE CALC:None
(ENTRY #131) 2022-03-10 18:38:18.452699 >> LIN CALC FIN: 248.15822028709567
(ENTRY #132) 2022-03-10 18:38:18.452699 >> LIN CALC RAW: 651.8417797129043
(ENTRY #133) 2022-03-10 18:38:18.452699 >> Below!
(ENTRY #134) 2022-03-10 18:38:18.452699 >> Object lightRound has been created!
(ENTRY #135) 2022-03-10 18:38:18.452699 >> Protectile #34 has been created! Type: Light
(ENTRY #136) 2022-03-10 18:38:18.452699 >> Projectile created! ID: #34
(ENTRY #137) 2022-03-10 18:38:18.452699 >> MOUSEPOS: (784.6296814135433, 367.4175831141822)
(ENTRY #138) 2022-03-10 18:38:18.452699 >> SLOPE CALC:None
(ENTRY #139) 2022-03-10 18:38:18.452699 >> Object lightRound has been created!
(ENTRY #140) 2022-03-10 18:38:18.453699 >> Protectile #36 has been created! Type: Light
(ENTRY #141) 2022-03-10 18:38:18.453699 >> Projectile created! ID: #36
(ENTRY #142) 2022-03-10 18:38:18.453699 >> MOUSEPOS: (734.6296814135433, 367.4175831141822)
(ENTRY #143) 2022-03-10 18:38:18.453699 >> SLOPE CALC:None
(ENTRY #144) 2022-03-10 18:38:18.453699 >> Object lightRound has been created!
(ENTRY #145) 2022-03-10 18:38:18.453699 >> Protectile #38 has been created! Type: Light
(ENTRY #146) 2022-03-10 18:38:18.453699 >> Projectile created! ID: #38
(ENTRY #147) 2022-03-10 18:38:18.686700 >> Projectile has hit!
(ENTRY #148) 2022-03-10 18:38:18.686700 >> Projectile removed!
(ENTRY #149) 2022-03-10 18:38:18.710699 >> MOUSEPOS: (377, 415)
(ENTRY #150) 2022-03-10 18:38:18.710699 >> SLOPE CALC:None
(ENTRY #151) 2022-03-10 18:38:18.710699 >> LIN CALC FIN: 158.21714013934388
(ENTRY #152) 2022-03-10 18:38:18.710699 >> LIN CALC RAW: 741.7828598606561
(ENTRY #153) 2022-03-10 18:38:18.711701 >> Below!
(ENTRY #154) 2022-03-10 18:38:18.711701 >> Object lightRound has been created!
(ENTRY #155) 2022-03-10 18:38:18.711701 >> Protectile #40 has been created! Type: Light
(ENTRY #156) 2022-03-10 18:38:18.711701 >> Projectile created! ID: #40
(ENTRY #157) 2022-03-10 18:38:18.737709 >> Projectile has hit!
(ENTRY #158) 2022-03-10 18:38:18.737709 >> Projectile removed!
(ENTRY #159) 2022-03-10 18:38:18.761697 >> Projectile has hit!
(ENTRY #160) 2022-03-10 18:38:18.761697 >> Projectile has hit!
(ENTRY #161) 2022-03-10 18:38:18.761697 >> Projectile has hit!
(ENTRY #162) 2022-03-10 18:38:18.761697 >> Projectile has hit!
(ENTRY #163) 2022-03-10 18:38:18.762695 >> Projectile removed!
(ENTRY #164) 2022-03-10 18:38:18.762695 >> Projectile removed!
(ENTRY #165) 2022-03-10 18:38:18.762695 >> Projectile removed!
(ENTRY #166) 2022-03-10 18:38:18.762695 >> Projectile removed!
(ENTRY #167) 2022-03-10 18:38:18.781698 >> Cloud created! ID: #3
(ENTRY #168) 2022-03-10 18:38:18.845699 >> Projectile has hit!
(ENTRY #169) 2022-03-10 18:38:18.845699 >> Projectile has hit!
(ENTRY #170) 2022-03-10 18:38:18.845699 >> Projectile removed!
(ENTRY #171) 2022-03-10 18:38:18.845699 >> Projectile removed!
(ENTRY #172) 2022-03-10 18:38:19.292752 >> MOUSEPOS: (417, 400)
(ENTRY #173) 2022-03-10 18:38:19.292752 >> SLOPE CALC:None
(ENTRY #174) 2022-03-10 18:38:19.292752 >> LIN CALC FIN: 114.2128807902493
(ENTRY #175) 2022-03-10 18:38:19.292752 >> LIN CALC RAW: 785.7871192097507
(ENTRY #176) 2022-03-10 18:38:19.292752 >> Below!
(ENTRY #177) 2022-03-10 18:38:19.795858 >> Cloud created! ID: #4
(ENTRY #178) 2022-03-10 18:38:19.922857 >> MOUSEPOS: (417, 400)
(ENTRY #179) 2022-03-10 18:38:19.922857 >> SLOPE CALC:None
(ENTRY #180) 2022-03-10 18:38:19.922857 >> LIN CALC FIN: 111.10239859089063
(ENTRY #181) 2022-03-10 18:38:19.922857 >> LIN CALC RAW: 788.8976014091094
(ENTRY #182) 2022-03-10 18:38:19.922857 >> Below!
(ENTRY #183) 2022-03-10 18:38:19.922857 >> Object lightRound has been created!
(ENTRY #184) 2022-03-10 18:38:19.922857 >> Protectile #42 has been created! Type: Light
(ENTRY #185) 2022-03-10 18:38:19.922857 >> Projectile created! ID: #42
(ENTRY #186) 2022-03-10 18:38:20.026860 >> Projectile has hit!
(ENTRY #187) 2022-03-10 18:38:20.026860 >> Projectile removed!
(ENTRY #188) 2022-03-10 18:38:20.187405 >> MOUSEPOS: (417, 400)
(ENTRY #189) 2022-03-10 18:38:20.187405 >> SLOPE CALC:None
(ENTRY #190) 2022-03-10 18:38:20.187405 >> LIN CALC FIN: 110.22552028898417
(ENTRY #191) 2022-03-10 18:38:20.187405 >> LIN CALC RAW: 789.7744797110158
(ENTRY #192) 2022-03-10 18:38:20.187405 >> Below!
(ENTRY #193) 2022-03-10 18:38:20.408405 >> MOUSEPOS: (417, 400)
(ENTRY #194) 2022-03-10 18:38:20.408405 >> SLOPE CALC:None
(ENTRY #195) 2022-03-10 18:38:20.408405 >> LIN CALC FIN: 109.68431547235139
(ENTRY #196) 2022-03-10 18:38:20.408405 >> LIN CALC RAW: 790.3156845276486
(ENTRY #197) 2022-03-10 18:38:20.408405 >> Below!
(ENTRY #198) 2022-03-10 18:38:20.449410 >> MOUSEPOS: (331.8712962732188, 408.0568358429076)
(ENTRY #199) 2022-03-10 18:38:20.449410 >> SLOPE CALC:None
(ENTRY #200) 2022-03-10 18:38:20.449410 >> Object lightRound has been created!
(ENTRY #201) 2022-03-10 18:38:20.450410 >> Protectile #44 has been created! Type: Light
(ENTRY #202) 2022-03-10 18:38:20.450410 >> Projectile created! ID: #44
(ENTRY #203) 2022-03-10 18:38:20.450410 >> MOUSEPOS: (281.8712962732188, 408.0568358429076)
(ENTRY #204) 2022-03-10 18:38:20.450410 >> SLOPE CALC:None
(ENTRY #205) 2022-03-10 18:38:20.450410 >> Object lightRound has been created!
(ENTRY #206) 2022-03-10 18:38:20.450410 >> Protectile #46 has been created! Type: Light
(ENTRY #207) 2022-03-10 18:38:20.450410 >> Projectile created! ID: #46
(ENTRY #208) 2022-03-10 18:38:20.451410 >> MOUSEPOS: (331.8712962732188, 408.0568358429076)
(ENTRY #209) 2022-03-10 18:38:20.451410 >> SLOPE CALC:None
(ENTRY #210) 2022-03-10 18:38:20.451410 >> Object lightRound has been created!
(ENTRY #211) 2022-03-10 18:38:20.451410 >> Protectile #48 has been created! Type: Light
(ENTRY #212) 2022-03-10 18:38:20.451410 >> Projectile created! ID: #48
(ENTRY #213) 2022-03-10 18:38:20.451410 >> MOUSEPOS: (381.8712962732188, 408.0568358429076)
(ENTRY #214) 2022-03-10 18:38:20.451410 >> SLOPE CALC:None
(ENTRY #215) 2022-03-10 18:38:20.451410 >> Object lightRound has been created!
(ENTRY #216) 2022-03-10 18:38:20.452411 >> Protectile #50 has been created! Type: Light
(ENTRY #217) 2022-03-10 18:38:20.452411 >> Projectile created! ID: #50
(ENTRY #218) 2022-03-10 18:38:20.452411 >> MOUSEPOS: (527.9144978703024, 335.1534274653776)
(ENTRY #219) 2022-03-10 18:38:20.452411 >> SLOPE CALC:None
(ENTRY #220) 2022-03-10 18:38:20.452411 >> LIN CALC FIN: 398.27104169938696
(ENTRY #221) 2022-03-10 18:38:20.452411 >> LIN CALC RAW: 501.72895830061304
(ENTRY #222) 2022-03-10 18:38:20.452411 >> Above!
(ENTRY #223) 2022-03-10 18:38:20.452411 >> Object lightRound has been created!
(ENTRY #224) 2022-03-10 18:38:20.452411 >> Protectile #52 has been created! Type: Light
(ENTRY #225) 2022-03-10 18:38:20.452411 >> Projectile created! ID: #52
(ENTRY #226) 2022-03-10 18:38:20.452411 >> MOUSEPOS: (518.1287037267816, 408.0568358429077)
(ENTRY #227) 2022-03-10 18:38:20.452411 >> SLOPE CALC:None
(ENTRY #228) 2022-03-10 18:38:20.452411 >> LIN CALC FIN: 344.9392216088984
(ENTRY #229) 2022-03-10 18:38:20.452411 >> LIN CALC RAW: 555.0607783911016
(ENTRY #230) 2022-03-10 18:38:20.452411 >> Below!
(ENTRY #231) 2022-03-10 18:38:20.452411 >> Object lightRound has been created!
(ENTRY #232) 2022-03-10 18:38:20.453415 >> Protectile #54 has been created! Type: Light
(ENTRY #233) 2022-03-10 18:38:20.453415 >> Projectile created! ID: #54
(ENTRY #234) 2022-03-10 18:38:20.453415 >> MOUSEPOS: (821.4146902632752, 281.7575329886878)
(ENTRY #235) 2022-03-10 18:38:20.453415 >> SLOPE CALC:None
(ENTRY #236) 2022-03-10 18:38:20.453415 >> Object lightRound has been created!
(ENTRY #237) 2022-03-10 18:38:20.454405 >> Protectile #56 has been created! Type: Light
(ENTRY #238) 2022-03-10 18:38:20.454405 >> Projectile created! ID: #56
(ENTRY #239) 2022-03-10 18:38:20.454405 >> MOUSEPOS: (771.4146902632752, 281.7575329886878)
(ENTRY #240) 2022-03-10 18:38:20.454405 >> SLOPE CALC:None
(ENTRY #241) 2022-03-10 18:38:20.454405 >> Object lightRound has been created!
(ENTRY #242) 2022-03-10 18:38:20.454405 >> Protectile #58 has been created! Type: Light
(ENTRY #243) 2022-03-10 18:38:20.454405 >> Projectile created! ID: #58
(ENTRY #244) 2022-03-10 18:38:20.709408 >> Projectile has hit!
(ENTRY #245) 2022-03-10 18:38:20.709408 >> Projectile removed!
(ENTRY #246) 2022-03-10 18:38:20.759404 >> Projectile has hit!
(ENTRY #247) 2022-03-10 18:38:20.759404 >> Projectile has hit!
(ENTRY #248) 2022-03-10 18:38:20.759404 >> Projectile has hit!
(ENTRY #249) 2022-03-10 18:38:20.759404 >> Projectile removed!
(ENTRY #250) 2022-03-10 18:38:20.759404 >> Projectile removed!
(ENTRY #251) 2022-03-10 18:38:20.759404 >> Projectile removed!
(ENTRY #252) 2022-03-10 18:38:20.801407 >> Projectile has hit!
(ENTRY #253) 2022-03-10 18:38:20.801407 >> Projectile removed!
(ENTRY #254) 2022-03-10 18:38:20.902044 >> Projectile has hit!
(ENTRY #255) 2022-03-10 18:38:20.903045 >> Projectile removed!
(ENTRY #256) 2022-03-10 18:38:20.922595 >> Cloud created! ID: #5
(ENTRY #257) 2022-03-10 18:38:21.141120 >> Projectile has hit!
(ENTRY #258) 2022-03-10 18:38:21.141120 >> Projectile removed!
(ENTRY #259) 2022-03-10 18:38:22.419724 >> Naval Warfare 2D Closed...
