Log for Naval Warfare 2D, intended for debugging purposes only! 

(ENTRY #1) 2022-03-10 12:33:29.902909 >> Initialized Log handler...
(ENTRY #2) 2022-03-10 12:33:30.657786 >> Initialized Warship handler...
(ENTRY #3) 2022-03-10 12:33:30.660819 >> Initialized Projectile handler...
(ENTRY #4) 2022-03-10 12:33:30.661797 >> Dumb-AI Entity created!
(ENTRY #5) 2022-03-10 12:33:30.663813 >> Dumb-AI Entity created!
(ENTRY #6) 2022-03-10 12:33:30.665788 >> Dumb-AI Entity created!
(ENTRY #7) 2022-03-10 12:33:30.666800 >> Dumb-AI Entity created!
(ENTRY #8) 2022-03-10 12:33:30.668790 >> Dumb-AI Entity created!
(ENTRY #9) 2022-03-10 12:33:30.669820 >> Dumb-AI Entity created!
(ENTRY #10) 2022-03-10 12:33:30.673794 >> Dumb-AI Entity created!
(ENTRY #11) 2022-03-10 12:33:30.677792 >> Dumb-AI Entity created!
(ENTRY #12) 2022-03-10 12:33:30.680793 >> Dumb-AI Entity created!
(ENTRY #13) 2022-03-10 12:33:30.685788 >> Dumb-AI Entity created!
(ENTRY #14) 2022-03-10 12:33:30.764789 >> Initialized GUI handler...
(ENTRY #15) 2022-03-10 12:33:30.764789 >> Starting Naval Warfare 2D...
(ENTRY #16) 2022-03-10 12:33:36.318708 >> Created Sprite for Player!
(ENTRY #17) 2022-03-10 12:33:36.319720 >> Finished initalizing!
(ENTRY #18) 2022-03-10 12:33:39.010586 >> Returning to menu!
(ENTRY #19) 2022-03-10 12:33:39.625851 >> Game resumed!
(ENTRY #20) 2022-03-10 12:33:39.639519 >> None
(ENTRY #21) 2022-03-10 12:33:39.639519 >> None
(ENTRY #22) 2022-03-10 12:33:39.639519 >> None
(ENTRY #23) 2022-03-10 12:33:39.639519 >> None
(ENTRY #24) 2022-03-10 12:33:39.639519 >> None
(ENTRY #25) 2022-03-10 12:33:39.639519 >> None
(ENTRY #26) 2022-03-10 12:33:39.639519 >> None
(ENTRY #27) 2022-03-10 12:33:39.639519 >> None
(ENTRY #28) 2022-03-10 12:33:39.639519 >> None
(ENTRY #29) 2022-03-10 12:33:39.639519 >> None
(ENTRY #30) 2022-03-10 12:33:39.645531 >> Cloud created! ID: #1
(ENTRY #31) 2022-03-10 12:33:39.645531 >> MOUSEPOS: (450.0, 449.75)
(ENTRY #32) 2022-03-10 12:33:39.645531 >> SLOPE CALC:None
(ENTRY #33) 2022-03-10 12:33:39.645531 >> Object lightRound has been created!
(ENTRY #34) 2022-03-10 12:33:39.645531 >> Protectile #2 has been created! Type: Light
(ENTRY #35) 2022-03-10 12:33:39.646530 >> Projectile created! ID: #2
(ENTRY #36) 2022-03-10 12:33:39.646530 >> MOUSEPOS: (450.0, 449.75)
(ENTRY #37) 2022-03-10 12:33:39.646530 >> SLOPE CALC:None
(ENTRY #38) 2022-03-10 12:33:39.646530 >> Object lightRound has been created!
(ENTRY #39) 2022-03-10 12:33:39.646530 >> Protectile #4 has been created! Type: Light
(ENTRY #40) 2022-03-10 12:33:39.646530 >> Projectile created! ID: #4
(ENTRY #41) 2022-03-10 12:33:39.646530 >> MOUSEPOS: (450.0, 449.75)
(ENTRY #42) 2022-03-10 12:33:39.646530 >> SLOPE CALC:None
(ENTRY #43) 2022-03-10 12:33:39.646530 >> Object lightRound has been created!
(ENTRY #44) 2022-03-10 12:33:39.647529 >> Protectile #6 has been created! Type: Light
(ENTRY #45) 2022-03-10 12:33:39.647529 >> Projectile created! ID: #6
(ENTRY #46) 2022-03-10 12:33:39.647529 >> MOUSEPOS: (450.0, 449.75)
(ENTRY #47) 2022-03-10 12:33:39.647529 >> SLOPE CALC:None
(ENTRY #48) 2022-03-10 12:33:39.647529 >> Object lightRound has been created!
(ENTRY #49) 2022-03-10 12:33:39.647529 >> Protectile #8 has been created! Type: Light
(ENTRY #50) 2022-03-10 12:33:39.647529 >> Projectile created! ID: #8
(ENTRY #51) 2022-03-10 12:33:39.647529 >> MOUSEPOS: (450.0, 449.75)
(ENTRY #52) 2022-03-10 12:33:39.647529 >> SLOPE CALC:None
(ENTRY #53) 2022-03-10 12:33:39.647529 >> Object lightRound has been created!
(ENTRY #54) 2022-03-10 12:33:39.648530 >> Protectile #10 has been created! Type: Light
(ENTRY #55) 2022-03-10 12:33:39.648530 >> Projectile created! ID: #10
(ENTRY #56) 2022-03-10 12:33:39.648530 >> MOUSEPOS: (450.0, 449.0)
(ENTRY #57) 2022-03-10 12:33:39.648530 >> SLOPE CALC:None
(ENTRY #58) 2022-03-10 12:33:39.648530 >> Object lightRound has been created!
(ENTRY #59) 2022-03-10 12:33:39.648530 >> Protectile #12 has been created! Type: Light
(ENTRY #60) 2022-03-10 12:33:39.648530 >> Projectile created! ID: #12
(ENTRY #61) 2022-03-10 12:33:39.648530 >> MOUSEPOS: (450.0, 449.0)
(ENTRY #62) 2022-03-10 12:33:39.648530 >> SLOPE CALC:None
(ENTRY #63) 2022-03-10 12:33:39.649529 >> Object lightRound has been created!
(ENTRY #64) 2022-03-10 12:33:39.649529 >> Protectile #14 has been created! Type: Light
(ENTRY #65) 2022-03-10 12:33:39.649529 >> Projectile created! ID: #14
(ENTRY #66) 2022-03-10 12:33:39.649529 >> MOUSEPOS: (450.0, 449.0)
(ENTRY #67) 2022-03-10 12:33:39.649529 >> SLOPE CALC:None
(ENTRY #68) 2022-03-10 12:33:39.649529 >> Object lightRound has been created!
(ENTRY #69) 2022-03-10 12:33:39.650530 >> Protectile #16 has been created! Type: Light
(ENTRY #70) 2022-03-10 12:33:39.650530 >> Projectile created! ID: #16
(ENTRY #71) 2022-03-10 12:33:39.650530 >> MOUSEPOS: (450.0, 449.0)
(ENTRY #72) 2022-03-10 12:33:39.650530 >> SLOPE CALC:None
(ENTRY #73) 2022-03-10 12:33:39.650530 >> Object lightRound has been created!
(ENTRY #74) 2022-03-10 12:33:39.650530 >> Protectile #18 has been created! Type: Light
(ENTRY #75) 2022-03-10 12:33:39.650530 >> Projectile created! ID: #18
(ENTRY #76) 2022-03-10 12:33:39.650530 >> MOUSEPOS: (450.0, 449.0)
(ENTRY #77) 2022-03-10 12:33:39.650530 >> SLOPE CALC:None
(ENTRY #78) 2022-03-10 12:33:39.650530 >> Object lightRound has been created!
(ENTRY #79) 2022-03-10 12:33:39.651529 >> Protectile #20 has been created! Type: Light
(ENTRY #80) 2022-03-10 12:33:39.651529 >> Projectile created! ID: #20
(ENTRY #81) 2022-03-10 12:33:39.651529 >> entity_1_0 and entity_1_1 have collided!
(ENTRY #82) 2022-03-10 12:33:39.651529 >> entity_1_0 and entity_1_2 have collided!
(ENTRY #83) 2022-03-10 12:33:39.651529 >> entity_1_0 and entity_1_3 have collided!
(ENTRY #84) 2022-03-10 12:33:39.651529 >> entity_1_0 and entity_1_4 have collided!
(ENTRY #85) 2022-03-10 12:33:39.651529 >> entity_1_0 and entity_2_0 have collided!
(ENTRY #86) 2022-03-10 12:33:39.651529 >> entity_1_0 and entity_2_1 have collided!
(ENTRY #87) 2022-03-10 12:33:39.651529 >> entity_1_0 and entity_2_2 have collided!
(ENTRY #88) 2022-03-10 12:33:39.651529 >> entity_1_0 and entity_2_3 have collided!
(ENTRY #89) 2022-03-10 12:33:39.651529 >> entity_1_0 and entity_2_4 have collided!
(ENTRY #90) 2022-03-10 12:33:39.651529 >> entity_1_1 and entity_1_0 have collided!
(ENTRY #91) 2022-03-10 12:33:39.651529 >> entity_1_1 and entity_1_2 have collided!
(ENTRY #92) 2022-03-10 12:33:39.651529 >> entity_1_1 and entity_1_3 have collided!
(ENTRY #93) 2022-03-10 12:33:39.651529 >> entity_1_1 and entity_1_4 have collided!
(ENTRY #94) 2022-03-10 12:33:39.651529 >> entity_1_1 and entity_2_0 have collided!
(ENTRY #95) 2022-03-10 12:33:39.651529 >> entity_1_1 and entity_2_1 have collided!
(ENTRY #96) 2022-03-10 12:33:39.651529 >> entity_1_1 and entity_2_2 have collided!
(ENTRY #97) 2022-03-10 12:33:39.651529 >> entity_1_1 and entity_2_3 have collided!
(ENTRY #98) 2022-03-10 12:33:39.651529 >> entity_1_1 and entity_2_4 have collided!
(ENTRY #99) 2022-03-10 12:33:39.651529 >> entity_1_2 and entity_1_0 have collided!
(ENTRY #100) 2022-03-10 12:33:39.651529 >> entity_1_2 and entity_1_1 have collided!
(ENTRY #101) 2022-03-10 12:33:39.651529 >> entity_1_2 and entity_1_3 have collided!
(ENTRY #102) 2022-03-10 12:33:39.651529 >> entity_1_2 and entity_1_4 have collided!
(ENTRY #103) 2022-03-10 12:33:39.651529 >> entity_1_2 and entity_2_0 have collided!
(ENTRY #104) 2022-03-10 12:33:39.651529 >> entity_1_2 and entity_2_1 have collided!
(ENTRY #105) 2022-03-10 12:33:39.651529 >> entity_1_2 and entity_2_2 have collided!
(ENTRY #106) 2022-03-10 12:33:39.651529 >> entity_1_2 and entity_2_3 have collided!
(ENTRY #107) 2022-03-10 12:33:39.651529 >> entity_1_2 and entity_2_4 have collided!
(ENTRY #108) 2022-03-10 12:33:39.651529 >> entity_1_3 and entity_1_0 have collided!
(ENTRY #109) 2022-03-10 12:33:39.651529 >> entity_1_3 and entity_1_1 have collided!
(ENTRY #110) 2022-03-10 12:33:39.651529 >> entity_1_3 and entity_1_2 have collided!
(ENTRY #111) 2022-03-10 12:33:39.651529 >> entity_1_3 and entity_1_4 have collided!
(ENTRY #112) 2022-03-10 12:33:39.651529 >> entity_1_3 and entity_2_0 have collided!
(ENTRY #113) 2022-03-10 12:33:39.651529 >> entity_1_3 and entity_2_1 have collided!
(ENTRY #114) 2022-03-10 12:33:39.651529 >> entity_1_3 and entity_2_2 have collided!
(ENTRY #115) 2022-03-10 12:33:39.651529 >> entity_1_3 and entity_2_3 have collided!
(ENTRY #116) 2022-03-10 12:33:39.651529 >> entity_1_3 and entity_2_4 have collided!
(ENTRY #117) 2022-03-10 12:33:39.651529 >> entity_1_4 and entity_1_0 have collided!
(ENTRY #118) 2022-03-10 12:33:39.651529 >> entity_1_4 and entity_1_1 have collided!
(ENTRY #119) 2022-03-10 12:33:39.651529 >> entity_1_4 and entity_1_2 have collided!
(ENTRY #120) 2022-03-10 12:33:39.651529 >> entity_1_4 and entity_1_3 have collided!
(ENTRY #121) 2022-03-10 12:33:39.651529 >> entity_1_4 and entity_2_0 have collided!
(ENTRY #122) 2022-03-10 12:33:39.651529 >> entity_1_4 and entity_2_1 have collided!
(ENTRY #123) 2022-03-10 12:33:39.651529 >> entity_1_4 and entity_2_2 have collided!
(ENTRY #124) 2022-03-10 12:33:39.651529 >> entity_1_4 and entity_2_3 have collided!
(ENTRY #125) 2022-03-10 12:33:39.651529 >> entity_1_4 and entity_2_4 have collided!
(ENTRY #126) 2022-03-10 12:33:39.651529 >> entity_2_0 and entity_1_0 have collided!
(ENTRY #127) 2022-03-10 12:33:39.651529 >> entity_2_0 and entity_1_1 have collided!
(ENTRY #128) 2022-03-10 12:33:39.651529 >> entity_2_0 and entity_1_2 have collided!
(ENTRY #129) 2022-03-10 12:33:39.651529 >> entity_2_0 and entity_1_3 have collided!
(ENTRY #130) 2022-03-10 12:33:39.651529 >> entity_2_0 and entity_1_4 have collided!
(ENTRY #131) 2022-03-10 12:33:39.651529 >> entity_2_0 and entity_2_1 have collided!
(ENTRY #132) 2022-03-10 12:33:39.651529 >> entity_2_0 and entity_2_2 have collided!
(ENTRY #133) 2022-03-10 12:33:39.651529 >> entity_2_0 and entity_2_3 have collided!
(ENTRY #134) 2022-03-10 12:33:39.651529 >> entity_2_0 and entity_2_4 have collided!
(ENTRY #135) 2022-03-10 12:33:39.651529 >> entity_2_1 and entity_1_0 have collided!
(ENTRY #136) 2022-03-10 12:33:39.651529 >> entity_2_1 and entity_1_1 have collided!
(ENTRY #137) 2022-03-10 12:33:39.651529 >> entity_2_1 and entity_1_2 have collided!
(ENTRY #138) 2022-03-10 12:33:39.651529 >> entity_2_1 and entity_1_3 have collided!
(ENTRY #139) 2022-03-10 12:33:39.651529 >> entity_2_1 and entity_1_4 have collided!
(ENTRY #140) 2022-03-10 12:33:39.651529 >> entity_2_1 and entity_2_0 have collided!
(ENTRY #141) 2022-03-10 12:33:39.651529 >> entity_2_1 and entity_2_2 have collided!
(ENTRY #142) 2022-03-10 12:33:39.651529 >> entity_2_1 and entity_2_3 have collided!
(ENTRY #143) 2022-03-10 12:33:39.652526 >> entity_2_1 and entity_2_4 have collided!
(ENTRY #144) 2022-03-10 12:33:39.652526 >> entity_2_2 and entity_1_0 have collided!
(ENTRY #145) 2022-03-10 12:33:39.652526 >> entity_2_2 and entity_1_1 have collided!
(ENTRY #146) 2022-03-10 12:33:39.652526 >> entity_2_2 and entity_1_2 have collided!
(ENTRY #147) 2022-03-10 12:33:39.652526 >> entity_2_2 and entity_1_3 have collided!
(ENTRY #148) 2022-03-10 12:33:39.652526 >> entity_2_2 and entity_1_4 have collided!
(ENTRY #149) 2022-03-10 12:33:39.652526 >> entity_2_2 and entity_2_0 have collided!
(ENTRY #150) 2022-03-10 12:33:39.652526 >> entity_2_2 and entity_2_1 have collided!
(ENTRY #151) 2022-03-10 12:33:39.652526 >> entity_2_2 and entity_2_3 have collided!
(ENTRY #152) 2022-03-10 12:33:39.652526 >> entity_2_2 and entity_2_4 have collided!
(ENTRY #153) 2022-03-10 12:33:39.652526 >> entity_2_3 and entity_1_0 have collided!
(ENTRY #154) 2022-03-10 12:33:39.652526 >> entity_2_3 and entity_1_1 have collided!
(ENTRY #155) 2022-03-10 12:33:39.652526 >> entity_2_3 and entity_1_2 have collided!
(ENTRY #156) 2022-03-10 12:33:39.652526 >> entity_2_3 and entity_1_3 have collided!
(ENTRY #157) 2022-03-10 12:33:39.652526 >> entity_2_3 and entity_1_4 have collided!
(ENTRY #158) 2022-03-10 12:33:39.652526 >> entity_2_3 and entity_2_0 have collided!
(ENTRY #159) 2022-03-10 12:33:39.652526 >> entity_2_3 and entity_2_1 have collided!
(ENTRY #160) 2022-03-10 12:33:39.652526 >> entity_2_3 and entity_2_2 have collided!
(ENTRY #161) 2022-03-10 12:33:39.652526 >> entity_2_3 and entity_2_4 have collided!
(ENTRY #162) 2022-03-10 12:33:39.652526 >> entity_2_4 and entity_1_0 have collided!
(ENTRY #163) 2022-03-10 12:33:39.652526 >> entity_2_4 and entity_1_1 have collided!
(ENTRY #164) 2022-03-10 12:33:39.652526 >> entity_2_4 and entity_1_2 have collided!
(ENTRY #165) 2022-03-10 12:33:39.652526 >> entity_2_4 and entity_1_3 have collided!
(ENTRY #166) 2022-03-10 12:33:39.652526 >> entity_2_4 and entity_1_4 have collided!
(ENTRY #167) 2022-03-10 12:33:39.652526 >> entity_2_4 and entity_2_0 have collided!
(ENTRY #168) 2022-03-10 12:33:39.652526 >> entity_2_4 and entity_2_1 have collided!
(ENTRY #169) 2022-03-10 12:33:39.652526 >> entity_2_4 and entity_2_2 have collided!
(ENTRY #170) 2022-03-10 12:33:39.652526 >> entity_2_4 and entity_2_3 have collided!
(ENTRY #171) 2022-03-10 12:33:39.652526 >> Projectile has hit!
(ENTRY #172) 2022-03-10 12:33:39.652526 >> Projectile has hit!
(ENTRY #173) 2022-03-10 12:33:39.652526 >> Projectile has hit!
(ENTRY #174) 2022-03-10 12:33:39.652526 >> Projectile has hit!
(ENTRY #175) 2022-03-10 12:33:39.652526 >> Projectile has hit!
(ENTRY #176) 2022-03-10 12:33:39.652526 >> Projectile has hit!
(ENTRY #177) 2022-03-10 12:33:39.652526 >> Projectile has hit!
(ENTRY #178) 2022-03-10 12:33:39.652526 >> Projectile has hit!
(ENTRY #179) 2022-03-10 12:33:39.652526 >> Projectile has hit!
(ENTRY #180) 2022-03-10 12:33:39.652526 >> Projectile has hit!
(ENTRY #181) 2022-03-10 12:33:39.652526 >> Projectile has hit!
(ENTRY #182) 2022-03-10 12:33:39.652526 >> Projectile has hit!
(ENTRY #183) 2022-03-10 12:33:39.652526 >> Projectile has hit!
(ENTRY #184) 2022-03-10 12:33:39.652526 >> Projectile has hit!
(ENTRY #185) 2022-03-10 12:33:39.652526 >> Projectile has hit!
(ENTRY #186) 2022-03-10 12:33:39.652526 >> Projectile has hit!
(ENTRY #187) 2022-03-10 12:33:39.652526 >> Projectile has hit!
(ENTRY #188) 2022-03-10 12:33:39.652526 >> Projectile has hit!
(ENTRY #189) 2022-03-10 12:33:39.652526 >> Projectile has hit!
(ENTRY #190) 2022-03-10 12:33:39.652526 >> Projectile has hit!
(ENTRY #191) 2022-03-10 12:33:39.652526 >> Projectile has hit!
(ENTRY #192) 2022-03-10 12:33:39.652526 >> Projectile has hit!
(ENTRY #193) 2022-03-10 12:33:39.652526 >> Projectile has hit!
(ENTRY #194) 2022-03-10 12:33:39.652526 >> Projectile has hit!
(ENTRY #195) 2022-03-10 12:33:39.652526 >> Projectile has hit!
(ENTRY #196) 2022-03-10 12:33:39.652526 >> Projectile has hit!
(ENTRY #197) 2022-03-10 12:33:39.652526 >> Projectile has hit!
(ENTRY #198) 2022-03-10 12:33:39.652526 >> Projectile has hit!
(ENTRY #199) 2022-03-10 12:33:39.652526 >> Projectile has hit!
(ENTRY #200) 2022-03-10 12:33:39.652526 >> Projectile has hit!
(ENTRY #201) 2022-03-10 12:33:39.652526 >> Projectile has hit!
(ENTRY #202) 2022-03-10 12:33:39.652526 >> Projectile has hit!
(ENTRY #203) 2022-03-10 12:33:39.652526 >> Projectile has hit!
(ENTRY #204) 2022-03-10 12:33:39.652526 >> Projectile has hit!
(ENTRY #205) 2022-03-10 12:33:39.652526 >> Projectile has hit!
(ENTRY #206) 2022-03-10 12:33:39.652526 >> Projectile has hit!
(ENTRY #207) 2022-03-10 12:33:39.652526 >> Projectile has hit!
(ENTRY #208) 2022-03-10 12:33:39.652526 >> Projectile has hit!
(ENTRY #209) 2022-03-10 12:33:39.653524 >> Projectile has hit!
(ENTRY #210) 2022-03-10 12:33:39.653524 >> Projectile has hit!
(ENTRY #211) 2022-03-10 12:33:39.653524 >> Projectile has hit!
(ENTRY #212) 2022-03-10 12:33:39.653524 >> Projectile has hit!
(ENTRY #213) 2022-03-10 12:33:39.653524 >> Projectile has hit!
(ENTRY #214) 2022-03-10 12:33:39.653524 >> Projectile has hit!
(ENTRY #215) 2022-03-10 12:33:39.653524 >> Projectile has hit!
(ENTRY #216) 2022-03-10 12:33:39.653524 >> Projectile has hit!
(ENTRY #217) 2022-03-10 12:33:39.653524 >> Projectile has hit!
(ENTRY #218) 2022-03-10 12:33:39.653524 >> Projectile has hit!
(ENTRY #219) 2022-03-10 12:33:39.653524 >> Projectile has hit!
(ENTRY #220) 2022-03-10 12:33:39.653524 >> Projectile has hit!
(ENTRY #221) 2022-03-10 12:33:39.653524 >> Projectile has hit!
(ENTRY #222) 2022-03-10 12:33:39.653524 >> Projectile has hit!
(ENTRY #223) 2022-03-10 12:33:39.653524 >> Projectile has hit!
(ENTRY #224) 2022-03-10 12:33:39.653524 >> Projectile has hit!
(ENTRY #225) 2022-03-10 12:33:39.653524 >> Projectile has hit!
(ENTRY #226) 2022-03-10 12:33:39.653524 >> Projectile has hit!
(ENTRY #227) 2022-03-10 12:33:39.653524 >> Projectile has hit!
(ENTRY #228) 2022-03-10 12:33:39.653524 >> Projectile has hit!
(ENTRY #229) 2022-03-10 12:33:39.653524 >> Projectile has hit!
(ENTRY #230) 2022-03-10 12:33:39.653524 >> Projectile has hit!
(ENTRY #231) 2022-03-10 12:33:39.653524 >> Projectile has hit!
(ENTRY #232) 2022-03-10 12:33:39.653524 >> Projectile has hit!
(ENTRY #233) 2022-03-10 12:33:39.653524 >> Projectile has hit!
(ENTRY #234) 2022-03-10 12:33:39.653524 >> Projectile has hit!
(ENTRY #235) 2022-03-10 12:33:39.653524 >> Projectile has hit!
(ENTRY #236) 2022-03-10 12:33:39.653524 >> Projectile has hit!
(ENTRY #237) 2022-03-10 12:33:39.653524 >> Projectile has hit!
(ENTRY #238) 2022-03-10 12:33:39.653524 >> Projectile has hit!
(ENTRY #239) 2022-03-10 12:33:39.653524 >> Projectile has hit!
(ENTRY #240) 2022-03-10 12:33:39.653524 >> Projectile has hit!
(ENTRY #241) 2022-03-10 12:33:39.653524 >> Projectile has hit!
(ENTRY #242) 2022-03-10 12:33:39.653524 >> Projectile has hit!
(ENTRY #243) 2022-03-10 12:33:39.653524 >> Projectile has hit!
(ENTRY #244) 2022-03-10 12:33:39.653524 >> Projectile has hit!
(ENTRY #245) 2022-03-10 12:33:39.653524 >> Projectile has hit!
(ENTRY #246) 2022-03-10 12:33:39.653524 >> Projectile has hit!
(ENTRY #247) 2022-03-10 12:33:39.653524 >> Projectile has hit!
(ENTRY #248) 2022-03-10 12:33:39.653524 >> Projectile has hit!
(ENTRY #249) 2022-03-10 12:33:39.653524 >> Projectile has hit!
(ENTRY #250) 2022-03-10 12:33:39.653524 >> Projectile has hit!
(ENTRY #251) 2022-03-10 12:33:39.653524 >> Projectile has hit!
(ENTRY #252) 2022-03-10 12:33:39.653524 >> Projectile has hit!
(ENTRY #253) 2022-03-10 12:33:39.653524 >> Projectile has hit!
(ENTRY #254) 2022-03-10 12:33:39.653524 >> Projectile has hit!
(ENTRY #255) 2022-03-10 12:33:39.653524 >> Projectile has hit!
(ENTRY #256) 2022-03-10 12:33:39.653524 >> Projectile has hit!
(ENTRY #257) 2022-03-10 12:33:39.653524 >> Projectile has hit!
(ENTRY #258) 2022-03-10 12:33:39.653524 >> Projectile has hit!
(ENTRY #259) 2022-03-10 12:33:39.653524 >> Projectile has hit!
(ENTRY #260) 2022-03-10 12:33:39.653524 >> Projectile has hit!
(ENTRY #261) 2022-03-10 12:33:39.653524 >> Projectile removed!
(ENTRY #262) 2022-03-10 12:33:39.653524 >> Projectile removed!
(ENTRY #263) 2022-03-10 12:33:39.653524 >> Projectile removed!
(ENTRY #264) 2022-03-10 12:33:39.653524 >> Projectile removed!
(ENTRY #265) 2022-03-10 12:33:39.653524 >> Projectile removed!
(ENTRY #266) 2022-03-10 12:33:39.653524 >> Projectile removed!
(ENTRY #267) 2022-03-10 12:33:39.653524 >> Projectile removed!
(ENTRY #268) 2022-03-10 12:33:39.653524 >> Projectile removed!
(ENTRY #269) 2022-03-10 12:33:39.653524 >> Projectile removed!
(ENTRY #270) 2022-03-10 12:33:39.653524 >> Projectile removed!
(ENTRY #271) 2022-03-10 12:33:39.775877 >> Game resumed!
(ENTRY #272) 2022-03-10 12:33:39.778873 >> Game resumed!
(ENTRY #273) 2022-03-10 12:33:40.250757 >> MOUSEPOS: (458, 308)
(ENTRY #274) 2022-03-10 12:33:40.250757 >> SLOPE CALC:None
(ENTRY #275) 2022-03-10 12:33:40.250757 >> LIN CALC FIN: 84.14065248521774
(ENTRY #276) 2022-03-10 12:33:40.250757 >> LIN CALC RAW: 815.8593475147823
(ENTRY #277) 2022-03-10 12:33:40.250757 >> Below!
(ENTRY #278) 2022-03-10 12:33:40.250757 >> Object lightRound has been created!
(ENTRY #279) 2022-03-10 12:33:40.250757 >> Protectile #22 has been created! Type: Light
(ENTRY #280) 2022-03-10 12:33:40.250757 >> Projectile created! ID: #22
(ENTRY #281) 2022-03-10 12:33:40.662963 >> Cloud created! ID: #2
(ENTRY #282) 2022-03-10 12:33:40.941744 >> MOUSEPOS: (458, 308)
(ENTRY #283) 2022-03-10 12:33:40.941744 >> SLOPE CALC:None
(ENTRY #284) 2022-03-10 12:33:40.941744 >> LIN CALC FIN: 75.65936413018017
(ENTRY #285) 2022-03-10 12:33:40.941744 >> LIN CALC RAW: 824.3406358698198
(ENTRY #286) 2022-03-10 12:33:40.941744 >> Below!
(ENTRY #287) 2022-03-10 12:33:41.331442 >> MOUSEPOS: (458, 308)
(ENTRY #288) 2022-03-10 12:33:41.331442 >> SLOPE CALC:None
(ENTRY #289) 2022-03-10 12:33:41.332448 >> LIN CALC FIN: 72.1627849485368
(ENTRY #290) 2022-03-10 12:33:41.332448 >> LIN CALC RAW: 827.8372150514632
(ENTRY #291) 2022-03-10 12:33:41.332448 >> Below!
(ENTRY #292) 2022-03-10 12:33:41.332448 >> Object lightRound has been created!
(ENTRY #293) 2022-03-10 12:33:41.332448 >> Protectile #24 has been created! Type: Light
(ENTRY #294) 2022-03-10 12:33:41.332448 >> Projectile created! ID: #24
(ENTRY #295) 2022-03-10 12:33:41.664010 >> Cloud created! ID: #3
(ENTRY #296) 2022-03-10 12:33:42.680333 >> Cloud created! ID: #4
(ENTRY #297) 2022-03-10 12:33:43.864697 >> Cloud created! ID: #5
(ENTRY #298) 2022-03-10 12:33:44.921243 >> Cloud created! ID: #6
(ENTRY #299) 2022-03-10 12:33:45.961474 >> Cloud created! ID: #7
(ENTRY #300) 2022-03-10 12:33:46.050466 >> Projectile removed!
(ENTRY #301) 2022-03-10 12:33:46.975583 >> Cloud created! ID: #8
(ENTRY #302) 2022-03-10 12:33:47.035576 >> Projectile removed!
(ENTRY #303) 2022-03-10 12:33:47.992711 >> Cloud created! ID: #9
(ENTRY #304) 2022-03-10 12:33:49.077222 >> Cloud created! ID: #10
(ENTRY #305) 2022-03-10 12:33:50.098978 >> Cloud created! ID: #11
(ENTRY #306) 2022-03-10 12:33:51.162445 >> Cloud created! ID: #12
(ENTRY #307) 2022-03-10 12:33:52.178793 >> Cloud created! ID: #13
(ENTRY #308) 2022-03-10 12:33:53.214898 >> Cloud created! ID: #14
(ENTRY #309) 2022-03-10 12:33:54.266009 >> Cloud created! ID: #15
(ENTRY #310) 2022-03-10 12:33:55.371077 >> Cloud created! ID: #16
(ENTRY #311) 2022-03-10 12:33:55.692814 >> Cloud removed! ID: #16
(ENTRY #312) 2022-03-10 12:33:56.499783 >> Cloud created! ID: #17
(ENTRY #313) 2022-03-10 12:33:56.664045 >> Cloud removed! ID: #17
(ENTRY #314) 2022-03-10 12:33:57.505117 >> Cloud created! ID: #18
(ENTRY #315) 2022-03-10 12:33:57.602110 >> Cloud removed! ID: #18
(ENTRY #316) 2022-03-10 12:33:58.506319 >> Cloud created! ID: #19
(ENTRY #317) 2022-03-10 12:33:58.520381 >> Cloud removed! ID: #19
(ENTRY #318) 2022-03-10 12:33:59.568948 >> Cloud removed! ID: #19
(ENTRY #319) 2022-03-10 12:33:59.623364 >> Cloud created! ID: #20
(ENTRY #320) 2022-03-10 12:34:00.585300 >> Cloud removed! ID: #20
(ENTRY #321) 2022-03-10 12:34:00.735830 >> Cloud created! ID: #21
(ENTRY #322) 2022-03-10 12:34:01.514013 >> Cloud removed! ID: #21
(ENTRY #323) 2022-03-10 12:34:01.771045 >> Cloud created! ID: #22
(ENTRY #324) 2022-03-10 12:34:02.437275 >> Cloud removed! ID: #22
(ENTRY #325) 2022-03-10 12:34:02.771885 >> Cloud created! ID: #23
(ENTRY #326) 2022-03-10 12:34:03.403193 >> Cloud removed! ID: #23
(ENTRY #327) 2022-03-10 12:34:03.802167 >> Cloud created! ID: #24
(ENTRY #328) 2022-03-10 12:34:04.457860 >> Cloud removed! ID: #24
(ENTRY #329) 2022-03-10 12:34:04.840862 >> Cloud created! ID: #25
(ENTRY #330) 2022-03-10 12:34:05.441263 >> Cloud removed! ID: #25
(ENTRY #331) 2022-03-10 12:34:05.852986 >> Cloud created! ID: #26
(ENTRY #332) 2022-03-10 12:34:06.446177 >> Cloud removed! ID: #26
(ENTRY #333) 2022-03-10 12:34:06.985766 >> Cloud created! ID: #27
(ENTRY #334) 2022-03-10 12:34:07.438756 >> Cloud removed! ID: #27
(ENTRY #335) 2022-03-10 12:34:08.088828 >> Cloud created! ID: #28
(ENTRY #336) 2022-03-10 12:34:08.423368 >> Cloud removed! ID: #28
(ENTRY #337) 2022-03-10 12:34:09.183204 >> Cloud created! ID: #29
(ENTRY #338) 2022-03-10 12:34:09.425757 >> Cloud removed! ID: #29
(ENTRY #339) 2022-03-10 12:34:10.365151 >> Cloud created! ID: #30
(ENTRY #340) 2022-03-10 12:34:10.514322 >> Cloud removed! ID: #30
(ENTRY #341) 2022-03-10 12:34:11.389218 >> Cloud created! ID: #31
(ENTRY #342) 2022-03-10 12:34:11.604202 >> Cloud removed! ID: #31
(ENTRY #343) 2022-03-10 12:34:12.445209 >> Cloud created! ID: #32
(ENTRY #344) 2022-03-10 12:34:12.644152 >> Cloud removed! ID: #32
(ENTRY #345) 2022-03-10 12:34:13.622323 >> Cloud created! ID: #33
(ENTRY #346) 2022-03-10 12:34:13.650321 >> Cloud removed! ID: #33
(ENTRY #347) 2022-03-10 12:34:14.708139 >> Cloud created! ID: #34
(ENTRY #348) 2022-03-10 12:34:14.749134 >> Cloud removed! ID: #34
(ENTRY #349) 2022-03-10 12:34:15.720230 >> Cloud created! ID: #35
(ENTRY #350) 2022-03-10 12:34:15.831229 >> Cloud removed! ID: #35
(ENTRY #351) 2022-03-10 12:34:16.786182 >> Cloud created! ID: #36
(ENTRY #352) 2022-03-10 12:34:16.880183 >> Cloud removed! ID: #36
(ENTRY #353) 2022-03-10 12:34:17.840815 >> Cloud created! ID: #37
(ENTRY #354) 2022-03-10 12:34:17.882831 >> Cloud removed! ID: #37
(ENTRY #355) 2022-03-10 12:34:18.853740 >> Cloud created! ID: #38
(ENTRY #356) 2022-03-10 12:34:18.918736 >> Cloud removed! ID: #38
(ENTRY #357) 2022-03-10 12:34:20.011420 >> Cloud created! ID: #39
(ENTRY #358) 2022-03-10 12:34:20.119451 >> Cloud removed! ID: #39
(ENTRY #359) 2022-03-10 12:34:21.056573 >> Cloud created! ID: #40
(ENTRY #360) 2022-03-10 12:34:21.123540 >> Cloud removed! ID: #40
(ENTRY #361) 2022-03-10 12:34:22.106853 >> Cloud created! ID: #41
(ENTRY #362) 2022-03-10 12:34:22.230856 >> Cloud removed! ID: #41
(ENTRY #363) 2022-03-10 12:34:23.196004 >> Cloud created! ID: #42
(ENTRY #364) 2022-03-10 12:34:23.317080 >> Cloud removed! ID: #42
(ENTRY #365) 2022-03-10 12:34:24.211380 >> Cloud created! ID: #43
(ENTRY #366) 2022-03-10 12:34:24.436377 >> Cloud removed! ID: #43
(ENTRY #367) 2022-03-10 12:34:25.308560 >> Cloud created! ID: #44
(ENTRY #368) 2022-03-10 12:34:25.621003 >> Cloud removed! ID: #44
(ENTRY #369) 2022-03-10 12:34:26.310800 >> Cloud created! ID: #45
(ENTRY #370) 2022-03-10 12:34:26.659979 >> Cloud removed! ID: #45
(ENTRY #371) 2022-03-10 12:34:27.334685 >> Cloud created! ID: #46
(ENTRY #372) 2022-03-10 12:34:27.791981 >> Cloud removed! ID: #46
(ENTRY #373) 2022-03-10 12:34:28.433666 >> Cloud created! ID: #47
(ENTRY #374) 2022-03-10 12:34:28.924845 >> Cloud removed! ID: #47
(ENTRY #375) 2022-03-10 12:34:29.445984 >> Cloud created! ID: #48
(ENTRY #376) 2022-03-10 12:34:30.026483 >> Cloud removed! ID: #48
(ENTRY #377) 2022-03-10 12:34:30.626962 >> Cloud created! ID: #49
(ENTRY #378) 2022-03-10 12:34:31.054964 >> Cloud removed! ID: #49
(ENTRY #379) 2022-03-10 12:34:31.757787 >> Cloud created! ID: #50
(ENTRY #380) 2022-03-10 12:34:32.191436 >> Cloud removed! ID: #50
(ENTRY #381) 2022-03-10 12:34:32.770391 >> Cloud created! ID: #51
(ENTRY #382) 2022-03-10 12:34:33.285971 >> Cloud removed! ID: #51
(ENTRY #383) 2022-03-10 12:34:33.806649 >> Cloud created! ID: #52
(ENTRY #384) 2022-03-10 12:34:34.284086 >> Cloud removed! ID: #52
(ENTRY #385) 2022-03-10 12:34:34.842620 >> Cloud created! ID: #53
(ENTRY #386) 2022-03-10 12:34:35.253672 >> Cloud removed! ID: #53
(ENTRY #387) 2022-03-10 12:34:35.903492 >> Cloud created! ID: #54
(ENTRY #388) 2022-03-10 12:34:36.319493 >> Cloud removed! ID: #54
(ENTRY #389) 2022-03-10 12:34:36.956465 >> Cloud created! ID: #55
(ENTRY #390) 2022-03-10 12:34:37.437672 >> Cloud removed! ID: #55
(ENTRY #391) 2022-03-10 12:34:38.129301 >> Cloud created! ID: #56
(ENTRY #392) 2022-03-10 12:34:39.656747 >> Naval Warfare 2D Closed...
