Log for Naval Warfare 2D, intended for debugging purposes only! 

(ENTRY #1) 2022-03-10 18:48:09.667413 >> Initialized Log handler...
(ENTRY #2) 2022-03-10 18:48:10.958399 >> Initialized Warship handler...
(ENTRY #3) 2022-03-10 18:48:10.961393 >> Initialized Projectile handler...
(ENTRY #4) 2022-03-10 18:48:10.962400 >> Dumb-AI Entity created!
(ENTRY #5) 2022-03-10 18:48:10.964404 >> Dumb-AI Entity created!
(ENTRY #6) 2022-03-10 18:48:10.965395 >> Dumb-AI Entity created!
(ENTRY #7) 2022-03-10 18:48:10.969400 >> Dumb-AI Entity created!
(ENTRY #8) 2022-03-10 18:48:10.981411 >> Dumb-AI Entity created!
(ENTRY #9) 2022-03-10 18:48:10.994392 >> Dumb-AI Entity created!
(ENTRY #10) 2022-03-10 18:48:10.998414 >> Dumb-AI Entity created!
(ENTRY #11) 2022-03-10 18:48:11.011424 >> Dumb-AI Entity created!
(ENTRY #12) 2022-03-10 18:48:11.021394 >> Dumb-AI Entity created!
(ENTRY #13) 2022-03-10 18:48:11.030401 >> Dumb-AI Entity created!
(ENTRY #14) 2022-03-10 18:48:11.102005 >> Initialized GUI handler...
(ENTRY #15) 2022-03-10 18:48:11.103008 >> Starting Naval Warfare 2D...
(ENTRY #16) 2022-03-10 18:48:16.678550 >> Created Sprite for Player!
(ENTRY #17) 2022-03-10 18:48:16.678550 >> Finished initalizing!
(ENTRY #18) 2022-03-10 18:48:22.532508 >> Returning to menu!
(ENTRY #19) 2022-03-10 18:48:23.267902 >> Game resumed!
(ENTRY #20) 2022-03-10 18:48:23.288414 >> Cloud created! ID: #1
(ENTRY #21) 2022-03-10 18:48:23.288414 >> MOUSEPOS: (379.0, 528.75)
(ENTRY #22) 2022-03-10 18:48:23.288414 >> SLOPE CALC:None
(ENTRY #23) 2022-03-10 18:48:23.288414 >> LIN CALC FIN: 518.75
(ENTRY #24) 2022-03-10 18:48:23.288414 >> LIN CALC RAW: 381.25
(ENTRY #25) 2022-03-10 18:48:23.288414 >> Below!
(ENTRY #26) 2022-03-10 18:48:23.289414 >> Object lightRound has been created!
(ENTRY #27) 2022-03-10 18:48:23.289414 >> Protectile #2 has been created! Type: Light
(ENTRY #28) 2022-03-10 18:48:23.289414 >> Projectile created! ID: #2
(ENTRY #29) 2022-03-10 18:48:23.289414 >> MOUSEPOS: (311.0, 467.75)
(ENTRY #30) 2022-03-10 18:48:23.289414 >> SLOPE CALC:None
(ENTRY #31) 2022-03-10 18:48:23.289414 >> LIN CALC FIN: 440.75
(ENTRY #32) 2022-03-10 18:48:23.289414 >> LIN CALC RAW: 459.25
(ENTRY #33) 2022-03-10 18:48:23.289414 >> Below!
(ENTRY #34) 2022-03-10 18:48:23.289414 >> Object lightRound has been created!
(ENTRY #35) 2022-03-10 18:48:23.290414 >> Protectile #4 has been created! Type: Light
(ENTRY #36) 2022-03-10 18:48:23.290414 >> Projectile created! ID: #4
(ENTRY #37) 2022-03-10 18:48:23.290414 >> MOUSEPOS: (353.0, 484.75)
(ENTRY #38) 2022-03-10 18:48:23.290414 >> SLOPE CALC:None
(ENTRY #39) 2022-03-10 18:48:23.290414 >> LIN CALC FIN: 472.75
(ENTRY #40) 2022-03-10 18:48:23.290414 >> LIN CALC RAW: 427.25
(ENTRY #41) 2022-03-10 18:48:23.290414 >> Below!
(ENTRY #42) 2022-03-10 18:48:23.290414 >> Object lightRound has been created!
(ENTRY #43) 2022-03-10 18:48:23.290414 >> Protectile #6 has been created! Type: Light
(ENTRY #44) 2022-03-10 18:48:23.290414 >> Projectile created! ID: #6
(ENTRY #45) 2022-03-10 18:48:23.290414 >> MOUSEPOS: (441.0, 557.75)
(ENTRY #46) 2022-03-10 18:48:23.290414 >> SLOPE CALC:None
(ENTRY #47) 2022-03-10 18:48:23.290414 >> LIN CALC FIN: 550.75
(ENTRY #48) 2022-03-10 18:48:23.290414 >> LIN CALC RAW: 349.25
(ENTRY #49) 2022-03-10 18:48:23.290414 >> Below!
(ENTRY #50) 2022-03-10 18:48:23.290414 >> Object lightRound has been created!
(ENTRY #51) 2022-03-10 18:48:23.291724 >> Protectile #8 has been created! Type: Light
(ENTRY #52) 2022-03-10 18:48:23.291724 >> Projectile created! ID: #8
(ENTRY #53) 2022-03-10 18:48:23.291724 >> MOUSEPOS: (497.0, 590.75)
(ENTRY #54) 2022-03-10 18:48:23.291724 >> SLOPE CALC:None
(ENTRY #55) 2022-03-10 18:48:23.291724 >> LIN CALC FIN: 596.75
(ENTRY #56) 2022-03-10 18:48:23.291724 >> LIN CALC RAW: 303.25
(ENTRY #57) 2022-03-10 18:48:23.291724 >> Above!
(ENTRY #58) 2022-03-10 18:48:23.291724 >> Object lightRound has been created!
(ENTRY #59) 2022-03-10 18:48:23.292414 >> Protectile #10 has been created! Type: Light
(ENTRY #60) 2022-03-10 18:48:23.292414 >> Projectile created! ID: #10
(ENTRY #61) 2022-03-10 18:48:23.292414 >> MOUSEPOS: (443.0, 558.75)
(ENTRY #62) 2022-03-10 18:48:23.292414 >> SLOPE CALC:None
(ENTRY #63) 2022-03-10 18:48:23.292414 >> LIN CALC FIN: 476.0
(ENTRY #64) 2022-03-10 18:48:23.292414 >> LIN CALC RAW: 424.0
(ENTRY #65) 2022-03-10 18:48:23.292414 >> Below!
(ENTRY #66) 2022-03-10 18:48:23.292414 >> Object lightRound has been created!
(ENTRY #67) 2022-03-10 18:48:23.293414 >> Protectile #12 has been created! Type: Light
(ENTRY #68) 2022-03-10 18:48:23.293496 >> Projectile created! ID: #12
(ENTRY #69) 2022-03-10 18:48:23.293496 >> MOUSEPOS: (479.0, 510.0)
(ENTRY #70) 2022-03-10 18:48:23.293496 >> SLOPE CALC:None
(ENTRY #71) 2022-03-10 18:48:23.293496 >> LIN CALC FIN: 560.0
(ENTRY #72) 2022-03-10 18:48:23.293496 >> LIN CALC RAW: 340.0
(ENTRY #73) 2022-03-10 18:48:23.293496 >> Above!
(ENTRY #74) 2022-03-10 18:48:23.293496 >> Object lightRound has been created!
(ENTRY #75) 2022-03-10 18:48:23.293496 >> Protectile #14 has been created! Type: Light
(ENTRY #76) 2022-03-10 18:48:23.293496 >> Projectile created! ID: #14
(ENTRY #77) 2022-03-10 18:48:23.294380 >> MOUSEPOS: (555.0, 530.0)
(ENTRY #78) 2022-03-10 18:48:23.294380 >> SLOPE CALC:None
(ENTRY #79) 2022-03-10 18:48:23.294380 >> LIN CALC FIN: 604.0
(ENTRY #80) 2022-03-10 18:48:23.294380 >> LIN CALC RAW: 296.0
(ENTRY #81) 2022-03-10 18:48:23.294380 >> Above!
(ENTRY #82) 2022-03-10 18:48:23.294380 >> Object lightRound has been created!
(ENTRY #83) 2022-03-10 18:48:23.294380 >> Protectile #16 has been created! Type: Light
(ENTRY #84) 2022-03-10 18:48:23.294380 >> Projectile created! ID: #16
(ENTRY #85) 2022-03-10 18:48:23.295388 >> MOUSEPOS: (681.0, 550.0)
(ENTRY #86) 2022-03-10 18:48:23.295388 >> SLOPE CALC:None
(ENTRY #87) 2022-03-10 18:48:23.295388 >> LIN CALC FIN: 598.0
(ENTRY #88) 2022-03-10 18:48:23.295388 >> LIN CALC RAW: 302.0
(ENTRY #89) 2022-03-10 18:48:23.295388 >> Above!
(ENTRY #90) 2022-03-10 18:48:23.295388 >> Object lightRound has been created!
(ENTRY #91) 2022-03-10 18:48:23.295388 >> Protectile #18 has been created! Type: Light
(ENTRY #92) 2022-03-10 18:48:23.295388 >> Projectile created! ID: #18
(ENTRY #93) 2022-03-10 18:48:23.295388 >> MOUSEPOS: (775.0, 571.0)
(ENTRY #94) 2022-03-10 18:48:23.295388 >> SLOPE CALC:None
(ENTRY #95) 2022-03-10 18:48:23.295388 >> LIN CALC FIN: 624.0
(ENTRY #96) 2022-03-10 18:48:23.295388 >> LIN CALC RAW: 276.0
(ENTRY #97) 2022-03-10 18:48:23.295388 >> Above!
(ENTRY #98) 2022-03-10 18:48:23.295388 >> Object lightRound has been created!
(ENTRY #99) 2022-03-10 18:48:23.296382 >> Protectile #20 has been created! Type: Light
(ENTRY #100) 2022-03-10 18:48:23.296382 >> Projectile created! ID: #20
(ENTRY #101) 2022-03-10 18:48:23.711874 >> Projectile has hit!
(ENTRY #102) 2022-03-10 18:48:23.711874 >> Projectile removed!
(ENTRY #103) 2022-03-10 18:48:23.804101 >> Projectile has hit!
(ENTRY #104) 2022-03-10 18:48:23.804101 >> Projectile removed!
(ENTRY #105) 2022-03-10 18:48:23.869951 >> Projectile has hit!
(ENTRY #106) 2022-03-10 18:48:23.869951 >> Projectile removed!
(ENTRY #107) 2022-03-10 18:48:24.325248 >> Cloud created! ID: #2
(ENTRY #108) 2022-03-10 18:48:24.566473 >> Projectile has hit!
(ENTRY #109) 2022-03-10 18:48:24.566473 >> Projectile removed!
(ENTRY #110) 2022-03-10 18:48:24.995395 >> Projectile has hit!
(ENTRY #111) 2022-03-10 18:48:24.995395 >> Projectile removed!
(ENTRY #112) 2022-03-10 18:48:25.249775 >> entity_2_0 and entity_2_1 have collided!
(ENTRY #113) 2022-03-10 18:48:25.249775 >> entity_2_1 and entity_2_0 have collided!
(ENTRY #114) 2022-03-10 18:48:25.249775 >> entity_2_2 and entity_2_3 have collided!
(ENTRY #115) 2022-03-10 18:48:25.249775 >> entity_2_3 and entity_2_2 have collided!
(ENTRY #116) 2022-03-10 18:48:25.306302 >> MOUSEPOS: (385.4941122284269, 483.60285403833507)
(ENTRY #117) 2022-03-10 18:48:25.306302 >> SLOPE CALC:None
(ENTRY #118) 2022-03-10 18:48:25.306302 >> LIN CALC FIN: 498.5910784951888
(ENTRY #119) 2022-03-10 18:48:25.306302 >> LIN CALC RAW: 401.4089215048112
(ENTRY #120) 2022-03-10 18:48:25.306302 >> Above!
(ENTRY #121) 2022-03-10 18:48:25.306302 >> Object lightRound has been created!
(ENTRY #122) 2022-03-10 18:48:25.306302 >> Protectile #22 has been created! Type: Light
(ENTRY #123) 2022-03-10 18:48:25.306302 >> Projectile created! ID: #22
(ENTRY #124) 2022-03-10 18:48:25.306302 >> MOUSEPOS: (350.50588777157316, 449.60285403833507)
(ENTRY #125) 2022-03-10 18:48:25.306302 >> SLOPE CALC:None
(ENTRY #126) 2022-03-10 18:48:25.307302 >> LIN CALC FIN: 452.59107849518875
(ENTRY #127) 2022-03-10 18:48:25.307302 >> LIN CALC RAW: 447.40892150481125
(ENTRY #128) 2022-03-10 18:48:25.307302 >> Above!
(ENTRY #129) 2022-03-10 18:48:25.307302 >> Object lightRound has been created!
(ENTRY #130) 2022-03-10 18:48:25.307302 >> Protectile #24 has been created! Type: Light
(ENTRY #131) 2022-03-10 18:48:25.307302 >> Projectile created! ID: #24
(ENTRY #132) 2022-03-10 18:48:25.307302 >> MOUSEPOS: (371.4941122284269, 469.60285403833507)
(ENTRY #133) 2022-03-10 18:48:25.307302 >> SLOPE CALC:None
(ENTRY #134) 2022-03-10 18:48:25.307302 >> LIN CALC FIN: 473.6028540383354
(ENTRY #135) 2022-03-10 18:48:25.307302 >> LIN CALC RAW: 426.3971459616646
(ENTRY #136) 2022-03-10 18:48:25.307302 >> Above!
(ENTRY #137) 2022-03-10 18:48:25.307302 >> Object lightRound has been created!
(ENTRY #138) 2022-03-10 18:48:25.308302 >> Protectile #26 has been created! Type: Light
(ENTRY #139) 2022-03-10 18:48:25.308302 >> Projectile created! ID: #26
(ENTRY #140) 2022-03-10 18:48:25.308302 >> MOUSEPOS: (527.494112228427, 601.6028540383359)
(ENTRY #141) 2022-03-10 18:48:25.308302 >> SLOPE CALC:None
(ENTRY #142) 2022-03-10 18:48:25.308302 >> LIN CALC FIN: 619.6028540383359
(ENTRY #143) 2022-03-10 18:48:25.308302 >> LIN CALC RAW: 280.39714596166414
(ENTRY #144) 2022-03-10 18:48:25.308302 >> Above!
(ENTRY #145) 2022-03-10 18:48:25.308302 >> Object lightRound has been created!
(ENTRY #146) 2022-03-10 18:48:25.308302 >> Protectile #28 has been created! Type: Light
(ENTRY #147) 2022-03-10 18:48:25.308302 >> Projectile created! ID: #28
(ENTRY #148) 2022-03-10 18:48:25.308302 >> MOUSEPOS: (489.4941122284269, 541.6028540383359)
(ENTRY #149) 2022-03-10 18:48:25.308302 >> SLOPE CALC:None
(ENTRY #150) 2022-03-10 18:48:25.308302 >> LIN CALC FIN: 571.6028540383359
(ENTRY #151) 2022-03-10 18:48:25.308302 >> LIN CALC RAW: 328.39714596166414
(ENTRY #152) 2022-03-10 18:48:25.308302 >> Above!
(ENTRY #153) 2022-03-10 18:48:25.308302 >> Object lightRound has been created!
(ENTRY #154) 2022-03-10 18:48:25.309302 >> Protectile #30 has been created! Type: Light
(ENTRY #155) 2022-03-10 18:48:25.309302 >> Projectile created! ID: #30
(ENTRY #156) 2022-03-10 18:48:25.309302 >> MOUSEPOS: (498.4941122284269, 589.6028540383359)
(ENTRY #157) 2022-03-10 18:48:25.309302 >> SLOPE CALC:None
(ENTRY #158) 2022-03-10 18:48:25.309302 >> LIN CALC FIN: 784.293789472212
(ENTRY #159) 2022-03-10 18:48:25.309302 >> LIN CALC RAW: 115.70621052778802
(ENTRY #160) 2022-03-10 18:48:25.309302 >> Above!
(ENTRY #161) 2022-03-10 18:48:25.309302 >> Object lightRound has been created!
(ENTRY #162) 2022-03-10 18:48:25.310267 >> Protectile #32 has been created! Type: Light
(ENTRY #163) 2022-03-10 18:48:25.310267 >> Projectile created! ID: #32
(ENTRY #164) 2022-03-10 18:48:25.547661 >> Cloud created! ID: #3
(ENTRY #165) 2022-03-10 18:48:25.547661 >> Projectile has hit!
(ENTRY #166) 2022-03-10 18:48:25.547661 >> Projectile removed!
(ENTRY #167) 2022-03-10 18:48:25.613988 >> Projectile has hit!
(ENTRY #168) 2022-03-10 18:48:25.613988 >> Projectile removed!
(ENTRY #169) 2022-03-10 18:48:25.736070 >> Projectile has hit!
(ENTRY #170) 2022-03-10 18:48:25.736070 >> Projectile removed!
(ENTRY #171) 2022-03-10 18:48:25.799671 >> entity_1_0 and entity_1_1 have collided!
(ENTRY #172) 2022-03-10 18:48:25.799671 >> entity_1_1 and entity_1_0 have collided!
(ENTRY #173) 2022-03-10 18:48:26.588551 >> Cloud created! ID: #4
(ENTRY #174) 2022-03-10 18:48:27.254775 >> Projectile removed!
(ENTRY #175) 2022-03-10 18:48:27.311153 >> MOUSEPOS: (475.9497171480115, 538.2123641611578)
(ENTRY #176) 2022-03-10 18:48:27.311153 >> SLOPE CALC:None
(ENTRY #177) 2022-03-10 18:48:27.311153 >> LIN CALC FIN: 572.2123641611568
(ENTRY #178) 2022-03-10 18:48:27.311153 >> LIN CALC RAW: 327.78763583884324
(ENTRY #179) 2022-03-10 18:48:27.311153 >> Above!
(ENTRY #180) 2022-03-10 18:48:27.311153 >> Object lightRound has been created!
(ENTRY #181) 2022-03-10 18:48:27.311153 >> Protectile #34 has been created! Type: Light
(ENTRY #182) 2022-03-10 18:48:27.311153 >> Projectile created! ID: #34
(ENTRY #183) 2022-03-10 18:48:27.311153 >> MOUSEPOS: (511.9497171480115, 607.2123641611578)
(ENTRY #184) 2022-03-10 18:48:27.311153 >> SLOPE CALC:None
(ENTRY #185) 2022-03-10 18:48:27.311153 >> LIN CALC FIN: 598.2123641611578
(ENTRY #186) 2022-03-10 18:48:27.311153 >> LIN CALC RAW: 301.7876358388422
(ENTRY #187) 2022-03-10 18:48:27.311153 >> Below!
(ENTRY #188) 2022-03-10 18:48:27.311153 >> Object lightRound has been created!
(ENTRY #189) 2022-03-10 18:48:27.312155 >> Protectile #36 has been created! Type: Light
(ENTRY #190) 2022-03-10 18:48:27.312155 >> Projectile created! ID: #36
(ENTRY #191) 2022-03-10 18:48:27.312155 >> MOUSEPOS: (464.9497171480115, 562.2123641611578)
(ENTRY #192) 2022-03-10 18:48:27.312155 >> SLOPE CALC:None
(ENTRY #193) 2022-03-10 18:48:27.312155 >> LIN CALC FIN: 573.2123641611578
(ENTRY #194) 2022-03-10 18:48:27.312155 >> LIN CALC RAW: 326.7876358388422
(ENTRY #195) 2022-03-10 18:48:27.312155 >> Above!
(ENTRY #196) 2022-03-10 18:48:27.312155 >> Object lightRound has been created!
(ENTRY #197) 2022-03-10 18:48:27.312155 >> Protectile #38 has been created! Type: Light
(ENTRY #198) 2022-03-10 18:48:27.312155 >> Projectile created! ID: #38
(ENTRY #199) 2022-03-10 18:48:27.312155 >> MOUSEPOS: (501.9497171480115, 598.2123641611578)
(ENTRY #200) 2022-03-10 18:48:27.312155 >> SLOPE CALC:None
(ENTRY #201) 2022-03-10 18:48:27.312155 >> LIN CALC FIN: 653.5710361689652
(ENTRY #202) 2022-03-10 18:48:27.312155 >> LIN CALC RAW: 246.42896383103482
(ENTRY #203) 2022-03-10 18:48:27.312155 >> Above!
(ENTRY #204) 2022-03-10 18:48:27.312155 >> Object lightRound has been created!
(ENTRY #205) 2022-03-10 18:48:27.313155 >> Protectile #40 has been created! Type: Light
(ENTRY #206) 2022-03-10 18:48:27.313155 >> Projectile created! ID: #40
(ENTRY #207) 2022-03-10 18:48:27.566657 >> Projectile has hit!
(ENTRY #208) 2022-03-10 18:48:27.566657 >> Projectile removed!
(ENTRY #209) 2022-03-10 18:48:27.606651 >> Projectile has hit!
(ENTRY #210) 2022-03-10 18:48:27.606651 >> Projectile removed!
(ENTRY #211) 2022-03-10 18:48:27.664343 >> Cloud created! ID: #5
(ENTRY #212) 2022-03-10 18:48:27.996555 >> Projectile removed!
(ENTRY #213) 2022-03-10 18:48:28.807023 >> Cloud created! ID: #6
(ENTRY #214) 2022-03-10 18:48:29.318119 >> MOUSEPOS: (446.61730120981326, 541.833303865806)
(ENTRY #215) 2022-03-10 18:48:29.318119 >> SLOPE CALC:None
(ENTRY #216) 2022-03-10 18:48:29.318119 >> LIN CALC FIN: 552.8333038658054
(ENTRY #217) 2022-03-10 18:48:29.318119 >> LIN CALC RAW: 347.1666961341946
(ENTRY #218) 2022-03-10 18:48:29.318119 >> Above!
(ENTRY #219) 2022-03-10 18:48:29.318119 >> Object lightRound has been created!
(ENTRY #220) 2022-03-10 18:48:29.318119 >> Protectile #42 has been created! Type: Light
(ENTRY #221) 2022-03-10 18:48:29.319119 >> Projectile created! ID: #42
(ENTRY #222) 2022-03-10 18:48:29.319119 >> MOUSEPOS: (469.61730120981326, 586.8333038658058)
(ENTRY #223) 2022-03-10 18:48:29.319119 >> SLOPE CALC:None
(ENTRY #224) 2022-03-10 18:48:29.319119 >> LIN CALC FIN: 565.833303865806
(ENTRY #225) 2022-03-10 18:48:29.319119 >> LIN CALC RAW: 334.166696134194
(ENTRY #226) 2022-03-10 18:48:29.319119 >> Below!
(ENTRY #227) 2022-03-10 18:48:29.319119 >> Object lightRound has been created!
(ENTRY #228) 2022-03-10 18:48:29.319119 >> Protectile #44 has been created! Type: Light
(ENTRY #229) 2022-03-10 18:48:29.319119 >> Projectile created! ID: #44
(ENTRY #230) 2022-03-10 18:48:29.319119 >> MOUSEPOS: (442.61730120981326, 527.833303865806)
(ENTRY #231) 2022-03-10 18:48:29.319119 >> SLOPE CALC:None
(ENTRY #232) 2022-03-10 18:48:29.319119 >> LIN CALC FIN: 528.8333038658058
(ENTRY #233) 2022-03-10 18:48:29.319119 >> LIN CALC RAW: 371.16669613419424
(ENTRY #234) 2022-03-10 18:48:29.319119 >> Above!
(ENTRY #235) 2022-03-10 18:48:29.319119 >> Object lightRound has been created!
(ENTRY #236) 2022-03-10 18:48:29.320119 >> Protectile #46 has been created! Type: Light
(ENTRY #237) 2022-03-10 18:48:29.320119 >> Projectile created! ID: #46
(ENTRY #238) 2022-03-10 18:48:29.320119 >> MOUSEPOS: (474.61730120981326, 553.8333038658058)
(ENTRY #239) 2022-03-10 18:48:29.320119 >> SLOPE CALC:None
(ENTRY #240) 2022-03-10 18:48:29.320119 >> LIN CALC FIN: 554.2306591854677
(ENTRY #241) 2022-03-10 18:48:29.320119 >> LIN CALC RAW: 345.76934081453226
(ENTRY #242) 2022-03-10 18:48:29.320119 >> Above!
(ENTRY #243) 2022-03-10 18:48:29.320119 >> Object lightRound has been created!
(ENTRY #244) 2022-03-10 18:48:29.320119 >> Protectile #48 has been created! Type: Light
(ENTRY #245) 2022-03-10 18:48:29.320119 >> Projectile created! ID: #48
(ENTRY #246) 2022-03-10 18:48:29.340432 >> Projectile removed!
(ENTRY #247) 2022-03-10 18:48:29.584357 >> Projectile has hit!
(ENTRY #248) 2022-03-10 18:48:29.584357 >> Projectile removed!
(ENTRY #249) 2022-03-10 18:48:29.624957 >> Projectile has hit!
(ENTRY #250) 2022-03-10 18:48:29.624957 >> Projectile removed!
(ENTRY #251) 2022-03-10 18:48:29.664296 >> Projectile has hit!
(ENTRY #252) 2022-03-10 18:48:29.664296 >> Projectile removed!
(ENTRY #253) 2022-03-10 18:48:29.817455 >> Cloud created! ID: #7
(ENTRY #254) 2022-03-10 18:48:30.496333 >> Projectile removed!
(ENTRY #255) 2022-03-10 18:48:30.514006 >> Projectile removed!
(ENTRY #256) 2022-03-10 18:48:30.698035 >> Projectile removed!
(ENTRY #257) 2022-03-10 18:48:30.857589 >> Cloud created! ID: #8
(ENTRY #258) 2022-03-10 18:48:31.264767 >> Projectile removed!
(ENTRY #259) 2022-03-10 18:48:31.319768 >> MOUSEPOS: (389.969737662768, 524.0199289186099)
(ENTRY #260) 2022-03-10 18:48:31.319768 >> SLOPE CALC:None
(ENTRY #261) 2022-03-10 18:48:31.319768 >> LIN CALC FIN: 520.8092868221922
(ENTRY #262) 2022-03-10 18:48:31.319768 >> LIN CALC RAW: 379.19071317780777
(ENTRY #263) 2022-03-10 18:48:31.319768 >> Below!
(ENTRY #264) 2022-03-10 18:48:31.319768 >> Object lightRound has been created!
(ENTRY #265) 2022-03-10 18:48:31.320774 >> Protectile #50 has been created! Type: Light
(ENTRY #266) 2022-03-10 18:48:31.320774 >> Projectile created! ID: #50
(ENTRY #267) 2022-03-10 18:48:31.320774 >> MOUSEPOS: (379.6319185050017, 469.471467664426)
(ENTRY #268) 2022-03-10 18:48:31.320774 >> SLOPE CALC:None
(ENTRY #269) 2022-03-10 18:48:31.320774 >> LIN CALC FIN: 485.6821097608436
(ENTRY #270) 2022-03-10 18:48:31.320774 >> LIN CALC RAW: 414.3178902391564
(ENTRY #271) 2022-03-10 18:48:31.320774 >> Above!
(ENTRY #272) 2022-03-10 18:48:31.320774 >> Object lightRound has been created!
(ENTRY #273) 2022-03-10 18:48:31.320774 >> Protectile #52 has been created! Type: Light
(ENTRY #274) 2022-03-10 18:48:31.320774 >> Projectile created! ID: #52
(ENTRY #275) 2022-03-10 18:48:31.320774 >> MOUSEPOS: (426.969737662768, 541.0199289186099)
(ENTRY #276) 2022-03-10 18:48:31.320774 >> SLOPE CALC:None
(ENTRY #277) 2022-03-10 18:48:31.320774 >> LIN CALC FIN: 537.8092868221929
(ENTRY #278) 2022-03-10 18:48:31.320774 >> LIN CALC RAW: 362.1907131778071
(ENTRY #279) 2022-03-10 18:48:31.320774 >> Below!
(ENTRY #280) 2022-03-10 18:48:31.320774 >> Object lightRound has been created!
(ENTRY #281) 2022-03-10 18:48:31.321790 >> Protectile #54 has been created! Type: Light
(ENTRY #282) 2022-03-10 18:48:31.321790 >> Projectile created! ID: #54
(ENTRY #283) 2022-03-10 18:48:31.321790 >> MOUSEPOS: (399.969737662768, 539.0199289186099)
(ENTRY #284) 2022-03-10 18:48:31.321790 >> SLOPE CALC:None
(ENTRY #285) 2022-03-10 18:48:31.321790 >> LIN CALC FIN: 496.91780723761644
(ENTRY #286) 2022-03-10 18:48:31.321790 >> LIN CALC RAW: 403.08219276238356
(ENTRY #287) 2022-03-10 18:48:31.321790 >> Below!
(ENTRY #288) 2022-03-10 18:48:31.321790 >> Object lightRound has been created!
(ENTRY #289) 2022-03-10 18:48:31.321790 >> Protectile #56 has been created! Type: Light
(ENTRY #290) 2022-03-10 18:48:31.322771 >> Projectile created! ID: #56
(ENTRY #291) 2022-03-10 18:48:31.628990 >> Projectile has hit!
(ENTRY #292) 2022-03-10 18:48:31.628990 >> Projectile removed!
(ENTRY #293) 2022-03-10 18:48:31.950197 >> Cloud created! ID: #9
(ENTRY #294) 2022-03-10 18:48:32.006159 >> Projectile removed!
(ENTRY #295) 2022-03-10 18:48:32.398773 >> Projectile has hit!
(ENTRY #296) 2022-03-10 18:48:32.398773 >> Projectile removed!
(ENTRY #297) 2022-03-10 18:48:32.902103 >> Projectile removed!
(ENTRY #298) 2022-03-10 18:48:32.974093 >> Cloud created! ID: #10
(ENTRY #299) 2022-03-10 18:48:33.329027 >> MOUSEPOS: (372.0592494857737, 518.8098540271998)
(ENTRY #300) 2022-03-10 18:48:33.329027 >> SLOPE CALC:None
(ENTRY #301) 2022-03-10 18:48:33.329027 >> LIN CALC FIN: 538.1280290835975
(ENTRY #302) 2022-03-10 18:48:33.329027 >> LIN CALC RAW: 361.87197091640246
(ENTRY #303) 2022-03-10 18:48:33.329027 >> Above!
(ENTRY #304) 2022-03-10 18:48:33.329027 >> Object lightRound has been created!
(ENTRY #305) 2022-03-10 18:48:33.330021 >> Protectile #58 has been created! Type: Light
(ENTRY #306) 2022-03-10 18:48:33.330021 >> Projectile created! ID: #58
(ENTRY #307) 2022-03-10 18:48:33.330021 >> MOUSEPOS: (326.12307578312164, 506.1918553809454)
(ENTRY #308) 2022-03-10 18:48:33.330021 >> SLOPE CALC:None
(ENTRY #309) 2022-03-10 18:48:33.330021 >> LIN CALC FIN: 514.7460277298518
(ENTRY #310) 2022-03-10 18:48:33.330021 >> LIN CALC RAW: 385.2539722701482
(ENTRY #311) 2022-03-10 18:48:33.330021 >> Above!
(ENTRY #312) 2022-03-10 18:48:33.330021 >> Object lightRound has been created!
(ENTRY #313) 2022-03-10 18:48:33.331021 >> Protectile #60 has been created! Type: Light
(ENTRY #314) 2022-03-10 18:48:33.331021 >> Projectile created! ID: #60
(ENTRY #315) 2022-03-10 18:48:33.331021 >> MOUSEPOS: (400.0592494857737, 494.8098540271998)
(ENTRY #316) 2022-03-10 18:48:33.331021 >> SLOPE CALC:None
(ENTRY #317) 2022-03-10 18:48:33.331021 >> LIN CALC FIN: 546.1280290835984
(ENTRY #318) 2022-03-10 18:48:33.331021 >> LIN CALC RAW: 353.87197091640155
(ENTRY #319) 2022-03-10 18:48:33.331021 >> Above!
(ENTRY #320) 2022-03-10 18:48:33.331021 >> Object lightRound has been created!
(ENTRY #321) 2022-03-10 18:48:33.331021 >> Protectile #62 has been created! Type: Light
(ENTRY #322) 2022-03-10 18:48:33.331021 >> Projectile created! ID: #62
(ENTRY #323) 2022-03-10 18:48:33.331021 >> MOUSEPOS: (419.0592494857737, 487.8098540271998)
(ENTRY #324) 2022-03-10 18:48:33.331021 >> SLOPE CALC:None
(ENTRY #325) 2022-03-10 18:48:33.331021 >> LIN CALC FIN: 442.8539842398728
(ENTRY #326) 2022-03-10 18:48:33.331021 >> LIN CALC RAW: 457.1460157601272
(ENTRY #327) 2022-03-10 18:48:33.331021 >> Below!
(ENTRY #328) 2022-03-10 18:48:33.331021 >> Object lightRound has been created!
(ENTRY #329) 2022-03-10 18:48:33.332021 >> Protectile #64 has been created! Type: Light
(ENTRY #330) 2022-03-10 18:48:33.332021 >> Projectile created! ID: #64
(ENTRY #331) 2022-03-10 18:48:34.020265 >> Cloud created! ID: #11
(ENTRY #332) 2022-03-10 18:48:34.215162 >> Projectile has hit!
(ENTRY #333) 2022-03-10 18:48:34.215162 >> Projectile removed!
(ENTRY #334) 2022-03-10 18:48:34.904044 >> Projectile has hit!
(ENTRY #335) 2022-03-10 18:48:34.904044 >> Projectile removed!
(ENTRY #336) 2022-03-10 18:48:34.960614 >> Projectile removed!
(ENTRY #337) 2022-03-10 18:48:35.144630 >> Cloud created! ID: #12
(ENTRY #338) 2022-03-10 18:48:35.343097 >> MOUSEPOS: (395.7754206024699, 449.996849939723)
(ENTRY #339) 2022-03-10 18:48:35.343097 >> SLOPE CALC:None
(ENTRY #340) 2022-03-10 18:48:35.343097 >> LIN CALC FIN: 389.9067072506824
(ENTRY #341) 2022-03-10 18:48:35.343097 >> LIN CALC RAW: 510.0932927493176
(ENTRY #342) 2022-03-10 18:48:35.343097 >> Below!
(ENTRY #343) 2022-03-10 18:48:35.343097 >> Object lightRound has been created!
(ENTRY #344) 2022-03-10 18:48:35.343097 >> Protectile #66 has been created! Type: Light
(ENTRY #345) 2022-03-10 18:48:35.343097 >> Projectile created! ID: #66
(ENTRY #346) 2022-03-10 18:48:35.343097 >> MOUSEPOS: (340.4842056069739, 522.1979222461785)
(ENTRY #347) 2022-03-10 18:48:35.343097 >> SLOPE CALC:None
(ENTRY #348) 2022-03-10 18:48:35.344126 >> LIN CALC FIN: 471.28806493521904
(ENTRY #349) 2022-03-10 18:48:35.344126 >> LIN CALC RAW: 428.71193506478096
(ENTRY #350) 2022-03-10 18:48:35.344126 >> Below!
(ENTRY #351) 2022-03-10 18:48:35.344126 >> Object lightRound has been created!
(ENTRY #352) 2022-03-10 18:48:35.344126 >> Protectile #68 has been created! Type: Light
(ENTRY #353) 2022-03-10 18:48:35.344126 >> Projectile created! ID: #68
(ENTRY #354) 2022-03-10 18:48:35.344126 >> MOUSEPOS: (338.4842056069739, 534.1979222461785)
(ENTRY #355) 2022-03-10 18:48:35.344126 >> SLOPE CALC:None
(ENTRY #356) 2022-03-10 18:48:35.344126 >> LIN CALC FIN: 521.1979222461796
(ENTRY #357) 2022-03-10 18:48:35.344126 >> LIN CALC RAW: 378.8020777538204
(ENTRY #358) 2022-03-10 18:48:35.344126 >> Below!
(ENTRY #359) 2022-03-10 18:48:35.344126 >> Object lightRound has been created!
(ENTRY #360) 2022-03-10 18:48:35.345125 >> Protectile #70 has been created! Type: Light
(ENTRY #361) 2022-03-10 18:48:35.345125 >> Projectile created! ID: #70
(ENTRY #362) 2022-03-10 18:48:35.345125 >> MOUSEPOS: (384.7754206024699, 443.996849939723)
(ENTRY #363) 2022-03-10 18:48:35.345125 >> SLOPE CALC:None
(ENTRY #364) 2022-03-10 18:48:35.345125 >> LIN CALC FIN: 467.33060619237244
(ENTRY #365) 2022-03-10 18:48:35.345125 >> LIN CALC RAW: 432.66939380762756
(ENTRY #366) 2022-03-10 18:48:35.345125 >> Above!
(ENTRY #367) 2022-03-10 18:48:35.345125 >> Object lightRound has been created!
(ENTRY #368) 2022-03-10 18:48:35.345125 >> Protectile #72 has been created! Type: Light
(ENTRY #369) 2022-03-10 18:48:35.345125 >> Projectile created! ID: #72
(ENTRY #370) 2022-03-10 18:48:35.988782 >> Projectile removed!
(ENTRY #371) 2022-03-10 18:48:36.085243 >> Projectile has hit!
(ENTRY #372) 2022-03-10 18:48:36.085243 >> Projectile removed!
(ENTRY #373) 2022-03-10 18:48:36.198275 >> Projectile has hit!
(ENTRY #374) 2022-03-10 18:48:36.198275 >> Projectile removed!
(ENTRY #375) 2022-03-10 18:48:36.350279 >> Cloud created! ID: #13
(ENTRY #376) 2022-03-10 18:48:36.651179 >> Game resumed!
(ENTRY #377) 2022-03-10 18:48:36.656142 >> Game resumed!
(ENTRY #378) 2022-03-10 18:48:37.051853 >> Projectile removed!
(ENTRY #379) 2022-03-10 18:48:37.356629 >> MOUSEPOS: (393.12977344946626, 630.9426593490485)
(ENTRY #380) 2022-03-10 18:48:37.356629 >> SLOPE CALC:None
(ENTRY #381) 2022-03-10 18:48:37.356629 >> LIN CALC FIN: 627.2200622229417
(ENTRY #382) 2022-03-10 18:48:37.356629 >> LIN CALC RAW: 272.7799377770583
(ENTRY #383) 2022-03-10 18:48:37.356629 >> Below!
(ENTRY #384) 2022-03-10 18:48:37.356629 >> Object lightRound has been created!
(ENTRY #385) 2022-03-10 18:48:37.357630 >> Protectile #74 has been created! Type: Light
(ENTRY #386) 2022-03-10 18:48:37.357630 >> Projectile created! ID: #74
(ENTRY #387) 2022-03-10 18:48:37.357630 >> MOUSEPOS: (330.4097136063433, 563.5000023798187)
(ENTRY #388) 2022-03-10 18:48:37.357630 >> SLOPE CALC:None
(ENTRY #389) 2022-03-10 18:48:37.357630 >> LIN CALC FIN: 465.23079997219565
(ENTRY #390) 2022-03-10 18:48:37.357630 >> LIN CALC RAW: 434.76920002780435
(ENTRY #391) 2022-03-10 18:48:37.357630 >> Below!
(ENTRY #392) 2022-03-10 18:48:37.357630 >> Object lightRound has been created!
(ENTRY #393) 2022-03-10 18:48:37.357630 >> Protectile #76 has been created! Type: Light
(ENTRY #394) 2022-03-10 18:48:37.357630 >> Projectile created! ID: #76
(ENTRY #395) 2022-03-10 18:48:37.357630 >> MOUSEPOS: (300.4097136063433, 525.5000023798187)
(ENTRY #396) 2022-03-10 18:48:37.357630 >> SLOPE CALC:None
(ENTRY #397) 2022-03-10 18:48:37.357630 >> LIN CALC FIN: 519.2225995059256
(ENTRY #398) 2022-03-10 18:48:37.357630 >> LIN CALC RAW: 380.7774004940744
(ENTRY #399) 2022-03-10 18:48:37.357630 >> Below!
(ENTRY #400) 2022-03-10 18:48:37.357630 >> Object lightRound has been created!
(ENTRY #401) 2022-03-10 18:48:37.358630 >> Protectile #78 has been created! Type: Light
(ENTRY #402) 2022-03-10 18:48:37.358630 >> Projectile created! ID: #78
(ENTRY #403) 2022-03-10 18:48:37.358630 >> MOUSEPOS: (388.24704375764514, 464.39346982089376)
(ENTRY #404) 2022-03-10 18:48:37.358630 >> SLOPE CALC:None
(ENTRY #405) 2022-03-10 18:48:37.358630 >> LIN CALC FIN: 456.20121577185006
(ENTRY #406) 2022-03-10 18:48:37.358630 >> LIN CALC RAW: 443.79878422814994
(ENTRY #407) 2022-03-10 18:48:37.359630 >> Below!
(ENTRY #408) 2022-03-10 18:48:37.359630 >> Object lightRound has been created!
(ENTRY #409) 2022-03-10 18:48:37.359630 >> Protectile #80 has been created! Type: Light
(ENTRY #410) 2022-03-10 18:48:37.359630 >> Projectile created! ID: #80
(ENTRY #411) 2022-03-10 18:48:37.379418 >> Cloud created! ID: #14
(ENTRY #412) 2022-03-10 18:48:37.773843 >> Game resumed!
(ENTRY #413) 2022-03-10 18:48:38.039471 >> Projectile removed!
(ENTRY #414) 2022-03-10 18:48:38.079389 >> Projectile has hit!
(ENTRY #415) 2022-03-10 18:48:38.080390 >> Projectile removed!
(ENTRY #416) 2022-03-10 18:48:38.209187 >> Projectile has hit!
(ENTRY #417) 2022-03-10 18:48:38.209187 >> Projectile removed!
(ENTRY #418) 2022-03-10 18:48:38.467585 >> Cloud created! ID: #15
(ENTRY #419) 2022-03-10 18:48:38.487591 >> Projectile removed!
(ENTRY #420) 2022-03-10 18:48:39.372680 >> MOUSEPOS: (370.71749048496537, 654.9359516160112)
(ENTRY #421) 2022-03-10 18:48:39.372680 >> SLOPE CALC:None
(ENTRY #422) 2022-03-10 18:48:39.372680 >> LIN CALC FIN: 623.9694509819053
(ENTRY #423) 2022-03-10 18:48:39.372680 >> LIN CALC RAW: 276.0305490180947
(ENTRY #424) 2022-03-10 18:48:39.372680 >> Below!
(ENTRY #425) 2022-03-10 18:48:39.372680 >> Object lightRound has been created!
(ENTRY #426) 2022-03-10 18:48:39.373714 >> Protectile #82 has been created! Type: Light
(ENTRY #427) 2022-03-10 18:48:39.373714 >> Projectile created! ID: #82
(ENTRY #428) 2022-03-10 18:48:39.373714 >> MOUSEPOS: (324.7239553554801, 578.97591585242)
(ENTRY #429) 2022-03-10 18:48:39.373714 >> SLOPE CALC:None
(ENTRY #430) 2022-03-10 18:48:39.373714 >> LIN CALC FIN: 470.76200693724576
(ENTRY #431) 2022-03-10 18:48:39.373714 >> LIN CALC RAW: 429.23799306275424
(ENTRY #432) 2022-03-10 18:48:39.373714 >> Below!
(ENTRY #433) 2022-03-10 18:48:39.373714 >> Object lightRound has been created!
(ENTRY #434) 2022-03-10 18:48:39.373714 >> Protectile #84 has been created! Type: Light
(ENTRY #435) 2022-03-10 18:48:39.374714 >> Projectile created! ID: #84
(ENTRY #436) 2022-03-10 18:48:39.374714 >> MOUSEPOS: (332.7239553554801, 592.97591585242)
(ENTRY #437) 2022-03-10 18:48:39.374714 >> SLOPE CALC:None
(ENTRY #438) 2022-03-10 18:48:39.374714 >> LIN CALC FIN: 585.9424164865259
(ENTRY #439) 2022-03-10 18:48:39.374714 >> LIN CALC RAW: 314.0575835134741
(ENTRY #440) 2022-03-10 18:48:39.374714 >> Below!
(ENTRY #441) 2022-03-10 18:48:39.374714 >> Object lightRound has been created!
(ENTRY #442) 2022-03-10 18:48:39.374714 >> Protectile #86 has been created! Type: Light
(ENTRY #443) 2022-03-10 18:48:39.374714 >> Projectile created! ID: #86
(ENTRY #444) 2022-03-10 18:48:39.374714 >> MOUSEPOS: (424.87992851260856, 422.60603378011723)
(ENTRY #445) 2022-03-10 18:48:39.374714 >> SLOPE CALC:None
(ENTRY #446) 2022-03-10 18:48:39.374714 >> LIN CALC FIN: 420.882950550326
(ENTRY #447) 2022-03-10 18:48:39.374714 >> LIN CALC RAW: 479.117049449674
(ENTRY #448) 2022-03-10 18:48:39.374714 >> Below!
(ENTRY #449) 2022-03-10 18:48:39.374714 >> Object lightRound has been created!
(ENTRY #450) 2022-03-10 18:48:39.375714 >> Protectile #88 has been created! Type: Light
(ENTRY #451) 2022-03-10 18:48:39.375714 >> Projectile created! ID: #88
(ENTRY #452) 2022-03-10 18:48:39.495139 >> Cloud created! ID: #16
(ENTRY #453) 2022-03-10 18:48:39.742187 >> Projectile has hit!
(ENTRY #454) 2022-03-10 18:48:39.742187 >> Projectile removed!
(ENTRY #455) 2022-03-10 18:48:39.860914 >> Projectile has hit!
(ENTRY #456) 2022-03-10 18:48:39.860914 >> Projectile removed!
(ENTRY #457) 2022-03-10 18:48:39.880725 >> Projectile has hit!
(ENTRY #458) 2022-03-10 18:48:39.880725 >> Projectile removed!
(ENTRY #459) 2022-03-10 18:48:39.975010 >> Projectile removed!
(ENTRY #460) 2022-03-10 18:48:40.652522 >> Cloud created! ID: #17
(ENTRY #461) 2022-03-10 18:48:40.866691 >> Projectile has hit!
(ENTRY #462) 2022-03-10 18:48:40.866691 >> Projectile removed!
(ENTRY #463) 2022-03-10 18:48:41.388026 >> MOUSEPOS: (366.0641037827387, 630.4625896731773)
(ENTRY #464) 2022-03-10 18:48:41.388026 >> SLOPE CALC:None
(ENTRY #465) 2022-03-10 18:48:41.389030 >> LIN CALC FIN: 623.8377287638876
(ENTRY #466) 2022-03-10 18:48:41.389030 >> LIN CALC RAW: 276.16227123611236
(ENTRY #467) 2022-03-10 18:48:41.389030 >> Below!
(ENTRY #468) 2022-03-10 18:48:41.389030 >> Object lightRound has been created!
(ENTRY #469) 2022-03-10 18:48:41.389030 >> Protectile #90 has been created! Type: Light
(ENTRY #470) 2022-03-10 18:48:41.389030 >> Projectile created! ID: #90
(ENTRY #471) 2022-03-10 18:48:41.389030 >> MOUSEPOS: (308.54982298250536, 573.3234479636543)
(ENTRY #472) 2022-03-10 18:48:41.389030 >> SLOPE CALC:None
(ENTRY #473) 2022-03-10 18:48:41.389030 >> LIN CALC FIN: 502.55855967534364
(ENTRY #474) 2022-03-10 18:48:41.389030 >> LIN CALC RAW: 397.44144032465636
(ENTRY #475) 2022-03-10 18:48:41.389030 >> Below!
(ENTRY #476) 2022-03-10 18:48:41.389030 >> Object lightRound has been created!
(ENTRY #477) 2022-03-10 18:48:41.390030 >> Protectile #92 has been created! Type: Light
(ENTRY #478) 2022-03-10 18:48:41.390030 >> Projectile created! ID: #92
(ENTRY #479) 2022-03-10 18:48:41.390030 >> MOUSEPOS: (317.54982298250536, 607.3234479636543)
(ENTRY #480) 2022-03-10 18:48:41.390030 >> SLOPE CALC:None
(ENTRY #481) 2022-03-10 18:48:41.390030 >> LIN CALC FIN: 598.9483088729439
(ENTRY #482) 2022-03-10 18:48:41.390030 >> LIN CALC RAW: 301.0516911270561
(ENTRY #483) 2022-03-10 18:48:41.390030 >> Below!
(ENTRY #484) 2022-03-10 18:48:41.390030 >> Object lightRound has been created!
(ENTRY #485) 2022-03-10 18:48:41.390030 >> Protectile #94 has been created! Type: Light
(ENTRY #486) 2022-03-10 18:48:41.391029 >> Projectile created! ID: #94
(ENTRY #487) 2022-03-10 18:48:41.391029 >> MOUSEPOS: (449.1600509260003, 405.9483317318487)
(ENTRY #488) 2022-03-10 18:48:41.391029 >> SLOPE CALC:None
(ENTRY #489) 2022-03-10 18:48:41.391029 >> LIN CALC FIN: 345.10668156368286
(ENTRY #490) 2022-03-10 18:48:41.391029 >> LIN CALC RAW: 554.8933184363171
(ENTRY #491) 2022-03-10 18:48:41.391029 >> Below!
(ENTRY #492) 2022-03-10 18:48:41.391029 >> Object lightRound has been created!
(ENTRY #493) 2022-03-10 18:48:41.391029 >> Protectile #96 has been created! Type: Light
(ENTRY #494) 2022-03-10 18:48:41.392032 >> Projectile created! ID: #96
(ENTRY #495) 2022-03-10 18:48:41.721622 >> Projectile has hit!
(ENTRY #496) 2022-03-10 18:48:41.721622 >> Projectile removed!
(ENTRY #497) 2022-03-10 18:48:41.740714 >> Cloud created! ID: #18
(ENTRY #498) 2022-03-10 18:48:42.178038 >> Projectile removed!
(ENTRY #499) 2022-03-10 18:48:42.708317 >> Projectile removed!
(ENTRY #500) 2022-03-10 18:48:42.765763 >> entity_1_2 and entity_1_4 have collided!
(ENTRY #501) 2022-03-10 18:48:42.765763 >> entity_1_4 and entity_1_2 have collided!
(ENTRY #502) 2022-03-10 18:48:42.800366 >> Cloud created! ID: #19
(ENTRY #503) 2022-03-10 18:48:43.267311 >> Projectile has hit!
(ENTRY #504) 2022-03-10 18:48:43.267311 >> Projectile removed!
(ENTRY #505) 2022-03-10 18:48:43.405293 >> MOUSEPOS: (704.7505207458364, 213.34813300737812)
(ENTRY #506) 2022-03-10 18:48:43.405293 >> SLOPE CALC:None
(ENTRY #507) 2022-03-10 18:48:43.405293 >> LIN CALC FIN: 135.1573042945456
(ENTRY #508) 2022-03-10 18:48:43.405293 >> LIN CALC RAW: 764.8426957054544
(ENTRY #509) 2022-03-10 18:48:43.405293 >> Below!
(ENTRY #510) 2022-03-10 18:48:43.405293 >> Object lightRound has been created!
(ENTRY #511) 2022-03-10 18:48:43.405293 >> Protectile #98 has been created! Type: Light
(ENTRY #512) 2022-03-10 18:48:43.405293 >> Projectile created! ID: #98
(ENTRY #513) 2022-03-10 18:48:43.405293 >> MOUSEPOS: (485.01382754280263, 440.89399749757933)
(ENTRY #514) 2022-03-10 18:48:43.405293 >> SLOPE CALC:None
(ENTRY #515) 2022-03-10 18:48:43.405293 >> LIN CALC FIN: 383.08482621041185
(ENTRY #516) 2022-03-10 18:48:43.405293 >> LIN CALC RAW: 516.9151737895882
(ENTRY #517) 2022-03-10 18:48:43.405293 >> Below!
(ENTRY #518) 2022-03-10 18:48:43.405293 >> Object lightRound has been created!
(ENTRY #519) 2022-03-10 18:48:43.406293 >> Protectile #100 has been created! Type: Light
(ENTRY #520) 2022-03-10 18:48:43.406293 >> Projectile created! ID: #100
(ENTRY #521) 2022-03-10 18:48:43.896692 >> Cloud created! ID: #20
(ENTRY #522) 2022-03-10 18:48:43.923658 >> Game resumed!
(ENTRY #523) 2022-03-10 18:48:44.447824 >> Projectile has hit!
(ENTRY #524) 2022-03-10 18:48:44.447824 >> Projectile removed!
(ENTRY #525) 2022-03-10 18:48:44.580441 >> Game resumed!
(ENTRY #526) 2022-03-10 18:48:44.663096 >> Cloud removed! ID: #20
(ENTRY #527) 2022-03-10 18:48:44.763291 >> Projectile removed!
(ENTRY #528) 2022-03-10 18:48:44.992803 >> Cloud created! ID: #21
(ENTRY #529) 2022-03-10 18:48:45.250500 >> Game resumed!
(ENTRY #530) 2022-03-10 18:48:45.358095 >> Game resumed!
(ENTRY #531) 2022-03-10 18:48:45.409875 >> MOUSEPOS: (40.58536579987187, 408.96811258979335)
(ENTRY #532) 2022-03-10 18:48:45.409875 >> SLOPE CALC:None
(ENTRY #533) 2022-03-10 18:48:45.409875 >> LIN CALC FIN: 984.6257616572805
(ENTRY #534) 2022-03-10 18:48:45.409875 >> LIN CALC RAW: -84.62576165728046
(ENTRY #535) 2022-03-10 18:48:45.409875 >> Above!
(ENTRY #536) 2022-03-10 18:48:45.409875 >> Object lightRound has been created!
(ENTRY #537) 2022-03-10 18:48:45.410875 >> Protectile #102 has been created! Type: Light
(ENTRY #538) 2022-03-10 18:48:45.410875 >> Projectile created! ID: #102
(ENTRY #539) 2022-03-10 18:48:45.426771 >> Cloud removed! ID: #21
(ENTRY #540) 2022-03-10 18:48:45.919562 >> Game resumed!
(ENTRY #541) 2022-03-10 18:48:46.020558 >> Cloud created! ID: #22
(ENTRY #542) 2022-03-10 18:48:46.403301 >> Cloud removed! ID: #22
(ENTRY #543) 2022-03-10 18:48:46.520226 >> Projectile removed!
(ENTRY #544) 2022-03-10 18:48:46.585810 >> Game resumed!
(ENTRY #545) 2022-03-10 18:48:47.099798 >> Projectile removed!
(ENTRY #546) 2022-03-10 18:48:47.116799 >> Cloud created! ID: #23
(ENTRY #547) 2022-03-10 18:48:47.243502 >> Cloud removed! ID: #23
(ENTRY #548) 2022-03-10 18:48:47.417239 >> MOUSEPOS: (36.405945693537944, 414.0449536756086)
(ENTRY #549) 2022-03-10 18:48:47.417239 >> SLOPE CALC:None
(ENTRY #550) 2022-03-10 18:48:47.417239 >> LIN CALC FIN: 1134.9082098992276
(ENTRY #551) 2022-03-10 18:48:47.417239 >> LIN CALC RAW: -234.9082098992276
(ENTRY #552) 2022-03-10 18:48:47.417239 >> Above!
(ENTRY #553) 2022-03-10 18:48:47.417239 >> Object lightRound has been created!
(ENTRY #554) 2022-03-10 18:48:47.418239 >> Protectile #104 has been created! Type: Light
(ENTRY #555) 2022-03-10 18:48:47.418239 >> Projectile created! ID: #104
(ENTRY #556) 2022-03-10 18:48:47.815310 >> Game resumed!
(ENTRY #557) 2022-03-10 18:48:48.014958 >> Projectile removed!
(ENTRY #558) 2022-03-10 18:48:48.142233 >> Cloud removed! ID: #23
(ENTRY #559) 2022-03-10 18:48:48.190967 >> Cloud created! ID: #24
(ENTRY #560) 2022-03-10 18:48:48.195983 >> Game resumed!
(ENTRY #561) 2022-03-10 18:48:48.950534 >> Game resumed!
(ENTRY #562) 2022-03-10 18:48:49.099796 >> Cloud removed! ID: #24
(ENTRY #563) 2022-03-10 18:48:49.231315 >> Cloud created! ID: #25
(ENTRY #564) 2022-03-10 18:48:49.429586 >> MOUSEPOS: (67.4456359781307, 443.6857345836575)
(ENTRY #565) 2022-03-10 18:48:49.429586 >> SLOPE CALC:None
(ENTRY #566) 2022-03-10 18:48:49.429586 >> LIN CALC FIN: -351.58831401794305
(ENTRY #567) 2022-03-10 18:48:49.429586 >> LIN CALC RAW: 1251.588314017943
(ENTRY #568) 2022-03-10 18:48:49.429586 >> Below!
(ENTRY #569) 2022-03-10 18:48:49.429586 >> Object lightRound has been created!
(ENTRY #570) 2022-03-10 18:48:49.430586 >> Protectile #106 has been created! Type: Light
(ENTRY #571) 2022-03-10 18:48:49.430586 >> Projectile created! ID: #106
(ENTRY #572) 2022-03-10 18:48:49.973642 >> Cloud removed! ID: #25
(ENTRY #573) 2022-03-10 18:48:50.144822 >> Projectile has hit!
(ENTRY #574) 2022-03-10 18:48:50.144822 >> Projectile removed!
(ENTRY #575) 2022-03-10 18:48:50.243055 >> Cloud created! ID: #26
(ENTRY #576) 2022-03-10 18:48:50.578116 >> Projectile removed!
(ENTRY #577) 2022-03-10 18:48:50.887780 >> Cloud removed! ID: #26
(ENTRY #578) 2022-03-10 18:48:51.320817 >> Cloud created! ID: #27
(ENTRY #579) 2022-03-10 18:48:51.438518 >> MOUSEPOS: (70.27424181317821, 381.62293685808373)
(ENTRY #580) 2022-03-10 18:48:51.438518 >> SLOPE CALC:None
(ENTRY #581) 2022-03-10 18:48:51.438518 >> LIN CALC FIN: -283.52658624941637
(ENTRY #582) 2022-03-10 18:48:51.439517 >> LIN CALC RAW: 1183.5265862494164
(ENTRY #583) 2022-03-10 18:48:51.439517 >> Below!
(ENTRY #584) 2022-03-10 18:48:51.439517 >> Object lightRound has been created!
(ENTRY #585) 2022-03-10 18:48:51.439517 >> Protectile #108 has been created! Type: Light
(ENTRY #586) 2022-03-10 18:48:51.439517 >> Projectile created! ID: #108
(ENTRY #587) 2022-03-10 18:48:51.840433 >> Cloud removed! ID: #27
(ENTRY #588) 2022-03-10 18:48:52.452384 >> Cloud created! ID: #28
(ENTRY #589) 2022-03-10 18:48:52.749263 >> Cloud removed! ID: #28
(ENTRY #590) 2022-03-10 18:48:53.214075 >> Game resumed!
(ENTRY #591) 2022-03-10 18:48:53.425638 >> Projectile removed!
(ENTRY #592) 2022-03-10 18:48:53.442977 >> MOUSEPOS: (111.89931837124922, 366.79847240804594)
(ENTRY #593) 2022-03-10 18:48:53.442977 >> SLOPE CALC:None
(ENTRY #594) 2022-03-10 18:48:53.442977 >> LIN CALC FIN: -184.84760670040282
(ENTRY #595) 2022-03-10 18:48:53.442977 >> LIN CALC RAW: 1084.8476067004028
(ENTRY #596) 2022-03-10 18:48:53.442977 >> Below!
(ENTRY #597) 2022-03-10 18:48:53.442977 >> Object lightRound has been created!
(ENTRY #598) 2022-03-10 18:48:53.443957 >> Protectile #110 has been created! Type: Light
(ENTRY #599) 2022-03-10 18:48:53.443957 >> Projectile created! ID: #110
(ENTRY #600) 2022-03-10 18:48:53.492105 >> Cloud created! ID: #29
(ENTRY #601) 2022-03-10 18:48:53.657092 >> Cloud removed! ID: #29
(ENTRY #602) 2022-03-10 18:48:54.631964 >> Cloud removed! ID: #29
(ENTRY #603) 2022-03-10 18:48:54.695073 >> Cloud created! ID: #30
(ENTRY #604) 2022-03-10 18:48:54.762921 >> Game resumed!
(ENTRY #605) 2022-03-10 18:48:55.450237 >> MOUSEPOS: (103.76977865634234, 400.40673337465637)
(ENTRY #606) 2022-03-10 18:48:55.450237 >> SLOPE CALC:None
(ENTRY #607) 2022-03-10 18:48:55.450237 >> LIN CALC FIN: -207.35496860843455
(ENTRY #608) 2022-03-10 18:48:55.450237 >> LIN CALC RAW: 1107.3549686084345
(ENTRY #609) 2022-03-10 18:48:55.450237 >> Below!
(ENTRY #610) 2022-03-10 18:48:55.450237 >> Object lightRound has been created!
(ENTRY #611) 2022-03-10 18:48:55.451270 >> Protectile #112 has been created! Type: Light
(ENTRY #612) 2022-03-10 18:48:55.451270 >> Projectile created! ID: #112
(ENTRY #613) 2022-03-10 18:48:55.506243 >> Game resumed!
(ENTRY #614) 2022-03-10 18:48:55.674587 >> Cloud removed! ID: #30
(ENTRY #615) 2022-03-10 18:48:55.855579 >> Cloud created! ID: #31
(ENTRY #616) 2022-03-10 18:48:55.920581 >> Projectile removed!
(ENTRY #617) 2022-03-10 18:48:56.564869 >> Cloud removed! ID: #31
(ENTRY #618) 2022-03-10 18:48:56.912970 >> Cloud created! ID: #32
(ENTRY #619) 2022-03-10 18:48:57.431421 >> Game resumed!
(ENTRY #620) 2022-03-10 18:48:57.432422 >> Cloud removed! ID: #32
(ENTRY #621) 2022-03-10 18:48:57.465420 >> MOUSEPOS: (67.79846917539852, 377.5909363729312)
(ENTRY #622) 2022-03-10 18:48:57.465420 >> SLOPE CALC:None
(ENTRY #623) 2022-03-10 18:48:57.465420 >> LIN CALC FIN: -249.86858440258516
(ENTRY #624) 2022-03-10 18:48:57.465420 >> LIN CALC RAW: 1149.8685844025852
(ENTRY #625) 2022-03-10 18:48:57.465420 >> Below!
(ENTRY #626) 2022-03-10 18:48:57.465420 >> Object lightRound has been created!
(ENTRY #627) 2022-03-10 18:48:57.466419 >> Protectile #114 has been created! Type: Light
(ENTRY #628) 2022-03-10 18:48:57.466419 >> Projectile created! ID: #114
(ENTRY #629) 2022-03-10 18:48:57.994886 >> Projectile removed!
(ENTRY #630) 2022-03-10 18:48:58.062796 >> Cloud created! ID: #33
(ENTRY #631) 2022-03-10 18:48:58.314700 >> Cloud removed! ID: #33
(ENTRY #632) 2022-03-10 18:48:59.116443 >> Cloud created! ID: #34
(ENTRY #633) 2022-03-10 18:48:59.173441 >> Game resumed!
(ENTRY #634) 2022-03-10 18:48:59.334445 >> Cloud removed! ID: #34
(ENTRY #635) 2022-03-10 18:48:59.472474 >> MOUSEPOS: (89.26324510634404, 344.94975353834553)
(ENTRY #636) 2022-03-10 18:48:59.472474 >> SLOPE CALC:None
(ENTRY #637) 2022-03-10 18:48:59.472474 >> LIN CALC FIN: -305.1458071014649
(ENTRY #638) 2022-03-10 18:48:59.472474 >> LIN CALC RAW: 1205.145807101465
(ENTRY #639) 2022-03-10 18:48:59.472474 >> Below!
(ENTRY #640) 2022-03-10 18:48:59.472474 >> Object lightRound has been created!
(ENTRY #641) 2022-03-10 18:48:59.473474 >> Protectile #116 has been created! Type: Light
(ENTRY #642) 2022-03-10 18:48:59.473474 >> Projectile created! ID: #116
(ENTRY #643) 2022-03-10 18:49:00.209533 >> Projectile removed!
(ENTRY #644) 2022-03-10 18:49:00.209533 >> Cloud created! ID: #35
(ENTRY #645) 2022-03-10 18:49:00.260098 >> Cloud removed! ID: #35
(ENTRY #646) 2022-03-10 18:49:01.145457 >> Cloud removed! ID: #35
(ENTRY #647) 2022-03-10 18:49:01.164399 >> Game resumed!
(ENTRY #648) 2022-03-10 18:49:01.315470 >> Cloud created! ID: #36
(ENTRY #649) 2022-03-10 18:49:01.481197 >> MOUSEPOS: (85.9660860973382, 360.5851261145011)
(ENTRY #650) 2022-03-10 18:49:01.481197 >> SLOPE CALC:None
(ENTRY #651) 2022-03-10 18:49:01.481197 >> LIN CALC FIN: -223.12905909784627
(ENTRY #652) 2022-03-10 18:49:01.481197 >> LIN CALC RAW: 1123.1290590978463
(ENTRY #653) 2022-03-10 18:49:01.481197 >> Below!
(ENTRY #654) 2022-03-10 18:49:01.481197 >> Object lightRound has been created!
(ENTRY #655) 2022-03-10 18:49:01.482205 >> Protectile #118 has been created! Type: Light
(ENTRY #656) 2022-03-10 18:49:01.482205 >> Projectile created! ID: #118
(ENTRY #657) 2022-03-10 18:49:02.031697 >> Game resumed!
(ENTRY #658) 2022-03-10 18:49:02.149300 >> Projectile removed!
(ENTRY #659) 2022-03-10 18:49:02.182019 >> Cloud removed! ID: #36
(ENTRY #660) 2022-03-10 18:49:02.284450 >> Game resumed!
(ENTRY #661) 2022-03-10 18:49:02.368614 >> Cloud created! ID: #37
(ENTRY #662) 2022-03-10 18:49:03.246952 >> Cloud removed! ID: #37
(ENTRY #663) 2022-03-10 18:49:03.371951 >> Game resumed!
(ENTRY #664) 2022-03-10 18:49:03.470951 >> Cloud created! ID: #38
(ENTRY #665) 2022-03-10 18:49:03.490978 >> MOUSEPOS: (147.0825569372489, 355.4479164817562)
(ENTRY #666) 2022-03-10 18:49:03.490978 >> SLOPE CALC:None
(ENTRY #667) 2022-03-10 18:49:03.490978 >> LIN CALC FIN: -1.236537490388173
(ENTRY #668) 2022-03-10 18:49:03.490978 >> LIN CALC RAW: 901.2365374903882
(ENTRY #669) 2022-03-10 18:49:03.490978 >> Below!
(ENTRY #670) 2022-03-10 18:49:03.490978 >> Object lightRound has been created!
(ENTRY #671) 2022-03-10 18:49:03.490978 >> Protectile #120 has been created! Type: Light
(ENTRY #672) 2022-03-10 18:49:03.490978 >> Projectile created! ID: #120
(ENTRY #673) 2022-03-10 18:49:03.532954 >> Game resumed!
(ENTRY #674) 2022-03-10 18:49:04.158241 >> Projectile removed!
(ENTRY #675) 2022-03-10 18:49:04.242053 >> Cloud removed! ID: #38
(ENTRY #676) 2022-03-10 18:49:04.324760 >> Projectile has hit!
(ENTRY #677) 2022-03-10 18:49:04.324760 >> Projectile removed!
(ENTRY #678) 2022-03-10 18:49:04.380466 >> Game resumed!
(ENTRY #679) 2022-03-10 18:49:04.539908 >> Cloud created! ID: #39
(ENTRY #680) 2022-03-10 18:49:04.865780 >> Game resumed!
(ENTRY #681) 2022-03-10 18:49:05.306590 >> Game resumed!
(ENTRY #682) 2022-03-10 18:49:05.339557 >> Cloud removed! ID: #39
(ENTRY #683) 2022-03-10 18:49:05.497109 >> MOUSEPOS: (163.59854895868614, 389.14536843323674)
(ENTRY #684) 2022-03-10 18:49:05.497109 >> SLOPE CALC:None
(ENTRY #685) 2022-03-10 18:49:05.497109 >> LIN CALC FIN: 122.65380784948763
(ENTRY #686) 2022-03-10 18:49:05.497109 >> LIN CALC RAW: 777.3461921505124
(ENTRY #687) 2022-03-10 18:49:05.497109 >> Below!
(ENTRY #688) 2022-03-10 18:49:05.497109 >> Object lightRound has been created!
(ENTRY #689) 2022-03-10 18:49:05.497109 >> Protectile #122 has been created! Type: Light
(ENTRY #690) 2022-03-10 18:49:05.497109 >> Projectile created! ID: #122
(ENTRY #691) 2022-03-10 18:49:05.546032 >> Cloud created! ID: #40
(ENTRY #692) 2022-03-10 18:49:06.418047 >> Cloud removed! ID: #40
(ENTRY #693) 2022-03-10 18:49:06.550777 >> Cloud created! ID: #41
(ENTRY #694) 2022-03-10 18:49:06.850228 >> Projectile has hit!
(ENTRY #695) 2022-03-10 18:49:06.850228 >> Projectile removed!
(ENTRY #696) 2022-03-10 18:49:07.015808 >> Projectile removed!
(ENTRY #697) 2022-03-10 18:49:07.455035 >> Cloud removed! ID: #41
(ENTRY #698) 2022-03-10 18:49:07.502047 >> MOUSEPOS: (181.9150971889953, 396.1570717994945)
(ENTRY #699) 2022-03-10 18:49:07.502047 >> SLOPE CALC:None
(ENTRY #700) 2022-03-10 18:49:07.502047 >> LIN CALC FIN: 304.17044034224625
(ENTRY #701) 2022-03-10 18:49:07.502047 >> LIN CALC RAW: 595.8295596577537
(ENTRY #702) 2022-03-10 18:49:07.502047 >> Below!
(ENTRY #703) 2022-03-10 18:49:07.502047 >> Object lightRound has been created!
(ENTRY #704) 2022-03-10 18:49:07.503047 >> Protectile #124 has been created! Type: Light
(ENTRY #705) 2022-03-10 18:49:07.503047 >> Projectile created! ID: #124
(ENTRY #706) 2022-03-10 18:49:07.742024 >> Cloud created! ID: #42
(ENTRY #707) 2022-03-10 18:49:08.344815 >> Game resumed!
(ENTRY #708) 2022-03-10 18:49:08.424566 >> Cloud removed! ID: #42
(ENTRY #709) 2022-03-10 18:49:08.771483 >> Cloud created! ID: #43
(ENTRY #710) 2022-03-10 18:49:09.059381 >> Projectile has hit!
(ENTRY #711) 2022-03-10 18:49:09.059381 >> Projectile removed!
(ENTRY #712) 2022-03-10 18:49:09.452759 >> Cloud removed! ID: #43
(ENTRY #713) 2022-03-10 18:49:09.512780 >> MOUSEPOS: (211.4268812585883, 395.383546512577)
(ENTRY #714) 2022-03-10 18:49:09.512780 >> SLOPE CALC:None
(ENTRY #715) 2022-03-10 18:49:09.512780 >> LIN CALC FIN: 437.50878385947703
(ENTRY #716) 2022-03-10 18:49:09.512780 >> LIN CALC RAW: 462.49121614052297
(ENTRY #717) 2022-03-10 18:49:09.512780 >> Above!
(ENTRY #718) 2022-03-10 18:49:09.512780 >> Object lightRound has been created!
(ENTRY #719) 2022-03-10 18:49:09.513750 >> Protectile #126 has been created! Type: Light
(ENTRY #720) 2022-03-10 18:49:09.513750 >> Projectile created! ID: #126
(ENTRY #721) 2022-03-10 18:49:09.779193 >> Cloud created! ID: #44
(ENTRY #722) 2022-03-10 18:49:10.560409 >> Cloud removed! ID: #44
(ENTRY #723) 2022-03-10 18:49:10.660208 >> MOUSEPOS: (507, 641)
(ENTRY #724) 2022-03-10 18:49:10.660208 >> SLOPE CALC:None
(ENTRY #725) 2022-03-10 18:49:10.660208 >> LIN CALC FIN: 708.8092840294436
(ENTRY #726) 2022-03-10 18:49:10.660208 >> LIN CALC RAW: 191.19071597055643
(ENTRY #727) 2022-03-10 18:49:10.660208 >> Above!
(ENTRY #728) 2022-03-10 18:49:10.660208 >> Object lightRound has been created!
(ENTRY #729) 2022-03-10 18:49:10.661212 >> Protectile #128 has been created! Type: Light
(ENTRY #730) 2022-03-10 18:49:10.661212 >> Projectile created! ID: #128
(ENTRY #731) 2022-03-10 18:49:10.775698 >> Projectile has hit!
(ENTRY #732) 2022-03-10 18:49:10.775698 >> Projectile removed!
(ENTRY #733) 2022-03-10 18:49:10.839883 >> Cloud created! ID: #45
(ENTRY #734) 2022-03-10 18:49:11.521540 >> MOUSEPOS: (220.45517347122276, 403.1693243857184)
(ENTRY #735) 2022-03-10 18:49:11.521540 >> SLOPE CALC:None
(ENTRY #736) 2022-03-10 18:49:11.521540 >> LIN CALC FIN: 398.17449297526775
(ENTRY #737) 2022-03-10 18:49:11.521540 >> LIN CALC RAW: 501.82550702473225
(ENTRY #738) 2022-03-10 18:49:11.521540 >> Below!
(ENTRY #739) 2022-03-10 18:49:11.521540 >> Object lightRound has been created!
(ENTRY #740) 2022-03-10 18:49:11.522541 >> Protectile #130 has been created! Type: Light
(ENTRY #741) 2022-03-10 18:49:11.522541 >> Projectile created! ID: #130
(ENTRY #742) 2022-03-10 18:49:11.626328 >> MOUSEPOS: (553, 568)
(ENTRY #743) 2022-03-10 18:49:11.626328 >> SLOPE CALC:None
(ENTRY #744) 2022-03-10 18:49:11.626328 >> LIN CALC FIN: 749.016349055637
(ENTRY #745) 2022-03-10 18:49:11.626328 >> LIN CALC RAW: 150.98365094436303
(ENTRY #746) 2022-03-10 18:49:11.627325 >> Above!
(ENTRY #747) 2022-03-10 18:49:11.627325 >> Cloud removed! ID: #45
(ENTRY #748) 2022-03-10 18:49:11.881564 >> Cloud created! ID: #46
(ENTRY #749) 2022-03-10 18:49:12.101071 >> Projectile has hit!
(ENTRY #750) 2022-03-10 18:49:12.101071 >> Projectile removed!
(ENTRY #751) 2022-03-10 18:49:12.260585 >> MOUSEPOS: (413, 577)
(ENTRY #752) 2022-03-10 18:49:12.261583 >> SLOPE CALC:None
(ENTRY #753) 2022-03-10 18:49:12.261583 >> LIN CALC FIN: 603.1199442648865
(ENTRY #754) 2022-03-10 18:49:12.261583 >> LIN CALC RAW: 296.8800557351135
(ENTRY #755) 2022-03-10 18:49:12.261583 >> Above!
(ENTRY #756) 2022-03-10 18:49:12.261583 >> Object lightRound has been created!
(ENTRY #757) 2022-03-10 18:49:12.261583 >> Protectile #132 has been created! Type: Light
(ENTRY #758) 2022-03-10 18:49:12.261583 >> Projectile created! ID: #132
(ENTRY #759) 2022-03-10 18:49:12.408601 >> Projectile has hit!
(ENTRY #760) 2022-03-10 18:49:12.408601 >> Projectile removed!
(ENTRY #761) 2022-03-10 18:49:12.520335 >> MOUSEPOS: (413, 577)
(ENTRY #762) 2022-03-10 18:49:12.520335 >> SLOPE CALC:None
(ENTRY #763) 2022-03-10 18:49:12.520335 >> LIN CALC FIN: 600.8082931439035
(ENTRY #764) 2022-03-10 18:49:12.520335 >> LIN CALC RAW: 299.1917068560965
(ENTRY #765) 2022-03-10 18:49:12.520335 >> Above!
(ENTRY #766) 2022-03-10 18:49:12.853455 >> Cloud removed! ID: #46
(ENTRY #767) 2022-03-10 18:49:12.903460 >> Cloud created! ID: #47
(ENTRY #768) 2022-03-10 18:49:13.228483 >> Projectile has hit!
(ENTRY #769) 2022-03-10 18:49:13.228483 >> Projectile removed!
(ENTRY #770) 2022-03-10 18:49:13.531328 >> MOUSEPOS: (224.23926614276115, 435.6635954873604)
(ENTRY #771) 2022-03-10 18:49:13.532324 >> SLOPE CALC:None
(ENTRY #772) 2022-03-10 18:49:13.532324 >> LIN CALC FIN: 452.9910627492729
(ENTRY #773) 2022-03-10 18:49:13.532324 >> LIN CALC RAW: 447.0089372507271
(ENTRY #774) 2022-03-10 18:49:13.532324 >> Above!
(ENTRY #775) 2022-03-10 18:49:13.532324 >> Object lightRound has been created!
(ENTRY #776) 2022-03-10 18:49:13.532324 >> Protectile #134 has been created! Type: Light
(ENTRY #777) 2022-03-10 18:49:13.532324 >> Projectile created! ID: #134
(ENTRY #778) 2022-03-10 18:49:13.600757 >> MOUSEPOS: (298, 566)
(ENTRY #779) 2022-03-10 18:49:13.600757 >> SLOPE CALC:None
(ENTRY #780) 2022-03-10 18:49:13.600757 >> LIN CALC FIN: 480.30425996642566
(ENTRY #781) 2022-03-10 18:49:13.600757 >> LIN CALC RAW: 419.69574003357434
(ENTRY #782) 2022-03-10 18:49:13.600757 >> Below!
(ENTRY #783) 2022-03-10 18:49:13.600757 >> Object lightRound has been created!
(ENTRY #784) 2022-03-10 18:49:13.601760 >> Protectile #136 has been created! Type: Light
(ENTRY #785) 2022-03-10 18:49:13.601760 >> Projectile created! ID: #136
(ENTRY #786) 2022-03-10 18:49:13.988822 >> Cloud created! ID: #48
(ENTRY #787) 2022-03-10 18:49:14.039901 >> Cloud removed! ID: #48
(ENTRY #788) 2022-03-10 18:49:14.540523 >> Projectile has hit!
(ENTRY #789) 2022-03-10 18:49:14.540523 >> Projectile removed!
(ENTRY #790) 2022-03-10 18:49:14.592730 >> MOUSEPOS: (163, 600)
(ENTRY #791) 2022-03-10 18:49:14.592730 >> SLOPE CALC:None
(ENTRY #792) 2022-03-10 18:49:14.592730 >> LIN CALC FIN: 477.0542948281038
(ENTRY #793) 2022-03-10 18:49:14.592730 >> LIN CALC RAW: 422.9457051718962
(ENTRY #794) 2022-03-10 18:49:14.592730 >> Below!
(ENTRY #795) 2022-03-10 18:49:14.912184 >> MOUSEPOS: (163, 600)
(ENTRY #796) 2022-03-10 18:49:14.912184 >> SLOPE CALC:None
(ENTRY #797) 2022-03-10 18:49:14.912184 >> LIN CALC FIN: 484.0019295940791
(ENTRY #798) 2022-03-10 18:49:14.912184 >> LIN CALC RAW: 415.9980704059209
(ENTRY #799) 2022-03-10 18:49:14.912184 >> Below!
(ENTRY #800) 2022-03-10 18:49:14.912184 >> Object lightRound has been created!
(ENTRY #801) 2022-03-10 18:49:14.913219 >> Protectile #138 has been created! Type: Light
(ENTRY #802) 2022-03-10 18:49:14.913219 >> Projectile created! ID: #138
(ENTRY #803) 2022-03-10 18:49:15.026788 >> Cloud created! ID: #49
(ENTRY #804) 2022-03-10 18:49:15.131508 >> Cloud removed! ID: #49
(ENTRY #805) 2022-03-10 18:49:15.545052 >> MOUSEPOS: (269.84816605624263, 457.92563072769315)
(ENTRY #806) 2022-03-10 18:49:15.545052 >> SLOPE CALC:None
(ENTRY #807) 2022-03-10 18:49:15.545052 >> LIN CALC FIN: 540.4928746141884
(ENTRY #808) 2022-03-10 18:49:15.545052 >> LIN CALC RAW: 359.5071253858116
(ENTRY #809) 2022-03-10 18:49:15.545052 >> Above!
(ENTRY #810) 2022-03-10 18:49:15.545052 >> Object lightRound has been created!
(ENTRY #811) 2022-03-10 18:49:15.545052 >> Protectile #140 has been created! Type: Light
(ENTRY #812) 2022-03-10 18:49:15.545052 >> Projectile created! ID: #140
(ENTRY #813) 2022-03-10 18:49:16.039925 >> Cloud created! ID: #50
(ENTRY #814) 2022-03-10 18:49:16.203280 >> MOUSEPOS: (175, 624)
(ENTRY #815) 2022-03-10 18:49:16.203280 >> SLOPE CALC:None
(ENTRY #816) 2022-03-10 18:49:16.203280 >> LIN CALC FIN: 496.3908363032767
(ENTRY #817) 2022-03-10 18:49:16.203280 >> LIN CALC RAW: 403.6091636967233
(ENTRY #818) 2022-03-10 18:49:16.203280 >> Below!
(ENTRY #819) 2022-03-10 18:49:16.203280 >> Object lightRound has been created!
(ENTRY #820) 2022-03-10 18:49:16.204276 >> Protectile #142 has been created! Type: Light
(ENTRY #821) 2022-03-10 18:49:16.204276 >> Projectile created! ID: #142
(ENTRY #822) 2022-03-10 18:49:16.204276 >> Projectile has hit!
(ENTRY #823) 2022-03-10 18:49:16.204276 >> Projectile removed!
(ENTRY #824) 2022-03-10 18:49:16.341292 >> Cloud removed! ID: #50
(ENTRY #825) 2022-03-10 18:49:17.109495 >> Cloud created! ID: #51
(ENTRY #826) 2022-03-10 18:49:17.480778 >> Cloud removed! ID: #51
(ENTRY #827) 2022-03-10 18:49:17.533250 >> MOUSEPOS: (66, 535)
(ENTRY #828) 2022-03-10 18:49:17.533250 >> SLOPE CALC:None
(ENTRY #829) 2022-03-10 18:49:17.533250 >> LIN CALC FIN: 625.036661071944
(ENTRY #830) 2022-03-10 18:49:17.533250 >> LIN CALC RAW: 274.96333892805603
(ENTRY #831) 2022-03-10 18:49:17.533250 >> Above!
(ENTRY #832) 2022-03-10 18:49:17.533250 >> Object lightRound has been created!
(ENTRY #833) 2022-03-10 18:49:17.534254 >> Protectile #144 has been created! Type: Light
(ENTRY #834) 2022-03-10 18:49:17.534254 >> Projectile created! ID: #144
(ENTRY #835) 2022-03-10 18:49:17.551630 >> MOUSEPOS: (263.90658537605407, 498.60436665500873)
(ENTRY #836) 2022-03-10 18:49:17.551630 >> SLOPE CALC:None
(ENTRY #837) 2022-03-10 18:49:17.551630 >> LIN CALC FIN: 435.4920735275547
(ENTRY #838) 2022-03-10 18:49:17.551630 >> LIN CALC RAW: 464.5079264724453
(ENTRY #839) 2022-03-10 18:49:17.551630 >> Below!
(ENTRY #840) 2022-03-10 18:49:17.551630 >> Object lightRound has been created!
(ENTRY #841) 2022-03-10 18:49:17.552630 >> Protectile #146 has been created! Type: Light
(ENTRY #842) 2022-03-10 18:49:17.552630 >> Projectile created! ID: #146
(ENTRY #843) 2022-03-10 18:49:18.123065 >> Cloud created! ID: #52
(ENTRY #844) 2022-03-10 18:49:18.248749 >> Projectile removed!
(ENTRY #845) 2022-03-10 18:49:18.622503 >> Cloud removed! ID: #52
(ENTRY #846) 2022-03-10 18:49:18.679257 >> Projectile removed!
(ENTRY #847) 2022-03-10 18:49:18.976520 >> MOUSEPOS: (68, 657)
(ENTRY #848) 2022-03-10 18:49:18.976520 >> SLOPE CALC:None
(ENTRY #849) 2022-03-10 18:49:18.976520 >> LIN CALC FIN: 642.9209458831363
(ENTRY #850) 2022-03-10 18:49:18.976520 >> LIN CALC RAW: 257.07905411686374
(ENTRY #851) 2022-03-10 18:49:18.976520 >> Below!
(ENTRY #852) 2022-03-10 18:49:18.976520 >> Object lightRound has been created!
(ENTRY #853) 2022-03-10 18:49:18.977524 >> Protectile #148 has been created! Type: Light
(ENTRY #854) 2022-03-10 18:49:18.977524 >> Projectile created! ID: #148
(ENTRY #855) 2022-03-10 18:49:19.222420 >> Cloud created! ID: #53
(ENTRY #856) 2022-03-10 18:49:19.551703 >> MOUSEPOS: (244.56293316384824, 523.3872560109451)
(ENTRY #857) 2022-03-10 18:49:19.551703 >> SLOPE CALC:None
(ENTRY #858) 2022-03-10 18:49:19.551703 >> LIN CALC FIN: 411.61897190178854
(ENTRY #859) 2022-03-10 18:49:19.551703 >> LIN CALC RAW: 488.38102809821146
(ENTRY #860) 2022-03-10 18:49:19.551703 >> Below!
(ENTRY #861) 2022-03-10 18:49:19.551703 >> Object lightRound has been created!
(ENTRY #862) 2022-03-10 18:49:19.551703 >> Protectile #150 has been created! Type: Light
(ENTRY #863) 2022-03-10 18:49:19.551703 >> Projectile created! ID: #150
(ENTRY #864) 2022-03-10 18:49:19.839840 >> Cloud removed! ID: #53
(ENTRY #865) 2022-03-10 18:49:20.244923 >> Cloud created! ID: #54
(ENTRY #866) 2022-03-10 18:49:20.262337 >> Projectile removed!
(ENTRY #867) 2022-03-10 18:49:20.280423 >> MOUSEPOS: (33, 607)
(ENTRY #868) 2022-03-10 18:49:20.280423 >> SLOPE CALC:None
(ENTRY #869) 2022-03-10 18:49:20.280423 >> LIN CALC FIN: 700.1736675535494
(ENTRY #870) 2022-03-10 18:49:20.280423 >> LIN CALC RAW: 199.82633244645058
(ENTRY #871) 2022-03-10 18:49:20.280423 >> Above!
(ENTRY #872) 2022-03-10 18:49:20.280423 >> Object lightRound has been created!
(ENTRY #873) 2022-03-10 18:49:20.281449 >> Protectile #152 has been created! Type: Light
(ENTRY #874) 2022-03-10 18:49:20.281449 >> Projectile created! ID: #152
(ENTRY #875) 2022-03-10 18:49:20.531423 >> Projectile removed!
(ENTRY #876) 2022-03-10 18:49:20.961027 >> Projectile removed!
(ENTRY #877) 2022-03-10 18:49:20.963027 >> Cloud removed! ID: #54
(ENTRY #878) 2022-03-10 18:49:21.229699 >> Projectile has hit!
(ENTRY #879) 2022-03-10 18:49:21.229699 >> Projectile removed!
(ENTRY #880) 2022-03-10 18:49:21.264691 >> Cloud created! ID: #55
(ENTRY #881) 2022-03-10 18:49:21.567012 >> MOUSEPOS: (256.3716371353546, 522.4255938240743)
(ENTRY #882) 2022-03-10 18:49:21.567012 >> SLOPE CALC:None
(ENTRY #883) 2022-03-10 18:49:21.567012 >> LIN CALC FIN: 409.52478182422965
(ENTRY #884) 2022-03-10 18:49:21.567012 >> LIN CALC RAW: 490.47521817577035
(ENTRY #885) 2022-03-10 18:49:21.567012 >> Below!
(ENTRY #886) 2022-03-10 18:49:21.567012 >> Object lightRound has been created!
(ENTRY #887) 2022-03-10 18:49:21.567987 >> Protectile #154 has been created! Type: Light
(ENTRY #888) 2022-03-10 18:49:21.567987 >> Projectile created! ID: #154
(ENTRY #889) 2022-03-10 18:49:21.926829 >> Projectile has hit!
(ENTRY #890) 2022-03-10 18:49:21.926829 >> Projectile removed!
(ENTRY #891) 2022-03-10 18:49:22.119385 >> Cloud removed! ID: #55
(ENTRY #892) 2022-03-10 18:49:22.330233 >> MOUSEPOS: (42, 599)
(ENTRY #893) 2022-03-10 18:49:22.330233 >> SLOPE CALC:None
(ENTRY #894) 2022-03-10 18:49:22.330233 >> LIN CALC FIN: 731.5873014494723
(ENTRY #895) 2022-03-10 18:49:22.330233 >> LIN CALC RAW: 168.4126985505277
(ENTRY #896) 2022-03-10 18:49:22.330233 >> Above!
(ENTRY #897) 2022-03-10 18:49:22.330233 >> Object lightRound has been created!
(ENTRY #898) 2022-03-10 18:49:22.330233 >> Protectile #156 has been created! Type: Light
(ENTRY #899) 2022-03-10 18:49:22.330233 >> Projectile created! ID: #156
(ENTRY #900) 2022-03-10 18:49:22.550935 >> Projectile removed!
(ENTRY #901) 2022-03-10 18:49:22.583640 >> Cloud created! ID: #56
(ENTRY #902) 2022-03-10 18:49:23.192013 >> Projectile has hit!
(ENTRY #903) 2022-03-10 18:49:23.192013 >> Projectile removed!
(ENTRY #904) 2022-03-10 18:49:23.223011 >> Death menu active!
(ENTRY #905) 2022-03-10 18:49:23.931651 >> Returning to menu!
(ENTRY #906) 2022-03-10 18:49:25.356008 >> Returning to menu!
(ENTRY #907) 2022-03-10 18:49:26.035100 >> Game resumed!
(ENTRY #908) 2022-03-10 18:49:26.993753 >> Naval Warfare 2D Closed...
