Log for Naval Warfare 2D, intended for debugging purposes only! 

(ENTRY #1) 2022-03-10 13:12:55.371798 >> Initialized Log handler...
(ENTRY #2) 2022-03-10 13:12:56.820811 >> Initialized Warship handler...
(ENTRY #3) 2022-03-10 13:12:56.821809 >> Initialized Projectile handler...
(ENTRY #4) 2022-03-10 13:12:56.822802 >> Dumb-AI Entity created!
(ENTRY #5) 2022-03-10 13:12:56.822802 >> Dumb-AI Entity created!
(ENTRY #6) 2022-03-10 13:12:56.823812 >> Dumb-AI Entity created!
(ENTRY #7) 2022-03-10 13:12:56.823812 >> Dumb-AI Entity created!
(ENTRY #8) 2022-03-10 13:12:56.823812 >> Dumb-AI Entity created!
(ENTRY #9) 2022-03-10 13:12:56.825813 >> Dumb-AI Entity created!
(ENTRY #10) 2022-03-10 13:12:56.826800 >> Dumb-AI Entity created!
(ENTRY #11) 2022-03-10 13:12:56.827805 >> Dumb-AI Entity created!
(ENTRY #12) 2022-03-10 13:12:56.828811 >> Dumb-AI Entity created!
(ENTRY #13) 2022-03-10 13:12:56.829813 >> Dumb-AI Entity created!
(ENTRY #14) 2022-03-10 13:12:56.845813 >> Initialized GUI handler...
(ENTRY #15) 2022-03-10 13:12:56.845813 >> Starting Naval Warfare 2D...
(ENTRY #16) 2022-03-10 13:13:02.027575 >> Created Sprite for Player!
(ENTRY #17) 2022-03-10 13:13:02.027575 >> Finished initalizing!
(ENTRY #18) 2022-03-10 13:13:04.403515 >> Returning to menu!
(ENTRY #19) 2022-03-10 13:13:04.994729 >> Game resumed!
(ENTRY #20) 2022-03-10 13:13:05.005739 >> None
(ENTRY #21) 2022-03-10 13:13:05.005739 >> None
(ENTRY #22) 2022-03-10 13:13:05.005739 >> None
(ENTRY #23) 2022-03-10 13:13:05.005739 >> None
(ENTRY #24) 2022-03-10 13:13:05.005739 >> None
(ENTRY #25) 2022-03-10 13:13:05.005739 >> None
(ENTRY #26) 2022-03-10 13:13:05.005739 >> None
(ENTRY #27) 2022-03-10 13:13:05.005739 >> None
(ENTRY #28) 2022-03-10 13:13:05.005739 >> None
(ENTRY #29) 2022-03-10 13:13:05.005739 >> None
(ENTRY #30) 2022-03-10 13:13:05.015334 >> entity_1_0 and entity_1_1 have collided!
(ENTRY #31) 2022-03-10 13:13:05.015334 >> entity_1_0 and entity_1_2 have collided!
(ENTRY #32) 2022-03-10 13:13:05.015334 >> entity_1_0 and entity_1_3 have collided!
(ENTRY #33) 2022-03-10 13:13:05.015334 >> entity_1_0 and entity_1_4 have collided!
(ENTRY #34) 2022-03-10 13:13:05.015334 >> entity_1_0 and entity_2_0 have collided!
(ENTRY #35) 2022-03-10 13:13:05.015334 >> entity_1_0 and entity_2_1 have collided!
(ENTRY #36) 2022-03-10 13:13:05.015334 >> entity_1_0 and entity_2_2 have collided!
(ENTRY #37) 2022-03-10 13:13:05.015334 >> entity_1_0 and entity_2_3 have collided!
(ENTRY #38) 2022-03-10 13:13:05.015334 >> entity_1_0 and entity_2_4 have collided!
(ENTRY #39) 2022-03-10 13:13:05.015334 >> entity_1_1 and entity_1_0 have collided!
(ENTRY #40) 2022-03-10 13:13:05.015334 >> entity_1_1 and entity_1_2 have collided!
(ENTRY #41) 2022-03-10 13:13:05.015334 >> entity_1_1 and entity_1_3 have collided!
(ENTRY #42) 2022-03-10 13:13:05.015334 >> entity_1_1 and entity_1_4 have collided!
(ENTRY #43) 2022-03-10 13:13:05.015334 >> entity_1_1 and entity_2_0 have collided!
(ENTRY #44) 2022-03-10 13:13:05.015334 >> entity_1_1 and entity_2_1 have collided!
(ENTRY #45) 2022-03-10 13:13:05.015334 >> entity_1_1 and entity_2_2 have collided!
(ENTRY #46) 2022-03-10 13:13:05.015334 >> entity_1_1 and entity_2_3 have collided!
(ENTRY #47) 2022-03-10 13:13:05.015334 >> entity_1_1 and entity_2_4 have collided!
(ENTRY #48) 2022-03-10 13:13:05.015334 >> entity_1_2 and entity_1_0 have collided!
(ENTRY #49) 2022-03-10 13:13:05.015334 >> entity_1_2 and entity_1_1 have collided!
(ENTRY #50) 2022-03-10 13:13:05.015334 >> entity_1_2 and entity_1_3 have collided!
(ENTRY #51) 2022-03-10 13:13:05.015334 >> entity_1_2 and entity_1_4 have collided!
(ENTRY #52) 2022-03-10 13:13:05.015334 >> entity_1_2 and entity_2_0 have collided!
(ENTRY #53) 2022-03-10 13:13:05.015334 >> entity_1_2 and entity_2_1 have collided!
(ENTRY #54) 2022-03-10 13:13:05.015334 >> entity_1_2 and entity_2_2 have collided!
(ENTRY #55) 2022-03-10 13:13:05.015334 >> entity_1_2 and entity_2_3 have collided!
(ENTRY #56) 2022-03-10 13:13:05.015334 >> entity_1_2 and entity_2_4 have collided!
(ENTRY #57) 2022-03-10 13:13:05.015334 >> entity_1_3 and entity_1_0 have collided!
(ENTRY #58) 2022-03-10 13:13:05.015334 >> entity_1_3 and entity_1_1 have collided!
(ENTRY #59) 2022-03-10 13:13:05.015334 >> entity_1_3 and entity_1_2 have collided!
(ENTRY #60) 2022-03-10 13:13:05.015334 >> entity_1_3 and entity_1_4 have collided!
(ENTRY #61) 2022-03-10 13:13:05.015334 >> entity_1_3 and entity_2_0 have collided!
(ENTRY #62) 2022-03-10 13:13:05.015334 >> entity_1_3 and entity_2_1 have collided!
(ENTRY #63) 2022-03-10 13:13:05.015334 >> entity_1_3 and entity_2_2 have collided!
(ENTRY #64) 2022-03-10 13:13:05.015334 >> entity_1_3 and entity_2_3 have collided!
(ENTRY #65) 2022-03-10 13:13:05.015334 >> entity_1_3 and entity_2_4 have collided!
(ENTRY #66) 2022-03-10 13:13:05.015334 >> entity_1_4 and entity_1_0 have collided!
(ENTRY #67) 2022-03-10 13:13:05.016334 >> entity_1_4 and entity_1_1 have collided!
(ENTRY #68) 2022-03-10 13:13:05.016334 >> entity_1_4 and entity_1_2 have collided!
(ENTRY #69) 2022-03-10 13:13:05.016334 >> entity_1_4 and entity_1_3 have collided!
(ENTRY #70) 2022-03-10 13:13:05.016334 >> entity_1_4 and entity_2_0 have collided!
(ENTRY #71) 2022-03-10 13:13:05.016334 >> entity_1_4 and entity_2_1 have collided!
(ENTRY #72) 2022-03-10 13:13:05.016334 >> entity_1_4 and entity_2_2 have collided!
(ENTRY #73) 2022-03-10 13:13:05.016334 >> entity_1_4 and entity_2_3 have collided!
(ENTRY #74) 2022-03-10 13:13:05.016334 >> entity_1_4 and entity_2_4 have collided!
(ENTRY #75) 2022-03-10 13:13:05.016334 >> entity_2_0 and entity_1_0 have collided!
(ENTRY #76) 2022-03-10 13:13:05.016334 >> entity_2_0 and entity_1_1 have collided!
(ENTRY #77) 2022-03-10 13:13:05.016334 >> entity_2_0 and entity_1_2 have collided!
(ENTRY #78) 2022-03-10 13:13:05.016334 >> entity_2_0 and entity_1_3 have collided!
(ENTRY #79) 2022-03-10 13:13:05.016334 >> entity_2_0 and entity_1_4 have collided!
(ENTRY #80) 2022-03-10 13:13:05.016334 >> entity_2_0 and entity_2_1 have collided!
(ENTRY #81) 2022-03-10 13:13:05.016334 >> entity_2_0 and entity_2_2 have collided!
(ENTRY #82) 2022-03-10 13:13:05.016334 >> entity_2_0 and entity_2_3 have collided!
(ENTRY #83) 2022-03-10 13:13:05.016334 >> entity_2_0 and entity_2_4 have collided!
(ENTRY #84) 2022-03-10 13:13:05.016334 >> entity_2_1 and entity_1_0 have collided!
(ENTRY #85) 2022-03-10 13:13:05.016334 >> entity_2_1 and entity_1_1 have collided!
(ENTRY #86) 2022-03-10 13:13:05.016334 >> entity_2_1 and entity_1_2 have collided!
(ENTRY #87) 2022-03-10 13:13:05.016334 >> entity_2_1 and entity_1_3 have collided!
(ENTRY #88) 2022-03-10 13:13:05.016334 >> entity_2_1 and entity_1_4 have collided!
(ENTRY #89) 2022-03-10 13:13:05.016334 >> entity_2_1 and entity_2_0 have collided!
(ENTRY #90) 2022-03-10 13:13:05.016334 >> entity_2_1 and entity_2_2 have collided!
(ENTRY #91) 2022-03-10 13:13:05.016334 >> entity_2_1 and entity_2_3 have collided!
(ENTRY #92) 2022-03-10 13:13:05.016334 >> entity_2_1 and entity_2_4 have collided!
(ENTRY #93) 2022-03-10 13:13:05.016334 >> entity_2_2 and entity_1_0 have collided!
(ENTRY #94) 2022-03-10 13:13:05.016334 >> entity_2_2 and entity_1_1 have collided!
(ENTRY #95) 2022-03-10 13:13:05.016334 >> entity_2_2 and entity_1_2 have collided!
(ENTRY #96) 2022-03-10 13:13:05.016334 >> entity_2_2 and entity_1_3 have collided!
(ENTRY #97) 2022-03-10 13:13:05.016334 >> entity_2_2 and entity_1_4 have collided!
(ENTRY #98) 2022-03-10 13:13:05.016334 >> entity_2_2 and entity_2_0 have collided!
(ENTRY #99) 2022-03-10 13:13:05.016334 >> entity_2_2 and entity_2_1 have collided!
(ENTRY #100) 2022-03-10 13:13:05.016334 >> entity_2_2 and entity_2_3 have collided!
(ENTRY #101) 2022-03-10 13:13:05.016334 >> entity_2_2 and entity_2_4 have collided!
(ENTRY #102) 2022-03-10 13:13:05.016334 >> entity_2_3 and entity_1_0 have collided!
(ENTRY #103) 2022-03-10 13:13:05.016334 >> entity_2_3 and entity_1_1 have collided!
(ENTRY #104) 2022-03-10 13:13:05.016334 >> entity_2_3 and entity_1_2 have collided!
(ENTRY #105) 2022-03-10 13:13:05.016334 >> entity_2_3 and entity_1_3 have collided!
(ENTRY #106) 2022-03-10 13:13:05.016334 >> entity_2_3 and entity_1_4 have collided!
(ENTRY #107) 2022-03-10 13:13:05.016334 >> entity_2_3 and entity_2_0 have collided!
(ENTRY #108) 2022-03-10 13:13:05.016334 >> entity_2_3 and entity_2_1 have collided!
(ENTRY #109) 2022-03-10 13:13:05.016334 >> entity_2_3 and entity_2_2 have collided!
(ENTRY #110) 2022-03-10 13:13:05.016334 >> entity_2_3 and entity_2_4 have collided!
(ENTRY #111) 2022-03-10 13:13:05.016334 >> entity_2_4 and entity_1_0 have collided!
(ENTRY #112) 2022-03-10 13:13:05.016334 >> entity_2_4 and entity_1_1 have collided!
(ENTRY #113) 2022-03-10 13:13:05.016334 >> entity_2_4 and entity_1_2 have collided!
(ENTRY #114) 2022-03-10 13:13:05.016334 >> entity_2_4 and entity_1_3 have collided!
(ENTRY #115) 2022-03-10 13:13:05.016334 >> entity_2_4 and entity_1_4 have collided!
(ENTRY #116) 2022-03-10 13:13:05.016334 >> entity_2_4 and entity_2_0 have collided!
(ENTRY #117) 2022-03-10 13:13:05.016334 >> entity_2_4 and entity_2_1 have collided!
(ENTRY #118) 2022-03-10 13:13:05.016334 >> entity_2_4 and entity_2_2 have collided!
(ENTRY #119) 2022-03-10 13:13:05.016334 >> entity_2_4 and entity_2_3 have collided!
(ENTRY #120) 2022-03-10 13:13:05.028334 >> Cloud created! ID: #1
(ENTRY #121) 2022-03-10 13:13:05.192398 >> Game resumed!
(ENTRY #122) 2022-03-10 13:13:05.204397 >> Game resumed!
(ENTRY #123) 2022-03-10 13:13:05.360935 >> MOUSEPOS: (361, 232)
(ENTRY #124) 2022-03-10 13:13:05.360935 >> SLOPE CALC:None
(ENTRY #125) 2022-03-10 13:13:05.360935 >> LIN CALC FIN: 185.35118567986308
(ENTRY #126) 2022-03-10 13:13:05.360935 >> LIN CALC RAW: 714.6488143201369
(ENTRY #127) 2022-03-10 13:13:05.360935 >> Below!
(ENTRY #128) 2022-03-10 13:13:05.360935 >> Object lightRound has been created!
(ENTRY #129) 2022-03-10 13:13:05.368475 >> Protectile #2 has been created! Type: Light
(ENTRY #130) 2022-03-10 13:13:05.368475 >> Projectile created! ID: #2
(ENTRY #131) 2022-03-10 13:13:06.057810 >> Cloud created! ID: #2
(ENTRY #132) 2022-03-10 13:13:06.106929 >> MOUSEPOS: (399, 277)
(ENTRY #133) 2022-03-10 13:13:06.106929 >> SLOPE CALC:None
(ENTRY #134) 2022-03-10 13:13:06.106929 >> LIN CALC FIN: 135.48452034663944
(ENTRY #135) 2022-03-10 13:13:06.106929 >> LIN CALC RAW: 764.5154796533606
(ENTRY #136) 2022-03-10 13:13:06.106929 >> Below!
(ENTRY #137) 2022-03-10 13:13:06.311837 >> MOUSEPOS: (399, 277)
(ENTRY #138) 2022-03-10 13:13:06.311837 >> SLOPE CALC:None
(ENTRY #139) 2022-03-10 13:13:06.311837 >> LIN CALC FIN: 132.99261431241644
(ENTRY #140) 2022-03-10 13:13:06.311837 >> LIN CALC RAW: 767.0073856875836
(ENTRY #141) 2022-03-10 13:13:06.311837 >> Below!
(ENTRY #142) 2022-03-10 13:13:06.518792 >> MOUSEPOS: (399, 277)
(ENTRY #143) 2022-03-10 13:13:06.518792 >> SLOPE CALC:None
(ENTRY #144) 2022-03-10 13:13:06.518792 >> LIN CALC FIN: 130.9127849485368
(ENTRY #145) 2022-03-10 13:13:06.518792 >> LIN CALC RAW: 769.0872150514632
(ENTRY #146) 2022-03-10 13:13:06.518792 >> Below!
(ENTRY #147) 2022-03-10 13:13:06.518792 >> Object lightRound has been created!
(ENTRY #148) 2022-03-10 13:13:06.518792 >> Protectile #4 has been created! Type: Light
(ENTRY #149) 2022-03-10 13:13:06.518792 >> Projectile created! ID: #4
(ENTRY #150) 2022-03-10 13:13:06.691346 >> MOUSEPOS: (399, 277)
(ENTRY #151) 2022-03-10 13:13:06.691346 >> SLOPE CALC:None
(ENTRY #152) 2022-03-10 13:13:06.691346 >> LIN CALC FIN: 129.51755388372533
(ENTRY #153) 2022-03-10 13:13:06.691346 >> LIN CALC RAW: 770.4824461162747
(ENTRY #154) 2022-03-10 13:13:06.691346 >> Below!
(ENTRY #155) 2022-03-10 13:13:06.926455 >> MOUSEPOS: (399, 277)
(ENTRY #156) 2022-03-10 13:13:06.926455 >> SLOPE CALC:None
(ENTRY #157) 2022-03-10 13:13:06.926455 >> LIN CALC FIN: 128.0926543137856
(ENTRY #158) 2022-03-10 13:13:06.926455 >> LIN CALC RAW: 771.9073456862144
(ENTRY #159) 2022-03-10 13:13:06.926455 >> Below!
(ENTRY #160) 2022-03-10 13:13:07.083986 >> Cloud created! ID: #3
(ENTRY #161) 2022-03-10 13:13:07.241869 >> Game resumed!
(ENTRY #162) 2022-03-10 13:13:08.116939 >> Cloud created! ID: #4
(ENTRY #163) 2022-03-10 13:13:09.125952 >> Cloud created! ID: #5
(ENTRY #164) 2022-03-10 13:13:09.569353 >> Projectile removed!
(ENTRY #165) 2022-03-10 13:13:10.137137 >> Cloud created! ID: #6
(ENTRY #166) 2022-03-10 13:13:11.158471 >> Cloud created! ID: #7
(ENTRY #167) 2022-03-10 13:13:11.362472 >> Projectile removed!
(ENTRY #168) 2022-03-10 13:13:12.152230 >> Cloud created! ID: #8
(ENTRY #169) 2022-03-10 13:13:13.160290 >> Cloud created! ID: #9
(ENTRY #170) 2022-03-10 13:13:14.194905 >> Cloud created! ID: #10
(ENTRY #171) 2022-03-10 13:13:15.203337 >> Cloud created! ID: #11
(ENTRY #172) 2022-03-10 13:13:16.255291 >> Cloud created! ID: #12
(ENTRY #173) 2022-03-10 13:13:17.280112 >> Cloud created! ID: #13
(ENTRY #174) 2022-03-10 13:13:18.357209 >> Cloud created! ID: #14
(ENTRY #175) 2022-03-10 13:13:18.795278 >> Cloud removed! ID: #14
(ENTRY #176) 2022-03-10 13:13:19.405838 >> Cloud created! ID: #15
(ENTRY #177) 2022-03-10 13:13:19.949753 >> Cloud removed! ID: #15
(ENTRY #178) 2022-03-10 13:13:20.441278 >> Cloud created! ID: #16
(ENTRY #179) 2022-03-10 13:13:21.097290 >> Cloud removed! ID: #16
(ENTRY #180) 2022-03-10 13:13:21.463802 >> Cloud created! ID: #17
(ENTRY #181) 2022-03-10 13:13:22.257849 >> Cloud removed! ID: #17
(ENTRY #182) 2022-03-10 13:13:22.503429 >> Cloud created! ID: #18
(ENTRY #183) 2022-03-10 13:13:23.406596 >> Cloud removed! ID: #18
(ENTRY #184) 2022-03-10 13:13:23.527402 >> Cloud created! ID: #19
(ENTRY #185) 2022-03-10 13:13:24.546818 >> Cloud removed! ID: #19
(ENTRY #186) 2022-03-10 13:13:24.559822 >> Cloud created! ID: #20
(ENTRY #187) 2022-03-10 13:13:25.641911 >> Cloud created! ID: #21
(ENTRY #188) 2022-03-10 13:13:25.766166 >> Cloud removed! ID: #21
(ENTRY #189) 2022-03-10 13:13:26.702466 >> Naval Warfare 2D Closed...
