Log for Naval Warfare 2D, intended for debugging purposes only! 

(ENTRY #1) 2022-02-20 18:06:55.393193 >> Initialized Log handler...
(ENTRY #2) 2022-02-20 18:06:55.611192 >> Initialized Warship handler...
(ENTRY #3) 2022-02-20 18:06:55.623690 >> Initialized GUI handler...
(ENTRY #4) 2022-02-20 18:06:55.623690 >> Starting Naval Warfare 2D...
(ENTRY #5) 2022-02-20 18:06:55.837692 >> Created Sprite for Player!
(ENTRY #6) 2022-02-20 18:06:55.837692 >> Finished initalizingw!
(ENTRY #7) 2022-02-20 18:06:56.650866 >> Game resumed!
(ENTRY #8) 2022-02-20 18:06:56.674412 >> Cloud created! ID: #1
(ENTRY #9) 2022-02-20 18:06:57.791362 >> Cloud created! ID: #2
(ENTRY #10) 2022-02-20 18:06:58.821883 >> Cloud created! ID: #3
(ENTRY #11) 2022-02-20 18:06:59.853986 >> Cloud created! ID: #4
(ENTRY #12) 2022-02-20 18:07:00.958870 >> Cloud removed! ID: #4
(ENTRY #13) 2022-02-20 18:07:01.024871 >> Cloud created! ID: #5
(ENTRY #14) 2022-02-20 18:07:02.059866 >> Cloud created! ID: #6
(ENTRY #15) 2022-02-20 18:07:02.142375 >> Cloud removed! ID: #6
(ENTRY #16) 2022-02-20 18:07:03.071917 >> Cloud created! ID: #7
(ENTRY #17) 2022-02-20 18:07:04.103019 >> Cloud created! ID: #8
(ENTRY #18) 2022-02-20 18:07:04.196356 >> Cloud removed! ID: #8
(ENTRY #19) 2022-02-20 18:07:05.105866 >> Cloud created! ID: #9
(ENTRY #20) 2022-02-20 18:07:05.334219 >> Cloud removed! ID: #9
(ENTRY #21) 2022-02-20 18:07:06.233971 >> Cloud created! ID: #10
(ENTRY #22) 2022-02-20 18:07:06.375296 >> Cloud removed! ID: #10
(ENTRY #23) 2022-02-20 18:07:07.457826 >> Cloud removed! ID: #10
(ENTRY #24) 2022-02-20 18:07:07.507825 >> Cloud created! ID: #11
(ENTRY #25) 2022-02-20 18:07:08.533395 >> Cloud created! ID: #12
(ENTRY #26) 2022-02-20 18:07:09.283912 >> Cloud removed! ID: #12
(ENTRY #27) 2022-02-20 18:07:09.414162 >> Cloud removed! ID: #12
(ENTRY #28) 2022-02-20 18:07:09.566400 >> Cloud created! ID: #13
(ENTRY #29) 2022-02-20 18:07:10.436538 >> Cloud removed! ID: #13
(ENTRY #30) 2022-02-20 18:07:10.595872 >> Cloud created! ID: #14
(ENTRY #31) 2022-02-20 18:07:11.655647 >> Cloud created! ID: #15
(ENTRY #32) 2022-02-20 18:07:12.703023 >> Cloud created! ID: #16
(ENTRY #33) 2022-02-20 18:07:13.751704 >> Cloud created! ID: #17
(ENTRY #34) 2022-02-20 18:07:14.763661 >> Cloud created! ID: #18
(ENTRY #35) 2022-02-20 18:07:14.790690 >> Cloud removed! ID: #18
(ENTRY #36) 2022-02-20 18:07:15.779898 >> Cloud created! ID: #19
(ENTRY #37) 2022-02-20 18:07:15.827912 >> Cloud removed! ID: #19
(ENTRY #38) 2022-02-20 18:07:16.794866 >> Cloud created! ID: #20
(ENTRY #39) 2022-02-20 18:07:16.795367 >> Cloud removed! ID: #20
(ENTRY #40) 2022-02-20 18:07:17.800366 >> Cloud created! ID: #21
(ENTRY #41) 2022-02-20 18:07:17.848373 >> Cloud removed! ID: #21
(ENTRY #42) 2022-02-20 18:07:18.664155 >> Cloud removed! ID: #21
(ENTRY #43) 2022-02-20 18:07:18.810040 >> Cloud created! ID: #22
(ENTRY #44) 2022-02-20 18:07:18.862372 >> Cloud removed! ID: #22
(ENTRY #45) 2022-02-20 18:07:18.874863 >> Cloud removed! ID: #22
(ENTRY #46) 2022-02-20 18:07:19.918866 >> Cloud removed! ID: #22
(ENTRY #47) 2022-02-20 18:07:20.003170 >> Cloud created! ID: #23
(ENTRY #48) 2022-02-20 18:07:20.910671 >> Cloud removed! ID: #23
(ENTRY #49) 2022-02-20 18:07:21.054005 >> Cloud created! ID: #24
(ENTRY #50) 2022-02-20 18:07:21.913529 >> Cloud removed! ID: #24
(ENTRY #51) 2022-02-20 18:07:21.961894 >> Cloud removed! ID: #24
(ENTRY #52) 2022-02-20 18:07:22.131990 >> Cloud created! ID: #25
(ENTRY #53) 2022-02-20 18:07:22.955362 >> Cloud removed! ID: #25
(ENTRY #54) 2022-02-20 18:07:23.139443 >> Cloud created! ID: #26
(ENTRY #55) 2022-02-20 18:07:24.153135 >> Cloud created! ID: #27
(ENTRY #56) 2022-02-20 18:07:25.179826 >> Cloud created! ID: #28
(ENTRY #57) 2022-02-20 18:07:26.230739 >> Cloud created! ID: #29
(ENTRY #58) 2022-02-20 18:07:26.243378 >> Cloud removed! ID: #29
(ENTRY #59) 2022-02-20 18:07:27.255807 >> Cloud removed! ID: #29
(ENTRY #60) 2022-02-20 18:07:27.267737 >> Cloud created! ID: #30
(ENTRY #61) 2022-02-20 18:07:28.337466 >> Cloud created! ID: #31
(ENTRY #62) 2022-02-20 18:07:29.363333 >> Cloud removed! ID: #31
(ENTRY #63) 2022-02-20 18:07:29.449419 >> Cloud created! ID: #32
(ENTRY #64) 2022-02-20 18:07:30.242935 >> Cloud removed! ID: #32
(ENTRY #65) 2022-02-20 18:07:30.490785 >> Cloud created! ID: #33
(ENTRY #66) 2022-02-20 18:07:31.416142 >> Cloud removed! ID: #33
(ENTRY #67) 2022-02-20 18:07:31.501417 >> Cloud created! ID: #34
(ENTRY #68) 2022-02-20 18:07:32.450309 >> Cloud removed! ID: #34
(ENTRY #69) 2022-02-20 18:07:32.511384 >> Cloud created! ID: #35
(ENTRY #70) 2022-02-20 18:07:33.554400 >> Cloud created! ID: #36
(ENTRY #71) 2022-02-20 18:07:34.612039 >> Cloud removed! ID: #36
(ENTRY #72) 2022-02-20 18:07:34.648600 >> Cloud removed! ID: #36
(ENTRY #73) 2022-02-20 18:07:34.758323 >> Cloud created! ID: #37
(ENTRY #74) 2022-02-20 18:07:35.303253 >> Naval Warfare 2D Closed...
