Log for Naval Warfare 2D, intended for debugging purposes only! 

(ENTRY #1) 2022-03-10 18:41:32.220002 >> Initialized Log handler...
(ENTRY #2) 2022-03-10 18:41:32.905495 >> Initialized Warship handler...
(ENTRY #3) 2022-03-10 18:41:32.908488 >> Initialized Projectile handler...
(ENTRY #4) 2022-03-10 18:41:32.910489 >> Dumb-AI Entity created!
(ENTRY #5) 2022-03-10 18:41:32.912489 >> Dumb-AI Entity created!
(ENTRY #6) 2022-03-10 18:41:32.913488 >> Dumb-AI Entity created!
(ENTRY #7) 2022-03-10 18:41:32.915491 >> Dumb-AI Entity created!
(ENTRY #8) 2022-03-10 18:41:32.920511 >> Dumb-AI Entity created!
(ENTRY #9) 2022-03-10 18:41:32.928492 >> Dumb-AI Entity created!
(ENTRY #10) 2022-03-10 18:41:32.935487 >> Dumb-AI Entity created!
(ENTRY #11) 2022-03-10 18:41:32.942484 >> Dumb-AI Entity created!
(ENTRY #12) 2022-03-10 18:41:32.949491 >> Dumb-AI Entity created!
(ENTRY #13) 2022-03-10 18:41:32.956489 >> Dumb-AI Entity created!
(ENTRY #14) 2022-03-10 18:41:33.027521 >> Initialized GUI handler...
(ENTRY #15) 2022-03-10 18:41:33.028526 >> Starting Naval Warfare 2D...
(ENTRY #16) 2022-03-10 18:41:38.634200 >> Created Sprite for Player!
(ENTRY #17) 2022-03-10 18:41:38.634200 >> Finished initalizing!
(ENTRY #18) 2022-03-10 18:41:40.248862 >> Returning to menu!
(ENTRY #19) 2022-03-10 18:41:40.822872 >> Game resumed!
(ENTRY #20) 2022-03-10 18:41:40.844802 >> Cloud created! ID: #1
(ENTRY #21) 2022-03-10 18:41:40.844802 >> entity_1_3 and entity_2_0 have collided!
(ENTRY #22) 2022-03-10 18:41:40.844802 >> entity_2_0 and entity_1_3 have collided!
(ENTRY #23) 2022-03-10 18:41:40.844802 >> MOUSEPOS: (350.0, 519.75)
(ENTRY #24) 2022-03-10 18:41:40.844802 >> SLOPE CALC:None
(ENTRY #25) 2022-03-10 18:41:40.845788 >> LIN CALC FIN: 559.75
(ENTRY #26) 2022-03-10 18:41:40.845788 >> LIN CALC RAW: 340.25
(ENTRY #27) 2022-03-10 18:41:40.845788 >> Above!
(ENTRY #28) 2022-03-10 18:41:40.845788 >> Object lightRound has been created!
(ENTRY #29) 2022-03-10 18:41:40.845788 >> Protectile #2 has been created! Type: Light
(ENTRY #30) 2022-03-10 18:41:40.846763 >> Projectile created! ID: #2
(ENTRY #31) 2022-03-10 18:41:40.846763 >> MOUSEPOS: (300.0, 509.75)
(ENTRY #32) 2022-03-10 18:41:40.846763 >> SLOPE CALC:None
(ENTRY #33) 2022-03-10 18:41:40.846763 >> LIN CALC FIN: 469.75
(ENTRY #34) 2022-03-10 18:41:40.846763 >> LIN CALC RAW: 430.25
(ENTRY #35) 2022-03-10 18:41:40.846763 >> Below!
(ENTRY #36) 2022-03-10 18:41:40.846763 >> Object lightRound has been created!
(ENTRY #37) 2022-03-10 18:41:40.846763 >> Protectile #4 has been created! Type: Light
(ENTRY #38) 2022-03-10 18:41:40.846763 >> Projectile created! ID: #4
(ENTRY #39) 2022-03-10 18:41:40.846763 >> MOUSEPOS: (350.0, 519.75)
(ENTRY #40) 2022-03-10 18:41:40.846763 >> SLOPE CALC:None
(ENTRY #41) 2022-03-10 18:41:40.846763 >> LIN CALC FIN: 479.75
(ENTRY #42) 2022-03-10 18:41:40.846763 >> LIN CALC RAW: 420.25
(ENTRY #43) 2022-03-10 18:41:40.846763 >> Below!
(ENTRY #44) 2022-03-10 18:41:40.847757 >> Object lightRound has been created!
(ENTRY #45) 2022-03-10 18:41:40.847757 >> Protectile #6 has been created! Type: Light
(ENTRY #46) 2022-03-10 18:41:40.847757 >> Projectile created! ID: #6
(ENTRY #47) 2022-03-10 18:41:40.847757 >> MOUSEPOS: (550.0, 519.0)
(ENTRY #48) 2022-03-10 18:41:40.847757 >> SLOPE CALC:None
(ENTRY #49) 2022-03-10 18:41:40.847757 >> LIN CALC FIN: 499.75
(ENTRY #50) 2022-03-10 18:41:40.847757 >> LIN CALC RAW: 400.25
(ENTRY #51) 2022-03-10 18:41:40.847757 >> Below!
(ENTRY #52) 2022-03-10 18:41:40.847757 >> Object lightRound has been created!
(ENTRY #53) 2022-03-10 18:41:40.848755 >> Protectile #8 has been created! Type: Light
(ENTRY #54) 2022-03-10 18:41:40.848755 >> Projectile created! ID: #8
(ENTRY #55) 2022-03-10 18:41:40.848755 >> MOUSEPOS: (500.0, 549.75)
(ENTRY #56) 2022-03-10 18:41:40.848755 >> SLOPE CALC:None
(ENTRY #57) 2022-03-10 18:41:40.848755 >> LIN CALC FIN: 569.0
(ENTRY #58) 2022-03-10 18:41:40.848755 >> LIN CALC RAW: 331.0
(ENTRY #59) 2022-03-10 18:41:40.848755 >> Above!
(ENTRY #60) 2022-03-10 18:41:40.848755 >> Object lightRound has been created!
(ENTRY #61) 2022-03-10 18:41:40.849775 >> Protectile #10 has been created! Type: Light
(ENTRY #62) 2022-03-10 18:41:40.849775 >> Projectile created! ID: #10
(ENTRY #63) 2022-03-10 18:41:40.849775 >> MOUSEPOS: (550.0, 519.0)
(ENTRY #64) 2022-03-10 18:41:40.849775 >> SLOPE CALC:None
(ENTRY #65) 2022-03-10 18:41:40.849775 >> LIN CALC FIN: 429.0
(ENTRY #66) 2022-03-10 18:41:40.849775 >> LIN CALC RAW: 471.0
(ENTRY #67) 2022-03-10 18:41:40.849775 >> Below!
(ENTRY #68) 2022-03-10 18:41:40.849775 >> Object lightRound has been created!
(ENTRY #69) 2022-03-10 18:41:40.849775 >> Protectile #12 has been created! Type: Light
(ENTRY #70) 2022-03-10 18:41:40.849775 >> Projectile created! ID: #12
(ENTRY #71) 2022-03-10 18:41:40.849775 >> MOUSEPOS: (650.0, 529.0)
(ENTRY #72) 2022-03-10 18:41:40.850768 >> SLOPE CALC:None
(ENTRY #73) 2022-03-10 18:41:40.850768 >> LIN CALC FIN: 439.0
(ENTRY #74) 2022-03-10 18:41:40.850768 >> LIN CALC RAW: 461.0
(ENTRY #75) 2022-03-10 18:41:40.850768 >> Below!
(ENTRY #76) 2022-03-10 18:41:40.850768 >> Object lightRound has been created!
(ENTRY #77) 2022-03-10 18:41:40.850768 >> Protectile #14 has been created! Type: Light
(ENTRY #78) 2022-03-10 18:41:40.850768 >> Projectile created! ID: #14
(ENTRY #79) 2022-03-10 18:41:40.850768 >> MOUSEPOS: (750.0, 539.0)
(ENTRY #80) 2022-03-10 18:41:40.850768 >> SLOPE CALC:None
(ENTRY #81) 2022-03-10 18:41:40.850768 >> LIN CALC FIN: 449.0
(ENTRY #82) 2022-03-10 18:41:40.850768 >> LIN CALC RAW: 451.0
(ENTRY #83) 2022-03-10 18:41:40.850768 >> Below!
(ENTRY #84) 2022-03-10 18:41:40.850768 >> Object lightRound has been created!
(ENTRY #85) 2022-03-10 18:41:40.851767 >> Protectile #16 has been created! Type: Light
(ENTRY #86) 2022-03-10 18:41:40.851767 >> Projectile created! ID: #16
(ENTRY #87) 2022-03-10 18:41:41.170912 >> Projectile has hit!
(ENTRY #88) 2022-03-10 18:41:41.171944 >> Projectile has hit!
(ENTRY #89) 2022-03-10 18:41:41.171944 >> Projectile removed!
(ENTRY #90) 2022-03-10 18:41:41.171944 >> Projectile removed!
(ENTRY #91) 2022-03-10 18:41:41.191871 >> Projectile has hit!
(ENTRY #92) 2022-03-10 18:41:41.191871 >> Projectile removed!
(ENTRY #93) 2022-03-10 18:41:41.232416 >> Projectile has hit!
(ENTRY #94) 2022-03-10 18:41:41.232416 >> Projectile removed!
(ENTRY #95) 2022-03-10 18:41:41.977194 >> Cloud created! ID: #2
(ENTRY #96) 2022-03-10 18:41:41.978192 >> Projectile has hit!
(ENTRY #97) 2022-03-10 18:41:41.978192 >> Projectile removed!
(ENTRY #98) 2022-03-10 18:41:42.325860 >> Projectile has hit!
(ENTRY #99) 2022-03-10 18:41:42.325860 >> Projectile removed!
(ENTRY #100) 2022-03-10 18:41:42.773737 >> Projectile has hit!
(ENTRY #101) 2022-03-10 18:41:42.773737 >> Projectile removed!
(ENTRY #102) 2022-03-10 18:41:42.846437 >> MOUSEPOS: (344.6846674235417, 495.77408414757866)
(ENTRY #103) 2022-03-10 18:41:42.846437 >> SLOPE CALC:None
(ENTRY #104) 2022-03-10 18:41:42.846437 >> LIN CALC FIN: 525.1434189946617
(ENTRY #105) 2022-03-10 18:41:42.846437 >> LIN CALC RAW: 374.8565810053383
(ENTRY #106) 2022-03-10 18:41:42.846437 >> Above!
(ENTRY #107) 2022-03-10 18:41:42.846437 >> Object lightRound has been created!
(ENTRY #108) 2022-03-10 18:41:42.847437 >> Protectile #18 has been created! Type: Light
(ENTRY #109) 2022-03-10 18:41:42.847437 >> Projectile created! ID: #18
(ENTRY #110) 2022-03-10 18:41:42.847437 >> MOUSEPOS: (305.31533257645833, 485.7740841475783)
(ENTRY #111) 2022-03-10 18:41:42.847437 >> SLOPE CALC:None
(ENTRY #112) 2022-03-10 18:41:42.847437 >> LIN CALC FIN: 456.40474930049527
(ENTRY #113) 2022-03-10 18:41:42.847437 >> LIN CALC RAW: 443.59525069950473
(ENTRY #114) 2022-03-10 18:41:42.847437 >> Below!
(ENTRY #115) 2022-03-10 18:41:42.847437 >> Object lightRound has been created!
(ENTRY #116) 2022-03-10 18:41:42.847437 >> Protectile #20 has been created! Type: Light
(ENTRY #117) 2022-03-10 18:41:42.847437 >> Projectile created! ID: #20
(ENTRY #118) 2022-03-10 18:41:42.847437 >> MOUSEPOS: (344.6846674235417, 495.77408414757866)
(ENTRY #119) 2022-03-10 18:41:42.847437 >> SLOPE CALC:None
(ENTRY #120) 2022-03-10 18:41:42.847437 >> LIN CALC FIN: 445.1434189946627
(ENTRY #121) 2022-03-10 18:41:42.847437 >> LIN CALC RAW: 454.8565810053373
(ENTRY #122) 2022-03-10 18:41:42.847437 >> Below!
(ENTRY #123) 2022-03-10 18:41:42.847437 >> Object lightRound has been created!
(ENTRY #124) 2022-03-10 18:41:42.848437 >> Protectile #22 has been created! Type: Light
(ENTRY #125) 2022-03-10 18:41:42.848437 >> Projectile created! ID: #22
(ENTRY #126) 2022-03-10 18:41:42.848437 >> MOUSEPOS: (405.31533257645833, 505.7740841475793)
(ENTRY #127) 2022-03-10 18:41:42.848437 >> SLOPE CALC:None
(ENTRY #128) 2022-03-10 18:41:42.848437 >> LIN CALC FIN: 436.4047493004958
(ENTRY #129) 2022-03-10 18:41:42.848437 >> LIN CALC RAW: 463.5952506995042
(ENTRY #130) 2022-03-10 18:41:42.848437 >> Below!
(ENTRY #131) 2022-03-10 18:41:42.848437 >> Object lightRound has been created!
(ENTRY #132) 2022-03-10 18:41:42.848437 >> Protectile #24 has been created! Type: Light
(ENTRY #133) 2022-03-10 18:41:42.848437 >> Projectile created! ID: #24
(ENTRY #134) 2022-03-10 18:41:42.849432 >> MOUSEPOS: (494.6846674235417, 525.7740841475792)
(ENTRY #135) 2022-03-10 18:41:42.849432 >> SLOPE CALC:None
(ENTRY #136) 2022-03-10 18:41:42.849432 >> LIN CALC FIN: 446.8048137295015
(ENTRY #137) 2022-03-10 18:41:42.849432 >> LIN CALC RAW: 453.1951862704985
(ENTRY #138) 2022-03-10 18:41:42.849432 >> Below!
(ENTRY #139) 2022-03-10 18:41:42.849432 >> Object lightRound has been created!
(ENTRY #140) 2022-03-10 18:41:42.849432 >> Protectile #26 has been created! Type: Light
(ENTRY #141) 2022-03-10 18:41:42.849432 >> Projectile created! ID: #26
(ENTRY #142) 2022-03-10 18:41:42.849432 >> MOUSEPOS: (790.5502427154128, 452.0397238684559)
(ENTRY #143) 2022-03-10 18:41:42.849432 >> SLOPE CALC:None
(ENTRY #144) 2022-03-10 18:41:42.849432 >> LIN CALC FIN: 542.039723868456
(ENTRY #145) 2022-03-10 18:41:42.849432 >> LIN CALC RAW: 357.960276131544
(ENTRY #146) 2022-03-10 18:41:42.849432 >> Above!
(ENTRY #147) 2022-03-10 18:41:42.849432 >> Object lightRound has been created!
(ENTRY #148) 2022-03-10 18:41:42.850437 >> Protectile #28 has been created! Type: Light
(ENTRY #149) 2022-03-10 18:41:42.850437 >> Projectile created! ID: #28
(ENTRY #150) 2022-03-10 18:41:42.850437 >> MOUSEPOS: (869.6609743023463, 482.1273884319399)
(ENTRY #151) 2022-03-10 18:41:42.850437 >> SLOPE CALC:None
(ENTRY #152) 2022-03-10 18:41:42.850437 >> LIN CALC FIN: 531.1504554553894
(ENTRY #153) 2022-03-10 18:41:42.850437 >> LIN CALC RAW: 368.8495445446106
(ENTRY #154) 2022-03-10 18:41:42.850437 >> Above!
(ENTRY #155) 2022-03-10 18:41:42.850437 >> Object lightRound has been created!
(ENTRY #156) 2022-03-10 18:41:42.850437 >> Protectile #30 has been created! Type: Light
(ENTRY #157) 2022-03-10 18:41:42.850437 >> Projectile created! ID: #30
(ENTRY #158) 2022-03-10 18:41:42.850437 >> MOUSEPOS: (790.5502427154128, 452.0397238684559)
(ENTRY #159) 2022-03-10 18:41:42.850437 >> SLOPE CALC:None
(ENTRY #160) 2022-03-10 18:41:42.850437 >> LIN CALC FIN: 403.01665684500637
(ENTRY #161) 2022-03-10 18:41:42.850437 >> LIN CALC RAW: 496.98334315499363
(ENTRY #162) 2022-03-10 18:41:42.850437 >> Below!
(ENTRY #163) 2022-03-10 18:41:42.850437 >> Object lightRound has been created!
(ENTRY #164) 2022-03-10 18:41:42.851442 >> Protectile #32 has been created! Type: Light
(ENTRY #165) 2022-03-10 18:41:42.851442 >> Projectile created! ID: #32
(ENTRY #166) 2022-03-10 18:41:43.002504 >> Cloud created! ID: #3
(ENTRY #167) 2022-03-10 18:41:43.002504 >> Projectile has hit!
(ENTRY #168) 2022-03-10 18:41:43.002504 >> Projectile removed!
(ENTRY #169) 2022-03-10 18:41:43.024112 >> Projectile has hit!
(ENTRY #170) 2022-03-10 18:41:43.024112 >> Projectile removed!
(ENTRY #171) 2022-03-10 18:41:43.176980 >> entity_1_0 and entity_1_1 have collided!
(ENTRY #172) 2022-03-10 18:41:43.176980 >> entity_1_1 and entity_1_0 have collided!
(ENTRY #173) 2022-03-10 18:41:43.392591 >> Projectile has hit!
(ENTRY #174) 2022-03-10 18:41:43.392591 >> Projectile removed!
(ENTRY #175) 2022-03-10 18:41:43.410916 >> Projectile has hit!
(ENTRY #176) 2022-03-10 18:41:43.410916 >> Projectile removed!
(ENTRY #177) 2022-03-10 18:41:43.429805 >> Projectile has hit!
(ENTRY #178) 2022-03-10 18:41:43.429805 >> Projectile removed!
(ENTRY #179) 2022-03-10 18:41:43.600053 >> Projectile has hit!
(ENTRY #180) 2022-03-10 18:41:43.601031 >> Projectile removed!
(ENTRY #181) 2022-03-10 18:41:44.168131 >> Cloud created! ID: #4
(ENTRY #182) 2022-03-10 18:41:44.685457 >> Game resumed!
(ENTRY #183) 2022-03-10 18:41:44.866164 >> MOUSEPOS: (478.4695421853787, 505.11274107053686)
(ENTRY #184) 2022-03-10 18:41:44.866164 >> SLOPE CALC:None
(ENTRY #185) 2022-03-10 18:41:44.866164 >> LIN CALC FIN: 542.0518254412938
(ENTRY #186) 2022-03-10 18:41:44.866164 >> LIN CALC RAW: 357.9481745587062
(ENTRY #187) 2022-03-10 18:41:44.866164 >> Above!
(ENTRY #188) 2022-03-10 18:41:44.866164 >> Object lightRound has been created!
(ENTRY #189) 2022-03-10 18:41:44.867166 >> Protectile #34 has been created! Type: Light
(ENTRY #190) 2022-03-10 18:41:44.867166 >> Projectile created! ID: #34
(ENTRY #191) 2022-03-10 18:41:44.867166 >> MOUSEPOS: (421.53045781462134, 485.1127410705364)
(ENTRY #192) 2022-03-10 18:41:44.867166 >> SLOPE CALC:None
(ENTRY #193) 2022-03-10 18:41:44.867166 >> LIN CALC FIN: 448.1736566997795
(ENTRY #194) 2022-03-10 18:41:44.867166 >> LIN CALC RAW: 451.8263433002205
(ENTRY #195) 2022-03-10 18:41:44.867166 >> Below!
(ENTRY #196) 2022-03-10 18:41:44.867166 >> Object lightRound has been created!
(ENTRY #197) 2022-03-10 18:41:44.868167 >> Protectile #36 has been created! Type: Light
(ENTRY #198) 2022-03-10 18:41:44.868167 >> Projectile created! ID: #36
(ENTRY #199) 2022-03-10 18:41:44.868167 >> MOUSEPOS: (421.53045781462134, 485.1127410705364)
(ENTRY #200) 2022-03-10 18:41:44.868167 >> SLOPE CALC:None
(ENTRY #201) 2022-03-10 18:41:44.868167 >> LIN CALC FIN: 384.27602652923383
(ENTRY #202) 2022-03-10 18:41:44.868167 >> LIN CALC RAW: 515.7239734707662
(ENTRY #203) 2022-03-10 18:41:44.868167 >> Below!
(ENTRY #204) 2022-03-10 18:41:44.868167 >> Object lightRound has been created!
(ENTRY #205) 2022-03-10 18:41:44.869168 >> Protectile #38 has been created! Type: Light
(ENTRY #206) 2022-03-10 18:41:44.869168 >> Projectile created! ID: #38
(ENTRY #207) 2022-03-10 18:41:44.869168 >> MOUSEPOS: (839.5774511810137, 362.17681941216216)
(ENTRY #208) 2022-03-10 18:41:44.869168 >> SLOPE CALC:None
(ENTRY #209) 2022-03-10 18:41:44.869168 >> LIN CALC FIN: 450.15850586726475
(ENTRY #210) 2022-03-10 18:41:44.869168 >> LIN CALC RAW: 449.84149413273525
(ENTRY #211) 2022-03-10 18:41:44.869168 >> Above!
(ENTRY #212) 2022-03-10 18:41:44.869168 >> Object lightRound has been created!
(ENTRY #213) 2022-03-10 18:41:44.870166 >> Protectile #40 has been created! Type: Light
(ENTRY #214) 2022-03-10 18:41:44.870166 >> Projectile created! ID: #40
(ENTRY #215) 2022-03-10 18:41:44.870166 >> MOUSEPOS: (743.9924310616462, 354.57348574789734)
(ENTRY #216) 2022-03-10 18:41:44.870166 >> SLOPE CALC:None
(ENTRY #217) 2022-03-10 18:41:44.870166 >> LIN CALC FIN: 266.5917992927948
(ENTRY #218) 2022-03-10 18:41:44.870166 >> LIN CALC RAW: 633.4082007072052
(ENTRY #219) 2022-03-10 18:41:44.870166 >> Below!
(ENTRY #220) 2022-03-10 18:41:44.870166 >> Object lightRound has been created!
(ENTRY #221) 2022-03-10 18:41:44.871168 >> Protectile #42 has been created! Type: Light
(ENTRY #222) 2022-03-10 18:41:44.871168 >> Projectile created! ID: #42
(ENTRY #223) 2022-03-10 18:41:44.871168 >> MOUSEPOS: (839.5774511810137, 362.17681941216216)
(ENTRY #224) 2022-03-10 18:41:44.871168 >> SLOPE CALC:None
(ENTRY #225) 2022-03-10 18:41:44.871168 >> LIN CALC FIN: 462.57662808843696
(ENTRY #226) 2022-03-10 18:41:44.871168 >> LIN CALC RAW: 437.42337191156304
(ENTRY #227) 2022-03-10 18:41:44.871168 >> Above!
(ENTRY #228) 2022-03-10 18:41:44.871168 >> Object lightRound has been created!
(ENTRY #229) 2022-03-10 18:41:44.872166 >> Protectile #44 has been created! Type: Light
(ENTRY #230) 2022-03-10 18:41:44.872166 >> Projectile created! ID: #44
(ENTRY #231) 2022-03-10 18:41:45.141056 >> Projectile has hit!
(ENTRY #232) 2022-03-10 18:41:45.141056 >> Projectile has hit!
(ENTRY #233) 2022-03-10 18:41:45.141056 >> Projectile has hit!
(ENTRY #234) 2022-03-10 18:41:45.141056 >> Projectile removed!
(ENTRY #235) 2022-03-10 18:41:45.141056 >> Projectile removed!
(ENTRY #236) 2022-03-10 18:41:45.141056 >> Projectile removed!
(ENTRY #237) 2022-03-10 18:41:45.179570 >> Cloud created! ID: #5
(ENTRY #238) 2022-03-10 18:41:45.261574 >> Projectile removed!
(ENTRY #239) 2022-03-10 18:41:45.516395 >> entity_1_2 and entity_1_4 have collided!
(ENTRY #240) 2022-03-10 18:41:45.516395 >> entity_1_4 and entity_1_2 have collided!
(ENTRY #241) 2022-03-10 18:41:46.135200 >> Projectile has hit!
(ENTRY #242) 2022-03-10 18:41:46.135200 >> Projectile removed!
(ENTRY #243) 2022-03-10 18:41:46.263615 >> Cloud created! ID: #6
(ENTRY #244) 2022-03-10 18:41:46.820421 >> Projectile removed!
(ENTRY #245) 2022-03-10 18:41:46.915402 >> Naval Warfare 2D Closed...
