Log for Naval Warfare 2D, intended for debugging purposes only! 

(ENTRY #1) 2022-04-18 21:26:32.088327 >> Initialized Log handler...
(ENTRY #2) 2022-04-18 21:26:32.711105 >> Initialized Warship handler...
(ENTRY #3) 2022-04-18 21:26:32.711325 >> Initialized Projectile handler...
(ENTRY #4) 2022-04-18 21:26:32.720325 >> Initialized GUI handler...
(ENTRY #5) 2022-04-18 21:26:32.720325 >> Starting Naval Warfare 2D...
(ENTRY #6) 2022-04-18 21:26:37.853189 >> Created Sprite for Player!
(ENTRY #7) 2022-04-18 21:26:37.853189 >> Finished initalizing!
(ENTRY #8) 2022-04-18 21:26:42.464184 >> Returning to menu!
(ENTRY #9) 2022-04-18 21:26:43.022875 >> Game resumed!
(ENTRY #10) 2022-04-18 21:26:43.023875 >> Dumb-AI Entity created!
(ENTRY #11) 2022-04-18 21:26:43.023875 >> Dumb-AI Entity created!
(ENTRY #12) 2022-04-18 21:26:43.035875 >> Cloud created! ID: #1
(ENTRY #13) 2022-04-18 21:26:43.091877 >> Dumb-AI Entity created!
(ENTRY #14) 2022-04-18 21:26:43.565910 >> Activating shop!
(ENTRY #15) 2022-04-18 21:26:44.539255 >> Returning to game!
(ENTRY #16) 2022-04-18 21:26:44.637256 >> Cloud created! ID: #2
(ENTRY #17) 2022-04-18 21:26:45.827269 >> Returning to menu!
(ENTRY #18) 2022-04-18 21:26:46.727270 >> Returning to menu!
(ENTRY #19) 2022-04-18 21:26:47.438813 >> Game resumed!
(ENTRY #20) 2022-04-18 21:26:47.439813 >> Dumb-AI Entity created!
(ENTRY #21) 2022-04-18 21:26:47.440810 >> Dumb-AI Entity created!
(ENTRY #22) 2022-04-18 21:26:47.463812 >> Cloud created! ID: #3
(ENTRY #23) 2022-04-18 21:26:48.149184 >> MOUSEPOS: (151, 246)
(ENTRY #24) 2022-04-18 21:26:48.149184 >> SLOPE CALC:None
(ENTRY #25) 2022-04-18 21:26:48.149184 >> LIN CALC FIN: 399.0
(ENTRY #26) 2022-04-18 21:26:48.149184 >> LIN CALC RAW: 501.0
(ENTRY #27) 2022-04-18 21:26:48.149184 >> Above!
(ENTRY #28) 2022-04-18 21:26:48.149184 >> Object lightRound has been created!
(ENTRY #29) 2022-04-18 21:26:48.150185 >> Protectile #2 has been created! Type: Light
(ENTRY #30) 2022-04-18 21:26:48.150185 >> Projectile created! ID: #2
(ENTRY #31) 2022-04-18 21:26:48.479185 >> Cloud created! ID: #4
(ENTRY #32) 2022-04-18 21:26:49.494218 >> MOUSEPOS: (127, 148)
(ENTRY #33) 2022-04-18 21:26:49.494218 >> SLOPE CALC:None
(ENTRY #34) 2022-04-18 21:26:49.494218 >> LIN CALC FIN: 423.0
(ENTRY #35) 2022-04-18 21:26:49.494218 >> LIN CALC RAW: 477.0
(ENTRY #36) 2022-04-18 21:26:49.494218 >> Above!
(ENTRY #37) 2022-04-18 21:26:49.494218 >> Object lightRound has been created!
(ENTRY #38) 2022-04-18 21:26:49.494218 >> Protectile #4 has been created! Type: Light
(ENTRY #39) 2022-04-18 21:26:49.494218 >> Projectile created! ID: #4
(ENTRY #40) 2022-04-18 21:26:49.546218 >> Cloud created! ID: #5
(ENTRY #41) 2022-04-18 21:26:49.958540 >> Activating shop!
(ENTRY #42) 2022-04-18 21:26:50.981239 >> Returning to game!
(ENTRY #43) 2022-04-18 21:26:51.126238 >> Cloud created! ID: #6
(ENTRY #44) 2022-04-18 21:26:52.648239 >> Returning to menu!
(ENTRY #45) 2022-04-18 21:26:54.215747 >> Returning to menu!
(ENTRY #46) 2022-04-18 21:26:54.736253 >> Game resumed!
(ENTRY #47) 2022-04-18 21:26:54.775256 >> Cloud created! ID: #7
(ENTRY #48) 2022-04-18 21:26:55.284176 >> Activating shop!
(ENTRY #49) 2022-04-18 21:26:56.382877 >> Returning to game!
(ENTRY #50) 2022-04-18 21:26:56.384878 >> Game resumed!
(ENTRY #51) 2022-04-18 21:26:56.410877 >> Cloud created! ID: #8
(ENTRY #52) 2022-04-18 21:26:56.551673 >> Game resumed!
(ENTRY #53) 2022-04-18 21:26:57.924545 >> Naval Warfare 2D Closed...
