Log for Naval Warfare 2D, intended for debugging purposes only! 

(ENTRY #1) 2022-04-18 21:17:45.977924 >> Initialized Log handler...
(ENTRY #2) 2022-04-18 21:17:46.671908 >> Initialized Warship handler...
(ENTRY #3) 2022-04-18 21:17:46.672539 >> Initialized Projectile handler...
(ENTRY #4) 2022-04-18 21:17:46.681539 >> Initialized GUI handler...
(ENTRY #5) 2022-04-18 21:17:46.681539 >> Starting Naval Warfare 2D...
(ENTRY #6) 2022-04-18 21:17:51.813283 >> Created Sprite for Player!
(ENTRY #7) 2022-04-18 21:17:51.813283 >> Finished initalizing!
(ENTRY #8) 2022-04-18 21:17:52.777600 >> Returning to menu!
(ENTRY #9) 2022-04-18 21:17:53.558423 >> Game resumed!
(ENTRY #10) 2022-04-18 21:17:53.558423 >> Dumb-AI Entity created!
(ENTRY #11) 2022-04-18 21:17:53.558423 >> Dumb-AI Entity created!
(ENTRY #12) 2022-04-18 21:17:53.587451 >> Cloud created! ID: #1
(ENTRY #13) 2022-04-18 21:17:53.627524 >> Dumb-AI Entity created!
(ENTRY #14) 2022-04-18 21:17:53.943123 >> Game resumed!
(ENTRY #15) 2022-04-18 21:17:54.145781 >> Activating shop!
(ENTRY #16) 2022-04-18 21:17:55.411072 >> Returning to game!
(ENTRY #17) 2022-04-18 21:17:55.419073 >> Opened Debug Menu!
(ENTRY #18) 2022-04-18 21:17:55.433071 >> Cloud created! ID: #2
(ENTRY #19) 2022-04-18 21:17:55.573073 >> MOUSEPOS: (156.81678926944568, 281.0034644734484)
(ENTRY #20) 2022-04-18 21:17:55.573073 >> SLOPE CALC:None
(ENTRY #21) 2022-04-18 21:17:55.573073 >> LIN CALC FIN: 278.0034644734484
(ENTRY #22) 2022-04-18 21:17:55.573073 >> LIN CALC RAW: 621.9965355265516
(ENTRY #23) 2022-04-18 21:17:55.573073 >> Below!
(ENTRY #24) 2022-04-18 21:17:55.573073 >> Object lightRound has been created!
(ENTRY #25) 2022-04-18 21:17:55.573073 >> Protectile #2 has been created! Type: Light
(ENTRY #26) 2022-04-18 21:17:55.573073 >> Projectile created! ID: #2
(ENTRY #27) 2022-04-18 21:17:55.573073 >> MOUSEPOS: (164.81678926944568, 265.0034644734484)
(ENTRY #28) 2022-04-18 21:17:55.573073 >> SLOPE CALC:None
(ENTRY #29) 2022-04-18 21:17:55.573073 >> LIN CALC FIN: 266.2716083472851
(ENTRY #30) 2022-04-18 21:17:55.573073 >> LIN CALC RAW: 633.7283916527149
(ENTRY #31) 2022-04-18 21:17:55.573073 >> Above!
(ENTRY #32) 2022-04-18 21:17:55.573073 >> Object lightRound has been created!
(ENTRY #33) 2022-04-18 21:17:55.573073 >> Protectile #4 has been created! Type: Light
(ENTRY #34) 2022-04-18 21:17:55.573073 >> Projectile created! ID: #4
(ENTRY #35) 2022-04-18 21:17:55.573073 >> MOUSEPOS: (132.81678926944568, 272.0034644734484)
(ENTRY #36) 2022-04-18 21:17:55.573073 >> SLOPE CALC:None
(ENTRY #37) 2022-04-18 21:17:55.573073 >> LIN CALC FIN: 259.0034644734484
(ENTRY #38) 2022-04-18 21:17:55.573073 >> LIN CALC RAW: 640.9965355265516
(ENTRY #39) 2022-04-18 21:17:55.573073 >> Below!
(ENTRY #40) 2022-04-18 21:17:55.573073 >> Object lightRound has been created!
(ENTRY #41) 2022-04-18 21:17:55.573073 >> Protectile #6 has been created! Type: Light
(ENTRY #42) 2022-04-18 21:17:55.573073 >> Projectile created! ID: #6
(ENTRY #43) 2022-04-18 21:17:55.586074 >> Projectile has hit!
(ENTRY #44) 2022-04-18 21:17:55.586074 >> Projectile has hit!
(ENTRY #45) 2022-04-18 21:17:55.586074 >> Projectile removed!
(ENTRY #46) 2022-04-18 21:17:55.586074 >> Projectile removed!
(ENTRY #47) 2022-04-18 21:17:55.623071 >> Returning to menu!
(ENTRY #48) 2022-04-18 21:17:56.785203 >> Returning to menu!
(ENTRY #49) 2022-04-18 21:17:57.790202 >> Returning to menu!
(ENTRY #50) 2022-04-18 21:17:58.424207 >> Game resumed!
(ENTRY #51) 2022-04-18 21:17:58.425208 >> Dumb-AI Entity created!
(ENTRY #52) 2022-04-18 21:17:58.426235 >> Dumb-AI Entity created!
(ENTRY #53) 2022-04-18 21:17:58.439225 >> Cloud created! ID: #3
(ENTRY #54) 2022-04-18 21:17:59.517599 >> Cloud created! ID: #4
(ENTRY #55) 2022-04-18 21:18:00.633624 >> Cloud created! ID: #5
(ENTRY #56) 2022-04-18 21:18:01.114288 >> Projectile removed!
(ENTRY #57) 2022-04-18 21:18:01.703385 >> Cloud created! ID: #6
(ENTRY #58) 2022-04-18 21:18:02.727070 >> Cloud created! ID: #7
(ENTRY #59) 2022-04-18 21:18:03.737721 >> Cloud created! ID: #8
(ENTRY #60) 2022-04-18 21:18:04.772735 >> Cloud created! ID: #9
(ENTRY #61) 2022-04-18 21:18:05.776817 >> Cloud created! ID: #10
(ENTRY #62) 2022-04-18 21:18:06.911164 >> Cloud created! ID: #11
(ENTRY #63) 2022-04-18 21:18:08.036622 >> Cloud created! ID: #12
(ENTRY #64) 2022-04-18 21:18:09.147362 >> Cloud created! ID: #13
(ENTRY #65) 2022-04-18 21:18:10.223407 >> Cloud created! ID: #14
(ENTRY #66) 2022-04-18 21:18:11.263416 >> Cloud created! ID: #15
(ENTRY #67) 2022-04-18 21:18:11.796161 >> Cloud removed! ID: #15
(ENTRY #68) 2022-04-18 21:18:12.329056 >> Cloud created! ID: #16
(ENTRY #69) 2022-04-18 21:18:12.394055 >> Cloud removed! ID: #16
(ENTRY #70) 2022-04-18 21:18:12.588531 >> Cloud removed! ID: #16
(ENTRY #71) 2022-04-18 21:18:13.536044 >> Cloud created! ID: #17
(ENTRY #72) 2022-04-18 21:18:13.718044 >> Cloud removed! ID: #17
(ENTRY #73) 2022-04-18 21:18:14.637135 >> Cloud created! ID: #18
(ENTRY #74) 2022-04-18 21:18:14.857403 >> Cloud removed! ID: #18
(ENTRY #75) 2022-04-18 21:18:15.660081 >> Cloud created! ID: #19
(ENTRY #76) 2022-04-18 21:18:15.933090 >> Cloud removed! ID: #19
(ENTRY #77) 2022-04-18 21:18:16.661193 >> Cloud created! ID: #20
(ENTRY #78) 2022-04-18 21:18:16.959198 >> Cloud removed! ID: #20
(ENTRY #79) 2022-04-18 21:18:18.265909 >> Naval Warfare 2D Closed...
