Log for Naval Warfare 2D, intended for debugging purposes only! 

(ENTRY #1) 2022-02-20 18:14:48.012475 >> Initialized Log handler...
(ENTRY #2) 2022-02-20 18:14:48.238049 >> Initialized Warship handler...
(ENTRY #3) 2022-02-20 18:14:48.249550 >> Initialized GUI handler...
(ENTRY #4) 2022-02-20 18:14:48.250048 >> Starting Naval Warfare 2D...
(ENTRY #5) 2022-02-20 18:14:48.456091 >> Created Sprite for Player!
(ENTRY #6) 2022-02-20 18:14:48.456091 >> Finished initalizingw!
(ENTRY #7) 2022-02-20 18:14:48.808591 >> Game resumed!
(ENTRY #8) 2022-02-20 18:14:48.820091 >> Cloud created! ID: #1
(ENTRY #9) 2022-02-20 18:14:49.931962 >> Cloud created! ID: #2
(ENTRY #10) 2022-02-20 18:14:50.946412 >> Cloud created! ID: #3
(ENTRY #11) 2022-02-20 18:14:52.005663 >> Cloud created! ID: #4
(ENTRY #12) 2022-02-20 18:14:53.053647 >> Cloud removed! ID: #4
(ENTRY #13) 2022-02-20 18:14:53.090875 >> Cloud created! ID: #5
(ENTRY #14) 2022-02-20 18:14:54.193879 >> Cloud created! ID: #6
(ENTRY #15) 2022-02-20 18:14:55.223891 >> Cloud created! ID: #7
(ENTRY #16) 2022-02-20 18:14:56.335767 >> Cloud created! ID: #8
(ENTRY #17) 2022-02-20 18:14:57.210211 >> Cloud removed! ID: #8
(ENTRY #18) 2022-02-20 18:14:57.365252 >> Cloud created! ID: #9
(ENTRY #19) 2022-02-20 18:14:58.266894 >> Cloud removed! ID: #9
(ENTRY #20) 2022-02-20 18:14:58.450346 >> Cloud created! ID: #10
(ENTRY #21) 2022-02-20 18:14:59.342785 >> Cloud removed! ID: #10
(ENTRY #22) 2022-02-20 18:14:59.381237 >> Cloud removed! ID: #10
(ENTRY #23) 2022-02-20 18:14:59.482971 >> Cloud created! ID: #11
(ENTRY #24) 2022-02-20 18:15:00.391392 >> Cloud removed! ID: #11
(ENTRY #25) 2022-02-20 18:15:00.500556 >> Cloud created! ID: #12
(ENTRY #26) 2022-02-20 18:15:01.480254 >> Cloud removed! ID: #12
(ENTRY #27) 2022-02-20 18:15:01.516768 >> Cloud created! ID: #13
(ENTRY #28) 2022-02-20 18:15:02.425540 >> Cloud removed! ID: #13
(ENTRY #29) 2022-02-20 18:15:02.536648 >> Cloud created! ID: #14
(ENTRY #30) 2022-02-20 18:15:02.550396 >> Cloud removed! ID: #14
(ENTRY #31) 2022-02-20 18:15:03.541613 >> Cloud created! ID: #15
(ENTRY #32) 2022-02-20 18:15:03.591362 >> Cloud removed! ID: #15
(ENTRY #33) 2022-02-20 18:15:04.586412 >> Cloud created! ID: #16
(ENTRY #34) 2022-02-20 18:15:05.668374 >> Cloud created! ID: #17
(ENTRY #35) 2022-02-20 18:15:06.673915 >> Cloud created! ID: #18
(ENTRY #36) 2022-02-20 18:15:07.721502 >> Cloud created! ID: #19
(ENTRY #37) 2022-02-20 18:15:08.592560 >> Cloud removed! ID: #19
(ENTRY #38) 2022-02-20 18:15:08.604745 >> Cloud removed! ID: #19
(ENTRY #39) 2022-02-20 18:15:08.725389 >> Cloud created! ID: #20
(ENTRY #40) 2022-02-20 18:15:09.760443 >> Cloud created! ID: #21
(ENTRY #41) 2022-02-20 18:15:10.771353 >> Cloud created! ID: #22
(ENTRY #42) 2022-02-20 18:15:11.734700 >> Cloud removed! ID: #22
(ENTRY #43) 2022-02-20 18:15:11.819677 >> Cloud created! ID: #23
(ENTRY #44) 2022-02-20 18:15:12.637922 >> Cloud removed! ID: #23
(ENTRY #45) 2022-02-20 18:15:12.734388 >> Cloud removed! ID: #23
(ENTRY #46) 2022-02-20 18:15:12.879647 >> Cloud created! ID: #24
(ENTRY #47) 2022-02-20 18:15:13.636581 >> Cloud removed! ID: #24
(ENTRY #48) 2022-02-20 18:15:13.767783 >> Cloud removed! ID: #24
(ENTRY #49) 2022-02-20 18:15:13.900366 >> Cloud created! ID: #25
(ENTRY #50) 2022-02-20 18:15:14.931214 >> Cloud created! ID: #26
(ENTRY #51) 2022-02-20 18:15:15.578369 >> Cloud removed! ID: #26
(ENTRY #52) 2022-02-20 18:15:15.964234 >> Cloud created! ID: #27
(ENTRY #53) 2022-02-20 18:15:16.612940 >> Cloud removed! ID: #27
(ENTRY #54) 2022-02-20 18:15:16.878021 >> Cloud removed! ID: #27
(ENTRY #55) 2022-02-20 18:15:16.998257 >> Cloud created! ID: #28
(ENTRY #56) 2022-02-20 18:15:17.695867 >> Cloud removed! ID: #28
(ENTRY #57) 2022-02-20 18:15:17.816373 >> Cloud removed! ID: #28
(ENTRY #58) 2022-02-20 18:15:18.032817 >> Cloud created! ID: #29
(ENTRY #59) 2022-02-20 18:15:18.696486 >> Cloud removed! ID: #29
(ENTRY #60) 2022-02-20 18:15:18.936457 >> Cloud removed! ID: #29
(ENTRY #61) 2022-02-20 18:15:19.043882 >> Cloud created! ID: #30
(ENTRY #62) 2022-02-20 18:15:19.893937 >> Cloud removed! ID: #30
(ENTRY #63) 2022-02-20 18:15:20.051613 >> Cloud created! ID: #31
(ENTRY #64) 2022-02-20 18:15:21.055474 >> Cloud created! ID: #32
(ENTRY #65) 2022-02-20 18:15:22.120403 >> Cloud created! ID: #33
(ENTRY #66) 2022-02-20 18:15:22.769669 >> Cloud removed! ID: #33
(ENTRY #67) 2022-02-20 18:15:22.985027 >> Cloud removed! ID: #33
(ENTRY #68) 2022-02-20 18:15:23.236492 >> Cloud created! ID: #34
(ENTRY #69) 2022-02-20 18:15:24.258385 >> Cloud created! ID: #35
(ENTRY #70) 2022-02-20 18:15:25.266534 >> Cloud created! ID: #36
(ENTRY #71) 2022-02-20 18:15:26.276490 >> Cloud created! ID: #37
(ENTRY #72) 2022-02-20 18:15:27.047164 >> Cloud removed! ID: #37
(ENTRY #73) 2022-02-20 18:15:27.240384 >> Cloud removed! ID: #37
(ENTRY #74) 2022-02-20 18:15:27.325034 >> Cloud created! ID: #38
(ENTRY #75) 2022-02-20 18:15:27.963180 >> Cloud removed! ID: #38
(ENTRY #76) 2022-02-20 18:15:28.360488 >> Cloud created! ID: #39
(ENTRY #77) 2022-02-20 18:15:29.516519 >> Cloud created! ID: #40
(ENTRY #78) 2022-02-20 18:15:30.035659 >> Cloud removed! ID: #40
(ENTRY #79) 2022-02-20 18:15:30.263239 >> Cloud removed! ID: #40
(ENTRY #80) 2022-02-20 18:15:30.538875 >> Cloud created! ID: #41
(ENTRY #81) 2022-02-20 18:15:31.044593 >> Cloud removed! ID: #41
(ENTRY #82) 2022-02-20 18:15:31.332893 >> Cloud removed! ID: #41
(ENTRY #83) 2022-02-20 18:15:31.598425 >> Cloud created! ID: #42
(ENTRY #84) 2022-02-20 18:15:32.056423 >> Cloud removed! ID: #42
(ENTRY #85) 2022-02-20 18:15:32.285392 >> Cloud removed! ID: #42
(ENTRY #86) 2022-02-20 18:15:32.729163 >> Cloud created! ID: #43
(ENTRY #87) 2022-02-20 18:15:33.522672 >> Cloud removed! ID: #43
(ENTRY #88) 2022-02-20 18:15:33.859901 >> Cloud created! ID: #44
(ENTRY #89) 2022-02-20 18:15:34.138050 >> Cloud removed! ID: #44
(ENTRY #90) 2022-02-20 18:15:34.542683 >> Cloud removed! ID: #44
(ENTRY #91) 2022-02-20 18:15:35.146897 >> Cloud created! ID: #45
(ENTRY #92) 2022-02-20 18:15:36.147369 >> Cloud created! ID: #46
(ENTRY #93) 2022-02-20 18:15:37.171963 >> Cloud created! ID: #47
(ENTRY #94) 2022-02-20 18:15:37.291885 >> Cloud removed! ID: #47
(ENTRY #95) 2022-02-20 18:15:38.217477 >> Cloud created! ID: #48
(ENTRY #96) 2022-02-20 18:15:39.240628 >> Cloud created! ID: #49
(ENTRY #97) 2022-02-20 18:15:39.866075 >> Cloud removed! ID: #49
(ENTRY #98) 2022-02-20 18:15:40.332815 >> Cloud created! ID: #50
(ENTRY #99) 2022-02-20 18:15:40.381386 >> Cloud removed! ID: #50
(ENTRY #100) 2022-02-20 18:15:41.173390 >> Cloud removed! ID: #50
(ENTRY #101) 2022-02-20 18:15:41.352180 >> Cloud created! ID: #51
(ENTRY #102) 2022-02-20 18:15:42.143531 >> Cloud removed! ID: #51
(ENTRY #103) 2022-02-20 18:15:42.217795 >> Cloud removed! ID: #51
(ENTRY #104) 2022-02-20 18:15:42.471012 >> Cloud created! ID: #52
(ENTRY #105) 2022-02-20 18:15:43.492488 >> Cloud created! ID: #53
(ENTRY #106) 2022-02-20 18:15:43.612938 >> Cloud removed! ID: #53
(ENTRY #107) 2022-02-20 18:15:44.508529 >> Cloud created! ID: #54
(ENTRY #108) 2022-02-20 18:15:44.748405 >> Cloud removed! ID: #54
(ENTRY #109) 2022-02-20 18:15:45.533711 >> Cloud created! ID: #55
(ENTRY #110) 2022-02-20 18:15:46.340113 >> Cloud removed! ID: #55
(ENTRY #111) 2022-02-20 18:15:46.545369 >> Cloud created! ID: #56
(ENTRY #112) 2022-02-20 18:15:47.170412 >> Cloud removed! ID: #56
(ENTRY #113) 2022-02-20 18:15:47.508869 >> Cloud removed! ID: #56
(ENTRY #114) 2022-02-20 18:15:47.569899 >> Cloud created! ID: #57
(ENTRY #115) 2022-02-20 18:15:48.604691 >> Cloud created! ID: #58
(ENTRY #116) 2022-02-20 18:15:49.541396 >> Cloud removed! ID: #58
(ENTRY #117) 2022-02-20 18:15:49.612861 >> Cloud created! ID: #59
(ENTRY #118) 2022-02-20 18:15:50.546123 >> Cloud removed! ID: #59
(ENTRY #119) 2022-02-20 18:15:50.632063 >> Cloud created! ID: #60
(ENTRY #120) 2022-02-20 18:15:51.257215 >> Cloud removed! ID: #60
(ENTRY #121) 2022-02-20 18:15:51.834260 >> Cloud created! ID: #61
(ENTRY #122) 2022-02-20 18:15:52.606325 >> Cloud removed! ID: #61
(ENTRY #123) 2022-02-20 18:15:52.895212 >> Cloud created! ID: #62
(ENTRY #124) 2022-02-20 18:15:53.374487 >> Cloud removed! ID: #62
(ENTRY #125) 2022-02-20 18:15:53.566361 >> Cloud removed! ID: #62
(ENTRY #126) 2022-02-20 18:15:53.962660 >> Cloud created! ID: #63
(ENTRY #127) 2022-02-20 18:15:54.490825 >> Cloud removed! ID: #63
(ENTRY #128) 2022-02-20 18:15:54.635103 >> Cloud removed! ID: #63
(ENTRY #129) 2022-02-20 18:15:55.051028 >> Cloud created! ID: #64
(ENTRY #130) 2022-02-20 18:15:55.606057 >> Cloud removed! ID: #64
(ENTRY #131) 2022-02-20 18:15:56.085373 >> Cloud created! ID: #65
(ENTRY #132) 2022-02-20 18:15:56.516830 >> Cloud removed! ID: #65
(ENTRY #133) 2022-02-20 18:15:56.888561 >> Cloud removed! ID: #65
(ENTRY #134) 2022-02-20 18:15:57.092535 >> Cloud created! ID: #66
(ENTRY #135) 2022-02-20 18:15:57.823168 >> Cloud removed! ID: #66
(ENTRY #136) 2022-02-20 18:15:58.173097 >> Cloud created! ID: #67
(ENTRY #137) 2022-02-20 18:15:59.229160 >> Cloud created! ID: #68
(ENTRY #138) 2022-02-20 18:16:00.250940 >> Cloud created! ID: #69
(ENTRY #139) 2022-02-20 18:16:01.045386 >> Cloud removed! ID: #69
(ENTRY #140) 2022-02-20 18:16:01.261366 >> Cloud created! ID: #70
(ENTRY #141) 2022-02-20 18:16:02.320417 >> Cloud created! ID: #71
(ENTRY #142) 2022-02-20 18:16:03.088263 >> Cloud removed! ID: #71
(ENTRY #143) 2022-02-20 18:16:03.499813 >> Cloud created! ID: #72
(ENTRY #144) 2022-02-20 18:16:04.559366 >> Cloud created! ID: #73
(ENTRY #145) 2022-02-20 18:16:05.264689 >> Cloud removed! ID: #73
(ENTRY #146) 2022-02-20 18:16:05.589891 >> Cloud created! ID: #74
(ENTRY #147) 2022-02-20 18:16:05.960351 >> Cloud removed! ID: #74
(ENTRY #148) 2022-02-20 18:16:06.250386 >> Cloud removed! ID: #74
(ENTRY #149) 2022-02-20 18:16:06.321887 >> Cloud removed! ID: #74
(ENTRY #150) 2022-02-20 18:16:06.624192 >> Cloud created! ID: #75
(ENTRY #151) 2022-02-20 18:16:07.638416 >> Cloud created! ID: #76
(ENTRY #152) 2022-02-20 18:16:08.096384 >> Cloud removed! ID: #76
(ENTRY #153) 2022-02-20 18:16:08.697845 >> Cloud created! ID: #77
(ENTRY #154) 2022-02-20 18:16:09.841333 >> Cloud created! ID: #78
(ENTRY #155) 2022-02-20 18:16:10.190523 >> Cloud removed! ID: #78
(ENTRY #156) 2022-02-20 18:16:10.886939 >> Cloud created! ID: #79
(ENTRY #157) 2022-02-20 18:16:11.247967 >> Cloud removed! ID: #79
(ENTRY #158) 2022-02-20 18:16:11.895461 >> Cloud created! ID: #80
(ENTRY #159) 2022-02-20 18:16:12.632904 >> Cloud removed! ID: #80
(ENTRY #160) 2022-02-20 18:16:12.896864 >> Cloud created! ID: #81
(ENTRY #161) 2022-02-20 18:16:13.645365 >> Cloud removed! ID: #81
(ENTRY #162) 2022-02-20 18:16:13.899732 >> Cloud created! ID: #82
(ENTRY #163) 2022-02-20 18:16:15.114366 >> Cloud created! ID: #83
(ENTRY #164) 2022-02-20 18:16:15.522922 >> Cloud removed! ID: #83
(ENTRY #165) 2022-02-20 18:16:16.171289 >> Cloud created! ID: #84
(ENTRY #166) 2022-02-20 18:16:16.579880 >> Cloud removed! ID: #84
(ENTRY #167) 2022-02-20 18:16:16.906432 >> Cloud removed! ID: #84
(ENTRY #168) 2022-02-20 18:16:17.206868 >> Cloud created! ID: #85
(ENTRY #169) 2022-02-20 18:16:17.619550 >> Cloud removed! ID: #85
(ENTRY #170) 2022-02-20 18:16:18.232375 >> Cloud created! ID: #86
(ENTRY #171) 2022-02-20 18:16:19.288131 >> Cloud created! ID: #87
(ENTRY #172) 2022-02-20 18:16:20.177864 >> Cloud removed! ID: #87
(ENTRY #173) 2022-02-20 18:16:20.297528 >> Cloud created! ID: #88
(ENTRY #174) 2022-02-20 18:16:20.718861 >> Cloud removed! ID: #88
(ENTRY #175) 2022-02-20 18:16:21.309388 >> Cloud created! ID: #89
(ENTRY #176) 2022-02-20 18:16:21.864223 >> Cloud removed! ID: #89
(ENTRY #177) 2022-02-20 18:16:22.236477 >> Cloud removed! ID: #89
(ENTRY #178) 2022-02-20 18:16:22.392373 >> Cloud created! ID: #90
(ENTRY #179) 2022-02-20 18:16:22.911183 >> Cloud removed! ID: #90
(ENTRY #180) 2022-02-20 18:16:23.209068 >> Cloud removed! ID: #90
(ENTRY #181) 2022-02-20 18:16:23.496179 >> Cloud created! ID: #91
(ENTRY #182) 2022-02-20 18:16:23.918365 >> Cloud removed! ID: #91
(ENTRY #183) 2022-02-20 18:16:24.303969 >> Cloud removed! ID: #91
(ENTRY #184) 2022-02-20 18:16:24.520435 >> Cloud created! ID: #92
(ENTRY #185) 2022-02-20 18:16:25.291280 >> Cloud removed! ID: #92
(ENTRY #186) 2022-02-20 18:16:25.315397 >> Cloud removed! ID: #92
(ENTRY #187) 2022-02-20 18:16:25.543910 >> Cloud created! ID: #93
(ENTRY #188) 2022-02-20 18:16:25.916406 >> Cloud removed! ID: #93
(ENTRY #189) 2022-02-20 18:16:26.396956 >> Cloud removed! ID: #93
(ENTRY #190) 2022-02-20 18:16:26.600396 >> Cloud created! ID: #94
(ENTRY #191) 2022-02-20 18:16:27.126684 >> Cloud removed! ID: #94
(ENTRY #192) 2022-02-20 18:16:27.608406 >> Cloud created! ID: #95
(ENTRY #193) 2022-02-20 18:16:28.516228 >> Cloud removed! ID: #95
(ENTRY #194) 2022-02-20 18:16:28.684780 >> Cloud created! ID: #96
(ENTRY #195) 2022-02-20 18:16:29.815440 >> Cloud created! ID: #97
(ENTRY #196) 2022-02-20 18:16:30.932614 >> Cloud created! ID: #98
(ENTRY #197) 2022-02-20 18:16:31.606412 >> Cloud removed! ID: #98
(ENTRY #198) 2022-02-20 18:16:32.053158 >> Cloud created! ID: #99
(ENTRY #199) 2022-02-20 18:16:32.593098 >> Cloud removed! ID: #99
(ENTRY #200) 2022-02-20 18:16:33.089871 >> Cloud created! ID: #100
(ENTRY #201) 2022-02-20 18:16:34.283134 >> Cloud created! ID: #101
(ENTRY #202) 2022-02-20 18:16:34.694115 >> Cloud removed! ID: #101
(ENTRY #203) 2022-02-20 18:16:35.330601 >> Cloud created! ID: #102
(ENTRY #204) 2022-02-20 18:16:35.510667 >> Cloud removed! ID: #102
(ENTRY #205) 2022-02-20 18:16:35.822392 >> Cloud removed! ID: #102
(ENTRY #206) 2022-02-20 18:16:36.062698 >> Cloud removed! ID: #102
(ENTRY #207) 2022-02-20 18:16:36.352183 >> Cloud created! ID: #103
(ENTRY #208) 2022-02-20 18:16:36.939867 >> Cloud removed! ID: #103
(ENTRY #209) 2022-02-20 18:16:37.095996 >> Cloud removed! ID: #103
(ENTRY #210) 2022-02-20 18:16:37.419059 >> Cloud created! ID: #104
(ENTRY #211) 2022-02-20 18:16:37.551617 >> Cloud removed! ID: #104
(ENTRY #212) 2022-02-20 18:16:38.285807 >> Cloud removed! ID: #104
(ENTRY #213) 2022-02-20 18:16:38.489468 >> Cloud created! ID: #105
(ENTRY #214) 2022-02-20 18:16:39.508867 >> Cloud created! ID: #106
(ENTRY #215) 2022-02-20 18:16:40.519538 >> Cloud created! ID: #107
(ENTRY #216) 2022-02-20 18:16:41.319353 >> Cloud removed! ID: #107
(ENTRY #217) 2022-02-20 18:16:41.414387 >> Cloud removed! ID: #107
(ENTRY #218) 2022-02-20 18:16:41.534364 >> Cloud created! ID: #108
(ENTRY #219) 2022-02-20 18:16:42.480384 >> Cloud removed! ID: #108
(ENTRY #220) 2022-02-20 18:16:42.552577 >> Cloud created! ID: #109
(ENTRY #221) 2022-02-20 18:16:43.505131 >> Cloud removed! ID: #109
(ENTRY #222) 2022-02-20 18:16:43.624390 >> Cloud created! ID: #110
(ENTRY #223) 2022-02-20 18:16:44.704351 >> Cloud created! ID: #111
(ENTRY #224) 2022-02-20 18:16:45.530019 >> Cloud removed! ID: #111
(ENTRY #225) 2022-02-20 18:16:45.721875 >> Cloud created! ID: #112
(ENTRY #226) 2022-02-20 18:16:46.549553 >> Cloud removed! ID: #112
(ENTRY #227) 2022-02-20 18:16:46.824363 >> Cloud created! ID: #113
(ENTRY #228) 2022-02-20 18:16:47.916531 >> Cloud created! ID: #114
(ENTRY #229) 2022-02-20 18:16:48.336894 >> Cloud removed! ID: #114
(ENTRY #230) 2022-02-20 18:16:48.696358 >> Cloud removed! ID: #114
(ENTRY #231) 2022-02-20 18:16:49.139618 >> Cloud created! ID: #115
(ENTRY #232) 2022-02-20 18:16:49.608382 >> Cloud removed! ID: #115
(ENTRY #233) 2022-02-20 18:16:50.173382 >> Cloud created! ID: #116
(ENTRY #234) 2022-02-20 18:16:50.821672 >> Cloud removed! ID: #116
(ENTRY #235) 2022-02-20 18:16:51.182991 >> Cloud created! ID: #117
(ENTRY #236) 2022-02-20 18:16:51.711776 >> Cloud removed! ID: #117
(ENTRY #237) 2022-02-20 18:16:51.916367 >> Cloud removed! ID: #117
(ENTRY #238) 2022-02-20 18:16:52.206023 >> Cloud created! ID: #118
(ENTRY #239) 2022-02-20 18:16:52.504428 >> Cloud removed! ID: #118
(ENTRY #240) 2022-02-20 18:16:53.226365 >> Cloud created! ID: #119
(ENTRY #241) 2022-02-20 18:16:54.174372 >> Cloud removed! ID: #119
(ENTRY #242) 2022-02-20 18:16:54.234410 >> Cloud created! ID: #120
(ENTRY #243) 2022-02-20 18:16:55.255355 >> Cloud created! ID: #121
(ENTRY #244) 2022-02-20 18:16:56.206394 >> Cloud removed! ID: #121
(ENTRY #245) 2022-02-20 18:16:56.400757 >> Cloud created! ID: #122
(ENTRY #246) 2022-02-20 18:16:57.232746 >> Cloud removed! ID: #122
(ENTRY #247) 2022-02-20 18:16:57.709741 >> Cloud created! ID: #123
(ENTRY #248) 2022-02-20 18:16:58.746973 >> Cloud created! ID: #124
(ENTRY #249) 2022-02-20 18:16:59.765345 >> Cloud created! ID: #125
(ENTRY #250) 2022-02-20 18:17:00.844403 >> Cloud created! ID: #126
(ENTRY #251) 2022-02-20 18:17:01.182367 >> Cloud removed! ID: #126
(ENTRY #252) 2022-02-20 18:17:01.290393 >> Cloud removed! ID: #126
(ENTRY #253) 2022-02-20 18:17:01.845374 >> Cloud created! ID: #127
(ENTRY #254) 2022-02-20 18:17:02.872422 >> Cloud created! ID: #128
(ENTRY #255) 2022-02-20 18:17:03.235511 >> Cloud removed! ID: #128
(ENTRY #256) 2022-02-20 18:17:03.743005 >> Cloud removed! ID: #128
(ENTRY #257) 2022-02-20 18:17:03.912249 >> Cloud created! ID: #129
(ENTRY #258) 2022-02-20 18:17:05.020757 >> Cloud created! ID: #130
(ENTRY #259) 2022-02-20 18:17:06.240355 >> Cloud created! ID: #131
(ENTRY #260) 2022-02-20 18:17:06.300593 >> Cloud removed! ID: #131
(ENTRY #261) 2022-02-20 18:17:06.871886 >> Cloud removed! ID: #131
(ENTRY #262) 2022-02-20 18:17:07.245892 >> Cloud created! ID: #132
(ENTRY #263) 2022-02-20 18:17:07.873784 >> Cloud removed! ID: #132
(ENTRY #264) 2022-02-20 18:17:07.934206 >> Cloud removed! ID: #132
(ENTRY #265) 2022-02-20 18:17:08.257404 >> Cloud created! ID: #133
(ENTRY #266) 2022-02-20 18:17:08.474872 >> Cloud removed! ID: #133
(ENTRY #267) 2022-02-20 18:17:08.898179 >> Cloud removed! ID: #133
(ENTRY #268) 2022-02-20 18:17:09.042929 >> Cloud removed! ID: #133
(ENTRY #269) 2022-02-20 18:17:09.306408 >> Cloud created! ID: #134
(ENTRY #270) 2022-02-20 18:17:10.366055 >> Cloud created! ID: #135
(ENTRY #271) 2022-02-20 18:17:10.810919 >> Cloud removed! ID: #135
(ENTRY #272) 2022-02-20 18:17:11.255556 >> Cloud removed! ID: #135
(ENTRY #273) 2022-02-20 18:17:11.388891 >> Cloud created! ID: #136
(ENTRY #274) 2022-02-20 18:17:11.823871 >> Cloud removed! ID: #136
(ENTRY #275) 2022-02-20 18:17:12.268529 >> Cloud removed! ID: #136
(ENTRY #276) 2022-02-20 18:17:12.485496 >> Cloud created! ID: #137
(ENTRY #277) 2022-02-20 18:17:13.495975 >> Cloud created! ID: #138
(ENTRY #278) 2022-02-20 18:17:14.586904 >> Cloud created! ID: #139
(ENTRY #279) 2022-02-20 18:17:15.405409 >> Cloud removed! ID: #139
(ENTRY #280) 2022-02-20 18:17:15.610885 >> Cloud created! ID: #140
(ENTRY #281) 2022-02-20 18:17:16.381871 >> Cloud removed! ID: #140
(ENTRY #282) 2022-02-20 18:17:16.633890 >> Cloud created! ID: #141
(ENTRY #283) 2022-02-20 18:17:17.633956 >> Cloud created! ID: #142
(ENTRY #284) 2022-02-20 18:17:18.290634 >> Cloud removed! ID: #142
(ENTRY #285) 2022-02-20 18:17:18.761434 >> Cloud created! ID: #143
(ENTRY #286) 2022-02-20 18:17:19.522871 >> Cloud removed! ID: #143
(ENTRY #287) 2022-02-20 18:17:19.763924 >> Cloud created! ID: #144
(ENTRY #288) 2022-02-20 18:17:20.657956 >> Cloud removed! ID: #144
(ENTRY #289) 2022-02-20 18:17:20.779574 >> Cloud created! ID: #145
(ENTRY #290) 2022-02-20 18:17:21.356036 >> Cloud removed! ID: #145
(ENTRY #291) 2022-02-20 18:17:21.633365 >> Cloud removed! ID: #145
(ENTRY #292) 2022-02-20 18:17:21.780924 >> Cloud created! ID: #146
(ENTRY #293) 2022-02-20 18:17:22.890387 >> Cloud created! ID: #147
(ENTRY #294) 2022-02-20 18:17:23.665672 >> Cloud removed! ID: #147
(ENTRY #295) 2022-02-20 18:17:23.982398 >> Cloud created! ID: #148
(ENTRY #296) 2022-02-20 18:17:24.550852 >> Cloud removed! ID: #148
(ENTRY #297) 2022-02-20 18:17:24.792653 >> Cloud removed! ID: #148
(ENTRY #298) 2022-02-20 18:17:24.986667 >> Cloud created! ID: #149
(ENTRY #299) 2022-02-20 18:17:26.000259 >> Cloud created! ID: #150
(ENTRY #300) 2022-02-20 18:17:26.652643 >> Cloud removed! ID: #150
(ENTRY #301) 2022-02-20 18:17:26.809226 >> Cloud removed! ID: #150
(ENTRY #302) 2022-02-20 18:17:27.074323 >> Cloud created! ID: #151
(ENTRY #303) 2022-02-20 18:17:28.080633 >> Cloud created! ID: #152
(ENTRY #304) 2022-02-20 18:17:28.923870 >> Cloud removed! ID: #152
(ENTRY #305) 2022-02-20 18:17:29.177708 >> Cloud created! ID: #153
(ENTRY #306) 2022-02-20 18:17:30.197374 >> Cloud created! ID: #154
(ENTRY #307) 2022-02-20 18:17:31.020670 >> Cloud removed! ID: #154
(ENTRY #308) 2022-02-20 18:17:31.273673 >> Cloud created! ID: #155
(ENTRY #309) 2022-02-20 18:17:31.841095 >> Cloud removed! ID: #155
(ENTRY #310) 2022-02-20 18:17:32.035857 >> Cloud removed! ID: #155
(ENTRY #311) 2022-02-20 18:17:32.108177 >> Cloud removed! ID: #155
(ENTRY #312) 2022-02-20 18:17:32.361046 >> Cloud created! ID: #156
(ENTRY #313) 2022-02-20 18:17:33.109357 >> Cloud removed! ID: #156
(ENTRY #314) 2022-02-20 18:17:33.206977 >> Cloud removed! ID: #156
(ENTRY #315) 2022-02-20 18:17:33.471705 >> Cloud created! ID: #157
(ENTRY #316) 2022-02-20 18:17:33.858463 >> Cloud removed! ID: #157
(ENTRY #317) 2022-02-20 18:17:34.484381 >> Cloud created! ID: #158
(ENTRY #318) 2022-02-20 18:17:35.484910 >> Cloud created! ID: #159
(ENTRY #319) 2022-02-20 18:17:36.054867 >> Cloud removed! ID: #159
(ENTRY #320) 2022-02-20 18:17:36.224403 >> Cloud removed! ID: #159
(ENTRY #321) 2022-02-20 18:17:36.611088 >> Cloud created! ID: #160
(ENTRY #322) 2022-02-20 18:17:37.296891 >> Cloud removed! ID: #160
(ENTRY #323) 2022-02-20 18:17:37.659702 >> Cloud created! ID: #161
(ENTRY #324) 2022-02-20 18:17:38.383889 >> Cloud removed! ID: #161
(ENTRY #325) 2022-02-20 18:17:38.504812 >> Cloud removed! ID: #161
(ENTRY #326) 2022-02-20 18:17:38.686364 >> Cloud created! ID: #162
(ENTRY #327) 2022-02-20 18:17:39.715296 >> Cloud created! ID: #163
(ENTRY #328) 2022-02-20 18:17:40.728873 >> Cloud created! ID: #164
(ENTRY #329) 2022-02-20 18:17:41.512204 >> Cloud removed! ID: #164
(ENTRY #330) 2022-02-20 18:17:41.682804 >> Cloud removed! ID: #164
(ENTRY #331) 2022-02-20 18:17:41.767365 >> Cloud created! ID: #165
(ENTRY #332) 2022-02-20 18:17:42.708376 >> Cloud removed! ID: #165
(ENTRY #333) 2022-02-20 18:17:42.793400 >> Cloud created! ID: #166
(ENTRY #334) 2022-02-20 18:17:43.803893 >> Cloud created! ID: #167
(ENTRY #335) 2022-02-20 18:17:44.766341 >> Cloud removed! ID: #167
(ENTRY #336) 2022-02-20 18:17:44.839972 >> Cloud created! ID: #168
(ENTRY #337) 2022-02-20 18:17:45.555929 >> Cloud removed! ID: #168
(ENTRY #338) 2022-02-20 18:17:45.846877 >> Cloud created! ID: #169
(ENTRY #339) 2022-02-20 18:17:46.873321 >> Cloud created! ID: #170
(ENTRY #340) 2022-02-20 18:17:47.817870 >> Cloud removed! ID: #170
(ENTRY #341) 2022-02-20 18:17:47.927849 >> Cloud created! ID: #171
(ENTRY #342) 2022-02-20 18:17:48.702367 >> Cloud removed! ID: #171
(ENTRY #343) 2022-02-20 18:17:48.945878 >> Cloud created! ID: #172
(ENTRY #344) 2022-02-20 18:17:49.851917 >> Cloud removed! ID: #172
(ENTRY #345) 2022-02-20 18:17:50.154404 >> Cloud created! ID: #173
(ENTRY #346) 2022-02-20 18:17:50.878451 >> Cloud removed! ID: #173
(ENTRY #347) 2022-02-20 18:17:51.168259 >> Cloud created! ID: #174
(ENTRY #348) 2022-02-20 18:17:51.808858 >> Cloud removed! ID: #174
(ENTRY #349) 2022-02-20 18:17:51.880974 >> Cloud removed! ID: #174
(ENTRY #350) 2022-02-20 18:17:52.172667 >> Cloud created! ID: #175
(ENTRY #351) 2022-02-20 18:17:52.906395 >> Cloud removed! ID: #175
(ENTRY #352) 2022-02-20 18:17:53.195882 >> Cloud created! ID: #176
(ENTRY #353) 2022-02-20 18:17:54.173170 >> Cloud removed! ID: #176
(ENTRY #354) 2022-02-20 18:17:54.269163 >> Cloud created! ID: #177
(ENTRY #355) 2022-02-20 18:17:54.882846 >> Cloud removed! ID: #177
(ENTRY #356) 2022-02-20 18:17:55.341978 >> Cloud created! ID: #178
(ENTRY #357) 2022-02-20 18:17:56.476245 >> Cloud created! ID: #179
(ENTRY #358) 2022-02-20 18:17:57.536880 >> Cloud created! ID: #180
(ENTRY #359) 2022-02-20 18:17:58.190873 >> Cloud removed! ID: #180
(ENTRY #360) 2022-02-20 18:17:58.569506 >> Cloud created! ID: #181
(ENTRY #361) 2022-02-20 18:17:59.656500 >> Cloud created! ID: #182
(ENTRY #362) 2022-02-20 18:17:59.996395 >> Cloud removed! ID: #182
(ENTRY #363) 2022-02-20 18:18:00.296892 >> Cloud removed! ID: #182
(ENTRY #364) 2022-02-20 18:18:00.672829 >> Cloud created! ID: #183
(ENTRY #365) 2022-02-20 18:18:01.010491 >> Cloud removed! ID: #183
(ENTRY #366) 2022-02-20 18:18:01.371670 >> Cloud removed! ID: #183
(ENTRY #367) 2022-02-20 18:18:01.565714 >> Cloud removed! ID: #183
(ENTRY #368) 2022-02-20 18:18:01.831833 >> Cloud created! ID: #184
(ENTRY #369) 2022-02-20 18:18:02.506571 >> Cloud removed! ID: #184
(ENTRY #370) 2022-02-20 18:18:02.846391 >> Cloud created! ID: #185
(ENTRY #371) 2022-02-20 18:18:03.233083 >> Cloud removed! ID: #185
(ENTRY #372) 2022-02-20 18:18:04.025625 >> Cloud created! ID: #186
(ENTRY #373) 2022-02-20 18:18:05.040580 >> Cloud created! ID: #187
(ENTRY #374) 2022-02-20 18:18:05.258201 >> Cloud removed! ID: #187
(ENTRY #375) 2022-02-20 18:18:06.044348 >> Cloud created! ID: #188
(ENTRY #376) 2022-02-20 18:18:07.050305 >> Cloud created! ID: #189
(ENTRY #377) 2022-02-20 18:18:07.858577 >> Cloud removed! ID: #189
(ENTRY #378) 2022-02-20 18:18:08.050164 >> Cloud removed! ID: #189
(ENTRY #379) 2022-02-20 18:18:08.292991 >> Cloud created! ID: #190
(ENTRY #380) 2022-02-20 18:18:09.065258 >> Cloud removed! ID: #190
(ENTRY #381) 2022-02-20 18:18:09.293916 >> Cloud created! ID: #191
(ENTRY #382) 2022-02-20 18:18:10.064198 >> Cloud removed! ID: #191
(ENTRY #383) 2022-02-20 18:18:10.305782 >> Cloud created! ID: #192
(ENTRY #384) 2022-02-20 18:18:10.632313 >> Cloud removed! ID: #192
(ENTRY #385) 2022-02-20 18:18:11.065592 >> Cloud removed! ID: #192
(ENTRY #386) 2022-02-20 18:18:11.353372 >> Cloud created! ID: #193
(ENTRY #387) 2022-02-20 18:18:11.714594 >> Cloud removed! ID: #193
(ENTRY #388) 2022-02-20 18:18:12.376865 >> Cloud created! ID: #194
(ENTRY #389) 2022-02-20 18:18:12.724470 >> Cloud removed! ID: #194
(ENTRY #390) 2022-02-20 18:18:13.506800 >> Cloud created! ID: #195
(ENTRY #391) 2022-02-20 18:18:14.302070 >> Cloud removed! ID: #195
(ENTRY #392) 2022-02-20 18:18:14.554144 >> Cloud created! ID: #196
(ENTRY #393) 2022-02-20 18:18:14.890872 >> Cloud removed! ID: #196
(ENTRY #394) 2022-02-20 18:18:15.361135 >> Cloud removed! ID: #196
(ENTRY #395) 2022-02-20 18:18:15.580738 >> Cloud created! ID: #197
(ENTRY #396) 2022-02-20 18:18:16.385710 >> Cloud removed! ID: #197
(ENTRY #397) 2022-02-20 18:18:16.590869 >> Cloud created! ID: #198
(ENTRY #398) 2022-02-20 18:18:17.621845 >> Cloud created! ID: #199
(ENTRY #399) 2022-02-20 18:18:18.573162 >> Cloud removed! ID: #199
(ENTRY #400) 2022-02-20 18:18:18.681815 >> Cloud created! ID: #200
(ENTRY #401) 2022-02-20 18:18:19.529719 >> Cloud removed! ID: #200
(ENTRY #402) 2022-02-20 18:18:19.949680 >> Cloud created! ID: #201
(ENTRY #403) 2022-02-20 18:18:20.989147 >> Cloud created! ID: #202
(ENTRY #404) 2022-02-20 18:18:21.340176 >> Cloud removed! ID: #202
(ENTRY #405) 2022-02-20 18:18:21.991654 >> Cloud created! ID: #203
(ENTRY #406) 2022-02-20 18:18:22.352946 >> Cloud removed! ID: #203
(ENTRY #407) 2022-02-20 18:18:22.619866 >> Cloud removed! ID: #203
(ENTRY #408) 2022-02-20 18:18:23.054373 >> Cloud created! ID: #204
(ENTRY #409) 2022-02-20 18:18:23.969546 >> Cloud removed! ID: #204
(ENTRY #410) 2022-02-20 18:18:24.054014 >> Cloud created! ID: #205
(ENTRY #411) 2022-02-20 18:18:25.004265 >> Cloud removed! ID: #205
(ENTRY #412) 2022-02-20 18:18:25.105260 >> Cloud created! ID: #206
(ENTRY #413) 2022-02-20 18:18:26.262933 >> Cloud created! ID: #207
(ENTRY #414) 2022-02-20 18:18:27.071721 >> Cloud removed! ID: #207
(ENTRY #415) 2022-02-20 18:18:27.265395 >> Cloud created! ID: #208
(ENTRY #416) 2022-02-20 18:18:27.638971 >> Cloud removed! ID: #208
(ENTRY #417) 2022-02-20 18:18:28.279880 >> Cloud created! ID: #209
(ENTRY #418) 2022-02-20 18:18:29.124072 >> Cloud removed! ID: #209
(ENTRY #419) 2022-02-20 18:18:29.316760 >> Cloud created! ID: #210
(ENTRY #420) 2022-02-20 18:18:29.678660 >> Cloud removed! ID: #210
(ENTRY #421) 2022-02-20 18:18:30.340873 >> Cloud created! ID: #211
(ENTRY #422) 2022-02-20 18:18:30.737955 >> Cloud removed! ID: #211
(ENTRY #423) 2022-02-20 18:18:31.412783 >> Cloud created! ID: #212
(ENTRY #424) 2022-02-20 18:18:32.486550 >> Cloud created! ID: #213
(ENTRY #425) 2022-02-20 18:18:33.284654 >> Cloud removed! ID: #213
(ENTRY #426) 2022-02-20 18:18:33.489386 >> Cloud created! ID: #214
(ENTRY #427) 2022-02-20 18:18:34.046686 >> Cloud removed! ID: #214
(ENTRY #428) 2022-02-20 18:18:34.300653 >> Cloud removed! ID: #214
(ENTRY #429) 2022-02-20 18:18:34.506874 >> Cloud created! ID: #215
(ENTRY #430) 2022-02-20 18:18:35.337870 >> Cloud removed! ID: #215
(ENTRY #431) 2022-02-20 18:18:35.530427 >> Cloud created! ID: #216
(ENTRY #432) 2022-02-20 18:18:36.109132 >> Cloud removed! ID: #216
(ENTRY #433) 2022-02-20 18:18:36.504864 >> Cloud removed! ID: #216
(ENTRY #434) 2022-02-20 18:18:36.554649 >> Cloud created! ID: #217
(ENTRY #435) 2022-02-20 18:18:37.556904 >> Cloud created! ID: #218
(ENTRY #436) 2022-02-20 18:18:38.323738 >> Cloud removed! ID: #218
(ENTRY #437) 2022-02-20 18:18:38.685286 >> Cloud created! ID: #219
(ENTRY #438) 2022-02-20 18:18:39.518135 >> Cloud removed! ID: #219
(ENTRY #439) 2022-02-20 18:18:39.796529 >> Cloud created! ID: #220
(ENTRY #440) 2022-02-20 18:18:40.809403 >> Cloud created! ID: #221
(ENTRY #441) 2022-02-20 18:18:41.835655 >> Cloud created! ID: #222
(ENTRY #442) 2022-02-20 18:18:42.403128 >> Cloud removed! ID: #222
(ENTRY #443) 2022-02-20 18:18:42.875268 >> Cloud created! ID: #223
(ENTRY #444) 2022-02-20 18:18:43.480395 >> Cloud removed! ID: #223
(ENTRY #445) 2022-02-20 18:18:43.817486 >> Cloud removed! ID: #223
(ENTRY #446) 2022-02-20 18:18:43.890385 >> Cloud created! ID: #224
(ENTRY #447) 2022-02-20 18:18:44.713665 >> Cloud removed! ID: #224
(ENTRY #448) 2022-02-20 18:18:44.929653 >> Cloud created! ID: #225
(ENTRY #449) 2022-02-20 18:18:45.932940 >> Cloud created! ID: #226
(ENTRY #450) 2022-02-20 18:18:46.575884 >> Cloud removed! ID: #226
(ENTRY #451) 2022-02-20 18:18:46.975758 >> Cloud created! ID: #227
(ENTRY #452) 2022-02-20 18:18:47.601954 >> Cloud removed! ID: #227
(ENTRY #453) 2022-02-20 18:18:47.867304 >> Cloud removed! ID: #227
(ENTRY #454) 2022-02-20 18:18:48.000432 >> Cloud created! ID: #228
(ENTRY #455) 2022-02-20 18:18:48.629434 >> Cloud removed! ID: #228
(ENTRY #456) 2022-02-20 18:18:48.956819 >> Cloud removed! ID: #228
(ENTRY #457) 2022-02-20 18:18:49.017171 >> Cloud created! ID: #229
(ENTRY #458) 2022-02-20 18:18:49.633700 >> Cloud removed! ID: #229
(ENTRY #459) 2022-02-20 18:18:49.921675 >> Cloud removed! ID: #229
(ENTRY #460) 2022-02-20 18:18:50.066407 >> Cloud created! ID: #230
(ENTRY #461) 2022-02-20 18:18:51.104654 >> Cloud created! ID: #231
(ENTRY #462) 2022-02-20 18:18:51.958895 >> Cloud removed! ID: #231
(ENTRY #463) 2022-02-20 18:18:52.020206 >> Cloud removed! ID: #231
(ENTRY #464) 2022-02-20 18:18:52.236394 >> Cloud created! ID: #232
(ENTRY #465) 2022-02-20 18:18:52.876582 >> Cloud removed! ID: #232
(ENTRY #466) 2022-02-20 18:18:53.033232 >> Cloud removed! ID: #232
(ENTRY #467) 2022-02-20 18:18:53.332388 >> Cloud created! ID: #233
(ENTRY #468) 2022-02-20 18:18:54.078388 >> Cloud removed! ID: #233
(ENTRY #469) 2022-02-20 18:18:54.388240 >> Cloud created! ID: #234
(ENTRY #470) 2022-02-20 18:18:54.928908 >> Cloud removed! ID: #234
(ENTRY #471) 2022-02-20 18:18:55.479657 >> Cloud created! ID: #235
(ENTRY #472) 2022-02-20 18:18:56.512587 >> Cloud created! ID: #236
(ENTRY #473) 2022-02-20 18:18:57.570146 >> Cloud created! ID: #237
(ENTRY #474) 2022-02-20 18:18:58.232579 >> Cloud removed! ID: #237
(ENTRY #475) 2022-02-20 18:18:58.389336 >> Cloud removed! ID: #237
(ENTRY #476) 2022-02-20 18:18:58.571327 >> Cloud created! ID: #238
(ENTRY #477) 2022-02-20 18:18:59.004597 >> Cloud removed! ID: #238
(ENTRY #478) 2022-02-20 18:18:59.329776 >> Cloud removed! ID: #238
(ENTRY #479) 2022-02-20 18:18:59.607818 >> Cloud created! ID: #239
(ENTRY #480) 2022-02-20 18:19:00.654867 >> Cloud created! ID: #240
(ENTRY #481) 2022-02-20 18:19:01.485379 >> Cloud removed! ID: #240
(ENTRY #482) 2022-02-20 18:19:01.689071 >> Cloud created! ID: #241
(ENTRY #483) 2022-02-20 18:19:02.713275 >> Cloud created! ID: #242
(ENTRY #484) 2022-02-20 18:19:03.122352 >> Cloud removed! ID: #242
(ENTRY #485) 2022-02-20 18:19:03.579707 >> Cloud removed! ID: #242
(ENTRY #486) 2022-02-20 18:19:03.879679 >> Cloud created! ID: #243
(ENTRY #487) 2022-02-20 18:19:04.664350 >> Cloud removed! ID: #243
(ENTRY #488) 2022-02-20 18:19:04.892366 >> Cloud created! ID: #244
(ENTRY #489) 2022-02-20 18:19:05.984854 >> Cloud created! ID: #245
(ENTRY #490) 2022-02-20 18:19:07.000884 >> Cloud created! ID: #246
(ENTRY #491) 2022-02-20 18:19:08.083770 >> Cloud created! ID: #247
(ENTRY #492) 2022-02-20 18:19:08.544363 >> Cloud removed! ID: #247
(ENTRY #493) 2022-02-20 18:19:08.724385 >> Cloud removed! ID: #247
(ENTRY #494) 2022-02-20 18:19:09.146392 >> Cloud created! ID: #248
(ENTRY #495) 2022-02-20 18:19:10.221390 >> Cloud created! ID: #249
(ENTRY #496) 2022-02-20 18:19:10.608850 >> Cloud removed! ID: #249
(ENTRY #497) 2022-02-20 18:19:10.911010 >> Cloud removed! ID: #249
(ENTRY #498) 2022-02-20 18:19:11.282518 >> Cloud created! ID: #250
(ENTRY #499) 2022-02-20 18:19:11.642911 >> Cloud removed! ID: #250
(ENTRY #500) 2022-02-20 18:19:12.303371 >> Cloud created! ID: #251
(ENTRY #501) 2022-02-20 18:19:13.156410 >> Cloud removed! ID: #251
(ENTRY #502) 2022-02-20 18:19:13.325975 >> Cloud created! ID: #252
(ENTRY #503) 2022-02-20 18:19:13.720864 >> Cloud removed! ID: #252
(ENTRY #504) 2022-02-20 18:19:14.093951 >> Cloud removed! ID: #252
(ENTRY #505) 2022-02-20 18:19:14.334942 >> Cloud created! ID: #253
(ENTRY #506) 2022-02-20 18:19:15.288452 >> Cloud removed! ID: #253
(ENTRY #507) 2022-02-20 18:19:15.348292 >> Cloud created! ID: #254
(ENTRY #508) 2022-02-20 18:19:15.913868 >> Cloud removed! ID: #254
(ENTRY #509) 2022-02-20 18:19:16.395908 >> Cloud created! ID: #255
(ENTRY #510) 2022-02-20 18:19:17.456949 >> Cloud created! ID: #256
(ENTRY #511) 2022-02-20 18:19:18.020866 >> Cloud removed! ID: #256
(ENTRY #512) 2022-02-20 18:19:18.513592 >> Cloud created! ID: #257
(ENTRY #513) 2022-02-20 18:19:19.032312 >> Cloud removed! ID: #257
(ENTRY #514) 2022-02-20 18:19:19.332648 >> Cloud removed! ID: #257
(ENTRY #515) 2022-02-20 18:19:19.562538 >> Cloud created! ID: #258
(ENTRY #516) 2022-02-20 18:19:20.597877 >> Cloud created! ID: #259
(ENTRY #517) 2022-02-20 18:19:21.466726 >> Cloud removed! ID: #259
(ENTRY #518) 2022-02-20 18:19:21.672841 >> Cloud created! ID: #260
(ENTRY #519) 2022-02-20 18:19:22.252883 >> Cloud removed! ID: #260
(ENTRY #520) 2022-02-20 18:19:22.408391 >> Cloud removed! ID: #260
(ENTRY #521) 2022-02-20 18:19:22.686410 >> Cloud created! ID: #261
(ENTRY #522) 2022-02-20 18:19:23.577019 >> Cloud removed! ID: #261
(ENTRY #523) 2022-02-20 18:19:23.697551 >> Cloud created! ID: #262
(ENTRY #524) 2022-02-20 18:19:24.334371 >> Cloud removed! ID: #262
(ENTRY #525) 2022-02-20 18:19:24.526936 >> Cloud removed! ID: #262
(ENTRY #526) 2022-02-20 18:19:24.611379 >> Cloud removed! ID: #262
(ENTRY #527) 2022-02-20 18:19:24.878657 >> Cloud created! ID: #263
(ENTRY #528) 2022-02-20 18:19:25.939338 >> Cloud created! ID: #264
(ENTRY #529) 2022-02-20 18:19:26.376372 >> Cloud removed! ID: #264
(ENTRY #530) 2022-02-20 18:19:27.037881 >> Cloud created! ID: #265
(ENTRY #531) 2022-02-20 18:19:27.388878 >> Cloud removed! ID: #265
(ENTRY #532) 2022-02-20 18:19:27.711896 >> Cloud removed! ID: #265
(ENTRY #533) 2022-02-20 18:19:28.096580 >> Cloud created! ID: #266
(ENTRY #534) 2022-02-20 18:19:29.110886 >> Cloud created! ID: #267
(ENTRY #535) 2022-02-20 18:19:29.953369 >> Cloud removed! ID: #267
(ENTRY #536) 2022-02-20 18:19:30.181730 >> Cloud created! ID: #268
(ENTRY #537) 2022-02-20 18:19:31.048367 >> Cloud removed! ID: #268
(ENTRY #538) 2022-02-20 18:19:31.265421 >> Cloud created! ID: #269
(ENTRY #539) 2022-02-20 18:19:32.308160 >> Cloud created! ID: #270
(ENTRY #540) 2022-02-20 18:19:33.317966 >> Cloud created! ID: #271
(ENTRY #541) 2022-02-20 18:19:33.702889 >> Cloud removed! ID: #271
(ENTRY #542) 2022-02-20 18:19:34.376889 >> Cloud created! ID: #272
(ENTRY #543) 2022-02-20 18:19:34.714683 >> Cloud removed! ID: #272
(ENTRY #544) 2022-02-20 18:19:35.400356 >> Cloud created! ID: #273
(ENTRY #545) 2022-02-20 18:19:36.316952 >> Cloud removed! ID: #273
(ENTRY #546) 2022-02-20 18:19:36.413888 >> Cloud created! ID: #274
(ENTRY #547) 2022-02-20 18:19:36.906889 >> Cloud removed! ID: #274
(ENTRY #548) 2022-02-20 18:19:37.268571 >> Cloud removed! ID: #274
(ENTRY #549) 2022-02-20 18:19:37.450574 >> Cloud created! ID: #275
(ENTRY #550) 2022-02-20 18:19:38.451616 >> Cloud created! ID: #276
(ENTRY #551) 2022-02-20 18:19:39.522367 >> Cloud created! ID: #277
(ENTRY #552) 2022-02-20 18:19:40.124658 >> Cloud removed! ID: #277
(ENTRY #553) 2022-02-20 18:19:40.424607 >> Cloud removed! ID: #277
(ENTRY #554) 2022-02-20 18:19:40.664901 >> Cloud created! ID: #278
(ENTRY #555) 2022-02-20 18:19:41.135859 >> Cloud removed! ID: #278
(ENTRY #556) 2022-02-20 18:19:41.413363 >> Cloud removed! ID: #278
(ENTRY #557) 2022-02-20 18:19:41.461225 >> Cloud removed! ID: #278
(ENTRY #558) 2022-02-20 18:19:41.665122 >> Cloud created! ID: #279
(ENTRY #559) 2022-02-20 18:19:42.205321 >> Cloud removed! ID: #279
(ENTRY #560) 2022-02-20 18:19:42.459369 >> Cloud removed! ID: #279
(ENTRY #561) 2022-02-20 18:19:42.675814 >> Cloud created! ID: #280
(ENTRY #562) 2022-02-20 18:19:43.682430 >> Cloud created! ID: #281
(ENTRY #563) 2022-02-20 18:19:44.689328 >> Cloud created! ID: #282
(ENTRY #564) 2022-02-20 18:19:45.338091 >> Cloud removed! ID: #282
(ENTRY #565) 2022-02-20 18:19:45.519167 >> Cloud removed! ID: #282
(ENTRY #566) 2022-02-20 18:19:45.700367 >> Cloud created! ID: #283
(ENTRY #567) 2022-02-20 18:19:46.399186 >> Cloud removed! ID: #283
(ENTRY #568) 2022-02-20 18:19:46.666255 >> Cloud removed! ID: #283
(ENTRY #569) 2022-02-20 18:19:46.776372 >> Cloud created! ID: #284
(ENTRY #570) 2022-02-20 18:19:47.693338 >> Cloud removed! ID: #284
(ENTRY #571) 2022-02-20 18:19:47.802023 >> Cloud created! ID: #285
(ENTRY #572) 2022-02-20 18:19:48.822268 >> Cloud created! ID: #286
(ENTRY #573) 2022-02-20 18:19:49.711915 >> Cloud removed! ID: #286
(ENTRY #574) 2022-02-20 18:19:49.880383 >> Cloud created! ID: #287
(ENTRY #575) 2022-02-20 18:19:50.707844 >> Cloud removed! ID: #287
(ENTRY #576) 2022-02-20 18:19:50.889846 >> Cloud created! ID: #288
(ENTRY #577) 2022-02-20 18:19:51.974312 >> Cloud created! ID: #289
(ENTRY #578) 2022-02-20 18:19:52.986372 >> Cloud created! ID: #290
(ENTRY #579) 2022-02-20 18:19:53.695862 >> Cloud removed! ID: #290
(ENTRY #580) 2022-02-20 18:19:54.009325 >> Cloud created! ID: #291
(ENTRY #581) 2022-02-20 18:19:54.716260 >> Cloud removed! ID: #291
(ENTRY #582) 2022-02-20 18:19:54.848790 >> Cloud removed! ID: #291
(ENTRY #583) 2022-02-20 18:19:55.113344 >> Cloud created! ID: #292
(ENTRY #584) 2022-02-20 18:19:55.909410 >> Cloud removed! ID: #292
(ENTRY #585) 2022-02-20 18:19:56.138507 >> Cloud created! ID: #293
(ENTRY #586) 2022-02-20 18:19:56.911667 >> Cloud removed! ID: #293
(ENTRY #587) 2022-02-20 18:19:57.140120 >> Cloud created! ID: #294
(ENTRY #588) 2022-02-20 18:19:57.997370 >> Cloud removed! ID: #294
(ENTRY #589) 2022-02-20 18:19:58.033332 >> Cloud removed! ID: #294
(ENTRY #590) 2022-02-20 18:19:58.165736 >> Cloud created! ID: #295
(ENTRY #591) 2022-02-20 18:19:58.829230 >> Cloud removed! ID: #295
(ENTRY #592) 2022-02-20 18:19:59.009586 >> Cloud removed! ID: #295
(ENTRY #593) 2022-02-20 18:19:59.166384 >> Cloud created! ID: #296
(ENTRY #594) 2022-02-20 18:19:59.854368 >> Cloud removed! ID: #296
(ENTRY #595) 2022-02-20 18:20:00.167378 >> Cloud created! ID: #297
(ENTRY #596) 2022-02-20 18:20:01.327398 >> Cloud created! ID: #298
(ENTRY #597) 2022-02-20 18:20:02.186275 >> Cloud removed! ID: #298
(ENTRY #598) 2022-02-20 18:20:02.342847 >> Cloud created! ID: #299
(ENTRY #599) 2022-02-20 18:20:03.391921 >> Cloud created! ID: #300
(ENTRY #600) 2022-02-20 18:20:04.427036 >> Cloud created! ID: #301
(ENTRY #601) 2022-02-20 18:20:05.196879 >> Cloud removed! ID: #301
(ENTRY #602) 2022-02-20 18:20:05.353879 >> Cloud removed! ID: #301
(ENTRY #603) 2022-02-20 18:20:05.450879 >> Cloud created! ID: #302
(ENTRY #604) 2022-02-20 18:20:06.195885 >> Cloud removed! ID: #302
(ENTRY #605) 2022-02-20 18:20:06.365930 >> Cloud removed! ID: #302
(ENTRY #606) 2022-02-20 18:20:06.497928 >> Cloud created! ID: #303
(ENTRY #607) 2022-02-20 18:20:07.172699 >> Cloud removed! ID: #303
(ENTRY #608) 2022-02-20 18:20:07.498842 >> Cloud created! ID: #304
(ENTRY #609) 2022-02-20 18:20:08.197372 >> Cloud removed! ID: #304
(ENTRY #610) 2022-02-20 18:20:08.619816 >> Cloud created! ID: #305
(ENTRY #611) 2022-02-20 18:20:09.197392 >> Cloud removed! ID: #305
(ENTRY #612) 2022-02-20 18:20:09.400386 >> Cloud removed! ID: #305
(ENTRY #613) 2022-02-20 18:20:09.460387 >> Cloud removed! ID: #305
(ENTRY #614) 2022-02-20 18:20:09.701377 >> Cloud created! ID: #306
(ENTRY #615) 2022-02-20 18:20:10.434218 >> Cloud removed! ID: #306
(ENTRY #616) 2022-02-20 18:20:10.782867 >> Cloud created! ID: #307
(ENTRY #617) 2022-02-20 18:20:11.925874 >> Cloud created! ID: #308
(ENTRY #618) 2022-02-20 18:20:12.982455 >> Cloud created! ID: #309
(ENTRY #619) 2022-02-20 18:20:13.501315 >> Cloud removed! ID: #309
(ENTRY #620) 2022-02-20 18:20:14.004878 >> Cloud created! ID: #310
(ENTRY #621) 2022-02-20 18:20:14.618865 >> Cloud removed! ID: #310
(ENTRY #622) 2022-02-20 18:20:15.076878 >> Cloud created! ID: #311
(ENTRY #623) 2022-02-20 18:20:15.703954 >> Cloud removed! ID: #311
(ENTRY #624) 2022-02-20 18:20:15.933454 >> Cloud removed! ID: #311
(ENTRY #625) 2022-02-20 18:20:16.304099 >> Cloud created! ID: #312
(ENTRY #626) 2022-02-20 18:20:16.988718 >> Cloud removed! ID: #312
(ENTRY #627) 2022-02-20 18:20:17.313626 >> Cloud created! ID: #313
(ENTRY #628) 2022-02-20 18:20:18.333893 >> Cloud created! ID: #314
(ENTRY #629) 2022-02-20 18:20:18.515013 >> Cloud removed! ID: #314
(ENTRY #630) 2022-02-20 18:20:19.357548 >> Cloud created! ID: #315
(ENTRY #631) 2022-02-20 18:20:20.304834 >> Cloud removed! ID: #315
(ENTRY #632) 2022-02-20 18:20:20.424533 >> Cloud created! ID: #316
(ENTRY #633) 2022-02-20 18:20:21.076615 >> Cloud removed! ID: #316
(ENTRY #634) 2022-02-20 18:20:21.436105 >> Cloud created! ID: #317
(ENTRY #635) 2022-02-20 18:20:22.505604 >> Cloud created! ID: #318
(ENTRY #636) 2022-02-20 18:20:22.792977 >> Cloud removed! ID: #318
(ENTRY #637) 2022-02-20 18:20:23.309366 >> Cloud removed! ID: #318
(ENTRY #638) 2022-02-20 18:20:23.574088 >> Cloud created! ID: #319
(ENTRY #639) 2022-02-20 18:20:24.428473 >> Cloud removed! ID: #319
(ENTRY #640) 2022-02-20 18:20:24.608874 >> Cloud created! ID: #320
(ENTRY #641) 2022-02-20 18:20:25.435925 >> Cloud removed! ID: #320
(ENTRY #642) 2022-02-20 18:20:25.665163 >> Cloud created! ID: #321
(ENTRY #643) 2022-02-20 18:20:26.013887 >> Cloud removed! ID: #321
(ENTRY #644) 2022-02-20 18:20:26.505694 >> Cloud removed! ID: #321
(ENTRY #645) 2022-02-20 18:20:26.722746 >> Cloud created! ID: #322
(ENTRY #646) 2022-02-20 18:20:27.577745 >> Cloud removed! ID: #322
(ENTRY #647) 2022-02-20 18:20:27.818559 >> Cloud created! ID: #323
(ENTRY #648) 2022-02-20 18:20:28.829387 >> Cloud created! ID: #324
(ENTRY #649) 2022-02-20 18:20:29.848080 >> Cloud created! ID: #325
(ENTRY #650) 2022-02-20 18:20:30.341540 >> Cloud removed! ID: #325
(ENTRY #651) 2022-02-20 18:20:30.865071 >> Cloud created! ID: #326
(ENTRY #652) 2022-02-20 18:20:31.385095 >> Cloud removed! ID: #326
(ENTRY #653) 2022-02-20 18:20:31.893307 >> Cloud created! ID: #327
(ENTRY #654) 2022-02-20 18:20:33.024526 >> Cloud created! ID: #328
(ENTRY #655) 2022-02-20 18:20:33.882371 >> Cloud removed! ID: #328
(ENTRY #656) 2022-02-20 18:20:34.039618 >> Cloud created! ID: #329
(ENTRY #657) 2022-02-20 18:20:34.868455 >> Cloud removed! ID: #329
(ENTRY #658) 2022-02-20 18:20:35.109950 >> Cloud created! ID: #330
(ENTRY #659) 2022-02-20 18:20:36.132605 >> Cloud created! ID: #331
(ENTRY #660) 2022-02-20 18:20:36.663060 >> Cloud removed! ID: #331
(ENTRY #661) 2022-02-20 18:20:36.891549 >> Cloud removed! ID: #331
(ENTRY #662) 2022-02-20 18:20:37.047250 >> Cloud removed! ID: #331
(ENTRY #663) 2022-02-20 18:20:37.168343 >> Cloud created! ID: #332
(ENTRY #664) 2022-02-20 18:20:37.725894 >> Cloud removed! ID: #332
(ENTRY #665) 2022-02-20 18:20:38.184288 >> Cloud created! ID: #333
(ENTRY #666) 2022-02-20 18:20:38.789790 >> Cloud removed! ID: #333
(ENTRY #667) 2022-02-20 18:20:39.128864 >> Cloud removed! ID: #333
(ENTRY #668) 2022-02-20 18:20:39.189675 >> Cloud created! ID: #334
(ENTRY #669) 2022-02-20 18:20:39.885600 >> Cloud removed! ID: #334
(ENTRY #670) 2022-02-20 18:20:40.065865 >> Cloud removed! ID: #334
(ENTRY #671) 2022-02-20 18:20:40.149864 >> Cloud removed! ID: #334
(ENTRY #672) 2022-02-20 18:20:40.281698 >> Cloud created! ID: #335
(ENTRY #673) 2022-02-20 18:20:41.304368 >> Cloud created! ID: #336
(ENTRY #674) 2022-02-20 18:20:42.400366 >> Cloud created! ID: #337
(ENTRY #675) 2022-02-20 18:20:43.418867 >> Cloud created! ID: #338
(ENTRY #676) 2022-02-20 18:20:43.876629 >> Naval Warfare 2D Closed...
