Log for Naval Warfare 2D, intended for debugging purposes only! 

(ENTRY #1) 2022-02-18 22:34:55.001412 >> Initialized Log handler...
(ENTRY #2) 2022-02-18 22:34:55.246062 >> Initialized Warship handler...
(ENTRY #3) 2022-02-18 22:34:55.257560 >> Initialized GUI handler...
(ENTRY #4) 2022-02-18 22:34:55.257560 >> Starting Naval Warfare 2D...
(ENTRY #5) 2022-02-18 22:34:55.471071 >> Created Sprite for Player!
(ENTRY #6) 2022-02-18 22:34:55.471071 >> Finished initalizingw!
(ENTRY #7) 2022-02-18 22:34:56.527243 >> Game resumed!
(ENTRY #8) 2022-02-18 22:34:56.539241 >> Cloud created! ID: #1
(ENTRY #9) 2022-02-18 22:34:59.165965 >> Cloud created! ID: #2
(ENTRY #10) 2022-02-18 22:35:00.179351 >> Cloud created! ID: #3
(ENTRY #11) 2022-02-18 22:35:01.180009 >> Cloud created! ID: #4
(ENTRY #12) 2022-02-18 22:35:02.217895 >> Cloud created! ID: #5
(ENTRY #13) 2022-02-18 22:35:02.265458 >> Cloud removed! ID: #5
(ENTRY #14) 2022-02-18 22:35:03.131539 >> Cloud removed! ID: #5
(ENTRY #15) 2022-02-18 22:35:03.236552 >> Cloud created! ID: #6
(ENTRY #16) 2022-02-18 22:35:04.130414 >> Cloud removed! ID: #6
(ENTRY #17) 2022-02-18 22:35:04.250952 >> Cloud created! ID: #7
(ENTRY #18) 2022-02-18 22:35:05.129005 >> Cloud removed! ID: #7
(ENTRY #19) 2022-02-18 22:35:05.262260 >> Cloud created! ID: #8
(ENTRY #20) 2022-02-18 22:35:06.282212 >> Cloud created! ID: #9
(ENTRY #21) 2022-02-18 22:35:07.303074 >> Cloud created! ID: #10
(ENTRY #22) 2022-02-18 22:35:08.221120 >> Cloud removed! ID: #10
(ENTRY #23) 2022-02-18 22:35:08.327695 >> Cloud created! ID: #11
(ENTRY #24) 2022-02-18 22:35:09.486609 >> Cloud created! ID: #12
(ENTRY #25) 2022-02-18 22:35:10.278575 >> Cloud removed! ID: #12
(ENTRY #26) 2022-02-18 22:35:10.547199 >> Cloud created! ID: #13
(ENTRY #27) 2022-02-18 22:35:11.077990 >> Naval Warfare 2D Closed...
