Log for Naval Warfare 2D, intended for debugging purposes only! 

(ENTRY #1) 2022-03-10 18:41:58.436863 >> Initialized Log handler...
(ENTRY #2) 2022-03-10 18:41:59.559858 >> Initialized Warship handler...
(ENTRY #3) 2022-03-10 18:41:59.563854 >> Initialized Projectile handler...
(ENTRY #4) 2022-03-10 18:41:59.564855 >> Dumb-AI Entity created!
(ENTRY #5) 2022-03-10 18:41:59.566892 >> Dumb-AI Entity created!
(ENTRY #6) 2022-03-10 18:41:59.568852 >> Dumb-AI Entity created!
(ENTRY #7) 2022-03-10 18:41:59.570856 >> Dumb-AI Entity created!
(ENTRY #8) 2022-03-10 18:41:59.576860 >> Dumb-AI Entity created!
(ENTRY #9) 2022-03-10 18:41:59.582854 >> Dumb-AI Entity created!
(ENTRY #10) 2022-03-10 18:41:59.587886 >> Dumb-AI Entity created!
(ENTRY #11) 2022-03-10 18:41:59.595853 >> Dumb-AI Entity created!
(ENTRY #12) 2022-03-10 18:41:59.600854 >> Dumb-AI Entity created!
(ENTRY #13) 2022-03-10 18:41:59.607857 >> Dumb-AI Entity created!
(ENTRY #14) 2022-03-10 18:41:59.666886 >> Initialized GUI handler...
(ENTRY #15) 2022-03-10 18:41:59.667872 >> Starting Naval Warfare 2D...
(ENTRY #16) 2022-03-10 18:42:05.273364 >> Created Sprite for Player!
(ENTRY #17) 2022-03-10 18:42:05.273364 >> Finished initalizing!
(ENTRY #18) 2022-03-10 18:42:06.854235 >> Returning to menu!
(ENTRY #19) 2022-03-10 18:42:07.572137 >> Game resumed!
(ENTRY #20) 2022-03-10 18:42:07.591946 >> Cloud created! ID: #1
(ENTRY #21) 2022-03-10 18:42:07.591946 >> entity_1_3 and entity_2_0 have collided!
(ENTRY #22) 2022-03-10 18:42:07.591946 >> entity_2_0 and entity_1_3 have collided!
(ENTRY #23) 2022-03-10 18:42:07.591946 >> MOUSEPOS: (350.0, 579.75)
(ENTRY #24) 2022-03-10 18:42:07.591946 >> SLOPE CALC:None
(ENTRY #25) 2022-03-10 18:42:07.591946 >> LIN CALC FIN: 589.75
(ENTRY #26) 2022-03-10 18:42:07.591946 >> LIN CALC RAW: 310.25
(ENTRY #27) 2022-03-10 18:42:07.591946 >> Above!
(ENTRY #28) 2022-03-10 18:42:07.591946 >> Object lightRound has been created!
(ENTRY #29) 2022-03-10 18:42:07.592943 >> Protectile #2 has been created! Type: Light
(ENTRY #30) 2022-03-10 18:42:07.592943 >> Projectile created! ID: #2
(ENTRY #31) 2022-03-10 18:42:07.592943 >> MOUSEPOS: (300.0, 539.75)
(ENTRY #32) 2022-03-10 18:42:07.592943 >> SLOPE CALC:None
(ENTRY #33) 2022-03-10 18:42:07.592943 >> LIN CALC FIN: 529.75
(ENTRY #34) 2022-03-10 18:42:07.592943 >> LIN CALC RAW: 370.25
(ENTRY #35) 2022-03-10 18:42:07.592943 >> Below!
(ENTRY #36) 2022-03-10 18:42:07.592943 >> Object lightRound has been created!
(ENTRY #37) 2022-03-10 18:42:07.593943 >> Protectile #4 has been created! Type: Light
(ENTRY #38) 2022-03-10 18:42:07.593943 >> Projectile created! ID: #4
(ENTRY #39) 2022-03-10 18:42:07.593943 >> MOUSEPOS: (350.0, 579.75)
(ENTRY #40) 2022-03-10 18:42:07.593943 >> SLOPE CALC:None
(ENTRY #41) 2022-03-10 18:42:07.593943 >> LIN CALC FIN: 569.75
(ENTRY #42) 2022-03-10 18:42:07.593943 >> LIN CALC RAW: 330.25
(ENTRY #43) 2022-03-10 18:42:07.593943 >> Below!
(ENTRY #44) 2022-03-10 18:42:07.593943 >> Object lightRound has been created!
(ENTRY #45) 2022-03-10 18:42:07.593943 >> Protectile #6 has been created! Type: Light
(ENTRY #46) 2022-03-10 18:42:07.593943 >> Projectile created! ID: #6
(ENTRY #47) 2022-03-10 18:42:07.593943 >> MOUSEPOS: (550.0, 689.0)
(ENTRY #48) 2022-03-10 18:42:07.593943 >> SLOPE CALC:None
(ENTRY #49) 2022-03-10 18:42:07.593943 >> LIN CALC FIN: 650.0
(ENTRY #50) 2022-03-10 18:42:07.593943 >> LIN CALC RAW: 250.0
(ENTRY #51) 2022-03-10 18:42:07.593943 >> Below!
(ENTRY #52) 2022-03-10 18:42:07.593943 >> Object lightRound has been created!
(ENTRY #53) 2022-03-10 18:42:07.594944 >> Protectile #8 has been created! Type: Light
(ENTRY #54) 2022-03-10 18:42:07.594944 >> Projectile created! ID: #8
(ENTRY #55) 2022-03-10 18:42:07.594944 >> MOUSEPOS: (500.0, 700.0)
(ENTRY #56) 2022-03-10 18:42:07.594944 >> SLOPE CALC:None
(ENTRY #57) 2022-03-10 18:42:07.594944 >> LIN CALC FIN: 739.0
(ENTRY #58) 2022-03-10 18:42:07.594944 >> LIN CALC RAW: 161.0
(ENTRY #59) 2022-03-10 18:42:07.594944 >> Above!
(ENTRY #60) 2022-03-10 18:42:07.594944 >> Object lightRound has been created!
(ENTRY #61) 2022-03-10 18:42:07.595945 >> Protectile #10 has been created! Type: Light
(ENTRY #62) 2022-03-10 18:42:07.595945 >> Projectile created! ID: #10
(ENTRY #63) 2022-03-10 18:42:07.595945 >> MOUSEPOS: (550.0, 689.0)
(ENTRY #64) 2022-03-10 18:42:07.595945 >> SLOPE CALC:None
(ENTRY #65) 2022-03-10 18:42:07.595945 >> LIN CALC FIN: 609.0
(ENTRY #66) 2022-03-10 18:42:07.595945 >> LIN CALC RAW: 291.0
(ENTRY #67) 2022-03-10 18:42:07.595945 >> Below!
(ENTRY #68) 2022-03-10 18:42:07.595945 >> Object lightRound has been created!
(ENTRY #69) 2022-03-10 18:42:07.595945 >> Protectile #12 has been created! Type: Light
(ENTRY #70) 2022-03-10 18:42:07.595945 >> Projectile created! ID: #12
(ENTRY #71) 2022-03-10 18:42:07.595945 >> MOUSEPOS: (650.0, 709.0)
(ENTRY #72) 2022-03-10 18:42:07.595945 >> SLOPE CALC:None
(ENTRY #73) 2022-03-10 18:42:07.595945 >> LIN CALC FIN: 629.0
(ENTRY #74) 2022-03-10 18:42:07.595945 >> LIN CALC RAW: 271.0
(ENTRY #75) 2022-03-10 18:42:07.595945 >> Below!
(ENTRY #76) 2022-03-10 18:42:07.596944 >> Object lightRound has been created!
(ENTRY #77) 2022-03-10 18:42:07.596944 >> Protectile #14 has been created! Type: Light
(ENTRY #78) 2022-03-10 18:42:07.596944 >> Projectile created! ID: #14
(ENTRY #79) 2022-03-10 18:42:07.596944 >> MOUSEPOS: (750.0, 729.0)
(ENTRY #80) 2022-03-10 18:42:07.596944 >> SLOPE CALC:None
(ENTRY #81) 2022-03-10 18:42:07.596944 >> LIN CALC FIN: 649.0
(ENTRY #82) 2022-03-10 18:42:07.596944 >> LIN CALC RAW: 251.0
(ENTRY #83) 2022-03-10 18:42:07.596944 >> Below!
(ENTRY #84) 2022-03-10 18:42:07.596944 >> Object lightRound has been created!
(ENTRY #85) 2022-03-10 18:42:07.597944 >> Protectile #16 has been created! Type: Light
(ENTRY #86) 2022-03-10 18:42:07.597944 >> Projectile created! ID: #16
(ENTRY #87) 2022-03-10 18:42:07.938251 >> Projectile has hit!
(ENTRY #88) 2022-03-10 18:42:07.938251 >> Projectile removed!
(ENTRY #89) 2022-03-10 18:42:07.980272 >> Projectile has hit!
(ENTRY #90) 2022-03-10 18:42:07.980272 >> Projectile removed!
(ENTRY #91) 2022-03-10 18:42:08.000272 >> Projectile has hit!
(ENTRY #92) 2022-03-10 18:42:08.000272 >> Projectile has hit!
(ENTRY #93) 2022-03-10 18:42:08.000272 >> Projectile removed!
(ENTRY #94) 2022-03-10 18:42:08.000272 >> Projectile removed!
(ENTRY #95) 2022-03-10 18:42:08.602801 >> Projectile has hit!
(ENTRY #96) 2022-03-10 18:42:08.602801 >> Projectile removed!
(ENTRY #97) 2022-03-10 18:42:08.622131 >> Cloud created! ID: #2
(ENTRY #98) 2022-03-10 18:42:08.716950 >> Projectile has hit!
(ENTRY #99) 2022-03-10 18:42:08.716950 >> Projectile removed!
(ENTRY #100) 2022-03-10 18:42:09.335980 >> entity_2_1 and entity_2_2 have collided!
(ENTRY #101) 2022-03-10 18:42:09.335980 >> entity_2_2 and entity_2_1 have collided!
(ENTRY #102) 2022-03-10 18:42:09.549812 >> Projectile has hit!
(ENTRY #103) 2022-03-10 18:42:09.549812 >> Projectile removed!
(ENTRY #104) 2022-03-10 18:42:09.615786 >> MOUSEPOS: (344.5790128581065, 555.5475072008201)
(ENTRY #105) 2022-03-10 18:42:09.615786 >> SLOPE CALC:None
(ENTRY #106) 2022-03-10 18:42:09.615786 >> LIN CALC FIN: 565.5475072008201
(ENTRY #107) 2022-03-10 18:42:09.615786 >> LIN CALC RAW: 334.45249279917994
(ENTRY #108) 2022-03-10 18:42:09.615786 >> Above!
(ENTRY #109) 2022-03-10 18:42:09.615786 >> Object lightRound has been created!
(ENTRY #110) 2022-03-10 18:42:09.616780 >> Protectile #18 has been created! Type: Light
(ENTRY #111) 2022-03-10 18:42:09.616780 >> Projectile created! ID: #18
(ENTRY #112) 2022-03-10 18:42:09.616780 >> MOUSEPOS: (294.5790128581065, 515.5475072008201)
(ENTRY #113) 2022-03-10 18:42:09.616780 >> SLOPE CALC:None
(ENTRY #114) 2022-03-10 18:42:09.616780 >> LIN CALC FIN: 505.54750720082006
(ENTRY #115) 2022-03-10 18:42:09.616780 >> LIN CALC RAW: 394.45249279917994
(ENTRY #116) 2022-03-10 18:42:09.616780 >> Below!
(ENTRY #117) 2022-03-10 18:42:09.616780 >> Object lightRound has been created!
(ENTRY #118) 2022-03-10 18:42:09.617785 >> Protectile #20 has been created! Type: Light
(ENTRY #119) 2022-03-10 18:42:09.617785 >> Projectile created! ID: #20
(ENTRY #120) 2022-03-10 18:42:09.617785 >> MOUSEPOS: (344.5790128581065, 555.5475072008201)
(ENTRY #121) 2022-03-10 18:42:09.617785 >> SLOPE CALC:None
(ENTRY #122) 2022-03-10 18:42:09.617785 >> LIN CALC FIN: 534.7055329170332
(ENTRY #123) 2022-03-10 18:42:09.617785 >> LIN CALC RAW: 365.2944670829668
(ENTRY #124) 2022-03-10 18:42:09.617785 >> Below!
(ENTRY #125) 2022-03-10 18:42:09.617785 >> Object lightRound has been created!
(ENTRY #126) 2022-03-10 18:42:09.619782 >> Protectile #22 has been created! Type: Light
(ENTRY #127) 2022-03-10 18:42:09.619782 >> Projectile created! ID: #22
(ENTRY #128) 2022-03-10 18:42:09.619782 >> MOUSEPOS: (405.42098714189353, 595.5475072008202)
(ENTRY #129) 2022-03-10 18:42:09.619782 >> SLOPE CALC:None
(ENTRY #130) 2022-03-10 18:42:09.619782 >> LIN CALC FIN: 605.4209871418935
(ENTRY #131) 2022-03-10 18:42:09.619782 >> LIN CALC RAW: 294.57901285810647
(ENTRY #132) 2022-03-10 18:42:09.619782 >> Above!
(ENTRY #133) 2022-03-10 18:42:09.619782 >> Object lightRound has been created!
(ENTRY #134) 2022-03-10 18:42:09.620783 >> Protectile #24 has been created! Type: Light
(ENTRY #135) 2022-03-10 18:42:09.620783 >> Projectile created! ID: #24
(ENTRY #136) 2022-03-10 18:42:09.620783 >> MOUSEPOS: (868.8949298592273, 682.7701760416263)
(ENTRY #137) 2022-03-10 18:42:09.620783 >> SLOPE CALC:None
(ENTRY #138) 2022-03-10 18:42:09.620783 >> LIN CALC FIN: 801.5835469943311
(ENTRY #139) 2022-03-10 18:42:09.620783 >> LIN CALC RAW: 98.41645300566893
(ENTRY #140) 2022-03-10 18:42:09.620783 >> Above!
(ENTRY #141) 2022-03-10 18:42:09.620783 >> Object lightRound has been created!
(ENTRY #142) 2022-03-10 18:42:09.621779 >> Protectile #26 has been created! Type: Light
(ENTRY #143) 2022-03-10 18:42:09.621779 >> Projectile created! ID: #26
(ENTRY #144) 2022-03-10 18:42:09.621779 >> MOUSEPOS: (708.695047704363, 641.3836648394667)
(ENTRY #145) 2022-03-10 18:42:09.621779 >> SLOPE CALC:None
(ENTRY #146) 2022-03-10 18:42:09.621779 >> LIN CALC FIN: 522.570293886762
(ENTRY #147) 2022-03-10 18:42:09.622783 >> LIN CALC RAW: 377.429706113238
(ENTRY #148) 2022-03-10 18:42:09.622783 >> Below!
(ENTRY #149) 2022-03-10 18:42:09.622783 >> Object lightRound has been created!
(ENTRY #150) 2022-03-10 18:42:09.622783 >> Protectile #28 has been created! Type: Light
(ENTRY #151) 2022-03-10 18:42:09.622783 >> Projectile created! ID: #28
(ENTRY #152) 2022-03-10 18:42:09.688459 >> Cloud created! ID: #3
(ENTRY #153) 2022-03-10 18:42:09.901674 >> Projectile has hit!
(ENTRY #154) 2022-03-10 18:42:09.901674 >> Projectile removed!
(ENTRY #155) 2022-03-10 18:42:09.940897 >> Projectile has hit!
(ENTRY #156) 2022-03-10 18:42:09.940897 >> Projectile removed!
(ENTRY #157) 2022-03-10 18:42:10.015183 >> Projectile has hit!
(ENTRY #158) 2022-03-10 18:42:10.015183 >> Projectile removed!
(ENTRY #159) 2022-03-10 18:42:10.344470 >> Projectile has hit!
(ENTRY #160) 2022-03-10 18:42:10.344470 >> Projectile removed!
(ENTRY #161) 2022-03-10 18:42:10.538617 >> Projectile has hit!
(ENTRY #162) 2022-03-10 18:42:10.538617 >> Projectile removed!
(ENTRY #163) 2022-03-10 18:42:10.628183 >> Projectile has hit!
(ENTRY #164) 2022-03-10 18:42:10.628183 >> Projectile removed!
(ENTRY #165) 2022-03-10 18:42:10.869615 >> Cloud created! ID: #4
(ENTRY #166) 2022-03-10 18:42:11.617551 >> MOUSEPOS: (327.68288583160785, 534.4953692352095)
(ENTRY #167) 2022-03-10 18:42:11.617551 >> SLOPE CALC:None
(ENTRY #168) 2022-03-10 18:42:11.617551 >> LIN CALC FIN: 544.4953692352098
(ENTRY #169) 2022-03-10 18:42:11.617551 >> LIN CALC RAW: 355.50463076479025
(ENTRY #170) 2022-03-10 18:42:11.617551 >> Above!
(ENTRY #171) 2022-03-10 18:42:11.617551 >> Object lightRound has been created!
(ENTRY #172) 2022-03-10 18:42:11.618550 >> Protectile #30 has been created! Type: Light
(ENTRY #173) 2022-03-10 18:42:11.618550 >> Projectile created! ID: #30
(ENTRY #174) 2022-03-10 18:42:11.618550 >> MOUSEPOS: (277.68288583160785, 494.49536923520975)
(ENTRY #175) 2022-03-10 18:42:11.618550 >> SLOPE CALC:None
(ENTRY #176) 2022-03-10 18:42:11.618550 >> LIN CALC FIN: 484.4953692352095
(ENTRY #177) 2022-03-10 18:42:11.618550 >> LIN CALC RAW: 415.5046307647905
(ENTRY #178) 2022-03-10 18:42:11.618550 >> Below!
(ENTRY #179) 2022-03-10 18:42:11.618550 >> Object lightRound has been created!
(ENTRY #180) 2022-03-10 18:42:11.619549 >> Protectile #32 has been created! Type: Light
(ENTRY #181) 2022-03-10 18:42:11.619549 >> Projectile created! ID: #32
(ENTRY #182) 2022-03-10 18:42:11.619549 >> MOUSEPOS: (327.68288583160785, 534.4953692352095)
(ENTRY #183) 2022-03-10 18:42:11.619549 >> SLOPE CALC:None
(ENTRY #184) 2022-03-10 18:42:11.619549 >> LIN CALC FIN: 479.8611408984253
(ENTRY #185) 2022-03-10 18:42:11.619549 >> LIN CALC RAW: 420.1388591015747
(ENTRY #186) 2022-03-10 18:42:11.619549 >> Below!
(ENTRY #187) 2022-03-10 18:42:11.619549 >> Object lightRound has been created!
(ENTRY #188) 2022-03-10 18:42:11.619549 >> Protectile #34 has been created! Type: Light
(ENTRY #189) 2022-03-10 18:42:11.619549 >> Projectile created! ID: #34
(ENTRY #190) 2022-03-10 18:42:11.619549 >> MOUSEPOS: (422.3171141683922, 574.4953692352096)
(ENTRY #191) 2022-03-10 18:42:11.619549 >> SLOPE CALC:None
(ENTRY #192) 2022-03-10 18:42:11.619549 >> LIN CALC FIN: 622.3171141683922
(ENTRY #193) 2022-03-10 18:42:11.620558 >> LIN CALC RAW: 277.6828858316078
(ENTRY #194) 2022-03-10 18:42:11.620558 >> Above!
(ENTRY #195) 2022-03-10 18:42:11.620558 >> Object lightRound has been created!
(ENTRY #196) 2022-03-10 18:42:11.620558 >> Protectile #36 has been created! Type: Light
(ENTRY #197) 2022-03-10 18:42:11.620558 >> Projectile created! ID: #36
(ENTRY #198) 2022-03-10 18:42:11.620558 >> MOUSEPOS: (854.2198643176996, 680.0648217199649)
(ENTRY #199) 2022-03-10 18:42:11.620558 >> SLOPE CALC:None
(ENTRY #200) 2022-03-10 18:42:11.620558 >> LIN CALC FIN: 727.7326206279225
(ENTRY #201) 2022-03-10 18:42:11.620558 >> LIN CALC RAW: 172.26737937207747
(ENTRY #202) 2022-03-10 18:42:11.620558 >> Above!
(ENTRY #203) 2022-03-10 18:42:11.620558 >> Object lightRound has been created!
(ENTRY #204) 2022-03-10 18:42:11.620558 >> Protectile #38 has been created! Type: Light
(ENTRY #205) 2022-03-10 18:42:11.621550 >> Projectile created! ID: #38
(ENTRY #206) 2022-03-10 18:42:11.621550 >> MOUSEPOS: (670.2353968695969, 543.7481531798198)
(ENTRY #207) 2022-03-10 18:42:11.621550 >> SLOPE CALC:None
(ENTRY #208) 2022-03-10 18:42:11.621550 >> LIN CALC FIN: 496.08035427186223
(ENTRY #209) 2022-03-10 18:42:11.621550 >> LIN CALC RAW: 403.91964572813777
(ENTRY #210) 2022-03-10 18:42:11.621550 >> Below!
(ENTRY #211) 2022-03-10 18:42:11.621550 >> Object lightRound has been created!
(ENTRY #212) 2022-03-10 18:42:11.621550 >> Protectile #40 has been created! Type: Light
(ENTRY #213) 2022-03-10 18:42:11.621550 >> Projectile created! ID: #40
(ENTRY #214) 2022-03-10 18:42:11.855028 >> Projectile has hit!
(ENTRY #215) 2022-03-10 18:42:11.855028 >> Projectile removed!
(ENTRY #216) 2022-03-10 18:42:11.912122 >> Projectile has hit!
(ENTRY #217) 2022-03-10 18:42:11.912122 >> Projectile removed!
(ENTRY #218) 2022-03-10 18:42:11.931314 >> Cloud created! ID: #5
(ENTRY #219) 2022-03-10 18:42:12.273537 >> Projectile has hit!
(ENTRY #220) 2022-03-10 18:42:12.273537 >> Projectile removed!
(ENTRY #221) 2022-03-10 18:42:12.651454 >> Projectile has hit!
(ENTRY #222) 2022-03-10 18:42:12.652447 >> Projectile removed!
(ENTRY #223) 2022-03-10 18:42:12.787437 >> Projectile has hit!
(ENTRY #224) 2022-03-10 18:42:12.787437 >> Projectile removed!
(ENTRY #225) 2022-03-10 18:42:12.964467 >> Cloud created! ID: #6
(ENTRY #226) 2022-03-10 18:42:13.380746 >> Projectile has hit!
(ENTRY #227) 2022-03-10 18:42:13.380746 >> Projectile removed!
(ENTRY #228) 2022-03-10 18:42:13.641304 >> MOUSEPOS: (303.51414077475545, 523.6081434411702)
(ENTRY #229) 2022-03-10 18:42:13.641304 >> SLOPE CALC:None
(ENTRY #230) 2022-03-10 18:42:13.641304 >> LIN CALC FIN: 533.6081434411708
(ENTRY #231) 2022-03-10 18:42:13.641304 >> LIN CALC RAW: 366.3918565588292
(ENTRY #232) 2022-03-10 18:42:13.641304 >> Above!
(ENTRY #233) 2022-03-10 18:42:13.641304 >> Object lightRound has been created!
(ENTRY #234) 2022-03-10 18:42:13.642289 >> Protectile #42 has been created! Type: Light
(ENTRY #235) 2022-03-10 18:42:13.642289 >> Projectile created! ID: #42
(ENTRY #236) 2022-03-10 18:42:13.642289 >> MOUSEPOS: (253.51414077475545, 483.6081434411708)
(ENTRY #237) 2022-03-10 18:42:13.642289 >> SLOPE CALC:None
(ENTRY #238) 2022-03-10 18:42:13.642289 >> LIN CALC FIN: 473.6081434411702
(ENTRY #239) 2022-03-10 18:42:13.642289 >> LIN CALC RAW: 426.3918565588298
(ENTRY #240) 2022-03-10 18:42:13.642289 >> Below!
(ENTRY #241) 2022-03-10 18:42:13.642289 >> Object lightRound has been created!
(ENTRY #242) 2022-03-10 18:42:13.642289 >> Protectile #44 has been created! Type: Light
(ENTRY #243) 2022-03-10 18:42:13.642289 >> Projectile created! ID: #44
(ENTRY #244) 2022-03-10 18:42:13.642289 >> MOUSEPOS: (500.0, 700.0)
(ENTRY #245) 2022-03-10 18:42:13.642289 >> SLOPE CALC:None
(ENTRY #246) 2022-03-10 18:42:13.643289 >> LIN CALC FIN: 617.1222842159257
(ENTRY #247) 2022-03-10 18:42:13.643289 >> LIN CALC RAW: 282.8777157840743
(ENTRY #248) 2022-03-10 18:42:13.643289 >> Below!
(ENTRY #249) 2022-03-10 18:42:13.643289 >> Object lightRound has been created!
(ENTRY #250) 2022-03-10 18:42:13.643289 >> Protectile #46 has been created! Type: Light
(ENTRY #251) 2022-03-10 18:42:13.643289 >> Projectile created! ID: #46
(ENTRY #252) 2022-03-10 18:42:13.643289 >> MOUSEPOS: (446.4858592252447, 563.6081434411705)
(ENTRY #253) 2022-03-10 18:42:13.643289 >> SLOPE CALC:None
(ENTRY #254) 2022-03-10 18:42:13.643289 >> LIN CALC FIN: 646.4858592252447
(ENTRY #255) 2022-03-10 18:42:13.643289 >> LIN CALC RAW: 253.51414077475533
(ENTRY #256) 2022-03-10 18:42:13.643289 >> Above!
(ENTRY #257) 2022-03-10 18:42:13.644298 >> Object lightRound has been created!
(ENTRY #258) 2022-03-10 18:42:13.644298 >> Protectile #48 has been created! Type: Light
(ENTRY #259) 2022-03-10 18:42:13.644298 >> Projectile created! ID: #48
(ENTRY #260) 2022-03-10 18:42:13.644298 >> MOUSEPOS: (446.4858592252447, 563.6081434411705)
(ENTRY #261) 2022-03-10 18:42:13.644298 >> SLOPE CALC:None
(ENTRY #262) 2022-03-10 18:42:13.644298 >> LIN CALC FIN: 633.7136545446094
(ENTRY #263) 2022-03-10 18:42:13.644298 >> LIN CALC RAW: 266.2863454553906
(ENTRY #264) 2022-03-10 18:42:13.644298 >> Above!
(ENTRY #265) 2022-03-10 18:42:13.644298 >> Object lightRound has been created!
(ENTRY #266) 2022-03-10 18:42:13.645299 >> Protectile #50 has been created! Type: Light
(ENTRY #267) 2022-03-10 18:42:13.645299 >> Projectile created! ID: #50
(ENTRY #268) 2022-03-10 18:42:13.645299 >> MOUSEPOS: (632.4288560030967, 447.7706577667573)
(ENTRY #269) 2022-03-10 18:42:13.645299 >> SLOPE CALC:None
(ENTRY #270) 2022-03-10 18:42:13.645299 >> LIN CALC FIN: 443.38882350058134
(ENTRY #271) 2022-03-10 18:42:13.645299 >> LIN CALC RAW: 456.61117649941866
(ENTRY #272) 2022-03-10 18:42:13.645299 >> Below!
(ENTRY #273) 2022-03-10 18:42:13.645299 >> Object lightRound has been created!
(ENTRY #274) 2022-03-10 18:42:13.645299 >> Protectile #52 has been created! Type: Light
(ENTRY #275) 2022-03-10 18:42:13.645299 >> Projectile created! ID: #52
(ENTRY #276) 2022-03-10 18:42:13.985852 >> Cloud created! ID: #7
(ENTRY #277) 2022-03-10 18:42:14.008419 >> Projectile has hit!
(ENTRY #278) 2022-03-10 18:42:14.008419 >> Projectile removed!
(ENTRY #279) 2022-03-10 18:42:14.049462 >> Projectile has hit!
(ENTRY #280) 2022-03-10 18:42:14.049462 >> Projectile removed!
(ENTRY #281) 2022-03-10 18:42:14.646579 >> Projectile has hit!
(ENTRY #282) 2022-03-10 18:42:14.646579 >> Projectile removed!
(ENTRY #283) 2022-03-10 18:42:14.702147 >> Projectile has hit!
(ENTRY #284) 2022-03-10 18:42:14.702147 >> Projectile removed!
(ENTRY #285) 2022-03-10 18:42:15.048838 >> Projectile has hit!
(ENTRY #286) 2022-03-10 18:42:15.048838 >> Projectile removed!
(ENTRY #287) 2022-03-10 18:42:15.082871 >> Cloud created! ID: #8
(ENTRY #288) 2022-03-10 18:42:15.657552 >> MOUSEPOS: (277.51315841561, 524.6297248203657)
(ENTRY #289) 2022-03-10 18:42:15.657552 >> SLOPE CALC:None
(ENTRY #290) 2022-03-10 18:42:15.657552 >> LIN CALC FIN: 534.6297248203655
(ENTRY #291) 2022-03-10 18:42:15.657552 >> LIN CALC RAW: 365.3702751796345
(ENTRY #292) 2022-03-10 18:42:15.657552 >> Above!
(ENTRY #293) 2022-03-10 18:42:15.657552 >> Object lightRound has been created!
(ENTRY #294) 2022-03-10 18:42:15.657552 >> Protectile #54 has been created! Type: Light
(ENTRY #295) 2022-03-10 18:42:15.657552 >> Projectile created! ID: #54
(ENTRY #296) 2022-03-10 18:42:15.657552 >> MOUSEPOS: (227.51315841561043, 484.62972482036594)
(ENTRY #297) 2022-03-10 18:42:15.657552 >> SLOPE CALC:None
(ENTRY #298) 2022-03-10 18:42:15.657552 >> LIN CALC FIN: 474.62972482036616
(ENTRY #299) 2022-03-10 18:42:15.657552 >> LIN CALC RAW: 425.37027517963384
(ENTRY #300) 2022-03-10 18:42:15.657552 >> Below!
(ENTRY #301) 2022-03-10 18:42:15.657552 >> Object lightRound has been created!
(ENTRY #302) 2022-03-10 18:42:15.658551 >> Protectile #56 has been created! Type: Light
(ENTRY #303) 2022-03-10 18:42:15.658551 >> Projectile created! ID: #56
(ENTRY #304) 2022-03-10 18:42:15.658551 >> MOUSEPOS: (500.0, 700.0)
(ENTRY #305) 2022-03-10 18:42:15.658551 >> SLOPE CALC:None
(ENTRY #306) 2022-03-10 18:42:15.658551 >> LIN CALC FIN: 584.5078424070641
(ENTRY #307) 2022-03-10 18:42:15.658551 >> LIN CALC RAW: 315.4921575929359
(ENTRY #308) 2022-03-10 18:42:15.658551 >> Below!
(ENTRY #309) 2022-03-10 18:42:15.658551 >> Object lightRound has been created!
(ENTRY #310) 2022-03-10 18:42:15.659551 >> Protectile #58 has been created! Type: Light
(ENTRY #311) 2022-03-10 18:42:15.659551 >> Projectile created! ID: #58
(ENTRY #312) 2022-03-10 18:42:15.659551 >> MOUSEPOS: (471.37396606311756, 555.8818084701817)
(ENTRY #313) 2022-03-10 18:42:15.659551 >> SLOPE CALC:None
(ENTRY #314) 2022-03-10 18:42:15.659551 >> LIN CALC FIN: 671.3739660631176
(ENTRY #315) 2022-03-10 18:42:15.659551 >> LIN CALC RAW: 228.62603393688244
(ENTRY #316) 2022-03-10 18:42:15.659551 >> Above!
(ENTRY #317) 2022-03-10 18:42:15.659551 >> Object lightRound has been created!
(ENTRY #318) 2022-03-10 18:42:15.659551 >> Protectile #60 has been created! Type: Light
(ENTRY #319) 2022-03-10 18:42:15.659551 >> Projectile created! ID: #60
(ENTRY #320) 2022-03-10 18:42:15.660551 >> MOUSEPOS: (471.37396606311756, 555.8818084701817)
(ENTRY #321) 2022-03-10 18:42:15.660551 >> SLOPE CALC:None
(ENTRY #322) 2022-03-10 18:42:15.660551 >> LIN CALC FIN: 471.3178184133408
(ENTRY #323) 2022-03-10 18:42:15.660551 >> LIN CALC RAW: 428.6821815866592
(ENTRY #324) 2022-03-10 18:42:15.660551 >> Below!
(ENTRY #325) 2022-03-10 18:42:15.660551 >> Object lightRound has been created!
(ENTRY #326) 2022-03-10 18:42:15.660551 >> Protectile #62 has been created! Type: Light
(ENTRY #327) 2022-03-10 18:42:15.660551 >> Projectile created! ID: #62
(ENTRY #328) 2022-03-10 18:42:15.660551 >> MOUSEPOS: (500.0, 700.0)
(ENTRY #329) 2022-03-10 18:42:15.660551 >> SLOPE CALC:None
(ENTRY #330) 2022-03-10 18:42:15.660551 >> LIN CALC FIN: 416.5147666282668
(ENTRY #331) 2022-03-10 18:42:15.660551 >> LIN CALC RAW: 483.4852333717332
(ENTRY #332) 2022-03-10 18:42:15.660551 >> Below!
(ENTRY #333) 2022-03-10 18:42:15.660551 >> Object lightRound has been created!
(ENTRY #334) 2022-03-10 18:42:15.661548 >> Protectile #64 has been created! Type: Light
(ENTRY #335) 2022-03-10 18:42:15.661548 >> Projectile created! ID: #64
(ENTRY #336) 2022-03-10 18:42:15.958124 >> Projectile has hit!
(ENTRY #337) 2022-03-10 18:42:15.958124 >> Projectile has hit!
(ENTRY #338) 2022-03-10 18:42:15.958124 >> Projectile removed!
(ENTRY #339) 2022-03-10 18:42:15.958124 >> Projectile removed!
(ENTRY #340) 2022-03-10 18:42:16.218619 >> Cloud created! ID: #9
(ENTRY #341) 2022-03-10 18:42:16.671956 >> Projectile has hit!
(ENTRY #342) 2022-03-10 18:42:16.671956 >> Projectile removed!
(ENTRY #343) 2022-03-10 18:42:16.727938 >> Projectile has hit!
(ENTRY #344) 2022-03-10 18:42:16.727938 >> Projectile removed!
(ENTRY #345) 2022-03-10 18:42:17.192254 >> Projectile has hit!
(ENTRY #346) 2022-03-10 18:42:17.192254 >> Projectile removed!
(ENTRY #347) 2022-03-10 18:42:17.377990 >> Cloud created! ID: #10
(ENTRY #348) 2022-03-10 18:42:17.674963 >> MOUSEPOS: (255.39868749799558, 536.388197583465)
(ENTRY #349) 2022-03-10 18:42:17.674963 >> SLOPE CALC:None
(ENTRY #350) 2022-03-10 18:42:17.674963 >> LIN CALC FIN: 546.388197583464
(ENTRY #351) 2022-03-10 18:42:17.674963 >> LIN CALC RAW: 353.61180241653597
(ENTRY #352) 2022-03-10 18:42:17.674963 >> Above!
(ENTRY #353) 2022-03-10 18:42:17.674963 >> Object lightRound has been created!
(ENTRY #354) 2022-03-10 18:42:17.675962 >> Protectile #66 has been created! Type: Light
(ENTRY #355) 2022-03-10 18:42:17.675962 >> Projectile created! ID: #66
(ENTRY #356) 2022-03-10 18:42:17.675962 >> MOUSEPOS: (205.39868749799612, 496.3881975834646)
(ENTRY #357) 2022-03-10 18:42:17.675962 >> SLOPE CALC:None
(ENTRY #358) 2022-03-10 18:42:17.675962 >> LIN CALC FIN: 486.3881975834655
(ENTRY #359) 2022-03-10 18:42:17.675962 >> LIN CALC RAW: 413.6118024165345
(ENTRY #360) 2022-03-10 18:42:17.675962 >> Below!
(ENTRY #361) 2022-03-10 18:42:17.675962 >> Object lightRound has been created!
(ENTRY #362) 2022-03-10 18:42:17.675962 >> Protectile #68 has been created! Type: Light
(ENTRY #363) 2022-03-10 18:42:17.675962 >> Projectile created! ID: #68
(ENTRY #364) 2022-03-10 18:42:17.675962 >> MOUSEPOS: (500.0, 700.0)
(ENTRY #365) 2022-03-10 18:42:17.675962 >> SLOPE CALC:None
(ENTRY #366) 2022-03-10 18:42:17.675962 >> LIN CALC FIN: 549.1208970500059
(ENTRY #367) 2022-03-10 18:42:17.675962 >> LIN CALC RAW: 350.87910294999415
(ENTRY #368) 2022-03-10 18:42:17.676961 >> Below!
(ENTRY #369) 2022-03-10 18:42:17.676961 >> Object lightRound has been created!
(ENTRY #370) 2022-03-10 18:42:17.676961 >> Protectile #70 has been created! Type: Light
(ENTRY #371) 2022-03-10 18:42:17.676961 >> Projectile created! ID: #70
(ENTRY #372) 2022-03-10 18:42:17.676961 >> MOUSEPOS: (489.8399524421171, 538.960849492123)
(ENTRY #373) 2022-03-10 18:42:17.676961 >> SLOPE CALC:None
(ENTRY #374) 2022-03-10 18:42:17.676961 >> LIN CALC FIN: 689.8399524421171
(ENTRY #375) 2022-03-10 18:42:17.676961 >> LIN CALC RAW: 210.16004755788288
(ENTRY #376) 2022-03-10 18:42:17.676961 >> Above!
(ENTRY #377) 2022-03-10 18:42:17.676961 >> Object lightRound has been created!
(ENTRY #378) 2022-03-10 18:42:17.677958 >> Protectile #72 has been created! Type: Light
(ENTRY #379) 2022-03-10 18:42:17.677958 >> Projectile created! ID: #72
(ENTRY #380) 2022-03-10 18:42:17.677958 >> MOUSEPOS: (489.8399524421171, 538.960849492123)
(ENTRY #381) 2022-03-10 18:42:17.677958 >> SLOPE CALC:None
(ENTRY #382) 2022-03-10 18:42:17.677958 >> LIN CALC FIN: 334.6175030200393
(ENTRY #383) 2022-03-10 18:42:17.677958 >> LIN CALC RAW: 565.3824969799607
(ENTRY #384) 2022-03-10 18:42:17.677958 >> Below!
(ENTRY #385) 2022-03-10 18:42:17.677958 >> Object lightRound has been created!
(ENTRY #386) 2022-03-10 18:42:17.677958 >> Protectile #74 has been created! Type: Light
(ENTRY #387) 2022-03-10 18:42:17.677958 >> Projectile created! ID: #74
(ENTRY #388) 2022-03-10 18:42:17.677958 >> MOUSEPOS: (500.0, 700.0)
(ENTRY #389) 2022-03-10 18:42:17.677958 >> SLOPE CALC:None
(ENTRY #390) 2022-03-10 18:42:17.677958 >> LIN CALC FIN: 554.1438963793555
(ENTRY #391) 2022-03-10 18:42:17.677958 >> LIN CALC RAW: 345.8561036206445
(ENTRY #392) 2022-03-10 18:42:17.677958 >> Below!
(ENTRY #393) 2022-03-10 18:42:17.677958 >> Object lightRound has been created!
(ENTRY #394) 2022-03-10 18:42:17.678959 >> Protectile #76 has been created! Type: Light
(ENTRY #395) 2022-03-10 18:42:17.678959 >> Projectile created! ID: #76
(ENTRY #396) 2022-03-10 18:42:17.952958 >> Projectile has hit!
(ENTRY #397) 2022-03-10 18:42:17.952958 >> Projectile removed!
(ENTRY #398) 2022-03-10 18:42:17.993965 >> Projectile has hit!
(ENTRY #399) 2022-03-10 18:42:17.993965 >> Projectile removed!
(ENTRY #400) 2022-03-10 18:42:18.419134 >> Cloud created! ID: #11
(ENTRY #401) 2022-03-10 18:42:18.517311 >> Projectile has hit!
(ENTRY #402) 2022-03-10 18:42:18.517311 >> Projectile removed!
(ENTRY #403) 2022-03-10 18:42:18.808811 >> Projectile has hit!
(ENTRY #404) 2022-03-10 18:42:18.808811 >> Projectile removed!
(ENTRY #405) 2022-03-10 18:42:18.887836 >> Projectile has hit!
(ENTRY #406) 2022-03-10 18:42:18.887836 >> Projectile removed!
(ENTRY #407) 2022-03-10 18:42:19.424377 >> Cloud created! ID: #12
(ENTRY #408) 2022-03-10 18:42:19.585953 >> Projectile has hit!
(ENTRY #409) 2022-03-10 18:42:19.585953 >> Projectile removed!
(ENTRY #410) 2022-03-10 18:42:19.679920 >> MOUSEPOS: (240.51561711043215, 556.2286102587542)
(ENTRY #411) 2022-03-10 18:42:19.679920 >> SLOPE CALC:None
(ENTRY #412) 2022-03-10 18:42:19.679920 >> LIN CALC FIN: 566.2317759691579
(ENTRY #413) 2022-03-10 18:42:19.679920 >> LIN CALC RAW: 333.76822403084213
(ENTRY #414) 2022-03-10 18:42:19.679920 >> Above!
(ENTRY #415) 2022-03-10 18:42:19.679920 >> Object lightRound has been created!
(ENTRY #416) 2022-03-10 18:42:19.680953 >> Protectile #78 has been created! Type: Light
(ENTRY #417) 2022-03-10 18:42:19.680953 >> Projectile created! ID: #78
(ENTRY #418) 2022-03-10 18:42:19.680953 >> MOUSEPOS: (190.50968539630367, 516.2258442550294)
(ENTRY #419) 2022-03-10 18:42:19.680953 >> SLOPE CALC:None
(ENTRY #420) 2022-03-10 18:42:19.680953 >> LIN CALC FIN: 506.22267854462575
(ENTRY #421) 2022-03-10 18:42:19.680953 >> LIN CALC RAW: 393.77732145537425
(ENTRY #422) 2022-03-10 18:42:19.680953 >> Below!
(ENTRY #423) 2022-03-10 18:42:19.680953 >> Object lightRound has been created!
(ENTRY #424) 2022-03-10 18:42:19.680953 >> Protectile #80 has been created! Type: Light
(ENTRY #425) 2022-03-10 18:42:19.680953 >> Projectile created! ID: #80
(ENTRY #426) 2022-03-10 18:42:19.681954 >> MOUSEPOS: (500.0, 700.0)
(ENTRY #427) 2022-03-10 18:42:19.681954 >> SLOPE CALC:None
(ENTRY #428) 2022-03-10 18:42:19.681954 >> LIN CALC FIN: 516.7446582390965
(ENTRY #429) 2022-03-10 18:42:19.681954 >> LIN CALC RAW: 383.25534176090355
(ENTRY #430) 2022-03-10 18:42:19.681954 >> Below!
(ENTRY #431) 2022-03-10 18:42:19.681954 >> Object lightRound has been created!
(ENTRY #432) 2022-03-10 18:42:19.681954 >> Protectile #82 has been created! Type: Light
(ENTRY #433) 2022-03-10 18:42:19.681954 >> Projectile created! ID: #82
(ENTRY #434) 2022-03-10 18:42:19.681954 >> MOUSEPOS: (499.2813193133369, 516.0259775524333)
(ENTRY #435) 2022-03-10 18:42:19.681954 >> SLOPE CALC:None
(ENTRY #436) 2022-03-10 18:42:19.681954 >> LIN CALC FIN: 699.2813193133369
(ENTRY #437) 2022-03-10 18:42:19.681954 >> LIN CALC RAW: 200.7186806866631
(ENTRY #438) 2022-03-10 18:42:19.681954 >> Above!
(ENTRY #439) 2022-03-10 18:42:19.681954 >> Object lightRound has been created!
(ENTRY #440) 2022-03-10 18:42:19.682954 >> Protectile #84 has been created! Type: Light
(ENTRY #441) 2022-03-10 18:42:19.682954 >> Projectile created! ID: #84
(ENTRY #442) 2022-03-10 18:42:19.682954 >> MOUSEPOS: (499.2813193133369, 516.0259775524333)
(ENTRY #443) 2022-03-10 18:42:19.682954 >> SLOPE CALC:None
(ENTRY #444) 2022-03-10 18:42:19.682954 >> LIN CALC FIN: 188.5981236322874
(ENTRY #445) 2022-03-10 18:42:19.682954 >> LIN CALC RAW: 711.4018763677126
(ENTRY #446) 2022-03-10 18:42:19.682954 >> Below!
(ENTRY #447) 2022-03-10 18:42:19.682954 >> Object lightRound has been created!
(ENTRY #448) 2022-03-10 18:42:19.682954 >> Protectile #86 has been created! Type: Light
(ENTRY #449) 2022-03-10 18:42:19.682954 >> Projectile created! ID: #86
(ENTRY #450) 2022-03-10 18:42:19.682954 >> MOUSEPOS: (500.0, 700.0)
(ENTRY #451) 2022-03-10 18:42:19.682954 >> SLOPE CALC:None
(ENTRY #452) 2022-03-10 18:42:19.682954 >> LIN CALC FIN: 625.9530024939486
(ENTRY #453) 2022-03-10 18:42:19.682954 >> LIN CALC RAW: 274.0469975060514
(ENTRY #454) 2022-03-10 18:42:19.682954 >> Below!
(ENTRY #455) 2022-03-10 18:42:19.682954 >> Object lightRound has been created!
(ENTRY #456) 2022-03-10 18:42:19.683923 >> Protectile #88 has been created! Type: Light
(ENTRY #457) 2022-03-10 18:42:19.683923 >> Projectile created! ID: #88
(ENTRY #458) 2022-03-10 18:42:20.004923 >> Projectile has hit!
(ENTRY #459) 2022-03-10 18:42:20.004923 >> Projectile has hit!
(ENTRY #460) 2022-03-10 18:42:20.004923 >> Projectile removed!
(ENTRY #461) 2022-03-10 18:42:20.004923 >> Projectile removed!
(ENTRY #462) 2022-03-10 18:42:20.063932 >> Projectile has hit!
(ENTRY #463) 2022-03-10 18:42:20.064926 >> Projectile removed!
(ENTRY #464) 2022-03-10 18:42:20.533159 >> Cloud created! ID: #13
(ENTRY #465) 2022-03-10 18:42:20.888869 >> Projectile removed!
(ENTRY #466) 2022-03-10 18:42:20.929867 >> Projectile has hit!
(ENTRY #467) 2022-03-10 18:42:20.929867 >> Projectile removed!
(ENTRY #468) 2022-03-10 18:42:21.050865 >> Projectile has hit!
(ENTRY #469) 2022-03-10 18:42:21.050865 >> Projectile removed!
(ENTRY #470) 2022-03-10 18:42:21.572456 >> Cloud created! ID: #14
(ENTRY #471) 2022-03-10 18:42:21.682010 >> MOUSEPOS: (100.0, 450.0)
(ENTRY #472) 2022-03-10 18:42:21.682010 >> SLOPE CALC:None
(ENTRY #473) 2022-03-10 18:42:21.682010 >> LIN CALC FIN: 462.29674901352956
(ENTRY #474) 2022-03-10 18:42:21.682010 >> LIN CALC RAW: 437.70325098647044
(ENTRY #475) 2022-03-10 18:42:21.682010 >> Above!
(ENTRY #476) 2022-03-10 18:42:21.682010 >> Object lightRound has been created!
(ENTRY #477) 2022-03-10 18:42:21.683010 >> Protectile #90 has been created! Type: Light
(ENTRY #478) 2022-03-10 18:42:21.683010 >> Projectile created! ID: #90
(ENTRY #479) 2022-03-10 18:42:21.683010 >> MOUSEPOS: (100.0, 450.0)
(ENTRY #480) 2022-03-10 18:42:21.683010 >> SLOPE CALC:None
(ENTRY #481) 2022-03-10 18:42:21.683010 >> LIN CALC FIN: 512.9780428944918
(ENTRY #482) 2022-03-10 18:42:21.683010 >> LIN CALC RAW: 387.02195710550825
(ENTRY #483) 2022-03-10 18:42:21.683010 >> Above!
(ENTRY #484) 2022-03-10 18:42:21.683010 >> Object lightRound has been created!
(ENTRY #485) 2022-03-10 18:42:21.684028 >> Protectile #92 has been created! Type: Light
(ENTRY #486) 2022-03-10 18:42:21.684028 >> Projectile created! ID: #92
(ENTRY #487) 2022-03-10 18:42:21.684028 >> MOUSEPOS: (174.22250341081923, 536.5192524243488)
(ENTRY #488) 2022-03-10 18:42:21.684028 >> SLOPE CALC:None
(ENTRY #489) 2022-03-10 18:42:21.684028 >> LIN CALC FIN: 302.04445468140807
(ENTRY #490) 2022-03-10 18:42:21.684028 >> LIN CALC RAW: 597.9555453185919
(ENTRY #491) 2022-03-10 18:42:21.684028 >> Below!
(ENTRY #492) 2022-03-10 18:42:21.684028 >> Object lightRound has been created!
(ENTRY #493) 2022-03-10 18:42:21.684028 >> Protectile #94 has been created! Type: Light
(ENTRY #494) 2022-03-10 18:42:21.685008 >> Projectile created! ID: #94
(ENTRY #495) 2022-03-10 18:42:22.353987 >> Projectile removed!
(ENTRY #496) 2022-03-10 18:42:22.392010 >> Projectile has hit!
(ENTRY #497) 2022-03-10 18:42:22.392010 >> Projectile removed!
(ENTRY #498) 2022-03-10 18:42:22.660009 >> Cloud created! ID: #15
(ENTRY #499) 2022-03-10 18:42:23.690489 >> MOUSEPOS: (100.0, 450.0)
(ENTRY #500) 2022-03-10 18:42:23.690489 >> SLOPE CALC:None
(ENTRY #501) 2022-03-10 18:42:23.690489 >> LIN CALC FIN: 497.76125559039264
(ENTRY #502) 2022-03-10 18:42:23.690489 >> LIN CALC RAW: 402.23874440960736
(ENTRY #503) 2022-03-10 18:42:23.690489 >> Above!
(ENTRY #504) 2022-03-10 18:42:23.690489 >> Object lightRound has been created!
(ENTRY #505) 2022-03-10 18:42:23.691479 >> Protectile #96 has been created! Type: Light
(ENTRY #506) 2022-03-10 18:42:23.691479 >> Projectile created! ID: #96
(ENTRY #507) 2022-03-10 18:42:23.691479 >> MOUSEPOS: (100.0, 450.0)
(ENTRY #508) 2022-03-10 18:42:23.691479 >> SLOPE CALC:None
(ENTRY #509) 2022-03-10 18:42:23.691479 >> LIN CALC FIN: 567.5037490722292
(ENTRY #510) 2022-03-10 18:42:23.691479 >> LIN CALC RAW: 332.4962509277708
(ENTRY #511) 2022-03-10 18:42:23.691479 >> Above!
(ENTRY #512) 2022-03-10 18:42:23.691479 >> Object lightRound has been created!
(ENTRY #513) 2022-03-10 18:42:23.691479 >> Protectile #98 has been created! Type: Light
(ENTRY #514) 2022-03-10 18:42:23.691479 >> Projectile created! ID: #98
(ENTRY #515) 2022-03-10 18:42:23.691479 >> MOUSEPOS: (149.90449006799105, 547.6657456583837)
(ENTRY #516) 2022-03-10 18:42:23.691479 >> SLOPE CALC:None
(ENTRY #517) 2022-03-10 18:42:23.692484 >> LIN CALC FIN: 238.50178405068277
(ENTRY #518) 2022-03-10 18:42:23.692484 >> LIN CALC RAW: 661.4982159493172
(ENTRY #519) 2022-03-10 18:42:23.692484 >> Below!
(ENTRY #520) 2022-03-10 18:42:23.692484 >> Object lightRound has been created!
(ENTRY #521) 2022-03-10 18:42:23.692484 >> Protectile #100 has been created! Type: Light
(ENTRY #522) 2022-03-10 18:42:23.692484 >> Projectile created! ID: #100
(ENTRY #523) 2022-03-10 18:42:23.773102 >> Cloud created! ID: #16
(ENTRY #524) 2022-03-10 18:42:24.380805 >> Projectile has hit!
(ENTRY #525) 2022-03-10 18:42:24.380805 >> Projectile removed!
(ENTRY #526) 2022-03-10 18:42:24.791779 >> Cloud created! ID: #17
(ENTRY #527) 2022-03-10 18:42:25.476001 >> Projectile has hit!
(ENTRY #528) 2022-03-10 18:42:25.476001 >> Projectile removed!
(ENTRY #529) 2022-03-10 18:42:25.693063 >> MOUSEPOS: (100.0, 450.0)
(ENTRY #530) 2022-03-10 18:42:25.694057 >> SLOPE CALC:None
(ENTRY #531) 2022-03-10 18:42:25.694057 >> LIN CALC FIN: 522.6815498924085
(ENTRY #532) 2022-03-10 18:42:25.694057 >> LIN CALC RAW: 377.3184501075915
(ENTRY #533) 2022-03-10 18:42:25.694057 >> Above!
(ENTRY #534) 2022-03-10 18:42:25.694057 >> Object lightRound has been created!
(ENTRY #535) 2022-03-10 18:42:25.694057 >> Protectile #102 has been created! Type: Light
(ENTRY #536) 2022-03-10 18:42:25.694057 >> Projectile created! ID: #102
(ENTRY #537) 2022-03-10 18:42:25.695072 >> MOUSEPOS: (100.0, 450.0)
(ENTRY #538) 2022-03-10 18:42:25.695072 >> SLOPE CALC:None
(ENTRY #539) 2022-03-10 18:42:25.695072 >> LIN CALC FIN: 675.0825778500101
(ENTRY #540) 2022-03-10 18:42:25.695072 >> LIN CALC RAW: 224.91742214998987
(ENTRY #541) 2022-03-10 18:42:25.695072 >> Above!
(ENTRY #542) 2022-03-10 18:42:25.695072 >> Object lightRound has been created!
(ENTRY #543) 2022-03-10 18:42:25.695072 >> Protectile #104 has been created! Type: Light
(ENTRY #544) 2022-03-10 18:42:25.695072 >> Projectile created! ID: #104
(ENTRY #545) 2022-03-10 18:42:25.695072 >> MOUSEPOS: (727.5364881026585, 47.546089747351594)
(ENTRY #546) 2022-03-10 18:42:25.695072 >> SLOPE CALC:None
(ENTRY #547) 2022-03-10 18:42:25.695072 >> LIN CALC FIN: 679.0542700252569
(ENTRY #548) 2022-03-10 18:42:25.695072 >> LIN CALC RAW: 220.94572997474313
(ENTRY #549) 2022-03-10 18:42:25.695072 >> Above!
(ENTRY #550) 2022-03-10 18:42:25.695072 >> Object lightRound has been created!
(ENTRY #551) 2022-03-10 18:42:25.696065 >> Protectile #106 has been created! Type: Light
(ENTRY #552) 2022-03-10 18:42:25.696065 >> Projectile created! ID: #106
(ENTRY #553) 2022-03-10 18:42:25.818059 >> Cloud created! ID: #18
(ENTRY #554) 2022-03-10 18:42:25.860063 >> Projectile has hit!
(ENTRY #555) 2022-03-10 18:42:25.860063 >> Projectile removed!
(ENTRY #556) 2022-03-10 18:42:25.914740 >> Projectile removed!
(ENTRY #557) 2022-03-10 18:42:26.283712 >> Projectile has hit!
(ENTRY #558) 2022-03-10 18:42:26.283712 >> Projectile removed!
(ENTRY #559) 2022-03-10 18:42:26.911239 >> Cloud created! ID: #19
(ENTRY #560) 2022-03-10 18:42:27.693761 >> MOUSEPOS: (100.0, 450.0)
(ENTRY #561) 2022-03-10 18:42:27.693761 >> SLOPE CALC:None
(ENTRY #562) 2022-03-10 18:42:27.693761 >> LIN CALC FIN: 533.5238826136333
(ENTRY #563) 2022-03-10 18:42:27.693761 >> LIN CALC RAW: 366.4761173863667
(ENTRY #564) 2022-03-10 18:42:27.693761 >> Above!
(ENTRY #565) 2022-03-10 18:42:27.693761 >> Object lightRound has been created!
(ENTRY #566) 2022-03-10 18:42:27.694761 >> Protectile #108 has been created! Type: Light
(ENTRY #567) 2022-03-10 18:42:27.694761 >> Projectile created! ID: #108
(ENTRY #568) 2022-03-10 18:42:27.694761 >> MOUSEPOS: (866.8371920772682, 773.4205327030456)
(ENTRY #569) 2022-03-10 18:42:27.694761 >> SLOPE CALC:None
(ENTRY #570) 2022-03-10 18:42:27.694761 >> LIN CALC FIN: 129.37940072364688
(ENTRY #571) 2022-03-10 18:42:27.694761 >> LIN CALC RAW: 770.6205992763531
(ENTRY #572) 2022-03-10 18:42:27.694761 >> Below!
(ENTRY #573) 2022-03-10 18:42:27.694761 >> Object lightRound has been created!
(ENTRY #574) 2022-03-10 18:42:27.694761 >> Protectile #110 has been created! Type: Light
(ENTRY #575) 2022-03-10 18:42:27.694761 >> Projectile created! ID: #110
(ENTRY #576) 2022-03-10 18:42:27.694761 >> MOUSEPOS: (763.1322421511298, 25.67445079750846)
(ENTRY #577) 2022-03-10 18:42:27.695761 >> SLOPE CALC:None
(ENTRY #578) 2022-03-10 18:42:27.695761 >> LIN CALC FIN: 669.7155827769072
(ENTRY #579) 2022-03-10 18:42:27.695761 >> LIN CALC RAW: 230.28441722309276
(ENTRY #580) 2022-03-10 18:42:27.695761 >> Above!
(ENTRY #581) 2022-03-10 18:42:27.695761 >> Object lightRound has been created!
(ENTRY #582) 2022-03-10 18:42:27.695761 >> Protectile #112 has been created! Type: Light
(ENTRY #583) 2022-03-10 18:42:27.695761 >> Projectile created! ID: #112
(ENTRY #584) 2022-03-10 18:42:28.006884 >> Cloud created! ID: #20
(ENTRY #585) 2022-03-10 18:42:28.170201 >> Projectile has hit!
(ENTRY #586) 2022-03-10 18:42:28.170201 >> Projectile removed!
(ENTRY #587) 2022-03-10 18:42:28.592566 >> Projectile has hit!
(ENTRY #588) 2022-03-10 18:42:28.592566 >> Projectile removed!
(ENTRY #589) 2022-03-10 18:42:28.666652 >> Cloud removed! ID: #20
(ENTRY #590) 2022-03-10 18:42:28.974578 >> Projectile removed!
(ENTRY #591) 2022-03-10 18:42:29.030477 >> Cloud created! ID: #21
(ENTRY #592) 2022-03-10 18:42:29.515265 >> Projectile has hit!
(ENTRY #593) 2022-03-10 18:42:29.515265 >> Projectile removed!
(ENTRY #594) 2022-03-10 18:42:29.644747 >> Cloud removed! ID: #21
(ENTRY #595) 2022-03-10 18:42:29.697641 >> MOUSEPOS: (100.0, 450.0)
(ENTRY #596) 2022-03-10 18:42:29.697641 >> SLOPE CALC:None
(ENTRY #597) 2022-03-10 18:42:29.697641 >> LIN CALC FIN: 498.1479849935524
(ENTRY #598) 2022-03-10 18:42:29.697641 >> LIN CALC RAW: 401.8520150064476
(ENTRY #599) 2022-03-10 18:42:29.697641 >> Above!
(ENTRY #600) 2022-03-10 18:42:29.697641 >> Object lightRound has been created!
(ENTRY #601) 2022-03-10 18:42:29.698651 >> Protectile #114 has been created! Type: Light
(ENTRY #602) 2022-03-10 18:42:29.698651 >> Projectile created! ID: #114
(ENTRY #603) 2022-03-10 18:42:29.698651 >> MOUSEPOS: (856.5794197772098, 672.0998682164321)
(ENTRY #604) 2022-03-10 18:42:29.698651 >> SLOPE CALC:None
(ENTRY #605) 2022-03-10 18:42:29.698651 >> LIN CALC FIN: 125.60500680168434
(ENTRY #606) 2022-03-10 18:42:29.698651 >> LIN CALC RAW: 774.3949931983157
(ENTRY #607) 2022-03-10 18:42:29.698651 >> Below!
(ENTRY #608) 2022-03-10 18:42:29.698651 >> Object lightRound has been created!
(ENTRY #609) 2022-03-10 18:42:29.698651 >> Protectile #116 has been created! Type: Light
(ENTRY #610) 2022-03-10 18:42:29.698651 >> Projectile created! ID: #116
(ENTRY #611) 2022-03-10 18:42:29.698651 >> MOUSEPOS: (753.3655700591268, 22.39115708360133)
(ENTRY #612) 2022-03-10 18:42:29.698651 >> SLOPE CALC:None
(ENTRY #613) 2022-03-10 18:42:29.698651 >> LIN CALC FIN: 568.8860184983491
(ENTRY #614) 2022-03-10 18:42:29.698651 >> LIN CALC RAW: 331.11398150165087
(ENTRY #615) 2022-03-10 18:42:29.698651 >> Above!
(ENTRY #616) 2022-03-10 18:42:29.698651 >> Object lightRound has been created!
(ENTRY #617) 2022-03-10 18:42:29.699660 >> Protectile #118 has been created! Type: Light
(ENTRY #618) 2022-03-10 18:42:29.699660 >> Projectile created! ID: #118
(ENTRY #619) 2022-03-10 18:42:30.003320 >> Projectile has hit!
(ENTRY #620) 2022-03-10 18:42:30.003320 >> Projectile removed!
(ENTRY #621) 2022-03-10 18:42:30.118621 >> Cloud created! ID: #22
(ENTRY #622) 2022-03-10 18:42:30.634347 >> Cloud removed! ID: #22
(ENTRY #623) 2022-03-10 18:42:31.149849 >> Naval Warfare 2D Closed...
