Log for Naval Warfare 2D, intended for debugging purposes only! 

(ENTRY #1) 2022-03-10 12:28:53.460568 >> Initialized Log handler...
(ENTRY #2) 2022-03-10 12:28:54.586803 >> Initialized Warship handler...
(ENTRY #3) 2022-03-10 12:28:54.590803 >> Initialized Projectile handler...
(ENTRY #4) 2022-03-10 12:28:54.591803 >> Dumb-AI Entity created!
(ENTRY #5) 2022-03-10 12:28:54.592803 >> Dumb-AI Entity created!
(ENTRY #6) 2022-03-10 12:28:54.593803 >> Dumb-AI Entity created!
(ENTRY #7) 2022-03-10 12:28:54.595804 >> Dumb-AI Entity created!
(ENTRY #8) 2022-03-10 12:28:54.595804 >> Dumb-AI Entity created!
(ENTRY #9) 2022-03-10 12:28:54.597803 >> Dumb-AI Entity created!
(ENTRY #10) 2022-03-10 12:28:54.598803 >> Dumb-AI Entity created!
(ENTRY #11) 2022-03-10 12:28:54.603803 >> Dumb-AI Entity created!
(ENTRY #12) 2022-03-10 12:28:54.614803 >> Dumb-AI Entity created!
(ENTRY #13) 2022-03-10 12:28:54.618804 >> Dumb-AI Entity created!
(ENTRY #14) 2022-03-10 12:28:54.684802 >> Initialized GUI handler...
(ENTRY #15) 2022-03-10 12:28:54.685803 >> Starting Naval Warfare 2D...
(ENTRY #16) 2022-03-10 12:29:00.266766 >> Created Sprite for Player!
(ENTRY #17) 2022-03-10 12:29:00.266766 >> Finished initalizing!
(ENTRY #18) 2022-03-10 12:29:02.585014 >> Returning to menu!
(ENTRY #19) 2022-03-10 12:29:03.163163 >> Game resumed!
(ENTRY #20) 2022-03-10 12:29:03.177152 >> None
(ENTRY #21) 2022-03-10 12:29:03.177152 >> None
(ENTRY #22) 2022-03-10 12:29:03.177152 >> None
(ENTRY #23) 2022-03-10 12:29:03.177152 >> None
(ENTRY #24) 2022-03-10 12:29:03.177152 >> None
(ENTRY #25) 2022-03-10 12:29:03.177152 >> None
(ENTRY #26) 2022-03-10 12:29:03.177152 >> None
(ENTRY #27) 2022-03-10 12:29:03.177152 >> None
(ENTRY #28) 2022-03-10 12:29:03.177152 >> None
(ENTRY #29) 2022-03-10 12:29:03.177152 >> None
(ENTRY #30) 2022-03-10 12:29:03.183155 >> MOUSEPOS: (450.0, 449.75)
(ENTRY #31) 2022-03-10 12:29:03.183155 >> SLOPE CALC:None
(ENTRY #32) 2022-03-10 12:29:03.183155 >> Object lightRound has been created!
(ENTRY #33) 2022-03-10 12:29:03.183155 >> Protectile #2 has been created! Type: Light
(ENTRY #34) 2022-03-10 12:29:03.183155 >> Projectile created! ID: #2
(ENTRY #35) 2022-03-10 12:29:03.183155 >> MOUSEPOS: (450.0, 449.75)
(ENTRY #36) 2022-03-10 12:29:03.183155 >> SLOPE CALC:None
(ENTRY #37) 2022-03-10 12:29:03.183155 >> Object lightRound has been created!
(ENTRY #38) 2022-03-10 12:29:03.184155 >> Protectile #4 has been created! Type: Light
(ENTRY #39) 2022-03-10 12:29:03.184155 >> Projectile created! ID: #4
(ENTRY #40) 2022-03-10 12:29:03.184155 >> MOUSEPOS: (450.0, 449.75)
(ENTRY #41) 2022-03-10 12:29:03.184155 >> SLOPE CALC:None
(ENTRY #42) 2022-03-10 12:29:03.184155 >> Object lightRound has been created!
(ENTRY #43) 2022-03-10 12:29:03.184155 >> Protectile #6 has been created! Type: Light
(ENTRY #44) 2022-03-10 12:29:03.184155 >> Projectile created! ID: #6
(ENTRY #45) 2022-03-10 12:29:03.185155 >> MOUSEPOS: (450.0, 449.75)
(ENTRY #46) 2022-03-10 12:29:03.185155 >> SLOPE CALC:None
(ENTRY #47) 2022-03-10 12:29:03.185155 >> Object lightRound has been created!
(ENTRY #48) 2022-03-10 12:29:03.185155 >> Protectile #8 has been created! Type: Light
(ENTRY #49) 2022-03-10 12:29:03.185155 >> Projectile created! ID: #8
(ENTRY #50) 2022-03-10 12:29:03.185155 >> MOUSEPOS: (450.0, 449.75)
(ENTRY #51) 2022-03-10 12:29:03.185155 >> SLOPE CALC:None
(ENTRY #52) 2022-03-10 12:29:03.185155 >> Object lightRound has been created!
(ENTRY #53) 2022-03-10 12:29:03.186155 >> Protectile #10 has been created! Type: Light
(ENTRY #54) 2022-03-10 12:29:03.186155 >> Projectile created! ID: #10
(ENTRY #55) 2022-03-10 12:29:03.186155 >> MOUSEPOS: (450.0, 449.0)
(ENTRY #56) 2022-03-10 12:29:03.186155 >> SLOPE CALC:None
(ENTRY #57) 2022-03-10 12:29:03.186155 >> Object lightRound has been created!
(ENTRY #58) 2022-03-10 12:29:03.186155 >> Protectile #12 has been created! Type: Light
(ENTRY #59) 2022-03-10 12:29:03.186155 >> Projectile created! ID: #12
(ENTRY #60) 2022-03-10 12:29:03.186155 >> MOUSEPOS: (450.0, 449.0)
(ENTRY #61) 2022-03-10 12:29:03.186155 >> SLOPE CALC:None
(ENTRY #62) 2022-03-10 12:29:03.186155 >> Object lightRound has been created!
(ENTRY #63) 2022-03-10 12:29:03.187154 >> Protectile #14 has been created! Type: Light
(ENTRY #64) 2022-03-10 12:29:03.187154 >> Projectile created! ID: #14
(ENTRY #65) 2022-03-10 12:29:03.187154 >> MOUSEPOS: (450.0, 449.0)
(ENTRY #66) 2022-03-10 12:29:03.187154 >> SLOPE CALC:None
(ENTRY #67) 2022-03-10 12:29:03.187154 >> Object lightRound has been created!
(ENTRY #68) 2022-03-10 12:29:03.187154 >> Protectile #16 has been created! Type: Light
(ENTRY #69) 2022-03-10 12:29:03.187154 >> Projectile created! ID: #16
(ENTRY #70) 2022-03-10 12:29:03.187154 >> MOUSEPOS: (450.0, 449.0)
(ENTRY #71) 2022-03-10 12:29:03.187154 >> SLOPE CALC:None
(ENTRY #72) 2022-03-10 12:29:03.187154 >> Object lightRound has been created!
(ENTRY #73) 2022-03-10 12:29:03.188157 >> Protectile #18 has been created! Type: Light
(ENTRY #74) 2022-03-10 12:29:03.188157 >> Projectile created! ID: #18
(ENTRY #75) 2022-03-10 12:29:03.188157 >> MOUSEPOS: (450.0, 449.0)
(ENTRY #76) 2022-03-10 12:29:03.188157 >> SLOPE CALC:None
(ENTRY #77) 2022-03-10 12:29:03.188157 >> Object lightRound has been created!
(ENTRY #78) 2022-03-10 12:29:03.188157 >> Protectile #20 has been created! Type: Light
(ENTRY #79) 2022-03-10 12:29:03.189157 >> Projectile created! ID: #20
(ENTRY #80) 2022-03-10 12:29:03.189157 >> entity_1_0 and entity_1_1 have collided!
(ENTRY #81) 2022-03-10 12:29:03.189157 >> entity_1_0 and entity_1_2 have collided!
(ENTRY #82) 2022-03-10 12:29:03.189157 >> entity_1_0 and entity_1_3 have collided!
(ENTRY #83) 2022-03-10 12:29:03.189157 >> entity_1_0 and entity_1_4 have collided!
(ENTRY #84) 2022-03-10 12:29:03.189157 >> entity_1_0 and entity_2_0 have collided!
(ENTRY #85) 2022-03-10 12:29:03.189157 >> entity_1_0 and entity_2_1 have collided!
(ENTRY #86) 2022-03-10 12:29:03.189157 >> entity_1_0 and entity_2_2 have collided!
(ENTRY #87) 2022-03-10 12:29:03.189157 >> entity_1_0 and entity_2_3 have collided!
(ENTRY #88) 2022-03-10 12:29:03.189157 >> entity_1_0 and entity_2_4 have collided!
(ENTRY #89) 2022-03-10 12:29:03.189157 >> entity_1_1 and entity_1_0 have collided!
(ENTRY #90) 2022-03-10 12:29:03.189157 >> entity_1_1 and entity_1_2 have collided!
(ENTRY #91) 2022-03-10 12:29:03.189157 >> entity_1_1 and entity_1_3 have collided!
(ENTRY #92) 2022-03-10 12:29:03.189157 >> entity_1_1 and entity_1_4 have collided!
(ENTRY #93) 2022-03-10 12:29:03.189157 >> entity_1_1 and entity_2_0 have collided!
(ENTRY #94) 2022-03-10 12:29:03.189157 >> entity_1_1 and entity_2_1 have collided!
(ENTRY #95) 2022-03-10 12:29:03.189157 >> entity_1_1 and entity_2_2 have collided!
(ENTRY #96) 2022-03-10 12:29:03.189157 >> entity_1_1 and entity_2_3 have collided!
(ENTRY #97) 2022-03-10 12:29:03.189157 >> entity_1_1 and entity_2_4 have collided!
(ENTRY #98) 2022-03-10 12:29:03.189157 >> entity_1_2 and entity_1_0 have collided!
(ENTRY #99) 2022-03-10 12:29:03.189157 >> entity_1_2 and entity_1_1 have collided!
(ENTRY #100) 2022-03-10 12:29:03.189157 >> entity_1_2 and entity_1_3 have collided!
(ENTRY #101) 2022-03-10 12:29:03.189157 >> entity_1_2 and entity_1_4 have collided!
(ENTRY #102) 2022-03-10 12:29:03.189157 >> entity_1_2 and entity_2_0 have collided!
(ENTRY #103) 2022-03-10 12:29:03.189157 >> entity_1_2 and entity_2_1 have collided!
(ENTRY #104) 2022-03-10 12:29:03.189157 >> entity_1_2 and entity_2_2 have collided!
(ENTRY #105) 2022-03-10 12:29:03.189157 >> entity_1_2 and entity_2_3 have collided!
(ENTRY #106) 2022-03-10 12:29:03.189157 >> entity_1_2 and entity_2_4 have collided!
(ENTRY #107) 2022-03-10 12:29:03.189157 >> entity_1_3 and entity_1_0 have collided!
(ENTRY #108) 2022-03-10 12:29:03.189157 >> entity_1_3 and entity_1_1 have collided!
(ENTRY #109) 2022-03-10 12:29:03.189157 >> entity_1_3 and entity_1_2 have collided!
(ENTRY #110) 2022-03-10 12:29:03.189157 >> entity_1_3 and entity_1_4 have collided!
(ENTRY #111) 2022-03-10 12:29:03.189157 >> entity_1_3 and entity_2_0 have collided!
(ENTRY #112) 2022-03-10 12:29:03.189157 >> entity_1_3 and entity_2_1 have collided!
(ENTRY #113) 2022-03-10 12:29:03.189157 >> entity_1_3 and entity_2_2 have collided!
(ENTRY #114) 2022-03-10 12:29:03.189157 >> entity_1_3 and entity_2_3 have collided!
(ENTRY #115) 2022-03-10 12:29:03.189157 >> entity_1_3 and entity_2_4 have collided!
(ENTRY #116) 2022-03-10 12:29:03.189157 >> entity_1_4 and entity_1_0 have collided!
(ENTRY #117) 2022-03-10 12:29:03.189157 >> entity_1_4 and entity_1_1 have collided!
(ENTRY #118) 2022-03-10 12:29:03.189157 >> entity_1_4 and entity_1_2 have collided!
(ENTRY #119) 2022-03-10 12:29:03.189157 >> entity_1_4 and entity_1_3 have collided!
(ENTRY #120) 2022-03-10 12:29:03.189157 >> entity_1_4 and entity_2_0 have collided!
(ENTRY #121) 2022-03-10 12:29:03.189157 >> entity_1_4 and entity_2_1 have collided!
(ENTRY #122) 2022-03-10 12:29:03.189157 >> entity_1_4 and entity_2_2 have collided!
(ENTRY #123) 2022-03-10 12:29:03.189157 >> entity_1_4 and entity_2_3 have collided!
(ENTRY #124) 2022-03-10 12:29:03.189157 >> entity_1_4 and entity_2_4 have collided!
(ENTRY #125) 2022-03-10 12:29:03.189157 >> entity_2_0 and entity_1_0 have collided!
(ENTRY #126) 2022-03-10 12:29:03.189157 >> entity_2_0 and entity_1_1 have collided!
(ENTRY #127) 2022-03-10 12:29:03.189157 >> entity_2_0 and entity_1_2 have collided!
(ENTRY #128) 2022-03-10 12:29:03.189157 >> entity_2_0 and entity_1_3 have collided!
(ENTRY #129) 2022-03-10 12:29:03.189157 >> entity_2_0 and entity_1_4 have collided!
(ENTRY #130) 2022-03-10 12:29:03.189157 >> entity_2_0 and entity_2_1 have collided!
(ENTRY #131) 2022-03-10 12:29:03.189157 >> entity_2_0 and entity_2_2 have collided!
(ENTRY #132) 2022-03-10 12:29:03.189157 >> entity_2_0 and entity_2_3 have collided!
(ENTRY #133) 2022-03-10 12:29:03.189157 >> entity_2_0 and entity_2_4 have collided!
(ENTRY #134) 2022-03-10 12:29:03.189157 >> entity_2_1 and entity_1_0 have collided!
(ENTRY #135) 2022-03-10 12:29:03.189157 >> entity_2_1 and entity_1_1 have collided!
(ENTRY #136) 2022-03-10 12:29:03.189157 >> entity_2_1 and entity_1_2 have collided!
(ENTRY #137) 2022-03-10 12:29:03.189157 >> entity_2_1 and entity_1_3 have collided!
(ENTRY #138) 2022-03-10 12:29:03.189157 >> entity_2_1 and entity_1_4 have collided!
(ENTRY #139) 2022-03-10 12:29:03.189157 >> entity_2_1 and entity_2_0 have collided!
(ENTRY #140) 2022-03-10 12:29:03.189157 >> entity_2_1 and entity_2_2 have collided!
(ENTRY #141) 2022-03-10 12:29:03.189157 >> entity_2_1 and entity_2_3 have collided!
(ENTRY #142) 2022-03-10 12:29:03.189157 >> entity_2_1 and entity_2_4 have collided!
(ENTRY #143) 2022-03-10 12:29:03.189157 >> entity_2_2 and entity_1_0 have collided!
(ENTRY #144) 2022-03-10 12:29:03.189157 >> entity_2_2 and entity_1_1 have collided!
(ENTRY #145) 2022-03-10 12:29:03.190150 >> entity_2_2 and entity_1_2 have collided!
(ENTRY #146) 2022-03-10 12:29:03.190150 >> entity_2_2 and entity_1_3 have collided!
(ENTRY #147) 2022-03-10 12:29:03.190150 >> entity_2_2 and entity_1_4 have collided!
(ENTRY #148) 2022-03-10 12:29:03.190150 >> entity_2_2 and entity_2_0 have collided!
(ENTRY #149) 2022-03-10 12:29:03.190150 >> entity_2_2 and entity_2_1 have collided!
(ENTRY #150) 2022-03-10 12:29:03.190150 >> entity_2_2 and entity_2_3 have collided!
(ENTRY #151) 2022-03-10 12:29:03.190150 >> entity_2_2 and entity_2_4 have collided!
(ENTRY #152) 2022-03-10 12:29:03.190150 >> entity_2_3 and entity_1_0 have collided!
(ENTRY #153) 2022-03-10 12:29:03.190150 >> entity_2_3 and entity_1_1 have collided!
(ENTRY #154) 2022-03-10 12:29:03.190150 >> entity_2_3 and entity_1_2 have collided!
(ENTRY #155) 2022-03-10 12:29:03.190150 >> entity_2_3 and entity_1_3 have collided!
(ENTRY #156) 2022-03-10 12:29:03.190150 >> entity_2_3 and entity_1_4 have collided!
(ENTRY #157) 2022-03-10 12:29:03.190150 >> entity_2_3 and entity_2_0 have collided!
(ENTRY #158) 2022-03-10 12:29:03.190150 >> entity_2_3 and entity_2_1 have collided!
(ENTRY #159) 2022-03-10 12:29:03.190150 >> entity_2_3 and entity_2_2 have collided!
(ENTRY #160) 2022-03-10 12:29:03.190150 >> entity_2_3 and entity_2_4 have collided!
(ENTRY #161) 2022-03-10 12:29:03.190150 >> entity_2_4 and entity_1_0 have collided!
(ENTRY #162) 2022-03-10 12:29:03.190150 >> entity_2_4 and entity_1_1 have collided!
(ENTRY #163) 2022-03-10 12:29:03.190150 >> entity_2_4 and entity_1_2 have collided!
(ENTRY #164) 2022-03-10 12:29:03.190150 >> entity_2_4 and entity_1_3 have collided!
(ENTRY #165) 2022-03-10 12:29:03.190150 >> entity_2_4 and entity_1_4 have collided!
(ENTRY #166) 2022-03-10 12:29:03.190150 >> entity_2_4 and entity_2_0 have collided!
(ENTRY #167) 2022-03-10 12:29:03.190150 >> entity_2_4 and entity_2_1 have collided!
(ENTRY #168) 2022-03-10 12:29:03.190150 >> entity_2_4 and entity_2_2 have collided!
(ENTRY #169) 2022-03-10 12:29:03.190150 >> entity_2_4 and entity_2_3 have collided!
(ENTRY #170) 2022-03-10 12:29:03.190150 >> Projectile has hit!
(ENTRY #171) 2022-03-10 12:29:03.190150 >> Projectile has hit!
(ENTRY #172) 2022-03-10 12:29:03.190150 >> Projectile has hit!
(ENTRY #173) 2022-03-10 12:29:03.190150 >> Projectile has hit!
(ENTRY #174) 2022-03-10 12:29:03.190150 >> Projectile has hit!
(ENTRY #175) 2022-03-10 12:29:03.190150 >> Projectile has hit!
(ENTRY #176) 2022-03-10 12:29:03.190150 >> Projectile has hit!
(ENTRY #177) 2022-03-10 12:29:03.190150 >> Projectile has hit!
(ENTRY #178) 2022-03-10 12:29:03.190150 >> Projectile has hit!
(ENTRY #179) 2022-03-10 12:29:03.190150 >> Projectile has hit!
(ENTRY #180) 2022-03-10 12:29:03.190150 >> Projectile has hit!
(ENTRY #181) 2022-03-10 12:29:03.190150 >> Projectile has hit!
(ENTRY #182) 2022-03-10 12:29:03.190150 >> Projectile has hit!
(ENTRY #183) 2022-03-10 12:29:03.190150 >> Projectile has hit!
(ENTRY #184) 2022-03-10 12:29:03.190150 >> Projectile has hit!
(ENTRY #185) 2022-03-10 12:29:03.190150 >> Projectile has hit!
(ENTRY #186) 2022-03-10 12:29:03.190150 >> Projectile has hit!
(ENTRY #187) 2022-03-10 12:29:03.190150 >> Projectile has hit!
(ENTRY #188) 2022-03-10 12:29:03.190150 >> Projectile has hit!
(ENTRY #189) 2022-03-10 12:29:03.190150 >> Projectile has hit!
(ENTRY #190) 2022-03-10 12:29:03.190150 >> Projectile has hit!
(ENTRY #191) 2022-03-10 12:29:03.190150 >> Projectile has hit!
(ENTRY #192) 2022-03-10 12:29:03.190150 >> Projectile has hit!
(ENTRY #193) 2022-03-10 12:29:03.190150 >> Projectile has hit!
(ENTRY #194) 2022-03-10 12:29:03.190150 >> Projectile has hit!
(ENTRY #195) 2022-03-10 12:29:03.190150 >> Projectile has hit!
(ENTRY #196) 2022-03-10 12:29:03.190150 >> Projectile has hit!
(ENTRY #197) 2022-03-10 12:29:03.190150 >> Projectile has hit!
(ENTRY #198) 2022-03-10 12:29:03.190150 >> Projectile has hit!
(ENTRY #199) 2022-03-10 12:29:03.190150 >> Projectile has hit!
(ENTRY #200) 2022-03-10 12:29:03.190150 >> Projectile has hit!
(ENTRY #201) 2022-03-10 12:29:03.190150 >> Projectile has hit!
(ENTRY #202) 2022-03-10 12:29:03.190150 >> Projectile has hit!
(ENTRY #203) 2022-03-10 12:29:03.190150 >> Projectile has hit!
(ENTRY #204) 2022-03-10 12:29:03.190150 >> Projectile has hit!
(ENTRY #205) 2022-03-10 12:29:03.190150 >> Projectile has hit!
(ENTRY #206) 2022-03-10 12:29:03.190150 >> Projectile has hit!
(ENTRY #207) 2022-03-10 12:29:03.190150 >> Projectile has hit!
(ENTRY #208) 2022-03-10 12:29:03.190150 >> Projectile has hit!
(ENTRY #209) 2022-03-10 12:29:03.190150 >> Projectile has hit!
(ENTRY #210) 2022-03-10 12:29:03.190150 >> Projectile has hit!
(ENTRY #211) 2022-03-10 12:29:03.190150 >> Projectile has hit!
(ENTRY #212) 2022-03-10 12:29:03.190150 >> Projectile has hit!
(ENTRY #213) 2022-03-10 12:29:03.190150 >> Projectile has hit!
(ENTRY #214) 2022-03-10 12:29:03.190150 >> Projectile has hit!
(ENTRY #215) 2022-03-10 12:29:03.190150 >> Projectile has hit!
(ENTRY #216) 2022-03-10 12:29:03.190150 >> Projectile has hit!
(ENTRY #217) 2022-03-10 12:29:03.190150 >> Projectile has hit!
(ENTRY #218) 2022-03-10 12:29:03.190150 >> Projectile has hit!
(ENTRY #219) 2022-03-10 12:29:03.190150 >> Projectile has hit!
(ENTRY #220) 2022-03-10 12:29:03.190150 >> Projectile has hit!
(ENTRY #221) 2022-03-10 12:29:03.190150 >> Projectile has hit!
(ENTRY #222) 2022-03-10 12:29:03.190150 >> Projectile has hit!
(ENTRY #223) 2022-03-10 12:29:03.190150 >> Projectile has hit!
(ENTRY #224) 2022-03-10 12:29:03.190150 >> Projectile has hit!
(ENTRY #225) 2022-03-10 12:29:03.190150 >> Projectile has hit!
(ENTRY #226) 2022-03-10 12:29:03.190150 >> Projectile has hit!
(ENTRY #227) 2022-03-10 12:29:03.190150 >> Projectile has hit!
(ENTRY #228) 2022-03-10 12:29:03.190150 >> Projectile has hit!
(ENTRY #229) 2022-03-10 12:29:03.190150 >> Projectile has hit!
(ENTRY #230) 2022-03-10 12:29:03.191148 >> Projectile has hit!
(ENTRY #231) 2022-03-10 12:29:03.191148 >> Projectile has hit!
(ENTRY #232) 2022-03-10 12:29:03.191148 >> Projectile has hit!
(ENTRY #233) 2022-03-10 12:29:03.191148 >> Projectile has hit!
(ENTRY #234) 2022-03-10 12:29:03.191148 >> Projectile has hit!
(ENTRY #235) 2022-03-10 12:29:03.191148 >> Projectile has hit!
(ENTRY #236) 2022-03-10 12:29:03.191148 >> Projectile has hit!
(ENTRY #237) 2022-03-10 12:29:03.191148 >> Projectile has hit!
(ENTRY #238) 2022-03-10 12:29:03.191148 >> Projectile has hit!
(ENTRY #239) 2022-03-10 12:29:03.191148 >> Projectile has hit!
(ENTRY #240) 2022-03-10 12:29:03.191148 >> Projectile has hit!
(ENTRY #241) 2022-03-10 12:29:03.191148 >> Projectile has hit!
(ENTRY #242) 2022-03-10 12:29:03.191148 >> Projectile has hit!
(ENTRY #243) 2022-03-10 12:29:03.191148 >> Projectile has hit!
(ENTRY #244) 2022-03-10 12:29:03.191148 >> Projectile has hit!
(ENTRY #245) 2022-03-10 12:29:03.191148 >> Projectile has hit!
(ENTRY #246) 2022-03-10 12:29:03.191148 >> Projectile has hit!
(ENTRY #247) 2022-03-10 12:29:03.191148 >> Projectile has hit!
(ENTRY #248) 2022-03-10 12:29:03.191148 >> Projectile has hit!
(ENTRY #249) 2022-03-10 12:29:03.191148 >> Projectile has hit!
(ENTRY #250) 2022-03-10 12:29:03.191148 >> Projectile has hit!
(ENTRY #251) 2022-03-10 12:29:03.191148 >> Projectile has hit!
(ENTRY #252) 2022-03-10 12:29:03.191148 >> Projectile has hit!
(ENTRY #253) 2022-03-10 12:29:03.191148 >> Projectile has hit!
(ENTRY #254) 2022-03-10 12:29:03.191148 >> Projectile has hit!
(ENTRY #255) 2022-03-10 12:29:03.191148 >> Projectile has hit!
(ENTRY #256) 2022-03-10 12:29:03.191148 >> Projectile has hit!
(ENTRY #257) 2022-03-10 12:29:03.191148 >> Projectile has hit!
(ENTRY #258) 2022-03-10 12:29:03.191148 >> Projectile has hit!
(ENTRY #259) 2022-03-10 12:29:03.191148 >> Projectile has hit!
(ENTRY #260) 2022-03-10 12:29:03.191148 >> Projectile removed!
(ENTRY #261) 2022-03-10 12:29:03.191148 >> Projectile removed!
(ENTRY #262) 2022-03-10 12:29:03.191148 >> Projectile removed!
(ENTRY #263) 2022-03-10 12:29:03.191148 >> Projectile removed!
(ENTRY #264) 2022-03-10 12:29:03.191148 >> Projectile removed!
(ENTRY #265) 2022-03-10 12:29:03.191148 >> Projectile removed!
(ENTRY #266) 2022-03-10 12:29:03.191148 >> Projectile removed!
(ENTRY #267) 2022-03-10 12:29:03.191148 >> Projectile removed!
(ENTRY #268) 2022-03-10 12:29:03.191148 >> Projectile removed!
(ENTRY #269) 2022-03-10 12:29:03.191148 >> Projectile removed!
(ENTRY #270) 2022-03-10 12:29:03.218165 >> Cloud created! ID: #1
(ENTRY #271) 2022-03-10 12:29:03.489153 >> Game resumed!
(ENTRY #272) 2022-03-10 12:29:03.597846 >> Game resumed!
(ENTRY #273) 2022-03-10 12:29:04.101840 >> Game resumed!
(ENTRY #274) 2022-03-10 12:29:04.291416 >> Cloud created! ID: #2
(ENTRY #275) 2022-03-10 12:29:04.674966 >> Game resumed!
(ENTRY #276) 2022-03-10 12:29:04.942919 >> Game resumed!
(ENTRY #277) 2022-03-10 12:29:05.308131 >> Cloud created! ID: #3
(ENTRY #278) 2022-03-10 12:29:05.796208 >> Game resumed!
(ENTRY #279) 2022-03-10 12:29:06.409400 >> Cloud created! ID: #4
(ENTRY #280) 2022-03-10 12:29:07.417796 >> Cloud created! ID: #5
(ENTRY #281) 2022-03-10 12:29:08.820075 >> Cloud created! ID: #6
(ENTRY #282) 2022-03-10 12:29:09.870228 >> Cloud created! ID: #7
(ENTRY #283) 2022-03-10 12:29:10.893897 >> Cloud created! ID: #8
(ENTRY #284) 2022-03-10 12:29:11.918870 >> Cloud created! ID: #9
(ENTRY #285) 2022-03-10 12:29:12.955777 >> Cloud created! ID: #10
(ENTRY #286) 2022-03-10 12:29:13.974555 >> Cloud created! ID: #11
(ENTRY #287) 2022-03-10 12:29:14.654411 >> Naval Warfare 2D Closed...
