Log for Naval Warfare 2D, intended for debugging purposes only! 

(ENTRY #1) 2022-03-10 18:42:23.388082 >> Initialized Log handler...
(ENTRY #2) 2022-03-10 18:42:24.205075 >> Initialized Warship handler...
(ENTRY #3) 2022-03-10 18:42:24.209044 >> Initialized Projectile handler...
(ENTRY #4) 2022-03-10 18:42:24.210043 >> Dumb-AI Entity created!
(ENTRY #5) 2022-03-10 18:42:24.212050 >> Dumb-AI Entity created!
(ENTRY #6) 2022-03-10 18:42:24.214067 >> Dumb-AI Entity created!
(ENTRY #7) 2022-03-10 18:42:24.216080 >> Dumb-AI Entity created!
(ENTRY #8) 2022-03-10 18:42:24.225051 >> Dumb-AI Entity created!
(ENTRY #9) 2022-03-10 18:42:24.230074 >> Dumb-AI Entity created!
(ENTRY #10) 2022-03-10 18:42:24.239044 >> Dumb-AI Entity created!
(ENTRY #11) 2022-03-10 18:42:24.244042 >> Dumb-AI Entity created!
(ENTRY #12) 2022-03-10 18:42:24.254047 >> Dumb-AI Entity created!
(ENTRY #13) 2022-03-10 18:42:24.258052 >> Dumb-AI Entity created!
(ENTRY #14) 2022-03-10 18:42:24.316074 >> Initialized GUI handler...
(ENTRY #15) 2022-03-10 18:42:24.317074 >> Starting Naval Warfare 2D...
(ENTRY #16) 2022-03-10 18:42:29.885020 >> Created Sprite for Player!
(ENTRY #17) 2022-03-10 18:42:29.885020 >> Finished initalizing!
(ENTRY #18) 2022-03-10 18:42:33.563575 >> Returning to menu!
(ENTRY #19) 2022-03-10 18:42:34.351051 >> Game resumed!
(ENTRY #20) 2022-03-10 18:42:34.371774 >> Cloud created! ID: #1
(ENTRY #21) 2022-03-10 18:42:34.371774 >> MOUSEPOS: (350.0, 479.75)
(ENTRY #22) 2022-03-10 18:42:34.371774 >> SLOPE CALC:None
(ENTRY #23) 2022-03-10 18:42:34.371774 >> LIN CALC FIN: 489.75
(ENTRY #24) 2022-03-10 18:42:34.371774 >> LIN CALC RAW: 410.25
(ENTRY #25) 2022-03-10 18:42:34.371774 >> Above!
(ENTRY #26) 2022-03-10 18:42:34.371774 >> Object lightRound has been created!
(ENTRY #27) 2022-03-10 18:42:34.372774 >> Protectile #2 has been created! Type: Light
(ENTRY #28) 2022-03-10 18:42:34.372774 >> Projectile created! ID: #2
(ENTRY #29) 2022-03-10 18:42:34.372774 >> MOUSEPOS: (300.0, 439.75)
(ENTRY #30) 2022-03-10 18:42:34.372774 >> SLOPE CALC:None
(ENTRY #31) 2022-03-10 18:42:34.372774 >> LIN CALC FIN: 429.75
(ENTRY #32) 2022-03-10 18:42:34.372774 >> LIN CALC RAW: 470.25
(ENTRY #33) 2022-03-10 18:42:34.372774 >> Below!
(ENTRY #34) 2022-03-10 18:42:34.372774 >> Object lightRound has been created!
(ENTRY #35) 2022-03-10 18:42:34.372774 >> Protectile #4 has been created! Type: Light
(ENTRY #36) 2022-03-10 18:42:34.372774 >> Projectile created! ID: #4
(ENTRY #37) 2022-03-10 18:42:34.372774 >> MOUSEPOS: (350.0, 479.75)
(ENTRY #38) 2022-03-10 18:42:34.372774 >> SLOPE CALC:None
(ENTRY #39) 2022-03-10 18:42:34.372774 >> LIN CALC FIN: 469.75
(ENTRY #40) 2022-03-10 18:42:34.372774 >> LIN CALC RAW: 430.25
(ENTRY #41) 2022-03-10 18:42:34.372774 >> Below!
(ENTRY #42) 2022-03-10 18:42:34.372774 >> Object lightRound has been created!
(ENTRY #43) 2022-03-10 18:42:34.373775 >> Protectile #6 has been created! Type: Light
(ENTRY #44) 2022-03-10 18:42:34.373775 >> Projectile created! ID: #6
(ENTRY #45) 2022-03-10 18:42:34.373775 >> MOUSEPOS: (400.0, 519.75)
(ENTRY #46) 2022-03-10 18:42:34.373775 >> SLOPE CALC:None
(ENTRY #47) 2022-03-10 18:42:34.373775 >> LIN CALC FIN: 509.75
(ENTRY #48) 2022-03-10 18:42:34.373775 >> LIN CALC RAW: 390.25
(ENTRY #49) 2022-03-10 18:42:34.373775 >> Below!
(ENTRY #50) 2022-03-10 18:42:34.373775 >> Object lightRound has been created!
(ENTRY #51) 2022-03-10 18:42:34.374775 >> Protectile #8 has been created! Type: Light
(ENTRY #52) 2022-03-10 18:42:34.374775 >> Projectile created! ID: #8
(ENTRY #53) 2022-03-10 18:42:34.374775 >> MOUSEPOS: (450.0, 559.75)
(ENTRY #54) 2022-03-10 18:42:34.374775 >> SLOPE CALC:None
(ENTRY #55) 2022-03-10 18:42:34.374775 >> LIN CALC FIN: 549.75
(ENTRY #56) 2022-03-10 18:42:34.374775 >> LIN CALC RAW: 350.25
(ENTRY #57) 2022-03-10 18:42:34.374775 >> Below!
(ENTRY #58) 2022-03-10 18:42:34.374775 >> Object lightRound has been created!
(ENTRY #59) 2022-03-10 18:42:34.374775 >> Protectile #10 has been created! Type: Light
(ENTRY #60) 2022-03-10 18:42:34.374775 >> Projectile created! ID: #10
(ENTRY #61) 2022-03-10 18:42:34.374775 >> MOUSEPOS: (400.0, 519.75)
(ENTRY #62) 2022-03-10 18:42:34.374775 >> SLOPE CALC:None
(ENTRY #63) 2022-03-10 18:42:34.374775 >> LIN CALC FIN: 519.0
(ENTRY #64) 2022-03-10 18:42:34.374775 >> LIN CALC RAW: 381.0
(ENTRY #65) 2022-03-10 18:42:34.374775 >> Below!
(ENTRY #66) 2022-03-10 18:42:34.374775 >> Object lightRound has been created!
(ENTRY #67) 2022-03-10 18:42:34.375809 >> Protectile #12 has been created! Type: Light
(ENTRY #68) 2022-03-10 18:42:34.375809 >> Projectile created! ID: #12
(ENTRY #69) 2022-03-10 18:42:34.375809 >> MOUSEPOS: (450.0, 469.0)
(ENTRY #70) 2022-03-10 18:42:34.375809 >> SLOPE CALC:None
(ENTRY #71) 2022-03-10 18:42:34.375809 >> LIN CALC FIN: 389.0
(ENTRY #72) 2022-03-10 18:42:34.375809 >> LIN CALC RAW: 511.0
(ENTRY #73) 2022-03-10 18:42:34.375809 >> Below!
(ENTRY #74) 2022-03-10 18:42:34.375809 >> Object lightRound has been created!
(ENTRY #75) 2022-03-10 18:42:34.376775 >> Protectile #14 has been created! Type: Light
(ENTRY #76) 2022-03-10 18:42:34.376775 >> Projectile created! ID: #14
(ENTRY #77) 2022-03-10 18:42:34.376775 >> MOUSEPOS: (550.0, 489.0)
(ENTRY #78) 2022-03-10 18:42:34.376775 >> SLOPE CALC:None
(ENTRY #79) 2022-03-10 18:42:34.376775 >> LIN CALC FIN: 409.0
(ENTRY #80) 2022-03-10 18:42:34.376775 >> LIN CALC RAW: 491.0
(ENTRY #81) 2022-03-10 18:42:34.376775 >> Below!
(ENTRY #82) 2022-03-10 18:42:34.376775 >> Object lightRound has been created!
(ENTRY #83) 2022-03-10 18:42:34.376775 >> Protectile #16 has been created! Type: Light
(ENTRY #84) 2022-03-10 18:42:34.376775 >> Projectile created! ID: #16
(ENTRY #85) 2022-03-10 18:42:34.377783 >> MOUSEPOS: (650.0, 509.0)
(ENTRY #86) 2022-03-10 18:42:34.377783 >> SLOPE CALC:None
(ENTRY #87) 2022-03-10 18:42:34.377783 >> LIN CALC FIN: 429.0
(ENTRY #88) 2022-03-10 18:42:34.377783 >> LIN CALC RAW: 471.0
(ENTRY #89) 2022-03-10 18:42:34.377783 >> Below!
(ENTRY #90) 2022-03-10 18:42:34.377783 >> Object lightRound has been created!
(ENTRY #91) 2022-03-10 18:42:34.377783 >> Protectile #18 has been created! Type: Light
(ENTRY #92) 2022-03-10 18:42:34.377783 >> Projectile created! ID: #18
(ENTRY #93) 2022-03-10 18:42:34.377783 >> MOUSEPOS: (750.0, 529.0)
(ENTRY #94) 2022-03-10 18:42:34.377783 >> SLOPE CALC:None
(ENTRY #95) 2022-03-10 18:42:34.377783 >> LIN CALC FIN: 449.0
(ENTRY #96) 2022-03-10 18:42:34.377783 >> LIN CALC RAW: 451.0
(ENTRY #97) 2022-03-10 18:42:34.377783 >> Below!
(ENTRY #98) 2022-03-10 18:42:34.377783 >> Object lightRound has been created!
(ENTRY #99) 2022-03-10 18:42:34.378786 >> Protectile #20 has been created! Type: Light
(ENTRY #100) 2022-03-10 18:42:34.378786 >> Projectile created! ID: #20
(ENTRY #101) 2022-03-10 18:42:34.797469 >> Projectile has hit!
(ENTRY #102) 2022-03-10 18:42:34.797469 >> Projectile removed!
(ENTRY #103) 2022-03-10 18:42:34.820705 >> Projectile has hit!
(ENTRY #104) 2022-03-10 18:42:34.820705 >> Projectile has hit!
(ENTRY #105) 2022-03-10 18:42:34.820705 >> Projectile has hit!
(ENTRY #106) 2022-03-10 18:42:34.820705 >> Projectile has hit!
(ENTRY #107) 2022-03-10 18:42:34.821704 >> Projectile removed!
(ENTRY #108) 2022-03-10 18:42:34.821704 >> Projectile removed!
(ENTRY #109) 2022-03-10 18:42:34.821704 >> Projectile removed!
(ENTRY #110) 2022-03-10 18:42:34.821704 >> Projectile removed!
(ENTRY #111) 2022-03-10 18:42:34.865226 >> Projectile has hit!
(ENTRY #112) 2022-03-10 18:42:34.865226 >> Projectile removed!
(ENTRY #113) 2022-03-10 18:42:35.457891 >> Cloud created! ID: #2
(ENTRY #114) 2022-03-10 18:42:35.518908 >> Opened Debug Menu!
(ENTRY #115) 2022-03-10 18:42:35.560225 >> Returning to menu!
(ENTRY #116) 2022-03-10 18:42:36.163489 >> Projectile has hit!
(ENTRY #117) 2022-03-10 18:42:36.163489 >> Projectile removed!
(ENTRY #118) 2022-03-10 18:42:36.388092 >> MOUSEPOS: (345.9674139889969, 458.75975764224455)
(ENTRY #119) 2022-03-10 18:42:36.388092 >> SLOPE CALC:None
(ENTRY #120) 2022-03-10 18:42:36.388092 >> LIN CALC FIN: 468.75975764224455
(ENTRY #121) 2022-03-10 18:42:36.388092 >> LIN CALC RAW: 431.24024235775545
(ENTRY #122) 2022-03-10 18:42:36.388092 >> Above!
(ENTRY #123) 2022-03-10 18:42:36.388092 >> Object lightRound has been created!
(ENTRY #124) 2022-03-10 18:42:36.389084 >> Protectile #22 has been created! Type: Light
(ENTRY #125) 2022-03-10 18:42:36.389084 >> Projectile created! ID: #22
(ENTRY #126) 2022-03-10 18:42:36.389084 >> MOUSEPOS: (295.9674139889969, 418.75975764224455)
(ENTRY #127) 2022-03-10 18:42:36.389084 >> SLOPE CALC:None
(ENTRY #128) 2022-03-10 18:42:36.389084 >> LIN CALC FIN: 408.75975764224455
(ENTRY #129) 2022-03-10 18:42:36.389084 >> LIN CALC RAW: 491.24024235775545
(ENTRY #130) 2022-03-10 18:42:36.389084 >> Below!
(ENTRY #131) 2022-03-10 18:42:36.389084 >> Object lightRound has been created!
(ENTRY #132) 2022-03-10 18:42:36.390127 >> Protectile #24 has been created! Type: Light
(ENTRY #133) 2022-03-10 18:42:36.390127 >> Projectile created! ID: #24
(ENTRY #134) 2022-03-10 18:42:36.390127 >> MOUSEPOS: (345.9674139889969, 458.75975764224455)
(ENTRY #135) 2022-03-10 18:42:36.390127 >> SLOPE CALC:None
(ENTRY #136) 2022-03-10 18:42:36.390127 >> LIN CALC FIN: 448.7597576422449
(ENTRY #137) 2022-03-10 18:42:36.390127 >> LIN CALC RAW: 451.2402423577551
(ENTRY #138) 2022-03-10 18:42:36.390127 >> Below!
(ENTRY #139) 2022-03-10 18:42:36.390127 >> Object lightRound has been created!
(ENTRY #140) 2022-03-10 18:42:36.390127 >> Protectile #26 has been created! Type: Light
(ENTRY #141) 2022-03-10 18:42:36.390127 >> Projectile created! ID: #26
(ENTRY #142) 2022-03-10 18:42:36.390127 >> MOUSEPOS: (495.9674139889969, 578.7597576422454)
(ENTRY #143) 2022-03-10 18:42:36.390127 >> SLOPE CALC:None
(ENTRY #144) 2022-03-10 18:42:36.391088 >> LIN CALC FIN: 588.7597576422454
(ENTRY #145) 2022-03-10 18:42:36.391088 >> LIN CALC RAW: 311.2402423577546
(ENTRY #146) 2022-03-10 18:42:36.391088 >> Above!
(ENTRY #147) 2022-03-10 18:42:36.391088 >> Object lightRound has been created!
(ENTRY #148) 2022-03-10 18:42:36.391088 >> Protectile #28 has been created! Type: Light
(ENTRY #149) 2022-03-10 18:42:36.391088 >> Projectile created! ID: #28
(ENTRY #150) 2022-03-10 18:42:36.391088 >> MOUSEPOS: (445.9674139889969, 538.7597576422454)
(ENTRY #151) 2022-03-10 18:42:36.391088 >> SLOPE CALC:None
(ENTRY #152) 2022-03-10 18:42:36.391088 >> LIN CALC FIN: 528.7597576422454
(ENTRY #153) 2022-03-10 18:42:36.391088 >> LIN CALC RAW: 371.2402423577546
(ENTRY #154) 2022-03-10 18:42:36.391088 >> Below!
(ENTRY #155) 2022-03-10 18:42:36.391088 >> Object lightRound has been created!
(ENTRY #156) 2022-03-10 18:42:36.392088 >> Protectile #30 has been created! Type: Light
(ENTRY #157) 2022-03-10 18:42:36.392088 >> Projectile created! ID: #30
(ENTRY #158) 2022-03-10 18:42:36.392088 >> MOUSEPOS: (345.9674139889969, 458.75975764224455)
(ENTRY #159) 2022-03-10 18:42:36.392088 >> SLOPE CALC:None
(ENTRY #160) 2022-03-10 18:42:36.392088 >> LIN CALC FIN: 463.89074781842635
(ENTRY #161) 2022-03-10 18:42:36.392088 >> LIN CALC RAW: 436.10925218157365
(ENTRY #162) 2022-03-10 18:42:36.392088 >> Above!
(ENTRY #163) 2022-03-10 18:42:36.392088 >> Object lightRound has been created!
(ENTRY #164) 2022-03-10 18:42:36.392088 >> Protectile #32 has been created! Type: Light
(ENTRY #165) 2022-03-10 18:42:36.392088 >> Projectile created! ID: #32
(ENTRY #166) 2022-03-10 18:42:36.392088 >> MOUSEPOS: (418.8745980272484, 390.98356378017485)
(ENTRY #167) 2022-03-10 18:42:36.392088 >> SLOPE CALC:None
(ENTRY #168) 2022-03-10 18:42:36.392088 >> LIN CALC FIN: 310.98356378017434
(ENTRY #169) 2022-03-10 18:42:36.392088 >> LIN CALC RAW: 589.0164362198257
(ENTRY #170) 2022-03-10 18:42:36.392088 >> Below!
(ENTRY #171) 2022-03-10 18:42:36.392088 >> Object lightRound has been created!
(ENTRY #172) 2022-03-10 18:42:36.393087 >> Protectile #34 has been created! Type: Light
(ENTRY #173) 2022-03-10 18:42:36.393087 >> Projectile created! ID: #34
(ENTRY #174) 2022-03-10 18:42:36.393087 >> MOUSEPOS: (781.1254019727498, 450.98356378017377)
(ENTRY #175) 2022-03-10 18:42:36.393087 >> SLOPE CALC:None
(ENTRY #176) 2022-03-10 18:42:36.393087 >> LIN CALC FIN: 530.9835637801738
(ENTRY #177) 2022-03-10 18:42:36.393087 >> LIN CALC RAW: 369.01643621982623
(ENTRY #178) 2022-03-10 18:42:36.393087 >> Above!
(ENTRY #179) 2022-03-10 18:42:36.393087 >> Object lightRound has been created!
(ENTRY #180) 2022-03-10 18:42:36.393087 >> Protectile #36 has been created! Type: Light
(ENTRY #181) 2022-03-10 18:42:36.393087 >> Projectile created! ID: #36
(ENTRY #182) 2022-03-10 18:42:36.394089 >> MOUSEPOS: (879.0858150450092, 473.18354852022213)
(ENTRY #183) 2022-03-10 18:42:36.394089 >> SLOPE CALC:None
(ENTRY #184) 2022-03-10 18:42:36.394089 >> LIN CALC FIN: 548.9439768524331
(ENTRY #185) 2022-03-10 18:42:36.394089 >> LIN CALC RAW: 351.05602314756686
(ENTRY #186) 2022-03-10 18:42:36.394089 >> Above!
(ENTRY #187) 2022-03-10 18:42:36.394089 >> Object lightRound has been created!
(ENTRY #188) 2022-03-10 18:42:36.394089 >> Protectile #38 has been created! Type: Light
(ENTRY #189) 2022-03-10 18:42:36.394089 >> Projectile created! ID: #38
(ENTRY #190) 2022-03-10 18:42:36.394089 >> MOUSEPOS: (781.1254019727498, 450.98356378017377)
(ENTRY #191) 2022-03-10 18:42:36.394089 >> SLOPE CALC:None
(ENTRY #192) 2022-03-10 18:42:36.394089 >> LIN CALC FIN: 375.2231354479627
(ENTRY #193) 2022-03-10 18:42:36.394089 >> LIN CALC RAW: 524.7768645520373
(ENTRY #194) 2022-03-10 18:42:36.394089 >> Below!
(ENTRY #195) 2022-03-10 18:42:36.394089 >> Object lightRound has been created!
(ENTRY #196) 2022-03-10 18:42:36.395088 >> Protectile #40 has been created! Type: Light
(ENTRY #197) 2022-03-10 18:42:36.395088 >> Projectile created! ID: #40
(ENTRY #198) 2022-03-10 18:42:36.544619 >> Cloud created! ID: #3
(ENTRY #199) 2022-03-10 18:42:36.598720 >> MOUSEPOS: (450, 467)
(ENTRY #200) 2022-03-10 18:42:36.598720 >> SLOPE CALC:None
(ENTRY #201) 2022-03-10 18:42:36.598720 >> LIN CALC FIN: 787.4481721702857
(ENTRY #202) 2022-03-10 18:42:36.598720 >> LIN CALC RAW: 112.55182782971428
(ENTRY #203) 2022-03-10 18:42:36.598720 >> Above!
(ENTRY #204) 2022-03-10 18:42:36.598720 >> Object lightRound has been created!
(ENTRY #205) 2022-03-10 18:42:36.599746 >> Protectile #42 has been created! Type: Light
(ENTRY #206) 2022-03-10 18:42:36.599746 >> Projectile created! ID: #42
(ENTRY #207) 2022-03-10 18:42:36.774428 >> Projectile has hit!
(ENTRY #208) 2022-03-10 18:42:36.774428 >> Projectile has hit!
(ENTRY #209) 2022-03-10 18:42:36.774428 >> Projectile removed!
(ENTRY #210) 2022-03-10 18:42:36.774428 >> Projectile removed!
(ENTRY #211) 2022-03-10 18:42:36.798580 >> Projectile has hit!
(ENTRY #212) 2022-03-10 18:42:36.798580 >> Projectile has hit!
(ENTRY #213) 2022-03-10 18:42:36.798580 >> Projectile has hit!
(ENTRY #214) 2022-03-10 18:42:36.798580 >> Projectile removed!
(ENTRY #215) 2022-03-10 18:42:36.798580 >> Projectile removed!
(ENTRY #216) 2022-03-10 18:42:36.798580 >> Projectile removed!
(ENTRY #217) 2022-03-10 18:42:37.122624 >> Projectile has hit!
(ENTRY #218) 2022-03-10 18:42:37.122624 >> Projectile removed!
(ENTRY #219) 2022-03-10 18:42:37.144662 >> Projectile has hit!
(ENTRY #220) 2022-03-10 18:42:37.144662 >> Projectile has hit!
(ENTRY #221) 2022-03-10 18:42:37.144662 >> Projectile removed!
(ENTRY #222) 2022-03-10 18:42:37.144662 >> Projectile removed!
(ENTRY #223) 2022-03-10 18:42:37.894304 >> Cloud created! ID: #4
(ENTRY #224) 2022-03-10 18:42:38.068165 >> Projectile has hit!
(ENTRY #225) 2022-03-10 18:42:38.069168 >> Projectile removed!
(ENTRY #226) 2022-03-10 18:42:38.111263 >> Projectile has hit!
(ENTRY #227) 2022-03-10 18:42:38.111263 >> Projectile removed!
(ENTRY #228) 2022-03-10 18:42:38.409948 >> MOUSEPOS: (334.17909115509883, 440.344578781069)
(ENTRY #229) 2022-03-10 18:42:38.409948 >> SLOPE CALC:None
(ENTRY #230) 2022-03-10 18:42:38.409948 >> LIN CALC FIN: 450.344578781069
(ENTRY #231) 2022-03-10 18:42:38.409948 >> LIN CALC RAW: 449.655421218931
(ENTRY #232) 2022-03-10 18:42:38.409948 >> Above!
(ENTRY #233) 2022-03-10 18:42:38.409948 >> Object lightRound has been created!
(ENTRY #234) 2022-03-10 18:42:38.409948 >> Protectile #44 has been created! Type: Light
(ENTRY #235) 2022-03-10 18:42:38.409948 >> Projectile created! ID: #44
(ENTRY #236) 2022-03-10 18:42:38.409948 >> MOUSEPOS: (284.17909115509883, 400.344578781069)
(ENTRY #237) 2022-03-10 18:42:38.409948 >> SLOPE CALC:None
(ENTRY #238) 2022-03-10 18:42:38.409948 >> LIN CALC FIN: 390.344578781069
(ENTRY #239) 2022-03-10 18:42:38.409948 >> LIN CALC RAW: 509.655421218931
(ENTRY #240) 2022-03-10 18:42:38.409948 >> Below!
(ENTRY #241) 2022-03-10 18:42:38.409948 >> Object lightRound has been created!
(ENTRY #242) 2022-03-10 18:42:38.410973 >> Protectile #46 has been created! Type: Light
(ENTRY #243) 2022-03-10 18:42:38.410973 >> Projectile created! ID: #46
(ENTRY #244) 2022-03-10 18:42:38.410973 >> MOUSEPOS: (334.17909115509883, 440.344578781069)
(ENTRY #245) 2022-03-10 18:42:38.410973 >> SLOPE CALC:None
(ENTRY #246) 2022-03-10 18:42:38.410973 >> LIN CALC FIN: 430.34457878106934
(ENTRY #247) 2022-03-10 18:42:38.410973 >> LIN CALC RAW: 469.65542121893066
(ENTRY #248) 2022-03-10 18:42:38.410973 >> Below!
(ENTRY #249) 2022-03-10 18:42:38.410973 >> Object lightRound has been created!
(ENTRY #250) 2022-03-10 18:42:38.410973 >> Protectile #48 has been created! Type: Light
(ENTRY #251) 2022-03-10 18:42:38.410973 >> Projectile created! ID: #48
(ENTRY #252) 2022-03-10 18:42:38.410973 >> MOUSEPOS: (484.17909115509883, 560.3445787810705)
(ENTRY #253) 2022-03-10 18:42:38.410973 >> SLOPE CALC:None
(ENTRY #254) 2022-03-10 18:42:38.410973 >> LIN CALC FIN: 570.3445787810705
(ENTRY #255) 2022-03-10 18:42:38.410973 >> LIN CALC RAW: 329.6554212189295
(ENTRY #256) 2022-03-10 18:42:38.410973 >> Above!
(ENTRY #257) 2022-03-10 18:42:38.410973 >> Object lightRound has been created!
(ENTRY #258) 2022-03-10 18:42:38.411973 >> Protectile #50 has been created! Type: Light
(ENTRY #259) 2022-03-10 18:42:38.411973 >> Projectile created! ID: #50
(ENTRY #260) 2022-03-10 18:42:38.411973 >> MOUSEPOS: (434.17909115509883, 520.3445787810705)
(ENTRY #261) 2022-03-10 18:42:38.411973 >> SLOPE CALC:None
(ENTRY #262) 2022-03-10 18:42:38.411973 >> LIN CALC FIN: 510.3445787810705
(ENTRY #263) 2022-03-10 18:42:38.411973 >> LIN CALC RAW: 389.6554212189295
(ENTRY #264) 2022-03-10 18:42:38.411973 >> Below!
(ENTRY #265) 2022-03-10 18:42:38.411973 >> Object lightRound has been created!
(ENTRY #266) 2022-03-10 18:42:38.412972 >> Protectile #52 has been created! Type: Light
(ENTRY #267) 2022-03-10 18:42:38.412972 >> Projectile created! ID: #52
(ENTRY #268) 2022-03-10 18:42:38.412972 >> MOUSEPOS: (485.6865550681473, 331.7970009410512)
(ENTRY #269) 2022-03-10 18:42:38.412972 >> SLOPE CALC:None
(ENTRY #270) 2022-03-10 18:42:38.412972 >> LIN CALC FIN: 424.9721082083067
(ENTRY #271) 2022-03-10 18:42:38.412972 >> LIN CALC RAW: 475.0278917916933
(ENTRY #272) 2022-03-10 18:42:38.412972 >> Above!
(ENTRY #273) 2022-03-10 18:42:38.412972 >> Object lightRound has been created!
(ENTRY #274) 2022-03-10 18:42:38.413972 >> Protectile #54 has been created! Type: Light
(ENTRY #275) 2022-03-10 18:42:38.413972 >> Projectile created! ID: #54
(ENTRY #276) 2022-03-10 18:42:38.413972 >> MOUSEPOS: (376.69682763764774, 315.9823807778071)
(ENTRY #277) 2022-03-10 18:42:38.413972 >> SLOPE CALC:None
(ENTRY #278) 2022-03-10 18:42:38.413972 >> LIN CALC FIN: 222.80727351055157
(ENTRY #279) 2022-03-10 18:42:38.413972 >> LIN CALC RAW: 677.1927264894484
(ENTRY #280) 2022-03-10 18:42:38.413972 >> Below!
(ENTRY #281) 2022-03-10 18:42:38.413972 >> Object lightRound has been created!
(ENTRY #282) 2022-03-10 18:42:38.413972 >> Protectile #56 has been created! Type: Light
(ENTRY #283) 2022-03-10 18:42:38.413972 >> Projectile created! ID: #56
(ENTRY #284) 2022-03-10 18:42:38.413972 >> MOUSEPOS: (814.3134449318459, 371.79700094104794)
(ENTRY #285) 2022-03-10 18:42:38.413972 >> SLOPE CALC:None
(ENTRY #286) 2022-03-10 18:42:38.413972 >> LIN CALC FIN: 339.8195238506694
(ENTRY #287) 2022-03-10 18:42:38.413972 >> LIN CALC RAW: 560.1804761493306
(ENTRY #288) 2022-03-10 18:42:38.413972 >> Below!
(ENTRY #289) 2022-03-10 18:42:38.413972 >> Object lightRound has been created!
(ENTRY #290) 2022-03-10 18:42:38.414972 >> Protectile #58 has been created! Type: Light
(ENTRY #291) 2022-03-10 18:42:38.414972 >> Projectile created! ID: #58
(ENTRY #292) 2022-03-10 18:42:38.414972 >> MOUSEPOS: (759.0929258129238, 395.0400429695914)
(ENTRY #293) 2022-03-10 18:42:38.414972 >> SLOPE CALC:None
(ENTRY #294) 2022-03-10 18:42:38.414972 >> LIN CALC FIN: 427.0175200599699
(ENTRY #295) 2022-03-10 18:42:38.414972 >> LIN CALC RAW: 472.9824799400301
(ENTRY #296) 2022-03-10 18:42:38.414972 >> Above!
(ENTRY #297) 2022-03-10 18:42:38.414972 >> Object lightRound has been created!
(ENTRY #298) 2022-03-10 18:42:38.414972 >> Protectile #60 has been created! Type: Light
(ENTRY #299) 2022-03-10 18:42:38.414972 >> Projectile created! ID: #60
(ENTRY #300) 2022-03-10 18:42:38.414972 >> MOUSEPOS: (814.3134449318459, 371.79700094104794)
(ENTRY #301) 2022-03-10 18:42:38.414972 >> SLOPE CALC:None
(ENTRY #302) 2022-03-10 18:42:38.414972 >> LIN CALC FIN: 424.984851817465
(ENTRY #303) 2022-03-10 18:42:38.414972 >> LIN CALC RAW: 475.015148182535
(ENTRY #304) 2022-03-10 18:42:38.414972 >> Above!
(ENTRY #305) 2022-03-10 18:42:38.414972 >> Object lightRound has been created!
(ENTRY #306) 2022-03-10 18:42:38.415973 >> Protectile #62 has been created! Type: Light
(ENTRY #307) 2022-03-10 18:42:38.415973 >> Projectile created! ID: #62
(ENTRY #308) 2022-03-10 18:42:38.515739 >> Projectile has hit!
(ENTRY #309) 2022-03-10 18:42:38.516740 >> Projectile removed!
(ENTRY #310) 2022-03-10 18:42:38.590563 >> Projectile has hit!
(ENTRY #311) 2022-03-10 18:42:38.591593 >> Projectile removed!
(ENTRY #312) 2022-03-10 18:42:38.715135 >> Projectile has hit!
(ENTRY #313) 2022-03-10 18:42:38.715135 >> Projectile removed!
(ENTRY #314) 2022-03-10 18:42:38.739158 >> Projectile has hit!
(ENTRY #315) 2022-03-10 18:42:38.739158 >> Projectile has hit!
(ENTRY #316) 2022-03-10 18:42:38.739158 >> Projectile removed!
(ENTRY #317) 2022-03-10 18:42:38.739158 >> Projectile removed!
(ENTRY #318) 2022-03-10 18:42:38.784248 >> Projectile has hit!
(ENTRY #319) 2022-03-10 18:42:38.784248 >> Projectile has hit!
(ENTRY #320) 2022-03-10 18:42:38.784248 >> Projectile removed!
(ENTRY #321) 2022-03-10 18:42:38.784248 >> Projectile removed!
(ENTRY #322) 2022-03-10 18:42:38.960463 >> Cloud created! ID: #5
(ENTRY #323) 2022-03-10 18:42:39.400170 >> Projectile has hit!
(ENTRY #324) 2022-03-10 18:42:39.400170 >> Projectile removed!
(ENTRY #325) 2022-03-10 18:42:39.421502 >> Projectile has hit!
(ENTRY #326) 2022-03-10 18:42:39.421502 >> Projectile removed!
(ENTRY #327) 2022-03-10 18:42:39.973083 >> Cloud created! ID: #6
(ENTRY #328) 2022-03-10 18:42:40.421177 >> MOUSEPOS: (365.66554638567305, 467.3812551745345)
(ENTRY #329) 2022-03-10 18:42:40.421177 >> SLOPE CALC:None
(ENTRY #330) 2022-03-10 18:42:40.421177 >> LIN CALC FIN: 487.38125517453415
(ENTRY #331) 2022-03-10 18:42:40.421177 >> LIN CALC RAW: 412.61874482546585
(ENTRY #332) 2022-03-10 18:42:40.421177 >> Above!
(ENTRY #333) 2022-03-10 18:42:40.421177 >> Object lightRound has been created!
(ENTRY #334) 2022-03-10 18:42:40.422179 >> Protectile #64 has been created! Type: Light
(ENTRY #335) 2022-03-10 18:42:40.422179 >> Projectile created! ID: #64
(ENTRY #336) 2022-03-10 18:42:40.422179 >> MOUSEPOS: (415.6664337445587, 507.37926213384645)
(ENTRY #337) 2022-03-10 18:42:40.422179 >> SLOPE CALC:None
(ENTRY #338) 2022-03-10 18:42:40.422179 >> LIN CALC FIN: 517.3821425334202
(ENTRY #339) 2022-03-10 18:42:40.422179 >> LIN CALC RAW: 382.61785746657984
(ENTRY #340) 2022-03-10 18:42:40.422179 >> Above!
(ENTRY #341) 2022-03-10 18:42:40.422179 >> Object lightRound has been created!
(ENTRY #342) 2022-03-10 18:42:40.423180 >> Protectile #66 has been created! Type: Light
(ENTRY #343) 2022-03-10 18:42:40.423180 >> Projectile created! ID: #66
(ENTRY #344) 2022-03-10 18:42:40.423180 >> MOUSEPOS: (365.66554638567305, 467.3812551745345)
(ENTRY #345) 2022-03-10 18:42:40.423180 >> SLOPE CALC:None
(ENTRY #346) 2022-03-10 18:42:40.423180 >> LIN CALC FIN: 457.37837477496083
(ENTRY #347) 2022-03-10 18:42:40.423180 >> LIN CALC RAW: 442.62162522503917
(ENTRY #348) 2022-03-10 18:42:40.423180 >> Below!
(ENTRY #349) 2022-03-10 18:42:40.423180 >> Object lightRound has been created!
(ENTRY #350) 2022-03-10 18:42:40.424181 >> Protectile #68 has been created! Type: Light
(ENTRY #351) 2022-03-10 18:42:40.424181 >> Projectile created! ID: #68
(ENTRY #352) 2022-03-10 18:42:40.424181 >> MOUSEPOS: (415.6664337445587, 507.37926213384645)
(ENTRY #353) 2022-03-10 18:42:40.424181 >> SLOPE CALC:None
(ENTRY #354) 2022-03-10 18:42:40.424181 >> LIN CALC FIN: 497.3821425334205
(ENTRY #355) 2022-03-10 18:42:40.424181 >> LIN CALC RAW: 402.6178574665795
(ENTRY #356) 2022-03-10 18:42:40.424181 >> Below!
(ENTRY #357) 2022-03-10 18:42:40.424181 >> Object lightRound has been created!
(ENTRY #358) 2022-03-10 18:42:40.425180 >> Protectile #70 has been created! Type: Light
(ENTRY #359) 2022-03-10 18:42:40.425180 >> Projectile created! ID: #70
(ENTRY #360) 2022-03-10 18:42:40.425180 >> MOUSEPOS: (518.887152715847, 249.6226381776538)
(ENTRY #361) 2022-03-10 18:42:40.425180 >> SLOPE CALC:None
(ENTRY #362) 2022-03-10 18:42:40.425180 >> LIN CALC FIN: 349.62613350293066
(ENTRY #363) 2022-03-10 18:42:40.425180 >> LIN CALC RAW: 550.3738664970693
(ENTRY #364) 2022-03-10 18:42:40.425180 >> Above!
(ENTRY #365) 2022-03-10 18:42:40.425180 >> Object lightRound has been created!
(ENTRY #366) 2022-03-10 18:42:40.426179 >> Protectile #72 has been created! Type: Light
(ENTRY #367) 2022-03-10 18:42:40.426179 >> Projectile created! ID: #72
(ENTRY #368) 2022-03-10 18:42:40.426179 >> MOUSEPOS: (399.6354174303518, 230.37439821743544)
(ENTRY #369) 2022-03-10 18:42:40.426179 >> SLOPE CALC:None
(ENTRY #370) 2022-03-10 18:42:40.426179 >> LIN CALC FIN: 130.3709028921586
(ENTRY #371) 2022-03-10 18:42:40.426179 >> LIN CALC RAW: 769.6290971078414
(ENTRY #372) 2022-03-10 18:42:40.426179 >> Below!
(ENTRY #373) 2022-03-10 18:42:40.426179 >> Object lightRound has been created!
(ENTRY #374) 2022-03-10 18:42:40.427174 >> Protectile #74 has been created! Type: Light
(ENTRY #375) 2022-03-10 18:42:40.427174 >> Projectile created! ID: #74
(ENTRY #376) 2022-03-10 18:42:40.427174 >> MOUSEPOS: (781.112847284136, 289.622638177655)
(ENTRY #377) 2022-03-10 18:42:40.427174 >> SLOPE CALC:None
(ENTRY #378) 2022-03-10 18:42:40.427174 >> LIN CALC FIN: 301.58213566987865
(ENTRY #379) 2022-03-10 18:42:40.427174 >> LIN CALC RAW: 598.4178643301213
(ENTRY #380) 2022-03-10 18:42:40.427174 >> Above!
(ENTRY #381) 2022-03-10 18:42:40.427174 >> Object lightRound has been created!
(ENTRY #382) 2022-03-10 18:42:40.428177 >> Protectile #76 has been created! Type: Light
(ENTRY #383) 2022-03-10 18:42:40.428177 >> Projectile created! ID: #76
(ENTRY #384) 2022-03-10 18:42:40.428177 >> MOUSEPOS: (841.2654611037673, 361.7347494895099)
(ENTRY #385) 2022-03-10 18:42:40.428177 >> SLOPE CALC:None
(ENTRY #386) 2022-03-10 18:42:40.428177 >> LIN CALC FIN: 349.7752519972862
(ENTRY #387) 2022-03-10 18:42:40.428177 >> LIN CALC RAW: 550.2247480027138
(ENTRY #388) 2022-03-10 18:42:40.428177 >> Below!
(ENTRY #389) 2022-03-10 18:42:40.428177 >> Object lightRound has been created!
(ENTRY #390) 2022-03-10 18:42:40.429178 >> Protectile #78 has been created! Type: Light
(ENTRY #391) 2022-03-10 18:42:40.429178 >> Projectile created! ID: #78
(ENTRY #392) 2022-03-10 18:42:40.429178 >> MOUSEPOS: (841.2654611037673, 361.7347494895099)
(ENTRY #393) 2022-03-10 18:42:40.429178 >> SLOPE CALC:None
(ENTRY #394) 2022-03-10 18:42:40.429178 >> LIN CALC FIN: 452.02931605120637
(ENTRY #395) 2022-03-10 18:42:40.429178 >> LIN CALC RAW: 447.97068394879363
(ENTRY #396) 2022-03-10 18:42:40.429178 >> Above!
(ENTRY #397) 2022-03-10 18:42:40.429178 >> Object lightRound has been created!
(ENTRY #398) 2022-03-10 18:42:40.429178 >> Protectile #80 has been created! Type: Light
(ENTRY #399) 2022-03-10 18:42:40.429178 >> Projectile created! ID: #80
(ENTRY #400) 2022-03-10 18:42:40.738179 >> Projectile has hit!
(ENTRY #401) 2022-03-10 18:42:40.738179 >> Projectile removed!
(ENTRY #402) 2022-03-10 18:42:40.783756 >> Projectile removed!
(ENTRY #403) 2022-03-10 18:42:40.809729 >> Projectile has hit!
(ENTRY #404) 2022-03-10 18:42:40.809729 >> Projectile has hit!
(ENTRY #405) 2022-03-10 18:42:40.809729 >> Projectile removed!
(ENTRY #406) 2022-03-10 18:42:40.809729 >> Projectile removed!
(ENTRY #407) 2022-03-10 18:42:41.173649 >> Cloud created! ID: #7
(ENTRY #408) 2022-03-10 18:42:41.267342 >> Projectile has hit!
(ENTRY #409) 2022-03-10 18:42:41.267342 >> Projectile removed!
(ENTRY #410) 2022-03-10 18:42:41.517033 >> Projectile has hit!
(ENTRY #411) 2022-03-10 18:42:41.517033 >> Projectile removed!
(ENTRY #412) 2022-03-10 18:42:42.133714 >> Projectile removed!
(ENTRY #413) 2022-03-10 18:42:42.306375 >> Cloud created! ID: #8
(ENTRY #414) 2022-03-10 18:42:42.438547 >> MOUSEPOS: (347.30704086047797, 455.50062208340165)
(ENTRY #415) 2022-03-10 18:42:42.438547 >> SLOPE CALC:None
(ENTRY #416) 2022-03-10 18:42:42.438547 >> LIN CALC FIN: 474.7241448147437
(ENTRY #417) 2022-03-10 18:42:42.438547 >> LIN CALC RAW: 425.2758551852563
(ENTRY #418) 2022-03-10 18:42:42.438547 >> Above!
(ENTRY #419) 2022-03-10 18:42:42.438547 >> Object lightRound has been created!
(ENTRY #420) 2022-03-10 18:42:42.439547 >> Protectile #82 has been created! Type: Light
(ENTRY #421) 2022-03-10 18:42:42.439547 >> Projectile created! ID: #82
(ENTRY #422) 2022-03-10 18:42:42.439547 >> MOUSEPOS: (397.83804372021774, 494.7209890736985)
(ENTRY #423) 2022-03-10 18:42:42.439547 >> SLOPE CALC:None
(ENTRY #424) 2022-03-10 18:42:42.439547 >> LIN CALC FIN: 506.0316249431414
(ENTRY #425) 2022-03-10 18:42:42.439547 >> LIN CALC RAW: 393.9683750568586
(ENTRY #426) 2022-03-10 18:42:42.439547 >> Above!
(ENTRY #427) 2022-03-10 18:42:42.439547 >> Object lightRound has been created!
(ENTRY #428) 2022-03-10 18:42:42.439547 >> Protectile #84 has been created! Type: Light
(ENTRY #429) 2022-03-10 18:42:42.439547 >> Projectile created! ID: #84
(ENTRY #430) 2022-03-10 18:42:42.439547 >> MOUSEPOS: (347.30704086047797, 455.50062208340165)
(ENTRY #431) 2022-03-10 18:42:42.440547 >> SLOPE CALC:None
(ENTRY #432) 2022-03-10 18:42:42.440547 >> LIN CALC FIN: 444.1899862139587
(ENTRY #433) 2022-03-10 18:42:42.440547 >> LIN CALC RAW: 455.8100137860413
(ENTRY #434) 2022-03-10 18:42:42.440547 >> Below!
(ENTRY #435) 2022-03-10 18:42:42.440547 >> Object lightRound has been created!
(ENTRY #436) 2022-03-10 18:42:42.440547 >> Protectile #86 has been created! Type: Light
(ENTRY #437) 2022-03-10 18:42:42.440547 >> Projectile created! ID: #86
(ENTRY #438) 2022-03-10 18:42:42.440547 >> MOUSEPOS: (397.83804372021774, 494.7209890736985)
(ENTRY #439) 2022-03-10 18:42:42.440547 >> SLOPE CALC:None
(ENTRY #440) 2022-03-10 18:42:42.440547 >> LIN CALC FIN: 486.53271496171214
(ENTRY #441) 2022-03-10 18:42:42.440547 >> LIN CALC RAW: 413.46728503828786
(ENTRY #442) 2022-03-10 18:42:42.440547 >> Below!
(ENTRY #443) 2022-03-10 18:42:42.440547 >> Object lightRound has been created!
(ENTRY #444) 2022-03-10 18:42:42.441547 >> Protectile #88 has been created! Type: Light
(ENTRY #445) 2022-03-10 18:42:42.441547 >> Projectile created! ID: #88
(ENTRY #446) 2022-03-10 18:42:42.441547 >> MOUSEPOS: (597.7688507191434, 215.7323861551965)
(ENTRY #447) 2022-03-10 18:42:42.441547 >> SLOPE CALC:None
(ENTRY #448) 2022-03-10 18:42:42.441547 >> LIN CALC FIN: 311.0933885145449
(ENTRY #449) 2022-03-10 18:42:42.441547 >> LIN CALC RAW: 588.9066114854551
(ENTRY #450) 2022-03-10 18:42:42.441547 >> Above!
(ENTRY #451) 2022-03-10 18:42:42.441547 >> Object lightRound has been created!
(ENTRY #452) 2022-03-10 18:42:42.441547 >> Protectile #90 has been created! Type: Light
(ENTRY #453) 2022-03-10 18:42:42.441547 >> Projectile created! ID: #90
(ENTRY #454) 2022-03-10 18:42:42.441547 >> MOUSEPOS: (473.79896045664424, 187.12349825204575)
(ENTRY #455) 2022-03-10 18:42:42.441547 >> SLOPE CALC:None
(ENTRY #456) 2022-03-10 18:42:42.441547 >> LIN CALC FIN: 91.76249589269742
(ENTRY #457) 2022-03-10 18:42:42.441547 >> LIN CALC RAW: 808.2375041073026
(ENTRY #458) 2022-03-10 18:42:42.441547 >> Below!
(ENTRY #459) 2022-03-10 18:42:42.441547 >> Object lightRound has been created!
(ENTRY #460) 2022-03-10 18:42:42.442547 >> Protectile #92 has been created! Type: Light
(ENTRY #461) 2022-03-10 18:42:42.442547 >> Projectile created! ID: #92
(ENTRY #462) 2022-03-10 18:42:42.442547 >> MOUSEPOS: (728.2187362614973, 221.2456934261036)
(ENTRY #463) 2022-03-10 18:42:42.442547 >> SLOPE CALC:None
(ENTRY #464) 2022-03-10 18:42:42.442547 >> LIN CALC FIN: 135.9160746214933
(ENTRY #465) 2022-03-10 18:42:42.442547 >> LIN CALC RAW: 764.0839253785067
(ENTRY #466) 2022-03-10 18:42:42.442547 >> Below!
(ENTRY #467) 2022-03-10 18:42:42.442547 >> Object lightRound has been created!
(ENTRY #468) 2022-03-10 18:42:42.442547 >> Protectile #94 has been created! Type: Light
(ENTRY #469) 2022-03-10 18:42:42.442547 >> Projectile created! ID: #94
(ENTRY #470) 2022-03-10 18:42:42.442547 >> MOUSEPOS: (597.7688507191434, 215.7323861551965)
(ENTRY #471) 2022-03-10 18:42:42.443547 >> SLOPE CALC:None
(ENTRY #472) 2022-03-10 18:42:42.443547 >> LIN CALC FIN: 90.79580788374972
(ENTRY #473) 2022-03-10 18:42:42.443547 >> LIN CALC RAW: 809.2041921162503
(ENTRY #474) 2022-03-10 18:42:42.443547 >> Below!
(ENTRY #475) 2022-03-10 18:42:42.443547 >> Object lightRound has been created!
(ENTRY #476) 2022-03-10 18:42:42.443547 >> Protectile #96 has been created! Type: Light
(ENTRY #477) 2022-03-10 18:42:42.443547 >> Projectile created! ID: #96
(ENTRY #478) 2022-03-10 18:42:42.443547 >> MOUSEPOS: (875.1557131262138, 282.8530514862098)
(ENTRY #479) 2022-03-10 18:42:42.443547 >> SLOPE CALC:None
(ENTRY #480) 2022-03-10 18:42:42.443547 >> LIN CALC FIN: 501.3558200393447
(ENTRY #481) 2022-03-10 18:42:42.443547 >> LIN CALC RAW: 398.6441799606553
(ENTRY #482) 2022-03-10 18:42:42.443547 >> Above!
(ENTRY #483) 2022-03-10 18:42:42.443547 >> Object lightRound has been created!
(ENTRY #484) 2022-03-10 18:42:42.444547 >> Protectile #98 has been created! Type: Light
(ENTRY #485) 2022-03-10 18:42:42.444547 >> Projectile created! ID: #98
(ENTRY #486) 2022-03-10 18:42:42.768672 >> Projectile has hit!
(ENTRY #487) 2022-03-10 18:42:42.768672 >> Projectile removed!
(ENTRY #488) 2022-03-10 18:42:42.816311 >> Projectile has hit!
(ENTRY #489) 2022-03-10 18:42:42.816311 >> Projectile removed!
(ENTRY #490) 2022-03-10 18:42:42.840497 >> Projectile has hit!
(ENTRY #491) 2022-03-10 18:42:42.840497 >> Projectile removed!
(ENTRY #492) 2022-03-10 18:42:43.231956 >> Projectile has hit!
(ENTRY #493) 2022-03-10 18:42:43.231956 >> Projectile removed!
(ENTRY #494) 2022-03-10 18:42:43.256072 >> Projectile has hit!
(ENTRY #495) 2022-03-10 18:42:43.256072 >> Projectile removed!
(ENTRY #496) 2022-03-10 18:42:43.351505 >> Projectile has hit!
(ENTRY #497) 2022-03-10 18:42:43.351505 >> Projectile removed!
(ENTRY #498) 2022-03-10 18:42:43.445883 >> Cloud created! ID: #9
(ENTRY #499) 2022-03-10 18:42:43.635940 >> Projectile removed!
(ENTRY #500) 2022-03-10 18:42:43.846384 >> Projectile removed!
(ENTRY #501) 2022-03-10 18:42:44.114128 >> Projectile has hit!
(ENTRY #502) 2022-03-10 18:42:44.114128 >> Projectile removed!
(ENTRY #503) 2022-03-10 18:42:44.183832 >> Projectile removed!
(ENTRY #504) 2022-03-10 18:42:44.452825 >> Cloud created! ID: #10
(ENTRY #505) 2022-03-10 18:42:44.453830 >> MOUSEPOS: (335.14335160132885, 438.52621338094053)
(ENTRY #506) 2022-03-10 18:42:44.453830 >> SLOPE CALC:None
(ENTRY #507) 2022-03-10 18:42:44.454823 >> LIN CALC FIN: 456.9886381415548
(ENTRY #508) 2022-03-10 18:42:44.454823 >> LIN CALC RAW: 443.0113618584452
(ENTRY #509) 2022-03-10 18:42:44.454823 >> Above!
(ENTRY #510) 2022-03-10 18:42:44.454823 >> Object lightRound has been created!
(ENTRY #511) 2022-03-10 18:42:44.454823 >> Protectile #100 has been created! Type: Light
(ENTRY #512) 2022-03-10 18:42:44.454823 >> Projectile created! ID: #100
(ENTRY #513) 2022-03-10 18:42:44.454823 >> MOUSEPOS: (386.42634490648055, 477.23216357351464)
(ENTRY #514) 2022-03-10 18:42:44.454823 >> SLOPE CALC:None
(ENTRY #515) 2022-03-10 18:42:44.454823 >> LIN CALC FIN: 489.80920668609224
(ENTRY #516) 2022-03-10 18:42:44.454823 >> LIN CALC RAW: 410.19079331390776
(ENTRY #517) 2022-03-10 18:42:44.454823 >> Above!
(ENTRY #518) 2022-03-10 18:42:44.454823 >> Object lightRound has been created!
(ENTRY #519) 2022-03-10 18:42:44.455828 >> Protectile #102 has been created! Type: Light
(ENTRY #520) 2022-03-10 18:42:44.455828 >> Projectile created! ID: #102
(ENTRY #521) 2022-03-10 18:42:44.455828 >> MOUSEPOS: (434.65195052637694, 519.0451649488678)
(ENTRY #522) 2022-03-10 18:42:44.455828 >> SLOPE CALC:None
(ENTRY #523) 2022-03-10 18:42:44.455828 >> LIN CALC FIN: 525.457769193411
(ENTRY #524) 2022-03-10 18:42:44.455828 >> LIN CALC RAW: 374.54223080658903
(ENTRY #525) 2022-03-10 18:42:44.455828 >> Above!
(ENTRY #526) 2022-03-10 18:42:44.455828 >> Object lightRound has been created!
(ENTRY #527) 2022-03-10 18:42:44.455828 >> Protectile #104 has been created! Type: Light
(ENTRY #528) 2022-03-10 18:42:44.455828 >> Projectile created! ID: #104
(ENTRY #529) 2022-03-10 18:42:44.456825 >> MOUSEPOS: (386.42634490648055, 477.23216357351464)
(ENTRY #530) 2022-03-10 18:42:44.456825 >> SLOPE CALC:None
(ENTRY #531) 2022-03-10 18:42:44.456825 >> LIN CALC FIN: 470.81955932897137
(ENTRY #532) 2022-03-10 18:42:44.456825 >> LIN CALC RAW: 429.18044067102863
(ENTRY #533) 2022-03-10 18:42:44.456825 >> Below!
(ENTRY #534) 2022-03-10 18:42:44.456825 >> Object lightRound has been created!
(ENTRY #535) 2022-03-10 18:42:44.456825 >> Protectile #106 has been created! Type: Light
(ENTRY #536) 2022-03-10 18:42:44.456825 >> Projectile created! ID: #106
(ENTRY #537) 2022-03-10 18:42:44.456825 >> MOUSEPOS: (675.0696553922736, 243.4862109347634)
(ENTRY #538) 2022-03-10 18:42:44.456825 >> SLOPE CALC:None
(ENTRY #539) 2022-03-10 18:42:44.456825 >> LIN CALC FIN: 326.4135902557973
(ENTRY #540) 2022-03-10 18:42:44.456825 >> LIN CALC RAW: 573.5864097442027
(ENTRY #541) 2022-03-10 18:42:44.456825 >> Above!
(ENTRY #542) 2022-03-10 18:42:44.456825 >> Object lightRound has been created!
(ENTRY #543) 2022-03-10 18:42:44.457825 >> Protectile #108 has been created! Type: Light
(ENTRY #544) 2022-03-10 18:42:44.457825 >> Projectile created! ID: #108
(ENTRY #545) 2022-03-10 18:42:44.457825 >> MOUSEPOS: (695.4436790205319, 145.33125263334938)
(ENTRY #546) 2022-03-10 18:42:44.457825 >> SLOPE CALC:None
(ENTRY #547) 2022-03-10 18:42:44.457825 >> LIN CALC FIN: 223.112187306505
(ENTRY #548) 2022-03-10 18:42:44.457825 >> LIN CALC RAW: 676.887812693495
(ENTRY #549) 2022-03-10 18:42:44.457825 >> Above!
(ENTRY #550) 2022-03-10 18:42:44.457825 >> Object lightRound has been created!
(ENTRY #551) 2022-03-10 18:42:44.457825 >> Protectile #110 has been created! Type: Light
(ENTRY #552) 2022-03-10 18:42:44.457825 >> Projectile created! ID: #110
(ENTRY #553) 2022-03-10 18:42:44.457825 >> MOUSEPOS: (675.0696553922736, 243.4862109347634)
(ENTRY #554) 2022-03-10 18:42:44.457825 >> SLOPE CALC:None
(ENTRY #555) 2022-03-10 18:42:44.457825 >> LIN CALC FIN: 41.55947072821584
(ENTRY #556) 2022-03-10 18:42:44.457825 >> LIN CALC RAW: 858.4405292717842
(ENTRY #557) 2022-03-10 18:42:44.457825 >> Below!
(ENTRY #558) 2022-03-10 18:42:44.457825 >> Object lightRound has been created!
(ENTRY #559) 2022-03-10 18:42:44.458821 >> Protectile #112 has been created! Type: Light
(ENTRY #560) 2022-03-10 18:42:44.458821 >> Projectile created! ID: #112
(ENTRY #561) 2022-03-10 18:42:44.458821 >> MOUSEPOS: (675.0696553922736, 243.4862109347634)
(ENTRY #562) 2022-03-10 18:42:44.458821 >> SLOPE CALC:None
(ENTRY #563) 2022-03-10 18:42:44.458821 >> LIN CALC FIN: 165.70527626160776
(ENTRY #564) 2022-03-10 18:42:44.458821 >> LIN CALC RAW: 734.2947237383922
(ENTRY #565) 2022-03-10 18:42:44.458821 >> Below!
(ENTRY #566) 2022-03-10 18:42:44.458821 >> Object lightRound has been created!
(ENTRY #567) 2022-03-10 18:42:44.458821 >> Protectile #114 has been created! Type: Light
(ENTRY #568) 2022-03-10 18:42:44.458821 >> Projectile created! ID: #114
(ENTRY #569) 2022-03-10 18:42:44.458821 >> MOUSEPOS: (878.0229477795571, 244.51276311549935)
(ENTRY #570) 2022-03-10 18:42:44.458821 >> SLOPE CALC:None
(ENTRY #571) 2022-03-10 18:42:44.458821 >> LIN CALC FIN: 570.642411614387
(ENTRY #572) 2022-03-10 18:42:44.458821 >> LIN CALC RAW: 329.357588385613
(ENTRY #573) 2022-03-10 18:42:44.458821 >> Above!
(ENTRY #574) 2022-03-10 18:42:44.458821 >> Object lightRound has been created!
(ENTRY #575) 2022-03-10 18:42:44.459825 >> Protectile #116 has been created! Type: Light
(ENTRY #576) 2022-03-10 18:42:44.459825 >> Projectile created! ID: #116
(ENTRY #577) 2022-03-10 18:42:44.732824 >> Projectile has hit!
(ENTRY #578) 2022-03-10 18:42:44.732824 >> Projectile removed!
(ENTRY #579) 2022-03-10 18:42:44.832682 >> Projectile has hit!
(ENTRY #580) 2022-03-10 18:42:44.832682 >> Projectile removed!
(ENTRY #581) 2022-03-10 18:42:44.856692 >> Projectile has hit!
(ENTRY #582) 2022-03-10 18:42:44.856692 >> Projectile removed!
(ENTRY #583) 2022-03-10 18:42:44.879981 >> Projectile has hit!
(ENTRY #584) 2022-03-10 18:42:44.879981 >> Projectile removed!
(ENTRY #585) 2022-03-10 18:42:45.444827 >> Projectile has hit!
(ENTRY #586) 2022-03-10 18:42:45.444827 >> Projectile removed!
(ENTRY #587) 2022-03-10 18:42:45.511744 >> Cloud created! ID: #11
(ENTRY #588) 2022-03-10 18:42:45.669451 >> Projectile removed!
(ENTRY #589) 2022-03-10 18:42:46.125468 >> Projectile removed!
(ENTRY #590) 2022-03-10 18:42:46.150470 >> Projectile removed!
(ENTRY #591) 2022-03-10 18:42:46.264733 >> Projectile has hit!
(ENTRY #592) 2022-03-10 18:42:46.264733 >> Projectile removed!
(ENTRY #593) 2022-03-10 18:42:46.309739 >> Projectile removed!
(ENTRY #594) 2022-03-10 18:42:46.463698 >> MOUSEPOS: (329.8368635356939, 417.8213055428767)
(ENTRY #595) 2022-03-10 18:42:46.463698 >> SLOPE CALC:None
(ENTRY #596) 2022-03-10 18:42:46.463698 >> LIN CALC FIN: 435.60810799137573
(ENTRY #597) 2022-03-10 18:42:46.463698 >> LIN CALC RAW: 464.39189200862427
(ENTRY #598) 2022-03-10 18:42:46.463698 >> Above!
(ENTRY #599) 2022-03-10 18:42:46.463698 >> Object lightRound has been created!
(ENTRY #600) 2022-03-10 18:42:46.464698 >> Protectile #118 has been created! Type: Light
(ENTRY #601) 2022-03-10 18:42:46.464698 >> Projectile created! ID: #118
(ENTRY #602) 2022-03-10 18:42:46.464698 >> MOUSEPOS: (382.0280428370146, 456.31549646139615)
(ENTRY #603) 2022-03-10 18:42:46.464698 >> SLOPE CALC:None
(ENTRY #604) 2022-03-10 18:42:46.464698 >> LIN CALC FIN: 470.0124848441974
(ENTRY #605) 2022-03-10 18:42:46.464698 >> LIN CALC RAW: 429.9875151558026
(ENTRY #606) 2022-03-10 18:42:46.464698 >> Above!
(ENTRY #607) 2022-03-10 18:42:46.464698 >> Object lightRound has been created!
(ENTRY #608) 2022-03-10 18:42:46.464698 >> Protectile #120 has been created! Type: Light
(ENTRY #609) 2022-03-10 18:42:46.464698 >> Projectile created! ID: #120
(ENTRY #610) 2022-03-10 18:42:46.464698 >> MOUSEPOS: (428.98492019774056, 498.43602155503015)
(ENTRY #611) 2022-03-10 18:42:46.464698 >> SLOPE CALC:None
(ENTRY #612) 2022-03-10 18:42:46.464698 >> LIN CALC FIN: 503.2723738221221
(ENTRY #613) 2022-03-10 18:42:46.464698 >> LIN CALC RAW: 396.7276261778779
(ENTRY #614) 2022-03-10 18:42:46.464698 >> Above!
(ENTRY #615) 2022-03-10 18:42:46.464698 >> Object lightRound has been created!
(ENTRY #616) 2022-03-10 18:42:46.465698 >> Protectile #122 has been created! Type: Light
(ENTRY #617) 2022-03-10 18:42:46.465698 >> Projectile created! ID: #122
(ENTRY #618) 2022-03-10 18:42:46.465698 >> MOUSEPOS: (382.0280428370146, 456.31549646139615)
(ENTRY #619) 2022-03-10 18:42:46.465698 >> SLOPE CALC:None
(ENTRY #620) 2022-03-10 18:42:46.465698 >> LIN CALC FIN: 451.4791441943042
(ENTRY #621) 2022-03-10 18:42:46.465698 >> LIN CALC RAW: 448.5208558056958
(ENTRY #622) 2022-03-10 18:42:46.465698 >> Below!
(ENTRY #623) 2022-03-10 18:42:46.465698 >> Object lightRound has been created!
(ENTRY #624) 2022-03-10 18:42:46.466669 >> Protectile #124 has been created! Type: Light
(ENTRY #625) 2022-03-10 18:42:46.466669 >> Projectile created! ID: #124
(ENTRY #626) 2022-03-10 18:42:46.466669 >> MOUSEPOS: (750.979386944151, 279.7143629367641)
(ENTRY #627) 2022-03-10 18:42:46.466669 >> SLOPE CALC:None
(ENTRY #628) 2022-03-10 18:42:46.466669 >> LIN CALC FIN: 367.31270076079363
(ENTRY #629) 2022-03-10 18:42:46.466669 >> LIN CALC RAW: 532.6872992392064
(ENTRY #630) 2022-03-10 18:42:46.466669 >> Above!
(ENTRY #631) 2022-03-10 18:42:46.466669 >> Object lightRound has been created!
(ENTRY #632) 2022-03-10 18:42:46.466669 >> Protectile #126 has been created! Type: Light
(ENTRY #633) 2022-03-10 18:42:46.466669 >> Projectile created! ID: #126
(ENTRY #634) 2022-03-10 18:42:46.466669 >> MOUSEPOS: (628.6318481562524, 244.96516197289512)
(ENTRY #635) 2022-03-10 18:42:46.466669 >> SLOPE CALC:None
(ENTRY #636) 2022-03-10 18:42:46.466669 >> LIN CALC FIN: 157.3668241488656
(ENTRY #637) 2022-03-10 18:42:46.466669 >> LIN CALC RAW: 742.6331758511344
(ENTRY #638) 2022-03-10 18:42:46.466669 >> Below!
(ENTRY #639) 2022-03-10 18:42:46.466669 >> Object lightRound has been created!
(ENTRY #640) 2022-03-10 18:42:46.467702 >> Protectile #128 has been created! Type: Light
(ENTRY #641) 2022-03-10 18:42:46.467702 >> Projectile created! ID: #128
(ENTRY #642) 2022-03-10 18:42:46.467702 >> MOUSEPOS: (750.979386944151, 279.7143629367641)
(ENTRY #643) 2022-03-10 18:42:46.467702 >> SLOPE CALC:None
(ENTRY #644) 2022-03-10 18:42:46.467702 >> LIN CALC FIN: 378.23016720545775
(ENTRY #645) 2022-03-10 18:42:46.467702 >> LIN CALC RAW: 521.7698327945423
(ENTRY #646) 2022-03-10 18:42:46.467702 >> Above!
(ENTRY #647) 2022-03-10 18:42:46.467702 >> Object lightRound has been created!
(ENTRY #648) 2022-03-10 18:42:46.467702 >> Protectile #130 has been created! Type: Light
(ENTRY #649) 2022-03-10 18:42:46.467702 >> Projectile created! ID: #130
(ENTRY #650) 2022-03-10 18:42:46.468698 >> MOUSEPOS: (628.6318481562524, 244.96516197289512)
(ENTRY #651) 2022-03-10 18:42:46.468698 >> SLOPE CALC:None
(ENTRY #652) 2022-03-10 18:42:46.468698 >> LIN CALC FIN: 93.339637392452
(ENTRY #653) 2022-03-10 18:42:46.468698 >> LIN CALC RAW: 806.660362607548
(ENTRY #654) 2022-03-10 18:42:46.468698 >> Below!
(ENTRY #655) 2022-03-10 18:42:46.468698 >> Object lightRound has been created!
(ENTRY #656) 2022-03-10 18:42:46.468698 >> Protectile #132 has been created! Type: Light
(ENTRY #657) 2022-03-10 18:42:46.468698 >> Projectile created! ID: #132
(ENTRY #658) 2022-03-10 18:42:46.468698 >> MOUSEPOS: (750.979386944151, 279.7143629367641)
(ENTRY #659) 2022-03-10 18:42:46.468698 >> SLOPE CALC:None
(ENTRY #660) 2022-03-10 18:42:46.468698 >> LIN CALC FIN: 500.71087193570804
(ENTRY #661) 2022-03-10 18:42:46.468698 >> LIN CALC RAW: 399.28912806429196
(ENTRY #662) 2022-03-10 18:42:46.468698 >> Above!
(ENTRY #663) 2022-03-10 18:42:46.468698 >> Object lightRound has been created!
(ENTRY #664) 2022-03-10 18:42:46.469698 >> Protectile #134 has been created! Type: Light
(ENTRY #665) 2022-03-10 18:42:46.469698 >> Projectile created! ID: #134
(ENTRY #666) 2022-03-10 18:42:46.540054 >> Cloud created! ID: #12
(ENTRY #667) 2022-03-10 18:42:46.613598 >> Projectile has hit!
(ENTRY #668) 2022-03-10 18:42:46.613598 >> Projectile removed!
(ENTRY #669) 2022-03-10 18:42:46.900422 >> Projectile has hit!
(ENTRY #670) 2022-03-10 18:42:46.900422 >> Projectile has hit!
(ENTRY #671) 2022-03-10 18:42:46.900422 >> Projectile removed!
(ENTRY #672) 2022-03-10 18:42:46.900422 >> Projectile removed!
(ENTRY #673) 2022-03-10 18:42:47.212628 >> Projectile has hit!
(ENTRY #674) 2022-03-10 18:42:47.213622 >> Projectile removed!
(ENTRY #675) 2022-03-10 18:42:47.235891 >> Projectile has hit!
(ENTRY #676) 2022-03-10 18:42:47.235891 >> Projectile removed!
(ENTRY #677) 2022-03-10 18:42:47.390218 >> Projectile has hit!
(ENTRY #678) 2022-03-10 18:42:47.390218 >> Projectile removed!
(ENTRY #679) 2022-03-10 18:42:47.434357 >> Projectile has hit!
(ENTRY #680) 2022-03-10 18:42:47.434357 >> Projectile removed!
(ENTRY #681) 2022-03-10 18:42:47.476043 >> Projectile has hit!
(ENTRY #682) 2022-03-10 18:42:47.477044 >> Projectile removed!
(ENTRY #683) 2022-03-10 18:42:47.540505 >> Cloud created! ID: #13
(ENTRY #684) 2022-03-10 18:42:47.709255 >> Projectile removed!
(ENTRY #685) 2022-03-10 18:42:48.040476 >> Projectile has hit!
(ENTRY #686) 2022-03-10 18:42:48.040476 >> Projectile removed!
(ENTRY #687) 2022-03-10 18:42:48.465593 >> MOUSEPOS: (332.8846112062604, 395.4268791605408)
(ENTRY #688) 2022-03-10 18:42:48.465593 >> SLOPE CALC:None
(ENTRY #689) 2022-03-10 18:42:48.465593 >> LIN CALC FIN: 412.71596299808846
(ENTRY #690) 2022-03-10 18:42:48.465593 >> LIN CALC RAW: 487.28403700191154
(ENTRY #691) 2022-03-10 18:42:48.465593 >> Above!
(ENTRY #692) 2022-03-10 18:42:48.465593 >> Object lightRound has been created!
(ENTRY #693) 2022-03-10 18:42:48.465593 >> Protectile #136 has been created! Type: Light
(ENTRY #694) 2022-03-10 18:42:48.465593 >> Projectile created! ID: #136
(ENTRY #695) 2022-03-10 18:42:48.466595 >> MOUSEPOS: (234.77401420061526, 314.6053659924433)
(ENTRY #696) 2022-03-10 18:42:48.466595 >> SLOPE CALC:None
(ENTRY #697) 2022-03-10 18:42:48.466595 >> LIN CALC FIN: 297.3162821548957
(ENTRY #698) 2022-03-10 18:42:48.466595 >> LIN CALC RAW: 602.6837178451043
(ENTRY #699) 2022-03-10 18:42:48.466595 >> Below!
(ENTRY #700) 2022-03-10 18:42:48.466595 >> Object lightRound has been created!
(ENTRY #701) 2022-03-10 18:42:48.466595 >> Protectile #138 has been created! Type: Light
(ENTRY #702) 2022-03-10 18:42:48.466595 >> Projectile created! ID: #138
(ENTRY #703) 2022-03-10 18:42:48.466595 >> MOUSEPOS: (332.8846112062604, 395.4268791605408)
(ENTRY #704) 2022-03-10 18:42:48.467588 >> SLOPE CALC:None
(ENTRY #705) 2022-03-10 18:42:48.467588 >> LIN CALC FIN: 377.2350595770771
(ENTRY #706) 2022-03-10 18:42:48.467588 >> LIN CALC RAW: 522.7649404229229
(ENTRY #707) 2022-03-10 18:42:48.467588 >> Below!
(ENTRY #708) 2022-03-10 18:42:48.467588 >> Object lightRound has been created!
(ENTRY #709) 2022-03-10 18:42:48.467588 >> Protectile #140 has been created! Type: Light
(ENTRY #710) 2022-03-10 18:42:48.467588 >> Projectile created! ID: #140
(ENTRY #711) 2022-03-10 18:42:48.468585 >> MOUSEPOS: (835.0273259545186, 308.46444143108596)
(ENTRY #712) 2022-03-10 18:42:48.468585 >> SLOPE CALC:None
(ENTRY #713) 2022-03-10 18:42:48.468585 >> LIN CALC FIN: 343.3650872195915
(ENTRY #714) 2022-03-10 18:42:48.468585 >> LIN CALC RAW: 556.6349127804085
(ENTRY #715) 2022-03-10 18:42:48.468585 >> Above!
(ENTRY #716) 2022-03-10 18:42:48.468585 >> Object lightRound has been created!
(ENTRY #717) 2022-03-10 18:42:48.468585 >> Protectile #142 has been created! Type: Light
(ENTRY #718) 2022-03-10 18:42:48.468585 >> Projectile created! ID: #142
(ENTRY #719) 2022-03-10 18:42:48.468585 >> MOUSEPOS: (878.0530595739185, 258.3713593816664)
(ENTRY #720) 2022-03-10 18:42:48.469590 >> SLOPE CALC:None
(ENTRY #721) 2022-03-10 18:42:48.469590 >> LIN CALC FIN: 265.4387078116861
(ENTRY #722) 2022-03-10 18:42:48.469590 >> LIN CALC RAW: 634.5612921883139
(ENTRY #723) 2022-03-10 18:42:48.469590 >> Above!
(ENTRY #724) 2022-03-10 18:42:48.469590 >> Object lightRound has been created!
(ENTRY #725) 2022-03-10 18:42:48.469590 >> Protectile #144 has been created! Type: Light
(ENTRY #726) 2022-03-10 18:42:48.469590 >> Projectile created! ID: #144
(ENTRY #727) 2022-03-10 18:42:48.469590 >> MOUSEPOS: (835.0273259545186, 308.46444143108596)
(ENTRY #728) 2022-03-10 18:42:48.469590 >> SLOPE CALC:None
(ENTRY #729) 2022-03-10 18:42:48.469590 >> LIN CALC FIN: 301.3970930010664
(ENTRY #730) 2022-03-10 18:42:48.469590 >> LIN CALC RAW: 598.6029069989336
(ENTRY #731) 2022-03-10 18:42:48.469590 >> Below!
(ENTRY #732) 2022-03-10 18:42:48.469590 >> Object lightRound has been created!
(ENTRY #733) 2022-03-10 18:42:48.470615 >> Protectile #146 has been created! Type: Light
(ENTRY #734) 2022-03-10 18:42:48.470615 >> Projectile created! ID: #146
(ENTRY #735) 2022-03-10 18:42:48.470615 >> MOUSEPOS: (714.4367454450712, 222.77450671014415)
(ENTRY #736) 2022-03-10 18:42:48.470615 >> SLOPE CALC:None
(ENTRY #737) 2022-03-10 18:42:48.470615 >> LIN CALC FIN: 115.3841542024951
(ENTRY #738) 2022-03-10 18:42:48.470615 >> LIN CALC RAW: 784.6158457975049
(ENTRY #739) 2022-03-10 18:42:48.470615 >> Below!
(ENTRY #740) 2022-03-10 18:42:48.470615 >> Object lightRound has been created!
(ENTRY #741) 2022-03-10 18:42:48.470615 >> Protectile #148 has been created! Type: Light
(ENTRY #742) 2022-03-10 18:42:48.470615 >> Projectile created! ID: #148
(ENTRY #743) 2022-03-10 18:42:48.470615 >> MOUSEPOS: (835.0273259545186, 308.46444143108596)
(ENTRY #744) 2022-03-10 18:42:48.470615 >> SLOPE CALC:None
(ENTRY #745) 2022-03-10 18:42:48.471615 >> LIN CALC FIN: 695.9356715333067
(ENTRY #746) 2022-03-10 18:42:48.471615 >> LIN CALC RAW: 204.06432846669327
(ENTRY #747) 2022-03-10 18:42:48.471615 >> Above!
(ENTRY #748) 2022-03-10 18:42:48.471615 >> Object lightRound has been created!
(ENTRY #749) 2022-03-10 18:42:48.471615 >> Protectile #150 has been created! Type: Light
(ENTRY #750) 2022-03-10 18:42:48.471615 >> Projectile created! ID: #150
(ENTRY #751) 2022-03-10 18:42:48.593581 >> Cloud created! ID: #14
(ENTRY #752) 2022-03-10 18:42:48.977266 >> Projectile has hit!
(ENTRY #753) 2022-03-10 18:42:48.977266 >> Projectile removed!
(ENTRY #754) 2022-03-10 18:42:49.069578 >> Projectile has hit!
(ENTRY #755) 2022-03-10 18:42:49.069578 >> Projectile removed!
(ENTRY #756) 2022-03-10 18:42:49.431973 >> Projectile has hit!
(ENTRY #757) 2022-03-10 18:42:49.431973 >> Projectile has hit!
(ENTRY #758) 2022-03-10 18:42:49.431973 >> Projectile removed!
(ENTRY #759) 2022-03-10 18:42:49.431973 >> Projectile removed!
(ENTRY #760) 2022-03-10 18:42:49.644294 >> Cloud created! ID: #15
(ENTRY #761) 2022-03-10 18:42:50.083632 >> Projectile has hit!
(ENTRY #762) 2022-03-10 18:42:50.083632 >> Projectile removed!
(ENTRY #763) 2022-03-10 18:42:50.473635 >> MOUSEPOS: (160.28955236567325, 479.0614420456899)
(ENTRY #764) 2022-03-10 18:42:50.473635 >> SLOPE CALC:None
(ENTRY #765) 2022-03-10 18:42:50.473635 >> LIN CALC FIN: 381.92297687399184
(ENTRY #766) 2022-03-10 18:42:50.473635 >> LIN CALC RAW: 518.0770231260082
(ENTRY #767) 2022-03-10 18:42:50.473635 >> Below!
(ENTRY #768) 2022-03-10 18:42:50.473635 >> Object lightRound has been created!
(ENTRY #769) 2022-03-10 18:42:50.473635 >> Protectile #152 has been created! Type: Light
(ENTRY #770) 2022-03-10 18:42:50.473635 >> Projectile created! ID: #152
(ENTRY #771) 2022-03-10 18:42:50.474633 >> MOUSEPOS: (246.4088526161307, 295.80367662353433)
(ENTRY #772) 2022-03-10 18:42:50.474633 >> SLOPE CALC:None
(ENTRY #773) 2022-03-10 18:42:50.474633 >> LIN CALC FIN: 260.6643556807171
(ENTRY #774) 2022-03-10 18:42:50.474633 >> LIN CALC RAW: 639.3356443192829
(ENTRY #775) 2022-03-10 18:42:50.474633 >> Below!
(ENTRY #776) 2022-03-10 18:42:50.474633 >> Object lightRound has been created!
(ENTRY #777) 2022-03-10 18:42:50.474633 >> Protectile #154 has been created! Type: Light
(ENTRY #778) 2022-03-10 18:42:50.474633 >> Projectile created! ID: #154
(ENTRY #779) 2022-03-10 18:42:50.474633 >> MOUSEPOS: (875.5759603599681, 267.08847591500495)
(ENTRY #780) 2022-03-10 18:42:50.474633 >> SLOPE CALC:None
(ENTRY #781) 2022-03-10 18:42:50.474633 >> LIN CALC FIN: 265.09716386406546
(ENTRY #782) 2022-03-10 18:42:50.474633 >> LIN CALC RAW: 634.9028361359345
(ENTRY #783) 2022-03-10 18:42:50.474633 >> Below!
(ENTRY #784) 2022-03-10 18:42:50.474633 >> Object lightRound has been created!
(ENTRY #785) 2022-03-10 18:42:50.475632 >> Protectile #156 has been created! Type: Light
(ENTRY #786) 2022-03-10 18:42:50.475632 >> Projectile created! ID: #156
(ENTRY #787) 2022-03-10 18:42:50.475632 >> MOUSEPOS: (875.5759603599681, 267.08847591500495)
(ENTRY #788) 2022-03-10 18:42:50.475632 >> SLOPE CALC:None
(ENTRY #789) 2022-03-10 18:42:50.475632 >> LIN CALC FIN: 330.7266976301589
(ENTRY #790) 2022-03-10 18:42:50.475632 >> LIN CALC RAW: 569.2733023698411
(ENTRY #791) 2022-03-10 18:42:50.475632 >> Above!
(ENTRY #792) 2022-03-10 18:42:50.475632 >> Object lightRound has been created!
(ENTRY #793) 2022-03-10 18:42:50.475632 >> Protectile #158 has been created! Type: Light
(ENTRY #794) 2022-03-10 18:42:50.475632 >> Projectile created! ID: #158
(ENTRY #795) 2022-03-10 18:42:50.475632 >> MOUSEPOS: (865.0902091095243, 341.21244888060284)
(ENTRY #796) 2022-03-10 18:42:50.475632 >> SLOPE CALC:None
(ENTRY #797) 2022-03-10 18:42:50.475632 >> LIN CALC FIN: 277.57422716544875
(ENTRY #798) 2022-03-10 18:42:50.475632 >> LIN CALC RAW: 622.4257728345513
(ENTRY #799) 2022-03-10 18:42:50.475632 >> Below!
(ENTRY #800) 2022-03-10 18:42:50.475632 >> Object lightRound has been created!
(ENTRY #801) 2022-03-10 18:42:50.476632 >> Protectile #160 has been created! Type: Light
(ENTRY #802) 2022-03-10 18:42:50.476632 >> Projectile created! ID: #160
(ENTRY #803) 2022-03-10 18:42:50.476632 >> MOUSEPOS: (758.4809987507351, 148.0022022548325)
(ENTRY #804) 2022-03-10 18:42:50.476632 >> SLOPE CALC:None
(ENTRY #805) 2022-03-10 18:42:50.476632 >> LIN CALC FIN: 151.57002602892499
(ENTRY #806) 2022-03-10 18:42:50.476632 >> LIN CALC RAW: 748.429973971075
(ENTRY #807) 2022-03-10 18:42:50.476632 >> Above!
(ENTRY #808) 2022-03-10 18:42:50.476632 >> Object lightRound has been created!
(ENTRY #809) 2022-03-10 18:42:50.476632 >> Protectile #162 has been created! Type: Light
(ENTRY #810) 2022-03-10 18:42:50.476632 >> Projectile created! ID: #162
(ENTRY #811) 2022-03-10 18:42:50.476632 >> MOUSEPOS: (865.0902091095243, 341.21244888060284)
(ENTRY #812) 2022-03-10 18:42:50.476632 >> SLOPE CALC:None
(ENTRY #813) 2022-03-10 18:42:50.476632 >> LIN CALC FIN: 660.4855514516405
(ENTRY #814) 2022-03-10 18:42:50.476632 >> LIN CALC RAW: 239.5144485483595
(ENTRY #815) 2022-03-10 18:42:50.476632 >> Above!
(ENTRY #816) 2022-03-10 18:42:50.476632 >> Object lightRound has been created!
(ENTRY #817) 2022-03-10 18:42:50.477632 >> Protectile #164 has been created! Type: Light
(ENTRY #818) 2022-03-10 18:42:50.477632 >> Projectile created! ID: #164
(ENTRY #819) 2022-03-10 18:42:50.641010 >> Projectile has hit!
(ENTRY #820) 2022-03-10 18:42:50.641010 >> Projectile removed!
(ENTRY #821) 2022-03-10 18:42:50.873247 >> Projectile has hit!
(ENTRY #822) 2022-03-10 18:42:50.873247 >> Projectile removed!
(ENTRY #823) 2022-03-10 18:42:50.896224 >> Cloud created! ID: #16
(ENTRY #824) 2022-03-10 18:42:51.057316 >> Projectile has hit!
(ENTRY #825) 2022-03-10 18:42:51.057316 >> Projectile removed!
(ENTRY #826) 2022-03-10 18:42:51.555943 >> Projectile removed!
(ENTRY #827) 2022-03-10 18:42:51.577475 >> entity_2_1 and entity_2_2 have collided!
(ENTRY #828) 2022-03-10 18:42:51.577475 >> entity_2_2 and entity_2_1 have collided!
(ENTRY #829) 2022-03-10 18:42:51.918879 >> Cloud created! ID: #17
(ENTRY #830) 2022-03-10 18:42:52.229657 >> Projectile has hit!
(ENTRY #831) 2022-03-10 18:42:52.229657 >> Projectile removed!
(ENTRY #832) 2022-03-10 18:42:52.328726 >> Projectile removed!
(ENTRY #833) 2022-03-10 18:42:52.369433 >> entity_2_0 and entity_2_3 have collided!
(ENTRY #834) 2022-03-10 18:42:52.369433 >> entity_2_3 and entity_2_0 have collided!
(ENTRY #835) 2022-03-10 18:42:52.479852 >> MOUSEPOS: (165.1288856295922, 501.5154762548351)
(ENTRY #836) 2022-03-10 18:42:52.479852 >> SLOPE CALC:None
(ENTRY #837) 2022-03-10 18:42:52.479852 >> LIN CALC FIN: 382.3466305928997
(ENTRY #838) 2022-03-10 18:42:52.479852 >> LIN CALC RAW: 517.6533694071003
(ENTRY #839) 2022-03-10 18:42:52.479852 >> Below!
(ENTRY #840) 2022-03-10 18:42:52.479852 >> Object lightRound has been created!
(ENTRY #841) 2022-03-10 18:42:52.480851 >> Protectile #166 has been created! Type: Light
(ENTRY #842) 2022-03-10 18:42:52.480851 >> Projectile created! ID: #166
(ENTRY #843) 2022-03-10 18:42:52.480851 >> MOUSEPOS: (264.979067132887, 282.4964490896049)
(ENTRY #844) 2022-03-10 18:42:52.480851 >> SLOPE CALC:None
(ENTRY #845) 2022-03-10 18:42:52.480851 >> LIN CALC FIN: 247.15790014025447
(ENTRY #846) 2022-03-10 18:42:52.480851 >> LIN CALC RAW: 652.8420998597455
(ENTRY #847) 2022-03-10 18:42:52.480851 >> Below!
(ENTRY #848) 2022-03-10 18:42:52.480851 >> Object lightRound has been created!
(ENTRY #849) 2022-03-10 18:42:52.480851 >> Protectile #168 has been created! Type: Light
(ENTRY #850) 2022-03-10 18:42:52.480851 >> Projectile created! ID: #168
(ENTRY #851) 2022-03-10 18:42:52.480851 >> MOUSEPOS: (460.41710018092596, 442.5959331882934)
(ENTRY #852) 2022-03-10 18:42:52.480851 >> SLOPE CALC:None
(ENTRY #853) 2022-03-10 18:42:52.480851 >> LIN CALC FIN: 567.10552030789
(ENTRY #854) 2022-03-10 18:42:52.480851 >> LIN CALC RAW: 332.89447969211005
(ENTRY #855) 2022-03-10 18:42:52.480851 >> Above!
(ENTRY #856) 2022-03-10 18:42:52.480851 >> Object lightRound has been created!
(ENTRY #857) 2022-03-10 18:42:52.481851 >> Protectile #170 has been created! Type: Light
(ENTRY #858) 2022-03-10 18:42:52.481851 >> Projectile created! ID: #170
(ENTRY #859) 2022-03-10 18:42:52.621294 >> Projectile has hit!
(ENTRY #860) 2022-03-10 18:42:52.621294 >> Projectile removed!
(ENTRY #861) 2022-03-10 18:42:53.051261 >> Cloud created! ID: #18
(ENTRY #862) 2022-03-10 18:42:53.230541 >> Projectile removed!
(ENTRY #863) 2022-03-10 18:42:53.416676 >> Projectile removed!
(ENTRY #864) 2022-03-10 18:42:54.114891 >> Cloud created! ID: #19
(ENTRY #865) 2022-03-10 18:42:54.395442 >> Projectile has hit!
(ENTRY #866) 2022-03-10 18:42:54.395442 >> Projectile removed!
(ENTRY #867) 2022-03-10 18:42:54.438446 >> Projectile has hit!
(ENTRY #868) 2022-03-10 18:42:54.438446 >> Projectile removed!
(ENTRY #869) 2022-03-10 18:42:54.494445 >> Projectile removed!
(ENTRY #870) 2022-03-10 18:42:54.496444 >> MOUSEPOS: (484.2195110923951, 436.550890908678)
(ENTRY #871) 2022-03-10 18:42:54.496444 >> SLOPE CALC:None
(ENTRY #872) 2022-03-10 18:42:54.496444 >> LIN CALC FIN: 472.69241356075406
(ENTRY #873) 2022-03-10 18:42:54.496444 >> LIN CALC RAW: 427.30758643924594
(ENTRY #874) 2022-03-10 18:42:54.496444 >> Above!
(ENTRY #875) 2022-03-10 18:42:54.496444 >> Object lightRound has been created!
(ENTRY #876) 2022-03-10 18:42:54.497441 >> Protectile #172 has been created! Type: Light
(ENTRY #877) 2022-03-10 18:42:54.497441 >> Projectile created! ID: #172
(ENTRY #878) 2022-03-10 18:42:54.497441 >> MOUSEPOS: (289.02250446418526, 277.4954069325442)
(ENTRY #879) 2022-03-10 18:42:54.497441 >> SLOPE CALC:None
(ENTRY #880) 2022-03-10 18:42:54.497441 >> LIN CALC FIN: 241.35388428046815
(ENTRY #881) 2022-03-10 18:42:54.497441 >> LIN CALC RAW: 658.6461157195318
(ENTRY #882) 2022-03-10 18:42:54.497441 >> Below!
(ENTRY #883) 2022-03-10 18:42:54.497441 >> Object lightRound has been created!
(ENTRY #884) 2022-03-10 18:42:54.498441 >> Protectile #174 has been created! Type: Light
(ENTRY #885) 2022-03-10 18:42:54.498441 >> Projectile created! ID: #174
(ENTRY #886) 2022-03-10 18:42:54.498441 >> MOUSEPOS: (484.2195110923951, 436.550890908678)
(ENTRY #887) 2022-03-10 18:42:54.498441 >> SLOPE CALC:None
(ENTRY #888) 2022-03-10 18:42:54.498441 >> LIN CALC FIN: 723.8776968142573
(ENTRY #889) 2022-03-10 18:42:54.498441 >> LIN CALC RAW: 176.12230318574268
(ENTRY #890) 2022-03-10 18:42:54.498441 >> Above!
(ENTRY #891) 2022-03-10 18:42:54.498441 >> Object lightRound has been created!
(ENTRY #892) 2022-03-10 18:42:54.498441 >> Protectile #176 has been created! Type: Light
(ENTRY #893) 2022-03-10 18:42:54.499448 >> Projectile created! ID: #176
(ENTRY #894) 2022-03-10 18:42:54.768474 >> Projectile removed!
(ENTRY #895) 2022-03-10 18:42:55.118546 >> Cloud created! ID: #20
(ENTRY #896) 2022-03-10 18:42:55.161774 >> MOUSEPOS: (335, 240)
(ENTRY #897) 2022-03-10 18:42:55.161774 >> SLOPE CALC:None
(ENTRY #898) 2022-03-10 18:42:55.161774 >> LIN CALC FIN: 374.8140862673837
(ENTRY #899) 2022-03-10 18:42:55.161774 >> LIN CALC RAW: 525.1859137326163
(ENTRY #900) 2022-03-10 18:42:55.161774 >> Above!
(ENTRY #901) 2022-03-10 18:42:55.161774 >> Object lightRound has been created!
(ENTRY #902) 2022-03-10 18:42:55.161774 >> Protectile #178 has been created! Type: Light
(ENTRY #903) 2022-03-10 18:42:55.162853 >> Projectile created! ID: #178
(ENTRY #904) 2022-03-10 18:42:55.401017 >> Projectile removed!
(ENTRY #905) 2022-03-10 18:42:55.552480 >> Game resumed!
(ENTRY #906) 2022-03-10 18:42:56.187406 >> Cloud created! ID: #21
(ENTRY #907) 2022-03-10 18:42:56.189406 >> Projectile has hit!
(ENTRY #908) 2022-03-10 18:42:56.189406 >> Projectile removed!
(ENTRY #909) 2022-03-10 18:42:56.382409 >> Projectile removed!
(ENTRY #910) 2022-03-10 18:42:56.502415 >> Projectile has hit!
(ENTRY #911) 2022-03-10 18:42:56.502415 >> Projectile removed!
(ENTRY #912) 2022-03-10 18:42:56.502415 >> MOUSEPOS: (508.82614791231225, 441.2226068781338)
(ENTRY #913) 2022-03-10 18:42:56.502415 >> SLOPE CALC:None
(ENTRY #914) 2022-03-10 18:42:56.502415 >> LIN CALC FIN: 478.66020696938125
(ENTRY #915) 2022-03-10 18:42:56.502415 >> LIN CALC RAW: 421.33979303061875
(ENTRY #916) 2022-03-10 18:42:56.502415 >> Above!
(ENTRY #917) 2022-03-10 18:42:56.502415 >> Object lightRound has been created!
(ENTRY #918) 2022-03-10 18:42:56.502415 >> Protectile #180 has been created! Type: Light
(ENTRY #919) 2022-03-10 18:42:56.502415 >> Projectile created! ID: #180
(ENTRY #920) 2022-03-10 18:42:56.502415 >> MOUSEPOS: (313.4019438297016, 283.2360028867706)
(ENTRY #921) 2022-03-10 18:42:56.502415 >> SLOPE CALC:None
(ENTRY #922) 2022-03-10 18:42:56.502415 >> LIN CALC FIN: 245.7984027955231
(ENTRY #923) 2022-03-10 18:42:56.502415 >> LIN CALC RAW: 654.2015972044769
(ENTRY #924) 2022-03-10 18:42:56.503439 >> Below!
(ENTRY #925) 2022-03-10 18:42:56.503439 >> Object lightRound has been created!
(ENTRY #926) 2022-03-10 18:42:56.503439 >> Protectile #182 has been created! Type: Light
(ENTRY #927) 2022-03-10 18:42:56.503439 >> Projectile created! ID: #182
(ENTRY #928) 2022-03-10 18:42:56.503439 >> MOUSEPOS: (508.82614791231225, 441.2226068781338)
(ENTRY #929) 2022-03-10 18:42:56.503439 >> SLOPE CALC:None
(ENTRY #930) 2022-03-10 18:42:56.503439 >> LIN CALC FIN: 814.602529865221
(ENTRY #931) 2022-03-10 18:42:56.503439 >> LIN CALC RAW: 85.39747013477904
(ENTRY #932) 2022-03-10 18:42:56.503439 >> Above!
(ENTRY #933) 2022-03-10 18:42:56.503439 >> Object lightRound has been created!
(ENTRY #934) 2022-03-10 18:42:56.503439 >> Protectile #184 has been created! Type: Light
(ENTRY #935) 2022-03-10 18:42:56.503439 >> Projectile created! ID: #184
(ENTRY #936) 2022-03-10 18:42:56.983903 >> MOUSEPOS: (346, 286)
(ENTRY #937) 2022-03-10 18:42:56.983903 >> SLOPE CALC:None
(ENTRY #938) 2022-03-10 18:42:56.983903 >> LIN CALC FIN: 395.6859916053503
(ENTRY #939) 2022-03-10 18:42:56.983903 >> LIN CALC RAW: 504.3140083946497
(ENTRY #940) 2022-03-10 18:42:56.983903 >> Above!
(ENTRY #941) 2022-03-10 18:42:56.983903 >> Object lightRound has been created!
(ENTRY #942) 2022-03-10 18:42:56.984893 >> Protectile #186 has been created! Type: Light
(ENTRY #943) 2022-03-10 18:42:56.984893 >> Projectile created! ID: #186
(ENTRY #944) 2022-03-10 18:42:57.185382 >> Projectile has hit!
(ENTRY #945) 2022-03-10 18:42:57.185382 >> Projectile removed!
(ENTRY #946) 2022-03-10 18:42:57.286591 >> Cloud created! ID: #22
(ENTRY #947) 2022-03-10 18:42:57.695305 >> Projectile removed!
(ENTRY #948) 2022-03-10 18:42:57.717841 >> Projectile has hit!
(ENTRY #949) 2022-03-10 18:42:57.717841 >> Projectile removed!
(ENTRY #950) 2022-03-10 18:42:58.347241 >> Cloud created! ID: #23
(ENTRY #951) 2022-03-10 18:42:58.485447 >> Projectile has hit!
(ENTRY #952) 2022-03-10 18:42:58.485447 >> Projectile removed!
(ENTRY #953) 2022-03-10 18:42:58.505019 >> MOUSEPOS: (210.2162807459185, 557.931796051077)
(ENTRY #954) 2022-03-10 18:42:58.505019 >> SLOPE CALC:None
(ENTRY #955) 2022-03-10 18:42:58.505019 >> LIN CALC FIN: 774.4641510002684
(ENTRY #956) 2022-03-10 18:42:58.505019 >> LIN CALC RAW: 125.53584899973157
(ENTRY #957) 2022-03-10 18:42:58.505019 >> Above!
(ENTRY #958) 2022-03-10 18:42:58.505019 >> Object lightRound has been created!
(ENTRY #959) 2022-03-10 18:42:58.506021 >> Protectile #188 has been created! Type: Light
(ENTRY #960) 2022-03-10 18:42:58.506021 >> Projectile created! ID: #188
(ENTRY #961) 2022-03-10 18:42:58.506021 >> MOUSEPOS: (210.2162807459185, 557.931796051077)
(ENTRY #962) 2022-03-10 18:42:58.506021 >> SLOPE CALC:None
(ENTRY #963) 2022-03-10 18:42:58.506021 >> LIN CALC FIN: 587.9868644202182
(ENTRY #964) 2022-03-10 18:42:58.506021 >> LIN CALC RAW: 312.01313557978176
(ENTRY #965) 2022-03-10 18:42:58.506021 >> Above!
(ENTRY #966) 2022-03-10 18:42:58.506021 >> Object lightRound has been created!
(ENTRY #967) 2022-03-10 18:42:58.506021 >> Protectile #190 has been created! Type: Light
(ENTRY #968) 2022-03-10 18:42:58.506021 >> Projectile created! ID: #190
(ENTRY #969) 2022-03-10 18:42:58.563530 >> MOUSEPOS: (530, 453)
(ENTRY #970) 2022-03-10 18:42:58.563530 >> SLOPE CALC:None
(ENTRY #971) 2022-03-10 18:42:58.563530 >> LIN CALC FIN: 238.78696206789186
(ENTRY #972) 2022-03-10 18:42:58.563530 >> LIN CALC RAW: 661.2130379321081
(ENTRY #973) 2022-03-10 18:42:58.563530 >> Below!
(ENTRY #974) 2022-03-10 18:42:58.563530 >> Object lightRound has been created!
(ENTRY #975) 2022-03-10 18:42:58.563530 >> Protectile #192 has been created! Type: Light
(ENTRY #976) 2022-03-10 18:42:58.563530 >> Projectile created! ID: #192
(ENTRY #977) 2022-03-10 18:42:58.582697 >> Cloud removed! ID: #23
(ENTRY #978) 2022-03-10 18:42:59.428368 >> Cloud created! ID: #24
(ENTRY #979) 2022-03-10 18:42:59.509206 >> MOUSEPOS: (590, 556)
(ENTRY #980) 2022-03-10 18:42:59.509206 >> SLOPE CALC:None
(ENTRY #981) 2022-03-10 18:42:59.509206 >> LIN CALC FIN: 193.49053189005338
(ENTRY #982) 2022-03-10 18:42:59.509206 >> LIN CALC RAW: 706.5094681099466
(ENTRY #983) 2022-03-10 18:42:59.509206 >> Below!
(ENTRY #984) 2022-03-10 18:42:59.509206 >> Cloud removed! ID: #24
(ENTRY #985) 2022-03-10 18:43:00.331911 >> MOUSEPOS: (581, 469)
(ENTRY #986) 2022-03-10 18:43:00.331911 >> SLOPE CALC:None
(ENTRY #987) 2022-03-10 18:43:00.331911 >> LIN CALC FIN: 213.5475810372077
(ENTRY #988) 2022-03-10 18:43:00.331911 >> LIN CALC RAW: 686.4524189627923
(ENTRY #989) 2022-03-10 18:43:00.331911 >> Below!
(ENTRY #990) 2022-03-10 18:43:00.331911 >> Object lightRound has been created!
(ENTRY #991) 2022-03-10 18:43:00.332940 >> Protectile #194 has been created! Type: Light
(ENTRY #992) 2022-03-10 18:43:00.332940 >> Projectile created! ID: #194
(ENTRY #993) 2022-03-10 18:43:00.352023 >> Cloud removed! ID: #24
(ENTRY #994) 2022-03-10 18:43:00.507212 >> MOUSEPOS: (235.80844431805966, 561.0174585184631)
(ENTRY #995) 2022-03-10 18:43:00.507212 >> SLOPE CALC:None
(ENTRY #996) 2022-03-10 18:43:00.507212 >> LIN CALC FIN: 785.407706230737
(ENTRY #997) 2022-03-10 18:43:00.507212 >> LIN CALC RAW: 114.59229376926305
(ENTRY #998) 2022-03-10 18:43:00.507212 >> Above!
(ENTRY #999) 2022-03-10 18:43:00.507212 >> Object lightRound has been created!
(ENTRY #1000) 2022-03-10 18:43:00.508208 >> Protectile #196 has been created! Type: Light
(ENTRY #1001) 2022-03-10 18:43:00.508208 >> Projectile created! ID: #196
(ENTRY #1002) 2022-03-10 18:43:00.508208 >> MOUSEPOS: (235.80844431805966, 561.0174585184631)
(ENTRY #1003) 2022-03-10 18:43:00.508208 >> SLOPE CALC:None
(ENTRY #1004) 2022-03-10 18:43:00.508208 >> LIN CALC FIN: 678.7089288762701
(ENTRY #1005) 2022-03-10 18:43:00.508208 >> LIN CALC RAW: 221.29107112372992
(ENTRY #1006) 2022-03-10 18:43:00.508208 >> Above!
(ENTRY #1007) 2022-03-10 18:43:00.508208 >> Object lightRound has been created!
(ENTRY #1008) 2022-03-10 18:43:00.508208 >> Protectile #198 has been created! Type: Light
(ENTRY #1009) 2022-03-10 18:43:00.508208 >> Projectile created! ID: #198
(ENTRY #1010) 2022-03-10 18:43:00.773990 >> Cloud created! ID: #25
(ENTRY #1011) 2022-03-10 18:43:00.818281 >> Projectile has hit!
(ENTRY #1012) 2022-03-10 18:43:00.818281 >> Projectile removed!
(ENTRY #1013) 2022-03-10 18:43:01.016619 >> Projectile has hit!
(ENTRY #1014) 2022-03-10 18:43:01.016619 >> Projectile removed!
(ENTRY #1015) 2022-03-10 18:43:01.077579 >> MOUSEPOS: (588, 493)
(ENTRY #1016) 2022-03-10 18:43:01.077579 >> SLOPE CALC:None
(ENTRY #1017) 2022-03-10 18:43:01.077579 >> LIN CALC FIN: 214.3660585511584
(ENTRY #1018) 2022-03-10 18:43:01.077579 >> LIN CALC RAW: 685.6339414488416
(ENTRY #1019) 2022-03-10 18:43:01.077579 >> Below!
(ENTRY #1020) 2022-03-10 18:43:01.514416 >> Cloud removed! ID: #25
(ENTRY #1021) 2022-03-10 18:43:01.786329 >> Cloud created! ID: #26
(ENTRY #1022) 2022-03-10 18:43:02.403256 >> Projectile has hit!
(ENTRY #1023) 2022-03-10 18:43:02.403256 >> Projectile removed!
(ENTRY #1024) 2022-03-10 18:43:02.441858 >> Cloud removed! ID: #26
(ENTRY #1025) 2022-03-10 18:43:02.520168 >> MOUSEPOS: (259.5254338416702, 552.9666254172554)
(ENTRY #1026) 2022-03-10 18:43:02.520168 >> SLOPE CALC:None
(ENTRY #1027) 2022-03-10 18:43:02.520168 >> LIN CALC FIN: 795.1816067823205
(ENTRY #1028) 2022-03-10 18:43:02.520168 >> LIN CALC RAW: 104.8183932176795
(ENTRY #1029) 2022-03-10 18:43:02.520168 >> Above!
(ENTRY #1030) 2022-03-10 18:43:02.520168 >> Object lightRound has been created!
(ENTRY #1031) 2022-03-10 18:43:02.521133 >> Protectile #200 has been created! Type: Light
(ENTRY #1032) 2022-03-10 18:43:02.521133 >> Projectile created! ID: #200
(ENTRY #1033) 2022-03-10 18:43:02.521133 >> MOUSEPOS: (259.5254338416702, 552.9666254172554)
(ENTRY #1034) 2022-03-10 18:43:02.521133 >> SLOPE CALC:None
(ENTRY #1035) 2022-03-10 18:43:02.521133 >> LIN CALC FIN: 752.0659295610099
(ENTRY #1036) 2022-03-10 18:43:02.521133 >> LIN CALC RAW: 147.93407043899015
(ENTRY #1037) 2022-03-10 18:43:02.521133 >> Above!
(ENTRY #1038) 2022-03-10 18:43:02.521133 >> Object lightRound has been created!
(ENTRY #1039) 2022-03-10 18:43:02.521133 >> Protectile #202 has been created! Type: Light
(ENTRY #1040) 2022-03-10 18:43:02.521133 >> Projectile created! ID: #202
(ENTRY #1041) 2022-03-10 18:43:02.579746 >> Projectile removed!
(ENTRY #1042) 2022-03-10 18:43:02.643250 >> MOUSEPOS: (602, 520)
(ENTRY #1043) 2022-03-10 18:43:02.643250 >> SLOPE CALC:None
(ENTRY #1044) 2022-03-10 18:43:02.643250 >> LIN CALC FIN: 210.88971272796528
(ENTRY #1045) 2022-03-10 18:43:02.643250 >> LIN CALC RAW: 689.1102872720347
(ENTRY #1046) 2022-03-10 18:43:02.643250 >> Below!
(ENTRY #1047) 2022-03-10 18:43:02.643250 >> Object lightRound has been created!
(ENTRY #1048) 2022-03-10 18:43:02.643250 >> Protectile #204 has been created! Type: Light
(ENTRY #1049) 2022-03-10 18:43:02.644246 >> Projectile created! ID: #204
(ENTRY #1050) 2022-03-10 18:43:02.664759 >> Projectile has hit!
(ENTRY #1051) 2022-03-10 18:43:02.664759 >> Projectile removed!
(ENTRY #1052) 2022-03-10 18:43:02.701126 >> Projectile removed!
(ENTRY #1053) 2022-03-10 18:43:02.795537 >> Cloud created! ID: #27
(ENTRY #1054) 2022-03-10 18:43:02.888519 >> Projectile removed!
(ENTRY #1055) 2022-03-10 18:43:02.930963 >> Projectile has hit!
(ENTRY #1056) 2022-03-10 18:43:02.930963 >> Projectile removed!
(ENTRY #1057) 2022-03-10 18:43:03.342546 >> Cloud removed! ID: #27
(ENTRY #1058) 2022-03-10 18:43:03.802488 >> Cloud created! ID: #28
(ENTRY #1059) 2022-03-10 18:43:03.913614 >> Projectile removed!
(ENTRY #1060) 2022-03-10 18:43:04.026885 >> Projectile has hit!
(ENTRY #1061) 2022-03-10 18:43:04.026885 >> Projectile removed!
(ENTRY #1062) 2022-03-10 18:43:04.324617 >> Cloud removed! ID: #28
(ENTRY #1063) 2022-03-10 18:43:04.524180 >> MOUSEPOS: (278.2183585348893, 534.5168029072624)
(ENTRY #1064) 2022-03-10 18:43:04.524180 >> SLOPE CALC:None
(ENTRY #1065) 2022-03-10 18:43:04.524180 >> LIN CALC FIN: 802.8103706422171
(ENTRY #1066) 2022-03-10 18:43:04.524180 >> LIN CALC RAW: 97.1896293577829
(ENTRY #1067) 2022-03-10 18:43:04.524180 >> Above!
(ENTRY #1068) 2022-03-10 18:43:04.524180 >> Object lightRound has been created!
(ENTRY #1069) 2022-03-10 18:43:04.524180 >> Protectile #206 has been created! Type: Light
(ENTRY #1070) 2022-03-10 18:43:04.524180 >> Projectile created! ID: #206
(ENTRY #1071) 2022-03-10 18:43:04.524180 >> MOUSEPOS: (278.2183585348893, 534.5168029072624)
(ENTRY #1072) 2022-03-10 18:43:04.524180 >> SLOPE CALC:None
(ENTRY #1073) 2022-03-10 18:43:04.524180 >> LIN CALC FIN: 608.3846438404967
(ENTRY #1074) 2022-03-10 18:43:04.524180 >> LIN CALC RAW: 291.61535615950334
(ENTRY #1075) 2022-03-10 18:43:04.524180 >> Above!
(ENTRY #1076) 2022-03-10 18:43:04.524180 >> Object lightRound has been created!
(ENTRY #1077) 2022-03-10 18:43:04.525180 >> Protectile #208 has been created! Type: Light
(ENTRY #1078) 2022-03-10 18:43:04.525180 >> Projectile created! ID: #208
(ENTRY #1079) 2022-03-10 18:43:04.599045 >> Projectile has hit!
(ENTRY #1080) 2022-03-10 18:43:04.599045 >> Projectile removed!
(ENTRY #1081) 2022-03-10 18:43:04.619447 >> MOUSEPOS: (644, 467)
(ENTRY #1082) 2022-03-10 18:43:04.619447 >> SLOPE CALC:None
(ENTRY #1083) 2022-03-10 18:43:04.619447 >> LIN CALC FIN: 168.40802460579744
(ENTRY #1084) 2022-03-10 18:43:04.619447 >> LIN CALC RAW: 731.5919753942026
(ENTRY #1085) 2022-03-10 18:43:04.619447 >> Below!
(ENTRY #1086) 2022-03-10 18:43:04.619447 >> Object lightRound has been created!
(ENTRY #1087) 2022-03-10 18:43:04.619447 >> Protectile #210 has been created! Type: Light
(ENTRY #1088) 2022-03-10 18:43:04.619447 >> Projectile created! ID: #210
(ENTRY #1089) 2022-03-10 18:43:04.821541 >> Cloud created! ID: #29
(ENTRY #1090) 2022-03-10 18:43:04.987022 >> Projectile removed!
(ENTRY #1091) 2022-03-10 18:43:05.256126 >> Cloud removed! ID: #29
(ENTRY #1092) 2022-03-10 18:43:05.904273 >> Cloud created! ID: #30
(ENTRY #1093) 2022-03-10 18:43:06.105108 >> Cloud removed! ID: #30
(ENTRY #1094) 2022-03-10 18:43:06.232841 >> Projectile has hit!
(ENTRY #1095) 2022-03-10 18:43:06.232841 >> Projectile removed!
(ENTRY #1096) 2022-03-10 18:43:06.534592 >> MOUSEPOS: (287.0733304001732, 508.4551091404925)
(ENTRY #1097) 2022-03-10 18:43:06.534592 >> SLOPE CALC:None
(ENTRY #1098) 2022-03-10 18:43:06.534592 >> LIN CALC FIN: 811.7720474309652
(ENTRY #1099) 2022-03-10 18:43:06.534592 >> LIN CALC RAW: 88.22795256903476
(ENTRY #1100) 2022-03-10 18:43:06.534592 >> Above!
(ENTRY #1101) 2022-03-10 18:43:06.535595 >> Object lightRound has been created!
(ENTRY #1102) 2022-03-10 18:43:06.535595 >> Protectile #212 has been created! Type: Light
(ENTRY #1103) 2022-03-10 18:43:06.535595 >> Projectile created! ID: #212
(ENTRY #1104) 2022-03-10 18:43:06.535595 >> MOUSEPOS: (287.0733304001732, 508.4551091404925)
(ENTRY #1105) 2022-03-10 18:43:06.535595 >> SLOPE CALC:None
(ENTRY #1106) 2022-03-10 18:43:06.535595 >> LIN CALC FIN: 457.6614052479533
(ENTRY #1107) 2022-03-10 18:43:06.535595 >> LIN CALC RAW: 442.3385947520467
(ENTRY #1108) 2022-03-10 18:43:06.535595 >> Below!
(ENTRY #1109) 2022-03-10 18:43:06.535595 >> Object lightRound has been created!
(ENTRY #1110) 2022-03-10 18:43:06.536598 >> Protectile #214 has been created! Type: Light
(ENTRY #1111) 2022-03-10 18:43:06.536598 >> Projectile created! ID: #214
(ENTRY #1112) 2022-03-10 18:43:06.719349 >> MOUSEPOS: (647, 476)
(ENTRY #1113) 2022-03-10 18:43:06.719349 >> SLOPE CALC:None
(ENTRY #1114) 2022-03-10 18:43:06.719349 >> LIN CALC FIN: 146.84235377427171
(ENTRY #1115) 2022-03-10 18:43:06.719349 >> LIN CALC RAW: 753.1576462257283
(ENTRY #1116) 2022-03-10 18:43:06.719349 >> Below!
(ENTRY #1117) 2022-03-10 18:43:06.719349 >> Object lightRound has been created!
(ENTRY #1118) 2022-03-10 18:43:06.720365 >> Protectile #216 has been created! Type: Light
(ENTRY #1119) 2022-03-10 18:43:06.720365 >> Projectile created! ID: #216
(ENTRY #1120) 2022-03-10 18:43:06.883949 >> Cloud removed! ID: #30
(ENTRY #1121) 2022-03-10 18:43:06.919995 >> Cloud created! ID: #31
(ENTRY #1122) 2022-03-10 18:43:07.033470 >> Projectile has hit!
(ENTRY #1123) 2022-03-10 18:43:07.033470 >> Projectile removed!
(ENTRY #1124) 2022-03-10 18:43:07.684202 >> Cloud removed! ID: #31
(ENTRY #1125) 2022-03-10 18:43:07.927158 >> Cloud created! ID: #32
(ENTRY #1126) 2022-03-10 18:43:08.130155 >> Projectile removed!
(ENTRY #1127) 2022-03-10 18:43:08.489744 >> Cloud removed! ID: #32
(ENTRY #1128) 2022-03-10 18:43:08.537907 >> MOUSEPOS: (298.8286614442404, 483.87834139836934)
(ENTRY #1129) 2022-03-10 18:43:08.537907 >> SLOPE CALC:None
(ENTRY #1130) 2022-03-10 18:43:08.537907 >> LIN CALC FIN: 424.4852422292164
(ENTRY #1131) 2022-03-10 18:43:08.537907 >> LIN CALC RAW: 475.5147577707836
(ENTRY #1132) 2022-03-10 18:43:08.537907 >> Below!
(ENTRY #1133) 2022-03-10 18:43:08.537907 >> Object lightRound has been created!
(ENTRY #1134) 2022-03-10 18:43:08.538907 >> Protectile #218 has been created! Type: Light
(ENTRY #1135) 2022-03-10 18:43:08.538907 >> Projectile created! ID: #218
(ENTRY #1136) 2022-03-10 18:43:08.670914 >> Projectile has hit!
(ENTRY #1137) 2022-03-10 18:43:08.670914 >> Projectile removed!
(ENTRY #1138) 2022-03-10 18:43:08.700882 >> Death menu active!
(ENTRY #1139) 2022-03-10 18:43:09.529722 >> Returning to menu!
(ENTRY #1140) 2022-03-10 18:43:10.830718 >> Naval Warfare 2D Closed...
