Log for Naval Warfare 2D, intended for debugging purposes only! 

(ENTRY #1) 2022-04-19 07:36:18.798257 >> Initialized Log handler...
(ENTRY #2) 2022-04-19 07:36:19.625245 >> Initialized Warship handler...
(ENTRY #3) 2022-04-19 07:36:19.628247 >> Initialized Projectile handler...
(ENTRY #4) 2022-04-19 07:36:19.669158 >> Initialized GUI handler...
(ENTRY #5) 2022-04-19 07:36:19.669158 >> Starting Naval Warfare 2D...
(ENTRY #6) 2022-04-19 07:36:25.214688 >> Created Sprite for Player!
(ENTRY #7) 2022-04-19 07:36:25.214688 >> Finished initalizing!
(ENTRY #8) 2022-04-19 07:36:29.761984 >> Returning to menu!
(ENTRY #9) 2022-04-19 07:36:30.304982 >> Game resumed!
(ENTRY #10) 2022-04-19 07:36:30.305988 >> Dumb-AI Entity created!
(ENTRY #11) 2022-04-19 07:36:30.306978 >> Dumb-AI Entity created!
(ENTRY #12) 2022-04-19 07:36:30.322981 >> Cloud created! ID: #1
(ENTRY #13) 2022-04-19 07:36:30.423072 >> Dumb-AI Entity created!
(ENTRY #14) 2022-04-19 07:36:30.780930 >> Game resumed!
(ENTRY #15) 2022-04-19 07:36:30.959901 >> Game resumed!
(ENTRY #16) 2022-04-19 07:36:31.189926 >> MOUSEPOS: (151, 220)
(ENTRY #17) 2022-04-19 07:36:31.189926 >> SLOPE CALC:None
(ENTRY #18) 2022-04-19 07:36:31.189926 >> LIN CALC FIN: 395.76247174962987
(ENTRY #19) 2022-04-19 07:36:31.189926 >> LIN CALC RAW: 504.23752825037013
(ENTRY #20) 2022-04-19 07:36:31.189926 >> Above!
(ENTRY #21) 2022-04-19 07:36:31.189926 >> Object lightRound has been created!
(ENTRY #22) 2022-04-19 07:36:31.190925 >> Protectile #2 has been created! Type: Light
(ENTRY #23) 2022-04-19 07:36:31.190925 >> Projectile created! ID: #2
(ENTRY #24) 2022-04-19 07:36:31.363895 >> Cloud created! ID: #2
(ENTRY #25) 2022-04-19 07:36:32.329434 >> MOUSEPOS: (162.95439645251014, 211.04717263051458)
(ENTRY #26) 2022-04-19 07:36:32.329434 >> SLOPE CALC:None
(ENTRY #27) 2022-04-19 07:36:32.329434 >> LIN CALC FIN: 233.04717263051452
(ENTRY #28) 2022-04-19 07:36:32.329434 >> LIN CALC RAW: 666.9528273694855
(ENTRY #29) 2022-04-19 07:36:32.329434 >> Above!
(ENTRY #30) 2022-04-19 07:36:32.329434 >> Object lightRound has been created!
(ENTRY #31) 2022-04-19 07:36:32.329434 >> Protectile #4 has been created! Type: Light
(ENTRY #32) 2022-04-19 07:36:32.329434 >> Projectile created! ID: #4
(ENTRY #33) 2022-04-19 07:36:32.329434 >> MOUSEPOS: (147.95439645251014, 215.04717263051458)
(ENTRY #34) 2022-04-19 07:36:32.330432 >> SLOPE CALC:None
(ENTRY #35) 2022-04-19 07:36:32.330432 >> LIN CALC FIN: 230.28355917915496
(ENTRY #36) 2022-04-19 07:36:32.330432 >> LIN CALC RAW: 669.716440820845
(ENTRY #37) 2022-04-19 07:36:32.330432 >> Above!
(ENTRY #38) 2022-04-19 07:36:32.330432 >> Object lightRound has been created!
(ENTRY #39) 2022-04-19 07:36:32.330432 >> Protectile #6 has been created! Type: Light
(ENTRY #40) 2022-04-19 07:36:32.330432 >> Projectile created! ID: #6
(ENTRY #41) 2022-04-19 07:36:32.330432 >> MOUSEPOS: (130.95439645251014, 193.04717263051458)
(ENTRY #42) 2022-04-19 07:36:32.330432 >> SLOPE CALC:None
(ENTRY #43) 2022-04-19 07:36:32.330432 >> LIN CALC FIN: 182.04717263051452
(ENTRY #44) 2022-04-19 07:36:32.330432 >> LIN CALC RAW: 717.9528273694855
(ENTRY #45) 2022-04-19 07:36:32.330432 >> Below!
(ENTRY #46) 2022-04-19 07:36:32.330432 >> Object lightRound has been created!
(ENTRY #47) 2022-04-19 07:36:32.331432 >> Protectile #8 has been created! Type: Light
(ENTRY #48) 2022-04-19 07:36:32.331432 >> Projectile created! ID: #8
(ENTRY #49) 2022-04-19 07:36:32.352421 >> Projectile has hit!
(ENTRY #50) 2022-04-19 07:36:32.352421 >> Projectile has hit!
(ENTRY #51) 2022-04-19 07:36:32.353423 >> Projectile removed!
(ENTRY #52) 2022-04-19 07:36:32.353423 >> Projectile removed!
(ENTRY #53) 2022-04-19 07:36:32.437419 >> Cloud created! ID: #3
(ENTRY #54) 2022-04-19 07:36:33.442808 >> Cloud created! ID: #4
(ENTRY #55) 2022-04-19 07:36:34.339262 >> MOUSEPOS: (83.51223206393553, 123.03930191878112)
(ENTRY #56) 2022-04-19 07:36:34.339262 >> SLOPE CALC:None
(ENTRY #57) 2022-04-19 07:36:34.339262 >> LIN CALC FIN: 123.3896565496608
(ENTRY #58) 2022-04-19 07:36:34.339262 >> LIN CALC RAW: 776.6103434503392
(ENTRY #59) 2022-04-19 07:36:34.339262 >> Above!
(ENTRY #60) 2022-04-19 07:36:34.339262 >> Object lightRound has been created!
(ENTRY #61) 2022-04-19 07:36:34.340262 >> Protectile #10 has been created! Type: Light
(ENTRY #62) 2022-04-19 07:36:34.340262 >> Projectile created! ID: #10
(ENTRY #63) 2022-04-19 07:36:34.340262 >> MOUSEPOS: (84.51223206393553, 164.03930191878112)
(ENTRY #64) 2022-04-19 07:36:34.340262 >> SLOPE CALC:None
(ENTRY #65) 2022-04-19 07:36:34.340262 >> LIN CALC FIN: 165.83516984391122
(ENTRY #66) 2022-04-19 07:36:34.340262 >> LIN CALC RAW: 734.1648301560888
(ENTRY #67) 2022-04-19 07:36:34.340262 >> Above!
(ENTRY #68) 2022-04-19 07:36:34.340262 >> Object lightRound has been created!
(ENTRY #69) 2022-04-19 07:36:34.340262 >> Protectile #12 has been created! Type: Light
(ENTRY #70) 2022-04-19 07:36:34.340262 >> Projectile created! ID: #12
(ENTRY #71) 2022-04-19 07:36:34.340262 >> MOUSEPOS: (77.90206692956401, 140.77949141528927)
(ENTRY #72) 2022-04-19 07:36:34.340262 >> SLOPE CALC:None
(ENTRY #73) 2022-04-19 07:36:34.340262 >> LIN CALC FIN: 121.4291367844096
(ENTRY #74) 2022-04-19 07:36:34.340262 >> LIN CALC RAW: 778.5708632155904
(ENTRY #75) 2022-04-19 07:36:34.340262 >> Below!
(ENTRY #76) 2022-04-19 07:36:34.340262 >> Object lightRound has been created!
(ENTRY #77) 2022-04-19 07:36:34.341275 >> Protectile #14 has been created! Type: Light
(ENTRY #78) 2022-04-19 07:36:34.341275 >> Projectile created! ID: #14
(ENTRY #79) 2022-04-19 07:36:34.364261 >> Projectile has hit!
(ENTRY #80) 2022-04-19 07:36:34.364261 >> Projectile has hit!
(ENTRY #81) 2022-04-19 07:36:34.364261 >> Projectile removed!
(ENTRY #82) 2022-04-19 07:36:34.364261 >> Projectile removed!
(ENTRY #83) 2022-04-19 07:36:34.946312 >> Cloud created! ID: #5
(ENTRY #84) 2022-04-19 07:36:36.337949 >> Naval Warfare 2D Closed...
