Log for Naval Warfare 2D, intended for debugging purposes only! 

(ENTRY #1) 2022-04-19 14:33:50.247378 >> Initialized Log handler...
(ENTRY #2) 2022-04-19 14:33:50.835552 >> Initialized Warship handler...
(ENTRY #3) 2022-04-19 14:33:50.836551 >> Initialized Projectile handler...
(ENTRY #4) 2022-04-19 14:33:50.845551 >> Initialized GUI handler...
(ENTRY #5) 2022-04-19 14:33:50.845551 >> Starting Naval Warfare 2D...
(ENTRY #6) 2022-04-19 14:33:55.978320 >> Created Sprite for Player!
(ENTRY #7) 2022-04-19 14:33:55.978320 >> Finished initalizing!
(ENTRY #8) 2022-04-19 14:33:57.459353 >> Returning to menu!
(ENTRY #9) 2022-04-19 14:33:59.053068 >> Game resumed!
(ENTRY #10) 2022-04-19 14:33:59.053068 >> Dumb-AI Entity created!
(ENTRY #11) 2022-04-19 14:33:59.053068 >> Dumb-AI Entity created!
(ENTRY #12) 2022-04-19 14:33:59.066326 >> Cloud created! ID: #1
(ENTRY #13) 2022-04-19 14:33:59.119751 >> Dumb-AI Entity created!
(ENTRY #14) 2022-04-19 14:33:59.914314 >> Activating shop!
(ENTRY #15) 2022-04-19 14:34:00.746236 >> Returning to game!
(ENTRY #16) 2022-04-19 14:34:00.747214 >> Game resumed!
(ENTRY #17) 2022-04-19 14:34:00.857214 >> Cloud created! ID: #2
(ENTRY #18) 2022-04-19 14:34:01.016229 >> Activating shop!
(ENTRY #19) 2022-04-19 14:34:01.292874 >> Returning to game!
(ENTRY #20) 2022-04-19 14:34:01.294877 >> Game resumed!
(ENTRY #21) 2022-04-19 14:34:01.307876 >> MOUSEPOS: (145.00872653549837, 225.00003807693582)
(ENTRY #22) 2022-04-19 14:34:01.307876 >> SLOPE CALC:None
(ENTRY #23) 2022-04-19 14:34:01.307876 >> LIN CALC FIN: 234.00872653549834
(ENTRY #24) 2022-04-19 14:34:01.307876 >> LIN CALC RAW: 665.9912734645017
(ENTRY #25) 2022-04-19 14:34:01.307876 >> Above!
(ENTRY #26) 2022-04-19 14:34:01.307876 >> Object lightRound has been created!
(ENTRY #27) 2022-04-19 14:34:01.307876 >> Protectile #2 has been created! Type: Light
(ENTRY #28) 2022-04-19 14:34:01.307876 >> Projectile created! ID: #2
(ENTRY #29) 2022-04-19 14:34:01.307876 >> MOUSEPOS: (162.00872653549837, 214.00003807693582)
(ENTRY #30) 2022-04-19 14:34:01.307876 >> SLOPE CALC:None
(ENTRY #31) 2022-04-19 14:34:01.307876 >> LIN CALC FIN: 236.99127346450166
(ENTRY #32) 2022-04-19 14:34:01.307876 >> LIN CALC RAW: 663.0087265354983
(ENTRY #33) 2022-04-19 14:34:01.307876 >> Above!
(ENTRY #34) 2022-04-19 14:34:01.307876 >> Object lightRound has been created!
(ENTRY #35) 2022-04-19 14:34:01.307876 >> Protectile #4 has been created! Type: Light
(ENTRY #36) 2022-04-19 14:34:01.307876 >> Projectile created! ID: #4
(ENTRY #37) 2022-04-19 14:34:01.307876 >> MOUSEPOS: (156.0, 216.0)
(ENTRY #38) 2022-04-19 14:34:01.307876 >> SLOPE CALC:None
(ENTRY #39) 2022-04-19 14:34:01.307876 >> LIN CALC FIN: 249.99131154143743
(ENTRY #40) 2022-04-19 14:34:01.307876 >> LIN CALC RAW: 650.0086884585626
(ENTRY #41) 2022-04-19 14:34:01.307876 >> Above!
(ENTRY #42) 2022-04-19 14:34:01.307876 >> Object lightRound has been created!
(ENTRY #43) 2022-04-19 14:34:01.307876 >> Protectile #6 has been created! Type: Light
(ENTRY #44) 2022-04-19 14:34:01.307876 >> Projectile created! ID: #6
(ENTRY #45) 2022-04-19 14:34:01.320874 >> Projectile has hit!
(ENTRY #46) 2022-04-19 14:34:01.320874 >> Projectile has hit!
(ENTRY #47) 2022-04-19 14:34:01.320874 >> Projectile removed!
(ENTRY #48) 2022-04-19 14:34:01.320874 >> Projectile removed!
(ENTRY #49) 2022-04-19 14:34:01.424892 >> Game resumed!
(ENTRY #50) 2022-04-19 14:34:02.845932 >> Returning to menu!
(ENTRY #51) 2022-04-19 14:34:11.292933 >> Returning to menu!
(ENTRY #52) 2022-04-19 14:34:11.992917 >> Game resumed!
(ENTRY #53) 2022-04-19 14:34:12.004916 >> Cloud created! ID: #3
(ENTRY #54) 2022-04-19 14:34:12.057914 >> Dumb-AI Entity created!
(ENTRY #55) 2022-04-19 14:34:12.951455 >> MOUSEPOS: (138, 263)
(ENTRY #56) 2022-04-19 14:34:12.951455 >> SLOPE CALC:None
(ENTRY #57) 2022-04-19 14:34:12.951455 >> LIN CALC FIN: 412.0
(ENTRY #58) 2022-04-19 14:34:12.951455 >> LIN CALC RAW: 488.0
(ENTRY #59) 2022-04-19 14:34:12.951455 >> Above!
(ENTRY #60) 2022-04-19 14:34:12.951455 >> Object lightRound has been created!
(ENTRY #61) 2022-04-19 14:34:12.951455 >> Protectile #8 has been created! Type: Light
(ENTRY #62) 2022-04-19 14:34:12.951455 >> Projectile created! ID: #8
(ENTRY #63) 2022-04-19 14:34:13.041983 >> Cloud created! ID: #4
(ENTRY #64) 2022-04-19 14:34:13.903581 >> Projectile removed!
(ENTRY #65) 2022-04-19 14:34:14.012920 >> MOUSEPOS: (149.0, 472.0)
(ENTRY #66) 2022-04-19 14:34:14.012920 >> SLOPE CALC:None
(ENTRY #67) 2022-04-19 14:34:14.012920 >> LIN CALC FIN: 174.0
(ENTRY #68) 2022-04-19 14:34:14.012920 >> LIN CALC RAW: 726.0
(ENTRY #69) 2022-04-19 14:34:14.012920 >> Below!
(ENTRY #70) 2022-04-19 14:34:14.012920 >> Object lightRound has been created!
(ENTRY #71) 2022-04-19 14:34:14.013919 >> Protectile #10 has been created! Type: Light
(ENTRY #72) 2022-04-19 14:34:14.013919 >> Projectile created! ID: #10
(ENTRY #73) 2022-04-19 14:34:14.080705 >> Cloud created! ID: #5
(ENTRY #74) 2022-04-19 14:34:15.094401 >> Cloud created! ID: #6
(ENTRY #75) 2022-04-19 14:34:15.836227 >> Projectile removed!
(ENTRY #76) 2022-04-19 14:34:16.026143 >> MOUSEPOS: (122.0, 455.0)
(ENTRY #77) 2022-04-19 14:34:16.026143 >> SLOPE CALC:None
(ENTRY #78) 2022-04-19 14:34:16.026143 >> LIN CALC FIN: 117.81761927031903
(ENTRY #79) 2022-04-19 14:34:16.026143 >> LIN CALC RAW: 782.182380729681
(ENTRY #80) 2022-04-19 14:34:16.026143 >> Below!
(ENTRY #81) 2022-04-19 14:34:16.026143 >> Object lightRound has been created!
(ENTRY #82) 2022-04-19 14:34:16.026143 >> Protectile #12 has been created! Type: Light
(ENTRY #83) 2022-04-19 14:34:16.026143 >> Projectile created! ID: #12
(ENTRY #84) 2022-04-19 14:34:16.270774 >> Cloud created! ID: #7
(ENTRY #85) 2022-04-19 14:34:17.281181 >> Cloud created! ID: #8
(ENTRY #86) 2022-04-19 14:34:18.035896 >> MOUSEPOS: (126.0, 469.0)
(ENTRY #87) 2022-04-19 14:34:18.035896 >> SLOPE CALC:None
(ENTRY #88) 2022-04-19 14:34:18.035896 >> LIN CALC FIN: 140.94115021738583
(ENTRY #89) 2022-04-19 14:34:18.035896 >> LIN CALC RAW: 759.0588497826142
(ENTRY #90) 2022-04-19 14:34:18.035896 >> Below!
(ENTRY #91) 2022-04-19 14:34:18.035896 >> Object lightRound has been created!
(ENTRY #92) 2022-04-19 14:34:18.035896 >> Protectile #14 has been created! Type: Light
(ENTRY #93) 2022-04-19 14:34:18.035896 >> Projectile created! ID: #14
(ENTRY #94) 2022-04-19 14:34:18.308044 >> Cloud created! ID: #9
(ENTRY #95) 2022-04-19 14:34:18.449913 >> Projectile removed!
(ENTRY #96) 2022-04-19 14:34:19.380300 >> Cloud created! ID: #10
(ENTRY #97) 2022-04-19 14:34:20.041207 >> MOUSEPOS: (144.0, 489.0)
(ENTRY #98) 2022-04-19 14:34:20.041207 >> SLOPE CALC:None
(ENTRY #99) 2022-04-19 14:34:20.041207 >> LIN CALC FIN: 186.29948923048312
(ENTRY #100) 2022-04-19 14:34:20.041207 >> LIN CALC RAW: 713.7005107695169
(ENTRY #101) 2022-04-19 14:34:20.041207 >> Below!
(ENTRY #102) 2022-04-19 14:34:20.041207 >> Object lightRound has been created!
(ENTRY #103) 2022-04-19 14:34:20.041207 >> Protectile #16 has been created! Type: Light
(ENTRY #104) 2022-04-19 14:34:20.041207 >> Projectile created! ID: #16
(ENTRY #105) 2022-04-19 14:34:20.525274 >> Cloud created! ID: #11
(ENTRY #106) 2022-04-19 14:34:21.160063 >> Projectile removed!
(ENTRY #107) 2022-04-19 14:34:21.651307 >> Cloud created! ID: #12
(ENTRY #108) 2022-04-19 14:34:22.053769 >> MOUSEPOS: (135.0, 482.0)
(ENTRY #109) 2022-04-19 14:34:22.053769 >> SLOPE CALC:None
(ENTRY #110) 2022-04-19 14:34:22.053769 >> LIN CALC FIN: 180.55140263095893
(ENTRY #111) 2022-04-19 14:34:22.053769 >> LIN CALC RAW: 719.4485973690411
(ENTRY #112) 2022-04-19 14:34:22.053769 >> Below!
(ENTRY #113) 2022-04-19 14:34:22.053769 >> Object lightRound has been created!
(ENTRY #114) 2022-04-19 14:34:22.053769 >> Protectile #18 has been created! Type: Light
(ENTRY #115) 2022-04-19 14:34:22.053769 >> Projectile created! ID: #18
(ENTRY #116) 2022-04-19 14:34:22.689907 >> Cloud created! ID: #13
(ENTRY #117) 2022-04-19 14:34:23.131996 >> Projectile removed!
(ENTRY #118) 2022-04-19 14:34:23.697648 >> Cloud created! ID: #14
(ENTRY #119) 2022-04-19 14:34:24.059673 >> MOUSEPOS: (145.0, 483.0)
(ENTRY #120) 2022-04-19 14:34:24.059673 >> SLOPE CALC:None
(ENTRY #121) 2022-04-19 14:34:24.059673 >> LIN CALC FIN: 148.81174406455193
(ENTRY #122) 2022-04-19 14:34:24.059673 >> LIN CALC RAW: 751.1882559354481
(ENTRY #123) 2022-04-19 14:34:24.059673 >> Below!
(ENTRY #124) 2022-04-19 14:34:24.059673 >> Object lightRound has been created!
(ENTRY #125) 2022-04-19 14:34:24.059673 >> Protectile #20 has been created! Type: Light
(ENTRY #126) 2022-04-19 14:34:24.059673 >> Projectile created! ID: #20
(ENTRY #127) 2022-04-19 14:34:24.732851 >> Cloud created! ID: #15
(ENTRY #128) 2022-04-19 14:34:24.770751 >> Projectile removed!
(ENTRY #129) 2022-04-19 14:34:24.873793 >> Cloud removed! ID: #15
(ENTRY #130) 2022-04-19 14:34:25.856521 >> Cloud created! ID: #16
(ENTRY #131) 2022-04-19 14:34:25.856521 >> Cloud removed! ID: #16
(ENTRY #132) 2022-04-19 14:34:26.064767 >> MOUSEPOS: (146.0, 456.0)
(ENTRY #133) 2022-04-19 14:34:26.064767 >> SLOPE CALC:None
(ENTRY #134) 2022-04-19 14:34:26.064767 >> LIN CALC FIN: 64.47702773923879
(ENTRY #135) 2022-04-19 14:34:26.064767 >> LIN CALC RAW: 835.5229722607612
(ENTRY #136) 2022-04-19 14:34:26.064767 >> Below!
(ENTRY #137) 2022-04-19 14:34:26.064767 >> Object lightRound has been created!
(ENTRY #138) 2022-04-19 14:34:26.064767 >> Protectile #22 has been created! Type: Light
(ENTRY #139) 2022-04-19 14:34:26.064767 >> Projectile created! ID: #22
(ENTRY #140) 2022-04-19 14:34:26.155644 >> Cloud removed! ID: #16
(ENTRY #141) 2022-04-19 14:34:26.749872 >> Projectile removed!
(ENTRY #142) 2022-04-19 14:34:26.864242 >> Cloud created! ID: #17
(ENTRY #143) 2022-04-19 14:34:27.210702 >> Cloud removed! ID: #17
(ENTRY #144) 2022-04-19 14:34:27.880531 >> Cloud created! ID: #18
(ENTRY #145) 2022-04-19 14:34:28.071330 >> MOUSEPOS: (146.0, 486.0)
(ENTRY #146) 2022-04-19 14:34:28.071330 >> SLOPE CALC:None
(ENTRY #147) 2022-04-19 14:34:28.071330 >> LIN CALC FIN: 161.0570119674719
(ENTRY #148) 2022-04-19 14:34:28.071330 >> LIN CALC RAW: 738.9429880325281
(ENTRY #149) 2022-04-19 14:34:28.071330 >> Below!
(ENTRY #150) 2022-04-19 14:34:28.071330 >> Object lightRound has been created!
(ENTRY #151) 2022-04-19 14:34:28.072329 >> Protectile #24 has been created! Type: Light
(ENTRY #152) 2022-04-19 14:34:28.072329 >> Projectile created! ID: #24
(ENTRY #153) 2022-04-19 14:34:28.267220 >> Cloud removed! ID: #18
(ENTRY #154) 2022-04-19 14:34:28.928538 >> Cloud created! ID: #19
(ENTRY #155) 2022-04-19 14:34:29.134942 >> Projectile removed!
(ENTRY #156) 2022-04-19 14:34:29.277591 >> Cloud removed! ID: #19
(ENTRY #157) 2022-04-19 14:34:29.975874 >> Cloud created! ID: #20
(ENTRY #158) 2022-04-19 14:34:30.079956 >> MOUSEPOS: (127.0, 467.0)
(ENTRY #159) 2022-04-19 14:34:30.079956 >> SLOPE CALC:None
(ENTRY #160) 2022-04-19 14:34:30.079956 >> LIN CALC FIN: 139.1343283751463
(ENTRY #161) 2022-04-19 14:34:30.079956 >> LIN CALC RAW: 760.8656716248537
(ENTRY #162) 2022-04-19 14:34:30.079956 >> Below!
(ENTRY #163) 2022-04-19 14:34:30.079956 >> Object lightRound has been created!
(ENTRY #164) 2022-04-19 14:34:30.079956 >> Protectile #26 has been created! Type: Light
(ENTRY #165) 2022-04-19 14:34:30.079956 >> Projectile created! ID: #26
(ENTRY #166) 2022-04-19 14:34:30.469068 >> Cloud removed! ID: #20
(ENTRY #167) 2022-04-19 14:34:31.092985 >> Projectile removed!
(ENTRY #168) 2022-04-19 14:34:31.144985 >> Cloud created! ID: #21
(ENTRY #169) 2022-04-19 14:34:31.472140 >> Cloud removed! ID: #21
(ENTRY #170) 2022-04-19 14:34:32.085733 >> MOUSEPOS: (132.0, 466.0)
(ENTRY #171) 2022-04-19 14:34:32.085733 >> SLOPE CALC:None
(ENTRY #172) 2022-04-19 14:34:32.085733 >> LIN CALC FIN: 114.73554589552828
(ENTRY #173) 2022-04-19 14:34:32.085733 >> LIN CALC RAW: 785.2644541044717
(ENTRY #174) 2022-04-19 14:34:32.085733 >> Below!
(ENTRY #175) 2022-04-19 14:34:32.085733 >> Object lightRound has been created!
(ENTRY #176) 2022-04-19 14:34:32.085733 >> Protectile #28 has been created! Type: Light
(ENTRY #177) 2022-04-19 14:34:32.085733 >> Projectile created! ID: #28
(ENTRY #178) 2022-04-19 14:34:32.202179 >> Cloud created! ID: #22
(ENTRY #179) 2022-04-19 14:34:32.502305 >> Cloud removed! ID: #22
(ENTRY #180) 2022-04-19 14:34:33.178075 >> Projectile removed!
(ENTRY #181) 2022-04-19 14:34:33.255315 >> Cloud created! ID: #23
(ENTRY #182) 2022-04-19 14:34:33.579087 >> Cloud removed! ID: #23
(ENTRY #183) 2022-04-19 14:34:34.096422 >> MOUSEPOS: (146.0, 495.0)
(ENTRY #184) 2022-04-19 14:34:34.096422 >> SLOPE CALC:None
(ENTRY #185) 2022-04-19 14:34:34.096422 >> LIN CALC FIN: 122.06377442203825
(ENTRY #186) 2022-04-19 14:34:34.096422 >> LIN CALC RAW: 777.9362255779617
(ENTRY #187) 2022-04-19 14:34:34.096422 >> Below!
(ENTRY #188) 2022-04-19 14:34:34.096422 >> Object lightRound has been created!
(ENTRY #189) 2022-04-19 14:34:34.096422 >> Protectile #30 has been created! Type: Light
(ENTRY #190) 2022-04-19 14:34:34.096422 >> Projectile created! ID: #30
(ENTRY #191) 2022-04-19 14:34:34.367637 >> Cloud created! ID: #24
(ENTRY #192) 2022-04-19 14:34:34.718145 >> Cloud removed! ID: #24
(ENTRY #193) 2022-04-19 14:34:35.159121 >> Projectile removed!
(ENTRY #194) 2022-04-19 14:34:35.486635 >> Cloud created! ID: #25
(ENTRY #195) 2022-04-19 14:34:35.868536 >> Cloud removed! ID: #25
(ENTRY #196) 2022-04-19 14:34:36.097472 >> MOUSEPOS: (140.0, 465.0)
(ENTRY #197) 2022-04-19 14:34:36.097472 >> SLOPE CALC:None
(ENTRY #198) 2022-04-19 14:34:36.097472 >> LIN CALC FIN: 281.7128101167359
(ENTRY #199) 2022-04-19 14:34:36.097472 >> LIN CALC RAW: 618.2871898832641
(ENTRY #200) 2022-04-19 14:34:36.097472 >> Below!
(ENTRY #201) 2022-04-19 14:34:36.097472 >> Object lightRound has been created!
(ENTRY #202) 2022-04-19 14:34:36.097472 >> Protectile #32 has been created! Type: Light
(ENTRY #203) 2022-04-19 14:34:36.097472 >> Projectile created! ID: #32
(ENTRY #204) 2022-04-19 14:34:36.516283 >> Cloud created! ID: #26
(ENTRY #205) 2022-04-19 14:34:37.098159 >> Cloud removed! ID: #26
(ENTRY #206) 2022-04-19 14:34:37.537679 >> Cloud created! ID: #27
(ENTRY #207) 2022-04-19 14:34:37.551677 >> Projectile removed!
(ENTRY #208) 2022-04-19 14:34:38.108036 >> MOUSEPOS: (134.0, 450.0)
(ENTRY #209) 2022-04-19 14:34:38.108036 >> SLOPE CALC:None
(ENTRY #210) 2022-04-19 14:34:38.108036 >> LIN CALC FIN: 244.2604455781153
(ENTRY #211) 2022-04-19 14:34:38.108036 >> LIN CALC RAW: 655.7395544218847
(ENTRY #212) 2022-04-19 14:34:38.108036 >> Below!
(ENTRY #213) 2022-04-19 14:34:38.108036 >> Object lightRound has been created!
(ENTRY #214) 2022-04-19 14:34:38.108036 >> Protectile #34 has been created! Type: Light
(ENTRY #215) 2022-04-19 14:34:38.108036 >> Projectile created! ID: #34
(ENTRY #216) 2022-04-19 14:34:38.269894 >> Cloud removed! ID: #27
(ENTRY #217) 2022-04-19 14:34:38.620960 >> Cloud created! ID: #28
(ENTRY #218) 2022-04-19 14:34:39.195068 >> Projectile removed!
(ENTRY #219) 2022-04-19 14:34:39.483164 >> Cloud removed! ID: #28
(ENTRY #220) 2022-04-19 14:34:39.646288 >> Cloud created! ID: #29
(ENTRY #221) 2022-04-19 14:34:40.122258 >> MOUSEPOS: (128.0, 491.0)
(ENTRY #222) 2022-04-19 14:34:40.123258 >> SLOPE CALC:None
(ENTRY #223) 2022-04-19 14:34:40.123258 >> LIN CALC FIN: 248.92810590284876
(ENTRY #224) 2022-04-19 14:34:40.123258 >> LIN CALC RAW: 651.0718940971512
(ENTRY #225) 2022-04-19 14:34:40.123258 >> Below!
(ENTRY #226) 2022-04-19 14:34:40.123258 >> Object lightRound has been created!
(ENTRY #227) 2022-04-19 14:34:40.123258 >> Protectile #36 has been created! Type: Light
(ENTRY #228) 2022-04-19 14:34:40.123258 >> Projectile created! ID: #36
(ENTRY #229) 2022-04-19 14:34:40.705213 >> Cloud created! ID: #30
(ENTRY #230) 2022-04-19 14:34:40.820220 >> Cloud removed! ID: #30
(ENTRY #231) 2022-04-19 14:34:41.631992 >> Projectile removed!
(ENTRY #232) 2022-04-19 14:34:41.749027 >> Cloud created! ID: #31
(ENTRY #233) 2022-04-19 14:34:41.840781 >> Cloud removed! ID: #31
(ENTRY #234) 2022-04-19 14:34:42.126248 >> MOUSEPOS: (117.0, 465.0)
(ENTRY #235) 2022-04-19 14:34:42.126248 >> SLOPE CALC:None
(ENTRY #236) 2022-04-19 14:34:42.126248 >> LIN CALC FIN: 136.18971584977305
(ENTRY #237) 2022-04-19 14:34:42.126248 >> LIN CALC RAW: 763.810284150227
(ENTRY #238) 2022-04-19 14:34:42.126248 >> Below!
(ENTRY #239) 2022-04-19 14:34:42.126248 >> Object lightRound has been created!
(ENTRY #240) 2022-04-19 14:34:42.126248 >> Protectile #38 has been created! Type: Light
(ENTRY #241) 2022-04-19 14:34:42.126248 >> Projectile created! ID: #38
(ENTRY #242) 2022-04-19 14:34:42.780886 >> Cloud created! ID: #32
(ENTRY #243) 2022-04-19 14:34:42.873044 >> Cloud removed! ID: #32
(ENTRY #244) 2022-04-19 14:34:43.631665 >> Projectile removed!
(ENTRY #245) 2022-04-19 14:34:43.815203 >> Cloud created! ID: #33
(ENTRY #246) 2022-04-19 14:34:43.932177 >> Cloud removed! ID: #33
(ENTRY #247) 2022-04-19 14:34:44.127950 >> MOUSEPOS: (149.0, 483.0)
(ENTRY #248) 2022-04-19 14:34:44.127950 >> SLOPE CALC:None
(ENTRY #249) 2022-04-19 14:34:44.127950 >> LIN CALC FIN: 40.206094496182914
(ENTRY #250) 2022-04-19 14:34:44.127950 >> LIN CALC RAW: 859.7939055038171
(ENTRY #251) 2022-04-19 14:34:44.127950 >> Below!
(ENTRY #252) 2022-04-19 14:34:44.127950 >> Object lightRound has been created!
(ENTRY #253) 2022-04-19 14:34:44.127950 >> Protectile #40 has been created! Type: Light
(ENTRY #254) 2022-04-19 14:34:44.127950 >> Projectile created! ID: #40
(ENTRY #255) 2022-04-19 14:34:44.965991 >> Cloud created! ID: #34
(ENTRY #256) 2022-04-19 14:34:44.992082 >> Cloud removed! ID: #34
(ENTRY #257) 2022-04-19 14:34:45.689654 >> Projectile removed!
(ENTRY #258) 2022-04-19 14:34:46.041235 >> Cloud created! ID: #35
(ENTRY #259) 2022-04-19 14:34:46.132235 >> MOUSEPOS: (148.0, 495.0)
(ENTRY #260) 2022-04-19 14:34:46.132235 >> SLOPE CALC:None
(ENTRY #261) 2022-04-19 14:34:46.132235 >> LIN CALC FIN: 33.489434468353465
(ENTRY #262) 2022-04-19 14:34:46.132235 >> LIN CALC RAW: 866.5105655316465
(ENTRY #263) 2022-04-19 14:34:46.132235 >> Below!
(ENTRY #264) 2022-04-19 14:34:46.132235 >> Object lightRound has been created!
(ENTRY #265) 2022-04-19 14:34:46.132235 >> Protectile #42 has been created! Type: Light
(ENTRY #266) 2022-04-19 14:34:46.132235 >> Projectile created! ID: #42
(ENTRY #267) 2022-04-19 14:34:46.170986 >> Cloud removed! ID: #35
(ENTRY #268) 2022-04-19 14:34:47.057610 >> Cloud created! ID: #36
(ENTRY #269) 2022-04-19 14:34:47.203285 >> Projectile removed!
(ENTRY #270) 2022-04-19 14:34:47.257084 >> Cloud removed! ID: #36
(ENTRY #271) 2022-04-19 14:34:48.143775 >> MOUSEPOS: (114.0, 483.0)
(ENTRY #272) 2022-04-19 14:34:48.143775 >> SLOPE CALC:None
(ENTRY #273) 2022-04-19 14:34:48.143775 >> LIN CALC FIN: 165.5196594167919
(ENTRY #274) 2022-04-19 14:34:48.143775 >> LIN CALC RAW: 734.4803405832081
(ENTRY #275) 2022-04-19 14:34:48.143775 >> Below!
(ENTRY #276) 2022-04-19 14:34:48.143775 >> Object lightRound has been created!
(ENTRY #277) 2022-04-19 14:34:48.143775 >> Protectile #44 has been created! Type: Light
(ENTRY #278) 2022-04-19 14:34:48.143775 >> Projectile created! ID: #44
(ENTRY #279) 2022-04-19 14:34:48.235785 >> Cloud created! ID: #37
(ENTRY #280) 2022-04-19 14:34:48.313303 >> Cloud removed! ID: #37
(ENTRY #281) 2022-04-19 14:34:49.227671 >> Projectile removed!
(ENTRY #282) 2022-04-19 14:34:49.253671 >> Cloud created! ID: #38
(ENTRY #283) 2022-04-19 14:34:49.434406 >> Cloud removed! ID: #38
(ENTRY #284) 2022-04-19 14:34:50.150145 >> MOUSEPOS: (117.0, 462.0)
(ENTRY #285) 2022-04-19 14:34:50.150145 >> SLOPE CALC:None
(ENTRY #286) 2022-04-19 14:34:50.150145 >> LIN CALC FIN: 358.1358035215861
(ENTRY #287) 2022-04-19 14:34:50.150145 >> LIN CALC RAW: 541.8641964784139
(ENTRY #288) 2022-04-19 14:34:50.150145 >> Below!
(ENTRY #289) 2022-04-19 14:34:50.150145 >> Object lightRound has been created!
(ENTRY #290) 2022-04-19 14:34:50.150145 >> Protectile #46 has been created! Type: Light
(ENTRY #291) 2022-04-19 14:34:50.150145 >> Projectile created! ID: #46
(ENTRY #292) 2022-04-19 14:34:50.332152 >> Cloud created! ID: #39
(ENTRY #293) 2022-04-19 14:34:50.554453 >> Cloud removed! ID: #39
(ENTRY #294) 2022-04-19 14:34:51.194115 >> Projectile removed!
(ENTRY #295) 2022-04-19 14:34:51.336157 >> Cloud created! ID: #40
(ENTRY #296) 2022-04-19 14:34:51.465964 >> Cloud removed! ID: #40
(ENTRY #297) 2022-04-19 14:34:51.765567 >> Projectile has hit!
(ENTRY #298) 2022-04-19 14:34:51.765567 >> Projectile removed!
(ENTRY #299) 2022-04-19 14:34:52.160106 >> MOUSEPOS: (115.0, 454.0)
(ENTRY #300) 2022-04-19 14:34:52.160106 >> SLOPE CALC:None
(ENTRY #301) 2022-04-19 14:34:52.160106 >> LIN CALC FIN: 566.7122773504568
(ENTRY #302) 2022-04-19 14:34:52.160106 >> LIN CALC RAW: 333.2877226495432
(ENTRY #303) 2022-04-19 14:34:52.160106 >> Above!
(ENTRY #304) 2022-04-19 14:34:52.160106 >> Object lightRound has been created!
(ENTRY #305) 2022-04-19 14:34:52.160106 >> Protectile #48 has been created! Type: Light
(ENTRY #306) 2022-04-19 14:34:52.160106 >> Projectile created! ID: #48
(ENTRY #307) 2022-04-19 14:34:52.330199 >> Cloud removed! ID: #40
(ENTRY #308) 2022-04-19 14:34:52.381710 >> Cloud created! ID: #41
(ENTRY #309) 2022-04-19 14:34:53.200001 >> Projectile removed!
(ENTRY #310) 2022-04-19 14:34:53.266002 >> Cloud removed! ID: #41
(ENTRY #311) 2022-04-19 14:34:53.433569 >> Cloud created! ID: #42
(ENTRY #312) 2022-04-19 14:34:53.960900 >> Projectile has hit!
(ENTRY #313) 2022-04-19 14:34:53.960900 >> Projectile removed!
(ENTRY #314) 2022-04-19 14:34:54.138658 >> Cloud removed! ID: #42
(ENTRY #315) 2022-04-19 14:34:54.162739 >> MOUSEPOS: (133.0, 497.0)
(ENTRY #316) 2022-04-19 14:34:54.162739 >> SLOPE CALC:None
(ENTRY #317) 2022-04-19 14:34:54.162739 >> LIN CALC FIN: 746.5010941200713
(ENTRY #318) 2022-04-19 14:34:54.162739 >> LIN CALC RAW: 153.49890587992866
(ENTRY #319) 2022-04-19 14:34:54.162739 >> Above!
(ENTRY #320) 2022-04-19 14:34:54.162739 >> Object lightRound has been created!
(ENTRY #321) 2022-04-19 14:34:54.163738 >> Protectile #50 has been created! Type: Light
(ENTRY #322) 2022-04-19 14:34:54.163738 >> Projectile created! ID: #50
(ENTRY #323) 2022-04-19 14:34:54.486668 >> Cloud created! ID: #43
(ENTRY #324) 2022-04-19 14:34:55.030368 >> Cloud removed! ID: #43
(ENTRY #325) 2022-04-19 14:34:55.508096 >> Cloud created! ID: #44
(ENTRY #326) 2022-04-19 14:34:56.054354 >> Cloud removed! ID: #44
(ENTRY #327) 2022-04-19 14:34:56.171462 >> MOUSEPOS: (131.0, 454.0)
(ENTRY #328) 2022-04-19 14:34:56.171462 >> SLOPE CALC:None
(ENTRY #329) 2022-04-19 14:34:56.171462 >> LIN CALC FIN: 919.6008655572364
(ENTRY #330) 2022-04-19 14:34:56.172459 >> LIN CALC RAW: -19.600865557236375
(ENTRY #331) 2022-04-19 14:34:56.172459 >> Above!
(ENTRY #332) 2022-04-19 14:34:56.172459 >> Object lightRound has been created!
(ENTRY #333) 2022-04-19 14:34:56.172459 >> Protectile #52 has been created! Type: Light
(ENTRY #334) 2022-04-19 14:34:56.172459 >> Projectile created! ID: #52
(ENTRY #335) 2022-04-19 14:34:56.511712 >> Cloud created! ID: #45
(ENTRY #336) 2022-04-19 14:34:57.087949 >> Cloud removed! ID: #45
(ENTRY #337) 2022-04-19 14:34:57.205168 >> Projectile removed!
(ENTRY #338) 2022-04-19 14:34:57.575546 >> Cloud created! ID: #46
(ENTRY #339) 2022-04-19 14:34:58.102313 >> Cloud removed! ID: #46
(ENTRY #340) 2022-04-19 14:34:58.178244 >> MOUSEPOS: (124.0, 492.0)
(ENTRY #341) 2022-04-19 14:34:58.178244 >> SLOPE CALC:None
(ENTRY #342) 2022-04-19 14:34:58.178244 >> LIN CALC FIN: 857.214854303883
(ENTRY #343) 2022-04-19 14:34:58.178244 >> LIN CALC RAW: 42.785145696116956
(ENTRY #344) 2022-04-19 14:34:58.178244 >> Above!
(ENTRY #345) 2022-04-19 14:34:58.178244 >> Object lightRound has been created!
(ENTRY #346) 2022-04-19 14:34:58.178244 >> Protectile #54 has been created! Type: Light
(ENTRY #347) 2022-04-19 14:34:58.178244 >> Projectile created! ID: #54
(ENTRY #348) 2022-04-19 14:34:58.592696 >> Cloud created! ID: #47
(ENTRY #349) 2022-04-19 14:34:58.721673 >> Projectile has hit!
(ENTRY #350) 2022-04-19 14:34:58.721673 >> Projectile removed!
(ENTRY #351) 2022-04-19 14:34:59.242291 >> Cloud removed! ID: #47
(ENTRY #352) 2022-04-19 14:34:59.695090 >> Cloud created! ID: #48
(ENTRY #353) 2022-04-19 14:35:00.181368 >> MOUSEPOS: (106.0, 487.0)
(ENTRY #354) 2022-04-19 14:35:00.182369 >> SLOPE CALC:None
(ENTRY #355) 2022-04-19 14:35:00.182369 >> LIN CALC FIN: 663.7960996064481
(ENTRY #356) 2022-04-19 14:35:00.182369 >> LIN CALC RAW: 236.20390039355186
(ENTRY #357) 2022-04-19 14:35:00.182369 >> Above!
(ENTRY #358) 2022-04-19 14:35:00.182369 >> Object lightRound has been created!
(ENTRY #359) 2022-04-19 14:35:00.182369 >> Protectile #56 has been created! Type: Light
(ENTRY #360) 2022-04-19 14:35:00.182369 >> Projectile created! ID: #56
(ENTRY #361) 2022-04-19 14:35:00.299774 >> Cloud removed! ID: #48
(ENTRY #362) 2022-04-19 14:35:00.753590 >> Cloud created! ID: #49
(ENTRY #363) 2022-04-19 14:35:01.313076 >> Cloud removed! ID: #49
(ENTRY #364) 2022-04-19 14:35:01.819244 >> Cloud created! ID: #50
(ENTRY #365) 2022-04-19 14:35:02.194053 >> MOUSEPOS: (136.0, 490.0)
(ENTRY #366) 2022-04-19 14:35:02.194053 >> SLOPE CALC:None
(ENTRY #367) 2022-04-19 14:35:02.194053 >> LIN CALC FIN: 476.13562410722943
(ENTRY #368) 2022-04-19 14:35:02.194053 >> LIN CALC RAW: 423.86437589277057
(ENTRY #369) 2022-04-19 14:35:02.194053 >> Below!
(ENTRY #370) 2022-04-19 14:35:02.194053 >> Object lightRound has been created!
(ENTRY #371) 2022-04-19 14:35:02.194053 >> Protectile #58 has been created! Type: Light
(ENTRY #372) 2022-04-19 14:35:02.194053 >> Projectile created! ID: #58
(ENTRY #373) 2022-04-19 14:35:02.363016 >> Projectile removed!
(ENTRY #374) 2022-04-19 14:35:02.479419 >> Cloud removed! ID: #50
(ENTRY #375) 2022-04-19 14:35:02.858261 >> Cloud created! ID: #51
(ENTRY #376) 2022-04-19 14:35:03.498450 >> Cloud removed! ID: #51
(ENTRY #377) 2022-04-19 14:35:03.915611 >> Cloud created! ID: #52
(ENTRY #378) 2022-04-19 14:35:04.201367 >> MOUSEPOS: (125.0, 463.0)
(ENTRY #379) 2022-04-19 14:35:04.201367 >> SLOPE CALC:None
(ENTRY #380) 2022-04-19 14:35:04.201367 >> LIN CALC FIN: 511.71850670989625
(ENTRY #381) 2022-04-19 14:35:04.201367 >> LIN CALC RAW: 388.28149329010375
(ENTRY #382) 2022-04-19 14:35:04.201367 >> Above!
(ENTRY #383) 2022-04-19 14:35:04.201367 >> Object lightRound has been created!
(ENTRY #384) 2022-04-19 14:35:04.201367 >> Protectile #60 has been created! Type: Light
(ENTRY #385) 2022-04-19 14:35:04.201367 >> Projectile created! ID: #60
(ENTRY #386) 2022-04-19 14:35:04.214399 >> Projectile removed!
(ENTRY #387) 2022-04-19 14:35:04.578516 >> Cloud removed! ID: #52
(ENTRY #388) 2022-04-19 14:35:05.057245 >> Cloud created! ID: #53
(ENTRY #389) 2022-04-19 14:35:05.574439 >> Cloud removed! ID: #53
(ENTRY #390) 2022-04-19 14:35:06.071164 >> Cloud created! ID: #54
(ENTRY #391) 2022-04-19 14:35:06.203339 >> MOUSEPOS: (126.0, 461.0)
(ENTRY #392) 2022-04-19 14:35:06.203339 >> SLOPE CALC:None
(ENTRY #393) 2022-04-19 14:35:06.203339 >> LIN CALC FIN: 723.7850542143867
(ENTRY #394) 2022-04-19 14:35:06.203339 >> LIN CALC RAW: 176.21494578561328
(ENTRY #395) 2022-04-19 14:35:06.203339 >> Above!
(ENTRY #396) 2022-04-19 14:35:06.203339 >> Object lightRound has been created!
(ENTRY #397) 2022-04-19 14:35:06.203339 >> Protectile #62 has been created! Type: Light
(ENTRY #398) 2022-04-19 14:35:06.203339 >> Projectile created! ID: #62
(ENTRY #399) 2022-04-19 14:35:06.669695 >> Cloud removed! ID: #54
(ENTRY #400) 2022-04-19 14:35:07.152755 >> Projectile removed!
(ENTRY #401) 2022-04-19 14:35:07.263499 >> Cloud created! ID: #55
(ENTRY #402) 2022-04-19 14:35:07.929479 >> Cloud removed! ID: #55
(ENTRY #403) 2022-04-19 14:35:08.217167 >> MOUSEPOS: (140.0, 489.0)
(ENTRY #404) 2022-04-19 14:35:08.217167 >> SLOPE CALC:None
(ENTRY #405) 2022-04-19 14:35:08.217167 >> LIN CALC FIN: 851.1514108992807
(ENTRY #406) 2022-04-19 14:35:08.217167 >> LIN CALC RAW: 48.84858910071932
(ENTRY #407) 2022-04-19 14:35:08.217167 >> Above!
(ENTRY #408) 2022-04-19 14:35:08.217167 >> Object lightRound has been created!
(ENTRY #409) 2022-04-19 14:35:08.217167 >> Protectile #64 has been created! Type: Light
(ENTRY #410) 2022-04-19 14:35:08.217167 >> Projectile created! ID: #64
(ENTRY #411) 2022-04-19 14:35:08.373080 >> Cloud created! ID: #56
(ENTRY #412) 2022-04-19 14:35:09.188904 >> Cloud removed! ID: #56
(ENTRY #413) 2022-04-19 14:35:09.429968 >> Cloud created! ID: #57
(ENTRY #414) 2022-04-19 14:35:09.626946 >> Projectile removed!
(ENTRY #415) 2022-04-19 14:35:10.231074 >> MOUSEPOS: (129.0, 471.0)
(ENTRY #416) 2022-04-19 14:35:10.231074 >> SLOPE CALC:None
(ENTRY #417) 2022-04-19 14:35:10.231074 >> LIN CALC FIN: 944.5683839004976
(ENTRY #418) 2022-04-19 14:35:10.231074 >> LIN CALC RAW: -44.568383900497565
(ENTRY #419) 2022-04-19 14:35:10.231074 >> Above!
(ENTRY #420) 2022-04-19 14:35:10.231074 >> Object lightRound has been created!
(ENTRY #421) 2022-04-19 14:35:10.231074 >> Protectile #66 has been created! Type: Light
(ENTRY #422) 2022-04-19 14:35:10.231074 >> Projectile created! ID: #66
(ENTRY #423) 2022-04-19 14:35:10.395380 >> Cloud removed! ID: #57
(ENTRY #424) 2022-04-19 14:35:10.549603 >> Cloud created! ID: #58
(ENTRY #425) 2022-04-19 14:35:11.568158 >> Cloud created! ID: #59
(ENTRY #426) 2022-04-19 14:35:11.581158 >> Cloud removed! ID: #59
(ENTRY #427) 2022-04-19 14:35:11.897027 >> Projectile removed!
(ENTRY #428) 2022-04-19 14:35:12.235903 >> MOUSEPOS: (137.0, 487.0)
(ENTRY #429) 2022-04-19 14:35:12.235903 >> SLOPE CALC:None
(ENTRY #430) 2022-04-19 14:35:12.235903 >> LIN CALC FIN: 946.4506160393364
(ENTRY #431) 2022-04-19 14:35:12.235903 >> LIN CALC RAW: -46.45061603933641
(ENTRY #432) 2022-04-19 14:35:12.235903 >> Above!
(ENTRY #433) 2022-04-19 14:35:12.235903 >> Object lightRound has been created!
(ENTRY #434) 2022-04-19 14:35:12.235903 >> Protectile #68 has been created! Type: Light
(ENTRY #435) 2022-04-19 14:35:12.235903 >> Projectile created! ID: #68
(ENTRY #436) 2022-04-19 14:35:12.577928 >> Cloud created! ID: #60
(ENTRY #437) 2022-04-19 14:35:12.657406 >> Cloud removed! ID: #60
(ENTRY #438) 2022-04-19 14:35:13.690943 >> Cloud removed! ID: #60
(ENTRY #439) 2022-04-19 14:35:13.783995 >> Cloud created! ID: #61
(ENTRY #440) 2022-04-19 14:35:14.240219 >> MOUSEPOS: (107.0, 474.0)
(ENTRY #441) 2022-04-19 14:35:14.240219 >> SLOPE CALC:None
(ENTRY #442) 2022-04-19 14:35:14.240219 >> LIN CALC FIN: 959.3111034337676
(ENTRY #443) 2022-04-19 14:35:14.240219 >> LIN CALC RAW: -59.311103433767585
(ENTRY #444) 2022-04-19 14:35:14.240219 >> Above!
(ENTRY #445) 2022-04-19 14:35:14.240219 >> Object lightRound has been created!
(ENTRY #446) 2022-04-19 14:35:14.240219 >> Protectile #70 has been created! Type: Light
(ENTRY #447) 2022-04-19 14:35:14.240219 >> Projectile created! ID: #70
(ENTRY #448) 2022-04-19 14:35:14.253198 >> Projectile removed!
(ENTRY #449) 2022-04-19 14:35:14.805690 >> Cloud removed! ID: #61
(ENTRY #450) 2022-04-19 14:35:14.936577 >> Cloud created! ID: #62
(ENTRY #451) 2022-04-19 14:35:15.880205 >> Cloud removed! ID: #62
(ENTRY #452) 2022-04-19 14:35:15.906203 >> Projectile removed!
(ENTRY #453) 2022-04-19 14:35:16.036101 >> Cloud created! ID: #63
(ENTRY #454) 2022-04-19 14:35:16.243623 >> MOUSEPOS: (109.0, 463.0)
(ENTRY #455) 2022-04-19 14:35:16.243623 >> SLOPE CALC:None
(ENTRY #456) 2022-04-19 14:35:16.243623 >> LIN CALC FIN: -166.5798063829625
(ENTRY #457) 2022-04-19 14:35:16.243623 >> LIN CALC RAW: 1066.5798063829625
(ENTRY #458) 2022-04-19 14:35:16.243623 >> Below!
(ENTRY #459) 2022-04-19 14:35:16.243623 >> Object lightRound has been created!
(ENTRY #460) 2022-04-19 14:35:16.243623 >> Protectile #72 has been created! Type: Light
(ENTRY #461) 2022-04-19 14:35:16.243623 >> Projectile created! ID: #72
(ENTRY #462) 2022-04-19 14:35:16.953263 >> Cloud removed! ID: #63
(ENTRY #463) 2022-04-19 14:35:17.059094 >> Cloud created! ID: #64
(ENTRY #464) 2022-04-19 14:35:17.295226 >> Projectile removed!
(ENTRY #465) 2022-04-19 14:35:18.004833 >> Cloud removed! ID: #64
(ENTRY #466) 2022-04-19 14:35:18.136248 >> Cloud created! ID: #65
(ENTRY #467) 2022-04-19 14:35:18.253505 >> MOUSEPOS: (115.0, 495.0)
(ENTRY #468) 2022-04-19 14:35:18.253505 >> SLOPE CALC:None
(ENTRY #469) 2022-04-19 14:35:18.253505 >> LIN CALC FIN: -235.52617324320317
(ENTRY #470) 2022-04-19 14:35:18.253505 >> LIN CALC RAW: 1135.5261732432032
(ENTRY #471) 2022-04-19 14:35:18.253505 >> Below!
(ENTRY #472) 2022-04-19 14:35:18.253505 >> Object lightRound has been created!
(ENTRY #473) 2022-04-19 14:35:18.253505 >> Protectile #74 has been created! Type: Light
(ENTRY #474) 2022-04-19 14:35:18.253505 >> Projectile created! ID: #74
(ENTRY #475) 2022-04-19 14:35:18.557177 >> Projectile removed!
(ENTRY #476) 2022-04-19 14:35:19.067368 >> Cloud removed! ID: #65
(ENTRY #477) 2022-04-19 14:35:19.382812 >> Cloud created! ID: #66
(ENTRY #478) 2022-04-19 14:35:19.655290 >> Projectile has hit!
(ENTRY #479) 2022-04-19 14:35:19.655290 >> Projectile removed!
(ENTRY #480) 2022-04-19 14:35:20.215116 >> Cloud removed! ID: #66
(ENTRY #481) 2022-04-19 14:35:20.255123 >> MOUSEPOS: (117.0, 486.0)
(ENTRY #482) 2022-04-19 14:35:20.255123 >> SLOPE CALC:None
(ENTRY #483) 2022-04-19 14:35:20.255123 >> LIN CALC FIN: 1113.4094422541978
(ENTRY #484) 2022-04-19 14:35:20.255123 >> LIN CALC RAW: -213.40944225419776
(ENTRY #485) 2022-04-19 14:35:20.255123 >> Above!
(ENTRY #486) 2022-04-19 14:35:20.255123 >> Object lightRound has been created!
(ENTRY #487) 2022-04-19 14:35:20.255123 >> Protectile #76 has been created! Type: Light
(ENTRY #488) 2022-04-19 14:35:20.255123 >> Projectile created! ID: #76
(ENTRY #489) 2022-04-19 14:35:20.533551 >> Cloud created! ID: #67
(ENTRY #490) 2022-04-19 14:35:21.239983 >> Cloud removed! ID: #67
(ENTRY #491) 2022-04-19 14:35:21.541985 >> Cloud created! ID: #68
(ENTRY #492) 2022-04-19 14:35:22.259417 >> MOUSEPOS: (125.0, 480.0)
(ENTRY #493) 2022-04-19 14:35:22.259417 >> SLOPE CALC:None
(ENTRY #494) 2022-04-19 14:35:22.259417 >> LIN CALC FIN: 1058.4728176120152
(ENTRY #495) 2022-04-19 14:35:22.259417 >> LIN CALC RAW: -158.4728176120152
(ENTRY #496) 2022-04-19 14:35:22.259417 >> Above!
(ENTRY #497) 2022-04-19 14:35:22.259417 >> Object lightRound has been created!
(ENTRY #498) 2022-04-19 14:35:22.259417 >> Protectile #78 has been created! Type: Light
(ENTRY #499) 2022-04-19 14:35:22.259417 >> Projectile created! ID: #78
(ENTRY #500) 2022-04-19 14:35:22.298417 >> Cloud removed! ID: #68
(ENTRY #501) 2022-04-19 14:35:22.625557 >> Cloud created! ID: #69
(ENTRY #502) 2022-04-19 14:35:23.239057 >> Cloud removed! ID: #69
(ENTRY #503) 2022-04-19 14:35:23.264637 >> Projectile removed!
(ENTRY #504) 2022-04-19 14:35:23.732694 >> Cloud created! ID: #70
(ENTRY #505) 2022-04-19 14:35:24.136460 >> Cloud removed! ID: #70
(ENTRY #506) 2022-04-19 14:35:24.266469 >> MOUSEPOS: (128.0, 485.0)
(ENTRY #507) 2022-04-19 14:35:24.266469 >> SLOPE CALC:None
(ENTRY #508) 2022-04-19 14:35:24.266469 >> LIN CALC FIN: 1083.1662681033317
(ENTRY #509) 2022-04-19 14:35:24.266469 >> LIN CALC RAW: -183.16626810333173
(ENTRY #510) 2022-04-19 14:35:24.266469 >> Above!
(ENTRY #511) 2022-04-19 14:35:24.266469 >> Object lightRound has been created!
(ENTRY #512) 2022-04-19 14:35:24.266469 >> Protectile #80 has been created! Type: Light
(ENTRY #513) 2022-04-19 14:35:24.266469 >> Projectile created! ID: #80
(ENTRY #514) 2022-04-19 14:35:24.761328 >> Cloud created! ID: #71
(ENTRY #515) 2022-04-19 14:35:25.092404 >> Cloud removed! ID: #71
(ENTRY #516) 2022-04-19 14:35:25.352695 >> Projectile removed!
(ENTRY #517) 2022-04-19 14:35:25.796111 >> Cloud created! ID: #72
(ENTRY #518) 2022-04-19 14:35:25.952550 >> Cloud removed! ID: #72
(ENTRY #519) 2022-04-19 14:35:26.278005 >> MOUSEPOS: (143.0, 495.0)
(ENTRY #520) 2022-04-19 14:35:26.278005 >> SLOPE CALC:None
(ENTRY #521) 2022-04-19 14:35:26.278005 >> LIN CALC FIN: 1097.6955332665075
(ENTRY #522) 2022-04-19 14:35:26.278005 >> LIN CALC RAW: -197.69553326650748
(ENTRY #523) 2022-04-19 14:35:26.278005 >> Above!
(ENTRY #524) 2022-04-19 14:35:26.278005 >> Object lightRound has been created!
(ENTRY #525) 2022-04-19 14:35:26.278005 >> Protectile #82 has been created! Type: Light
(ENTRY #526) 2022-04-19 14:35:26.278005 >> Projectile created! ID: #82
(ENTRY #527) 2022-04-19 14:35:26.817311 >> Cloud created! ID: #73
(ENTRY #528) 2022-04-19 14:35:26.961191 >> Cloud removed! ID: #73
(ENTRY #529) 2022-04-19 14:35:27.498746 >> Projectile removed!
(ENTRY #530) 2022-04-19 14:35:27.878670 >> Cloud created! ID: #74
(ENTRY #531) 2022-04-19 14:35:28.167239 >> Cloud removed! ID: #74
(ENTRY #532) 2022-04-19 14:35:28.284662 >> MOUSEPOS: (106.0, 464.0)
(ENTRY #533) 2022-04-19 14:35:28.284662 >> SLOPE CALC:None
(ENTRY #534) 2022-04-19 14:35:28.284662 >> LIN CALC FIN: -141.36382076603286
(ENTRY #535) 2022-04-19 14:35:28.284662 >> LIN CALC RAW: 1041.3638207660329
(ENTRY #536) 2022-04-19 14:35:28.284662 >> Below!
(ENTRY #537) 2022-04-19 14:35:28.284662 >> Object lightRound has been created!
(ENTRY #538) 2022-04-19 14:35:28.284662 >> Protectile #84 has been created! Type: Light
(ENTRY #539) 2022-04-19 14:35:28.284662 >> Projectile created! ID: #84
(ENTRY #540) 2022-04-19 14:35:28.906806 >> Cloud created! ID: #75
(ENTRY #541) 2022-04-19 14:35:29.326948 >> Cloud removed! ID: #75
(ENTRY #542) 2022-04-19 14:35:29.496619 >> Projectile removed!
(ENTRY #543) 2022-04-19 14:35:30.006593 >> Cloud created! ID: #76
(ENTRY #544) 2022-04-19 14:35:30.292593 >> MOUSEPOS: (140.0, 454.0)
(ENTRY #545) 2022-04-19 14:35:30.292593 >> SLOPE CALC:None
(ENTRY #546) 2022-04-19 14:35:30.292593 >> LIN CALC FIN: -100.89462148897792
(ENTRY #547) 2022-04-19 14:35:30.292593 >> LIN CALC RAW: 1000.8946214889779
(ENTRY #548) 2022-04-19 14:35:30.292593 >> Below!
(ENTRY #549) 2022-04-19 14:35:30.292593 >> Object lightRound has been created!
(ENTRY #550) 2022-04-19 14:35:30.292593 >> Protectile #86 has been created! Type: Light
(ENTRY #551) 2022-04-19 14:35:30.292593 >> Projectile created! ID: #86
(ENTRY #552) 2022-04-19 14:35:30.422018 >> Cloud removed! ID: #76
(ENTRY #553) 2022-04-19 14:35:31.026632 >> Cloud created! ID: #77
(ENTRY #554) 2022-04-19 14:35:31.233103 >> Projectile removed!
(ENTRY #555) 2022-04-19 14:35:31.439701 >> Cloud removed! ID: #77
(ENTRY #556) 2022-04-19 14:35:31.870315 >> Projectile has hit!
(ENTRY #557) 2022-04-19 14:35:31.870315 >> Projectile removed!
(ENTRY #558) 2022-04-19 14:35:32.064274 >> Cloud created! ID: #78
(ENTRY #559) 2022-04-19 14:35:32.298300 >> MOUSEPOS: (113.0, 478.0)
(ENTRY #560) 2022-04-19 14:35:32.298300 >> SLOPE CALC:None
(ENTRY #561) 2022-04-19 14:35:32.298300 >> LIN CALC FIN: -182.97796225253637
(ENTRY #562) 2022-04-19 14:35:32.298300 >> LIN CALC RAW: 1082.9779622525364
(ENTRY #563) 2022-04-19 14:35:32.298300 >> Below!
(ENTRY #564) 2022-04-19 14:35:32.298300 >> Object lightRound has been created!
(ENTRY #565) 2022-04-19 14:35:32.298300 >> Protectile #88 has been created! Type: Light
(ENTRY #566) 2022-04-19 14:35:32.298300 >> Projectile created! ID: #88
(ENTRY #567) 2022-04-19 14:35:32.506384 >> Cloud removed! ID: #78
(ENTRY #568) 2022-04-19 14:35:33.088117 >> Cloud created! ID: #79
(ENTRY #569) 2022-04-19 14:35:33.786036 >> Cloud removed! ID: #79
(ENTRY #570) 2022-04-19 14:35:34.150650 >> Cloud created! ID: #80
(ENTRY #571) 2022-04-19 14:35:34.306620 >> Projectile has hit!
(ENTRY #572) 2022-04-19 14:35:34.306620 >> Projectile removed!
(ENTRY #573) 2022-04-19 14:35:34.306620 >> MOUSEPOS: (143.0, 470.0)
(ENTRY #574) 2022-04-19 14:35:34.306620 >> SLOPE CALC:None
(ENTRY #575) 2022-04-19 14:35:34.306620 >> LIN CALC FIN: 1160.5287403655302
(ENTRY #576) 2022-04-19 14:35:34.306620 >> LIN CALC RAW: -260.5287403655302
(ENTRY #577) 2022-04-19 14:35:34.306620 >> Above!
(ENTRY #578) 2022-04-19 14:35:34.306620 >> Object lightRound has been created!
(ENTRY #579) 2022-04-19 14:35:34.306620 >> Protectile #90 has been created! Type: Light
(ENTRY #580) 2022-04-19 14:35:34.306620 >> Projectile created! ID: #90
(ENTRY #581) 2022-04-19 14:35:34.938002 >> Cloud removed! ID: #80
(ENTRY #582) 2022-04-19 14:35:35.294710 >> Cloud created! ID: #81
(ENTRY #583) 2022-04-19 14:35:35.946826 >> Cloud removed! ID: #81
(ENTRY #584) 2022-04-19 14:35:36.313047 >> MOUSEPOS: (136.0, 492.0)
(ENTRY #585) 2022-04-19 14:35:36.313047 >> SLOPE CALC:None
(ENTRY #586) 2022-04-19 14:35:36.313047 >> LIN CALC FIN: 1180.0853103079492
(ENTRY #587) 2022-04-19 14:35:36.313047 >> LIN CALC RAW: -280.08531030794916
(ENTRY #588) 2022-04-19 14:35:36.313047 >> Above!
(ENTRY #589) 2022-04-19 14:35:36.313047 >> Object lightRound has been created!
(ENTRY #590) 2022-04-19 14:35:36.313047 >> Protectile #92 has been created! Type: Light
(ENTRY #591) 2022-04-19 14:35:36.313047 >> Projectile created! ID: #92
(ENTRY #592) 2022-04-19 14:35:36.391981 >> Cloud created! ID: #82
(ENTRY #593) 2022-04-19 14:35:37.030884 >> Cloud removed! ID: #82
(ENTRY #594) 2022-04-19 14:35:37.489537 >> Projectile removed!
(ENTRY #595) 2022-04-19 14:35:37.515539 >> Cloud created! ID: #83
(ENTRY #596) 2022-04-19 14:35:38.141554 >> Cloud removed! ID: #83
(ENTRY #597) 2022-04-19 14:35:38.322496 >> MOUSEPOS: (106.0, 477.0)
(ENTRY #598) 2022-04-19 14:35:38.322496 >> SLOPE CALC:None
(ENTRY #599) 2022-04-19 14:35:38.322496 >> LIN CALC FIN: 1210.5565283079077
(ENTRY #600) 2022-04-19 14:35:38.322496 >> LIN CALC RAW: -310.5565283079077
(ENTRY #601) 2022-04-19 14:35:38.322496 >> Above!
(ENTRY #602) 2022-04-19 14:35:38.322496 >> Object lightRound has been created!
(ENTRY #603) 2022-04-19 14:35:38.322496 >> Protectile #94 has been created! Type: Light
(ENTRY #604) 2022-04-19 14:35:38.322496 >> Projectile created! ID: #94
(ENTRY #605) 2022-04-19 14:35:38.597101 >> Cloud created! ID: #84
(ENTRY #606) 2022-04-19 14:35:39.173164 >> Cloud removed! ID: #84
(ENTRY #607) 2022-04-19 14:35:39.407631 >> Projectile removed!
(ENTRY #608) 2022-04-19 14:35:39.602148 >> Cloud created! ID: #85
(ENTRY #609) 2022-04-19 14:35:40.203674 >> Cloud removed! ID: #85
(ENTRY #610) 2022-04-19 14:35:40.332624 >> MOUSEPOS: (101.0, 463.0)
(ENTRY #611) 2022-04-19 14:35:40.332624 >> SLOPE CALC:None
(ENTRY #612) 2022-04-19 14:35:40.332624 >> LIN CALC FIN: -119.09114944768817
(ENTRY #613) 2022-04-19 14:35:40.332624 >> LIN CALC RAW: 1019.0911494476882
(ENTRY #614) 2022-04-19 14:35:40.332624 >> Below!
(ENTRY #615) 2022-04-19 14:35:40.332624 >> Object lightRound has been created!
(ENTRY #616) 2022-04-19 14:35:40.332624 >> Protectile #96 has been created! Type: Light
(ENTRY #617) 2022-04-19 14:35:40.332624 >> Projectile created! ID: #96
(ENTRY #618) 2022-04-19 14:35:40.683345 >> Cloud created! ID: #86
(ENTRY #619) 2022-04-19 14:35:41.225348 >> Cloud removed! ID: #86
(ENTRY #620) 2022-04-19 14:35:41.420640 >> Projectile removed!
(ENTRY #621) 2022-04-19 14:35:41.719534 >> Cloud created! ID: #87
(ENTRY #622) 2022-04-19 14:35:42.279578 >> Cloud removed! ID: #87
(ENTRY #623) 2022-04-19 14:35:42.344726 >> MOUSEPOS: (108.0, 465.0)
(ENTRY #624) 2022-04-19 14:35:42.344726 >> SLOPE CALC:None
(ENTRY #625) 2022-04-19 14:35:42.344726 >> LIN CALC FIN: -8.30029594622988
(ENTRY #626) 2022-04-19 14:35:42.344726 >> LIN CALC RAW: 908.3002959462299
(ENTRY #627) 2022-04-19 14:35:42.344726 >> Below!
(ENTRY #628) 2022-04-19 14:35:42.344726 >> Object lightRound has been created!
(ENTRY #629) 2022-04-19 14:35:42.344726 >> Protectile #98 has been created! Type: Light
(ENTRY #630) 2022-04-19 14:35:42.344726 >> Projectile created! ID: #98
(ENTRY #631) 2022-04-19 14:35:42.788695 >> Cloud created! ID: #88
(ENTRY #632) 2022-04-19 14:35:43.297650 >> Cloud removed! ID: #88
(ENTRY #633) 2022-04-19 14:35:43.387646 >> Projectile removed!
(ENTRY #634) 2022-04-19 14:35:43.804107 >> Cloud created! ID: #89
(ENTRY #635) 2022-04-19 14:35:43.895629 >> Projectile has hit!
(ENTRY #636) 2022-04-19 14:35:43.895629 >> Projectile removed!
(ENTRY #637) 2022-04-19 14:35:44.345470 >> MOUSEPOS: (139.0, 450.0)
(ENTRY #638) 2022-04-19 14:35:44.345470 >> SLOPE CALC:None
(ENTRY #639) 2022-04-19 14:35:44.345470 >> LIN CALC FIN: 210.74440073128267
(ENTRY #640) 2022-04-19 14:35:44.345470 >> LIN CALC RAW: 689.2555992687173
(ENTRY #641) 2022-04-19 14:35:44.345470 >> Below!
(ENTRY #642) 2022-04-19 14:35:44.345470 >> Object lightRound has been created!
(ENTRY #643) 2022-04-19 14:35:44.345470 >> Protectile #100 has been created! Type: Light
(ENTRY #644) 2022-04-19 14:35:44.345470 >> Projectile created! ID: #100
(ENTRY #645) 2022-04-19 14:35:44.397470 >> Cloud removed! ID: #89
(ENTRY #646) 2022-04-19 14:35:44.885632 >> Cloud created! ID: #90
(ENTRY #647) 2022-04-19 14:35:45.202160 >> Projectile has hit!
(ENTRY #648) 2022-04-19 14:35:45.202160 >> Projectile removed!
(ENTRY #649) 2022-04-19 14:35:45.432639 >> Cloud removed! ID: #90
(ENTRY #650) 2022-04-19 14:35:46.067840 >> Cloud created! ID: #91
(ENTRY #651) 2022-04-19 14:35:46.351722 >> MOUSEPOS: (102.0, 460.0)
(ENTRY #652) 2022-04-19 14:35:46.351722 >> SLOPE CALC:None
(ENTRY #653) 2022-04-19 14:35:46.351722 >> LIN CALC FIN: 280.3916466084752
(ENTRY #654) 2022-04-19 14:35:46.351722 >> LIN CALC RAW: 619.6083533915248
(ENTRY #655) 2022-04-19 14:35:46.351722 >> Below!
(ENTRY #656) 2022-04-19 14:35:46.351722 >> Object lightRound has been created!
(ENTRY #657) 2022-04-19 14:35:46.352722 >> Protectile #102 has been created! Type: Light
(ENTRY #658) 2022-04-19 14:35:46.352722 >> Projectile created! ID: #102
(ENTRY #659) 2022-04-19 14:35:46.469681 >> Projectile has hit!
(ENTRY #660) 2022-04-19 14:35:46.469681 >> Projectile removed!
(ENTRY #661) 2022-04-19 14:35:46.469681 >> Cloud removed! ID: #91
(ENTRY #662) 2022-04-19 14:35:47.106059 >> Cloud created! ID: #92
(ENTRY #663) 2022-04-19 14:35:47.470933 >> Cloud removed! ID: #92
(ENTRY #664) 2022-04-19 14:35:47.653688 >> Projectile has hit!
(ENTRY #665) 2022-04-19 14:35:47.653688 >> Projectile removed!
(ENTRY #666) 2022-04-19 14:35:48.122505 >> Cloud created! ID: #93
(ENTRY #667) 2022-04-19 14:35:48.365513 >> MOUSEPOS: (141.0, 477.0)
(ENTRY #668) 2022-04-19 14:35:48.365513 >> SLOPE CALC:None
(ENTRY #669) 2022-04-19 14:35:48.365513 >> LIN CALC FIN: 512.3335520191056
(ENTRY #670) 2022-04-19 14:35:48.365513 >> LIN CALC RAW: 387.6664479808944
(ENTRY #671) 2022-04-19 14:35:48.365513 >> Above!
(ENTRY #672) 2022-04-19 14:35:48.365513 >> Object lightRound has been created!
(ENTRY #673) 2022-04-19 14:35:48.365513 >> Protectile #104 has been created! Type: Light
(ENTRY #674) 2022-04-19 14:35:48.365513 >> Projectile created! ID: #104
(ENTRY #675) 2022-04-19 14:35:48.510182 >> Cloud removed! ID: #93
(ENTRY #676) 2022-04-19 14:35:49.122028 >> Cloud created! ID: #94
(ENTRY #677) 2022-04-19 14:35:49.386026 >> Projectile has hit!
(ENTRY #678) 2022-04-19 14:35:49.386026 >> Projectile removed!
(ENTRY #679) 2022-04-19 14:35:49.395025 >> Death menu active!
(ENTRY #680) 2022-04-19 14:41:25.806416 >> Naval Warfare 2D Closed...
