Log for Naval Warfare 2D, intended for debugging purposes only! 

(ENTRY #1) 2022-04-18 12:25:29.239543 >> Initialized Log handler...
(ENTRY #2) 2022-04-18 12:25:30.508397 >> Initialized Warship handler...
(ENTRY #3) 2022-04-18 12:25:30.512393 >> Initialized Projectile handler...
(ENTRY #4) 2022-04-18 12:25:30.584183 >> Initialized GUI handler...
(ENTRY #5) 2022-04-18 12:25:30.584183 >> Starting Naval Warfare 2D...
(ENTRY #6) 2022-04-18 12:25:36.209102 >> Created Sprite for Player!
(ENTRY #7) 2022-04-18 12:25:36.209102 >> Finished initalizing!
(ENTRY #8) 2022-04-18 12:25:37.299010 >> Returning to menu!
(ENTRY #9) 2022-04-18 12:25:37.938147 >> Game resumed!
(ENTRY #10) 2022-04-18 12:25:37.939157 >> Dumb-AI Entity created!
(ENTRY #11) 2022-04-18 12:25:37.940181 >> Dumb-AI Entity created!
(ENTRY #12) 2022-04-18 12:25:37.963720 >> Cloud created! ID: #1
(ENTRY #13) 2022-04-18 12:25:38.063735 >> Dumb-AI Entity created!
(ENTRY #14) 2022-04-18 12:25:39.028189 >> Cloud created! ID: #2
(ENTRY #15) 2022-04-18 12:25:39.348534 >> MOUSEPOS: (25, 171)
(ENTRY #16) 2022-04-18 12:25:39.348534 >> SLOPE CALC:None
(ENTRY #17) 2022-04-18 12:25:39.348534 >> LIN CALC FIN: 375.0
(ENTRY #18) 2022-04-18 12:25:39.348534 >> LIN CALC RAW: 525.0
(ENTRY #19) 2022-04-18 12:25:39.348534 >> Above!
(ENTRY #20) 2022-04-18 12:25:39.349505 >> Object lightRound has been created!
(ENTRY #21) 2022-04-18 12:25:39.349505 >> Protectile #2 has been created! Type: Light
(ENTRY #22) 2022-04-18 12:25:39.349505 >> Projectile created! ID: #2
(ENTRY #23) 2022-04-18 12:25:39.966003 >> MOUSEPOS: (53.0, 213.0)
(ENTRY #24) 2022-04-18 12:25:39.966003 >> SLOPE CALC:None
(ENTRY #25) 2022-04-18 12:25:39.966003 >> LIN CALC FIN: 245.67109020978387
(ENTRY #26) 2022-04-18 12:25:39.966003 >> LIN CALC RAW: 654.3289097902161
(ENTRY #27) 2022-04-18 12:25:39.967002 >> Above!
(ENTRY #28) 2022-04-18 12:25:39.967002 >> Object lightRound has been created!
(ENTRY #29) 2022-04-18 12:25:39.967002 >> Protectile #4 has been created! Type: Light
(ENTRY #30) 2022-04-18 12:25:39.967002 >> Projectile created! ID: #4
(ENTRY #31) 2022-04-18 12:25:39.967002 >> MOUSEPOS: (22.0, 248.0)
(ENTRY #32) 2022-04-18 12:25:39.967002 >> SLOPE CALC:None
(ENTRY #33) 2022-04-18 12:25:39.967002 >> LIN CALC FIN: 369.0941715181741
(ENTRY #34) 2022-04-18 12:25:39.967002 >> LIN CALC RAW: 530.9058284818259
(ENTRY #35) 2022-04-18 12:25:39.967002 >> Above!
(ENTRY #36) 2022-04-18 12:25:39.967002 >> Object lightRound has been created!
(ENTRY #37) 2022-04-18 12:25:39.968001 >> Protectile #6 has been created! Type: Light
(ENTRY #38) 2022-04-18 12:25:39.968001 >> Projectile created! ID: #6
(ENTRY #39) 2022-04-18 12:25:39.968001 >> MOUSEPOS: (153.05242225203367, 216.61866795775023)
(ENTRY #40) 2022-04-18 12:25:39.968001 >> SLOPE CALC:None
(ENTRY #41) 2022-04-18 12:25:39.968001 >> LIN CALC FIN: 333.0524222520337
(ENTRY #42) 2022-04-18 12:25:39.968001 >> LIN CALC RAW: 566.9475777479663
(ENTRY #43) 2022-04-18 12:25:39.968001 >> Above!
(ENTRY #44) 2022-04-18 12:25:39.968001 >> Object lightRound has been created!
(ENTRY #45) 2022-04-18 12:25:39.968001 >> Protectile #8 has been created! Type: Light
(ENTRY #46) 2022-04-18 12:25:39.968001 >> Projectile created! ID: #8
(ENTRY #47) 2022-04-18 12:25:40.146001 >> Cloud created! ID: #3
(ENTRY #48) 2022-04-18 12:25:40.268006 >> MOUSEPOS: (25, 171)
(ENTRY #49) 2022-04-18 12:25:40.268006 >> SLOPE CALC:None
(ENTRY #50) 2022-04-18 12:25:40.268006 >> LIN CALC FIN: 375.0
(ENTRY #51) 2022-04-18 12:25:40.268006 >> LIN CALC RAW: 525.0
(ENTRY #52) 2022-04-18 12:25:40.268006 >> Above!
(ENTRY #53) 2022-04-18 12:25:40.466414 >> MOUSEPOS: (25, 171)
(ENTRY #54) 2022-04-18 12:25:40.466414 >> SLOPE CALC:None
(ENTRY #55) 2022-04-18 12:25:40.466414 >> LIN CALC FIN: 375.0
(ENTRY #56) 2022-04-18 12:25:40.466414 >> LIN CALC RAW: 525.0
(ENTRY #57) 2022-04-18 12:25:40.466414 >> Above!
(ENTRY #58) 2022-04-18 12:25:40.466414 >> Object lightRound has been created!
(ENTRY #59) 2022-04-18 12:25:40.467447 >> Protectile #10 has been created! Type: Light
(ENTRY #60) 2022-04-18 12:25:40.467447 >> Projectile created! ID: #10
(ENTRY #61) 2022-04-18 12:25:40.689506 >> MOUSEPOS: (25, 171)
(ENTRY #62) 2022-04-18 12:25:40.689506 >> SLOPE CALC:None
(ENTRY #63) 2022-04-18 12:25:40.689506 >> LIN CALC FIN: 375.0
(ENTRY #64) 2022-04-18 12:25:40.689506 >> LIN CALC RAW: 525.0
(ENTRY #65) 2022-04-18 12:25:40.689506 >> Above!
(ENTRY #66) 2022-04-18 12:25:40.918761 >> MOUSEPOS: (25, 171)
(ENTRY #67) 2022-04-18 12:25:40.918761 >> SLOPE CALC:None
(ENTRY #68) 2022-04-18 12:25:40.918761 >> LIN CALC FIN: 375.0
(ENTRY #69) 2022-04-18 12:25:40.918761 >> LIN CALC RAW: 525.0
(ENTRY #70) 2022-04-18 12:25:40.918761 >> Above!
(ENTRY #71) 2022-04-18 12:25:41.214324 >> Cloud created! ID: #4
(ENTRY #72) 2022-04-18 12:25:41.332323 >> Projectile has hit!
(ENTRY #73) 2022-04-18 12:25:41.332323 >> Projectile removed!
(ENTRY #74) 2022-04-18 12:25:41.662454 >> Activating shop!
(ENTRY #75) 2022-04-18 12:25:42.631707 >> MOUSEPOS: (582, 575)
(ENTRY #76) 2022-04-18 12:25:42.631707 >> SLOPE CALC:None
(ENTRY #77) 2022-04-18 12:25:42.631707 >> LIN CALC FIN: 932.0
(ENTRY #78) 2022-04-18 12:25:42.631707 >> LIN CALC RAW: -32.0
(ENTRY #79) 2022-04-18 12:25:42.631707 >> Above!
(ENTRY #80) 2022-04-18 12:25:42.636706 >> Dumb-AI Entity created!
(ENTRY #81) 2022-04-18 12:25:42.643707 >> Dumb-AI Entity created!
(ENTRY #82) 2022-04-18 12:25:42.648705 >> Dumb-AI Entity created!
(ENTRY #83) 2022-04-18 12:25:42.653710 >> Object lightRound has been created!
(ENTRY #84) 2022-04-18 12:25:42.654713 >> Protectile #12 has been created! Type: Light
(ENTRY #85) 2022-04-18 12:25:42.654713 >> Projectile created! ID: #12
(ENTRY #86) 2022-04-18 12:25:43.018306 >> MOUSEPOS: (467, 508)
(ENTRY #87) 2022-04-18 12:25:43.018306 >> SLOPE CALC:None
(ENTRY #88) 2022-04-18 12:25:43.018306 >> LIN CALC FIN: 817.0
(ENTRY #89) 2022-04-18 12:25:43.018306 >> LIN CALC RAW: 83.0
(ENTRY #90) 2022-04-18 12:25:43.018306 >> Above!
(ENTRY #91) 2022-04-18 12:25:43.024307 >> Dumb-AI Entity created!
(ENTRY #92) 2022-04-18 12:25:43.031309 >> Dumb-AI Entity created!
(ENTRY #93) 2022-04-18 12:25:43.038307 >> Dumb-AI Entity created!
(ENTRY #94) 2022-04-18 12:25:43.168376 >> MOUSEPOS: (467, 508)
(ENTRY #95) 2022-04-18 12:25:43.168376 >> SLOPE CALC:None
(ENTRY #96) 2022-04-18 12:25:43.168376 >> LIN CALC FIN: 817.0
(ENTRY #97) 2022-04-18 12:25:43.169376 >> LIN CALC RAW: 83.0
(ENTRY #98) 2022-04-18 12:25:43.169376 >> Above!
(ENTRY #99) 2022-04-18 12:25:43.175377 >> Dumb-AI Entity created!
(ENTRY #100) 2022-04-18 12:25:43.181382 >> Dumb-AI Entity created!
(ENTRY #101) 2022-04-18 12:25:43.186377 >> Dumb-AI Entity created!
(ENTRY #102) 2022-04-18 12:25:43.304379 >> MOUSEPOS: (467, 508)
(ENTRY #103) 2022-04-18 12:25:43.304379 >> SLOPE CALC:None
(ENTRY #104) 2022-04-18 12:25:43.304379 >> LIN CALC FIN: 817.0
(ENTRY #105) 2022-04-18 12:25:43.304379 >> LIN CALC RAW: 83.0
(ENTRY #106) 2022-04-18 12:25:43.304379 >> Above!
(ENTRY #107) 2022-04-18 12:25:43.310381 >> Dumb-AI Entity created!
(ENTRY #108) 2022-04-18 12:25:43.317375 >> Dumb-AI Entity created!
(ENTRY #109) 2022-04-18 12:25:43.323410 >> Dumb-AI Entity created!
(ENTRY #110) 2022-04-18 12:25:43.602283 >> Returning to game!
(ENTRY #111) 2022-04-18 12:25:43.628286 >> MOUSEPOS: (25.0, 209.0)
(ENTRY #112) 2022-04-18 12:25:43.629286 >> SLOPE CALC:None
(ENTRY #113) 2022-04-18 12:25:43.629286 >> LIN CALC FIN: 157.56529967749975
(ENTRY #114) 2022-04-18 12:25:43.629286 >> LIN CALC RAW: 742.4347003225002
(ENTRY #115) 2022-04-18 12:25:43.629286 >> Below!
(ENTRY #116) 2022-04-18 12:25:43.629286 >> Object lightRound has been created!
(ENTRY #117) 2022-04-18 12:25:43.629286 >> Protectile #14 has been created! Type: Light
(ENTRY #118) 2022-04-18 12:25:43.629286 >> Projectile created! ID: #14
(ENTRY #119) 2022-04-18 12:25:43.629286 >> MOUSEPOS: (35.0, 249.0)
(ENTRY #120) 2022-04-18 12:25:43.629286 >> SLOPE CALC:None
(ENTRY #121) 2022-04-18 12:25:43.629286 >> LIN CALC FIN: 359.10009680422195
(ENTRY #122) 2022-04-18 12:25:43.629286 >> LIN CALC RAW: 540.899903195778
(ENTRY #123) 2022-04-18 12:25:43.629286 >> Above!
(ENTRY #124) 2022-04-18 12:25:43.629286 >> Object lightRound has been created!
(ENTRY #125) 2022-04-18 12:25:43.630309 >> Protectile #16 has been created! Type: Light
(ENTRY #126) 2022-04-18 12:25:43.630309 >> Projectile created! ID: #16
(ENTRY #127) 2022-04-18 12:25:43.630309 >> MOUSEPOS: (101.59499442490795, 145.97030525259183)
(ENTRY #128) 2022-04-18 12:25:43.630309 >> SLOPE CALC:None
(ENTRY #129) 2022-04-18 12:25:43.630309 >> LIN CALC FIN: 118.40500557509199
(ENTRY #130) 2022-04-18 12:25:43.630309 >> LIN CALC RAW: 781.594994424908
(ENTRY #131) 2022-04-18 12:25:43.630309 >> Below!
(ENTRY #132) 2022-04-18 12:25:43.630309 >> Object lightRound has been created!
(ENTRY #133) 2022-04-18 12:25:43.630309 >> Protectile #18 has been created! Type: Light
(ENTRY #134) 2022-04-18 12:25:43.631287 >> Projectile created! ID: #18
(ENTRY #135) 2022-04-18 12:25:43.631287 >> MOUSEPOS: (43.0, 207.0)
(ENTRY #136) 2022-04-18 12:25:43.631287 >> SLOPE CALC:None
(ENTRY #137) 2022-04-18 12:25:43.631287 >> LIN CALC FIN: 32.75
(ENTRY #138) 2022-04-18 12:25:43.631287 >> LIN CALC RAW: 867.25
(ENTRY #139) 2022-04-18 12:25:43.631287 >> Below!
(ENTRY #140) 2022-04-18 12:25:43.631287 >> Object lightRound has been created!
(ENTRY #141) 2022-04-18 12:25:43.631287 >> Protectile #20 has been created! Type: Light
(ENTRY #142) 2022-04-18 12:25:43.631287 >> Projectile created! ID: #20
(ENTRY #143) 2022-04-18 12:25:43.631287 >> MOUSEPOS: (25.0, 223.0)
(ENTRY #144) 2022-04-18 12:25:43.631287 >> SLOPE CALC:None
(ENTRY #145) 2022-04-18 12:25:43.631287 >> LIN CALC FIN: 194.0
(ENTRY #146) 2022-04-18 12:25:43.631287 >> LIN CALC RAW: 706.0
(ENTRY #147) 2022-04-18 12:25:43.631287 >> Below!
(ENTRY #148) 2022-04-18 12:25:43.631287 >> Object lightRound has been created!
(ENTRY #149) 2022-04-18 12:25:43.632286 >> Protectile #22 has been created! Type: Light
(ENTRY #150) 2022-04-18 12:25:43.632286 >> Projectile created! ID: #22
(ENTRY #151) 2022-04-18 12:25:43.632286 >> MOUSEPOS: (41.0, 220.0)
(ENTRY #152) 2022-04-18 12:25:43.632286 >> SLOPE CALC:None
(ENTRY #153) 2022-04-18 12:25:43.632286 >> LIN CALC FIN: 240.0
(ENTRY #154) 2022-04-18 12:25:43.632286 >> LIN CALC RAW: 660.0
(ENTRY #155) 2022-04-18 12:25:43.632286 >> Above!
(ENTRY #156) 2022-04-18 12:25:43.632286 >> Object lightRound has been created!
(ENTRY #157) 2022-04-18 12:25:43.632895 >> Protectile #24 has been created! Type: Light
(ENTRY #158) 2022-04-18 12:25:43.632895 >> Projectile created! ID: #24
(ENTRY #159) 2022-04-18 12:25:43.632895 >> MOUSEPOS: (30.0, 224.0)
(ENTRY #160) 2022-04-18 12:25:43.632895 >> SLOPE CALC:None
(ENTRY #161) 2022-04-18 12:25:43.632895 >> LIN CALC FIN: 19.75
(ENTRY #162) 2022-04-18 12:25:43.632895 >> LIN CALC RAW: 880.25
(ENTRY #163) 2022-04-18 12:25:43.632895 >> Below!
(ENTRY #164) 2022-04-18 12:25:43.632895 >> Object lightRound has been created!
(ENTRY #165) 2022-04-18 12:25:43.633859 >> Protectile #26 has been created! Type: Light
(ENTRY #166) 2022-04-18 12:25:43.633859 >> Projectile created! ID: #26
(ENTRY #167) 2022-04-18 12:25:43.633859 >> MOUSEPOS: (50.0, 249.0)
(ENTRY #168) 2022-04-18 12:25:43.633859 >> SLOPE CALC:None
(ENTRY #169) 2022-04-18 12:25:43.633859 >> LIN CALC FIN: 219.0
(ENTRY #170) 2022-04-18 12:25:43.633859 >> LIN CALC RAW: 681.0
(ENTRY #171) 2022-04-18 12:25:43.633859 >> Below!
(ENTRY #172) 2022-04-18 12:25:43.633859 >> Object lightRound has been created!
(ENTRY #173) 2022-04-18 12:25:43.633859 >> Protectile #28 has been created! Type: Light
(ENTRY #174) 2022-04-18 12:25:43.633859 >> Projectile created! ID: #28
(ENTRY #175) 2022-04-18 12:25:43.633859 >> MOUSEPOS: (50.0, 201.0)
(ENTRY #176) 2022-04-18 12:25:43.633859 >> SLOPE CALC:None
(ENTRY #177) 2022-04-18 12:25:43.633859 >> LIN CALC FIN: 249.0
(ENTRY #178) 2022-04-18 12:25:43.633859 >> LIN CALC RAW: 651.0
(ENTRY #179) 2022-04-18 12:25:43.633859 >> Above!
(ENTRY #180) 2022-04-18 12:25:43.633859 >> Object lightRound has been created!
(ENTRY #181) 2022-04-18 12:25:43.634839 >> Protectile #30 has been created! Type: Light
(ENTRY #182) 2022-04-18 12:25:43.634839 >> Projectile created! ID: #30
(ENTRY #183) 2022-04-18 12:25:43.634839 >> MOUSEPOS: (27.0, 239.0)
(ENTRY #184) 2022-04-18 12:25:43.634839 >> SLOPE CALC:None
(ENTRY #185) 2022-04-18 12:25:43.634839 >> LIN CALC FIN: 16.75
(ENTRY #186) 2022-04-18 12:25:43.634839 >> LIN CALC RAW: 883.25
(ENTRY #187) 2022-04-18 12:25:43.634839 >> Below!
(ENTRY #188) 2022-04-18 12:25:43.634839 >> Object lightRound has been created!
(ENTRY #189) 2022-04-18 12:25:43.634839 >> Protectile #32 has been created! Type: Light
(ENTRY #190) 2022-04-18 12:25:43.634839 >> Projectile created! ID: #32
(ENTRY #191) 2022-04-18 12:25:43.634839 >> MOUSEPOS: (46.0, 250.0)
(ENTRY #192) 2022-04-18 12:25:43.634839 >> SLOPE CALC:None
(ENTRY #193) 2022-04-18 12:25:43.634839 >> LIN CALC FIN: 215.0
(ENTRY #194) 2022-04-18 12:25:43.634839 >> LIN CALC RAW: 685.0
(ENTRY #195) 2022-04-18 12:25:43.634839 >> Below!
(ENTRY #196) 2022-04-18 12:25:43.634839 >> Object lightRound has been created!
(ENTRY #197) 2022-04-18 12:25:43.635838 >> Protectile #34 has been created! Type: Light
(ENTRY #198) 2022-04-18 12:25:43.635838 >> Projectile created! ID: #34
(ENTRY #199) 2022-04-18 12:25:43.635838 >> MOUSEPOS: (23.0, 234.0)
(ENTRY #200) 2022-04-18 12:25:43.635838 >> SLOPE CALC:None
(ENTRY #201) 2022-04-18 12:25:43.635838 >> LIN CALC FIN: 222.0
(ENTRY #202) 2022-04-18 12:25:43.635838 >> LIN CALC RAW: 678.0
(ENTRY #203) 2022-04-18 12:25:43.635838 >> Below!
(ENTRY #204) 2022-04-18 12:25:43.635838 >> Object lightRound has been created!
(ENTRY #205) 2022-04-18 12:25:43.636835 >> Protectile #36 has been created! Type: Light
(ENTRY #206) 2022-04-18 12:25:43.636835 >> Projectile created! ID: #36
(ENTRY #207) 2022-04-18 12:25:43.636835 >> MOUSEPOS: (49.0, 230.0)
(ENTRY #208) 2022-04-18 12:25:43.636835 >> SLOPE CALC:None
(ENTRY #209) 2022-04-18 12:25:43.636835 >> LIN CALC FIN: 38.75
(ENTRY #210) 2022-04-18 12:25:43.636835 >> LIN CALC RAW: 861.25
(ENTRY #211) 2022-04-18 12:25:43.636835 >> Below!
(ENTRY #212) 2022-04-18 12:25:43.636835 >> Object lightRound has been created!
(ENTRY #213) 2022-04-18 12:25:43.636835 >> Protectile #38 has been created! Type: Light
(ENTRY #214) 2022-04-18 12:25:43.636835 >> Projectile created! ID: #38
(ENTRY #215) 2022-04-18 12:25:43.636835 >> MOUSEPOS: (31.0, 239.0)
(ENTRY #216) 2022-04-18 12:25:43.636835 >> SLOPE CALC:None
(ENTRY #217) 2022-04-18 12:25:43.636835 >> LIN CALC FIN: 200.0
(ENTRY #218) 2022-04-18 12:25:43.636835 >> LIN CALC RAW: 700.0
(ENTRY #219) 2022-04-18 12:25:43.636835 >> Below!
(ENTRY #220) 2022-04-18 12:25:43.636835 >> Object lightRound has been created!
(ENTRY #221) 2022-04-18 12:25:43.637839 >> Protectile #40 has been created! Type: Light
(ENTRY #222) 2022-04-18 12:25:43.637839 >> Projectile created! ID: #40
(ENTRY #223) 2022-04-18 12:25:43.637839 >> MOUSEPOS: (38.0, 215.0)
(ENTRY #224) 2022-04-18 12:25:43.637839 >> SLOPE CALC:None
(ENTRY #225) 2022-04-18 12:25:43.637839 >> LIN CALC FIN: 237.0
(ENTRY #226) 2022-04-18 12:25:43.637839 >> LIN CALC RAW: 663.0
(ENTRY #227) 2022-04-18 12:25:43.637839 >> Above!
(ENTRY #228) 2022-04-18 12:25:43.637839 >> Object lightRound has been created!
(ENTRY #229) 2022-04-18 12:25:43.637839 >> Protectile #42 has been created! Type: Light
(ENTRY #230) 2022-04-18 12:25:43.637839 >> Projectile created! ID: #42
(ENTRY #231) 2022-04-18 12:25:43.783381 >> Cloud created! ID: #5
(ENTRY #232) 2022-04-18 12:25:43.866411 >> Projectile removed!
(ENTRY #233) 2022-04-18 12:25:44.143699 >> Projectile removed!
(ENTRY #234) 2022-04-18 12:25:44.315037 >> Projectile has hit!
(ENTRY #235) 2022-04-18 12:25:44.315037 >> Projectile removed!
(ENTRY #236) 2022-04-18 12:25:44.877217 >> Projectile has hit!
(ENTRY #237) 2022-04-18 12:25:44.878217 >> Projectile removed!
(ENTRY #238) 2022-04-18 12:25:44.906293 >> Cloud created! ID: #6
(ENTRY #239) 2022-04-18 12:25:45.634830 >> MOUSEPOS: (51.0, 236.0)
(ENTRY #240) 2022-04-18 12:25:45.634830 >> SLOPE CALC:None
(ENTRY #241) 2022-04-18 12:25:45.634830 >> LIN CALC FIN: 120.5082257518552
(ENTRY #242) 2022-04-18 12:25:45.634830 >> LIN CALC RAW: 779.4917742481448
(ENTRY #243) 2022-04-18 12:25:45.634830 >> Below!
(ENTRY #244) 2022-04-18 12:25:45.634830 >> Object lightRound has been created!
(ENTRY #245) 2022-04-18 12:25:45.635827 >> Protectile #44 has been created! Type: Light
(ENTRY #246) 2022-04-18 12:25:45.635827 >> Projectile created! ID: #44
(ENTRY #247) 2022-04-18 12:25:45.635827 >> MOUSEPOS: (63.0, 205.0)
(ENTRY #248) 2022-04-18 12:25:45.635827 >> SLOPE CALC:None
(ENTRY #249) 2022-04-18 12:25:45.635827 >> LIN CALC FIN: 391.0565359167612
(ENTRY #250) 2022-04-18 12:25:45.635827 >> LIN CALC RAW: 508.9434640832388
(ENTRY #251) 2022-04-18 12:25:45.635827 >> Above!
(ENTRY #252) 2022-04-18 12:25:45.635827 >> Object lightRound has been created!
(ENTRY #253) 2022-04-18 12:25:45.636818 >> Protectile #46 has been created! Type: Light
(ENTRY #254) 2022-04-18 12:25:45.636818 >> Projectile created! ID: #46
(ENTRY #255) 2022-04-18 12:25:45.636818 >> MOUSEPOS: (76.63970033491202, 145.14792608676728)
(ENTRY #256) 2022-04-18 12:25:45.636818 >> SLOPE CALC:None
(ENTRY #257) 2022-04-18 12:25:45.636818 >> LIN CALC FIN: 143.36029966508795
(ENTRY #258) 2022-04-18 12:25:45.636818 >> LIN CALC RAW: 756.639700334912
(ENTRY #259) 2022-04-18 12:25:45.636818 >> Below!
(ENTRY #260) 2022-04-18 12:25:45.636818 >> Object lightRound has been created!
(ENTRY #261) 2022-04-18 12:25:45.636818 >> Protectile #48 has been created! Type: Light
(ENTRY #262) 2022-04-18 12:25:45.636818 >> Projectile created! ID: #48
(ENTRY #263) 2022-04-18 12:25:45.636818 >> MOUSEPOS: (51.0, 229.0)
(ENTRY #264) 2022-04-18 12:25:45.636818 >> SLOPE CALC:None
(ENTRY #265) 2022-04-18 12:25:45.636818 >> LIN CALC FIN: 21.463728194001078
(ENTRY #266) 2022-04-18 12:25:45.636818 >> LIN CALC RAW: 878.5362718059989
(ENTRY #267) 2022-04-18 12:25:45.636818 >> Below!
(ENTRY #268) 2022-04-18 12:25:45.636818 >> Object lightRound has been created!
(ENTRY #269) 2022-04-18 12:25:45.637844 >> Protectile #50 has been created! Type: Light
(ENTRY #270) 2022-04-18 12:25:45.637844 >> Projectile created! ID: #50
(ENTRY #271) 2022-04-18 12:25:45.637844 >> MOUSEPOS: (66.0, 216.0)
(ENTRY #272) 2022-04-18 12:25:45.637844 >> SLOPE CALC:None
(ENTRY #273) 2022-04-18 12:25:45.637844 >> LIN CALC FIN: 157.33799382862617
(ENTRY #274) 2022-04-18 12:25:45.637844 >> LIN CALC RAW: 742.6620061713738
(ENTRY #275) 2022-04-18 12:25:45.637844 >> Below!
(ENTRY #276) 2022-04-18 12:25:45.637844 >> Object lightRound has been created!
(ENTRY #277) 2022-04-18 12:25:45.638476 >> Protectile #52 has been created! Type: Light
(ENTRY #278) 2022-04-18 12:25:45.638476 >> Projectile created! ID: #52
(ENTRY #279) 2022-04-18 12:25:45.638476 >> MOUSEPOS: (68.0, 215.0)
(ENTRY #280) 2022-04-18 12:25:45.638476 >> SLOPE CALC:None
(ENTRY #281) 2022-04-18 12:25:45.638476 >> LIN CALC FIN: 212.6337486186651
(ENTRY #282) 2022-04-18 12:25:45.638476 >> LIN CALC RAW: 687.3662513813349
(ENTRY #283) 2022-04-18 12:25:45.638476 >> Below!
(ENTRY #284) 2022-04-18 12:25:45.638476 >> Object lightRound has been created!
(ENTRY #285) 2022-04-18 12:25:45.638476 >> Protectile #54 has been created! Type: Light
(ENTRY #286) 2022-04-18 12:25:45.638476 >> Projectile created! ID: #54
(ENTRY #287) 2022-04-18 12:25:45.639420 >> MOUSEPOS: (45.0, 244.0)
(ENTRY #288) 2022-04-18 12:25:45.639420 >> SLOPE CALC:None
(ENTRY #289) 2022-04-18 12:25:45.639420 >> LIN CALC FIN: 20.54391931238456
(ENTRY #290) 2022-04-18 12:25:45.639420 >> LIN CALC RAW: 879.4560806876154
(ENTRY #291) 2022-04-18 12:25:45.639420 >> Below!
(ENTRY #292) 2022-04-18 12:25:45.639420 >> Object lightRound has been created!
(ENTRY #293) 2022-04-18 12:25:45.639420 >> Protectile #56 has been created! Type: Light
(ENTRY #294) 2022-04-18 12:25:45.639420 >> Projectile created! ID: #56
(ENTRY #295) 2022-04-18 12:25:45.639420 >> MOUSEPOS: (35.0, 228.0)
(ENTRY #296) 2022-04-18 12:25:45.639420 >> SLOPE CALC:None
(ENTRY #297) 2022-04-18 12:25:45.639420 >> LIN CALC FIN: 134.8721279133232
(ENTRY #298) 2022-04-18 12:25:45.639420 >> LIN CALC RAW: 765.1278720866768
(ENTRY #299) 2022-04-18 12:25:45.639420 >> Below!
(ENTRY #300) 2022-04-18 12:25:45.639420 >> Object lightRound has been created!
(ENTRY #301) 2022-04-18 12:25:45.640419 >> Protectile #58 has been created! Type: Light
(ENTRY #302) 2022-04-18 12:25:45.640419 >> Projectile created! ID: #58
(ENTRY #303) 2022-04-18 12:25:45.640419 >> MOUSEPOS: (53.0, 227.0)
(ENTRY #304) 2022-04-18 12:25:45.640419 >> SLOPE CALC:None
(ENTRY #305) 2022-04-18 12:25:45.640419 >> LIN CALC FIN: 182.8721279133232
(ENTRY #306) 2022-04-18 12:25:45.640419 >> LIN CALC RAW: 717.1278720866768
(ENTRY #307) 2022-04-18 12:25:45.640419 >> Below!
(ENTRY #308) 2022-04-18 12:25:45.640419 >> Object lightRound has been created!
(ENTRY #309) 2022-04-18 12:25:45.641419 >> Protectile #60 has been created! Type: Light
(ENTRY #310) 2022-04-18 12:25:45.641419 >> Projectile created! ID: #60
(ENTRY #311) 2022-04-18 12:25:45.641419 >> MOUSEPOS: (42.0, 205.0)
(ENTRY #312) 2022-04-18 12:25:45.641419 >> SLOPE CALC:None
(ENTRY #313) 2022-04-18 12:25:45.641419 >> LIN CALC FIN: 17.54391931238456
(ENTRY #314) 2022-04-18 12:25:45.641419 >> LIN CALC RAW: 882.4560806876154
(ENTRY #315) 2022-04-18 12:25:45.641419 >> Below!
(ENTRY #316) 2022-04-18 12:25:45.641419 >> Object lightRound has been created!
(ENTRY #317) 2022-04-18 12:25:45.642421 >> Protectile #62 has been created! Type: Light
(ENTRY #318) 2022-04-18 12:25:45.642421 >> Projectile created! ID: #62
(ENTRY #319) 2022-04-18 12:25:45.642421 >> MOUSEPOS: (60.0, 211.0)
(ENTRY #320) 2022-04-18 12:25:45.642421 >> SLOPE CALC:None
(ENTRY #321) 2022-04-18 12:25:45.642421 >> LIN CALC FIN: 162.24168121022296
(ENTRY #322) 2022-04-18 12:25:45.642421 >> LIN CALC RAW: 737.758318789777
(ENTRY #323) 2022-04-18 12:25:45.642421 >> Below!
(ENTRY #324) 2022-04-18 12:25:45.642421 >> Object lightRound has been created!
(ENTRY #325) 2022-04-18 12:25:45.643417 >> Protectile #64 has been created! Type: Light
(ENTRY #326) 2022-04-18 12:25:45.643417 >> Projectile created! ID: #64
(ENTRY #327) 2022-04-18 12:25:45.643417 >> MOUSEPOS: (23.0, 225.0)
(ENTRY #328) 2022-04-18 12:25:45.643417 >> SLOPE CALC:None
(ENTRY #329) 2022-04-18 12:25:45.643417 >> LIN CALC FIN: 154.3217813685999
(ENTRY #330) 2022-04-18 12:25:45.643417 >> LIN CALC RAW: 745.6782186314001
(ENTRY #331) 2022-04-18 12:25:45.643417 >> Below!
(ENTRY #332) 2022-04-18 12:25:45.643417 >> Object lightRound has been created!
(ENTRY #333) 2022-04-18 12:25:45.644420 >> Protectile #66 has been created! Type: Light
(ENTRY #334) 2022-04-18 12:25:45.644420 >> Projectile created! ID: #66
(ENTRY #335) 2022-04-18 12:25:45.644420 >> MOUSEPOS: (50.0, 242.0)
(ENTRY #336) 2022-04-18 12:25:45.644420 >> SLOPE CALC:None
(ENTRY #337) 2022-04-18 12:25:45.644420 >> LIN CALC FIN: 20.463728194001078
(ENTRY #338) 2022-04-18 12:25:45.644420 >> LIN CALC RAW: 879.5362718059989
(ENTRY #339) 2022-04-18 12:25:45.644420 >> Below!
(ENTRY #340) 2022-04-18 12:25:45.644420 >> Object lightRound has been created!
(ENTRY #341) 2022-04-18 12:25:45.645418 >> Protectile #68 has been created! Type: Light
(ENTRY #342) 2022-04-18 12:25:45.645418 >> Projectile created! ID: #68
(ENTRY #343) 2022-04-18 12:25:45.645418 >> MOUSEPOS: (35.0, 237.0)
(ENTRY #344) 2022-04-18 12:25:45.645418 >> SLOPE CALC:None
(ENTRY #345) 2022-04-18 12:25:45.645418 >> LIN CALC FIN: 135.23795563166516
(ENTRY #346) 2022-04-18 12:25:45.645418 >> LIN CALC RAW: 764.7620443683348
(ENTRY #347) 2022-04-18 12:25:45.645418 >> Below!
(ENTRY #348) 2022-04-18 12:25:45.645418 >> Object lightRound has been created!
(ENTRY #349) 2022-04-18 12:25:45.646419 >> Protectile #70 has been created! Type: Light
(ENTRY #350) 2022-04-18 12:25:45.646419 >> Projectile created! ID: #70
(ENTRY #351) 2022-04-18 12:25:45.646419 >> MOUSEPOS: (35.0, 246.0)
(ENTRY #352) 2022-04-18 12:25:45.646419 >> SLOPE CALC:None
(ENTRY #353) 2022-04-18 12:25:45.646419 >> LIN CALC FIN: 167.74798288675925
(ENTRY #354) 2022-04-18 12:25:45.646419 >> LIN CALC RAW: 732.2520171132408
(ENTRY #355) 2022-04-18 12:25:45.646419 >> Below!
(ENTRY #356) 2022-04-18 12:25:45.646419 >> Object lightRound has been created!
(ENTRY #357) 2022-04-18 12:25:45.646419 >> Protectile #72 has been created! Type: Light
(ENTRY #358) 2022-04-18 12:25:45.647419 >> Projectile created! ID: #72
(ENTRY #359) 2022-04-18 12:25:46.013736 >> Cloud created! ID: #7
(ENTRY #360) 2022-04-18 12:25:46.051735 >> Projectile has hit!
(ENTRY #361) 2022-04-18 12:25:46.051735 >> Projectile removed!
(ENTRY #362) 2022-04-18 12:25:46.630594 >> Projectile has hit!
(ENTRY #363) 2022-04-18 12:25:46.630594 >> Projectile has hit!
(ENTRY #364) 2022-04-18 12:25:46.631594 >> Projectile removed!
(ENTRY #365) 2022-04-18 12:25:46.631594 >> Projectile removed!
(ENTRY #366) 2022-04-18 12:25:46.791593 >> Dumb-AI Entity created!
(ENTRY #367) 2022-04-18 12:25:46.796594 >> Dumb-AI Entity created!
(ENTRY #368) 2022-04-18 12:25:47.402228 >> Projectile has hit!
(ENTRY #369) 2022-04-18 12:25:47.402228 >> Projectile removed!
(ENTRY #370) 2022-04-18 12:25:47.437239 >> Projectile has hit!
(ENTRY #371) 2022-04-18 12:25:47.437239 >> Projectile removed!
(ENTRY #372) 2022-04-18 12:25:47.478285 >> Cloud created! ID: #8
(ENTRY #373) 2022-04-18 12:25:47.479282 >> Projectile has hit!
(ENTRY #374) 2022-04-18 12:25:47.479282 >> Projectile removed!
(ENTRY #375) 2022-04-18 12:25:47.665797 >> MOUSEPOS: (57.0, 245.0)
(ENTRY #376) 2022-04-18 12:25:47.665797 >> SLOPE CALC:None
(ENTRY #377) 2022-04-18 12:25:47.665797 >> LIN CALC FIN: 125.53644646862074
(ENTRY #378) 2022-04-18 12:25:47.665797 >> LIN CALC RAW: 774.4635535313793
(ENTRY #379) 2022-04-18 12:25:47.665797 >> Below!
(ENTRY #380) 2022-04-18 12:25:47.665797 >> Object lightRound has been created!
(ENTRY #381) 2022-04-18 12:25:47.666809 >> Protectile #74 has been created! Type: Light
(ENTRY #382) 2022-04-18 12:25:47.666809 >> Projectile created! ID: #74
(ENTRY #383) 2022-04-18 12:25:47.666809 >> MOUSEPOS: (45.0, 252.0)
(ENTRY #384) 2022-04-18 12:25:47.666809 >> SLOPE CALC:None
(ENTRY #385) 2022-04-18 12:25:47.666809 >> LIN CALC FIN: 480.04302076001625
(ENTRY #386) 2022-04-18 12:25:47.666809 >> LIN CALC RAW: 419.95697923998375
(ENTRY #387) 2022-04-18 12:25:47.666809 >> Above!
(ENTRY #388) 2022-04-18 12:25:47.666809 >> Object lightRound has been created!
(ENTRY #389) 2022-04-18 12:25:47.667802 >> Protectile #76 has been created! Type: Light
(ENTRY #390) 2022-04-18 12:25:47.667802 >> Projectile created! ID: #76
(ENTRY #391) 2022-04-18 12:25:47.667802 >> MOUSEPOS: (84.0, 237.0)
(ENTRY #392) 2022-04-18 12:25:47.667802 >> SLOPE CALC:None
(ENTRY #393) 2022-04-18 12:25:47.667802 >> LIN CALC FIN: 36.69604152138652
(ENTRY #394) 2022-04-18 12:25:47.667802 >> LIN CALC RAW: 863.3039584786135
(ENTRY #395) 2022-04-18 12:25:47.667802 >> Below!
(ENTRY #396) 2022-04-18 12:25:47.667802 >> Object lightRound has been created!
(ENTRY #397) 2022-04-18 12:25:47.668801 >> Protectile #78 has been created! Type: Light
(ENTRY #398) 2022-04-18 12:25:47.668801 >> Projectile created! ID: #78
(ENTRY #399) 2022-04-18 12:25:47.668801 >> MOUSEPOS: (68.0, 241.0)
(ENTRY #400) 2022-04-18 12:25:47.668801 >> SLOPE CALC:None
(ENTRY #401) 2022-04-18 12:25:47.668801 >> LIN CALC FIN: 378.51363006059626
(ENTRY #402) 2022-04-18 12:25:47.668801 >> LIN CALC RAW: 521.4863699394037
(ENTRY #403) 2022-04-18 12:25:47.668801 >> Above!
(ENTRY #404) 2022-04-18 12:25:47.668801 >> Object lightRound has been created!
(ENTRY #405) 2022-04-18 12:25:47.669801 >> Protectile #80 has been created! Type: Light
(ENTRY #406) 2022-04-18 12:25:47.669801 >> Projectile created! ID: #80
(ENTRY #407) 2022-04-18 12:25:47.669801 >> MOUSEPOS: (42.0, 261.0)
(ENTRY #408) 2022-04-18 12:25:47.669801 >> SLOPE CALC:None
(ENTRY #409) 2022-04-18 12:25:47.669801 >> LIN CALC FIN: 163.65790941472858
(ENTRY #410) 2022-04-18 12:25:47.669801 >> LIN CALC RAW: 736.3420905852714
(ENTRY #411) 2022-04-18 12:25:47.669801 >> Below!
(ENTRY #412) 2022-04-18 12:25:47.669801 >> Object lightRound has been created!
(ENTRY #413) 2022-04-18 12:25:47.670801 >> Protectile #82 has been created! Type: Light
(ENTRY #414) 2022-04-18 12:25:47.670801 >> Projectile created! ID: #82
(ENTRY #415) 2022-04-18 12:25:47.670801 >> MOUSEPOS: (45.0, 257.0)
(ENTRY #416) 2022-04-18 12:25:47.670801 >> SLOPE CALC:None
(ENTRY #417) 2022-04-18 12:25:47.670801 >> LIN CALC FIN: 13.679031184355267
(ENTRY #418) 2022-04-18 12:25:47.670801 >> LIN CALC RAW: 886.3209688156447
(ENTRY #419) 2022-04-18 12:25:47.670801 >> Below!
(ENTRY #420) 2022-04-18 12:25:47.670801 >> Object lightRound has been created!
(ENTRY #421) 2022-04-18 12:25:47.671801 >> Protectile #84 has been created! Type: Light
(ENTRY #422) 2022-04-18 12:25:47.671801 >> Projectile created! ID: #84
(ENTRY #423) 2022-04-18 12:25:47.671801 >> MOUSEPOS: (79.0, 255.0)
(ENTRY #424) 2022-04-18 12:25:47.671801 >> SLOPE CALC:None
(ENTRY #425) 2022-04-18 12:25:47.671801 >> LIN CALC FIN: 333.3741289260852
(ENTRY #426) 2022-04-18 12:25:47.671801 >> LIN CALC RAW: 566.6258710739148
(ENTRY #427) 2022-04-18 12:25:47.671801 >> Above!
(ENTRY #428) 2022-04-18 12:25:47.671801 >> Object lightRound has been created!
(ENTRY #429) 2022-04-18 12:25:47.672801 >> Protectile #86 has been created! Type: Light
(ENTRY #430) 2022-04-18 12:25:47.672801 >> Projectile created! ID: #86
(ENTRY #431) 2022-04-18 12:25:47.672801 >> MOUSEPOS: (70.0, 236.0)
(ENTRY #432) 2022-04-18 12:25:47.672801 >> SLOPE CALC:None
(ENTRY #433) 2022-04-18 12:25:47.672801 >> LIN CALC FIN: 130.35351713951889
(ENTRY #434) 2022-04-18 12:25:47.672801 >> LIN CALC RAW: 769.6464828604811
(ENTRY #435) 2022-04-18 12:25:47.672801 >> Below!
(ENTRY #436) 2022-04-18 12:25:47.672801 >> Object lightRound has been created!
(ENTRY #437) 2022-04-18 12:25:47.672801 >> Protectile #88 has been created! Type: Light
(ENTRY #438) 2022-04-18 12:25:47.673801 >> Projectile created! ID: #88
(ENTRY #439) 2022-04-18 12:25:47.673801 >> MOUSEPOS: (60.0, 247.0)
(ENTRY #440) 2022-04-18 12:25:47.673801 >> SLOPE CALC:None
(ENTRY #441) 2022-04-18 12:25:47.673801 >> LIN CALC FIN: 28.679031184355267
(ENTRY #442) 2022-04-18 12:25:47.673801 >> LIN CALC RAW: 871.3209688156447
(ENTRY #443) 2022-04-18 12:25:47.673801 >> Below!
(ENTRY #444) 2022-04-18 12:25:47.673801 >> Object lightRound has been created!
(ENTRY #445) 2022-04-18 12:25:47.673801 >> Protectile #90 has been created! Type: Light
(ENTRY #446) 2022-04-18 12:25:47.673801 >> Projectile created! ID: #90
(ENTRY #447) 2022-04-18 12:25:47.673801 >> MOUSEPOS: (69.0, 275.0)
(ENTRY #448) 2022-04-18 12:25:47.674802 >> SLOPE CALC:None
(ENTRY #449) 2022-04-18 12:25:47.674802 >> LIN CALC FIN: 301.3535171395183
(ENTRY #450) 2022-04-18 12:25:47.674802 >> LIN CALC RAW: 598.6464828604817
(ENTRY #451) 2022-04-18 12:25:47.674802 >> Above!
(ENTRY #452) 2022-04-18 12:25:47.674802 >> Object lightRound has been created!
(ENTRY #453) 2022-04-18 12:25:47.674802 >> Protectile #92 has been created! Type: Light
(ENTRY #454) 2022-04-18 12:25:47.674802 >> Projectile created! ID: #92
(ENTRY #455) 2022-04-18 12:25:47.674802 >> MOUSEPOS: (74.0, 258.0)
(ENTRY #456) 2022-04-18 12:25:47.674802 >> SLOPE CALC:None
(ENTRY #457) 2022-04-18 12:25:47.674802 >> LIN CALC FIN: 170.32268572083865
(ENTRY #458) 2022-04-18 12:25:47.675783 >> LIN CALC RAW: 729.6773142791614
(ENTRY #459) 2022-04-18 12:25:47.675846 >> Below!
(ENTRY #460) 2022-04-18 12:25:47.675846 >> Object lightRound has been created!
(ENTRY #461) 2022-04-18 12:25:47.675846 >> Protectile #94 has been created! Type: Light
(ENTRY #462) 2022-04-18 12:25:47.675846 >> Projectile created! ID: #94
(ENTRY #463) 2022-04-18 12:25:47.675846 >> MOUSEPOS: (42.0, 249.0)
(ENTRY #464) 2022-04-18 12:25:47.675846 >> SLOPE CALC:None
(ENTRY #465) 2022-04-18 12:25:47.675846 >> LIN CALC FIN: -5.303958478613481
(ENTRY #466) 2022-04-18 12:25:47.675846 >> LIN CALC RAW: 905.3039584786135
(ENTRY #467) 2022-04-18 12:25:47.675846 >> Below!
(ENTRY #468) 2022-04-18 12:25:47.675846 >> Object lightRound has been created!
(ENTRY #469) 2022-04-18 12:25:47.676768 >> Protectile #96 has been created! Type: Light
(ENTRY #470) 2022-04-18 12:25:47.676768 >> Projectile created! ID: #96
(ENTRY #471) 2022-04-18 12:25:47.676768 >> MOUSEPOS: (48.0, 247.0)
(ENTRY #472) 2022-04-18 12:25:47.676768 >> SLOPE CALC:None
(ENTRY #473) 2022-04-18 12:25:47.676768 >> LIN CALC FIN: 362.1472691548047
(ENTRY #474) 2022-04-18 12:25:47.676768 >> LIN CALC RAW: 537.8527308451953
(ENTRY #475) 2022-04-18 12:25:47.676768 >> Above!
(ENTRY #476) 2022-04-18 12:25:47.676768 >> Object lightRound has been created!
(ENTRY #477) 2022-04-18 12:25:47.676768 >> Protectile #98 has been created! Type: Light
(ENTRY #478) 2022-04-18 12:25:47.676768 >> Projectile created! ID: #98
(ENTRY #479) 2022-04-18 12:25:47.676768 >> MOUSEPOS: (45.0, 264.0)
(ENTRY #480) 2022-04-18 12:25:47.676768 >> SLOPE CALC:None
(ENTRY #481) 2022-04-18 12:25:47.676768 >> LIN CALC FIN: 149.71045054749368
(ENTRY #482) 2022-04-18 12:25:47.676768 >> LIN CALC RAW: 750.2895494525063
(ENTRY #483) 2022-04-18 12:25:47.677770 >> Below!
(ENTRY #484) 2022-04-18 12:25:47.677770 >> Object lightRound has been created!
(ENTRY #485) 2022-04-18 12:25:47.677770 >> Protectile #100 has been created! Type: Light
(ENTRY #486) 2022-04-18 12:25:47.677770 >> Projectile created! ID: #100
(ENTRY #487) 2022-04-18 12:25:47.677770 >> MOUSEPOS: (50.10360973583299, 125.64005620445369)
(ENTRY #488) 2022-04-18 12:25:47.677770 >> SLOPE CALC:None
(ENTRY #489) 2022-04-18 12:25:47.677770 >> LIN CALC FIN: 169.89639026416694
(ENTRY #490) 2022-04-18 12:25:47.677770 >> LIN CALC RAW: 730.1036097358331
(ENTRY #491) 2022-04-18 12:25:47.677770 >> Above!
(ENTRY #492) 2022-04-18 12:25:47.677770 >> Object lightRound has been created!
(ENTRY #493) 2022-04-18 12:25:47.678767 >> Protectile #102 has been created! Type: Light
(ENTRY #494) 2022-04-18 12:25:47.678767 >> Projectile created! ID: #102
(ENTRY #495) 2022-04-18 12:25:47.678767 >> MOUSEPOS: (150.98969410671555, 265.36382303280277)
(ENTRY #496) 2022-04-18 12:25:47.678767 >> SLOPE CALC:None
(ENTRY #497) 2022-04-18 12:25:47.678767 >> LIN CALC FIN: 336.98969410671555
(ENTRY #498) 2022-04-18 12:25:47.678767 >> LIN CALC RAW: 563.0103058932845
(ENTRY #499) 2022-04-18 12:25:47.678767 >> Above!
(ENTRY #500) 2022-04-18 12:25:47.678767 >> Object lightRound has been created!
(ENTRY #501) 2022-04-18 12:25:47.678767 >> Protectile #104 has been created! Type: Light
(ENTRY #502) 2022-04-18 12:25:47.678767 >> Projectile created! ID: #104
(ENTRY #503) 2022-04-18 12:25:47.754818 >> Projectile has hit!
(ENTRY #504) 2022-04-18 12:25:47.754818 >> Projectile removed!
(ENTRY #505) 2022-04-18 12:25:47.949995 >> Projectile has hit!
(ENTRY #506) 2022-04-18 12:25:47.949995 >> Projectile removed!
(ENTRY #507) 2022-04-18 12:25:48.106146 >> Projectile removed!
(ENTRY #508) 2022-04-18 12:25:48.106146 >> Projectile removed!
(ENTRY #509) 2022-04-18 12:25:48.143150 >> Projectile removed!
(ENTRY #510) 2022-04-18 12:25:48.144149 >> Projectile has hit!
(ENTRY #511) 2022-04-18 12:25:48.145151 >> Projectile removed!
(ENTRY #512) 2022-04-18 12:25:48.180179 >> Projectile removed!
(ENTRY #513) 2022-04-18 12:25:48.537307 >> Cloud created! ID: #9
(ENTRY #514) 2022-04-18 12:25:48.911979 >> Projectile has hit!
(ENTRY #515) 2022-04-18 12:25:48.911979 >> Projectile removed!
(ENTRY #516) 2022-04-18 12:25:49.056271 >> Projectile has hit!
(ENTRY #517) 2022-04-18 12:25:49.056271 >> Projectile removed!
(ENTRY #518) 2022-04-18 12:25:49.124852 >> Projectile removed!
(ENTRY #519) 2022-04-18 12:25:49.395174 >> Projectile has hit!
(ENTRY #520) 2022-04-18 12:25:49.396113 >> Projectile removed!
(ENTRY #521) 2022-04-18 12:25:49.685895 >> MOUSEPOS: (49.0, 232.0)
(ENTRY #522) 2022-04-18 12:25:49.685895 >> SLOPE CALC:None
(ENTRY #523) 2022-04-18 12:25:49.685895 >> LIN CALC FIN: 117.6427668062347
(ENTRY #524) 2022-04-18 12:25:49.685895 >> LIN CALC RAW: 782.3572331937653
(ENTRY #525) 2022-04-18 12:25:49.685895 >> Below!
(ENTRY #526) 2022-04-18 12:25:49.685895 >> Object lightRound has been created!
(ENTRY #527) 2022-04-18 12:25:49.685895 >> Protectile #106 has been created! Type: Light
(ENTRY #528) 2022-04-18 12:25:49.685895 >> Projectile created! ID: #106
(ENTRY #529) 2022-04-18 12:25:49.685895 >> MOUSEPOS: (31.0, 245.0)
(ENTRY #530) 2022-04-18 12:25:49.685895 >> SLOPE CALC:None
(ENTRY #531) 2022-04-18 12:25:49.685895 >> LIN CALC FIN: 563.709369806878
(ENTRY #532) 2022-04-18 12:25:49.685895 >> LIN CALC RAW: 336.29063019312196
(ENTRY #533) 2022-04-18 12:25:49.685895 >> Above!
(ENTRY #534) 2022-04-18 12:25:49.685895 >> Object lightRound has been created!
(ENTRY #535) 2022-04-18 12:25:49.686878 >> Protectile #108 has been created! Type: Light
(ENTRY #536) 2022-04-18 12:25:49.686878 >> Projectile created! ID: #108
(ENTRY #537) 2022-04-18 12:25:49.686878 >> MOUSEPOS: (36.0, 249.0)
(ENTRY #538) 2022-04-18 12:25:49.686878 >> SLOPE CALC:None
(ENTRY #539) 2022-04-18 12:25:49.686878 >> LIN CALC FIN: -29.122897827155953
(ENTRY #540) 2022-04-18 12:25:49.686878 >> LIN CALC RAW: 929.122897827156
(ENTRY #541) 2022-04-18 12:25:49.686878 >> Below!
(ENTRY #542) 2022-04-18 12:25:49.686878 >> Object lightRound has been created!
(ENTRY #543) 2022-04-18 12:25:49.686878 >> Protectile #110 has been created! Type: Light
(ENTRY #544) 2022-04-18 12:25:49.686878 >> Projectile created! ID: #110
(ENTRY #545) 2022-04-18 12:25:49.686878 >> MOUSEPOS: (64.0, 234.0)
(ENTRY #546) 2022-04-18 12:25:49.686878 >> SLOPE CALC:None
(ENTRY #547) 2022-04-18 12:25:49.686878 >> LIN CALC FIN: 407.5644289710674
(ENTRY #548) 2022-04-18 12:25:49.686878 >> LIN CALC RAW: 492.4355710289326
(ENTRY #549) 2022-04-18 12:25:49.686878 >> Above!
(ENTRY #550) 2022-04-18 12:25:49.686878 >> Object lightRound has been created!
(ENTRY #551) 2022-04-18 12:25:49.687879 >> Protectile #112 has been created! Type: Light
(ENTRY #552) 2022-04-18 12:25:49.687879 >> Projectile created! ID: #112
(ENTRY #553) 2022-04-18 12:25:49.687879 >> MOUSEPOS: (38.0, 225.0)
(ENTRY #554) 2022-04-18 12:25:49.687879 >> SLOPE CALC:None
(ENTRY #555) 2022-04-18 12:25:49.687879 >> LIN CALC FIN: 122.31586376178439
(ENTRY #556) 2022-04-18 12:25:49.687879 >> LIN CALC RAW: 777.6841362382156
(ENTRY #557) 2022-04-18 12:25:49.687879 >> Below!
(ENTRY #558) 2022-04-18 12:25:49.687879 >> Object lightRound has been created!
(ENTRY #559) 2022-04-18 12:25:49.687879 >> Protectile #114 has been created! Type: Light
(ENTRY #560) 2022-04-18 12:25:49.687879 >> Projectile created! ID: #114
(ENTRY #561) 2022-04-18 12:25:49.687879 >> MOUSEPOS: (43.0, 212.0)
(ENTRY #562) 2022-04-18 12:25:49.687879 >> SLOPE CALC:None
(ENTRY #563) 2022-04-18 12:25:49.688878 >> LIN CALC FIN: 9.174742574799893
(ENTRY #564) 2022-04-18 12:25:49.688878 >> LIN CALC RAW: 890.8252574252001
(ENTRY #565) 2022-04-18 12:25:49.688878 >> Below!
(ENTRY #566) 2022-04-18 12:25:49.688878 >> Object lightRound has been created!
(ENTRY #567) 2022-04-18 12:25:49.688878 >> Protectile #116 has been created! Type: Light
(ENTRY #568) 2022-04-18 12:25:49.688878 >> Projectile created! ID: #116
(ENTRY #569) 2022-04-18 12:25:49.688878 >> MOUSEPOS: (48.0, 207.0)
(ENTRY #570) 2022-04-18 12:25:49.688878 >> SLOPE CALC:None
(ENTRY #571) 2022-04-18 12:25:49.688878 >> LIN CALC FIN: 368.1177893564113
(ENTRY #572) 2022-04-18 12:25:49.688878 >> LIN CALC RAW: 531.8822106435887
(ENTRY #573) 2022-04-18 12:25:49.688878 >> Above!
(ENTRY #574) 2022-04-18 12:25:49.688878 >> Object lightRound has been created!
(ENTRY #575) 2022-04-18 12:25:49.688878 >> Protectile #118 has been created! Type: Light
(ENTRY #576) 2022-04-18 12:25:49.689879 >> Projectile created! ID: #118
(ENTRY #577) 2022-04-18 12:25:49.689879 >> MOUSEPOS: (25.0, 249.0)
(ENTRY #578) 2022-04-18 12:25:49.689879 >> SLOPE CALC:None
(ENTRY #579) 2022-04-18 12:25:49.689879 >> LIN CALC FIN: 460.7571070218126
(ENTRY #580) 2022-04-18 12:25:49.689879 >> LIN CALC RAW: 439.2428929781874
(ENTRY #581) 2022-04-18 12:25:49.689879 >> Above!
(ENTRY #582) 2022-04-18 12:25:49.689879 >> Object lightRound has been created!
(ENTRY #583) 2022-04-18 12:25:49.689879 >> Protectile #120 has been created! Type: Light
(ENTRY #584) 2022-04-18 12:25:49.689879 >> Projectile created! ID: #120
(ENTRY #585) 2022-04-18 12:25:49.689879 >> MOUSEPOS: (57.0, 215.0)
(ENTRY #586) 2022-04-18 12:25:49.689879 >> SLOPE CALC:None
(ENTRY #587) 2022-04-18 12:25:49.689879 >> LIN CALC FIN: 23.174742574799893
(ENTRY #588) 2022-04-18 12:25:49.689879 >> LIN CALC RAW: 876.8252574252001
(ENTRY #589) 2022-04-18 12:25:49.689879 >> Below!
(ENTRY #590) 2022-04-18 12:25:49.689879 >> Object lightRound has been created!
(ENTRY #591) 2022-04-18 12:25:49.690876 >> Protectile #122 has been created! Type: Light
(ENTRY #592) 2022-04-18 12:25:49.690876 >> Projectile created! ID: #122
(ENTRY #593) 2022-04-18 12:25:49.690876 >> MOUSEPOS: (40.0, 217.0)
(ENTRY #594) 2022-04-18 12:25:49.690876 >> SLOPE CALC:None
(ENTRY #595) 2022-04-18 12:25:49.690876 >> LIN CALC FIN: 258.92022075602654
(ENTRY #596) 2022-04-18 12:25:49.690876 >> LIN CALC RAW: 641.0797792439735
(ENTRY #597) 2022-04-18 12:25:49.690876 >> Above!
(ENTRY #598) 2022-04-18 12:25:49.690876 >> Object lightRound has been created!
(ENTRY #599) 2022-04-18 12:25:49.690876 >> Protectile #124 has been created! Type: Light
(ENTRY #600) 2022-04-18 12:25:49.690876 >> Projectile created! ID: #124
(ENTRY #601) 2022-04-18 12:25:49.690876 >> MOUSEPOS: (22.0, 229.0)
(ENTRY #602) 2022-04-18 12:25:49.690876 >> SLOPE CALC:None
(ENTRY #603) 2022-04-18 12:25:49.690876 >> LIN CALC FIN: 360.87106579675697
(ENTRY #604) 2022-04-18 12:25:49.690876 >> LIN CALC RAW: 539.128934203243
(ENTRY #605) 2022-04-18 12:25:49.690876 >> Above!
(ENTRY #606) 2022-04-18 12:25:49.690876 >> Object lightRound has been created!
(ENTRY #607) 2022-04-18 12:25:49.691876 >> Protectile #126 has been created! Type: Light
(ENTRY #608) 2022-04-18 12:25:49.691876 >> Projectile created! ID: #126
(ENTRY #609) 2022-04-18 12:25:49.691876 >> MOUSEPOS: (65.0, 207.0)
(ENTRY #610) 2022-04-18 12:25:49.691876 >> SLOPE CALC:None
(ENTRY #611) 2022-04-18 12:25:49.691876 >> LIN CALC FIN: -0.12289782715595265
(ENTRY #612) 2022-04-18 12:25:49.691876 >> LIN CALC RAW: 900.122897827156
(ENTRY #613) 2022-04-18 12:25:49.691876 >> Below!
(ENTRY #614) 2022-04-18 12:25:49.691876 >> Object lightRound has been created!
(ENTRY #615) 2022-04-18 12:25:49.691876 >> Protectile #128 has been created! Type: Light
(ENTRY #616) 2022-04-18 12:25:49.691876 >> Projectile created! ID: #128
(ENTRY #617) 2022-04-18 12:25:49.691876 >> MOUSEPOS: (33.0, 215.0)
(ENTRY #618) 2022-04-18 12:25:49.691876 >> SLOPE CALC:None
(ENTRY #619) 2022-04-18 12:25:49.691876 >> LIN CALC FIN: 356.1463154342398
(ENTRY #620) 2022-04-18 12:25:49.691876 >> LIN CALC RAW: 543.8536845657602
(ENTRY #621) 2022-04-18 12:25:49.691876 >> Above!
(ENTRY #622) 2022-04-18 12:25:49.691876 >> Object lightRound has been created!
(ENTRY #623) 2022-04-18 12:25:49.692877 >> Protectile #130 has been created! Type: Light
(ENTRY #624) 2022-04-18 12:25:49.692877 >> Projectile created! ID: #130
(ENTRY #625) 2022-04-18 12:25:49.692877 >> MOUSEPOS: (61.0, 229.0)
(ENTRY #626) 2022-04-18 12:25:49.692877 >> SLOPE CALC:None
(ENTRY #627) 2022-04-18 12:25:49.692877 >> LIN CALC FIN: 171.32273382578614
(ENTRY #628) 2022-04-18 12:25:49.692877 >> LIN CALC RAW: 728.6772661742139
(ENTRY #629) 2022-04-18 12:25:49.692877 >> Below!
(ENTRY #630) 2022-04-18 12:25:49.692877 >> Object lightRound has been created!
(ENTRY #631) 2022-04-18 12:25:49.693880 >> Protectile #132 has been created! Type: Light
(ENTRY #632) 2022-04-18 12:25:49.693880 >> Projectile created! ID: #132
(ENTRY #633) 2022-04-18 12:25:49.693880 >> MOUSEPOS: (144.40121569980465, 197.51900505622194)
(ENTRY #634) 2022-04-18 12:25:49.693880 >> SLOPE CALC:None
(ENTRY #635) 2022-04-18 12:25:49.693880 >> LIN CALC FIN: 75.59878430019535
(ENTRY #636) 2022-04-18 12:25:49.693880 >> LIN CALC RAW: 824.4012156998047
(ENTRY #637) 2022-04-18 12:25:49.693880 >> Below!
(ENTRY #638) 2022-04-18 12:25:49.693880 >> Object lightRound has been created!
(ENTRY #639) 2022-04-18 12:25:49.693880 >> Protectile #134 has been created! Type: Light
(ENTRY #640) 2022-04-18 12:25:49.693880 >> Projectile created! ID: #134
(ENTRY #641) 2022-04-18 12:25:50.247255 >> Cloud created! ID: #10
(ENTRY #642) 2022-04-18 12:25:50.670713 >> Projectile removed!
(ENTRY #643) 2022-04-18 12:25:50.757674 >> Projectile removed!
(ENTRY #644) 2022-04-18 12:25:51.236963 >> Projectile has hit!
(ENTRY #645) 2022-04-18 12:25:51.237951 >> Projectile removed!
(ENTRY #646) 2022-04-18 12:25:51.279525 >> Cloud created! ID: #11
(ENTRY #647) 2022-04-18 12:25:51.694582 >> MOUSEPOS: (42.0, 248.0)
(ENTRY #648) 2022-04-18 12:25:51.694582 >> SLOPE CALC:None
(ENTRY #649) 2022-04-18 12:25:51.694582 >> LIN CALC FIN: 113.26881568967235
(ENTRY #650) 2022-04-18 12:25:51.694582 >> LIN CALC RAW: 786.7311843103276
(ENTRY #651) 2022-04-18 12:25:51.694582 >> Below!
(ENTRY #652) 2022-04-18 12:25:51.694582 >> Object lightRound has been created!
(ENTRY #653) 2022-04-18 12:25:51.694582 >> Protectile #136 has been created! Type: Light
(ENTRY #654) 2022-04-18 12:25:51.694582 >> Projectile created! ID: #136
(ENTRY #655) 2022-04-18 12:25:51.694582 >> MOUSEPOS: (27.0, 207.0)
(ENTRY #656) 2022-04-18 12:25:51.694582 >> SLOPE CALC:None
(ENTRY #657) 2022-04-18 12:25:51.694582 >> LIN CALC FIN: -152.6360638173926
(ENTRY #658) 2022-04-18 12:25:51.694582 >> LIN CALC RAW: 1052.6360638173926
(ENTRY #659) 2022-04-18 12:25:51.694582 >> Below!
(ENTRY #660) 2022-04-18 12:25:51.694582 >> Object lightRound has been created!
(ENTRY #661) 2022-04-18 12:25:51.695582 >> Protectile #138 has been created! Type: Light
(ENTRY #662) 2022-04-18 12:25:51.695582 >> Projectile created! ID: #138
(ENTRY #663) 2022-04-18 12:25:51.695582 >> MOUSEPOS: (41.0, 244.0)
(ENTRY #664) 2022-04-18 12:25:51.695582 >> SLOPE CALC:None
(ENTRY #665) 2022-04-18 12:25:51.695582 >> LIN CALC FIN: -39.61986980833592
(ENTRY #666) 2022-04-18 12:25:51.695582 >> LIN CALC RAW: 939.6198698083359
(ENTRY #667) 2022-04-18 12:25:51.695582 >> Below!
(ENTRY #668) 2022-04-18 12:25:51.695582 >> Object lightRound has been created!
(ENTRY #669) 2022-04-18 12:25:51.695582 >> Protectile #140 has been created! Type: Light
(ENTRY #670) 2022-04-18 12:25:51.695582 >> Projectile created! ID: #140
(ENTRY #671) 2022-04-18 12:25:51.695582 >> MOUSEPOS: (49.0, 222.0)
(ENTRY #672) 2022-04-18 12:25:51.695582 >> SLOPE CALC:None
(ENTRY #673) 2022-04-18 12:25:51.695582 >> LIN CALC FIN: 463.4331956932979
(ENTRY #674) 2022-04-18 12:25:51.695582 >> LIN CALC RAW: 436.5668043067021
(ENTRY #675) 2022-04-18 12:25:51.695582 >> Above!
(ENTRY #676) 2022-04-18 12:25:51.695582 >> Object lightRound has been created!
(ENTRY #677) 2022-04-18 12:25:51.696583 >> Protectile #142 has been created! Type: Light
(ENTRY #678) 2022-04-18 12:25:51.696583 >> Projectile created! ID: #142
(ENTRY #679) 2022-04-18 12:25:51.696583 >> MOUSEPOS: (66.0, 237.0)
(ENTRY #680) 2022-04-18 12:25:51.696583 >> SLOPE CALC:None
(ENTRY #681) 2022-04-18 12:25:51.696583 >> LIN CALC FIN: 240.35454196785645
(ENTRY #682) 2022-04-18 12:25:51.696583 >> LIN CALC RAW: 659.6454580321436
(ENTRY #683) 2022-04-18 12:25:51.696583 >> Above!
(ENTRY #684) 2022-04-18 12:25:51.696583 >> Object lightRound has been created!
(ENTRY #685) 2022-04-18 12:25:51.696583 >> Protectile #144 has been created! Type: Light
(ENTRY #686) 2022-04-18 12:25:51.696583 >> Projectile created! ID: #144
(ENTRY #687) 2022-04-18 12:25:51.696583 >> MOUSEPOS: (43.0, 247.0)
(ENTRY #688) 2022-04-18 12:25:51.697585 >> SLOPE CALC:None
(ENTRY #689) 2022-04-18 12:25:51.697585 >> LIN CALC FIN: 10.224427081843032
(ENTRY #690) 2022-04-18 12:25:51.697585 >> LIN CALC RAW: 889.775572918157
(ENTRY #691) 2022-04-18 12:25:51.697585 >> Below!
(ENTRY #692) 2022-04-18 12:25:51.697585 >> Object lightRound has been created!
(ENTRY #693) 2022-04-18 12:25:51.697585 >> Protectile #146 has been created! Type: Light
(ENTRY #694) 2022-04-18 12:25:51.697585 >> Projectile created! ID: #146
(ENTRY #695) 2022-04-18 12:25:51.697585 >> MOUSEPOS: (63.0, 219.0)
(ENTRY #696) 2022-04-18 12:25:51.697585 >> SLOPE CALC:None
(ENTRY #697) 2022-04-18 12:25:51.697585 >> LIN CALC FIN: 358.77661901930423
(ENTRY #698) 2022-04-18 12:25:51.697585 >> LIN CALC RAW: 541.2233809806958
(ENTRY #699) 2022-04-18 12:25:51.697585 >> Above!
(ENTRY #700) 2022-04-18 12:25:51.697585 >> Object lightRound has been created!
(ENTRY #701) 2022-04-18 12:25:51.698584 >> Protectile #148 has been created! Type: Light
(ENTRY #702) 2022-04-18 12:25:51.698584 >> Projectile created! ID: #148
(ENTRY #703) 2022-04-18 12:25:51.698584 >> MOUSEPOS: (54.0, 219.0)
(ENTRY #704) 2022-04-18 12:25:51.698584 >> SLOPE CALC:None
(ENTRY #705) 2022-04-18 12:25:51.698584 >> LIN CALC FIN: 430.94759356427505
(ENTRY #706) 2022-04-18 12:25:51.698584 >> LIN CALC RAW: 469.05240643572495
(ENTRY #707) 2022-04-18 12:25:51.698584 >> Above!
(ENTRY #708) 2022-04-18 12:25:51.698584 >> Object lightRound has been created!
(ENTRY #709) 2022-04-18 12:25:51.698584 >> Protectile #150 has been created! Type: Light
(ENTRY #710) 2022-04-18 12:25:51.698584 >> Projectile created! ID: #150
(ENTRY #711) 2022-04-18 12:25:51.698584 >> MOUSEPOS: (59.0, 213.0)
(ENTRY #712) 2022-04-18 12:25:51.698584 >> SLOPE CALC:None
(ENTRY #713) 2022-04-18 12:25:51.698584 >> LIN CALC FIN: 26.224427081843032
(ENTRY #714) 2022-04-18 12:25:51.698584 >> LIN CALC RAW: 873.775572918157
(ENTRY #715) 2022-04-18 12:25:51.699588 >> Below!
(ENTRY #716) 2022-04-18 12:25:51.699588 >> Object lightRound has been created!
(ENTRY #717) 2022-04-18 12:25:51.699588 >> Protectile #152 has been created! Type: Light
(ENTRY #718) 2022-04-18 12:25:51.699588 >> Projectile created! ID: #152
(ENTRY #719) 2022-04-18 12:25:51.699588 >> MOUSEPOS: (42.0, 209.0)
(ENTRY #720) 2022-04-18 12:25:51.699588 >> SLOPE CALC:None
(ENTRY #721) 2022-04-18 12:25:51.699588 >> LIN CALC FIN: 201.69479625394308
(ENTRY #722) 2022-04-18 12:25:51.699588 >> LIN CALC RAW: 698.3052037460569
(ENTRY #723) 2022-04-18 12:25:51.699588 >> Below!
(ENTRY #724) 2022-04-18 12:25:51.699588 >> Object lightRound has been created!
(ENTRY #725) 2022-04-18 12:25:51.700589 >> Protectile #154 has been created! Type: Light
(ENTRY #726) 2022-04-18 12:25:51.700589 >> Projectile created! ID: #154
(ENTRY #727) 2022-04-18 12:25:51.700589 >> MOUSEPOS: (45.0, 202.0)
(ENTRY #728) 2022-04-18 12:25:51.700589 >> SLOPE CALC:None
(ENTRY #729) 2022-04-18 12:25:51.700589 >> LIN CALC FIN: 303.06493596227403
(ENTRY #730) 2022-04-18 12:25:51.700589 >> LIN CALC RAW: 596.935064037726
(ENTRY #731) 2022-04-18 12:25:51.700589 >> Above!
(ENTRY #732) 2022-04-18 12:25:51.700589 >> Object lightRound has been created!
(ENTRY #733) 2022-04-18 12:25:51.700589 >> Protectile #156 has been created! Type: Light
(ENTRY #734) 2022-04-18 12:25:51.700589 >> Projectile created! ID: #156
(ENTRY #735) 2022-04-18 12:25:51.700589 >> MOUSEPOS: (39.0, 236.0)
(ENTRY #736) 2022-04-18 12:25:51.700589 >> SLOPE CALC:None
(ENTRY #737) 2022-04-18 12:25:51.700589 >> LIN CALC FIN: -41.61986980833592
(ENTRY #738) 2022-04-18 12:25:51.700589 >> LIN CALC RAW: 941.6198698083359
(ENTRY #739) 2022-04-18 12:25:51.700589 >> Below!
(ENTRY #740) 2022-04-18 12:25:51.700589 >> Object lightRound has been created!
(ENTRY #741) 2022-04-18 12:25:51.701587 >> Protectile #158 has been created! Type: Light
(ENTRY #742) 2022-04-18 12:25:51.701587 >> Projectile created! ID: #158
(ENTRY #743) 2022-04-18 12:25:51.701587 >> MOUSEPOS: (53.0, 200.0)
(ENTRY #744) 2022-04-18 12:25:51.701587 >> SLOPE CALC:None
(ENTRY #745) 2022-04-18 12:25:51.701587 >> LIN CALC FIN: 296.18739891101677
(ENTRY #746) 2022-04-18 12:25:51.701587 >> LIN CALC RAW: 603.8126010889832
(ENTRY #747) 2022-04-18 12:25:51.701587 >> Above!
(ENTRY #748) 2022-04-18 12:25:51.701587 >> Object lightRound has been created!
(ENTRY #749) 2022-04-18 12:25:51.701587 >> Protectile #160 has been created! Type: Light
(ENTRY #750) 2022-04-18 12:25:51.701587 >> Projectile created! ID: #160
(ENTRY #751) 2022-04-18 12:25:51.701587 >> MOUSEPOS: (28.0, 219.0)
(ENTRY #752) 2022-04-18 12:25:51.701587 >> SLOPE CALC:None
(ENTRY #753) 2022-04-18 12:25:51.701587 >> LIN CALC FIN: 167.03228611167788
(ENTRY #754) 2022-04-18 12:25:51.701587 >> LIN CALC RAW: 732.9677138883221
(ENTRY #755) 2022-04-18 12:25:51.701587 >> Below!
(ENTRY #756) 2022-04-18 12:25:51.701587 >> Object lightRound has been created!
(ENTRY #757) 2022-04-18 12:25:51.702586 >> Protectile #162 has been created! Type: Light
(ENTRY #758) 2022-04-18 12:25:51.702586 >> Projectile created! ID: #162
(ENTRY #759) 2022-04-18 12:25:51.702586 >> MOUSEPOS: (91.87055070338711, 217.82424555055596)
(ENTRY #760) 2022-04-18 12:25:51.702586 >> SLOPE CALC:None
(ENTRY #761) 2022-04-18 12:25:51.702586 >> LIN CALC FIN: 271.87055070338715
(ENTRY #762) 2022-04-18 12:25:51.702586 >> LIN CALC RAW: 628.1294492966128
(ENTRY #763) 2022-04-18 12:25:51.702586 >> Above!
(ENTRY #764) 2022-04-18 12:25:51.702586 >> Object lightRound has been created!
(ENTRY #765) 2022-04-18 12:25:51.702586 >> Protectile #164 has been created! Type: Light
(ENTRY #766) 2022-04-18 12:25:51.702586 >> Projectile created! ID: #164
(ENTRY #767) 2022-04-18 12:25:51.744622 >> Projectile removed!
(ENTRY #768) 2022-04-18 12:25:51.787718 >> Projectile has hit!
(ENTRY #769) 2022-04-18 12:25:51.788720 >> Projectile removed!
(ENTRY #770) 2022-04-18 12:25:51.831720 >> Projectile has hit!
(ENTRY #771) 2022-04-18 12:25:51.832756 >> Projectile removed!
(ENTRY #772) 2022-04-18 12:25:52.050780 >> Projectile removed!
(ENTRY #773) 2022-04-18 12:25:52.060939 >> Dumb-AI Entity created!
(ENTRY #774) 2022-04-18 12:25:52.065892 >> Dumb-AI Entity created!
(ENTRY #775) 2022-04-18 12:25:52.070898 >> Dumb-AI Entity created!
(ENTRY #776) 2022-04-18 12:25:52.121831 >> Projectile removed!
(ENTRY #777) 2022-04-18 12:25:52.122855 >> Projectile has hit!
(ENTRY #778) 2022-04-18 12:25:52.123829 >> Projectile removed!
(ENTRY #779) 2022-04-18 12:25:52.274121 >> Projectile has hit!
(ENTRY #780) 2022-04-18 12:25:52.274121 >> Projectile removed!
(ENTRY #781) 2022-04-18 12:25:52.362695 >> Projectile removed!
(ENTRY #782) 2022-04-18 12:25:52.453696 >> Projectile has hit!
(ENTRY #783) 2022-04-18 12:25:52.453696 >> Projectile has hit!
(ENTRY #784) 2022-04-18 12:25:52.453696 >> Projectile removed!
(ENTRY #785) 2022-04-18 12:25:52.453696 >> Projectile removed!
(ENTRY #786) 2022-04-18 12:25:52.495699 >> Projectile removed!
(ENTRY #787) 2022-04-18 12:25:52.645702 >> Cloud created! ID: #12
(ENTRY #788) 2022-04-18 12:25:52.836696 >> Projectile removed!
(ENTRY #789) 2022-04-18 12:25:52.838693 >> Projectile has hit!
(ENTRY #790) 2022-04-18 12:25:52.838693 >> Projectile removed!
(ENTRY #791) 2022-04-18 12:25:52.879719 >> Projectile removed!
(ENTRY #792) 2022-04-18 12:25:52.917699 >> Projectile removed!
(ENTRY #793) 2022-04-18 12:25:52.997694 >> Projectile removed!
(ENTRY #794) 2022-04-18 12:25:53.082772 >> Projectile has hit!
(ENTRY #795) 2022-04-18 12:25:53.082772 >> Projectile has hit!
(ENTRY #796) 2022-04-18 12:25:53.082772 >> Projectile removed!
(ENTRY #797) 2022-04-18 12:25:53.202765 >> Projectile removed!
(ENTRY #798) 2022-04-18 12:25:53.278806 >> Projectile removed!
(ENTRY #799) 2022-04-18 12:25:53.279817 >> Projectile has hit!
(ENTRY #800) 2022-04-18 12:25:53.279817 >> Projectile removed!
(ENTRY #801) 2022-04-18 12:25:53.322807 >> Projectile removed!
(ENTRY #802) 2022-04-18 12:25:53.442855 >> Projectile has hit!
(ENTRY #803) 2022-04-18 12:25:53.442855 >> Projectile removed!
(ENTRY #804) 2022-04-18 12:25:53.517812 >> Projectile has hit!
(ENTRY #805) 2022-04-18 12:25:53.518824 >> Projectile removed!
(ENTRY #806) 2022-04-18 12:25:53.593838 >> Projectile has hit!
(ENTRY #807) 2022-04-18 12:25:53.594811 >> Projectile removed!
(ENTRY #808) 2022-04-18 12:25:53.633811 >> Projectile has hit!
(ENTRY #809) 2022-04-18 12:25:53.633811 >> Projectile removed!
(ENTRY #810) 2022-04-18 12:25:53.706805 >> MOUSEPOS: (35.0, 234.0)
(ENTRY #811) 2022-04-18 12:25:53.706805 >> SLOPE CALC:None
(ENTRY #812) 2022-04-18 12:25:53.706805 >> LIN CALC FIN: 111.14830500860705
(ENTRY #813) 2022-04-18 12:25:53.706805 >> LIN CALC RAW: 788.851694991393
(ENTRY #814) 2022-04-18 12:25:53.706805 >> Below!
(ENTRY #815) 2022-04-18 12:25:53.706805 >> Object lightRound has been created!
(ENTRY #816) 2022-04-18 12:25:53.706805 >> Protectile #166 has been created! Type: Light
(ENTRY #817) 2022-04-18 12:25:53.706805 >> Projectile created! ID: #166
(ENTRY #818) 2022-04-18 12:25:53.707803 >> MOUSEPOS: (94.0, 307.0)
(ENTRY #819) 2022-04-18 12:25:53.707803 >> SLOPE CALC:None
(ENTRY #820) 2022-04-18 12:25:53.707803 >> LIN CALC FIN: 582.8288648345392
(ENTRY #821) 2022-04-18 12:25:53.707803 >> LIN CALC RAW: 317.1711351654608
(ENTRY #822) 2022-04-18 12:25:53.707803 >> Above!
(ENTRY #823) 2022-04-18 12:25:53.707803 >> Object lightRound has been created!
(ENTRY #824) 2022-04-18 12:25:53.707803 >> Protectile #168 has been created! Type: Light
(ENTRY #825) 2022-04-18 12:25:53.707803 >> Projectile created! ID: #168
(ENTRY #826) 2022-04-18 12:25:53.707803 >> MOUSEPOS: (66.0, 299.0)
(ENTRY #827) 2022-04-18 12:25:53.707803 >> SLOPE CALC:None
(ENTRY #828) 2022-04-18 12:25:53.707803 >> LIN CALC FIN: -29.96299314832072
(ENTRY #829) 2022-04-18 12:25:53.707803 >> LIN CALC RAW: 929.9629931483207
(ENTRY #830) 2022-04-18 12:25:53.707803 >> Below!
(ENTRY #831) 2022-04-18 12:25:53.707803 >> Object lightRound has been created!
(ENTRY #832) 2022-04-18 12:25:53.708807 >> Protectile #170 has been created! Type: Light
(ENTRY #833) 2022-04-18 12:25:53.708807 >> Projectile created! ID: #170
(ENTRY #834) 2022-04-18 12:25:53.708807 >> MOUSEPOS: (109.0, 262.0)
(ENTRY #835) 2022-04-18 12:25:53.708807 >> SLOPE CALC:None
(ENTRY #836) 2022-04-18 12:25:53.708807 >> LIN CALC FIN: 432.6303365472954
(ENTRY #837) 2022-04-18 12:25:53.708807 >> LIN CALC RAW: 467.3696634527046
(ENTRY #838) 2022-04-18 12:25:53.708807 >> Above!
(ENTRY #839) 2022-04-18 12:25:53.708807 >> Object lightRound has been created!
(ENTRY #840) 2022-04-18 12:25:53.708807 >> Protectile #172 has been created! Type: Light
(ENTRY #841) 2022-04-18 12:25:53.708807 >> Projectile created! ID: #172
(ENTRY #842) 2022-04-18 12:25:53.708807 >> MOUSEPOS: (54.0, 203.0)
(ENTRY #843) 2022-04-18 12:25:53.708807 >> SLOPE CALC:None
(ENTRY #844) 2022-04-18 12:25:53.708807 >> LIN CALC FIN: 188.935343464688
(ENTRY #845) 2022-04-18 12:25:53.708807 >> LIN CALC RAW: 711.064656535312
(ENTRY #846) 2022-04-18 12:25:53.708807 >> Below!
(ENTRY #847) 2022-04-18 12:25:53.708807 >> Object lightRound has been created!
(ENTRY #848) 2022-04-18 12:25:53.709804 >> Protectile #174 has been created! Type: Light
(ENTRY #849) 2022-04-18 12:25:53.709804 >> Projectile created! ID: #174
(ENTRY #850) 2022-04-18 12:25:53.709804 >> MOUSEPOS: (97.0, 275.0)
(ENTRY #851) 2022-04-18 12:25:53.709804 >> SLOPE CALC:None
(ENTRY #852) 2022-04-18 12:25:53.709804 >> LIN CALC FIN: 68.33560459016326
(ENTRY #853) 2022-04-18 12:25:53.709804 >> LIN CALC RAW: 831.6643954098367
(ENTRY #854) 2022-04-18 12:25:53.709804 >> Below!
(ENTRY #855) 2022-04-18 12:25:53.709804 >> Object lightRound has been created!
(ENTRY #856) 2022-04-18 12:25:53.709804 >> Protectile #176 has been created! Type: Light
(ENTRY #857) 2022-04-18 12:25:53.709804 >> Projectile created! ID: #176
(ENTRY #858) 2022-04-18 12:25:53.710803 >> MOUSEPOS: (87.0, 270.0)
(ENTRY #859) 2022-04-18 12:25:53.710803 >> SLOPE CALC:None
(ENTRY #860) 2022-04-18 12:25:53.710803 >> LIN CALC FIN: 327.40689833835745
(ENTRY #861) 2022-04-18 12:25:53.710803 >> LIN CALC RAW: 572.5931016616425
(ENTRY #862) 2022-04-18 12:25:53.710803 >> Above!
(ENTRY #863) 2022-04-18 12:25:53.710803 >> Object lightRound has been created!
(ENTRY #864) 2022-04-18 12:25:53.710803 >> Protectile #178 has been created! Type: Light
(ENTRY #865) 2022-04-18 12:25:53.710803 >> Projectile created! ID: #178
(ENTRY #866) 2022-04-18 12:25:53.710803 >> MOUSEPOS: (76.0, 276.0)
(ENTRY #867) 2022-04-18 12:25:53.710803 >> SLOPE CALC:None
(ENTRY #868) 2022-04-18 12:25:53.710803 >> LIN CALC FIN: 384.2410076264904
(ENTRY #869) 2022-04-18 12:25:53.710803 >> LIN CALC RAW: 515.7589923735096
(ENTRY #870) 2022-04-18 12:25:53.710803 >> Above!
(ENTRY #871) 2022-04-18 12:25:53.711803 >> Object lightRound has been created!
(ENTRY #872) 2022-04-18 12:25:53.711803 >> Protectile #180 has been created! Type: Light
(ENTRY #873) 2022-04-18 12:25:53.711803 >> Projectile created! ID: #180
(ENTRY #874) 2022-04-18 12:25:53.711803 >> MOUSEPOS: (101.0, 262.0)
(ENTRY #875) 2022-04-18 12:25:53.711803 >> SLOPE CALC:None
(ENTRY #876) 2022-04-18 12:25:53.711803 >> LIN CALC FIN: 72.33560459016326
(ENTRY #877) 2022-04-18 12:25:53.711803 >> LIN CALC RAW: 827.6643954098367
(ENTRY #878) 2022-04-18 12:25:53.711803 >> Below!
(ENTRY #879) 2022-04-18 12:25:53.711803 >> Object lightRound has been created!
(ENTRY #880) 2022-04-18 12:25:53.711803 >> Protectile #182 has been created! Type: Light
(ENTRY #881) 2022-04-18 12:25:53.711803 >> Projectile created! ID: #182
(ENTRY #882) 2022-04-18 12:25:53.712804 >> MOUSEPOS: (65.0, 206.0)
(ENTRY #883) 2022-04-18 12:25:53.712804 >> SLOPE CALC:None
(ENTRY #884) 2022-04-18 12:25:53.712804 >> LIN CALC FIN: 216.67525000950673
(ENTRY #885) 2022-04-18 12:25:53.712804 >> LIN CALC RAW: 683.3247499904933
(ENTRY #886) 2022-04-18 12:25:53.712804 >> Above!
(ENTRY #887) 2022-04-18 12:25:53.712804 >> Object lightRound has been created!
(ENTRY #888) 2022-04-18 12:25:53.712804 >> Protectile #184 has been created! Type: Light
(ENTRY #889) 2022-04-18 12:25:53.712804 >> Projectile created! ID: #184
(ENTRY #890) 2022-04-18 12:25:53.712804 >> MOUSEPOS: (43.0, 239.0)
(ENTRY #891) 2022-04-18 12:25:53.712804 >> SLOPE CALC:None
(ENTRY #892) 2022-04-18 12:25:53.712804 >> LIN CALC FIN: 268.79673390889184
(ENTRY #893) 2022-04-18 12:25:53.712804 >> LIN CALC RAW: 631.2032660911082
(ENTRY #894) 2022-04-18 12:25:53.712804 >> Above!
(ENTRY #895) 2022-04-18 12:25:53.712804 >> Object lightRound has been created!
(ENTRY #896) 2022-04-18 12:25:53.713802 >> Protectile #186 has been created! Type: Light
(ENTRY #897) 2022-04-18 12:25:53.713802 >> Projectile created! ID: #186
(ENTRY #898) 2022-04-18 12:25:53.713802 >> MOUSEPOS: (108.0, 278.0)
(ENTRY #899) 2022-04-18 12:25:53.713802 >> SLOPE CALC:None
(ENTRY #900) 2022-04-18 12:25:53.713802 >> LIN CALC FIN: 12.03700685167928
(ENTRY #901) 2022-04-18 12:25:53.713802 >> LIN CALC RAW: 887.9629931483207
(ENTRY #902) 2022-04-18 12:25:53.713802 >> Below!
(ENTRY #903) 2022-04-18 12:25:53.713802 >> Object lightRound has been created!
(ENTRY #904) 2022-04-18 12:25:53.713802 >> Protectile #188 has been created! Type: Light
(ENTRY #905) 2022-04-18 12:25:53.713802 >> Projectile created! ID: #188
(ENTRY #906) 2022-04-18 12:25:53.713802 >> MOUSEPOS: (28.0, 238.0)
(ENTRY #907) 2022-04-18 12:25:53.713802 >> SLOPE CALC:None
(ENTRY #908) 2022-04-18 12:25:53.713802 >> LIN CALC FIN: 265.1002131718237
(ENTRY #909) 2022-04-18 12:25:53.713802 >> LIN CALC RAW: 634.8997868281763
(ENTRY #910) 2022-04-18 12:25:53.713802 >> Above!
(ENTRY #911) 2022-04-18 12:25:53.713802 >> Object lightRound has been created!
(ENTRY #912) 2022-04-18 12:25:53.714807 >> Protectile #190 has been created! Type: Light
(ENTRY #913) 2022-04-18 12:25:53.714807 >> Projectile created! ID: #190
(ENTRY #914) 2022-04-18 12:25:53.714807 >> MOUSEPOS: (44.0, 248.0)
(ENTRY #915) 2022-04-18 12:25:53.714807 >> SLOPE CALC:None
(ENTRY #916) 2022-04-18 12:25:53.714807 >> LIN CALC FIN: 209.79521170672092
(ENTRY #917) 2022-04-18 12:25:53.714807 >> LIN CALC RAW: 690.2047882932791
(ENTRY #918) 2022-04-18 12:25:53.714807 >> Below!
(ENTRY #919) 2022-04-18 12:25:53.714807 >> Object lightRound has been created!
(ENTRY #920) 2022-04-18 12:25:53.714807 >> Protectile #192 has been created! Type: Light
(ENTRY #921) 2022-04-18 12:25:53.715807 >> Projectile created! ID: #192
(ENTRY #922) 2022-04-18 12:25:53.715807 >> MOUSEPOS: (52.267915616929976, 181.94316562643675)
(ENTRY #923) 2022-04-18 12:25:53.715807 >> SLOPE CALC:None
(ENTRY #924) 2022-04-18 12:25:53.715807 >> LIN CALC FIN: 167.73208438307006
(ENTRY #925) 2022-04-18 12:25:53.715807 >> LIN CALC RAW: 732.2679156169299
(ENTRY #926) 2022-04-18 12:25:53.715807 >> Below!
(ENTRY #927) 2022-04-18 12:25:53.715807 >> Object lightRound has been created!
(ENTRY #928) 2022-04-18 12:25:53.715807 >> Protectile #194 has been created! Type: Light
(ENTRY #929) 2022-04-18 12:25:53.715807 >> Projectile created! ID: #194
(ENTRY #930) 2022-04-18 12:25:53.715807 >> MOUSEPOS: (52.18844164517807, 245.6067700615429)
(ENTRY #931) 2022-04-18 12:25:53.715807 >> SLOPE CALC:None
(ENTRY #932) 2022-04-18 12:25:53.715807 >> LIN CALC FIN: 254.18844164517805
(ENTRY #933) 2022-04-18 12:25:53.715807 >> LIN CALC RAW: 645.811558354822
(ENTRY #934) 2022-04-18 12:25:53.715807 >> Above!
(ENTRY #935) 2022-04-18 12:25:53.715807 >> Object lightRound has been created!
(ENTRY #936) 2022-04-18 12:25:53.716838 >> Protectile #196 has been created! Type: Light
(ENTRY #937) 2022-04-18 12:25:53.716838 >> Projectile created! ID: #196
(ENTRY #938) 2022-04-18 12:25:53.759809 >> Cloud created! ID: #13
(ENTRY #939) 2022-04-18 12:25:53.802814 >> Projectile has hit!
(ENTRY #940) 2022-04-18 12:25:53.802814 >> Projectile removed!
(ENTRY #941) 2022-04-18 12:25:53.847815 >> Projectile removed!
(ENTRY #942) 2022-04-18 12:25:53.888812 >> Projectile removed!
(ENTRY #943) 2022-04-18 12:25:54.055811 >> Projectile removed!
(ENTRY #944) 2022-04-18 12:25:54.139804 >> Projectile removed!
(ENTRY #945) 2022-04-18 12:25:54.141803 >> Projectile has hit!
(ENTRY #946) 2022-04-18 12:25:54.141803 >> Projectile removed!
(ENTRY #947) 2022-04-18 12:25:54.429843 >> Projectile removed!
(ENTRY #948) 2022-04-18 12:25:54.558763 >> Projectile has hit!
(ENTRY #949) 2022-04-18 12:25:54.558763 >> Projectile removed!
(ENTRY #950) 2022-04-18 12:25:54.598305 >> Projectile has hit!
(ENTRY #951) 2022-04-18 12:25:54.599305 >> Projectile removed!
(ENTRY #952) 2022-04-18 12:25:54.933497 >> Projectile has hit!
(ENTRY #953) 2022-04-18 12:25:54.933497 >> Projectile removed!
(ENTRY #954) 2022-04-18 12:25:55.009501 >> Projectile removed!
(ENTRY #955) 2022-04-18 12:25:55.086801 >> Projectile has hit!
(ENTRY #956) 2022-04-18 12:25:55.087798 >> Projectile removed!
(ENTRY #957) 2022-04-18 12:25:55.259357 >> Cloud created! ID: #14
(ENTRY #958) 2022-04-18 12:25:55.266941 >> Dumb-AI Entity created!
(ENTRY #959) 2022-04-18 12:25:55.271947 >> Dumb-AI Entity created!
(ENTRY #960) 2022-04-18 12:25:55.276941 >> Dumb-AI Entity created!
(ENTRY #961) 2022-04-18 12:25:55.280941 >> Dumb-AI Entity created!
(ENTRY #962) 2022-04-18 12:25:55.322947 >> Projectile has hit!
(ENTRY #963) 2022-04-18 12:25:55.322947 >> Projectile has hit!
(ENTRY #964) 2022-04-18 12:25:55.323949 >> Projectile has hit!
(ENTRY #965) 2022-04-18 12:25:55.323949 >> Projectile removed!
(ENTRY #966) 2022-04-18 12:25:55.323949 >> Projectile removed!
(ENTRY #967) 2022-04-18 12:25:55.323949 >> Projectile removed!
(ENTRY #968) 2022-04-18 12:25:57.246296 >> Naval Warfare 2D Closed...
