Log for Naval Warfare 2D, intended for debugging purposes only! 

(ENTRY #1) 2022-04-19 13:26:56.736456 >> Initialized Log handler...
(ENTRY #2) 2022-04-19 13:26:57.407642 >> Initialized Warship handler...
(ENTRY #3) 2022-04-19 13:26:57.408638 >> Initialized Projectile handler...
(ENTRY #4) 2022-04-19 13:26:57.426638 >> Initialized GUI handler...
(ENTRY #5) 2022-04-19 13:26:57.426638 >> Starting Naval Warfare 2D...
(ENTRY #6) 2022-04-19 13:27:02.565304 >> Created Sprite for Player!
(ENTRY #7) 2022-04-19 13:27:02.565304 >> Finished initalizing!
(ENTRY #8) 2022-04-19 13:27:05.172379 >> Returning to menu!
(ENTRY #9) 2022-04-19 13:27:06.383397 >> Game resumed!
(ENTRY #10) 2022-04-19 13:27:06.384397 >> Dumb-AI Entity created!
(ENTRY #11) 2022-04-19 13:27:06.384397 >> Dumb-AI Entity created!
(ENTRY #12) 2022-04-19 13:27:06.414396 >> Cloud created! ID: #1
(ENTRY #13) 2022-04-19 13:27:06.454398 >> Dumb-AI Entity created!
(ENTRY #14) 2022-04-19 13:27:07.083412 >> Activating shop!
(ENTRY #15) 2022-04-19 13:27:07.974662 >> MOUSEPOS: (720, 507)
(ENTRY #16) 2022-04-19 13:27:07.974662 >> SLOPE CALC:None
(ENTRY #17) 2022-04-19 13:27:07.974662 >> LIN CALC FIN: 1070.0
(ENTRY #18) 2022-04-19 13:27:07.974662 >> LIN CALC RAW: -170.0
(ENTRY #19) 2022-04-19 13:27:07.974662 >> Above!
(ENTRY #20) 2022-04-19 13:27:07.975663 >> Object lightRound has been created!
(ENTRY #21) 2022-04-19 13:27:07.976663 >> Protectile #2 has been created! Type: Light
(ENTRY #22) 2022-04-19 13:27:07.976663 >> Projectile created! ID: #2
(ENTRY #23) 2022-04-19 13:27:08.286664 >> Returning to game!
(ENTRY #24) 2022-04-19 13:27:08.403398 >> MOUSEPOS: (165.0, 280.0)
(ENTRY #25) 2022-04-19 13:27:08.403398 >> SLOPE CALC:None
(ENTRY #26) 2022-04-19 13:27:08.403398 >> LIN CALC FIN: 279.87121923389157
(ENTRY #27) 2022-04-19 13:27:08.403398 >> LIN CALC RAW: 620.1287807661084
(ENTRY #28) 2022-04-19 13:27:08.403398 >> Below!
(ENTRY #29) 2022-04-19 13:27:08.403398 >> Object lightRound has been created!
(ENTRY #30) 2022-04-19 13:27:08.403398 >> Protectile #4 has been created! Type: Light
(ENTRY #31) 2022-04-19 13:27:08.403398 >> Projectile created! ID: #4
(ENTRY #32) 2022-04-19 13:27:08.403398 >> MOUSEPOS: (159.0, 268.0)
(ENTRY #33) 2022-04-19 13:27:08.403398 >> SLOPE CALC:None
(ENTRY #34) 2022-04-19 13:27:08.403398 >> LIN CALC FIN: 265.9740114398437
(ENTRY #35) 2022-04-19 13:27:08.403398 >> LIN CALC RAW: 634.0259885601563
(ENTRY #36) 2022-04-19 13:27:08.403398 >> Below!
(ENTRY #37) 2022-04-19 13:27:08.403398 >> Object lightRound has been created!
(ENTRY #38) 2022-04-19 13:27:08.403398 >> Protectile #6 has been created! Type: Light
(ENTRY #39) 2022-04-19 13:27:08.403398 >> Projectile created! ID: #6
(ENTRY #40) 2022-04-19 13:27:08.403398 >> MOUSEPOS: (121.13087477431138, 255.00209400820293)
(ENTRY #41) 2022-04-19 13:27:08.403398 >> SLOPE CALC:None
(ENTRY #42) 2022-04-19 13:27:08.403398 >> LIN CALC FIN: 241.13087477431145
(ENTRY #43) 2022-04-19 13:27:08.403398 >> LIN CALC RAW: 658.8691252256885
(ENTRY #44) 2022-04-19 13:27:08.403398 >> Below!
(ENTRY #45) 2022-04-19 13:27:08.403398 >> Object lightRound has been created!
(ENTRY #46) 2022-04-19 13:27:08.403398 >> Protectile #8 has been created! Type: Light
(ENTRY #47) 2022-04-19 13:27:08.403398 >> Projectile created! ID: #8
(ENTRY #48) 2022-04-19 13:27:08.417398 >> Projectile has hit!
(ENTRY #49) 2022-04-19 13:27:08.417398 >> Projectile has hit!
(ENTRY #50) 2022-04-19 13:27:08.417398 >> Projectile removed!
(ENTRY #51) 2022-04-19 13:27:08.417398 >> Projectile removed!
(ENTRY #52) 2022-04-19 13:27:08.456399 >> Cloud created! ID: #2
(ENTRY #53) 2022-04-19 13:27:09.469419 >> Activating shop!
(ENTRY #54) 2022-04-19 13:27:09.817419 >> MOUSEPOS: (720, 507)
(ENTRY #55) 2022-04-19 13:27:09.817419 >> SLOPE CALC:None
(ENTRY #56) 2022-04-19 13:27:09.817419 >> LIN CALC FIN: 1070.0
(ENTRY #57) 2022-04-19 13:27:09.817419 >> LIN CALC RAW: -170.0
(ENTRY #58) 2022-04-19 13:27:09.817419 >> Above!
(ENTRY #59) 2022-04-19 13:27:09.819427 >> Object lightRound has been created!
(ENTRY #60) 2022-04-19 13:27:09.819427 >> Protectile #10 has been created! Type: Light
(ENTRY #61) 2022-04-19 13:27:09.819427 >> Projectile created! ID: #10
(ENTRY #62) 2022-04-19 13:27:10.037309 >> MOUSEPOS: (720, 507)
(ENTRY #63) 2022-04-19 13:27:10.037309 >> SLOPE CALC:None
(ENTRY #64) 2022-04-19 13:27:10.037309 >> LIN CALC FIN: 1070.0
(ENTRY #65) 2022-04-19 13:27:10.037309 >> LIN CALC RAW: -170.0
(ENTRY #66) 2022-04-19 13:27:10.037309 >> Above!
(ENTRY #67) 2022-04-19 13:27:10.337763 >> Returning to game!
(ENTRY #68) 2022-04-19 13:27:10.405761 >> MOUSEPOS: (177.78000372150618, 185.69900494509216)
(ENTRY #69) 2022-04-19 13:27:10.405761 >> SLOPE CALC:None
(ENTRY #70) 2022-04-19 13:27:10.405761 >> LIN CALC FIN: 181.5679054221456
(ENTRY #71) 2022-04-19 13:27:10.405761 >> LIN CALC RAW: 718.4320945778544
(ENTRY #72) 2022-04-19 13:27:10.405761 >> Below!
(ENTRY #73) 2022-04-19 13:27:10.405761 >> Object lightRound has been created!
(ENTRY #74) 2022-04-19 13:27:10.405761 >> Protectile #12 has been created! Type: Light
(ENTRY #75) 2022-04-19 13:27:10.405761 >> Projectile created! ID: #12
(ENTRY #76) 2022-04-19 13:27:10.405761 >> MOUSEPOS: (194.78000372150618, 172.69900494509216)
(ENTRY #77) 2022-04-19 13:27:10.405761 >> SLOPE CALC:None
(ENTRY #78) 2022-04-19 13:27:10.405761 >> LIN CALC FIN: 120.25043096841364
(ENTRY #79) 2022-04-19 13:27:10.405761 >> LIN CALC RAW: 779.7495690315864
(ENTRY #80) 2022-04-19 13:27:10.405761 >> Below!
(ENTRY #81) 2022-04-19 13:27:10.405761 >> Object lightRound has been created!
(ENTRY #82) 2022-04-19 13:27:10.405761 >> Protectile #14 has been created! Type: Light
(ENTRY #83) 2022-04-19 13:27:10.405761 >> Projectile created! ID: #14
(ENTRY #84) 2022-04-19 13:27:10.406760 >> MOUSEPOS: (181.61734022868842, 173.40524192932781)
(ENTRY #85) 2022-04-19 13:27:10.406760 >> SLOPE CALC:None
(ENTRY #86) 2022-04-19 13:27:10.406760 >> LIN CALC FIN: 194.53634145227443
(ENTRY #87) 2022-04-19 13:27:10.406760 >> LIN CALC RAW: 705.4636585477256
(ENTRY #88) 2022-04-19 13:27:10.406760 >> Above!
(ENTRY #89) 2022-04-19 13:27:10.406760 >> Object lightRound has been created!
(ENTRY #90) 2022-04-19 13:27:10.406760 >> Protectile #16 has been created! Type: Light
(ENTRY #91) 2022-04-19 13:27:10.406760 >> Projectile created! ID: #16
(ENTRY #92) 2022-04-19 13:27:10.419762 >> Projectile has hit!
(ENTRY #93) 2022-04-19 13:27:10.419762 >> Projectile has hit!
(ENTRY #94) 2022-04-19 13:27:10.419762 >> Projectile removed!
(ENTRY #95) 2022-04-19 13:27:10.419762 >> Projectile removed!
(ENTRY #96) 2022-04-19 13:27:10.472761 >> Cloud created! ID: #3
(ENTRY #97) 2022-04-19 13:27:11.269209 >> Activating shop!
(ENTRY #98) 2022-04-19 13:27:12.167092 >> MOUSEPOS: (404, 487)
(ENTRY #99) 2022-04-19 13:27:12.167092 >> SLOPE CALC:None
(ENTRY #100) 2022-04-19 13:27:12.167092 >> LIN CALC FIN: 754.0
(ENTRY #101) 2022-04-19 13:27:12.167092 >> LIN CALC RAW: 146.0
(ENTRY #102) 2022-04-19 13:27:12.167092 >> Above!
(ENTRY #103) 2022-04-19 13:27:12.169093 >> Dumb-AI Entity created!
(ENTRY #104) 2022-04-19 13:27:12.170092 >> Dumb-AI Entity created!
(ENTRY #105) 2022-04-19 13:27:12.171091 >> Dumb-AI Entity created!
(ENTRY #106) 2022-04-19 13:27:12.172092 >> Object lightRound has been created!
(ENTRY #107) 2022-04-19 13:27:12.172092 >> Protectile #18 has been created! Type: Light
(ENTRY #108) 2022-04-19 13:27:12.172092 >> Projectile created! ID: #18
(ENTRY #109) 2022-04-19 13:27:12.423802 >> Returning to game!
(ENTRY #110) 2022-04-19 13:27:12.439809 >> Cloud created! ID: #4
(ENTRY #111) 2022-04-19 13:27:12.439809 >> MOUSEPOS: (193.9607651311846, 116.51232865506579)
(ENTRY #112) 2022-04-19 13:27:12.439809 >> SLOPE CALC:None
(ENTRY #113) 2022-04-19 13:27:12.439809 >> LIN CALC FIN: 109.83563743850618
(ENTRY #114) 2022-04-19 13:27:12.439809 >> LIN CALC RAW: 790.1643625614938
(ENTRY #115) 2022-04-19 13:27:12.439809 >> Below!
(ENTRY #116) 2022-04-19 13:27:12.439809 >> Object lightRound has been created!
(ENTRY #117) 2022-04-19 13:27:12.439809 >> Protectile #20 has been created! Type: Light
(ENTRY #118) 2022-04-19 13:27:12.439809 >> Projectile created! ID: #20
(ENTRY #119) 2022-04-19 13:27:12.439809 >> MOUSEPOS: (207.9607651311846, 140.5123286550658)
(ENTRY #120) 2022-04-19 13:27:12.439809 >> SLOPE CALC:None
(ENTRY #121) 2022-04-19 13:27:12.439809 >> LIN CALC FIN: 16.93208494350847
(ENTRY #122) 2022-04-19 13:27:12.439809 >> LIN CALC RAW: 883.0679150564915
(ENTRY #123) 2022-04-19 13:27:12.439809 >> Below!
(ENTRY #124) 2022-04-19 13:27:12.439809 >> Object lightRound has been created!
(ENTRY #125) 2022-04-19 13:27:12.439809 >> Protectile #22 has been created! Type: Light
(ENTRY #126) 2022-04-19 13:27:12.439809 >> Projectile created! ID: #22
(ENTRY #127) 2022-04-19 13:27:12.439809 >> MOUSEPOS: (210.92499431857357, 135.79986662589513)
(ENTRY #128) 2022-04-19 13:27:12.439809 >> SLOPE CALC:None
(ENTRY #129) 2022-04-19 13:27:12.439809 >> LIN CALC FIN: 135.47655784245478
(ENTRY #130) 2022-04-19 13:27:12.439809 >> LIN CALC RAW: 764.5234421575452
(ENTRY #131) 2022-04-19 13:27:12.439809 >> Below!
(ENTRY #132) 2022-04-19 13:27:12.439809 >> Object lightRound has been created!
(ENTRY #133) 2022-04-19 13:27:12.439809 >> Protectile #24 has been created! Type: Light
(ENTRY #134) 2022-04-19 13:27:12.439809 >> Projectile created! ID: #24
(ENTRY #135) 2022-04-19 13:27:12.439809 >> MOUSEPOS: (224.9607651311846, 123.51232865506579)
(ENTRY #136) 2022-04-19 13:27:12.439809 >> SLOPE CALC:None
(ENTRY #137) 2022-04-19 13:27:12.439809 >> LIN CALC FIN: 214.71076513118464
(ENTRY #138) 2022-04-19 13:27:12.439809 >> LIN CALC RAW: 685.2892348688154
(ENTRY #139) 2022-04-19 13:27:12.439809 >> Above!
(ENTRY #140) 2022-04-19 13:27:12.439809 >> Object lightRound has been created!
(ENTRY #141) 2022-04-19 13:27:12.439809 >> Protectile #26 has been created! Type: Light
(ENTRY #142) 2022-04-19 13:27:12.439809 >> Projectile created! ID: #26
(ENTRY #143) 2022-04-19 13:27:12.439809 >> MOUSEPOS: (194.9607651311846, 112.51232865506579)
(ENTRY #144) 2022-04-19 13:27:12.439809 >> SLOPE CALC:None
(ENTRY #145) 2022-04-19 13:27:12.439809 >> LIN CALC FIN: 314.03923486881536
(ENTRY #146) 2022-04-19 13:27:12.439809 >> LIN CALC RAW: 585.9607651311846
(ENTRY #147) 2022-04-19 13:27:12.439809 >> Above!
(ENTRY #148) 2022-04-19 13:27:12.439809 >> Object lightRound has been created!
(ENTRY #149) 2022-04-19 13:27:12.440803 >> Protectile #28 has been created! Type: Light
(ENTRY #150) 2022-04-19 13:27:12.440803 >> Projectile created! ID: #28
(ENTRY #151) 2022-04-19 13:27:12.440803 >> MOUSEPOS: (199.9607651311846, 113.51232865506579)
(ENTRY #152) 2022-04-19 13:27:12.440803 >> SLOPE CALC:None
(ENTRY #153) 2022-04-19 13:27:12.440803 >> LIN CALC FIN: 379.03923486881536
(ENTRY #154) 2022-04-19 13:27:12.440803 >> LIN CALC RAW: 520.9607651311846
(ENTRY #155) 2022-04-19 13:27:12.440803 >> Above!
(ENTRY #156) 2022-04-19 13:27:12.440803 >> Object lightRound has been created!
(ENTRY #157) 2022-04-19 13:27:12.440803 >> Protectile #30 has been created! Type: Light
(ENTRY #158) 2022-04-19 13:27:12.440803 >> Projectile created! ID: #30
(ENTRY #159) 2022-04-19 13:27:12.454803 >> Projectile has hit!
(ENTRY #160) 2022-04-19 13:27:12.454803 >> Projectile has hit!
(ENTRY #161) 2022-04-19 13:27:12.454803 >> Projectile removed!
(ENTRY #162) 2022-04-19 13:27:12.454803 >> Projectile removed!
(ENTRY #163) 2022-04-19 13:27:12.954311 >> Activating shop!
(ENTRY #164) 2022-04-19 13:27:13.874045 >> MOUSEPOS: (714, 478)
(ENTRY #165) 2022-04-19 13:27:13.874045 >> SLOPE CALC:None
(ENTRY #166) 2022-04-19 13:27:13.874045 >> LIN CALC FIN: 1064.0
(ENTRY #167) 2022-04-19 13:27:13.874045 >> LIN CALC RAW: -164.0
(ENTRY #168) 2022-04-19 13:27:13.874045 >> Above!
(ENTRY #169) 2022-04-19 13:27:13.876043 >> Object lightRound has been created!
(ENTRY #170) 2022-04-19 13:27:13.876043 >> Protectile #32 has been created! Type: Light
(ENTRY #171) 2022-04-19 13:27:13.876043 >> Projectile created! ID: #32
(ENTRY #172) 2022-04-19 13:27:14.021044 >> MOUSEPOS: (714, 478)
(ENTRY #173) 2022-04-19 13:27:14.021044 >> SLOPE CALC:None
(ENTRY #174) 2022-04-19 13:27:14.021044 >> LIN CALC FIN: 1064.0
(ENTRY #175) 2022-04-19 13:27:14.021044 >> LIN CALC RAW: -164.0
(ENTRY #176) 2022-04-19 13:27:14.021044 >> Above!
(ENTRY #177) 2022-04-19 13:27:14.155043 >> MOUSEPOS: (714, 478)
(ENTRY #178) 2022-04-19 13:27:14.155043 >> SLOPE CALC:None
(ENTRY #179) 2022-04-19 13:27:14.155043 >> LIN CALC FIN: 1064.0
(ENTRY #180) 2022-04-19 13:27:14.155043 >> LIN CALC RAW: -164.0
(ENTRY #181) 2022-04-19 13:27:14.155043 >> Above!
(ENTRY #182) 2022-04-19 13:27:14.408043 >> Returning to game!
(ENTRY #183) 2022-04-19 13:27:14.452043 >> Cloud created! ID: #5
(ENTRY #184) 2022-04-19 13:27:14.452043 >> MOUSEPOS: (215.65372823016392, 71.73709875385434)
(ENTRY #185) 2022-04-19 13:27:14.452043 >> SLOPE CALC:None
(ENTRY #186) 2022-04-19 13:27:14.452043 >> LIN CALC FIN: 81.58201125012829
(ENTRY #187) 2022-04-19 13:27:14.452043 >> LIN CALC RAW: 818.4179887498717
(ENTRY #188) 2022-04-19 13:27:14.452043 >> Above!
(ENTRY #189) 2022-04-19 13:27:14.452043 >> Object lightRound has been created!
(ENTRY #190) 2022-04-19 13:27:14.452043 >> Protectile #34 has been created! Type: Light
(ENTRY #191) 2022-04-19 13:27:14.452043 >> Projectile created! ID: #34
(ENTRY #192) 2022-04-19 13:27:14.452043 >> MOUSEPOS: (211.65372823016392, 78.73709875385434)
(ENTRY #193) 2022-04-19 13:27:14.452043 >> SLOPE CALC:None
(ENTRY #194) 2022-04-19 13:27:14.452043 >> LIN CALC FIN: -30.013762343063945
(ENTRY #195) 2022-04-19 13:27:14.452043 >> LIN CALC RAW: 930.013762343064
(ENTRY #196) 2022-04-19 13:27:14.452043 >> Below!
(ENTRY #197) 2022-04-19 13:27:14.452043 >> Object lightRound has been created!
(ENTRY #198) 2022-04-19 13:27:14.452043 >> Protectile #36 has been created! Type: Light
(ENTRY #199) 2022-04-19 13:27:14.452043 >> Projectile created! ID: #36
(ENTRY #200) 2022-04-19 13:27:14.452043 >> MOUSEPOS: (206.51730290597536, 77.4455859259397)
(ENTRY #201) 2022-04-19 13:27:14.452043 >> SLOPE CALC:None
(ENTRY #202) 2022-04-19 13:27:14.452043 >> LIN CALC FIN: 90.60067342966579
(ENTRY #203) 2022-04-19 13:27:14.452043 >> LIN CALC RAW: 809.3993265703342
(ENTRY #204) 2022-04-19 13:27:14.452043 >> Above!
(ENTRY #205) 2022-04-19 13:27:14.452043 >> Object lightRound has been created!
(ENTRY #206) 2022-04-19 13:27:14.452043 >> Protectile #38 has been created! Type: Light
(ENTRY #207) 2022-04-19 13:27:14.452043 >> Projectile created! ID: #38
(ENTRY #208) 2022-04-19 13:27:14.452043 >> MOUSEPOS: (205.65372823016392, 87.73709875385434)
(ENTRY #209) 2022-04-19 13:27:14.452043 >> SLOPE CALC:None
(ENTRY #210) 2022-04-19 13:27:14.452043 >> LIN CALC FIN: 184.85379305340916
(ENTRY #211) 2022-04-19 13:27:14.452043 >> LIN CALC RAW: 715.1462069465908
(ENTRY #212) 2022-04-19 13:27:14.452043 >> Above!
(ENTRY #213) 2022-04-19 13:27:14.453045 >> Object lightRound has been created!
(ENTRY #214) 2022-04-19 13:27:14.453045 >> Protectile #40 has been created! Type: Light
(ENTRY #215) 2022-04-19 13:27:14.453045 >> Projectile created! ID: #40
(ENTRY #216) 2022-04-19 13:27:14.453045 >> MOUSEPOS: (204.65372823016392, 79.73709875385434)
(ENTRY #217) 2022-04-19 13:27:14.453045 >> SLOPE CALC:None
(ENTRY #218) 2022-04-19 13:27:14.453045 >> LIN CALC FIN: 265.3462717698361
(ENTRY #219) 2022-04-19 13:27:14.453045 >> LIN CALC RAW: 634.6537282301639
(ENTRY #220) 2022-04-19 13:27:14.453045 >> Above!
(ENTRY #221) 2022-04-19 13:27:14.453045 >> Object lightRound has been created!
(ENTRY #222) 2022-04-19 13:27:14.453045 >> Protectile #42 has been created! Type: Light
(ENTRY #223) 2022-04-19 13:27:14.453045 >> Projectile created! ID: #42
(ENTRY #224) 2022-04-19 13:27:14.453045 >> MOUSEPOS: (197.65372823016392, 101.73709875385434)
(ENTRY #225) 2022-04-19 13:27:14.453045 >> SLOPE CALC:None
(ENTRY #226) 2022-04-19 13:27:14.453045 >> LIN CALC FIN: 342.3462717698361
(ENTRY #227) 2022-04-19 13:27:14.453045 >> LIN CALC RAW: 557.6537282301639
(ENTRY #228) 2022-04-19 13:27:14.453045 >> Above!
(ENTRY #229) 2022-04-19 13:27:14.453045 >> Object lightRound has been created!
(ENTRY #230) 2022-04-19 13:27:14.453045 >> Protectile #44 has been created! Type: Light
(ENTRY #231) 2022-04-19 13:27:14.453045 >> Projectile created! ID: #44
(ENTRY #232) 2022-04-19 13:27:14.467043 >> Projectile has hit!
(ENTRY #233) 2022-04-19 13:27:14.467043 >> Projectile removed!
(ENTRY #234) 2022-04-19 13:27:15.042044 >> Projectile removed!
(ENTRY #235) 2022-04-19 13:27:16.560044 >> Naval Warfare 2D Closed...
