Log for Naval Warfare 2D, intended for debugging purposes only! 

(ENTRY #1) 2022-03-10 12:08:37.924946 >> Initialized Log handler...
(ENTRY #2) 2022-03-10 12:08:38.761133 >> Initialized Warship handler...
(ENTRY #3) 2022-03-10 12:08:38.764134 >> Initialized Projectile handler...
(ENTRY #4) 2022-03-10 12:08:38.766133 >> Dumb-AI Entity created!
(ENTRY #5) 2022-03-10 12:08:38.767131 >> Dumb-AI Entity created!
(ENTRY #6) 2022-03-10 12:08:38.769132 >> Dumb-AI Entity created!
(ENTRY #7) 2022-03-10 12:08:38.771132 >> Dumb-AI Entity created!
(ENTRY #8) 2022-03-10 12:08:38.773130 >> Dumb-AI Entity created!
(ENTRY #9) 2022-03-10 12:08:38.774130 >> Dumb-AI Entity created!
(ENTRY #10) 2022-03-10 12:08:38.775130 >> Dumb-AI Entity created!
(ENTRY #11) 2022-03-10 12:08:38.783136 >> Dumb-AI Entity created!
(ENTRY #12) 2022-03-10 12:08:38.788130 >> Dumb-AI Entity created!
(ENTRY #13) 2022-03-10 12:08:38.797133 >> Dumb-AI Entity created!
(ENTRY #14) 2022-03-10 12:08:38.859165 >> Initialized GUI handler...
(ENTRY #15) 2022-03-10 12:08:38.860132 >> Starting Naval Warfare 2D...
(ENTRY #16) 2022-03-10 12:08:44.486428 >> Created Sprite for Player!
(ENTRY #17) 2022-03-10 12:08:44.486428 >> Finished initalizing!
(ENTRY #18) 2022-03-10 12:08:45.861092 >> Returning to menu!
(ENTRY #19) 2022-03-10 12:08:46.553963 >> Game resumed!
(ENTRY #20) 2022-03-10 12:08:46.566964 >> None
(ENTRY #21) 2022-03-10 12:08:46.566964 >> None
(ENTRY #22) 2022-03-10 12:08:46.566964 >> None
(ENTRY #23) 2022-03-10 12:08:46.566964 >> None
(ENTRY #24) 2022-03-10 12:08:46.566964 >> None
(ENTRY #25) 2022-03-10 12:08:46.566964 >> None
(ENTRY #26) 2022-03-10 12:08:46.567993 >> None
(ENTRY #27) 2022-03-10 12:08:46.567993 >> None
(ENTRY #28) 2022-03-10 12:08:46.567993 >> None
(ENTRY #29) 2022-03-10 12:08:46.567993 >> None
(ENTRY #30) 2022-03-10 12:08:46.574992 >> Cloud created! ID: #1
(ENTRY #31) 2022-03-10 12:08:46.574992 >> MOUSEPOS: (450.0, 449.75)
(ENTRY #32) 2022-03-10 12:08:46.574992 >> SLOPE CALC:None
(ENTRY #33) 2022-03-10 12:08:46.574992 >> Object lightRound has been created!
(ENTRY #34) 2022-03-10 12:08:46.575961 >> Protectile #2 has been created! Type: Light
(ENTRY #35) 2022-03-10 12:08:46.575961 >> Projectile created! ID: #2
(ENTRY #36) 2022-03-10 12:08:46.575961 >> MOUSEPOS: (450.0, 449.75)
(ENTRY #37) 2022-03-10 12:08:46.575961 >> SLOPE CALC:None
(ENTRY #38) 2022-03-10 12:08:46.575961 >> Object lightRound has been created!
(ENTRY #39) 2022-03-10 12:08:46.575961 >> Protectile #4 has been created! Type: Light
(ENTRY #40) 2022-03-10 12:08:46.575961 >> Projectile created! ID: #4
(ENTRY #41) 2022-03-10 12:08:46.575961 >> MOUSEPOS: (450.0, 449.75)
(ENTRY #42) 2022-03-10 12:08:46.575961 >> SLOPE CALC:None
(ENTRY #43) 2022-03-10 12:08:46.575961 >> Object lightRound has been created!
(ENTRY #44) 2022-03-10 12:08:46.576993 >> Protectile #6 has been created! Type: Light
(ENTRY #45) 2022-03-10 12:08:46.576993 >> Projectile created! ID: #6
(ENTRY #46) 2022-03-10 12:08:46.576993 >> MOUSEPOS: (450.0, 449.75)
(ENTRY #47) 2022-03-10 12:08:46.576993 >> SLOPE CALC:None
(ENTRY #48) 2022-03-10 12:08:46.576993 >> Object lightRound has been created!
(ENTRY #49) 2022-03-10 12:08:46.576993 >> Protectile #8 has been created! Type: Light
(ENTRY #50) 2022-03-10 12:08:46.577962 >> Projectile created! ID: #8
(ENTRY #51) 2022-03-10 12:08:46.577962 >> MOUSEPOS: (450.0, 449.75)
(ENTRY #52) 2022-03-10 12:08:46.577962 >> SLOPE CALC:None
(ENTRY #53) 2022-03-10 12:08:46.577962 >> Object lightRound has been created!
(ENTRY #54) 2022-03-10 12:08:46.577962 >> Protectile #10 has been created! Type: Light
(ENTRY #55) 2022-03-10 12:08:46.577962 >> Projectile created! ID: #10
(ENTRY #56) 2022-03-10 12:08:46.577962 >> MOUSEPOS: (450.0, 449.0)
(ENTRY #57) 2022-03-10 12:08:46.577962 >> SLOPE CALC:None
(ENTRY #58) 2022-03-10 12:08:46.577962 >> Object lightRound has been created!
(ENTRY #59) 2022-03-10 12:08:46.578960 >> Protectile #12 has been created! Type: Light
(ENTRY #60) 2022-03-10 12:08:46.578960 >> Projectile created! ID: #12
(ENTRY #61) 2022-03-10 12:08:46.578960 >> MOUSEPOS: (450.0, 449.0)
(ENTRY #62) 2022-03-10 12:08:46.578960 >> SLOPE CALC:None
(ENTRY #63) 2022-03-10 12:08:46.578960 >> Object lightRound has been created!
(ENTRY #64) 2022-03-10 12:08:46.578960 >> Protectile #14 has been created! Type: Light
(ENTRY #65) 2022-03-10 12:08:46.578960 >> Projectile created! ID: #14
(ENTRY #66) 2022-03-10 12:08:46.578960 >> MOUSEPOS: (450.0, 449.0)
(ENTRY #67) 2022-03-10 12:08:46.578960 >> SLOPE CALC:None
(ENTRY #68) 2022-03-10 12:08:46.578960 >> Object lightRound has been created!
(ENTRY #69) 2022-03-10 12:08:46.579993 >> Protectile #16 has been created! Type: Light
(ENTRY #70) 2022-03-10 12:08:46.579993 >> Projectile created! ID: #16
(ENTRY #71) 2022-03-10 12:08:46.579993 >> MOUSEPOS: (450.0, 449.0)
(ENTRY #72) 2022-03-10 12:08:46.579993 >> SLOPE CALC:None
(ENTRY #73) 2022-03-10 12:08:46.579993 >> Object lightRound has been created!
(ENTRY #74) 2022-03-10 12:08:46.579993 >> Protectile #18 has been created! Type: Light
(ENTRY #75) 2022-03-10 12:08:46.579993 >> Projectile created! ID: #18
(ENTRY #76) 2022-03-10 12:08:46.579993 >> MOUSEPOS: (450.0, 449.0)
(ENTRY #77) 2022-03-10 12:08:46.579993 >> SLOPE CALC:None
(ENTRY #78) 2022-03-10 12:08:46.579993 >> Object lightRound has been created!
(ENTRY #79) 2022-03-10 12:08:46.580993 >> Protectile #20 has been created! Type: Light
(ENTRY #80) 2022-03-10 12:08:46.580993 >> Projectile created! ID: #20
(ENTRY #81) 2022-03-10 12:08:46.580993 >> entity_1_0 and entity_1_1 have collided!
(ENTRY #82) 2022-03-10 12:08:46.580993 >> entity_1_0 and entity_1_2 have collided!
(ENTRY #83) 2022-03-10 12:08:46.580993 >> entity_1_0 and entity_1_3 have collided!
(ENTRY #84) 2022-03-10 12:08:46.580993 >> entity_1_0 and entity_1_4 have collided!
(ENTRY #85) 2022-03-10 12:08:46.580993 >> entity_1_0 and entity_2_0 have collided!
(ENTRY #86) 2022-03-10 12:08:46.580993 >> entity_1_0 and entity_2_1 have collided!
(ENTRY #87) 2022-03-10 12:08:46.580993 >> entity_1_0 and entity_2_2 have collided!
(ENTRY #88) 2022-03-10 12:08:46.580993 >> entity_1_0 and entity_2_3 have collided!
(ENTRY #89) 2022-03-10 12:08:46.580993 >> entity_1_0 and entity_2_4 have collided!
(ENTRY #90) 2022-03-10 12:08:46.580993 >> entity_1_1 and entity_1_0 have collided!
(ENTRY #91) 2022-03-10 12:08:46.580993 >> entity_1_1 and entity_1_2 have collided!
(ENTRY #92) 2022-03-10 12:08:46.580993 >> entity_1_1 and entity_1_3 have collided!
(ENTRY #93) 2022-03-10 12:08:46.580993 >> entity_1_1 and entity_1_4 have collided!
(ENTRY #94) 2022-03-10 12:08:46.580993 >> entity_1_1 and entity_2_0 have collided!
(ENTRY #95) 2022-03-10 12:08:46.580993 >> entity_1_1 and entity_2_1 have collided!
(ENTRY #96) 2022-03-10 12:08:46.580993 >> entity_1_1 and entity_2_2 have collided!
(ENTRY #97) 2022-03-10 12:08:46.580993 >> entity_1_1 and entity_2_3 have collided!
(ENTRY #98) 2022-03-10 12:08:46.580993 >> entity_1_1 and entity_2_4 have collided!
(ENTRY #99) 2022-03-10 12:08:46.580993 >> entity_1_2 and entity_1_0 have collided!
(ENTRY #100) 2022-03-10 12:08:46.580993 >> entity_1_2 and entity_1_1 have collided!
(ENTRY #101) 2022-03-10 12:08:46.580993 >> entity_1_2 and entity_1_3 have collided!
(ENTRY #102) 2022-03-10 12:08:46.580993 >> entity_1_2 and entity_1_4 have collided!
(ENTRY #103) 2022-03-10 12:08:46.580993 >> entity_1_2 and entity_2_0 have collided!
(ENTRY #104) 2022-03-10 12:08:46.580993 >> entity_1_2 and entity_2_1 have collided!
(ENTRY #105) 2022-03-10 12:08:46.580993 >> entity_1_2 and entity_2_2 have collided!
(ENTRY #106) 2022-03-10 12:08:46.580993 >> entity_1_2 and entity_2_3 have collided!
(ENTRY #107) 2022-03-10 12:08:46.580993 >> entity_1_2 and entity_2_4 have collided!
(ENTRY #108) 2022-03-10 12:08:46.580993 >> entity_1_3 and entity_1_0 have collided!
(ENTRY #109) 2022-03-10 12:08:46.580993 >> entity_1_3 and entity_1_1 have collided!
(ENTRY #110) 2022-03-10 12:08:46.580993 >> entity_1_3 and entity_1_2 have collided!
(ENTRY #111) 2022-03-10 12:08:46.580993 >> entity_1_3 and entity_1_4 have collided!
(ENTRY #112) 2022-03-10 12:08:46.580993 >> entity_1_3 and entity_2_0 have collided!
(ENTRY #113) 2022-03-10 12:08:46.580993 >> entity_1_3 and entity_2_1 have collided!
(ENTRY #114) 2022-03-10 12:08:46.580993 >> entity_1_3 and entity_2_2 have collided!
(ENTRY #115) 2022-03-10 12:08:46.580993 >> entity_1_3 and entity_2_3 have collided!
(ENTRY #116) 2022-03-10 12:08:46.580993 >> entity_1_3 and entity_2_4 have collided!
(ENTRY #117) 2022-03-10 12:08:46.580993 >> entity_1_4 and entity_1_0 have collided!
(ENTRY #118) 2022-03-10 12:08:46.580993 >> entity_1_4 and entity_1_1 have collided!
(ENTRY #119) 2022-03-10 12:08:46.580993 >> entity_1_4 and entity_1_2 have collided!
(ENTRY #120) 2022-03-10 12:08:46.580993 >> entity_1_4 and entity_1_3 have collided!
(ENTRY #121) 2022-03-10 12:08:46.580993 >> entity_1_4 and entity_2_0 have collided!
(ENTRY #122) 2022-03-10 12:08:46.580993 >> entity_1_4 and entity_2_1 have collided!
(ENTRY #123) 2022-03-10 12:08:46.580993 >> entity_1_4 and entity_2_2 have collided!
(ENTRY #124) 2022-03-10 12:08:46.580993 >> entity_1_4 and entity_2_3 have collided!
(ENTRY #125) 2022-03-10 12:08:46.580993 >> entity_1_4 and entity_2_4 have collided!
(ENTRY #126) 2022-03-10 12:08:46.580993 >> entity_2_0 and entity_1_0 have collided!
(ENTRY #127) 2022-03-10 12:08:46.580993 >> entity_2_0 and entity_1_1 have collided!
(ENTRY #128) 2022-03-10 12:08:46.580993 >> entity_2_0 and entity_1_2 have collided!
(ENTRY #129) 2022-03-10 12:08:46.580993 >> entity_2_0 and entity_1_3 have collided!
(ENTRY #130) 2022-03-10 12:08:46.580993 >> entity_2_0 and entity_1_4 have collided!
(ENTRY #131) 2022-03-10 12:08:46.581960 >> entity_2_0 and entity_2_1 have collided!
(ENTRY #132) 2022-03-10 12:08:46.581960 >> entity_2_0 and entity_2_2 have collided!
(ENTRY #133) 2022-03-10 12:08:46.581960 >> entity_2_0 and entity_2_3 have collided!
(ENTRY #134) 2022-03-10 12:08:46.581960 >> entity_2_0 and entity_2_4 have collided!
(ENTRY #135) 2022-03-10 12:08:46.581960 >> entity_2_1 and entity_1_0 have collided!
(ENTRY #136) 2022-03-10 12:08:46.581960 >> entity_2_1 and entity_1_1 have collided!
(ENTRY #137) 2022-03-10 12:08:46.581960 >> entity_2_1 and entity_1_2 have collided!
(ENTRY #138) 2022-03-10 12:08:46.581960 >> entity_2_1 and entity_1_3 have collided!
(ENTRY #139) 2022-03-10 12:08:46.581960 >> entity_2_1 and entity_1_4 have collided!
(ENTRY #140) 2022-03-10 12:08:46.581960 >> entity_2_1 and entity_2_0 have collided!
(ENTRY #141) 2022-03-10 12:08:46.581960 >> entity_2_1 and entity_2_2 have collided!
(ENTRY #142) 2022-03-10 12:08:46.581960 >> entity_2_1 and entity_2_3 have collided!
(ENTRY #143) 2022-03-10 12:08:46.581960 >> entity_2_1 and entity_2_4 have collided!
(ENTRY #144) 2022-03-10 12:08:46.581960 >> entity_2_2 and entity_1_0 have collided!
(ENTRY #145) 2022-03-10 12:08:46.581960 >> entity_2_2 and entity_1_1 have collided!
(ENTRY #146) 2022-03-10 12:08:46.581960 >> entity_2_2 and entity_1_2 have collided!
(ENTRY #147) 2022-03-10 12:08:46.581960 >> entity_2_2 and entity_1_3 have collided!
(ENTRY #148) 2022-03-10 12:08:46.581960 >> entity_2_2 and entity_1_4 have collided!
(ENTRY #149) 2022-03-10 12:08:46.581960 >> entity_2_2 and entity_2_0 have collided!
(ENTRY #150) 2022-03-10 12:08:46.581960 >> entity_2_2 and entity_2_1 have collided!
(ENTRY #151) 2022-03-10 12:08:46.581960 >> entity_2_2 and entity_2_3 have collided!
(ENTRY #152) 2022-03-10 12:08:46.581960 >> entity_2_2 and entity_2_4 have collided!
(ENTRY #153) 2022-03-10 12:08:46.581960 >> entity_2_3 and entity_1_0 have collided!
(ENTRY #154) 2022-03-10 12:08:46.581960 >> entity_2_3 and entity_1_1 have collided!
(ENTRY #155) 2022-03-10 12:08:46.581960 >> entity_2_3 and entity_1_2 have collided!
(ENTRY #156) 2022-03-10 12:08:46.581960 >> entity_2_3 and entity_1_3 have collided!
(ENTRY #157) 2022-03-10 12:08:46.581960 >> entity_2_3 and entity_1_4 have collided!
(ENTRY #158) 2022-03-10 12:08:46.581960 >> entity_2_3 and entity_2_0 have collided!
(ENTRY #159) 2022-03-10 12:08:46.581960 >> entity_2_3 and entity_2_1 have collided!
(ENTRY #160) 2022-03-10 12:08:46.581960 >> entity_2_3 and entity_2_2 have collided!
(ENTRY #161) 2022-03-10 12:08:46.581960 >> entity_2_3 and entity_2_4 have collided!
(ENTRY #162) 2022-03-10 12:08:46.581960 >> entity_2_4 and entity_1_0 have collided!
(ENTRY #163) 2022-03-10 12:08:46.581960 >> entity_2_4 and entity_1_1 have collided!
(ENTRY #164) 2022-03-10 12:08:46.581960 >> entity_2_4 and entity_1_2 have collided!
(ENTRY #165) 2022-03-10 12:08:46.581960 >> entity_2_4 and entity_1_3 have collided!
(ENTRY #166) 2022-03-10 12:08:46.581960 >> entity_2_4 and entity_1_4 have collided!
(ENTRY #167) 2022-03-10 12:08:46.581960 >> entity_2_4 and entity_2_0 have collided!
(ENTRY #168) 2022-03-10 12:08:46.581960 >> entity_2_4 and entity_2_1 have collided!
(ENTRY #169) 2022-03-10 12:08:46.581960 >> entity_2_4 and entity_2_2 have collided!
(ENTRY #170) 2022-03-10 12:08:46.581960 >> entity_2_4 and entity_2_3 have collided!
(ENTRY #171) 2022-03-10 12:08:46.581960 >> Projectile has hit!
(ENTRY #172) 2022-03-10 12:08:46.581960 >> Projectile has hit!
(ENTRY #173) 2022-03-10 12:08:46.581960 >> Projectile has hit!
(ENTRY #174) 2022-03-10 12:08:46.581960 >> Projectile has hit!
(ENTRY #175) 2022-03-10 12:08:46.581960 >> Projectile has hit!
(ENTRY #176) 2022-03-10 12:08:46.581960 >> Projectile has hit!
(ENTRY #177) 2022-03-10 12:08:46.581960 >> Projectile has hit!
(ENTRY #178) 2022-03-10 12:08:46.581960 >> Projectile has hit!
(ENTRY #179) 2022-03-10 12:08:46.581960 >> Projectile has hit!
(ENTRY #180) 2022-03-10 12:08:46.581960 >> Projectile has hit!
(ENTRY #181) 2022-03-10 12:08:46.581960 >> Projectile has hit!
(ENTRY #182) 2022-03-10 12:08:46.581960 >> Projectile has hit!
(ENTRY #183) 2022-03-10 12:08:46.581960 >> Projectile has hit!
(ENTRY #184) 2022-03-10 12:08:46.581960 >> Projectile has hit!
(ENTRY #185) 2022-03-10 12:08:46.581960 >> Projectile has hit!
(ENTRY #186) 2022-03-10 12:08:46.581960 >> Projectile has hit!
(ENTRY #187) 2022-03-10 12:08:46.581960 >> Projectile has hit!
(ENTRY #188) 2022-03-10 12:08:46.581960 >> Projectile has hit!
(ENTRY #189) 2022-03-10 12:08:46.581960 >> Projectile has hit!
(ENTRY #190) 2022-03-10 12:08:46.581960 >> Projectile has hit!
(ENTRY #191) 2022-03-10 12:08:46.581960 >> Projectile has hit!
(ENTRY #192) 2022-03-10 12:08:46.581960 >> Projectile has hit!
(ENTRY #193) 2022-03-10 12:08:46.581960 >> Projectile has hit!
(ENTRY #194) 2022-03-10 12:08:46.581960 >> Projectile has hit!
(ENTRY #195) 2022-03-10 12:08:46.581960 >> Projectile has hit!
(ENTRY #196) 2022-03-10 12:08:46.581960 >> Projectile has hit!
(ENTRY #197) 2022-03-10 12:08:46.581960 >> Projectile has hit!
(ENTRY #198) 2022-03-10 12:08:46.581960 >> Projectile has hit!
(ENTRY #199) 2022-03-10 12:08:46.581960 >> Projectile has hit!
(ENTRY #200) 2022-03-10 12:08:46.581960 >> Projectile has hit!
(ENTRY #201) 2022-03-10 12:08:46.581960 >> Projectile has hit!
(ENTRY #202) 2022-03-10 12:08:46.581960 >> Projectile has hit!
(ENTRY #203) 2022-03-10 12:08:46.581960 >> Projectile has hit!
(ENTRY #204) 2022-03-10 12:08:46.581960 >> Projectile has hit!
(ENTRY #205) 2022-03-10 12:08:46.581960 >> Projectile has hit!
(ENTRY #206) 2022-03-10 12:08:46.581960 >> Projectile has hit!
(ENTRY #207) 2022-03-10 12:08:46.581960 >> Projectile has hit!
(ENTRY #208) 2022-03-10 12:08:46.581960 >> Projectile has hit!
(ENTRY #209) 2022-03-10 12:08:46.581960 >> Projectile has hit!
(ENTRY #210) 2022-03-10 12:08:46.581960 >> Projectile has hit!
(ENTRY #211) 2022-03-10 12:08:46.581960 >> Projectile has hit!
(ENTRY #212) 2022-03-10 12:08:46.581960 >> Projectile has hit!
(ENTRY #213) 2022-03-10 12:08:46.581960 >> Projectile has hit!
(ENTRY #214) 2022-03-10 12:08:46.581960 >> Projectile has hit!
(ENTRY #215) 2022-03-10 12:08:46.581960 >> Projectile has hit!
(ENTRY #216) 2022-03-10 12:08:46.582965 >> Projectile has hit!
(ENTRY #217) 2022-03-10 12:08:46.582965 >> Projectile has hit!
(ENTRY #218) 2022-03-10 12:08:46.582965 >> Projectile has hit!
(ENTRY #219) 2022-03-10 12:08:46.582965 >> Projectile has hit!
(ENTRY #220) 2022-03-10 12:08:46.582965 >> Projectile has hit!
(ENTRY #221) 2022-03-10 12:08:46.582965 >> Projectile has hit!
(ENTRY #222) 2022-03-10 12:08:46.582965 >> Projectile has hit!
(ENTRY #223) 2022-03-10 12:08:46.582965 >> Projectile has hit!
(ENTRY #224) 2022-03-10 12:08:46.582965 >> Projectile has hit!
(ENTRY #225) 2022-03-10 12:08:46.582965 >> Projectile has hit!
(ENTRY #226) 2022-03-10 12:08:46.582965 >> Projectile has hit!
(ENTRY #227) 2022-03-10 12:08:46.582965 >> Projectile has hit!
(ENTRY #228) 2022-03-10 12:08:46.582965 >> Projectile has hit!
(ENTRY #229) 2022-03-10 12:08:46.582965 >> Projectile has hit!
(ENTRY #230) 2022-03-10 12:08:46.582965 >> Projectile has hit!
(ENTRY #231) 2022-03-10 12:08:46.582965 >> Projectile has hit!
(ENTRY #232) 2022-03-10 12:08:46.582965 >> Projectile has hit!
(ENTRY #233) 2022-03-10 12:08:46.582965 >> Projectile has hit!
(ENTRY #234) 2022-03-10 12:08:46.582965 >> Projectile has hit!
(ENTRY #235) 2022-03-10 12:08:46.582965 >> Projectile has hit!
(ENTRY #236) 2022-03-10 12:08:46.582965 >> Projectile has hit!
(ENTRY #237) 2022-03-10 12:08:46.582965 >> Projectile has hit!
(ENTRY #238) 2022-03-10 12:08:46.582965 >> Projectile has hit!
(ENTRY #239) 2022-03-10 12:08:46.582965 >> Projectile has hit!
(ENTRY #240) 2022-03-10 12:08:46.582965 >> Projectile has hit!
(ENTRY #241) 2022-03-10 12:08:46.582965 >> Projectile has hit!
(ENTRY #242) 2022-03-10 12:08:46.582965 >> Projectile has hit!
(ENTRY #243) 2022-03-10 12:08:46.582965 >> Projectile has hit!
(ENTRY #244) 2022-03-10 12:08:46.582965 >> Projectile has hit!
(ENTRY #245) 2022-03-10 12:08:46.582965 >> Projectile has hit!
(ENTRY #246) 2022-03-10 12:08:46.582965 >> Projectile has hit!
(ENTRY #247) 2022-03-10 12:08:46.582965 >> Projectile has hit!
(ENTRY #248) 2022-03-10 12:08:46.582965 >> Projectile has hit!
(ENTRY #249) 2022-03-10 12:08:46.582965 >> Projectile has hit!
(ENTRY #250) 2022-03-10 12:08:46.582965 >> Projectile has hit!
(ENTRY #251) 2022-03-10 12:08:46.582965 >> Projectile has hit!
(ENTRY #252) 2022-03-10 12:08:46.582965 >> Projectile has hit!
(ENTRY #253) 2022-03-10 12:08:46.582965 >> Projectile has hit!
(ENTRY #254) 2022-03-10 12:08:46.582965 >> Projectile has hit!
(ENTRY #255) 2022-03-10 12:08:46.582965 >> Projectile has hit!
(ENTRY #256) 2022-03-10 12:08:46.582965 >> Projectile has hit!
(ENTRY #257) 2022-03-10 12:08:46.582965 >> Projectile has hit!
(ENTRY #258) 2022-03-10 12:08:46.582965 >> Projectile has hit!
(ENTRY #259) 2022-03-10 12:08:46.582965 >> Projectile has hit!
(ENTRY #260) 2022-03-10 12:08:46.582965 >> Projectile has hit!
(ENTRY #261) 2022-03-10 12:08:46.582965 >> Projectile removed!
(ENTRY #262) 2022-03-10 12:08:46.582965 >> Projectile removed!
(ENTRY #263) 2022-03-10 12:08:46.582965 >> Projectile removed!
(ENTRY #264) 2022-03-10 12:08:46.582965 >> Projectile removed!
(ENTRY #265) 2022-03-10 12:08:46.582965 >> Projectile removed!
(ENTRY #266) 2022-03-10 12:08:46.582965 >> Projectile removed!
(ENTRY #267) 2022-03-10 12:08:46.582965 >> Projectile removed!
(ENTRY #268) 2022-03-10 12:08:46.582965 >> Projectile removed!
(ENTRY #269) 2022-03-10 12:08:46.582965 >> Projectile removed!
(ENTRY #270) 2022-03-10 12:08:46.582965 >> Projectile removed!
(ENTRY #271) 2022-03-10 12:08:47.600779 >> Cloud created! ID: #2
(ENTRY #272) 2022-03-10 12:08:48.643527 >> Cloud created! ID: #3
(ENTRY #273) 2022-03-10 12:08:49.697218 >> Cloud created! ID: #4
(ENTRY #274) 2022-03-10 12:08:50.835951 >> Cloud created! ID: #5
(ENTRY #275) 2022-03-10 12:08:51.851873 >> Cloud created! ID: #6
(ENTRY #276) 2022-03-10 12:08:52.893769 >> Cloud created! ID: #7
(ENTRY #277) 2022-03-10 12:08:54.023073 >> Cloud created! ID: #8
(ENTRY #278) 2022-03-10 12:08:55.029488 >> Cloud created! ID: #9
(ENTRY #279) 2022-03-10 12:08:56.036119 >> Cloud created! ID: #10
(ENTRY #280) 2022-03-10 12:08:57.220318 >> Cloud created! ID: #11
(ENTRY #281) 2022-03-10 12:08:58.414675 >> Cloud created! ID: #12
(ENTRY #282) 2022-03-10 12:08:59.419220 >> Cloud created! ID: #13
(ENTRY #283) 2022-03-10 12:09:00.431017 >> Cloud created! ID: #14
(ENTRY #284) 2022-03-10 12:09:01.281265 >> Cloud removed! ID: #14
(ENTRY #285) 2022-03-10 12:09:01.727332 >> Cloud created! ID: #15
(ENTRY #286) 2022-03-10 12:09:02.322009 >> Cloud removed! ID: #15
(ENTRY #287) 2022-03-10 12:09:02.744252 >> Cloud created! ID: #16
(ENTRY #288) 2022-03-10 12:09:03.391625 >> Cloud removed! ID: #16
(ENTRY #289) 2022-03-10 12:09:03.751064 >> Cloud created! ID: #17
(ENTRY #290) 2022-03-10 12:09:04.447175 >> Cloud removed! ID: #17
(ENTRY #291) 2022-03-10 12:09:04.925388 >> Cloud created! ID: #18
(ENTRY #292) 2022-03-10 12:09:05.612199 >> Cloud removed! ID: #18
(ENTRY #293) 2022-03-10 12:09:06.000573 >> Cloud created! ID: #19
(ENTRY #294) 2022-03-10 12:09:06.634731 >> Cloud removed! ID: #19
(ENTRY #295) 2022-03-10 12:09:07.012078 >> Cloud created! ID: #20
(ENTRY #296) 2022-03-10 12:09:07.693231 >> Cloud removed! ID: #20
(ENTRY #297) 2022-03-10 12:09:08.020507 >> Cloud created! ID: #21
(ENTRY #298) 2022-03-10 12:09:08.832574 >> Cloud removed! ID: #21
(ENTRY #299) 2022-03-10 12:09:09.051266 >> Cloud created! ID: #22
(ENTRY #300) 2022-03-10 12:09:09.843110 >> Cloud removed! ID: #22
(ENTRY #301) 2022-03-10 12:09:10.058269 >> Cloud created! ID: #23
(ENTRY #302) 2022-03-10 12:09:10.861834 >> Cloud removed! ID: #23
(ENTRY #303) 2022-03-10 12:09:11.106146 >> Cloud created! ID: #24
(ENTRY #304) 2022-03-10 12:09:12.053068 >> Cloud removed! ID: #24
(ENTRY #305) 2022-03-10 12:09:12.174128 >> Cloud created! ID: #25
(ENTRY #306) 2022-03-10 12:09:13.247507 >> Cloud created! ID: #26
(ENTRY #307) 2022-03-10 12:09:13.248507 >> Cloud removed! ID: #26
(ENTRY #308) 2022-03-10 12:09:14.275858 >> Cloud removed! ID: #26
(ENTRY #309) 2022-03-10 12:09:14.289862 >> Cloud created! ID: #27
(ENTRY #310) 2022-03-10 12:09:15.311854 >> Cloud removed! ID: #27
(ENTRY #311) 2022-03-10 12:09:15.354882 >> Cloud created! ID: #28
(ENTRY #312) 2022-03-10 12:09:16.506713 >> Cloud created! ID: #29
(ENTRY #313) 2022-03-10 12:09:16.619726 >> Cloud removed! ID: #29
(ENTRY #314) 2022-03-10 12:09:17.590054 >> Cloud created! ID: #30
(ENTRY #315) 2022-03-10 12:09:17.646482 >> Cloud removed! ID: #30
(ENTRY #316) 2022-03-10 12:09:18.664901 >> Cloud removed! ID: #30
(ENTRY #317) 2022-03-10 12:09:18.706172 >> Cloud created! ID: #31
(ENTRY #318) 2022-03-10 12:09:19.720779 >> Cloud created! ID: #32
(ENTRY #319) 2022-03-10 12:09:19.855054 >> Cloud removed! ID: #32
(ENTRY #320) 2022-03-10 12:09:20.801644 >> Cloud created! ID: #33
(ENTRY #321) 2022-03-10 12:09:20.942754 >> Cloud removed! ID: #33
(ENTRY #322) 2022-03-10 12:09:21.828339 >> Cloud created! ID: #34
(ENTRY #323) 2022-03-10 12:09:21.964147 >> Cloud removed! ID: #34
(ENTRY #324) 2022-03-10 12:09:22.953189 >> Cloud created! ID: #35
(ENTRY #325) 2022-03-10 12:09:22.966183 >> Cloud removed! ID: #35
(ENTRY #326) 2022-03-10 12:09:23.980032 >> Cloud created! ID: #36
(ENTRY #327) 2022-03-10 12:09:23.994222 >> Cloud removed! ID: #36
(ENTRY #328) 2022-03-10 12:09:25.002531 >> Cloud removed! ID: #36
(ENTRY #329) 2022-03-10 12:09:25.043019 >> Cloud created! ID: #37
(ENTRY #330) 2022-03-10 12:09:26.047709 >> Cloud created! ID: #38
(ENTRY #331) 2022-03-10 12:09:26.048709 >> Cloud removed! ID: #38
(ENTRY #332) 2022-03-10 12:09:27.106103 >> Cloud created! ID: #39
(ENTRY #333) 2022-03-10 12:09:27.120108 >> Cloud removed! ID: #39
(ENTRY #334) 2022-03-10 12:09:28.114022 >> Cloud created! ID: #40
(ENTRY #335) 2022-03-10 12:09:28.183142 >> Cloud removed! ID: #40
(ENTRY #336) 2022-03-10 12:09:29.196426 >> Cloud created! ID: #41
(ENTRY #337) 2022-03-10 12:09:29.211427 >> Cloud removed! ID: #41
(ENTRY #338) 2022-03-10 12:09:30.243182 >> Cloud created! ID: #42
(ENTRY #339) 2022-03-10 12:09:30.257187 >> Cloud removed! ID: #42
(ENTRY #340) 2022-03-10 12:09:31.299264 >> Cloud created! ID: #43
(ENTRY #341) 2022-03-10 12:09:31.405839 >> Cloud removed! ID: #43
(ENTRY #342) 2022-03-10 12:09:32.321785 >> Cloud created! ID: #44
(ENTRY #343) 2022-03-10 12:09:32.483159 >> Cloud removed! ID: #44
(ENTRY #344) 2022-03-10 12:09:33.439641 >> Cloud created! ID: #45
(ENTRY #345) 2022-03-10 12:09:33.584718 >> Cloud removed! ID: #45
(ENTRY #346) 2022-03-10 12:09:34.451030 >> Cloud created! ID: #46
(ENTRY #347) 2022-03-10 12:09:34.574391 >> Cloud removed! ID: #46
(ENTRY #348) 2022-03-10 12:09:35.513913 >> Cloud created! ID: #47
(ENTRY #349) 2022-03-10 12:09:35.662919 >> Cloud removed! ID: #47
(ENTRY #350) 2022-03-10 12:09:36.514439 >> Cloud created! ID: #48
(ENTRY #351) 2022-03-10 12:09:36.683476 >> Cloud removed! ID: #48
(ENTRY #352) 2022-03-10 12:09:37.612894 >> Cloud created! ID: #49
(ENTRY #353) 2022-03-10 12:09:37.807962 >> Cloud removed! ID: #49
(ENTRY #354) 2022-03-10 12:09:38.743171 >> Cloud created! ID: #50
(ENTRY #355) 2022-03-10 12:09:38.842362 >> Cloud removed! ID: #50
(ENTRY #356) 2022-03-10 12:09:39.756434 >> Cloud created! ID: #51
(ENTRY #357) 2022-03-10 12:09:39.934169 >> Cloud removed! ID: #51
(ENTRY #358) 2022-03-10 12:09:40.772617 >> Cloud created! ID: #52
(ENTRY #359) 2022-03-10 12:09:40.939209 >> Cloud removed! ID: #52
(ENTRY #360) 2022-03-10 12:09:41.786273 >> Cloud created! ID: #53
(ENTRY #361) 2022-03-10 12:09:42.022201 >> Cloud removed! ID: #53
(ENTRY #362) 2022-03-10 12:09:42.796215 >> Cloud created! ID: #54
(ENTRY #363) 2022-03-10 12:09:43.076855 >> Cloud removed! ID: #54
(ENTRY #364) 2022-03-10 12:09:43.814265 >> Cloud created! ID: #55
(ENTRY #365) 2022-03-10 12:09:44.166163 >> Cloud removed! ID: #55
(ENTRY #366) 2022-03-10 12:09:44.886914 >> Cloud created! ID: #56
(ENTRY #367) 2022-03-10 12:09:45.228001 >> Cloud removed! ID: #56
(ENTRY #368) 2022-03-10 12:09:45.903705 >> Cloud created! ID: #57
(ENTRY #369) 2022-03-10 12:09:46.298428 >> Cloud removed! ID: #57
(ENTRY #370) 2022-03-10 12:09:46.938401 >> Cloud created! ID: #58
(ENTRY #371) 2022-03-10 12:09:47.315357 >> Cloud removed! ID: #58
(ENTRY #372) 2022-03-10 12:09:47.958984 >> Cloud created! ID: #59
(ENTRY #373) 2022-03-10 12:09:48.451958 >> Cloud removed! ID: #59
(ENTRY #374) 2022-03-10 12:09:49.115376 >> Cloud created! ID: #60
(ENTRY #375) 2022-03-10 12:09:49.489703 >> Cloud removed! ID: #60
(ENTRY #376) 2022-03-10 12:09:50.144269 >> Cloud created! ID: #61
(ENTRY #377) 2022-03-10 12:09:50.555117 >> Cloud removed! ID: #61
(ENTRY #378) 2022-03-10 12:09:51.156993 >> Cloud created! ID: #62
(ENTRY #379) 2022-03-10 12:09:51.561602 >> Cloud removed! ID: #62
(ENTRY #380) 2022-03-10 12:09:52.185692 >> Cloud created! ID: #63
(ENTRY #381) 2022-03-10 12:09:52.665052 >> Cloud removed! ID: #63
(ENTRY #382) 2022-03-10 12:09:53.286208 >> Cloud created! ID: #64
(ENTRY #383) 2022-03-10 12:09:53.802247 >> Cloud removed! ID: #64
(ENTRY #384) 2022-03-10 12:09:54.297104 >> Cloud created! ID: #65
(ENTRY #385) 2022-03-10 12:09:54.784308 >> Cloud removed! ID: #65
(ENTRY #386) 2022-03-10 12:09:55.405386 >> Cloud created! ID: #66
(ENTRY #387) 2022-03-10 12:09:55.799038 >> Cloud removed! ID: #66
(ENTRY #388) 2022-03-10 12:09:56.432167 >> Cloud created! ID: #67
(ENTRY #389) 2022-03-10 12:09:56.789217 >> Cloud removed! ID: #67
(ENTRY #390) 2022-03-10 12:09:57.433928 >> Cloud created! ID: #68
(ENTRY #391) 2022-03-10 12:09:57.766595 >> Cloud removed! ID: #68
(ENTRY #392) 2022-03-10 12:09:58.457430 >> Cloud created! ID: #69
(ENTRY #393) 2022-03-10 12:09:58.772243 >> Cloud removed! ID: #69
(ENTRY #394) 2022-03-10 12:09:59.468848 >> Cloud created! ID: #70
(ENTRY #395) 2022-03-10 12:09:59.856215 >> Cloud removed! ID: #70
(ENTRY #396) 2022-03-10 12:10:00.504373 >> Cloud created! ID: #71
(ENTRY #397) 2022-03-10 12:10:00.860631 >> Cloud removed! ID: #71
(ENTRY #398) 2022-03-10 12:10:01.568561 >> Cloud created! ID: #72
(ENTRY #399) 2022-03-10 12:10:01.907528 >> Cloud removed! ID: #72
(ENTRY #400) 2022-03-10 12:10:02.631466 >> Cloud created! ID: #73
(ENTRY #401) 2022-03-10 12:10:02.923416 >> Cloud removed! ID: #73
(ENTRY #402) 2022-03-10 12:10:03.659920 >> Cloud created! ID: #74
(ENTRY #403) 2022-03-10 12:10:04.047453 >> Cloud removed! ID: #74
(ENTRY #404) 2022-03-10 12:10:04.730235 >> Cloud created! ID: #75
(ENTRY #405) 2022-03-10 12:10:05.076220 >> Cloud removed! ID: #75
(ENTRY #406) 2022-03-10 12:10:05.740393 >> Cloud created! ID: #76
(ENTRY #407) 2022-03-10 12:10:06.077246 >> Cloud removed! ID: #76
(ENTRY #408) 2022-03-10 12:10:06.790872 >> Cloud created! ID: #77
(ENTRY #409) 2022-03-10 12:10:07.107014 >> Cloud removed! ID: #77
(ENTRY #410) 2022-03-10 12:10:07.854116 >> Cloud created! ID: #78
(ENTRY #411) 2022-03-10 12:10:08.170736 >> Cloud removed! ID: #78
(ENTRY #412) 2022-03-10 12:10:08.856894 >> Cloud created! ID: #79
(ENTRY #413) 2022-03-10 12:10:09.180855 >> Cloud removed! ID: #79
(ENTRY #414) 2022-03-10 12:10:09.877240 >> Cloud created! ID: #80
(ENTRY #415) 2022-03-10 12:10:10.270966 >> Cloud removed! ID: #80
(ENTRY #416) 2022-03-10 12:10:10.918159 >> Cloud created! ID: #81
(ENTRY #417) 2022-03-10 12:10:11.302303 >> Cloud removed! ID: #81
(ENTRY #418) 2022-03-10 12:10:11.924035 >> Cloud created! ID: #82
(ENTRY #419) 2022-03-10 12:10:12.298919 >> Cloud removed! ID: #82
(ENTRY #420) 2022-03-10 12:10:13.007202 >> Cloud created! ID: #83
(ENTRY #421) 2022-03-10 12:10:13.320566 >> Cloud removed! ID: #83
(ENTRY #422) 2022-03-10 12:10:14.192399 >> Cloud created! ID: #84
(ENTRY #423) 2022-03-10 12:10:14.327450 >> Cloud removed! ID: #84
(ENTRY #424) 2022-03-10 12:10:15.200422 >> Cloud created! ID: #85
(ENTRY #425) 2022-03-10 12:10:15.363219 >> Cloud removed! ID: #85
(ENTRY #426) 2022-03-10 12:10:16.247852 >> Cloud created! ID: #86
(ENTRY #427) 2022-03-10 12:10:16.408351 >> Cloud removed! ID: #86
(ENTRY #428) 2022-03-10 12:10:17.281407 >> Cloud created! ID: #87
(ENTRY #429) 2022-03-10 12:10:17.484544 >> Cloud removed! ID: #87
(ENTRY #430) 2022-03-10 12:10:18.508405 >> Cloud removed! ID: #87
(ENTRY #431) 2022-03-10 12:10:18.521436 >> Cloud created! ID: #88
(ENTRY #432) 2022-03-10 12:10:19.541020 >> Cloud created! ID: #89
(ENTRY #433) 2022-03-10 12:10:19.595651 >> Cloud removed! ID: #89
(ENTRY #434) 2022-03-10 12:10:20.608234 >> Cloud removed! ID: #89
(ENTRY #435) 2022-03-10 12:10:20.661016 >> Cloud created! ID: #90
(ENTRY #436) 2022-03-10 12:10:21.683298 >> Cloud removed! ID: #90
(ENTRY #437) 2022-03-10 12:10:21.709302 >> Cloud created! ID: #91
(ENTRY #438) 2022-03-10 12:10:22.717974 >> Cloud created! ID: #92
(ENTRY #439) 2022-03-10 12:10:22.758968 >> Cloud removed! ID: #92
(ENTRY #440) 2022-03-10 12:10:23.723681 >> Cloud created! ID: #93
(ENTRY #441) 2022-03-10 12:10:23.779684 >> Cloud removed! ID: #93
(ENTRY #442) 2022-03-10 12:10:24.728061 >> Cloud created! ID: #94
(ENTRY #443) 2022-03-10 12:10:24.812443 >> Cloud removed! ID: #94
(ENTRY #444) 2022-03-10 12:10:25.837172 >> Cloud created! ID: #95
(ENTRY #445) 2022-03-10 12:10:25.891171 >> Cloud removed! ID: #95
(ENTRY #446) 2022-03-10 12:10:26.877795 >> Cloud created! ID: #96
(ENTRY #447) 2022-03-10 12:10:26.890794 >> Cloud removed! ID: #96
(ENTRY #448) 2022-03-10 12:10:27.920957 >> Cloud created! ID: #97
(ENTRY #449) 2022-03-10 12:10:27.991959 >> Cloud removed! ID: #97
(ENTRY #450) 2022-03-10 12:10:29.035898 >> Cloud created! ID: #98
(ENTRY #451) 2022-03-10 12:10:29.175230 >> Cloud removed! ID: #98
(ENTRY #452) 2022-03-10 12:10:30.069534 >> Cloud created! ID: #99
(ENTRY #453) 2022-03-10 12:10:30.179537 >> Cloud removed! ID: #99
(ENTRY #454) 2022-03-10 12:10:31.088348 >> Cloud created! ID: #100
(ENTRY #455) 2022-03-10 12:10:31.224669 >> Cloud removed! ID: #100
(ENTRY #456) 2022-03-10 12:10:32.145970 >> Cloud created! ID: #101
(ENTRY #457) 2022-03-10 12:10:32.251322 >> Cloud removed! ID: #101
(ENTRY #458) 2022-03-10 12:10:33.196435 >> Cloud created! ID: #102
(ENTRY #459) 2022-03-10 12:10:33.486524 >> Cloud removed! ID: #102
(ENTRY #460) 2022-03-10 12:10:34.359983 >> Cloud created! ID: #103
(ENTRY #461) 2022-03-10 12:10:34.500539 >> Cloud removed! ID: #103
(ENTRY #462) 2022-03-10 12:10:35.496528 >> Cloud created! ID: #104
(ENTRY #463) 2022-03-10 12:10:35.617947 >> Cloud removed! ID: #104
(ENTRY #464) 2022-03-10 12:10:36.535550 >> Cloud created! ID: #105
(ENTRY #465) 2022-03-10 12:10:36.642146 >> Cloud removed! ID: #105
(ENTRY #466) 2022-03-10 12:10:37.579008 >> Cloud created! ID: #106
(ENTRY #467) 2022-03-10 12:10:37.647012 >> Cloud removed! ID: #106
(ENTRY #468) 2022-03-10 12:10:38.658579 >> Cloud removed! ID: #106
(ENTRY #469) 2022-03-10 12:10:38.741013 >> Cloud created! ID: #107
(ENTRY #470) 2022-03-10 12:10:39.672572 >> Cloud removed! ID: #107
(ENTRY #471) 2022-03-10 12:10:39.768606 >> Cloud created! ID: #108
(ENTRY #472) 2022-03-10 12:10:40.753988 >> Cloud removed! ID: #108
(ENTRY #473) 2022-03-10 12:10:40.836736 >> Cloud created! ID: #109
(ENTRY #474) 2022-03-10 12:10:41.805892 >> Cloud removed! ID: #109
(ENTRY #475) 2022-03-10 12:10:41.994701 >> Cloud created! ID: #110
(ENTRY #476) 2022-03-10 12:10:42.829172 >> Cloud removed! ID: #110
(ENTRY #477) 2022-03-10 12:10:43.023564 >> Cloud created! ID: #111
(ENTRY #478) 2022-03-10 12:10:43.928057 >> Cloud removed! ID: #111
(ENTRY #479) 2022-03-10 12:10:44.049141 >> Cloud created! ID: #112
(ENTRY #480) 2022-03-10 12:10:44.946313 >> Cloud removed! ID: #112
(ENTRY #481) 2022-03-10 12:10:45.097739 >> Cloud created! ID: #113
(ENTRY #482) 2022-03-10 12:10:45.964312 >> Cloud removed! ID: #113
(ENTRY #483) 2022-03-10 12:10:46.112870 >> Cloud created! ID: #114
(ENTRY #484) 2022-03-10 12:10:47.014090 >> Cloud removed! ID: #114
(ENTRY #485) 2022-03-10 12:10:47.202093 >> Cloud created! ID: #115
(ENTRY #486) 2022-03-10 12:10:48.049453 >> Cloud removed! ID: #115
(ENTRY #487) 2022-03-10 12:10:48.210710 >> Cloud created! ID: #116
(ENTRY #488) 2022-03-10 12:10:49.227233 >> Cloud removed! ID: #116
(ENTRY #489) 2022-03-10 12:10:49.294005 >> Cloud created! ID: #117
(ENTRY #490) 2022-03-10 12:10:50.350275 >> Cloud removed! ID: #117
(ENTRY #491) 2022-03-10 12:10:50.417161 >> Cloud created! ID: #118
(ENTRY #492) 2022-03-10 12:10:51.389309 >> Cloud removed! ID: #118
(ENTRY #493) 2022-03-10 12:10:51.637157 >> Cloud created! ID: #119
(ENTRY #494) 2022-03-10 12:10:52.436471 >> Cloud removed! ID: #119
(ENTRY #495) 2022-03-10 12:10:52.668540 >> Cloud created! ID: #120
(ENTRY #496) 2022-03-10 12:10:53.597518 >> Cloud removed! ID: #120
(ENTRY #497) 2022-03-10 12:10:53.708614 >> Cloud created! ID: #121
(ENTRY #498) 2022-03-10 12:10:54.613130 >> Cloud removed! ID: #121
(ENTRY #499) 2022-03-10 12:10:54.776992 >> Cloud created! ID: #122
(ENTRY #500) 2022-03-10 12:10:55.687191 >> Cloud removed! ID: #122
(ENTRY #501) 2022-03-10 12:10:55.800188 >> Cloud created! ID: #123
(ENTRY #502) 2022-03-10 12:10:56.802640 >> Cloud created! ID: #124
(ENTRY #503) 2022-03-10 12:10:56.845641 >> Cloud removed! ID: #124
(ENTRY #504) 2022-03-10 12:10:57.805762 >> Cloud created! ID: #125
(ENTRY #505) 2022-03-10 12:10:57.888765 >> Cloud removed! ID: #125
(ENTRY #506) 2022-03-10 12:10:58.864793 >> Cloud created! ID: #126
(ENTRY #507) 2022-03-10 12:10:58.935642 >> Cloud removed! ID: #126
(ENTRY #508) 2022-03-10 12:10:59.872653 >> Cloud created! ID: #127
(ENTRY #509) 2022-03-10 12:11:00.009391 >> Cloud removed! ID: #127
(ENTRY #510) 2022-03-10 12:11:00.873411 >> Cloud created! ID: #128
(ENTRY #511) 2022-03-10 12:11:01.027427 >> Cloud removed! ID: #128
(ENTRY #512) 2022-03-10 12:11:01.928804 >> Cloud created! ID: #129
(ENTRY #513) 2022-03-10 12:11:02.130156 >> Cloud removed! ID: #129
(ENTRY #514) 2022-03-10 12:11:02.959115 >> Cloud created! ID: #130
(ENTRY #515) 2022-03-10 12:11:03.168130 >> Cloud removed! ID: #130
(ENTRY #516) 2022-03-10 12:11:03.966738 >> Cloud created! ID: #131
(ENTRY #517) 2022-03-10 12:11:04.246673 >> Cloud removed! ID: #131
(ENTRY #518) 2022-03-10 12:11:05.023683 >> Cloud created! ID: #132
(ENTRY #519) 2022-03-10 12:11:05.377321 >> Cloud removed! ID: #132
(ENTRY #520) 2022-03-10 12:11:05.926972 >> Game resumed!
(ENTRY #521) 2022-03-10 12:11:06.302778 >> Cloud created! ID: #133
(ENTRY #522) 2022-03-10 12:11:06.442296 >> Game resumed!
(ENTRY #523) 2022-03-10 12:11:06.689881 >> Cloud removed! ID: #133
(ENTRY #524) 2022-03-10 12:11:06.809220 >> Game resumed!
(ENTRY #525) 2022-03-10 12:11:07.212839 >> Game resumed!
(ENTRY #526) 2022-03-10 12:11:07.517444 >> Cloud created! ID: #134
(ENTRY #527) 2022-03-10 12:11:07.807789 >> Cloud removed! ID: #134
(ENTRY #528) 2022-03-10 12:11:08.527411 >> Cloud created! ID: #135
(ENTRY #529) 2022-03-10 12:11:08.900504 >> Cloud removed! ID: #135
(ENTRY #530) 2022-03-10 12:11:09.600130 >> Cloud created! ID: #136
(ENTRY #531) 2022-03-10 12:11:10.048290 >> Cloud removed! ID: #136
(ENTRY #532) 2022-03-10 12:11:10.687899 >> Cloud created! ID: #137
(ENTRY #533) 2022-03-10 12:11:11.150701 >> Cloud removed! ID: #137
(ENTRY #534) 2022-03-10 12:11:11.689536 >> Cloud created! ID: #138
(ENTRY #535) 2022-03-10 12:11:12.243985 >> Cloud removed! ID: #138
(ENTRY #536) 2022-03-10 12:11:12.718223 >> Cloud created! ID: #139
(ENTRY #537) 2022-03-10 12:11:12.945037 >> Game resumed!
(ENTRY #538) 2022-03-10 12:11:13.298016 >> Cloud removed! ID: #139
(ENTRY #539) 2022-03-10 12:11:13.789062 >> Cloud created! ID: #140
(ENTRY #540) 2022-03-10 12:11:14.428770 >> Cloud removed! ID: #140
(ENTRY #541) 2022-03-10 12:11:14.688022 >> MOUSEPOS: (362, 225)
(ENTRY #542) 2022-03-10 12:11:14.688022 >> SLOPE CALC:None
(ENTRY #543) 2022-03-10 12:11:14.688022 >> LIN CALC FIN: 210.1221548863425
(ENTRY #544) 2022-03-10 12:11:14.688022 >> LIN CALC RAW: 689.8778451136575
(ENTRY #545) 2022-03-10 12:11:14.688022 >> Below!
(ENTRY #546) 2022-03-10 12:11:14.688022 >> Object lightRound has been created!
(ENTRY #547) 2022-03-10 12:11:14.689018 >> Protectile #22 has been created! Type: Light
(ENTRY #548) 2022-03-10 12:11:14.689018 >> Projectile created! ID: #22
(ENTRY #549) 2022-03-10 12:11:14.790253 >> Cloud created! ID: #141
(ENTRY #550) 2022-03-10 12:11:15.073139 >> MOUSEPOS: (362, 225)
(ENTRY #551) 2022-03-10 12:11:15.073139 >> SLOPE CALC:None
(ENTRY #552) 2022-03-10 12:11:15.073139 >> LIN CALC FIN: 213.71390708382387
(ENTRY #553) 2022-03-10 12:11:15.074139 >> LIN CALC RAW: 686.2860929161761
(ENTRY #554) 2022-03-10 12:11:15.074139 >> Below!
(ENTRY #555) 2022-03-10 12:11:15.339551 >> MOUSEPOS: (359, 225)
(ENTRY #556) 2022-03-10 12:11:15.339551 >> SLOPE CALC:None
(ENTRY #557) 2022-03-10 12:11:15.339551 >> LIN CALC FIN: 219.20050475900325
(ENTRY #558) 2022-03-10 12:11:15.339551 >> LIN CALC RAW: 680.7994952409967
(ENTRY #559) 2022-03-10 12:11:15.339551 >> Below!
(ENTRY #560) 2022-03-10 12:11:15.481921 >> Cloud removed! ID: #141
(ENTRY #561) 2022-03-10 12:11:15.613054 >> MOUSEPOS: (358, 225)
(ENTRY #562) 2022-03-10 12:11:15.613054 >> SLOPE CALC:None
(ENTRY #563) 2022-03-10 12:11:15.613054 >> LIN CALC FIN: 222.82524674947047
(ENTRY #564) 2022-03-10 12:11:15.613054 >> LIN CALC RAW: 677.1747532505295
(ENTRY #565) 2022-03-10 12:11:15.613054 >> Below!
(ENTRY #566) 2022-03-10 12:11:15.830029 >> MOUSEPOS: (358, 224)
(ENTRY #567) 2022-03-10 12:11:15.830029 >> SLOPE CALC:None
(ENTRY #568) 2022-03-10 12:11:15.830029 >> LIN CALC FIN: 224.8974114787867
(ENTRY #569) 2022-03-10 12:11:15.830029 >> LIN CALC RAW: 675.1025885212133
(ENTRY #570) 2022-03-10 12:11:15.830029 >> Above!
(ENTRY #571) 2022-03-10 12:11:15.830029 >> Object lightRound has been created!
(ENTRY #572) 2022-03-10 12:11:15.831036 >> Protectile #24 has been created! Type: Light
(ENTRY #573) 2022-03-10 12:11:15.831036 >> Projectile created! ID: #24
(ENTRY #574) 2022-03-10 12:11:15.935997 >> Cloud created! ID: #142
(ENTRY #575) 2022-03-10 12:11:16.053215 >> MOUSEPOS: (358, 224)
(ENTRY #576) 2022-03-10 12:11:16.053215 >> SLOPE CALC:None
(ENTRY #577) 2022-03-10 12:11:16.053215 >> LIN CALC FIN: 226.96957620810292
(ENTRY #578) 2022-03-10 12:11:16.053215 >> LIN CALC RAW: 673.0304237918971
(ENTRY #579) 2022-03-10 12:11:16.053215 >> Above!
(ENTRY #580) 2022-03-10 12:11:16.258418 >> MOUSEPOS: (358, 224)
(ENTRY #581) 2022-03-10 12:11:16.258418 >> SLOPE CALC:None
(ENTRY #582) 2022-03-10 12:11:16.258418 >> LIN CALC FIN: 228.90359662213132
(ENTRY #583) 2022-03-10 12:11:16.258418 >> LIN CALC RAW: 671.0964033778687
(ENTRY #584) 2022-03-10 12:11:16.258418 >> Above!
(ENTRY #585) 2022-03-10 12:11:16.455099 >> MOUSEPOS: (358, 224)
(ENTRY #586) 2022-03-10 12:11:16.455099 >> SLOPE CALC:None
(ENTRY #587) 2022-03-10 12:11:16.455099 >> LIN CALC FIN: 230.6994727208721
(ENTRY #588) 2022-03-10 12:11:16.455099 >> LIN CALC RAW: 669.3005272791279
(ENTRY #589) 2022-03-10 12:11:16.455099 >> Above!
(ENTRY #590) 2022-03-10 12:11:16.574775 >> Cloud removed! ID: #142
(ENTRY #591) 2022-03-10 12:11:16.679040 >> MOUSEPOS: (360, 223)
(ENTRY #592) 2022-03-10 12:11:16.679040 >> SLOPE CALC:None
(ENTRY #593) 2022-03-10 12:11:16.679040 >> LIN CALC FIN: 230.77163745018822
(ENTRY #594) 2022-03-10 12:11:16.679040 >> LIN CALC RAW: 669.2283625498118
(ENTRY #595) 2022-03-10 12:11:16.679040 >> Above!
(ENTRY #596) 2022-03-10 12:11:16.878851 >> MOUSEPOS: (360, 223)
(ENTRY #597) 2022-03-10 12:11:16.878851 >> SLOPE CALC:None
(ENTRY #598) 2022-03-10 12:11:16.878851 >> LIN CALC FIN: 232.5675135489289
(ENTRY #599) 2022-03-10 12:11:16.878851 >> LIN CALC RAW: 667.4324864510711
(ENTRY #600) 2022-03-10 12:11:16.878851 >> Above!
(ENTRY #601) 2022-03-10 12:11:16.878851 >> Object lightRound has been created!
(ENTRY #602) 2022-03-10 12:11:16.879855 >> Protectile #26 has been created! Type: Light
(ENTRY #603) 2022-03-10 12:11:16.879855 >> Projectile created! ID: #26
(ENTRY #604) 2022-03-10 12:11:16.972848 >> Cloud created! ID: #143
(ENTRY #605) 2022-03-10 12:11:17.082884 >> MOUSEPOS: (360, 223)
(ENTRY #606) 2022-03-10 12:11:17.082884 >> SLOPE CALC:None
(ENTRY #607) 2022-03-10 12:11:17.082884 >> LIN CALC FIN: 234.3633896476697
(ENTRY #608) 2022-03-10 12:11:17.082884 >> LIN CALC RAW: 665.6366103523303
(ENTRY #609) 2022-03-10 12:11:17.082884 >> Above!
(ENTRY #610) 2022-03-10 12:11:17.267697 >> MOUSEPOS: (360, 223)
(ENTRY #611) 2022-03-10 12:11:17.267697 >> SLOPE CALC:None
(ENTRY #612) 2022-03-10 12:11:17.267697 >> LIN CALC FIN: 236.02112143112265
(ENTRY #613) 2022-03-10 12:11:17.267697 >> LIN CALC RAW: 663.9788785688773
(ENTRY #614) 2022-03-10 12:11:17.267697 >> Above!
(ENTRY #615) 2022-03-10 12:11:17.465401 >> MOUSEPOS: (360, 223)
(ENTRY #616) 2022-03-10 12:11:17.465401 >> SLOPE CALC:None
(ENTRY #617) 2022-03-10 12:11:17.465401 >> LIN CALC FIN: 237.81699752986333
(ENTRY #618) 2022-03-10 12:11:17.465401 >> LIN CALC RAW: 662.1830024701367
(ENTRY #619) 2022-03-10 12:11:17.465401 >> Above!
(ENTRY #620) 2022-03-10 12:11:17.695373 >> MOUSEPOS: (360, 222)
(ENTRY #621) 2022-03-10 12:11:17.695373 >> SLOPE CALC:None
(ENTRY #622) 2022-03-10 12:11:17.695373 >> LIN CALC FIN: 239.88916225917956
(ENTRY #623) 2022-03-10 12:11:17.695373 >> LIN CALC RAW: 660.1108377408204
(ENTRY #624) 2022-03-10 12:11:17.695373 >> Above!
(ENTRY #625) 2022-03-10 12:11:17.758373 >> Cloud removed! ID: #143
(ENTRY #626) 2022-03-10 12:11:17.926829 >> MOUSEPOS: (360, 222)
(ENTRY #627) 2022-03-10 12:11:17.926829 >> SLOPE CALC:None
(ENTRY #628) 2022-03-10 12:11:17.926829 >> LIN CALC FIN: 241.96132698849578
(ENTRY #629) 2022-03-10 12:11:17.926829 >> LIN CALC RAW: 658.0386730115042
(ENTRY #630) 2022-03-10 12:11:17.926829 >> Above!
(ENTRY #631) 2022-03-10 12:11:17.926829 >> Object lightRound has been created!
(ENTRY #632) 2022-03-10 12:11:17.927830 >> Protectile #28 has been created! Type: Light
(ENTRY #633) 2022-03-10 12:11:17.927830 >> Projectile created! ID: #28
(ENTRY #634) 2022-03-10 12:11:18.052078 >> Cloud created! ID: #144
(ENTRY #635) 2022-03-10 12:11:18.144543 >> MOUSEPOS: (360, 222)
(ENTRY #636) 2022-03-10 12:11:18.144543 >> SLOPE CALC:None
(ENTRY #637) 2022-03-10 12:11:18.144543 >> LIN CALC FIN: 243.89534740252418
(ENTRY #638) 2022-03-10 12:11:18.144543 >> LIN CALC RAW: 656.1046525974758
(ENTRY #639) 2022-03-10 12:11:18.144543 >> Above!
(ENTRY #640) 2022-03-10 12:11:18.363562 >> MOUSEPOS: (360, 222)
(ENTRY #641) 2022-03-10 12:11:18.363562 >> SLOPE CALC:None
(ENTRY #642) 2022-03-10 12:11:18.363562 >> LIN CALC FIN: 245.82936781655258
(ENTRY #643) 2022-03-10 12:11:18.363562 >> LIN CALC RAW: 654.1706321834474
(ENTRY #644) 2022-03-10 12:11:18.363562 >> Above!
(ENTRY #645) 2022-03-10 12:11:18.581817 >> MOUSEPOS: (360, 222)
(ENTRY #646) 2022-03-10 12:11:18.581817 >> SLOPE CALC:None
(ENTRY #647) 2022-03-10 12:11:18.581817 >> LIN CALC FIN: 247.76338823058109
(ENTRY #648) 2022-03-10 12:11:18.581817 >> LIN CALC RAW: 652.2366117694189
(ENTRY #649) 2022-03-10 12:11:18.581817 >> Above!
(ENTRY #650) 2022-03-10 12:11:18.950890 >> Cloud removed! ID: #144
(ENTRY #651) 2022-03-10 12:11:19.002899 >> Projectile removed!
(ENTRY #652) 2022-03-10 12:11:19.052924 >> Cloud created! ID: #145
(ENTRY #653) 2022-03-10 12:11:19.251168 >> MOUSEPOS: (396, 216)
(ENTRY #654) 2022-03-10 12:11:19.251168 >> SLOPE CALC:None
(ENTRY #655) 2022-03-10 12:11:19.251168 >> LIN CALC FIN: 217.42730515737776
(ENTRY #656) 2022-03-10 12:11:19.251168 >> LIN CALC RAW: 682.5726948426222
(ENTRY #657) 2022-03-10 12:11:19.251168 >> Above!
(ENTRY #658) 2022-03-10 12:11:19.252171 >> Object lightRound has been created!
(ENTRY #659) 2022-03-10 12:11:19.252171 >> Protectile #30 has been created! Type: Light
(ENTRY #660) 2022-03-10 12:11:19.252171 >> Projectile created! ID: #30
(ENTRY #661) 2022-03-10 12:11:19.460769 >> MOUSEPOS: (396, 216)
(ENTRY #662) 2022-03-10 12:11:19.460769 >> SLOPE CALC:None
(ENTRY #663) 2022-03-10 12:11:19.460769 >> LIN CALC FIN: 219.2231812561181
(ENTRY #664) 2022-03-10 12:11:19.460769 >> LIN CALC RAW: 680.7768187438819
(ENTRY #665) 2022-03-10 12:11:19.460769 >> Above!
(ENTRY #666) 2022-03-10 12:11:19.706004 >> MOUSEPOS: (396, 216)
(ENTRY #667) 2022-03-10 12:11:19.706004 >> SLOPE CALC:None
(ENTRY #668) 2022-03-10 12:11:19.706004 >> LIN CALC FIN: 221.4334903007216
(ENTRY #669) 2022-03-10 12:11:19.706004 >> LIN CALC RAW: 678.5665096992784
(ENTRY #670) 2022-03-10 12:11:19.706004 >> Above!
(ENTRY #671) 2022-03-10 12:11:19.942721 >> MOUSEPOS: (396, 216)
(ENTRY #672) 2022-03-10 12:11:19.942721 >> SLOPE CALC:None
(ENTRY #673) 2022-03-10 12:11:19.942721 >> LIN CALC FIN: 223.50565503003736
(ENTRY #674) 2022-03-10 12:11:19.942721 >> LIN CALC RAW: 676.4943449699626
(ENTRY #675) 2022-03-10 12:11:19.942721 >> Above!
(ENTRY #676) 2022-03-10 12:11:19.956687 >> Projectile removed!
(ENTRY #677) 2022-03-10 12:11:20.077473 >> Cloud created! ID: #146
(ENTRY #678) 2022-03-10 12:11:20.122472 >> Cloud removed! ID: #146
(ENTRY #679) 2022-03-10 12:11:20.264641 >> Game resumed!
(ENTRY #680) 2022-03-10 12:11:20.706568 >> MOUSEPOS: (379, 214)
(ENTRY #681) 2022-03-10 12:11:20.706568 >> SLOPE CALC:None
(ENTRY #682) 2022-03-10 12:11:20.706568 >> LIN CALC FIN: 247.66360451096716
(ENTRY #683) 2022-03-10 12:11:20.706568 >> LIN CALC RAW: 652.3363954890328
(ENTRY #684) 2022-03-10 12:11:20.706568 >> Above!
(ENTRY #685) 2022-03-10 12:11:20.706568 >> Object lightRound has been created!
(ENTRY #686) 2022-03-10 12:11:20.707659 >> Protectile #32 has been created! Type: Light
(ENTRY #687) 2022-03-10 12:11:20.707659 >> Projectile created! ID: #32
(ENTRY #688) 2022-03-10 12:11:20.894090 >> Projectile removed!
(ENTRY #689) 2022-03-10 12:11:21.094684 >> Cloud created! ID: #147
(ENTRY #690) 2022-03-10 12:11:21.415675 >> Cloud removed! ID: #147
(ENTRY #691) 2022-03-10 12:11:21.479566 >> MOUSEPOS: (386, 215)
(ENTRY #692) 2022-03-10 12:11:21.479566 >> SLOPE CALC:None
(ENTRY #693) 2022-03-10 12:11:21.479566 >> LIN CALC FIN: 250.12081914181385
(ENTRY #694) 2022-03-10 12:11:21.479566 >> LIN CALC RAW: 649.8791808581861
(ENTRY #695) 2022-03-10 12:11:21.479566 >> Above!
(ENTRY #696) 2022-03-10 12:11:21.796769 >> Projectile removed!
(ENTRY #697) 2022-03-10 12:11:22.143779 >> Cloud created! ID: #148
(ENTRY #698) 2022-03-10 12:11:22.267888 >> MOUSEPOS: (394, 212)
(ENTRY #699) 2022-03-10 12:11:22.267888 >> SLOPE CALC:None
(ENTRY #700) 2022-03-10 12:11:22.267888 >> LIN CALC FIN: 255.15431507640085
(ENTRY #701) 2022-03-10 12:11:22.267888 >> LIN CALC RAW: 644.8456849235992
(ENTRY #702) 2022-03-10 12:11:22.267888 >> Above!
(ENTRY #703) 2022-03-10 12:11:22.267888 >> Object lightRound has been created!
(ENTRY #704) 2022-03-10 12:11:22.268887 >> Protectile #34 has been created! Type: Light
(ENTRY #705) 2022-03-10 12:11:22.268887 >> Projectile created! ID: #34
(ENTRY #706) 2022-03-10 12:11:22.459307 >> Game resumed!
(ENTRY #707) 2022-03-10 12:11:22.573186 >> MOUSEPOS: (424, 206)
(ENTRY #708) 2022-03-10 12:11:22.573186 >> SLOPE CALC:None
(ENTRY #709) 2022-03-10 12:11:22.573186 >> LIN CALC FIN: 230.71552737035904
(ENTRY #710) 2022-03-10 12:11:22.573186 >> LIN CALC RAW: 669.284472629641
(ENTRY #711) 2022-03-10 12:11:22.573186 >> Above!
(ENTRY #712) 2022-03-10 12:11:22.811357 >> MOUSEPOS: (418, 231)
(ENTRY #713) 2022-03-10 12:11:22.811357 >> SLOPE CALC:None
(ENTRY #714) 2022-03-10 12:11:22.811357 >> LIN CALC FIN: 241.2445402699691
(ENTRY #715) 2022-03-10 12:11:22.811357 >> LIN CALC RAW: 658.7554597300309
(ENTRY #716) 2022-03-10 12:11:22.811357 >> Above!
(ENTRY #717) 2022-03-10 12:11:22.858329 >> Cloud removed! ID: #148
(ENTRY #718) 2022-03-10 12:11:23.205898 >> Cloud created! ID: #149
(ENTRY #719) 2022-03-10 12:11:23.312202 >> Projectile removed!
(ENTRY #720) 2022-03-10 12:11:23.552661 >> Game resumed!
(ENTRY #721) 2022-03-10 12:11:24.106829 >> Cloud removed! ID: #149
(ENTRY #722) 2022-03-10 12:11:24.200679 >> Projectile removed!
(ENTRY #723) 2022-03-10 12:11:24.304431 >> Cloud created! ID: #150
(ENTRY #724) 2022-03-10 12:11:25.174784 >> Cloud removed! ID: #150
(ENTRY #725) 2022-03-10 12:11:25.318331 >> Cloud created! ID: #151
(ENTRY #726) 2022-03-10 12:11:25.548310 >> Projectile removed!
(ENTRY #727) 2022-03-10 12:11:26.244480 >> Cloud removed! ID: #151
(ENTRY #728) 2022-03-10 12:11:26.367418 >> Cloud created! ID: #152
(ENTRY #729) 2022-03-10 12:11:27.302064 >> Cloud removed! ID: #152
(ENTRY #730) 2022-03-10 12:11:27.442924 >> Cloud created! ID: #153
(ENTRY #731) 2022-03-10 12:11:28.237148 >> Naval Warfare 2D Closed...
