Log for Naval Warfare 2D, intended for debugging purposes only! 

(ENTRY #1) 2022-04-19 07:35:50.371345 >> Initialized Log handler...
(ENTRY #2) 2022-04-19 07:35:51.602427 >> Initialized Warship handler...
(ENTRY #3) 2022-04-19 07:35:51.604423 >> Initialized Projectile handler...
(ENTRY #4) 2022-04-19 07:35:51.639424 >> Initialized GUI handler...
(ENTRY #5) 2022-04-19 07:35:51.640427 >> Starting Naval Warfare 2D...
(ENTRY #6) 2022-04-19 07:35:57.201788 >> Created Sprite for Player!
(ENTRY #7) 2022-04-19 07:35:57.201788 >> Finished initalizing!
(ENTRY #8) 2022-04-19 07:36:02.718841 >> Returning to menu!
(ENTRY #9) 2022-04-19 07:36:03.399958 >> Game resumed!
(ENTRY #10) 2022-04-19 07:36:03.400956 >> Dumb-AI Entity created!
(ENTRY #11) 2022-04-19 07:36:03.402959 >> Dumb-AI Entity created!
(ENTRY #12) 2022-04-19 07:36:03.458963 >> Cloud created! ID: #1
(ENTRY #13) 2022-04-19 07:36:03.519960 >> Dumb-AI Entity created!
(ENTRY #14) 2022-04-19 07:36:03.816955 >> Game resumed!
(ENTRY #15) 2022-04-19 07:36:03.855958 >> Game resumed!
(ENTRY #16) 2022-04-19 07:36:04.467381 >> Cloud created! ID: #2
(ENTRY #17) 2022-04-19 07:36:05.324106 >> MOUSEPOS: (118, 198)
(ENTRY #18) 2022-04-19 07:36:05.324106 >> SLOPE CALC:None
(ENTRY #19) 2022-04-19 07:36:05.324106 >> LIN CALC FIN: 414.86472935847166
(ENTRY #20) 2022-04-19 07:36:05.324106 >> LIN CALC RAW: 485.13527064152834
(ENTRY #21) 2022-04-19 07:36:05.324106 >> Above!
(ENTRY #22) 2022-04-19 07:36:05.324106 >> Object lightRound has been created!
(ENTRY #23) 2022-04-19 07:36:05.325107 >> Protectile #2 has been created! Type: Light
(ENTRY #24) 2022-04-19 07:36:05.325107 >> Projectile created! ID: #2
(ENTRY #25) 2022-04-19 07:36:05.420118 >> MOUSEPOS: (158.18477664844983, 201.05690456177302)
(ENTRY #26) 2022-04-19 07:36:05.420118 >> SLOPE CALC:None
(ENTRY #27) 2022-04-19 07:36:05.420118 >> LIN CALC FIN: 224.62462327424828
(ENTRY #28) 2022-04-19 07:36:05.420118 >> LIN CALC RAW: 675.3753767257517
(ENTRY #29) 2022-04-19 07:36:05.420118 >> Above!
(ENTRY #30) 2022-04-19 07:36:05.420118 >> Object lightRound has been created!
(ENTRY #31) 2022-04-19 07:36:05.420118 >> Protectile #4 has been created! Type: Light
(ENTRY #32) 2022-04-19 07:36:05.420118 >> Projectile created! ID: #4
(ENTRY #33) 2022-04-19 07:36:05.420118 >> MOUSEPOS: (142.18477664844983, 196.05690456177302)
(ENTRY #34) 2022-04-19 07:36:05.420118 >> SLOPE CALC:None
(ENTRY #35) 2022-04-19 07:36:05.420118 >> LIN CALC FIN: 233.93112361361318
(ENTRY #36) 2022-04-19 07:36:05.420118 >> LIN CALC RAW: 666.0688763863868
(ENTRY #37) 2022-04-19 07:36:05.420118 >> Above!
(ENTRY #38) 2022-04-19 07:36:05.420118 >> Object lightRound has been created!
(ENTRY #39) 2022-04-19 07:36:05.421112 >> Protectile #6 has been created! Type: Light
(ENTRY #40) 2022-04-19 07:36:05.421112 >> Projectile created! ID: #6
(ENTRY #41) 2022-04-19 07:36:05.421112 >> MOUSEPOS: (158.65406813048037, 224.09391475627876)
(ENTRY #42) 2022-04-19 07:36:05.421112 >> SLOPE CALC:None
(ENTRY #43) 2022-04-19 07:36:05.421112 >> LIN CALC FIN: 230.52619604380357
(ENTRY #44) 2022-04-19 07:36:05.421112 >> LIN CALC RAW: 669.4738039561964
(ENTRY #45) 2022-04-19 07:36:05.421112 >> Above!
(ENTRY #46) 2022-04-19 07:36:05.421112 >> Object lightRound has been created!
(ENTRY #47) 2022-04-19 07:36:05.421112 >> Protectile #8 has been created! Type: Light
(ENTRY #48) 2022-04-19 07:36:05.421112 >> Projectile created! ID: #8
(ENTRY #49) 2022-04-19 07:36:05.443142 >> Projectile has hit!
(ENTRY #50) 2022-04-19 07:36:05.443142 >> Projectile has hit!
(ENTRY #51) 2022-04-19 07:36:05.443142 >> Projectile removed!
(ENTRY #52) 2022-04-19 07:36:05.443142 >> Projectile removed!
(ENTRY #53) 2022-04-19 07:36:05.521122 >> Cloud created! ID: #3
(ENTRY #54) 2022-04-19 07:36:05.897109 >> Projectile has hit!
(ENTRY #55) 2022-04-19 07:36:05.897109 >> Projectile removed!
(ENTRY #56) 2022-04-19 07:36:06.589400 >> Cloud created! ID: #4
(ENTRY #57) 2022-04-19 07:36:07.433400 >> MOUSEPOS: (214.66631235744362, 128.23556753287338)
(ENTRY #58) 2022-04-19 07:36:07.433400 >> SLOPE CALC:None
(ENTRY #59) 2022-04-19 07:36:07.433400 >> LIN CALC FIN: 139.51870875751843
(ENTRY #60) 2022-04-19 07:36:07.433400 >> LIN CALC RAW: 760.4812912424816
(ENTRY #61) 2022-04-19 07:36:07.433400 >> Above!
(ENTRY #62) 2022-04-19 07:36:07.433400 >> Object lightRound has been created!
(ENTRY #63) 2022-04-19 07:36:07.434400 >> Protectile #10 has been created! Type: Light
(ENTRY #64) 2022-04-19 07:36:07.434400 >> Projectile created! ID: #10
(ENTRY #65) 2022-04-19 07:36:07.434400 >> MOUSEPOS: (183.66631235744362, 124.23556753287338)
(ENTRY #66) 2022-04-19 07:36:07.434400 >> SLOPE CALC:None
(ENTRY #67) 2022-04-19 07:36:07.434400 >> LIN CALC FIN: 49.87024291806563
(ENTRY #68) 2022-04-19 07:36:07.434400 >> LIN CALC RAW: 850.1297570819344
(ENTRY #69) 2022-04-19 07:36:07.434400 >> Below!
(ENTRY #70) 2022-04-19 07:36:07.434400 >> Object lightRound has been created!
(ENTRY #71) 2022-04-19 07:36:07.435432 >> Protectile #12 has been created! Type: Light
(ENTRY #72) 2022-04-19 07:36:07.435432 >> Projectile created! ID: #12
(ENTRY #73) 2022-04-19 07:36:07.435432 >> MOUSEPOS: (225.23516871285244, 150.08756511292717)
(ENTRY #74) 2022-04-19 07:36:07.435432 >> SLOPE CALC:None
(ENTRY #75) 2022-04-19 07:36:07.435432 >> LIN CALC FIN: 155.80442388828214
(ENTRY #76) 2022-04-19 07:36:07.435432 >> LIN CALC RAW: 744.1955761117179
(ENTRY #77) 2022-04-19 07:36:07.435432 >> Above!
(ENTRY #78) 2022-04-19 07:36:07.435432 >> Object lightRound has been created!
(ENTRY #79) 2022-04-19 07:36:07.435432 >> Protectile #14 has been created! Type: Light
(ENTRY #80) 2022-04-19 07:36:07.435432 >> Projectile created! ID: #14
(ENTRY #81) 2022-04-19 07:36:07.456433 >> Projectile has hit!
(ENTRY #82) 2022-04-19 07:36:07.456433 >> Projectile has hit!
(ENTRY #83) 2022-04-19 07:36:07.456433 >> Projectile removed!
(ENTRY #84) 2022-04-19 07:36:07.456433 >> Projectile removed!
(ENTRY #85) 2022-04-19 07:36:07.613035 >> Cloud created! ID: #5
(ENTRY #86) 2022-04-19 07:36:08.654940 >> Cloud created! ID: #6
(ENTRY #87) 2022-04-19 07:36:09.442973 >> Projectile removed!
(ENTRY #88) 2022-04-19 07:36:09.443977 >> MOUSEPOS: (254.64646611059737, 29.582049002661098)
(ENTRY #89) 2022-04-19 07:36:09.443977 >> SLOPE CALC:None
(ENTRY #90) 2022-04-19 07:36:09.443977 >> LIN CALC FIN: 76.51681457495556
(ENTRY #91) 2022-04-19 07:36:09.443977 >> LIN CALC RAW: 823.4831854250444
(ENTRY #92) 2022-04-19 07:36:09.443977 >> Above!
(ENTRY #93) 2022-04-19 07:36:09.443977 >> Object lightRound has been created!
(ENTRY #94) 2022-04-19 07:36:09.444974 >> Protectile #16 has been created! Type: Light
(ENTRY #95) 2022-04-19 07:36:09.444974 >> Projectile created! ID: #16
(ENTRY #96) 2022-04-19 07:36:09.444974 >> MOUSEPOS: (260.6464661105974, 53.582049002661094)
(ENTRY #97) 2022-04-19 07:36:09.444974 >> SLOPE CALC:None
(ENTRY #98) 2022-04-19 07:36:09.444974 >> LIN CALC FIN: -155.52580479336643
(ENTRY #99) 2022-04-19 07:36:09.444974 >> LIN CALC RAW: 1055.5258047933664
(ENTRY #100) 2022-04-19 07:36:09.444974 >> Below!
(ENTRY #101) 2022-04-19 07:36:09.444974 >> Object lightRound has been created!
(ENTRY #102) 2022-04-19 07:36:09.445972 >> Protectile #18 has been created! Type: Light
(ENTRY #103) 2022-04-19 07:36:09.445972 >> Projectile created! ID: #18
(ENTRY #104) 2022-04-19 07:36:09.445972 >> MOUSEPOS: (318.7423493314146, 139.6126977957727)
(ENTRY #105) 2022-04-19 07:36:09.445972 >> SLOPE CALC:None
(ENTRY #106) 2022-04-19 07:36:09.445972 >> LIN CALC FIN: 128.67793222347836
(ENTRY #107) 2022-04-19 07:36:09.445972 >> LIN CALC RAW: 771.3220677765216
(ENTRY #108) 2022-04-19 07:36:09.445972 >> Below!
(ENTRY #109) 2022-04-19 07:36:09.445972 >> Object lightRound has been created!
(ENTRY #110) 2022-04-19 07:36:09.446973 >> Protectile #20 has been created! Type: Light
(ENTRY #111) 2022-04-19 07:36:09.446973 >> Projectile created! ID: #20
(ENTRY #112) 2022-04-19 07:36:09.854033 >> Cloud created! ID: #7
(ENTRY #113) 2022-04-19 07:36:10.544571 >> Projectile has hit!
(ENTRY #114) 2022-04-19 07:36:10.544571 >> Projectile removed!
(ENTRY #115) 2022-04-19 07:36:10.736088 >> Projectile has hit!
(ENTRY #116) 2022-04-19 07:36:10.736088 >> Projectile removed!
(ENTRY #117) 2022-04-19 07:36:10.867052 >> Cloud created! ID: #8
(ENTRY #118) 2022-04-19 07:36:11.190646 >> Projectile removed!
(ENTRY #119) 2022-04-19 07:36:11.450265 >> MOUSEPOS: (222.50785408836185, 54.54867794569798)
(ENTRY #120) 2022-04-19 07:36:11.450265 >> SLOPE CALC:None
(ENTRY #121) 2022-04-19 07:36:11.450265 >> LIN CALC FIN: 54.0225432545908
(ENTRY #122) 2022-04-19 07:36:11.450265 >> LIN CALC RAW: 845.9774567454092
(ENTRY #123) 2022-04-19 07:36:11.450265 >> Below!
(ENTRY #124) 2022-04-19 07:36:11.450265 >> Object lightRound has been created!
(ENTRY #125) 2022-04-19 07:36:11.451265 >> Protectile #22 has been created! Type: Light
(ENTRY #126) 2022-04-19 07:36:11.451265 >> Projectile created! ID: #22
(ENTRY #127) 2022-04-19 07:36:11.451265 >> MOUSEPOS: (211.50785408836185, 49.54867794569798)
(ENTRY #128) 2022-04-19 07:36:11.451265 >> SLOPE CALC:None
(ENTRY #129) 2022-04-19 07:36:11.451265 >> LIN CALC FIN: 206.82428064642147
(ENTRY #130) 2022-04-19 07:36:11.451265 >> LIN CALC RAW: 693.1757193535785
(ENTRY #131) 2022-04-19 07:36:11.451265 >> Above!
(ENTRY #132) 2022-04-19 07:36:11.451265 >> Object lightRound has been created!
(ENTRY #133) 2022-04-19 07:36:11.451265 >> Protectile #24 has been created! Type: Light
(ENTRY #134) 2022-04-19 07:36:11.451265 >> Projectile created! ID: #24
(ENTRY #135) 2022-04-19 07:36:11.451265 >> MOUSEPOS: (57.595105889243214, 40.911532447302804)
(ENTRY #136) 2022-04-19 07:36:11.451265 >> SLOPE CALC:None
(ENTRY #137) 2022-04-19 07:36:11.451265 >> LIN CALC FIN: 163.46142614481664
(ENTRY #138) 2022-04-19 07:36:11.451265 >> LIN CALC RAW: 736.5385738551834
(ENTRY #139) 2022-04-19 07:36:11.451265 >> Above!
(ENTRY #140) 2022-04-19 07:36:11.451265 >> Object lightRound has been created!
(ENTRY #141) 2022-04-19 07:36:11.452264 >> Protectile #26 has been created! Type: Light
(ENTRY #142) 2022-04-19 07:36:11.452264 >> Projectile created! ID: #26
(ENTRY #143) 2022-04-19 07:36:11.944787 >> Cloud created! ID: #9
(ENTRY #144) 2022-04-19 07:36:12.986049 >> Cloud created! ID: #10
(ENTRY #145) 2022-04-19 07:36:13.450321 >> MOUSEPOS: (163.83941635857585, 52.349551539287475)
(ENTRY #146) 2022-04-19 07:36:13.450321 >> SLOPE CALC:None
(ENTRY #147) 2022-04-19 07:36:13.450321 >> LIN CALC FIN: 98.22981467344562
(ENTRY #148) 2022-04-19 07:36:13.450321 >> LIN CALC RAW: 801.7701853265544
(ENTRY #149) 2022-04-19 07:36:13.450321 >> Above!
(ENTRY #150) 2022-04-19 07:36:13.450321 >> Object lightRound has been created!
(ENTRY #151) 2022-04-19 07:36:13.451321 >> Protectile #28 has been created! Type: Light
(ENTRY #152) 2022-04-19 07:36:13.451321 >> Projectile created! ID: #28
(ENTRY #153) 2022-04-19 07:36:13.451321 >> MOUSEPOS: (163.83941635857585, 68.34955153928748)
(ENTRY #154) 2022-04-19 07:36:13.451321 >> SLOPE CALC:None
(ENTRY #155) 2022-04-19 07:36:13.451321 >> LIN CALC FIN: 165.6398326821054
(ENTRY #156) 2022-04-19 07:36:13.451321 >> LIN CALC RAW: 734.3601673178946
(ENTRY #157) 2022-04-19 07:36:13.451321 >> Above!
(ENTRY #158) 2022-04-19 07:36:13.451321 >> Object lightRound has been created!
(ENTRY #159) 2022-04-19 07:36:13.451321 >> Protectile #30 has been created! Type: Light
(ENTRY #160) 2022-04-19 07:36:13.451321 >> Projectile created! ID: #30
(ENTRY #161) 2022-04-19 07:36:13.451321 >> MOUSEPOS: (52.788354196814666, 33.588770520344205)
(ENTRY #162) 2022-04-19 07:36:13.451321 >> SLOPE CALC:None
(ENTRY #163) 2022-04-19 07:36:13.451321 >> LIN CALC FIN: 125.40061370104866
(ENTRY #164) 2022-04-19 07:36:13.451321 >> LIN CALC RAW: 774.5993862989513
(ENTRY #165) 2022-04-19 07:36:13.451321 >> Above!
(ENTRY #166) 2022-04-19 07:36:13.451321 >> Object lightRound has been created!
(ENTRY #167) 2022-04-19 07:36:13.452321 >> Protectile #32 has been created! Type: Light
(ENTRY #168) 2022-04-19 07:36:13.452321 >> Projectile created! ID: #32
(ENTRY #169) 2022-04-19 07:36:14.088339 >> Projectile removed!
(ENTRY #170) 2022-04-19 07:36:14.134259 >> Cloud created! ID: #11
(ENTRY #171) 2022-04-19 07:36:14.176270 >> Projectile has hit!
(ENTRY #172) 2022-04-19 07:36:14.177263 >> Projectile removed!
(ENTRY #173) 2022-04-19 07:36:14.271260 >> Dumb-AI Entity created!
(ENTRY #174) 2022-04-19 07:36:14.282259 >> Dumb-AI Entity created!
(ENTRY #175) 2022-04-19 07:36:14.404156 >> Projectile has hit!
(ENTRY #176) 2022-04-19 07:36:14.404156 >> Projectile removed!
(ENTRY #177) 2022-04-19 07:36:14.817560 >> Projectile removed!
(ENTRY #178) 2022-04-19 07:36:14.874592 >> Projectile removed!
(ENTRY #179) 2022-04-19 07:36:15.183985 >> Cloud created! ID: #12
(ENTRY #180) 2022-04-19 07:36:15.459974 >> MOUSEPOS: (149.0, 328.0)
(ENTRY #181) 2022-04-19 07:36:15.459974 >> SLOPE CALC:None
(ENTRY #182) 2022-04-19 07:36:15.459974 >> LIN CALC FIN: 427.8366778681702
(ENTRY #183) 2022-04-19 07:36:15.459974 >> LIN CALC RAW: 472.1633221318298
(ENTRY #184) 2022-04-19 07:36:15.459974 >> Above!
(ENTRY #185) 2022-04-19 07:36:15.459974 >> Object lightRound has been created!
(ENTRY #186) 2022-04-19 07:36:15.460977 >> Protectile #34 has been created! Type: Light
(ENTRY #187) 2022-04-19 07:36:15.460977 >> Projectile created! ID: #34
(ENTRY #188) 2022-04-19 07:36:15.460977 >> MOUSEPOS: (158.0, 250.0)
(ENTRY #189) 2022-04-19 07:36:15.460977 >> SLOPE CALC:None
(ENTRY #190) 2022-04-19 07:36:15.460977 >> LIN CALC FIN: 168.46416637926222
(ENTRY #191) 2022-04-19 07:36:15.460977 >> LIN CALC RAW: 731.5358336207378
(ENTRY #192) 2022-04-19 07:36:15.460977 >> Below!
(ENTRY #193) 2022-04-19 07:36:15.460977 >> Object lightRound has been created!
(ENTRY #194) 2022-04-19 07:36:15.461978 >> Protectile #36 has been created! Type: Light
(ENTRY #195) 2022-04-19 07:36:15.461978 >> Projectile created! ID: #36
(ENTRY #196) 2022-04-19 07:36:15.461978 >> MOUSEPOS: (259.94660689246484, 362.8900709757054)
(ENTRY #197) 2022-04-19 07:36:15.461978 >> SLOPE CALC:None
(ENTRY #198) 2022-04-19 07:36:15.461978 >> LIN CALC FIN: 380.94660689246484
(ENTRY #199) 2022-04-19 07:36:15.461978 >> LIN CALC RAW: 519.0533931075352
(ENTRY #200) 2022-04-19 07:36:15.461978 >> Above!
(ENTRY #201) 2022-04-19 07:36:15.461978 >> Object lightRound has been created!
(ENTRY #202) 2022-04-19 07:36:15.462973 >> Protectile #38 has been created! Type: Light
(ENTRY #203) 2022-04-19 07:36:15.462973 >> Projectile created! ID: #38
(ENTRY #204) 2022-04-19 07:36:15.462973 >> MOUSEPOS: (297.94660689246484, 367.8900709757054)
(ENTRY #205) 2022-04-19 07:36:15.462973 >> SLOPE CALC:None
(ENTRY #206) 2022-04-19 07:36:15.462973 >> LIN CALC FIN: 448.94660689246484
(ENTRY #207) 2022-04-19 07:36:15.462973 >> LIN CALC RAW: 451.05339310753516
(ENTRY #208) 2022-04-19 07:36:15.462973 >> Above!
(ENTRY #209) 2022-04-19 07:36:15.462973 >> Object lightRound has been created!
(ENTRY #210) 2022-04-19 07:36:15.463971 >> Protectile #40 has been created! Type: Light
(ENTRY #211) 2022-04-19 07:36:15.463971 >> Projectile created! ID: #40
(ENTRY #212) 2022-04-19 07:36:16.198975 >> Projectile has hit!
(ENTRY #213) 2022-04-19 07:36:16.198975 >> Projectile removed!
(ENTRY #214) 2022-04-19 07:36:16.550976 >> Naval Warfare 2D Closed...
