Log for Naval Warfare 2D, intended for debugging purposes only! 

(ENTRY #1) 2022-03-10 12:05:50.131166 >> Initialized Log handler...
(ENTRY #2) 2022-03-10 12:05:50.933346 >> Initialized Warship handler...
(ENTRY #3) 2022-03-10 12:05:50.937340 >> Initialized Projectile handler...
(ENTRY #4) 2022-03-10 12:05:50.938348 >> Dumb-AI Entity created!
(ENTRY #5) 2022-03-10 12:05:50.940375 >> Dumb-AI Entity created!
(ENTRY #6) 2022-03-10 12:05:50.942338 >> Dumb-AI Entity created!
(ENTRY #7) 2022-03-10 12:05:50.943339 >> Dumb-AI Entity created!
(ENTRY #8) 2022-03-10 12:05:50.944339 >> Dumb-AI Entity created!
(ENTRY #9) 2022-03-10 12:05:50.946331 >> Dumb-AI Entity created!
(ENTRY #10) 2022-03-10 12:05:50.946331 >> Dumb-AI Entity created!
(ENTRY #11) 2022-03-10 12:05:50.951342 >> Dumb-AI Entity created!
(ENTRY #12) 2022-03-10 12:05:50.961335 >> Dumb-AI Entity created!
(ENTRY #13) 2022-03-10 12:05:50.967337 >> Dumb-AI Entity created!
(ENTRY #14) 2022-03-10 12:05:51.032340 >> Initialized GUI handler...
(ENTRY #15) 2022-03-10 12:05:51.033336 >> Starting Naval Warfare 2D...
(ENTRY #16) 2022-03-10 12:05:56.599014 >> Created Sprite for Player!
(ENTRY #17) 2022-03-10 12:05:56.600014 >> Finished initalizing!
(ENTRY #18) 2022-03-10 12:05:58.219523 >> Returning to menu!
(ENTRY #19) 2022-03-10 12:05:58.915571 >> Game resumed!
(ENTRY #20) 2022-03-10 12:05:58.928569 >> None
(ENTRY #21) 2022-03-10 12:05:58.928569 >> None
(ENTRY #22) 2022-03-10 12:05:58.928569 >> None
(ENTRY #23) 2022-03-10 12:05:58.929568 >> None
(ENTRY #24) 2022-03-10 12:05:58.929568 >> None
(ENTRY #25) 2022-03-10 12:05:58.929568 >> None
(ENTRY #26) 2022-03-10 12:05:58.929568 >> None
(ENTRY #27) 2022-03-10 12:05:58.929568 >> None
(ENTRY #28) 2022-03-10 12:05:58.929568 >> None
(ENTRY #29) 2022-03-10 12:05:58.929568 >> None
(ENTRY #30) 2022-03-10 12:05:58.936576 >> Cloud created! ID: #1
(ENTRY #31) 2022-03-10 12:05:58.936576 >> MOUSEPOS: (450.0, 449.75)
(ENTRY #32) 2022-03-10 12:05:58.936576 >> SLOPE CALC:None
(ENTRY #33) 2022-03-10 12:05:58.936576 >> Object lightRound has been created!
(ENTRY #34) 2022-03-10 12:05:58.937582 >> Protectile #2 has been created! Type: Light
(ENTRY #35) 2022-03-10 12:05:58.937582 >> Projectile created! ID: #2
(ENTRY #36) 2022-03-10 12:05:58.937582 >> MOUSEPOS: (450.0, 449.75)
(ENTRY #37) 2022-03-10 12:05:58.937582 >> SLOPE CALC:None
(ENTRY #38) 2022-03-10 12:05:58.937582 >> Object lightRound has been created!
(ENTRY #39) 2022-03-10 12:05:58.938576 >> Protectile #4 has been created! Type: Light
(ENTRY #40) 2022-03-10 12:05:58.938576 >> Projectile created! ID: #4
(ENTRY #41) 2022-03-10 12:05:58.938576 >> MOUSEPOS: (450.0, 449.75)
(ENTRY #42) 2022-03-10 12:05:58.938576 >> SLOPE CALC:None
(ENTRY #43) 2022-03-10 12:05:58.938576 >> Object lightRound has been created!
(ENTRY #44) 2022-03-10 12:05:58.938576 >> Protectile #6 has been created! Type: Light
(ENTRY #45) 2022-03-10 12:05:58.938576 >> Projectile created! ID: #6
(ENTRY #46) 2022-03-10 12:05:58.939603 >> MOUSEPOS: (450.0, 449.75)
(ENTRY #47) 2022-03-10 12:05:58.939603 >> SLOPE CALC:None
(ENTRY #48) 2022-03-10 12:05:58.939603 >> Object lightRound has been created!
(ENTRY #49) 2022-03-10 12:05:58.939603 >> Protectile #8 has been created! Type: Light
(ENTRY #50) 2022-03-10 12:05:58.939603 >> Projectile created! ID: #8
(ENTRY #51) 2022-03-10 12:05:58.939603 >> MOUSEPOS: (450.0, 449.75)
(ENTRY #52) 2022-03-10 12:05:58.939603 >> SLOPE CALC:None
(ENTRY #53) 2022-03-10 12:05:58.939603 >> Object lightRound has been created!
(ENTRY #54) 2022-03-10 12:05:58.940602 >> Protectile #10 has been created! Type: Light
(ENTRY #55) 2022-03-10 12:05:58.940602 >> Projectile created! ID: #10
(ENTRY #56) 2022-03-10 12:05:58.940602 >> MOUSEPOS: (450.0, 449.0)
(ENTRY #57) 2022-03-10 12:05:58.940602 >> SLOPE CALC:None
(ENTRY #58) 2022-03-10 12:05:58.940602 >> Object lightRound has been created!
(ENTRY #59) 2022-03-10 12:05:58.941603 >> Protectile #12 has been created! Type: Light
(ENTRY #60) 2022-03-10 12:05:58.941603 >> Projectile created! ID: #12
(ENTRY #61) 2022-03-10 12:05:58.941603 >> MOUSEPOS: (450.0, 449.0)
(ENTRY #62) 2022-03-10 12:05:58.941603 >> SLOPE CALC:None
(ENTRY #63) 2022-03-10 12:05:58.941603 >> Object lightRound has been created!
(ENTRY #64) 2022-03-10 12:05:58.941603 >> Protectile #14 has been created! Type: Light
(ENTRY #65) 2022-03-10 12:05:58.941603 >> Projectile created! ID: #14
(ENTRY #66) 2022-03-10 12:05:58.941603 >> MOUSEPOS: (450.0, 449.0)
(ENTRY #67) 2022-03-10 12:05:58.941603 >> SLOPE CALC:None
(ENTRY #68) 2022-03-10 12:05:58.941603 >> Object lightRound has been created!
(ENTRY #69) 2022-03-10 12:05:58.942603 >> Protectile #16 has been created! Type: Light
(ENTRY #70) 2022-03-10 12:05:58.942603 >> Projectile created! ID: #16
(ENTRY #71) 2022-03-10 12:05:58.942603 >> MOUSEPOS: (450.0, 449.0)
(ENTRY #72) 2022-03-10 12:05:58.942603 >> SLOPE CALC:None
(ENTRY #73) 2022-03-10 12:05:58.942603 >> Object lightRound has been created!
(ENTRY #74) 2022-03-10 12:05:58.943580 >> Protectile #18 has been created! Type: Light
(ENTRY #75) 2022-03-10 12:05:58.943580 >> Projectile created! ID: #18
(ENTRY #76) 2022-03-10 12:05:58.943580 >> MOUSEPOS: (450.0, 449.0)
(ENTRY #77) 2022-03-10 12:05:58.943580 >> SLOPE CALC:None
(ENTRY #78) 2022-03-10 12:05:58.943580 >> Object lightRound has been created!
(ENTRY #79) 2022-03-10 12:05:58.944570 >> Protectile #20 has been created! Type: Light
(ENTRY #80) 2022-03-10 12:05:58.944570 >> Projectile created! ID: #20
(ENTRY #81) 2022-03-10 12:05:58.944570 >> entity_1_0 and entity_1_1 have collided!
(ENTRY #82) 2022-03-10 12:05:58.944570 >> entity_1_0 and entity_1_2 have collided!
(ENTRY #83) 2022-03-10 12:05:58.944570 >> entity_1_0 and entity_1_3 have collided!
(ENTRY #84) 2022-03-10 12:05:58.944570 >> entity_1_0 and entity_1_4 have collided!
(ENTRY #85) 2022-03-10 12:05:58.944570 >> entity_1_0 and entity_2_0 have collided!
(ENTRY #86) 2022-03-10 12:05:58.944570 >> entity_1_0 and entity_2_1 have collided!
(ENTRY #87) 2022-03-10 12:05:58.944570 >> entity_1_0 and entity_2_2 have collided!
(ENTRY #88) 2022-03-10 12:05:58.944570 >> entity_1_0 and entity_2_3 have collided!
(ENTRY #89) 2022-03-10 12:05:58.944570 >> entity_1_0 and entity_2_4 have collided!
(ENTRY #90) 2022-03-10 12:05:58.944570 >> entity_1_1 and entity_1_0 have collided!
(ENTRY #91) 2022-03-10 12:05:58.944570 >> entity_1_1 and entity_1_2 have collided!
(ENTRY #92) 2022-03-10 12:05:58.944570 >> entity_1_1 and entity_1_3 have collided!
(ENTRY #93) 2022-03-10 12:05:58.944570 >> entity_1_1 and entity_1_4 have collided!
(ENTRY #94) 2022-03-10 12:05:58.944570 >> entity_1_1 and entity_2_0 have collided!
(ENTRY #95) 2022-03-10 12:05:58.944570 >> entity_1_1 and entity_2_1 have collided!
(ENTRY #96) 2022-03-10 12:05:58.944570 >> entity_1_1 and entity_2_2 have collided!
(ENTRY #97) 2022-03-10 12:05:58.944570 >> entity_1_1 and entity_2_3 have collided!
(ENTRY #98) 2022-03-10 12:05:58.944570 >> entity_1_1 and entity_2_4 have collided!
(ENTRY #99) 2022-03-10 12:05:58.944570 >> entity_1_2 and entity_1_0 have collided!
(ENTRY #100) 2022-03-10 12:05:58.944570 >> entity_1_2 and entity_1_1 have collided!
(ENTRY #101) 2022-03-10 12:05:58.944570 >> entity_1_2 and entity_1_3 have collided!
(ENTRY #102) 2022-03-10 12:05:58.944570 >> entity_1_2 and entity_1_4 have collided!
(ENTRY #103) 2022-03-10 12:05:58.944570 >> entity_1_2 and entity_2_0 have collided!
(ENTRY #104) 2022-03-10 12:05:58.944570 >> entity_1_2 and entity_2_1 have collided!
(ENTRY #105) 2022-03-10 12:05:58.944570 >> entity_1_2 and entity_2_2 have collided!
(ENTRY #106) 2022-03-10 12:05:58.944570 >> entity_1_2 and entity_2_3 have collided!
(ENTRY #107) 2022-03-10 12:05:58.944570 >> entity_1_2 and entity_2_4 have collided!
(ENTRY #108) 2022-03-10 12:05:58.944570 >> entity_1_3 and entity_1_0 have collided!
(ENTRY #109) 2022-03-10 12:05:58.944570 >> entity_1_3 and entity_1_1 have collided!
(ENTRY #110) 2022-03-10 12:05:58.944570 >> entity_1_3 and entity_1_2 have collided!
(ENTRY #111) 2022-03-10 12:05:58.944570 >> entity_1_3 and entity_1_4 have collided!
(ENTRY #112) 2022-03-10 12:05:58.944570 >> entity_1_3 and entity_2_0 have collided!
(ENTRY #113) 2022-03-10 12:05:58.944570 >> entity_1_3 and entity_2_1 have collided!
(ENTRY #114) 2022-03-10 12:05:58.944570 >> entity_1_3 and entity_2_2 have collided!
(ENTRY #115) 2022-03-10 12:05:58.944570 >> entity_1_3 and entity_2_3 have collided!
(ENTRY #116) 2022-03-10 12:05:58.944570 >> entity_1_3 and entity_2_4 have collided!
(ENTRY #117) 2022-03-10 12:05:58.944570 >> entity_1_4 and entity_1_0 have collided!
(ENTRY #118) 2022-03-10 12:05:58.944570 >> entity_1_4 and entity_1_1 have collided!
(ENTRY #119) 2022-03-10 12:05:58.944570 >> entity_1_4 and entity_1_2 have collided!
(ENTRY #120) 2022-03-10 12:05:58.944570 >> entity_1_4 and entity_1_3 have collided!
(ENTRY #121) 2022-03-10 12:05:58.945572 >> entity_1_4 and entity_2_0 have collided!
(ENTRY #122) 2022-03-10 12:05:58.945572 >> entity_1_4 and entity_2_1 have collided!
(ENTRY #123) 2022-03-10 12:05:58.945572 >> entity_1_4 and entity_2_2 have collided!
(ENTRY #124) 2022-03-10 12:05:58.945572 >> entity_1_4 and entity_2_3 have collided!
(ENTRY #125) 2022-03-10 12:05:58.945572 >> entity_1_4 and entity_2_4 have collided!
(ENTRY #126) 2022-03-10 12:05:58.945572 >> entity_2_0 and entity_1_0 have collided!
(ENTRY #127) 2022-03-10 12:05:58.945572 >> entity_2_0 and entity_1_1 have collided!
(ENTRY #128) 2022-03-10 12:05:58.945572 >> entity_2_0 and entity_1_2 have collided!
(ENTRY #129) 2022-03-10 12:05:58.945572 >> entity_2_0 and entity_1_3 have collided!
(ENTRY #130) 2022-03-10 12:05:58.945572 >> entity_2_0 and entity_1_4 have collided!
(ENTRY #131) 2022-03-10 12:05:58.945572 >> entity_2_0 and entity_2_1 have collided!
(ENTRY #132) 2022-03-10 12:05:58.945572 >> entity_2_0 and entity_2_2 have collided!
(ENTRY #133) 2022-03-10 12:05:58.945572 >> entity_2_0 and entity_2_3 have collided!
(ENTRY #134) 2022-03-10 12:05:58.945572 >> entity_2_0 and entity_2_4 have collided!
(ENTRY #135) 2022-03-10 12:05:58.945572 >> entity_2_1 and entity_1_0 have collided!
(ENTRY #136) 2022-03-10 12:05:58.945572 >> entity_2_1 and entity_1_1 have collided!
(ENTRY #137) 2022-03-10 12:05:58.945572 >> entity_2_1 and entity_1_2 have collided!
(ENTRY #138) 2022-03-10 12:05:58.945572 >> entity_2_1 and entity_1_3 have collided!
(ENTRY #139) 2022-03-10 12:05:58.945572 >> entity_2_1 and entity_1_4 have collided!
(ENTRY #140) 2022-03-10 12:05:58.945572 >> entity_2_1 and entity_2_0 have collided!
(ENTRY #141) 2022-03-10 12:05:58.945572 >> entity_2_1 and entity_2_2 have collided!
(ENTRY #142) 2022-03-10 12:05:58.945572 >> entity_2_1 and entity_2_3 have collided!
(ENTRY #143) 2022-03-10 12:05:58.945572 >> entity_2_1 and entity_2_4 have collided!
(ENTRY #144) 2022-03-10 12:05:58.945572 >> entity_2_2 and entity_1_0 have collided!
(ENTRY #145) 2022-03-10 12:05:58.945572 >> entity_2_2 and entity_1_1 have collided!
(ENTRY #146) 2022-03-10 12:05:58.945572 >> entity_2_2 and entity_1_2 have collided!
(ENTRY #147) 2022-03-10 12:05:58.945572 >> entity_2_2 and entity_1_3 have collided!
(ENTRY #148) 2022-03-10 12:05:58.945572 >> entity_2_2 and entity_1_4 have collided!
(ENTRY #149) 2022-03-10 12:05:58.945572 >> entity_2_2 and entity_2_0 have collided!
(ENTRY #150) 2022-03-10 12:05:58.945572 >> entity_2_2 and entity_2_1 have collided!
(ENTRY #151) 2022-03-10 12:05:58.945572 >> entity_2_2 and entity_2_3 have collided!
(ENTRY #152) 2022-03-10 12:05:58.945572 >> entity_2_2 and entity_2_4 have collided!
(ENTRY #153) 2022-03-10 12:05:58.945572 >> entity_2_3 and entity_1_0 have collided!
(ENTRY #154) 2022-03-10 12:05:58.945572 >> entity_2_3 and entity_1_1 have collided!
(ENTRY #155) 2022-03-10 12:05:58.945572 >> entity_2_3 and entity_1_2 have collided!
(ENTRY #156) 2022-03-10 12:05:58.945572 >> entity_2_3 and entity_1_3 have collided!
(ENTRY #157) 2022-03-10 12:05:58.945572 >> entity_2_3 and entity_1_4 have collided!
(ENTRY #158) 2022-03-10 12:05:58.945572 >> entity_2_3 and entity_2_0 have collided!
(ENTRY #159) 2022-03-10 12:05:58.945572 >> entity_2_3 and entity_2_1 have collided!
(ENTRY #160) 2022-03-10 12:05:58.945572 >> entity_2_3 and entity_2_2 have collided!
(ENTRY #161) 2022-03-10 12:05:58.945572 >> entity_2_3 and entity_2_4 have collided!
(ENTRY #162) 2022-03-10 12:05:58.945572 >> entity_2_4 and entity_1_0 have collided!
(ENTRY #163) 2022-03-10 12:05:58.945572 >> entity_2_4 and entity_1_1 have collided!
(ENTRY #164) 2022-03-10 12:05:58.945572 >> entity_2_4 and entity_1_2 have collided!
(ENTRY #165) 2022-03-10 12:05:58.945572 >> entity_2_4 and entity_1_3 have collided!
(ENTRY #166) 2022-03-10 12:05:58.945572 >> entity_2_4 and entity_1_4 have collided!
(ENTRY #167) 2022-03-10 12:05:58.945572 >> entity_2_4 and entity_2_0 have collided!
(ENTRY #168) 2022-03-10 12:05:58.945572 >> entity_2_4 and entity_2_1 have collided!
(ENTRY #169) 2022-03-10 12:05:58.946602 >> entity_2_4 and entity_2_2 have collided!
(ENTRY #170) 2022-03-10 12:05:58.946602 >> entity_2_4 and entity_2_3 have collided!
(ENTRY #171) 2022-03-10 12:05:58.946602 >> Projectile has hit!
(ENTRY #172) 2022-03-10 12:05:58.946602 >> Projectile has hit!
(ENTRY #173) 2022-03-10 12:05:58.946602 >> Projectile has hit!
(ENTRY #174) 2022-03-10 12:05:58.946602 >> Projectile has hit!
(ENTRY #175) 2022-03-10 12:05:58.946602 >> Projectile has hit!
(ENTRY #176) 2022-03-10 12:05:58.946602 >> Projectile has hit!
(ENTRY #177) 2022-03-10 12:05:58.946602 >> Projectile has hit!
(ENTRY #178) 2022-03-10 12:05:58.946602 >> Projectile has hit!
(ENTRY #179) 2022-03-10 12:05:58.946602 >> Projectile has hit!
(ENTRY #180) 2022-03-10 12:05:58.946602 >> Projectile has hit!
(ENTRY #181) 2022-03-10 12:05:58.946602 >> Projectile has hit!
(ENTRY #182) 2022-03-10 12:05:58.946602 >> Projectile has hit!
(ENTRY #183) 2022-03-10 12:05:58.946602 >> Projectile has hit!
(ENTRY #184) 2022-03-10 12:05:58.946602 >> Projectile has hit!
(ENTRY #185) 2022-03-10 12:05:58.946602 >> Projectile has hit!
(ENTRY #186) 2022-03-10 12:05:58.946602 >> Projectile has hit!
(ENTRY #187) 2022-03-10 12:05:58.946602 >> Projectile has hit!
(ENTRY #188) 2022-03-10 12:05:58.946602 >> Projectile has hit!
(ENTRY #189) 2022-03-10 12:05:58.946602 >> Projectile has hit!
(ENTRY #190) 2022-03-10 12:05:58.946602 >> Projectile has hit!
(ENTRY #191) 2022-03-10 12:05:58.946602 >> Projectile has hit!
(ENTRY #192) 2022-03-10 12:05:58.946602 >> Projectile has hit!
(ENTRY #193) 2022-03-10 12:05:58.946602 >> Projectile has hit!
(ENTRY #194) 2022-03-10 12:05:58.946602 >> Projectile has hit!
(ENTRY #195) 2022-03-10 12:05:58.946602 >> Projectile has hit!
(ENTRY #196) 2022-03-10 12:05:58.946602 >> Projectile has hit!
(ENTRY #197) 2022-03-10 12:05:58.946602 >> Projectile has hit!
(ENTRY #198) 2022-03-10 12:05:58.946602 >> Projectile has hit!
(ENTRY #199) 2022-03-10 12:05:58.946602 >> Projectile has hit!
(ENTRY #200) 2022-03-10 12:05:58.946602 >> Projectile has hit!
(ENTRY #201) 2022-03-10 12:05:58.946602 >> Projectile has hit!
(ENTRY #202) 2022-03-10 12:05:58.946602 >> Projectile has hit!
(ENTRY #203) 2022-03-10 12:05:58.946602 >> Projectile has hit!
(ENTRY #204) 2022-03-10 12:05:58.946602 >> Projectile has hit!
(ENTRY #205) 2022-03-10 12:05:58.946602 >> Projectile has hit!
(ENTRY #206) 2022-03-10 12:05:58.946602 >> Projectile has hit!
(ENTRY #207) 2022-03-10 12:05:58.946602 >> Projectile has hit!
(ENTRY #208) 2022-03-10 12:05:58.946602 >> Projectile has hit!
(ENTRY #209) 2022-03-10 12:05:58.946602 >> Projectile has hit!
(ENTRY #210) 2022-03-10 12:05:58.946602 >> Projectile has hit!
(ENTRY #211) 2022-03-10 12:05:58.946602 >> Projectile has hit!
(ENTRY #212) 2022-03-10 12:05:58.946602 >> Projectile has hit!
(ENTRY #213) 2022-03-10 12:05:58.946602 >> Projectile has hit!
(ENTRY #214) 2022-03-10 12:05:58.946602 >> Projectile has hit!
(ENTRY #215) 2022-03-10 12:05:58.946602 >> Projectile has hit!
(ENTRY #216) 2022-03-10 12:05:58.946602 >> Projectile has hit!
(ENTRY #217) 2022-03-10 12:05:58.946602 >> Projectile has hit!
(ENTRY #218) 2022-03-10 12:05:58.946602 >> Projectile has hit!
(ENTRY #219) 2022-03-10 12:05:58.947602 >> Projectile has hit!
(ENTRY #220) 2022-03-10 12:05:58.947602 >> Projectile has hit!
(ENTRY #221) 2022-03-10 12:05:58.947602 >> Projectile has hit!
(ENTRY #222) 2022-03-10 12:05:58.947602 >> Projectile has hit!
(ENTRY #223) 2022-03-10 12:05:58.947602 >> Projectile has hit!
(ENTRY #224) 2022-03-10 12:05:58.947602 >> Projectile has hit!
(ENTRY #225) 2022-03-10 12:05:58.947602 >> Projectile has hit!
(ENTRY #226) 2022-03-10 12:05:58.947602 >> Projectile has hit!
(ENTRY #227) 2022-03-10 12:05:58.947602 >> Projectile has hit!
(ENTRY #228) 2022-03-10 12:05:58.947602 >> Projectile has hit!
(ENTRY #229) 2022-03-10 12:05:58.947602 >> Projectile has hit!
(ENTRY #230) 2022-03-10 12:05:58.947602 >> Projectile has hit!
(ENTRY #231) 2022-03-10 12:05:58.947602 >> Projectile has hit!
(ENTRY #232) 2022-03-10 12:05:58.947602 >> Projectile has hit!
(ENTRY #233) 2022-03-10 12:05:58.947602 >> Projectile has hit!
(ENTRY #234) 2022-03-10 12:05:58.947602 >> Projectile has hit!
(ENTRY #235) 2022-03-10 12:05:58.947602 >> Projectile has hit!
(ENTRY #236) 2022-03-10 12:05:58.947602 >> Projectile has hit!
(ENTRY #237) 2022-03-10 12:05:58.947602 >> Projectile has hit!
(ENTRY #238) 2022-03-10 12:05:58.947602 >> Projectile has hit!
(ENTRY #239) 2022-03-10 12:05:58.947602 >> Projectile has hit!
(ENTRY #240) 2022-03-10 12:05:58.947602 >> Projectile has hit!
(ENTRY #241) 2022-03-10 12:05:58.947602 >> Projectile has hit!
(ENTRY #242) 2022-03-10 12:05:58.947602 >> Projectile has hit!
(ENTRY #243) 2022-03-10 12:05:58.947602 >> Projectile has hit!
(ENTRY #244) 2022-03-10 12:05:58.947602 >> Projectile has hit!
(ENTRY #245) 2022-03-10 12:05:58.947602 >> Projectile has hit!
(ENTRY #246) 2022-03-10 12:05:58.947602 >> Projectile has hit!
(ENTRY #247) 2022-03-10 12:05:58.947602 >> Projectile has hit!
(ENTRY #248) 2022-03-10 12:05:58.947602 >> Projectile has hit!
(ENTRY #249) 2022-03-10 12:05:58.947602 >> Projectile has hit!
(ENTRY #250) 2022-03-10 12:05:58.947602 >> Projectile has hit!
(ENTRY #251) 2022-03-10 12:05:58.947602 >> Projectile has hit!
(ENTRY #252) 2022-03-10 12:05:58.947602 >> Projectile has hit!
(ENTRY #253) 2022-03-10 12:05:58.947602 >> Projectile has hit!
(ENTRY #254) 2022-03-10 12:05:58.947602 >> Projectile has hit!
(ENTRY #255) 2022-03-10 12:05:58.947602 >> Projectile has hit!
(ENTRY #256) 2022-03-10 12:05:58.948602 >> Projectile has hit!
(ENTRY #257) 2022-03-10 12:05:58.948602 >> Projectile has hit!
(ENTRY #258) 2022-03-10 12:05:58.948602 >> Projectile has hit!
(ENTRY #259) 2022-03-10 12:05:58.948602 >> Projectile has hit!
(ENTRY #260) 2022-03-10 12:05:58.948602 >> Projectile has hit!
(ENTRY #261) 2022-03-10 12:05:58.948602 >> Projectile removed!
(ENTRY #262) 2022-03-10 12:05:58.948602 >> Projectile removed!
(ENTRY #263) 2022-03-10 12:05:58.948602 >> Projectile removed!
(ENTRY #264) 2022-03-10 12:05:58.948602 >> Projectile removed!
(ENTRY #265) 2022-03-10 12:05:58.948602 >> Projectile removed!
(ENTRY #266) 2022-03-10 12:05:58.948602 >> Projectile removed!
(ENTRY #267) 2022-03-10 12:05:58.948602 >> Projectile removed!
(ENTRY #268) 2022-03-10 12:05:58.948602 >> Projectile removed!
(ENTRY #269) 2022-03-10 12:05:58.948602 >> Projectile removed!
(ENTRY #270) 2022-03-10 12:05:58.948602 >> Projectile removed!
(ENTRY #271) 2022-03-10 12:05:59.111397 >> Game resumed!
(ENTRY #272) 2022-03-10 12:05:59.208426 >> Game resumed!
(ENTRY #273) 2022-03-10 12:05:59.964481 >> Cloud created! ID: #2
(ENTRY #274) 2022-03-10 12:06:00.973793 >> Cloud created! ID: #3
(ENTRY #275) 2022-03-10 12:06:02.099559 >> Cloud created! ID: #4
(ENTRY #276) 2022-03-10 12:06:03.206329 >> Cloud created! ID: #5
(ENTRY #277) 2022-03-10 12:06:04.353384 >> Cloud created! ID: #6
(ENTRY #278) 2022-03-10 12:06:05.427074 >> Cloud created! ID: #7
(ENTRY #279) 2022-03-10 12:06:06.471135 >> Cloud created! ID: #8
(ENTRY #280) 2022-03-10 12:06:06.537859 >> Cloud removed! ID: #8
(ENTRY #281) 2022-03-10 12:06:07.546513 >> Cloud created! ID: #9
(ENTRY #282) 2022-03-10 12:06:08.581108 >> Cloud created! ID: #10
(ENTRY #283) 2022-03-10 12:06:09.272861 >> Cloud removed! ID: #10
(ENTRY #284) 2022-03-10 12:06:09.567619 >> Cloud removed! ID: #10
(ENTRY #285) 2022-03-10 12:06:09.610620 >> Cloud created! ID: #11
(ENTRY #286) 2022-03-10 12:06:10.378012 >> Cloud removed! ID: #11
(ENTRY #287) 2022-03-10 12:06:10.631263 >> Cloud created! ID: #12
(ENTRY #288) 2022-03-10 12:06:11.674496 >> Cloud created! ID: #13
(ENTRY #289) 2022-03-10 12:06:12.751485 >> Cloud created! ID: #14
(ENTRY #290) 2022-03-10 12:06:13.782872 >> Cloud created! ID: #15
(ENTRY #291) 2022-03-10 12:06:13.878901 >> Cloud removed! ID: #15
(ENTRY #292) 2022-03-10 12:06:14.517472 >> Cloud removed! ID: #15
(ENTRY #293) 2022-03-10 12:06:14.808179 >> Cloud created! ID: #16
(ENTRY #294) 2022-03-10 12:06:14.915697 >> Cloud removed! ID: #16
(ENTRY #295) 2022-03-10 12:06:14.943730 >> Cloud removed! ID: #16
(ENTRY #296) 2022-03-10 12:06:15.842430 >> Cloud removed! ID: #16
(ENTRY #297) 2022-03-10 12:06:15.856467 >> Cloud created! ID: #17
(ENTRY #298) 2022-03-10 12:06:15.951999 >> Cloud removed! ID: #17
(ENTRY #299) 2022-03-10 12:06:16.872203 >> Cloud created! ID: #18
(ENTRY #300) 2022-03-10 12:06:17.893461 >> Cloud created! ID: #19
(ENTRY #301) 2022-03-10 12:06:17.960430 >> Cloud removed! ID: #19
(ENTRY #302) 2022-03-10 12:06:17.960430 >> Cloud removed! ID: #19
(ENTRY #303) 2022-03-10 12:06:18.920086 >> Cloud created! ID: #20
(ENTRY #304) 2022-03-10 12:06:19.003083 >> Cloud removed! ID: #20
(ENTRY #305) 2022-03-10 12:06:19.701026 >> Cloud removed! ID: #20
(ENTRY #306) 2022-03-10 12:06:20.104336 >> Cloud created! ID: #21
(ENTRY #307) 2022-03-10 12:06:20.772641 >> Cloud removed! ID: #21
(ENTRY #308) 2022-03-10 12:06:21.108085 >> Cloud created! ID: #22
(ENTRY #309) 2022-03-10 12:06:21.784333 >> Cloud removed! ID: #22
(ENTRY #310) 2022-03-10 12:06:22.222629 >> Cloud created! ID: #23
(ENTRY #311) 2022-03-10 12:06:23.223835 >> Cloud created! ID: #24
(ENTRY #312) 2022-03-10 12:06:23.860656 >> Cloud removed! ID: #24
(ENTRY #313) 2022-03-10 12:06:24.239077 >> Cloud created! ID: #25
(ENTRY #314) 2022-03-10 12:06:25.256906 >> Cloud created! ID: #26
(ENTRY #315) 2022-03-10 12:06:25.296904 >> Cloud removed! ID: #26
(ENTRY #316) 2022-03-10 12:06:26.257719 >> Cloud created! ID: #27
(ENTRY #317) 2022-03-10 12:06:27.267172 >> Cloud created! ID: #28
(ENTRY #318) 2022-03-10 12:06:27.505736 >> Cloud removed! ID: #28
(ENTRY #319) 2022-03-10 12:06:28.149083 >> Cloud removed! ID: #28
(ENTRY #320) 2022-03-10 12:06:28.347954 >> Cloud created! ID: #29
(ENTRY #321) 2022-03-10 12:06:28.494955 >> Cloud removed! ID: #29
(ENTRY #322) 2022-03-10 12:06:28.534948 >> Cloud removed! ID: #29
(ENTRY #323) 2022-03-10 12:06:29.158028 >> Cloud removed! ID: #29
(ENTRY #324) 2022-03-10 12:06:29.557911 >> Cloud created! ID: #30
(ENTRY #325) 2022-03-10 12:06:29.597910 >> Cloud removed! ID: #30
(ENTRY #326) 2022-03-10 12:06:30.163808 >> Cloud removed! ID: #30
(ENTRY #327) 2022-03-10 12:06:30.614664 >> Cloud created! ID: #31
(ENTRY #328) 2022-03-10 12:06:31.201398 >> Cloud removed! ID: #31
(ENTRY #329) 2022-03-10 12:06:31.625013 >> Cloud created! ID: #32
(ENTRY #330) 2022-03-10 12:06:32.640903 >> Cloud created! ID: #33
(ENTRY #331) 2022-03-10 12:06:33.393653 >> Cloud removed! ID: #33
(ENTRY #332) 2022-03-10 12:06:33.668692 >> Cloud created! ID: #34
(ENTRY #333) 2022-03-10 12:06:34.747535 >> Cloud created! ID: #35
(ENTRY #334) 2022-03-10 12:06:35.038576 >> Cloud removed! ID: #35
(ENTRY #335) 2022-03-10 12:06:35.761004 >> Cloud created! ID: #36
(ENTRY #336) 2022-03-10 12:06:37.019296 >> Cloud created! ID: #37
(ENTRY #337) 2022-03-10 12:06:37.087296 >> Cloud removed! ID: #37
(ENTRY #338) 2022-03-10 12:06:38.032920 >> Cloud created! ID: #38
(ENTRY #339) 2022-03-10 12:06:38.124484 >> Cloud removed! ID: #38
(ENTRY #340) 2022-03-10 12:06:38.577256 >> Cloud removed! ID: #38
(ENTRY #341) 2022-03-10 12:06:39.053924 >> Cloud created! ID: #39
(ENTRY #342) 2022-03-10 12:06:40.065863 >> Cloud removed! ID: #39
(ENTRY #343) 2022-03-10 12:06:40.078859 >> Cloud created! ID: #40
(ENTRY #344) 2022-03-10 12:06:41.117162 >> Cloud created! ID: #41
(ENTRY #345) 2022-03-10 12:06:42.103528 >> Cloud removed! ID: #41
(ENTRY #346) 2022-03-10 12:06:42.156589 >> Cloud removed! ID: #41
(ENTRY #347) 2022-03-10 12:06:42.394310 >> Cloud created! ID: #42
(ENTRY #348) 2022-03-10 12:06:43.113806 >> Cloud removed! ID: #42
(ENTRY #349) 2022-03-10 12:06:43.458837 >> Cloud created! ID: #43
(ENTRY #350) 2022-03-10 12:06:44.486120 >> Cloud created! ID: #44
(ENTRY #351) 2022-03-10 12:06:45.535700 >> Cloud created! ID: #45
(ENTRY #352) 2022-03-10 12:06:46.401591 >> Cloud removed! ID: #45
(ENTRY #353) 2022-03-10 12:06:46.441693 >> Cloud removed! ID: #45
(ENTRY #354) 2022-03-10 12:06:46.549465 >> Cloud created! ID: #46
(ENTRY #355) 2022-03-10 12:06:47.279680 >> Cloud removed! ID: #46
(ENTRY #356) 2022-03-10 12:06:47.431402 >> Cloud removed! ID: #46
(ENTRY #357) 2022-03-10 12:06:47.686486 >> Cloud created! ID: #47
(ENTRY #358) 2022-03-10 12:06:48.488302 >> Cloud removed! ID: #47
(ENTRY #359) 2022-03-10 12:06:48.760407 >> Cloud created! ID: #48
(ENTRY #360) 2022-03-10 12:06:49.412369 >> Cloud removed! ID: #48
(ENTRY #361) 2022-03-10 12:06:49.845632 >> Cloud created! ID: #49
(ENTRY #362) 2022-03-10 12:06:50.465491 >> Cloud removed! ID: #49
(ENTRY #363) 2022-03-10 12:06:50.823718 >> Cloud removed! ID: #49
(ENTRY #364) 2022-03-10 12:06:50.850716 >> Cloud created! ID: #50
(ENTRY #365) 2022-03-10 12:06:51.739179 >> Cloud removed! ID: #50
(ENTRY #366) 2022-03-10 12:06:51.949420 >> Cloud created! ID: #51
(ENTRY #367) 2022-03-10 12:06:52.750019 >> Cloud removed! ID: #51
(ENTRY #368) 2022-03-10 12:06:53.009189 >> Cloud created! ID: #52
(ENTRY #369) 2022-03-10 12:06:53.650720 >> Cloud removed! ID: #52
(ENTRY #370) 2022-03-10 12:06:53.919918 >> Cloud removed! ID: #52
(ENTRY #371) 2022-03-10 12:06:54.213670 >> Cloud created! ID: #53
(ENTRY #372) 2022-03-10 12:06:55.222417 >> Cloud created! ID: #54
(ENTRY #373) 2022-03-10 12:06:55.741365 >> Cloud removed! ID: #54
(ENTRY #374) 2022-03-10 12:06:56.242862 >> Cloud created! ID: #55
(ENTRY #375) 2022-03-10 12:06:56.859153 >> Cloud removed! ID: #55
(ENTRY #376) 2022-03-10 12:06:57.361215 >> Cloud created! ID: #56
(ENTRY #377) 2022-03-10 12:06:57.921741 >> Cloud removed! ID: #56
(ENTRY #378) 2022-03-10 12:06:58.369842 >> Cloud created! ID: #57
(ENTRY #379) 2022-03-10 12:06:59.387537 >> Cloud created! ID: #58
(ENTRY #380) 2022-03-10 12:07:00.136339 >> Cloud removed! ID: #58
(ENTRY #381) 2022-03-10 12:07:00.479788 >> Cloud created! ID: #59
(ENTRY #382) 2022-03-10 12:07:01.479788 >> Cloud created! ID: #60
(ENTRY #383) 2022-03-10 12:07:01.587920 >> Cloud removed! ID: #60
(ENTRY #384) 2022-03-10 12:07:02.431165 >> Cloud removed! ID: #60
(ENTRY #385) 2022-03-10 12:07:02.484937 >> Cloud created! ID: #61
(ENTRY #386) 2022-03-10 12:07:03.492677 >> Cloud created! ID: #62
(ENTRY #387) 2022-03-10 12:07:04.541187 >> Cloud created! ID: #63
(ENTRY #388) 2022-03-10 12:07:04.556184 >> Cloud removed! ID: #63
(ENTRY #389) 2022-03-10 12:07:05.553394 >> Cloud created! ID: #64
(ENTRY #390) 2022-03-10 12:07:06.583234 >> Cloud created! ID: #65
(ENTRY #391) 2022-03-10 12:07:07.737811 >> Cloud created! ID: #66
(ENTRY #392) 2022-03-10 12:07:07.915165 >> Cloud removed! ID: #66
(ENTRY #393) 2022-03-10 12:07:08.484066 >> Cloud removed! ID: #66
(ENTRY #394) 2022-03-10 12:07:08.767781 >> Cloud created! ID: #67
(ENTRY #395) 2022-03-10 12:07:08.920028 >> Cloud removed! ID: #67
(ENTRY #396) 2022-03-10 12:07:09.552523 >> Cloud removed! ID: #67
(ENTRY #397) 2022-03-10 12:07:09.810543 >> Cloud created! ID: #68
(ENTRY #398) 2022-03-10 12:07:09.933546 >> Cloud removed! ID: #68
(ENTRY #399) 2022-03-10 12:07:10.518888 >> Cloud removed! ID: #68
(ENTRY #400) 2022-03-10 12:07:10.852936 >> Cloud created! ID: #69
(ENTRY #401) 2022-03-10 12:07:11.066319 >> Cloud removed! ID: #69
(ENTRY #402) 2022-03-10 12:07:11.999568 >> Cloud created! ID: #70
(ENTRY #403) 2022-03-10 12:07:12.172273 >> Cloud removed! ID: #70
(ENTRY #404) 2022-03-10 12:07:13.035805 >> Cloud created! ID: #71
(ENTRY #405) 2022-03-10 12:07:13.171323 >> Cloud removed! ID: #71
(ENTRY #406) 2022-03-10 12:07:13.955747 >> Cloud removed! ID: #71
(ENTRY #407) 2022-03-10 12:07:14.061015 >> Cloud created! ID: #72
(ENTRY #408) 2022-03-10 12:07:14.183017 >> Cloud removed! ID: #72
(ENTRY #409) 2022-03-10 12:07:14.690013 >> Cloud removed! ID: #72
(ENTRY #410) 2022-03-10 12:07:15.089720 >> Cloud removed! ID: #72
(ENTRY #411) 2022-03-10 12:07:15.103718 >> Cloud created! ID: #73
(ENTRY #412) 2022-03-10 12:07:15.721956 >> Cloud removed! ID: #73
(ENTRY #413) 2022-03-10 12:07:16.114369 >> Cloud created! ID: #74
(ENTRY #414) 2022-03-10 12:07:17.136090 >> Cloud created! ID: #75
(ENTRY #415) 2022-03-10 12:07:18.173582 >> Cloud created! ID: #76
(ENTRY #416) 2022-03-10 12:07:19.353596 >> Cloud created! ID: #77
(ENTRY #417) 2022-03-10 12:07:20.459640 >> Cloud created! ID: #78
(ENTRY #418) 2022-03-10 12:07:21.006698 >> Cloud removed! ID: #78
(ENTRY #419) 2022-03-10 12:07:21.397643 >> Cloud removed! ID: #78
(ENTRY #420) 2022-03-10 12:07:21.519651 >> Cloud created! ID: #79
(ENTRY #421) 2022-03-10 12:07:22.521651 >> Cloud created! ID: #80
(ENTRY #422) 2022-03-10 12:07:23.506331 >> Cloud removed! ID: #80
(ENTRY #423) 2022-03-10 12:07:23.712939 >> Cloud created! ID: #81
(ENTRY #424) 2022-03-10 12:07:24.331473 >> Cloud removed! ID: #81
(ENTRY #425) 2022-03-10 12:07:24.735306 >> Cloud created! ID: #82
(ENTRY #426) 2022-03-10 12:07:25.601490 >> Cloud removed! ID: #82
(ENTRY #427) 2022-03-10 12:07:25.736197 >> Cloud created! ID: #83
(ENTRY #428) 2022-03-10 12:07:26.485538 >> Cloud removed! ID: #83
(ENTRY #429) 2022-03-10 12:07:26.752832 >> Cloud removed! ID: #83
(ENTRY #430) 2022-03-10 12:07:26.779833 >> Cloud created! ID: #84
(ENTRY #431) 2022-03-10 12:07:27.795206 >> Cloud removed! ID: #84
(ENTRY #432) 2022-03-10 12:07:27.849267 >> Cloud created! ID: #85
(ENTRY #433) 2022-03-10 12:07:28.980495 >> Cloud created! ID: #86
(ENTRY #434) 2022-03-10 12:07:29.869062 >> Cloud removed! ID: #86
(ENTRY #435) 2022-03-10 12:07:29.922182 >> Cloud removed! ID: #86
(ENTRY #436) 2022-03-10 12:07:29.999912 >> Cloud created! ID: #87
(ENTRY #437) 2022-03-10 12:07:31.012069 >> Cloud created! ID: #88
(ENTRY #438) 2022-03-10 12:07:31.065002 >> Cloud removed! ID: #88
(ENTRY #439) 2022-03-10 12:07:31.917211 >> Cloud removed! ID: #88
(ENTRY #440) 2022-03-10 12:07:32.013972 >> Cloud created! ID: #89
(ENTRY #441) 2022-03-10 12:07:33.022762 >> Cloud created! ID: #90
(ENTRY #442) 2022-03-10 12:07:34.031773 >> Cloud created! ID: #91
(ENTRY #443) 2022-03-10 12:07:35.249892 >> Cloud created! ID: #92
(ENTRY #444) 2022-03-10 12:07:35.304888 >> Cloud removed! ID: #92
(ENTRY #445) 2022-03-10 12:07:36.253114 >> Cloud created! ID: #93
(ENTRY #446) 2022-03-10 12:07:36.982265 >> Cloud removed! ID: #93
(ENTRY #447) 2022-03-10 12:07:37.370317 >> Cloud created! ID: #94
(ENTRY #448) 2022-03-10 12:07:37.437970 >> Cloud removed! ID: #94
(ENTRY #449) 2022-03-10 12:07:37.981535 >> Cloud removed! ID: #94
(ENTRY #450) 2022-03-10 12:07:38.388900 >> Cloud created! ID: #95
(ENTRY #451) 2022-03-10 12:07:38.982751 >> Cloud removed! ID: #95
(ENTRY #452) 2022-03-10 12:07:39.389943 >> Cloud created! ID: #96
(ENTRY #453) 2022-03-10 12:07:39.562045 >> Cloud removed! ID: #96
(ENTRY #454) 2022-03-10 12:07:40.212047 >> Cloud removed! ID: #96
(ENTRY #455) 2022-03-10 12:07:40.464956 >> Cloud created! ID: #97
(ENTRY #456) 2022-03-10 12:07:40.572228 >> Cloud removed! ID: #97
(ENTRY #457) 2022-03-10 12:07:41.217010 >> Cloud removed! ID: #97
(ENTRY #458) 2022-03-10 12:07:41.493748 >> Cloud created! ID: #98
(ENTRY #459) 2022-03-10 12:07:41.615748 >> Cloud removed! ID: #98
(ENTRY #460) 2022-03-10 12:07:42.493824 >> Cloud created! ID: #99
(ENTRY #461) 2022-03-10 12:07:42.705053 >> Cloud removed! ID: #99
(ENTRY #462) 2022-03-10 12:07:43.328703 >> Cloud removed! ID: #99
(ENTRY #463) 2022-03-10 12:07:43.494957 >> Cloud created! ID: #100
(ENTRY #464) 2022-03-10 12:07:43.828394 >> Cloud removed! ID: #100
(ENTRY #465) 2022-03-10 12:07:44.601188 >> Cloud created! ID: #101
(ENTRY #466) 2022-03-10 12:07:44.807187 >> Cloud removed! ID: #101
(ENTRY #467) 2022-03-10 12:07:45.619276 >> Cloud created! ID: #102
(ENTRY #468) 2022-03-10 12:07:45.943568 >> Cloud removed! ID: #102
(ENTRY #469) 2022-03-10 12:07:46.746888 >> Cloud created! ID: #103
(ENTRY #470) 2022-03-10 12:07:46.855706 >> Cloud removed! ID: #103
(ENTRY #471) 2022-03-10 12:07:47.762092 >> Cloud created! ID: #104
(ENTRY #472) 2022-03-10 12:07:48.775951 >> Cloud created! ID: #105
(ENTRY #473) 2022-03-10 12:07:49.965617 >> Cloud created! ID: #106
(ENTRY #474) 2022-03-10 12:07:50.972428 >> Cloud created! ID: #107
(ENTRY #475) 2022-03-10 12:07:51.003431 >> Cloud removed! ID: #107
(ENTRY #476) 2022-03-10 12:07:51.736659 >> Cloud removed! ID: #107
(ENTRY #477) 2022-03-10 12:07:51.981399 >> Cloud created! ID: #108
(ENTRY #478) 2022-03-10 12:07:52.991081 >> Cloud created! ID: #109
(ENTRY #479) 2022-03-10 12:07:53.102064 >> Cloud removed! ID: #109
(ENTRY #480) 2022-03-10 12:07:54.072881 >> Cloud created! ID: #110
(ENTRY #481) 2022-03-10 12:07:55.115188 >> Cloud created! ID: #111
(ENTRY #482) 2022-03-10 12:07:55.409955 >> Cloud removed! ID: #111
(ENTRY #483) 2022-03-10 12:07:56.130301 >> Cloud created! ID: #112
(ENTRY #484) 2022-03-10 12:07:56.240370 >> Cloud removed! ID: #112
(ENTRY #485) 2022-03-10 12:07:56.456930 >> Cloud removed! ID: #112
(ENTRY #486) 2022-03-10 12:07:57.130485 >> Cloud created! ID: #113
(ENTRY #487) 2022-03-10 12:07:57.459136 >> Cloud removed! ID: #113
(ENTRY #488) 2022-03-10 12:07:58.207024 >> Cloud created! ID: #114
(ENTRY #489) 2022-03-10 12:07:59.146145 >> Cloud removed! ID: #114
(ENTRY #490) 2022-03-10 12:07:59.217146 >> Cloud created! ID: #115
(ENTRY #491) 2022-03-10 12:07:59.684343 >> Cloud removed! ID: #115
(ENTRY #492) 2022-03-10 12:08:00.311270 >> Cloud created! ID: #116
(ENTRY #493) 2022-03-10 12:08:01.316064 >> Cloud created! ID: #117
(ENTRY #494) 2022-03-10 12:08:02.316604 >> Cloud created! ID: #118
(ENTRY #495) 2022-03-10 12:08:02.766811 >> Cloud removed! ID: #118
(ENTRY #496) 2022-03-10 12:08:02.888855 >> Cloud removed! ID: #118
(ENTRY #497) 2022-03-10 12:08:03.324774 >> Cloud created! ID: #119
(ENTRY #498) 2022-03-10 12:08:03.338779 >> Cloud removed! ID: #119
(ENTRY #499) 2022-03-10 12:08:04.350328 >> Cloud created! ID: #120
(ENTRY #500) 2022-03-10 12:08:04.805522 >> Cloud removed! ID: #120
(ENTRY #501) 2022-03-10 12:08:05.141167 >> Cloud removed! ID: #120
(ENTRY #502) 2022-03-10 12:08:05.363333 >> Cloud created! ID: #121
(ENTRY #503) 2022-03-10 12:08:05.403364 >> Cloud removed! ID: #121
(ENTRY #504) 2022-03-10 12:08:06.129900 >> Cloud removed! ID: #121
(ENTRY #505) 2022-03-10 12:08:06.341002 >> Cloud removed! ID: #121
(ENTRY #506) 2022-03-10 12:08:06.368034 >> Cloud created! ID: #122
(ENTRY #507) 2022-03-10 12:08:06.812302 >> Cloud removed! ID: #122
(ENTRY #508) 2022-03-10 12:08:07.132155 >> Cloud removed! ID: #122
(ENTRY #509) 2022-03-10 12:08:07.456980 >> Cloud created! ID: #123
(ENTRY #510) 2022-03-10 12:08:08.138939 >> Cloud removed! ID: #123
(ENTRY #511) 2022-03-10 12:08:08.314751 >> Cloud removed! ID: #123
(ENTRY #512) 2022-03-10 12:08:08.473404 >> Cloud created! ID: #124
(ENTRY #513) 2022-03-10 12:08:09.582627 >> Cloud created! ID: #125
(ENTRY #514) 2022-03-10 12:08:10.259648 >> Cloud removed! ID: #125
(ENTRY #515) 2022-03-10 12:08:10.643649 >> Cloud created! ID: #126
(ENTRY #516) 2022-03-10 12:08:11.198635 >> Cloud removed! ID: #126
(ENTRY #517) 2022-03-10 12:08:11.236803 >> Cloud removed! ID: #126
(ENTRY #518) 2022-03-10 12:08:11.683881 >> Cloud created! ID: #127
(ENTRY #519) 2022-03-10 12:08:12.799872 >> Cloud created! ID: #128
(ENTRY #520) 2022-03-10 12:08:13.324396 >> Cloud removed! ID: #128
(ENTRY #521) 2022-03-10 12:08:13.815419 >> Cloud created! ID: #129
(ENTRY #522) 2022-03-10 12:08:14.816162 >> Cloud created! ID: #130
(ENTRY #523) 2022-03-10 12:08:15.517953 >> Cloud removed! ID: #130
(ENTRY #524) 2022-03-10 12:08:15.821174 >> Cloud created! ID: #131
(ENTRY #525) 2022-03-10 12:08:16.892878 >> Cloud created! ID: #132
(ENTRY #526) 2022-03-10 12:08:17.070482 >> Cloud removed! ID: #132
(ENTRY #527) 2022-03-10 12:08:17.974566 >> Cloud created! ID: #133
(ENTRY #528) 2022-03-10 12:08:19.013486 >> Cloud created! ID: #134
(ENTRY #529) 2022-03-10 12:08:19.055242 >> Cloud removed! ID: #134
(ENTRY #530) 2022-03-10 12:08:19.698802 >> Cloud removed! ID: #134
(ENTRY #531) 2022-03-10 12:08:20.128376 >> Cloud removed! ID: #134
(ENTRY #532) 2022-03-10 12:08:20.226421 >> Cloud created! ID: #135
(ENTRY #533) 2022-03-10 12:08:20.723680 >> Cloud removed! ID: #135
(ENTRY #534) 2022-03-10 12:08:21.170882 >> Cloud removed! ID: #135
(ENTRY #535) 2022-03-10 12:08:21.339507 >> Cloud created! ID: #136
(ENTRY #536) 2022-03-10 12:08:22.135508 >> Cloud removed! ID: #136
(ENTRY #537) 2022-03-10 12:08:22.443448 >> Cloud created! ID: #137
(ENTRY #538) 2022-03-10 12:08:23.550372 >> Cloud created! ID: #138
(ENTRY #539) 2022-03-10 12:08:24.280099 >> Cloud removed! ID: #138
(ENTRY #540) 2022-03-10 12:08:24.280099 >> Cloud removed! ID: #138
(ENTRY #541) 2022-03-10 12:08:24.712213 >> Cloud created! ID: #139
(ENTRY #542) 2022-03-10 12:08:25.158791 >> Cloud removed! ID: #139
(ENTRY #543) 2022-03-10 12:08:25.363943 >> Cloud removed! ID: #139
(ENTRY #544) 2022-03-10 12:08:25.787553 >> Cloud created! ID: #140
(ENTRY #545) 2022-03-10 12:08:26.414137 >> Cloud removed! ID: #140
(ENTRY #546) 2022-03-10 12:08:26.414137 >> Cloud removed! ID: #140
(ENTRY #547) 2022-03-10 12:08:26.961441 >> Cloud created! ID: #141
(ENTRY #548) 2022-03-10 12:08:28.114057 >> Cloud created! ID: #142
(ENTRY #549) 2022-03-10 12:08:29.267509 >> Cloud created! ID: #143
(ENTRY #550) 2022-03-10 12:08:29.618012 >> Cloud removed! ID: #143
(ENTRY #551) 2022-03-10 12:08:30.284076 >> Cloud created! ID: #144
(ENTRY #552) 2022-03-10 12:08:30.960149 >> Cloud removed! ID: #144
(ENTRY #553) 2022-03-10 12:08:31.348320 >> Cloud created! ID: #145
(ENTRY #554) 2022-03-10 12:08:32.469880 >> Cloud created! ID: #146
(ENTRY #555) 2022-03-10 12:08:33.476604 >> Cloud created! ID: #147
(ENTRY #556) 2022-03-10 12:08:34.255455 >> Cloud removed! ID: #147
(ENTRY #557) 2022-03-10 12:08:34.496884 >> Cloud created! ID: #148
(ENTRY #558) 2022-03-10 12:08:35.556403 >> Cloud created! ID: #149
(ENTRY #559) 2022-03-10 12:08:35.596361 >> Cloud removed! ID: #149
(ENTRY #560) 2022-03-10 12:08:36.205655 >> Cloud removed! ID: #149
(ENTRY #561) 2022-03-10 12:08:36.906331 >> Cloud created! ID: #150
(ENTRY #562) 2022-03-10 12:08:37.317923 >> Cloud removed! ID: #150
(ENTRY #563) 2022-03-10 12:08:37.806908 >> Cloud removed! ID: #150
(ENTRY #564) 2022-03-10 12:08:37.929902 >> Cloud created! ID: #151
(ENTRY #565) 2022-03-10 12:08:38.480068 >> Cloud removed! ID: #151
(ENTRY #566) 2022-03-10 12:08:38.839136 >> Cloud removed! ID: #151
(ENTRY #567) 2022-03-10 12:08:38.949135 >> Cloud created! ID: #152
(ENTRY #568) 2022-03-10 12:08:39.525838 >> Cloud removed! ID: #152
(ENTRY #569) 2022-03-10 12:08:39.977911 >> Cloud removed! ID: #152
(ENTRY #570) 2022-03-10 12:08:40.005930 >> Cloud created! ID: #153
(ENTRY #571) 2022-03-10 12:08:40.332783 >> Naval Warfare 2D Closed...
