Log for Naval Warfare 2D, intended for debugging purposes only! 

(ENTRY #1) 2022-03-10 18:53:54.303683 >> Initialized Log handler...
(ENTRY #2) 2022-03-10 18:53:55.566226 >> Initialized Warship handler...
(ENTRY #3) 2022-03-10 18:53:55.570231 >> Initialized Projectile handler...
(ENTRY #4) 2022-03-10 18:53:55.572235 >> Dumb-AI Entity created!
(ENTRY #5) 2022-03-10 18:53:55.578226 >> Dumb-AI Entity created!
(ENTRY #6) 2022-03-10 18:53:55.580227 >> Dumb-AI Entity created!
(ENTRY #7) 2022-03-10 18:53:55.587225 >> Dumb-AI Entity created!
(ENTRY #8) 2022-03-10 18:53:55.612227 >> Dumb-AI Entity created!
(ENTRY #9) 2022-03-10 18:53:55.620238 >> Dumb-AI Entity created!
(ENTRY #10) 2022-03-10 18:53:55.629232 >> Dumb-AI Entity created!
(ENTRY #11) 2022-03-10 18:53:55.636227 >> Dumb-AI Entity created!
(ENTRY #12) 2022-03-10 18:53:55.650231 >> Dumb-AI Entity created!
(ENTRY #13) 2022-03-10 18:53:55.658228 >> Dumb-AI Entity created!
(ENTRY #14) 2022-03-10 18:53:55.744257 >> Initialized GUI handler...
(ENTRY #15) 2022-03-10 18:53:55.745226 >> Starting Naval Warfare 2D...
(ENTRY #16) 2022-03-10 18:54:01.374744 >> Created Sprite for Player!
(ENTRY #17) 2022-03-10 18:54:01.374744 >> Finished initalizing!
(ENTRY #18) 2022-03-10 18:54:29.408029 >> Returning to menu!
(ENTRY #19) 2022-03-10 18:54:29.977901 >> Game resumed!
(ENTRY #20) 2022-03-10 18:54:29.997394 >> MOUSEPOS: (380.0, 489.75)
(ENTRY #21) 2022-03-10 18:54:29.997394 >> SLOPE CALC:None
(ENTRY #22) 2022-03-10 18:54:29.997394 >> LIN CALC FIN: 519.75
(ENTRY #23) 2022-03-10 18:54:29.997394 >> LIN CALC RAW: 380.25
(ENTRY #24) 2022-03-10 18:54:29.997394 >> Above!
(ENTRY #25) 2022-03-10 18:54:29.998395 >> Object lightRound has been created!
(ENTRY #26) 2022-03-10 18:54:29.998395 >> Protectile #2 has been created! Type: Light
(ENTRY #27) 2022-03-10 18:54:29.998395 >> Projectile created! ID: #2
(ENTRY #28) 2022-03-10 18:54:29.998395 >> MOUSEPOS: (350.0, 467.75)
(ENTRY #29) 2022-03-10 18:54:29.998395 >> SLOPE CALC:None
(ENTRY #30) 2022-03-10 18:54:29.998395 >> Object lightRound has been created!
(ENTRY #31) 2022-03-10 18:54:29.999368 >> Protectile #4 has been created! Type: Light
(ENTRY #32) 2022-03-10 18:54:29.999368 >> Projectile created! ID: #4
(ENTRY #33) 2022-03-10 18:54:29.999368 >> MOUSEPOS: (385.0, 511.75)
(ENTRY #34) 2022-03-10 18:54:29.999368 >> SLOPE CALC:None
(ENTRY #35) 2022-03-10 18:54:29.999368 >> LIN CALC FIN: 504.75
(ENTRY #36) 2022-03-10 18:54:29.999368 >> LIN CALC RAW: 395.25
(ENTRY #37) 2022-03-10 18:54:29.999368 >> Below!
(ENTRY #38) 2022-03-10 18:54:29.999368 >> Object lightRound has been created!
(ENTRY #39) 2022-03-10 18:54:30.000365 >> Protectile #6 has been created! Type: Light
(ENTRY #40) 2022-03-10 18:54:30.000365 >> Projectile created! ID: #6
(ENTRY #41) 2022-03-10 18:54:30.000365 >> MOUSEPOS: (433.0, 551.75)
(ENTRY #42) 2022-03-10 18:54:30.000365 >> SLOPE CALC:None
(ENTRY #43) 2022-03-10 18:54:30.000365 >> LIN CALC FIN: 542.75
(ENTRY #44) 2022-03-10 18:54:30.000365 >> LIN CALC RAW: 357.25
(ENTRY #45) 2022-03-10 18:54:30.000365 >> Below!
(ENTRY #46) 2022-03-10 18:54:30.000365 >> Object lightRound has been created!
(ENTRY #47) 2022-03-10 18:54:30.001364 >> Protectile #8 has been created! Type: Light
(ENTRY #48) 2022-03-10 18:54:30.001364 >> Projectile created! ID: #8
(ENTRY #49) 2022-03-10 18:54:30.001364 >> MOUSEPOS: (454.0, 589.75)
(ENTRY #50) 2022-03-10 18:54:30.001364 >> SLOPE CALC:None
(ENTRY #51) 2022-03-10 18:54:30.001364 >> LIN CALC FIN: 553.75
(ENTRY #52) 2022-03-10 18:54:30.001364 >> LIN CALC RAW: 346.25
(ENTRY #53) 2022-03-10 18:54:30.001364 >> Below!
(ENTRY #54) 2022-03-10 18:54:30.001364 >> Object lightRound has been created!
(ENTRY #55) 2022-03-10 18:54:30.002361 >> Protectile #10 has been created! Type: Light
(ENTRY #56) 2022-03-10 18:54:30.002361 >> Projectile created! ID: #10
(ENTRY #57) 2022-03-10 18:54:30.002361 >> MOUSEPOS: (426.0, 551.75)
(ENTRY #58) 2022-03-10 18:54:30.002361 >> SLOPE CALC:None
(ENTRY #59) 2022-03-10 18:54:30.002361 >> LIN CALC FIN: 493.0
(ENTRY #60) 2022-03-10 18:54:30.002361 >> LIN CALC RAW: 407.0
(ENTRY #61) 2022-03-10 18:54:30.002361 >> Below!
(ENTRY #62) 2022-03-10 18:54:30.002361 >> Object lightRound has been created!
(ENTRY #63) 2022-03-10 18:54:30.002361 >> Protectile #12 has been created! Type: Light
(ENTRY #64) 2022-03-10 18:54:30.002361 >> Projectile created! ID: #12
(ENTRY #65) 2022-03-10 18:54:30.002361 >> MOUSEPOS: (466.0, 504.0)
(ENTRY #66) 2022-03-10 18:54:30.002361 >> SLOPE CALC:None
(ENTRY #67) 2022-03-10 18:54:30.002361 >> LIN CALC FIN: 573.0
(ENTRY #68) 2022-03-10 18:54:30.002361 >> LIN CALC RAW: 327.0
(ENTRY #69) 2022-03-10 18:54:30.002361 >> Above!
(ENTRY #70) 2022-03-10 18:54:30.002361 >> Object lightRound has been created!
(ENTRY #71) 2022-03-10 18:54:30.003363 >> Protectile #14 has been created! Type: Light
(ENTRY #72) 2022-03-10 18:54:30.003363 >> Projectile created! ID: #14
(ENTRY #73) 2022-03-10 18:54:30.003363 >> MOUSEPOS: (585.0, 515.0)
(ENTRY #74) 2022-03-10 18:54:30.003363 >> SLOPE CALC:None
(ENTRY #75) 2022-03-10 18:54:30.003363 >> LIN CALC FIN: 574.0
(ENTRY #76) 2022-03-10 18:54:30.003363 >> LIN CALC RAW: 326.0
(ENTRY #77) 2022-03-10 18:54:30.003363 >> Above!
(ENTRY #78) 2022-03-10 18:54:30.003363 >> Object lightRound has been created!
(ENTRY #79) 2022-03-10 18:54:30.003363 >> Protectile #16 has been created! Type: Light
(ENTRY #80) 2022-03-10 18:54:30.004394 >> Projectile created! ID: #16
(ENTRY #81) 2022-03-10 18:54:30.004394 >> MOUSEPOS: (677.0, 532.0)
(ENTRY #82) 2022-03-10 18:54:30.004394 >> SLOPE CALC:None
(ENTRY #83) 2022-03-10 18:54:30.004394 >> LIN CALC FIN: 602.0
(ENTRY #84) 2022-03-10 18:54:30.004394 >> LIN CALC RAW: 298.0
(ENTRY #85) 2022-03-10 18:54:30.004394 >> Above!
(ENTRY #86) 2022-03-10 18:54:30.004394 >> Object lightRound has been created!
(ENTRY #87) 2022-03-10 18:54:30.004394 >> Protectile #18 has been created! Type: Light
(ENTRY #88) 2022-03-10 18:54:30.004394 >> Projectile created! ID: #18
(ENTRY #89) 2022-03-10 18:54:30.004394 >> MOUSEPOS: (759.0, 557.0)
(ENTRY #90) 2022-03-10 18:54:30.004394 >> SLOPE CALC:None
(ENTRY #91) 2022-03-10 18:54:30.004394 >> LIN CALC FIN: 640.0
(ENTRY #92) 2022-03-10 18:54:30.004394 >> LIN CALC RAW: 260.0
(ENTRY #93) 2022-03-10 18:54:30.004394 >> Above!
(ENTRY #94) 2022-03-10 18:54:30.004394 >> Object lightRound has been created!
(ENTRY #95) 2022-03-10 18:54:30.005394 >> Protectile #20 has been created! Type: Light
(ENTRY #96) 2022-03-10 18:54:30.005394 >> Projectile created! ID: #20
(ENTRY #97) 2022-03-10 18:54:30.029143 >> Cloud created! ID: #1
(ENTRY #98) 2022-03-10 18:54:30.399039 >> Projectile has hit!
(ENTRY #99) 2022-03-10 18:54:30.399039 >> Projectile removed!
(ENTRY #100) 2022-03-10 18:54:30.447737 >> Projectile has hit!
(ENTRY #101) 2022-03-10 18:54:30.448705 >> Projectile removed!
(ENTRY #102) 2022-03-10 18:54:30.522805 >> Projectile has hit!
(ENTRY #103) 2022-03-10 18:54:30.522805 >> Projectile removed!
(ENTRY #104) 2022-03-10 18:54:31.320020 >> Cloud created! ID: #2
(ENTRY #105) 2022-03-10 18:54:31.445465 >> Projectile has hit!
(ENTRY #106) 2022-03-10 18:54:31.445465 >> Projectile removed!
(ENTRY #107) 2022-03-10 18:54:31.873691 >> Projectile has hit!
(ENTRY #108) 2022-03-10 18:54:31.873691 >> Projectile removed!
(ENTRY #109) 2022-03-10 18:54:31.999669 >> MOUSEPOS: (389.5846346025506, 459.92671095791866)
(ENTRY #110) 2022-03-10 18:54:31.999669 >> SLOPE CALC:None
(ENTRY #111) 2022-03-10 18:54:31.999669 >> LIN CALC FIN: 505.92671095791866
(ENTRY #112) 2022-03-10 18:54:31.999669 >> LIN CALC RAW: 394.07328904208134
(ENTRY #113) 2022-03-10 18:54:31.999669 >> Above!
(ENTRY #114) 2022-03-10 18:54:31.999669 >> Object lightRound has been created!
(ENTRY #115) 2022-03-10 18:54:32.000668 >> Protectile #22 has been created! Type: Light
(ENTRY #116) 2022-03-10 18:54:32.000668 >> Projectile created! ID: #22
(ENTRY #117) 2022-03-10 18:54:32.000668 >> MOUSEPOS: (406.4153653974495, 516.926710957919)
(ENTRY #118) 2022-03-10 18:54:32.000668 >> SLOPE CALC:None
(ENTRY #119) 2022-03-10 18:54:32.000668 >> LIN CALC FIN: 512.7574417528176
(ENTRY #120) 2022-03-10 18:54:32.000668 >> LIN CALC RAW: 387.2425582471824
(ENTRY #121) 2022-03-10 18:54:32.000668 >> Below!
(ENTRY #122) 2022-03-10 18:54:32.000668 >> Object lightRound has been created!
(ENTRY #123) 2022-03-10 18:54:32.000668 >> Protectile #24 has been created! Type: Light
(ENTRY #124) 2022-03-10 18:54:32.000668 >> Projectile created! ID: #24
(ENTRY #125) 2022-03-10 18:54:32.001670 >> MOUSEPOS: (354.5846346025506, 509.92671095791866)
(ENTRY #126) 2022-03-10 18:54:32.001670 >> SLOPE CALC:None
(ENTRY #127) 2022-03-10 18:54:32.001670 >> LIN CALC FIN: 541.7574417528178
(ENTRY #128) 2022-03-10 18:54:32.001670 >> LIN CALC RAW: 358.24255824718216
(ENTRY #129) 2022-03-10 18:54:32.001670 >> Above!
(ENTRY #130) 2022-03-10 18:54:32.001670 >> Object lightRound has been created!
(ENTRY #131) 2022-03-10 18:54:32.001670 >> Protectile #26 has been created! Type: Light
(ENTRY #132) 2022-03-10 18:54:32.001670 >> Projectile created! ID: #26
(ENTRY #133) 2022-03-10 18:54:32.001670 >> MOUSEPOS: (403.4153653974495, 512.926710957919)
(ENTRY #134) 2022-03-10 18:54:32.001670 >> SLOPE CALC:None
(ENTRY #135) 2022-03-10 18:54:32.001670 >> LIN CALC FIN: 496.92671095791957
(ENTRY #136) 2022-03-10 18:54:32.001670 >> LIN CALC RAW: 403.07328904208043
(ENTRY #137) 2022-03-10 18:54:32.001670 >> Below!
(ENTRY #138) 2022-03-10 18:54:32.001670 >> Object lightRound has been created!
(ENTRY #139) 2022-03-10 18:54:32.002670 >> Protectile #28 has been created! Type: Light
(ENTRY #140) 2022-03-10 18:54:32.002670 >> Projectile created! ID: #28
(ENTRY #141) 2022-03-10 18:54:32.002670 >> MOUSEPOS: (487.4153653974495, 586.9267109579196)
(ENTRY #142) 2022-03-10 18:54:32.002670 >> SLOPE CALC:None
(ENTRY #143) 2022-03-10 18:54:32.002670 >> LIN CALC FIN: 596.0959801630206
(ENTRY #144) 2022-03-10 18:54:32.002670 >> LIN CALC RAW: 303.9040198369794
(ENTRY #145) 2022-03-10 18:54:32.002670 >> Above!
(ENTRY #146) 2022-03-10 18:54:32.002670 >> Object lightRound has been created!
(ENTRY #147) 2022-03-10 18:54:32.002670 >> Protectile #30 has been created! Type: Light
(ENTRY #148) 2022-03-10 18:54:32.002670 >> Projectile created! ID: #30
(ENTRY #149) 2022-03-10 18:54:32.002670 >> MOUSEPOS: (557.2199962784922, 414.6990049450932)
(ENTRY #150) 2022-03-10 18:54:32.002670 >> SLOPE CALC:None
(ENTRY #151) 2022-03-10 18:54:32.002670 >> LIN CALC FIN: 474.1389975020783
(ENTRY #152) 2022-03-10 18:54:32.003666 >> LIN CALC RAW: 425.8610024979217
(ENTRY #153) 2022-03-10 18:54:32.003666 >> Above!
(ENTRY #154) 2022-03-10 18:54:32.003666 >> Object lightRound has been created!
(ENTRY #155) 2022-03-10 18:54:32.003666 >> Protectile #32 has been created! Type: Light
(ENTRY #156) 2022-03-10 18:54:32.003666 >> Projectile created! ID: #32
(ENTRY #157) 2022-03-10 18:54:32.003666 >> MOUSEPOS: (483.7800037215061, 424.6990049450922)
(ENTRY #158) 2022-03-10 18:54:32.003666 >> SLOPE CALC:None
(ENTRY #159) 2022-03-10 18:54:32.003666 >> LIN CALC FIN: 453.1389975020793
(ENTRY #160) 2022-03-10 18:54:32.003666 >> LIN CALC RAW: 446.8610024979207
(ENTRY #161) 2022-03-10 18:54:32.003666 >> Above!
(ENTRY #162) 2022-03-10 18:54:32.003666 >> Object lightRound has been created!
(ENTRY #163) 2022-03-10 18:54:32.004670 >> Protectile #34 has been created! Type: Light
(ENTRY #164) 2022-03-10 18:54:32.004670 >> Projectile created! ID: #34
(ENTRY #165) 2022-03-10 18:54:32.004670 >> MOUSEPOS: (536.2199962784922, 462.6990049450932)
(ENTRY #166) 2022-03-10 18:54:32.004670 >> SLOPE CALC:None
(ENTRY #167) 2022-03-10 18:54:32.004670 >> LIN CALC FIN: 520.6990049450932
(ENTRY #168) 2022-03-10 18:54:32.004670 >> LIN CALC RAW: 379.3009950549068
(ENTRY #169) 2022-03-10 18:54:32.004670 >> Above!
(ENTRY #170) 2022-03-10 18:54:32.004670 >> Object lightRound has been created!
(ENTRY #171) 2022-03-10 18:54:32.004670 >> Protectile #36 has been created! Type: Light
(ENTRY #172) 2022-03-10 18:54:32.004670 >> Projectile created! ID: #36
(ENTRY #173) 2022-03-10 18:54:32.004670 >> MOUSEPOS: (872.2199962784922, 493.69900494509307)
(ENTRY #174) 2022-03-10 18:54:32.004670 >> SLOPE CALC:None
(ENTRY #175) 2022-03-10 18:54:32.004670 >> LIN CALC FIN: 604.6990049450932
(ENTRY #176) 2022-03-10 18:54:32.004670 >> LIN CALC RAW: 295.3009950549068
(ENTRY #177) 2022-03-10 18:54:32.004670 >> Above!
(ENTRY #178) 2022-03-10 18:54:32.004670 >> Object lightRound has been created!
(ENTRY #179) 2022-03-10 18:54:32.005669 >> Protectile #38 has been created! Type: Light
(ENTRY #180) 2022-03-10 18:54:32.005669 >> Projectile created! ID: #38
(ENTRY #181) 2022-03-10 18:54:32.005669 >> MOUSEPOS: (741.2199962784922, 454.6990049450932)
(ENTRY #182) 2022-03-10 18:54:32.005669 >> SLOPE CALC:None
(ENTRY #183) 2022-03-10 18:54:32.005669 >> LIN CALC FIN: 393.69900494509307
(ENTRY #184) 2022-03-10 18:54:32.005669 >> LIN CALC RAW: 506.30099505490693
(ENTRY #185) 2022-03-10 18:54:32.005669 >> Below!
(ENTRY #186) 2022-03-10 18:54:32.005669 >> Object lightRound has been created!
(ENTRY #187) 2022-03-10 18:54:32.005669 >> Protectile #40 has been created! Type: Light
(ENTRY #188) 2022-03-10 18:54:32.005669 >> Projectile created! ID: #40
(ENTRY #189) 2022-03-10 18:54:32.189530 >> entity_2_0 and entity_2_1 have collided!
(ENTRY #190) 2022-03-10 18:54:32.189530 >> entity_2_1 and entity_2_0 have collided!
(ENTRY #191) 2022-03-10 18:54:32.319538 >> Cloud created! ID: #3
(ENTRY #192) 2022-03-10 18:54:32.373532 >> Projectile has hit!
(ENTRY #193) 2022-03-10 18:54:32.373532 >> Projectile has hit!
(ENTRY #194) 2022-03-10 18:54:32.374527 >> Projectile removed!
(ENTRY #195) 2022-03-10 18:54:32.374527 >> Projectile removed!
(ENTRY #196) 2022-03-10 18:54:32.423531 >> Projectile has hit!
(ENTRY #197) 2022-03-10 18:54:32.423531 >> Projectile removed!
(ENTRY #198) 2022-03-10 18:54:32.812640 >> entity_1_1 and entity_1_2 have collided!
(ENTRY #199) 2022-03-10 18:54:32.812640 >> entity_1_2 and entity_1_1 have collided!
(ENTRY #200) 2022-03-10 18:54:32.833571 >> Projectile has hit!
(ENTRY #201) 2022-03-10 18:54:32.834572 >> Projectile removed!
(ENTRY #202) 2022-03-10 18:54:33.170431 >> Projectile has hit!
(ENTRY #203) 2022-03-10 18:54:33.170431 >> Projectile removed!
(ENTRY #204) 2022-03-10 18:54:33.538595 >> Cloud created! ID: #4
(ENTRY #205) 2022-03-10 18:54:33.914010 >> Projectile has hit!
(ENTRY #206) 2022-03-10 18:54:33.915034 >> Projectile removed!
(ENTRY #207) 2022-03-10 18:54:34.015943 >> MOUSEPOS: (449.1996645767653, 539.4438080351321)
(ENTRY #208) 2022-03-10 18:54:34.015943 >> SLOPE CALC:None
(ENTRY #209) 2022-03-10 18:54:34.015943 >> LIN CALC FIN: 535.8431371886613
(ENTRY #210) 2022-03-10 18:54:34.015943 >> LIN CALC RAW: 364.15686281133867
(ENTRY #211) 2022-03-10 18:54:34.015943 >> Below!
(ENTRY #212) 2022-03-10 18:54:34.015943 >> Object lightRound has been created!
(ENTRY #213) 2022-03-10 18:54:34.015943 >> Protectile #42 has been created! Type: Light
(ENTRY #214) 2022-03-10 18:54:34.015943 >> Projectile created! ID: #42
(ENTRY #215) 2022-03-10 18:54:34.015943 >> MOUSEPOS: (545.8003354232351, 608.4438080351322)
(ENTRY #216) 2022-03-10 18:54:34.015943 >> SLOPE CALC:None
(ENTRY #217) 2022-03-10 18:54:34.015943 >> LIN CALC FIN: 632.0444788816019
(ENTRY #218) 2022-03-10 18:54:34.015943 >> LIN CALC RAW: 267.9555211183981
(ENTRY #219) 2022-03-10 18:54:34.015943 >> Above!
(ENTRY #220) 2022-03-10 18:54:34.015943 >> Object lightRound has been created!
(ENTRY #221) 2022-03-10 18:54:34.016945 >> Protectile #44 has been created! Type: Light
(ENTRY #222) 2022-03-10 18:54:34.016945 >> Projectile created! ID: #44
(ENTRY #223) 2022-03-10 18:54:34.016945 >> MOUSEPOS: (484.1996645767653, 557.4438080351321)
(ENTRY #224) 2022-03-10 18:54:34.016945 >> SLOPE CALC:None
(ENTRY #225) 2022-03-10 18:54:34.016945 >> LIN CALC FIN: 530.8431371886625
(ENTRY #226) 2022-03-10 18:54:34.016945 >> LIN CALC RAW: 369.15686281133753
(ENTRY #227) 2022-03-10 18:54:34.016945 >> Below!
(ENTRY #228) 2022-03-10 18:54:34.016945 >> Object lightRound has been created!
(ENTRY #229) 2022-03-10 18:54:34.016945 >> Protectile #46 has been created! Type: Light
(ENTRY #230) 2022-03-10 18:54:34.017945 >> Projectile created! ID: #46
(ENTRY #231) 2022-03-10 18:54:34.017945 >> MOUSEPOS: (725.9220878027382, 423.79170934296053)
(ENTRY #232) 2022-03-10 18:54:34.017945 >> SLOPE CALC:None
(ENTRY #233) 2022-03-10 18:54:34.017945 >> LIN CALC FIN: 494.13648570310215
(ENTRY #234) 2022-03-10 18:54:34.017945 >> LIN CALC RAW: 405.86351429689785
(ENTRY #235) 2022-03-10 18:54:34.017945 >> Above!
(ENTRY #236) 2022-03-10 18:54:34.017945 >> Object lightRound has been created!
(ENTRY #237) 2022-03-10 18:54:34.017945 >> Protectile #48 has been created! Type: Light
(ENTRY #238) 2022-03-10 18:54:34.017945 >> Projectile created! ID: #48
(ENTRY #239) 2022-03-10 18:54:34.017945 >> MOUSEPOS: (603.4835503048014, 378.6979482051653)
(ENTRY #240) 2022-03-10 18:54:34.017945 >> SLOPE CALC:None
(ENTRY #241) 2022-03-10 18:54:34.017945 >> LIN CALC FIN: 460.2302468408973
(ENTRY #242) 2022-03-10 18:54:34.017945 >> LIN CALC RAW: 439.7697531591027
(ENTRY #243) 2022-03-10 18:54:34.017945 >> Above!
(ENTRY #244) 2022-03-10 18:54:34.017945 >> Object lightRound has been created!
(ENTRY #245) 2022-03-10 18:54:34.018944 >> Protectile #50 has been created! Type: Light
(ENTRY #246) 2022-03-10 18:54:34.018944 >> Projectile created! ID: #50
(ENTRY #247) 2022-03-10 18:54:34.018944 >> MOUSEPOS: (733.9220878027382, 409.79170934296053)
(ENTRY #248) 2022-03-10 18:54:34.018944 >> SLOPE CALC:None
(ENTRY #249) 2022-03-10 18:54:34.018944 >> LIN CALC FIN: 454.59354365194747
(ENTRY #250) 2022-03-10 18:54:34.018944 >> LIN CALC RAW: 445.40645634805253
(ENTRY #251) 2022-03-10 18:54:34.018944 >> Above!
(ENTRY #252) 2022-03-10 18:54:34.018944 >> Object lightRound has been created!
(ENTRY #253) 2022-03-10 18:54:34.018944 >> Protectile #52 has been created! Type: Light
(ENTRY #254) 2022-03-10 18:54:34.018944 >> Projectile created! ID: #52
(ENTRY #255) 2022-03-10 18:54:34.681820 >> Projectile removed!
(ENTRY #256) 2022-03-10 18:54:34.748023 >> Projectile has hit!
(ENTRY #257) 2022-03-10 18:54:34.748023 >> Projectile removed!
(ENTRY #258) 2022-03-10 18:54:34.924337 >> Cloud created! ID: #5
(ENTRY #259) 2022-03-10 18:54:35.214329 >> Projectile has hit!
(ENTRY #260) 2022-03-10 18:54:35.214329 >> Projectile removed!
(ENTRY #261) 2022-03-10 18:54:35.321331 >> Projectile removed!
(ENTRY #262) 2022-03-10 18:54:35.535902 >> Projectile removed!
(ENTRY #263) 2022-03-10 18:54:35.850888 >> Projectile removed!
(ENTRY #264) 2022-03-10 18:54:36.021854 >> MOUSEPOS: (446.38138914333257, 510.6548942174637)
(ENTRY #265) 2022-03-10 18:54:36.021854 >> SLOPE CALC:None
(ENTRY #266) 2022-03-10 18:54:36.021854 >> LIN CALC FIN: 503.417672504128
(ENTRY #267) 2022-03-10 18:54:36.021854 >> LIN CALC RAW: 396.582327495872
(ENTRY #268) 2022-03-10 18:54:36.021854 >> Below!
(ENTRY #269) 2022-03-10 18:54:36.021854 >> Object lightRound has been created!
(ENTRY #270) 2022-03-10 18:54:36.022861 >> Protectile #54 has been created! Type: Light
(ENTRY #271) 2022-03-10 18:54:36.022861 >> Projectile created! ID: #54
(ENTRY #272) 2022-03-10 18:54:36.022861 >> MOUSEPOS: (578.6186108566675, 589.6548942174638)
(ENTRY #273) 2022-03-10 18:54:36.022861 >> SLOPE CALC:None
(ENTRY #274) 2022-03-10 18:54:36.022861 >> LIN CALC FIN: 668.8921159307986
(ENTRY #275) 2022-03-10 18:54:36.022861 >> LIN CALC RAW: 231.10788406920142
(ENTRY #276) 2022-03-10 18:54:36.022861 >> Above!
(ENTRY #277) 2022-03-10 18:54:36.022861 >> Object lightRound has been created!
(ENTRY #278) 2022-03-10 18:54:36.023855 >> Protectile #56 has been created! Type: Light
(ENTRY #279) 2022-03-10 18:54:36.023855 >> Projectile created! ID: #56
(ENTRY #280) 2022-03-10 18:54:36.023855 >> MOUSEPOS: (467.38138914333257, 523.6548942174637)
(ENTRY #281) 2022-03-10 18:54:36.023855 >> SLOPE CALC:None
(ENTRY #282) 2022-03-10 18:54:36.023855 >> LIN CALC FIN: 484.4176725041289
(ENTRY #283) 2022-03-10 18:54:36.023855 >> LIN CALC RAW: 415.5823274958711
(ENTRY #284) 2022-03-10 18:54:36.023855 >> Below!
(ENTRY #285) 2022-03-10 18:54:36.023855 >> Object lightRound has been created!
(ENTRY #286) 2022-03-10 18:54:36.023855 >> Protectile #58 has been created! Type: Light
(ENTRY #287) 2022-03-10 18:54:36.023855 >> Projectile created! ID: #58
(ENTRY #288) 2022-03-10 18:54:36.023855 >> MOUSEPOS: (713.900197984807, 326.57126491664155)
(ENTRY #289) 2022-03-10 18:54:36.023855 >> SLOPE CALC:None
(ENTRY #290) 2022-03-10 18:54:36.023855 >> LIN CALC FIN: 376.086486055807
(ENTRY #291) 2022-03-10 18:54:36.023855 >> LIN CALC RAW: 523.913513944193
(ENTRY #292) 2022-03-10 18:54:36.023855 >> Above!
(ENTRY #293) 2022-03-10 18:54:36.023855 >> Object lightRound has been created!
(ENTRY #294) 2022-03-10 18:54:36.024869 >> Protectile #60 has been created! Type: Light
(ENTRY #295) 2022-03-10 18:54:36.024869 >> Projectile created! ID: #60
(ENTRY #296) 2022-03-10 18:54:36.024869 >> MOUSEPOS: (819.2193094929237, 340.8517772710315)
(ENTRY #297) 2022-03-10 18:54:36.024869 >> SLOPE CALC:None
(ENTRY #298) 2022-03-10 18:54:36.024869 >> LIN CALC FIN: 406.8903764247582
(ENTRY #299) 2022-03-10 18:54:36.024869 >> LIN CALC RAW: 493.1096235752418
(ENTRY #300) 2022-03-10 18:54:36.024869 >> Above!
(ENTRY #301) 2022-03-10 18:54:36.024869 >> Object lightRound has been created!
(ENTRY #302) 2022-03-10 18:54:36.025858 >> Protectile #62 has been created! Type: Light
(ENTRY #303) 2022-03-10 18:54:36.025858 >> Projectile created! ID: #62
(ENTRY #304) 2022-03-10 18:54:36.025858 >> MOUSEPOS: (722.900197984807, 317.57126491664155)
(ENTRY #305) 2022-03-10 18:54:36.025858 >> SLOPE CALC:None
(ENTRY #306) 2022-03-10 18:54:36.025858 >> LIN CALC FIN: 365.1708887791482
(ENTRY #307) 2022-03-10 18:54:36.025858 >> LIN CALC RAW: 534.8291112208518
(ENTRY #308) 2022-03-10 18:54:36.025858 >> Above!
(ENTRY #309) 2022-03-10 18:54:36.025858 >> Object lightRound has been created!
(ENTRY #310) 2022-03-10 18:54:36.025858 >> Protectile #64 has been created! Type: Light
(ENTRY #311) 2022-03-10 18:54:36.025858 >> Projectile created! ID: #64
(ENTRY #312) 2022-03-10 18:54:36.170866 >> Cloud created! ID: #6
(ENTRY #313) 2022-03-10 18:54:36.382762 >> Projectile has hit!
(ENTRY #314) 2022-03-10 18:54:36.383762 >> Projectile removed!
(ENTRY #315) 2022-03-10 18:54:36.515701 >> entity_2_3 and entity_2_4 have collided!
(ENTRY #316) 2022-03-10 18:54:36.515701 >> entity_2_4 and entity_2_3 have collided!
(ENTRY #317) 2022-03-10 18:54:36.767138 >> Projectile removed!
(ENTRY #318) 2022-03-10 18:54:36.954403 >> Projectile has hit!
(ENTRY #319) 2022-03-10 18:54:36.954403 >> Projectile removed!
(ENTRY #320) 2022-03-10 18:54:36.973961 >> Projectile has hit!
(ENTRY #321) 2022-03-10 18:54:36.973961 >> Projectile removed!
(ENTRY #322) 2022-03-10 18:54:36.994008 >> Projectile removed!
(ENTRY #323) 2022-03-10 18:54:36.995012 >> Projectile has hit!
(ENTRY #324) 2022-03-10 18:54:36.995012 >> Projectile removed!
(ENTRY #325) 2022-03-10 18:54:37.107950 >> Projectile has hit!
(ENTRY #326) 2022-03-10 18:54:37.108916 >> Projectile removed!
(ENTRY #327) 2022-03-10 18:54:37.190757 >> Cloud created! ID: #7
(ENTRY #328) 2022-03-10 18:54:37.429634 >> Projectile has hit!
(ENTRY #329) 2022-03-10 18:54:37.429634 >> Projectile removed!
(ENTRY #330) 2022-03-10 18:54:37.806171 >> Projectile removed!
(ENTRY #331) 2022-03-10 18:54:37.918876 >> Projectile removed!
(ENTRY #332) 2022-03-10 18:54:38.025581 >> MOUSEPOS: (403.5207433674075, 537.6101888284993)
(ENTRY #333) 2022-03-10 18:54:38.025581 >> SLOPE CALC:None
(ENTRY #334) 2022-03-10 18:54:38.025581 >> LIN CALC FIN: 430.9681461180487
(ENTRY #335) 2022-03-10 18:54:38.025581 >> LIN CALC RAW: 469.0318538819513
(ENTRY #336) 2022-03-10 18:54:38.025581 >> Below!
(ENTRY #337) 2022-03-10 18:54:38.025581 >> Object lightRound has been created!
(ENTRY #338) 2022-03-10 18:54:38.026583 >> Protectile #66 has been created! Type: Light
(ENTRY #339) 2022-03-10 18:54:38.026583 >> Projectile created! ID: #66
(ENTRY #340) 2022-03-10 18:54:38.026583 >> MOUSEPOS: (376.1711740613819, 427.61857681202315)
(ENTRY #341) 2022-03-10 18:54:38.026583 >> SLOPE CALC:None
(ENTRY #342) 2022-03-10 18:54:38.026583 >> LIN CALC FIN: 472.26061952247375
(ENTRY #343) 2022-03-10 18:54:38.026583 >> LIN CALC RAW: 427.73938047752625
(ENTRY #344) 2022-03-10 18:54:38.026583 >> Above!
(ENTRY #345) 2022-03-10 18:54:38.026583 >> Object lightRound has been created!
(ENTRY #346) 2022-03-10 18:54:38.026583 >> Protectile #68 has been created! Type: Light
(ENTRY #347) 2022-03-10 18:54:38.026583 >> Projectile created! ID: #68
(ENTRY #348) 2022-03-10 18:54:38.026583 >> MOUSEPOS: (448.5207433674075, 519.6101888284993)
(ENTRY #349) 2022-03-10 18:54:38.026583 >> SLOPE CALC:None
(ENTRY #350) 2022-03-10 18:54:38.026583 >> LIN CALC FIN: 431.7867449584834
(ENTRY #351) 2022-03-10 18:54:38.026583 >> LIN CALC RAW: 468.2132550415166
(ENTRY #352) 2022-03-10 18:54:38.027582 >> Below!
(ENTRY #353) 2022-03-10 18:54:38.027582 >> Object lightRound has been created!
(ENTRY #354) 2022-03-10 18:54:38.027582 >> Protectile #70 has been created! Type: Light
(ENTRY #355) 2022-03-10 18:54:38.027582 >> Projectile created! ID: #70
(ENTRY #356) 2022-03-10 18:54:38.027582 >> MOUSEPOS: (588.8154134232217, 573.0814150142976)
(ENTRY #357) 2022-03-10 18:54:38.027582 >> SLOPE CALC:None
(ENTRY #358) 2022-03-10 18:54:38.027582 >> LIN CALC FIN: 270.12355262245444
(ENTRY #359) 2022-03-10 18:54:38.027582 >> LIN CALC RAW: 629.8764473775456
(ENTRY #360) 2022-03-10 18:54:38.027582 >> Below!
(ENTRY #361) 2022-03-10 18:54:38.027582 >> Object lightRound has been created!
(ENTRY #362) 2022-03-10 18:54:38.028610 >> Protectile #72 has been created! Type: Light
(ENTRY #363) 2022-03-10 18:54:38.028610 >> Projectile created! ID: #72
(ENTRY #364) 2022-03-10 18:54:38.047507 >> Projectile removed!
(ENTRY #365) 2022-03-10 18:54:38.296753 >> Cloud created! ID: #8
(ENTRY #366) 2022-03-10 18:54:38.731398 >> Projectile has hit!
(ENTRY #367) 2022-03-10 18:54:38.731398 >> Projectile removed!
(ENTRY #368) 2022-03-10 18:54:38.864736 >> Projectile has hit!
(ENTRY #369) 2022-03-10 18:54:38.864736 >> Projectile removed!
(ENTRY #370) 2022-03-10 18:54:39.351706 >> Cloud created! ID: #9
(ENTRY #371) 2022-03-10 18:54:39.369995 >> Projectile removed!
(ENTRY #372) 2022-03-10 18:54:39.515124 >> Projectile removed!
(ENTRY #373) 2022-03-10 18:54:40.029372 >> MOUSEPOS: (386.923514249602, 478.6807992443628)
(ENTRY #374) 2022-03-10 18:54:40.029372 >> SLOPE CALC:None
(ENTRY #375) 2022-03-10 18:54:40.029372 >> LIN CALC FIN: 394.1774235688512
(ENTRY #376) 2022-03-10 18:54:40.029372 >> LIN CALC RAW: 505.8225764311488
(ENTRY #377) 2022-03-10 18:54:40.029372 >> Below!
(ENTRY #378) 2022-03-10 18:54:40.029372 >> Object lightRound has been created!
(ENTRY #379) 2022-03-10 18:54:40.030386 >> Protectile #74 has been created! Type: Light
(ENTRY #380) 2022-03-10 18:54:40.030386 >> Projectile created! ID: #74
(ENTRY #381) 2022-03-10 18:54:40.030386 >> MOUSEPOS: (415.02765858805384, 411.28156790730304)
(ENTRY #382) 2022-03-10 18:54:40.030386 >> SLOPE CALC:None
(ENTRY #383) 2022-03-10 18:54:40.030386 >> LIN CALC FIN: 443.57665490591097
(ENTRY #384) 2022-03-10 18:54:40.030386 >> LIN CALC RAW: 456.42334509408903
(ENTRY #385) 2022-03-10 18:54:40.030386 >> Above!
(ENTRY #386) 2022-03-10 18:54:40.030386 >> Object lightRound has been created!
(ENTRY #387) 2022-03-10 18:54:40.030386 >> Protectile #76 has been created! Type: Light
(ENTRY #388) 2022-03-10 18:54:40.030386 >> Projectile created! ID: #76
(ENTRY #389) 2022-03-10 18:54:40.030386 >> MOUSEPOS: (410.923514249602, 495.6807992443628)
(ENTRY #390) 2022-03-10 18:54:40.030386 >> SLOPE CALC:None
(ENTRY #391) 2022-03-10 18:54:40.030386 >> LIN CALC FIN: 359.4304410665155
(ENTRY #392) 2022-03-10 18:54:40.030386 >> LIN CALC RAW: 540.5695589334845
(ENTRY #393) 2022-03-10 18:54:40.030386 >> Below!
(ENTRY #394) 2022-03-10 18:54:40.030386 >> Object lightRound has been created!
(ENTRY #395) 2022-03-10 18:54:40.031429 >> Protectile #78 has been created! Type: Light
(ENTRY #396) 2022-03-10 18:54:40.031429 >> Projectile created! ID: #78
(ENTRY #397) 2022-03-10 18:54:40.031429 >> MOUSEPOS: (417.02765858805384, 400.28156790730304)
(ENTRY #398) 2022-03-10 18:54:40.031429 >> SLOPE CALC:None
(ENTRY #399) 2022-03-10 18:54:40.031429 >> LIN CALC FIN: 316.23232273138365
(ENTRY #400) 2022-03-10 18:54:40.031429 >> LIN CALC RAW: 583.7676772686164
(ENTRY #401) 2022-03-10 18:54:40.031429 >> Below!
(ENTRY #402) 2022-03-10 18:54:40.031429 >> Object lightRound has been created!
(ENTRY #403) 2022-03-10 18:54:40.031429 >> Protectile #80 has been created! Type: Light
(ENTRY #404) 2022-03-10 18:54:40.031429 >> Projectile created! ID: #80
(ENTRY #405) 2022-03-10 18:54:40.184513 >> Projectile removed!
(ENTRY #406) 2022-03-10 18:54:40.356731 >> Cloud created! ID: #10
(ENTRY #407) 2022-03-10 18:54:40.451050 >> Projectile has hit!
(ENTRY #408) 2022-03-10 18:54:40.451050 >> Projectile removed!
(ENTRY #409) 2022-03-10 18:54:41.419710 >> Cloud created! ID: #11
(ENTRY #410) 2022-03-10 18:54:41.550669 >> Projectile has hit!
(ENTRY #411) 2022-03-10 18:54:41.550669 >> Projectile removed!
(ENTRY #412) 2022-03-10 18:54:42.044986 >> MOUSEPOS: (385.99428618648994, 475.46440798669386)
(ENTRY #413) 2022-03-10 18:54:42.044986 >> SLOPE CALC:None
(ENTRY #414) 2022-03-10 18:54:42.044986 >> LIN CALC FIN: 416.6523076125038
(ENTRY #415) 2022-03-10 18:54:42.044986 >> LIN CALC RAW: 483.3476923874962
(ENTRY #416) 2022-03-10 18:54:42.044986 >> Below!
(ENTRY #417) 2022-03-10 18:54:42.044986 >> Object lightRound has been created!
(ENTRY #418) 2022-03-10 18:54:42.045987 >> Protectile #82 has been created! Type: Light
(ENTRY #419) 2022-03-10 18:54:42.045987 >> Projectile created! ID: #82
(ENTRY #420) 2022-03-10 18:54:42.045987 >> MOUSEPOS: (445.4552863316613, 424.1913074673325)
(ENTRY #421) 2022-03-10 18:54:42.045987 >> SLOPE CALC:None
(ENTRY #422) 2022-03-10 18:54:42.045987 >> LIN CALC FIN: 386.00340784152263
(ENTRY #423) 2022-03-10 18:54:42.045987 >> LIN CALC RAW: 513.9965921584774
(ENTRY #424) 2022-03-10 18:54:42.045987 >> Below!
(ENTRY #425) 2022-03-10 18:54:42.045987 >> Object lightRound has been created!
(ENTRY #426) 2022-03-10 18:54:42.045987 >> Protectile #84 has been created! Type: Light
(ENTRY #427) 2022-03-10 18:54:42.045987 >> Projectile created! ID: #84
(ENTRY #428) 2022-03-10 18:54:42.045987 >> MOUSEPOS: (447.4552863316613, 415.1913074673325)
(ENTRY #429) 2022-03-10 18:54:42.045987 >> SLOPE CALC:None
(ENTRY #430) 2022-03-10 18:54:42.045987 >> LIN CALC FIN: 368.2163090863771
(ENTRY #431) 2022-03-10 18:54:42.046988 >> LIN CALC RAW: 531.7836909136229
(ENTRY #432) 2022-03-10 18:54:42.046988 >> Below!
(ENTRY #433) 2022-03-10 18:54:42.046988 >> Object lightRound has been created!
(ENTRY #434) 2022-03-10 18:54:42.046988 >> Protectile #86 has been created! Type: Light
(ENTRY #435) 2022-03-10 18:54:42.046988 >> Projectile created! ID: #86
(ENTRY #436) 2022-03-10 18:54:42.046988 >> MOUSEPOS: (437.4552863316613, 435.1913074673325)
(ENTRY #437) 2022-03-10 18:54:42.046988 >> SLOPE CALC:None
(ENTRY #438) 2022-03-10 18:54:42.046988 >> LIN CALC FIN: 169.6014901312833
(ENTRY #439) 2022-03-10 18:54:42.046988 >> LIN CALC RAW: 730.3985098687167
(ENTRY #440) 2022-03-10 18:54:42.046988 >> Below!
(ENTRY #441) 2022-03-10 18:54:42.046988 >> Object lightRound has been created!
(ENTRY #442) 2022-03-10 18:54:42.046988 >> Protectile #88 has been created! Type: Light
(ENTRY #443) 2022-03-10 18:54:42.046988 >> Projectile created! ID: #88
(ENTRY #444) 2022-03-10 18:54:42.179540 >> entity_1_0 and entity_1_3 have collided!
(ENTRY #445) 2022-03-10 18:54:42.179540 >> entity_1_3 and entity_1_0 have collided!
(ENTRY #446) 2022-03-10 18:54:42.518800 >> Cloud created! ID: #12
(ENTRY #447) 2022-03-10 18:54:43.156712 >> Naval Warfare 2D Closed...
