Log for Naval Warfare 2D, intended for debugging purposes only! 

(ENTRY #1) 2022-04-18 21:24:18.294091 >> Initialized Log handler...
(ENTRY #2) 2022-04-18 21:24:19.005090 >> Initialized Warship handler...
(ENTRY #3) 2022-04-18 21:24:19.006095 >> Initialized Projectile handler...
(ENTRY #4) 2022-04-18 21:24:19.015092 >> Initialized GUI handler...
(ENTRY #5) 2022-04-18 21:24:19.016090 >> Starting Naval Warfare 2D...
(ENTRY #6) 2022-04-18 21:24:24.157294 >> Created Sprite for Player!
(ENTRY #7) 2022-04-18 21:24:24.157294 >> Finished initalizing!
(ENTRY #8) 2022-04-18 21:24:25.456917 >> Returning to menu!
(ENTRY #9) 2022-04-18 21:24:26.115920 >> Game resumed!
(ENTRY #10) 2022-04-18 21:24:26.115920 >> Dumb-AI Entity created!
(ENTRY #11) 2022-04-18 21:24:26.115920 >> Dumb-AI Entity created!
(ENTRY #12) 2022-04-18 21:24:26.128918 >> Cloud created! ID: #1
(ENTRY #13) 2022-04-18 21:24:26.184919 >> Dumb-AI Entity created!
(ENTRY #14) 2022-04-18 21:24:26.899549 >> MOUSEPOS: (134, 176)
(ENTRY #15) 2022-04-18 21:24:26.899549 >> SLOPE CALC:None
(ENTRY #16) 2022-04-18 21:24:26.899549 >> LIN CALC FIN: 416.0
(ENTRY #17) 2022-04-18 21:24:26.899549 >> LIN CALC RAW: 484.0
(ENTRY #18) 2022-04-18 21:24:26.899549 >> Above!
(ENTRY #19) 2022-04-18 21:24:26.899549 >> Object lightRound has been created!
(ENTRY #20) 2022-04-18 21:24:26.900549 >> Protectile #2 has been created! Type: Light
(ENTRY #21) 2022-04-18 21:24:26.900549 >> Projectile created! ID: #2
(ENTRY #22) 2022-04-18 21:24:27.158138 >> Cloud created! ID: #2
(ENTRY #23) 2022-04-18 21:24:28.134223 >> MOUSEPOS: (163.24425927008917, 170.0053296750265)
(ENTRY #24) 2022-04-18 21:24:28.134223 >> SLOPE CALC:None
(ENTRY #25) 2022-04-18 21:24:28.134223 >> LIN CALC FIN: 183.56604063868917
(ENTRY #26) 2022-04-18 21:24:28.134223 >> LIN CALC RAW: 716.4339593613108
(ENTRY #27) 2022-04-18 21:24:28.134223 >> Above!
(ENTRY #28) 2022-04-18 21:24:28.134223 >> Object lightRound has been created!
(ENTRY #29) 2022-04-18 21:24:28.134223 >> Protectile #4 has been created! Type: Light
(ENTRY #30) 2022-04-18 21:24:28.134223 >> Projectile created! ID: #4
(ENTRY #31) 2022-04-18 21:24:28.134223 >> MOUSEPOS: (166.24425927008917, 194.0053296750265)
(ENTRY #32) 2022-04-18 21:24:28.134223 >> SLOPE CALC:None
(ENTRY #33) 2022-04-18 21:24:28.134223 >> LIN CALC FIN: 215.93800915102258
(ENTRY #34) 2022-04-18 21:24:28.134223 >> LIN CALC RAW: 684.0619908489774
(ENTRY #35) 2022-04-18 21:24:28.134223 >> Above!
(ENTRY #36) 2022-04-18 21:24:28.134223 >> Object lightRound has been created!
(ENTRY #37) 2022-04-18 21:24:28.134223 >> Protectile #6 has been created! Type: Light
(ENTRY #38) 2022-04-18 21:24:28.134223 >> Projectile created! ID: #6
(ENTRY #39) 2022-04-18 21:24:28.134223 >> MOUSEPOS: (147.68598425616668, 170.00776562476668)
(ENTRY #40) 2022-04-18 21:24:28.134223 >> SLOPE CALC:None
(ENTRY #41) 2022-04-18 21:24:28.134223 >> LIN CALC FIN: 172.44705466110395
(ENTRY #42) 2022-04-18 21:24:28.134223 >> LIN CALC RAW: 727.552945338896
(ENTRY #43) 2022-04-18 21:24:28.134223 >> Above!
(ENTRY #44) 2022-04-18 21:24:28.134223 >> Object lightRound has been created!
(ENTRY #45) 2022-04-18 21:24:28.134223 >> Protectile #8 has been created! Type: Light
(ENTRY #46) 2022-04-18 21:24:28.134223 >> Projectile created! ID: #8
(ENTRY #47) 2022-04-18 21:24:28.147225 >> Projectile has hit!
(ENTRY #48) 2022-04-18 21:24:28.147225 >> Projectile has hit!
(ENTRY #49) 2022-04-18 21:24:28.147225 >> Projectile removed!
(ENTRY #50) 2022-04-18 21:24:28.147225 >> Projectile removed!
(ENTRY #51) 2022-04-18 21:24:28.199225 >> Cloud created! ID: #3
(ENTRY #52) 2022-04-18 21:24:28.538222 >> Projectile has hit!
(ENTRY #53) 2022-04-18 21:24:28.538222 >> Projectile removed!
(ENTRY #54) 2022-04-18 21:24:28.707223 >> MOUSEPOS: (119, 181)
(ENTRY #55) 2022-04-18 21:24:28.707223 >> SLOPE CALC:None
(ENTRY #56) 2022-04-18 21:24:28.707223 >> LIN CALC FIN: 431.0
(ENTRY #57) 2022-04-18 21:24:28.707223 >> LIN CALC RAW: 469.0
(ENTRY #58) 2022-04-18 21:24:28.707223 >> Above!
(ENTRY #59) 2022-04-18 21:24:28.707223 >> Object lightRound has been created!
(ENTRY #60) 2022-04-18 21:24:28.707223 >> Protectile #10 has been created! Type: Light
(ENTRY #61) 2022-04-18 21:24:28.707223 >> Projectile created! ID: #10
(ENTRY #62) 2022-04-18 21:24:29.228222 >> Cloud created! ID: #4
(ENTRY #63) 2022-04-18 21:24:29.358222 >> MOUSEPOS: (203, 175)
(ENTRY #64) 2022-04-18 21:24:29.358222 >> SLOPE CALC:None
(ENTRY #65) 2022-04-18 21:24:29.358222 >> LIN CALC FIN: 347.0
(ENTRY #66) 2022-04-18 21:24:29.358222 >> LIN CALC RAW: 553.0
(ENTRY #67) 2022-04-18 21:24:29.358222 >> Above!
(ENTRY #68) 2022-04-18 21:24:29.826223 >> MOUSEPOS: (309, 213)
(ENTRY #69) 2022-04-18 21:24:29.826223 >> SLOPE CALC:None
(ENTRY #70) 2022-04-18 21:24:29.826223 >> LIN CALC FIN: 241.0
(ENTRY #71) 2022-04-18 21:24:29.826223 >> LIN CALC RAW: 659.0
(ENTRY #72) 2022-04-18 21:24:29.826223 >> Above!
(ENTRY #73) 2022-04-18 21:24:29.826223 >> Object lightRound has been created!
(ENTRY #74) 2022-04-18 21:24:29.826223 >> Protectile #12 has been created! Type: Light
(ENTRY #75) 2022-04-18 21:24:29.826223 >> Projectile created! ID: #12
(ENTRY #76) 2022-04-18 21:24:30.139735 >> MOUSEPOS: (236.17103216253614, 44.39818871989955)
(ENTRY #77) 2022-04-18 21:24:30.139735 >> SLOPE CALC:None
(ENTRY #78) 2022-04-18 21:24:30.139735 >> LIN CALC FIN: 248.55141262032748
(ENTRY #79) 2022-04-18 21:24:30.139735 >> LIN CALC RAW: 651.4485873796725
(ENTRY #80) 2022-04-18 21:24:30.139735 >> Above!
(ENTRY #81) 2022-04-18 21:24:30.139735 >> Object lightRound has been created!
(ENTRY #82) 2022-04-18 21:24:30.139735 >> Protectile #14 has been created! Type: Light
(ENTRY #83) 2022-04-18 21:24:30.139735 >> Projectile created! ID: #14
(ENTRY #84) 2022-04-18 21:24:30.139735 >> MOUSEPOS: (243.17103216253614, 72.39818871989955)
(ENTRY #85) 2022-04-18 21:24:30.139735 >> SLOPE CALC:None
(ENTRY #86) 2022-04-18 21:24:30.139735 >> LIN CALC FIN: 79.22944259545454
(ENTRY #87) 2022-04-18 21:24:30.139735 >> LIN CALC RAW: 820.7705574045455
(ENTRY #88) 2022-04-18 21:24:30.139735 >> Above!
(ENTRY #89) 2022-04-18 21:24:30.139735 >> Object lightRound has been created!
(ENTRY #90) 2022-04-18 21:24:30.139735 >> Protectile #16 has been created! Type: Light
(ENTRY #91) 2022-04-18 21:24:30.139735 >> Projectile created! ID: #16
(ENTRY #92) 2022-04-18 21:24:30.139735 >> MOUSEPOS: (284.15872050313135, 102.24175425485926)
(ENTRY #93) 2022-04-18 21:24:30.139735 >> SLOPE CALC:None
(ENTRY #94) 2022-04-18 21:24:30.139735 >> LIN CALC FIN: 107.38587706049475
(ENTRY #95) 2022-04-18 21:24:30.139735 >> LIN CALC RAW: 792.6141229395053
(ENTRY #96) 2022-04-18 21:24:30.139735 >> Above!
(ENTRY #97) 2022-04-18 21:24:30.139735 >> Object lightRound has been created!
(ENTRY #98) 2022-04-18 21:24:30.140735 >> Protectile #18 has been created! Type: Light
(ENTRY #99) 2022-04-18 21:24:30.140735 >> Projectile created! ID: #18
(ENTRY #100) 2022-04-18 21:24:30.232735 >> Cloud created! ID: #5
(ENTRY #101) 2022-04-18 21:24:30.383735 >> Projectile has hit!
(ENTRY #102) 2022-04-18 21:24:30.383735 >> Projectile removed!
(ENTRY #103) 2022-04-18 21:24:31.214733 >> Projectile has hit!
(ENTRY #104) 2022-04-18 21:24:31.214733 >> Projectile removed!
(ENTRY #105) 2022-04-18 21:24:31.227732 >> Projectile removed!
(ENTRY #106) 2022-04-18 21:24:31.267733 >> Cloud created! ID: #6
(ENTRY #107) 2022-04-18 21:24:31.606735 >> Projectile removed!
(ENTRY #108) 2022-04-18 21:24:31.738734 >> MOUSEPOS: (253, 145)
(ENTRY #109) 2022-04-18 21:24:31.738734 >> SLOPE CALC:None
(ENTRY #110) 2022-04-18 21:24:31.738734 >> LIN CALC FIN: 297.0
(ENTRY #111) 2022-04-18 21:24:31.738734 >> LIN CALC RAW: 603.0
(ENTRY #112) 2022-04-18 21:24:31.738734 >> Above!
(ENTRY #113) 2022-04-18 21:24:31.738734 >> Object lightRound has been created!
(ENTRY #114) 2022-04-18 21:24:31.738734 >> Protectile #20 has been created! Type: Light
(ENTRY #115) 2022-04-18 21:24:31.738734 >> Projectile created! ID: #20
(ENTRY #116) 2022-04-18 21:24:32.147735 >> MOUSEPOS: (294.4914922033471, 54.86596672264249)
(ENTRY #117) 2022-04-18 21:24:32.147735 >> SLOPE CALC:None
(ENTRY #118) 2022-04-18 21:24:32.147735 >> LIN CALC FIN: 283.4034715726891
(ENTRY #119) 2022-04-18 21:24:32.147735 >> LIN CALC RAW: 616.5965284273109
(ENTRY #120) 2022-04-18 21:24:32.147735 >> Above!
(ENTRY #121) 2022-04-18 21:24:32.147735 >> Object lightRound has been created!
(ENTRY #122) 2022-04-18 21:24:32.147735 >> Protectile #22 has been created! Type: Light
(ENTRY #123) 2022-04-18 21:24:32.147735 >> Projectile created! ID: #22
(ENTRY #124) 2022-04-18 21:24:32.147735 >> MOUSEPOS: (264.4914922033471, 70.8659667226425)
(ENTRY #125) 2022-04-18 21:24:32.147735 >> SLOPE CALC:None
(ENTRY #126) 2022-04-18 21:24:32.147735 >> LIN CALC FIN: 58.409925398128394
(ENTRY #127) 2022-04-18 21:24:32.147735 >> LIN CALC RAW: 841.5900746018716
(ENTRY #128) 2022-04-18 21:24:32.147735 >> Below!
(ENTRY #129) 2022-04-18 21:24:32.147735 >> Object lightRound has been created!
(ENTRY #130) 2022-04-18 21:24:32.147735 >> Protectile #24 has been created! Type: Light
(ENTRY #131) 2022-04-18 21:24:32.147735 >> Projectile created! ID: #24
(ENTRY #132) 2022-04-18 21:24:32.147735 >> MOUSEPOS: (368.2676142063623, 170.1860474011436)
(ENTRY #133) 2022-04-18 21:24:32.147735 >> SLOPE CALC:None
(ENTRY #134) 2022-04-18 21:24:32.147735 >> LIN CALC FIN: 175.6420887256577
(ENTRY #135) 2022-04-18 21:24:32.147735 >> LIN CALC RAW: 724.3579112743423
(ENTRY #136) 2022-04-18 21:24:32.147735 >> Above!
(ENTRY #137) 2022-04-18 21:24:32.147735 >> Object lightRound has been created!
(ENTRY #138) 2022-04-18 21:24:32.148735 >> Protectile #26 has been created! Type: Light
(ENTRY #139) 2022-04-18 21:24:32.148735 >> Projectile created! ID: #26
(ENTRY #140) 2022-04-18 21:24:32.307776 >> Cloud created! ID: #7
(ENTRY #141) 2022-04-18 21:24:32.715789 >> Projectile removed!
(ENTRY #142) 2022-04-18 21:24:32.959846 >> Projectile has hit!
(ENTRY #143) 2022-04-18 21:24:32.959846 >> Projectile removed!
(ENTRY #144) 2022-04-18 21:24:32.999846 >> MOUSEPOS: (120, 113)
(ENTRY #145) 2022-04-18 21:24:32.999846 >> SLOPE CALC:None
(ENTRY #146) 2022-04-18 21:24:32.999846 >> LIN CALC FIN: 430.0
(ENTRY #147) 2022-04-18 21:24:32.999846 >> LIN CALC RAW: 470.0
(ENTRY #148) 2022-04-18 21:24:32.999846 >> Above!
(ENTRY #149) 2022-04-18 21:24:32.999846 >> Object lightRound has been created!
(ENTRY #150) 2022-04-18 21:24:33.000845 >> Protectile #28 has been created! Type: Light
(ENTRY #151) 2022-04-18 21:24:33.000845 >> Projectile created! ID: #28
(ENTRY #152) 2022-04-18 21:24:33.237844 >> Projectile has hit!
(ENTRY #153) 2022-04-18 21:24:33.237844 >> Projectile removed!
(ENTRY #154) 2022-04-18 21:24:33.293844 >> Dumb-AI Entity created!
(ENTRY #155) 2022-04-18 21:24:33.294844 >> Dumb-AI Entity created!
(ENTRY #156) 2022-04-18 21:24:33.361847 >> Cloud created! ID: #8
(ENTRY #157) 2022-04-18 21:24:33.440845 >> MOUSEPOS: (146, 116)
(ENTRY #158) 2022-04-18 21:24:33.440845 >> SLOPE CALC:None
(ENTRY #159) 2022-04-18 21:24:33.440845 >> LIN CALC FIN: 404.0
(ENTRY #160) 2022-04-18 21:24:33.440845 >> LIN CALC RAW: 496.0
(ENTRY #161) 2022-04-18 21:24:33.440845 >> Above!
(ENTRY #162) 2022-04-18 21:24:33.729847 >> Projectile removed!
(ENTRY #163) 2022-04-18 21:24:33.990845 >> Projectile has hit!
(ENTRY #164) 2022-04-18 21:24:33.990845 >> Projectile removed!
(ENTRY #165) 2022-04-18 21:24:34.159872 >> MOUSEPOS: (151.0, 284.0)
(ENTRY #166) 2022-04-18 21:24:34.159872 >> SLOPE CALC:None
(ENTRY #167) 2022-04-18 21:24:34.159872 >> LIN CALC FIN: 131.83654593394158
(ENTRY #168) 2022-04-18 21:24:34.159872 >> LIN CALC RAW: 768.1634540660584
(ENTRY #169) 2022-04-18 21:24:34.159872 >> Below!
(ENTRY #170) 2022-04-18 21:24:34.159872 >> Object lightRound has been created!
(ENTRY #171) 2022-04-18 21:24:34.159872 >> Protectile #30 has been created! Type: Light
(ENTRY #172) 2022-04-18 21:24:34.159872 >> Projectile created! ID: #30
(ENTRY #173) 2022-04-18 21:24:34.159872 >> MOUSEPOS: (189.0, 316.0)
(ENTRY #174) 2022-04-18 21:24:34.159872 >> SLOPE CALC:None
(ENTRY #175) 2022-04-18 21:24:34.159872 >> LIN CALC FIN: 424.6680335488451
(ENTRY #176) 2022-04-18 21:24:34.159872 >> LIN CALC RAW: 475.3319664511549
(ENTRY #177) 2022-04-18 21:24:34.159872 >> Above!
(ENTRY #178) 2022-04-18 21:24:34.159872 >> Object lightRound has been created!
(ENTRY #179) 2022-04-18 21:24:34.160872 >> Protectile #32 has been created! Type: Light
(ENTRY #180) 2022-04-18 21:24:34.160872 >> Projectile created! ID: #32
(ENTRY #181) 2022-04-18 21:24:34.160872 >> MOUSEPOS: (360.95263365531383, 333.71539989353124)
(ENTRY #182) 2022-04-18 21:24:34.160872 >> SLOPE CALC:None
(ENTRY #183) 2022-04-18 21:24:34.160872 >> LIN CALC FIN: 474.95263365531383
(ENTRY #184) 2022-04-18 21:24:34.160872 >> LIN CALC RAW: 425.04736634468617
(ENTRY #185) 2022-04-18 21:24:34.160872 >> Above!
(ENTRY #186) 2022-04-18 21:24:34.160872 >> Object lightRound has been created!
(ENTRY #187) 2022-04-18 21:24:34.160872 >> Protectile #34 has been created! Type: Light
(ENTRY #188) 2022-04-18 21:24:34.160872 >> Projectile created! ID: #34
(ENTRY #189) 2022-04-18 21:24:34.160872 >> MOUSEPOS: (115.0, 450.0)
(ENTRY #190) 2022-04-18 21:24:34.160872 >> SLOPE CALC:None
(ENTRY #191) 2022-04-18 21:24:34.160872 >> LIN CALC FIN: 309.0
(ENTRY #192) 2022-04-18 21:24:34.160872 >> LIN CALC RAW: 591.0
(ENTRY #193) 2022-04-18 21:24:34.160872 >> Below!
(ENTRY #194) 2022-04-18 21:24:34.160872 >> Object lightRound has been created!
(ENTRY #195) 2022-04-18 21:24:34.160872 >> Protectile #36 has been created! Type: Light
(ENTRY #196) 2022-04-18 21:24:34.160872 >> Projectile created! ID: #36
(ENTRY #197) 2022-04-18 21:24:34.242871 >> MOUSEPOS: (139, 126)
(ENTRY #198) 2022-04-18 21:24:34.242871 >> SLOPE CALC:None
(ENTRY #199) 2022-04-18 21:24:34.242871 >> LIN CALC FIN: 411.0
(ENTRY #200) 2022-04-18 21:24:34.242871 >> LIN CALC RAW: 489.0
(ENTRY #201) 2022-04-18 21:24:34.242871 >> Above!
(ENTRY #202) 2022-04-18 21:24:34.242871 >> Object lightRound has been created!
(ENTRY #203) 2022-04-18 21:24:34.242871 >> Protectile #38 has been created! Type: Light
(ENTRY #204) 2022-04-18 21:24:34.242871 >> Projectile created! ID: #38
(ENTRY #205) 2022-04-18 21:24:34.452871 >> Cloud created! ID: #9
(ENTRY #206) 2022-04-18 21:24:34.548870 >> MOUSEPOS: (139, 126)
(ENTRY #207) 2022-04-18 21:24:34.548870 >> SLOPE CALC:None
(ENTRY #208) 2022-04-18 21:24:34.548870 >> LIN CALC FIN: 411.0
(ENTRY #209) 2022-04-18 21:24:34.548870 >> LIN CALC RAW: 489.0
(ENTRY #210) 2022-04-18 21:24:34.548870 >> Above!
(ENTRY #211) 2022-04-18 21:24:34.971873 >> Projectile has hit!
(ENTRY #212) 2022-04-18 21:24:34.971873 >> Projectile removed!
(ENTRY #213) 2022-04-18 21:24:35.023875 >> Projectile removed!
(ENTRY #214) 2022-04-18 21:24:35.038875 >> Projectile has hit!
(ENTRY #215) 2022-04-18 21:24:35.038875 >> Projectile removed!
(ENTRY #216) 2022-04-18 21:24:35.172947 >> Projectile has hit!
(ENTRY #217) 2022-04-18 21:24:35.172947 >> Projectile removed!
(ENTRY #218) 2022-04-18 21:24:35.566979 >> Cloud created! ID: #10
(ENTRY #219) 2022-04-18 21:24:35.620024 >> Projectile has hit!
(ENTRY #220) 2022-04-18 21:24:35.620024 >> Projectile removed!
(ENTRY #221) 2022-04-18 21:24:35.671573 >> MOUSEPOS: (143, 118)
(ENTRY #222) 2022-04-18 21:24:35.671573 >> SLOPE CALC:None
(ENTRY #223) 2022-04-18 21:24:35.671573 >> LIN CALC FIN: 407.0
(ENTRY #224) 2022-04-18 21:24:35.671573 >> LIN CALC RAW: 493.0
(ENTRY #225) 2022-04-18 21:24:35.671573 >> Above!
(ENTRY #226) 2022-04-18 21:24:35.671573 >> Object lightRound has been created!
(ENTRY #227) 2022-04-18 21:24:35.672573 >> Protectile #40 has been created! Type: Light
(ENTRY #228) 2022-04-18 21:24:35.672573 >> Projectile created! ID: #40
(ENTRY #229) 2022-04-18 21:24:36.169375 >> MOUSEPOS: (191.4360627504968, 145.9442953648694)
(ENTRY #230) 2022-04-18 21:24:36.169375 >> SLOPE CALC:None
(ENTRY #231) 2022-04-18 21:24:36.170375 >> LIN CALC FIN: 50.23585037196699
(ENTRY #232) 2022-04-18 21:24:36.170375 >> LIN CALC RAW: 849.764149628033
(ENTRY #233) 2022-04-18 21:24:36.170375 >> Below!
(ENTRY #234) 2022-04-18 21:24:36.170375 >> Object lightRound has been created!
(ENTRY #235) 2022-04-18 21:24:36.170375 >> Protectile #42 has been created! Type: Light
(ENTRY #236) 2022-04-18 21:24:36.170375 >> Projectile created! ID: #42
(ENTRY #237) 2022-04-18 21:24:36.170375 >> MOUSEPOS: (170.4360627504968, 173.9442953648694)
(ENTRY #238) 2022-04-18 21:24:36.170375 >> SLOPE CALC:None
(ENTRY #239) 2022-04-18 21:24:36.170375 >> LIN CALC FIN: 275.4394673996811
(ENTRY #240) 2022-04-18 21:24:36.170375 >> LIN CALC RAW: 624.5605326003189
(ENTRY #241) 2022-04-18 21:24:36.170375 >> Above!
(ENTRY #242) 2022-04-18 21:24:36.170375 >> Object lightRound has been created!
(ENTRY #243) 2022-04-18 21:24:36.170375 >> Protectile #44 has been created! Type: Light
(ENTRY #244) 2022-04-18 21:24:36.170375 >> Projectile created! ID: #44
(ENTRY #245) 2022-04-18 21:24:36.170375 >> MOUSEPOS: (224.12307873256685, 85.54883438989688)
(ENTRY #246) 2022-04-18 21:24:36.170375 >> SLOPE CALC:None
(ENTRY #247) 2022-04-18 21:24:36.170375 >> LIN CALC FIN: -45.67864587184954
(ENTRY #248) 2022-04-18 21:24:36.170375 >> LIN CALC RAW: 945.6786458718495
(ENTRY #249) 2022-04-18 21:24:36.170375 >> Below!
(ENTRY #250) 2022-04-18 21:24:36.170375 >> Object lightRound has been created!
(ENTRY #251) 2022-04-18 21:24:36.170375 >> Protectile #46 has been created! Type: Light
(ENTRY #252) 2022-04-18 21:24:36.170375 >> Projectile created! ID: #46
(ENTRY #253) 2022-04-18 21:24:36.170375 >> MOUSEPOS: (200.12307873256685, 78.54883438989688)
(ENTRY #254) 2022-04-18 21:24:36.170375 >> SLOPE CALC:None
(ENTRY #255) 2022-04-18 21:24:36.170375 >> LIN CALC FIN: 107.25727938279942
(ENTRY #256) 2022-04-18 21:24:36.170375 >> LIN CALC RAW: 792.7427206172006
(ENTRY #257) 2022-04-18 21:24:36.170375 >> Above!
(ENTRY #258) 2022-04-18 21:24:36.170375 >> Object lightRound has been created!
(ENTRY #259) 2022-04-18 21:24:36.170375 >> Protectile #48 has been created! Type: Light
(ENTRY #260) 2022-04-18 21:24:36.170375 >> Projectile created! ID: #48
(ENTRY #261) 2022-04-18 21:24:36.463283 >> Projectile removed!
(ENTRY #262) 2022-04-18 21:24:36.506034 >> Projectile has hit!
(ENTRY #263) 2022-04-18 21:24:36.506034 >> Projectile removed!
(ENTRY #264) 2022-04-18 21:24:36.604034 >> Cloud created! ID: #11
(ENTRY #265) 2022-04-18 21:24:36.659658 >> MOUSEPOS: (44, 104)
(ENTRY #266) 2022-04-18 21:24:36.659658 >> SLOPE CALC:None
(ENTRY #267) 2022-04-18 21:24:36.659658 >> LIN CALC FIN: 394.0
(ENTRY #268) 2022-04-18 21:24:36.659658 >> LIN CALC RAW: 506.0
(ENTRY #269) 2022-04-18 21:24:36.659658 >> Above!
(ENTRY #270) 2022-04-18 21:24:36.821261 >> Projectile has hit!
(ENTRY #271) 2022-04-18 21:24:36.821261 >> Projectile removed!
(ENTRY #272) 2022-04-18 21:24:36.991709 >> MOUSEPOS: (44, 104)
(ENTRY #273) 2022-04-18 21:24:36.991709 >> SLOPE CALC:None
(ENTRY #274) 2022-04-18 21:24:36.991709 >> LIN CALC FIN: 394.0
(ENTRY #275) 2022-04-18 21:24:36.991709 >> LIN CALC RAW: 506.0
(ENTRY #276) 2022-04-18 21:24:36.991709 >> Above!
(ENTRY #277) 2022-04-18 21:24:36.991709 >> Object lightRound has been created!
(ENTRY #278) 2022-04-18 21:24:36.992710 >> Protectile #50 has been created! Type: Light
(ENTRY #279) 2022-04-18 21:24:36.992710 >> Projectile created! ID: #50
(ENTRY #280) 2022-04-18 21:24:37.294771 >> MOUSEPOS: (44, 104)
(ENTRY #281) 2022-04-18 21:24:37.294771 >> SLOPE CALC:None
(ENTRY #282) 2022-04-18 21:24:37.294771 >> LIN CALC FIN: 394.0
(ENTRY #283) 2022-04-18 21:24:37.294771 >> LIN CALC RAW: 506.0
(ENTRY #284) 2022-04-18 21:24:37.294771 >> Above!
(ENTRY #285) 2022-04-18 21:24:37.631239 >> Cloud created! ID: #12
(ENTRY #286) 2022-04-18 21:24:37.754772 >> Projectile removed!
(ENTRY #287) 2022-04-18 21:24:38.173022 >> MOUSEPOS: (352.56585605993365, 137.43412768150478)
(ENTRY #288) 2022-04-18 21:24:38.173022 >> SLOPE CALC:None
(ENTRY #289) 2022-04-18 21:24:38.173022 >> LIN CALC FIN: 165.43248357178277
(ENTRY #290) 2022-04-18 21:24:38.173022 >> LIN CALC RAW: 734.5675164282172
(ENTRY #291) 2022-04-18 21:24:38.173022 >> Above!
(ENTRY #292) 2022-04-18 21:24:38.173022 >> Object lightRound has been created!
(ENTRY #293) 2022-04-18 21:24:38.174022 >> Protectile #52 has been created! Type: Light
(ENTRY #294) 2022-04-18 21:24:38.174022 >> Projectile created! ID: #52
(ENTRY #295) 2022-04-18 21:24:38.174022 >> MOUSEPOS: (34.92836678380682, 70.45917593251579)
(ENTRY #296) 2022-04-18 21:24:38.174022 >> SLOPE CALC:None
(ENTRY #297) 2022-04-18 21:24:38.174022 >> LIN CALC FIN: 237.66890870758948
(ENTRY #298) 2022-04-18 21:24:38.174022 >> LIN CALC RAW: 662.3310912924105
(ENTRY #299) 2022-04-18 21:24:38.174022 >> Above!
(ENTRY #300) 2022-04-18 21:24:38.174022 >> Object lightRound has been created!
(ENTRY #301) 2022-04-18 21:24:38.174022 >> Protectile #54 has been created! Type: Light
(ENTRY #302) 2022-04-18 21:24:38.174022 >> Projectile created! ID: #54
(ENTRY #303) 2022-04-18 21:24:38.174022 >> MOUSEPOS: (263.6108864577315, 82.47751396958061)
(ENTRY #304) 2022-04-18 21:24:38.174022 >> SLOPE CALC:None
(ENTRY #305) 2022-04-18 21:24:38.174022 >> LIN CALC FIN: 283.1416956064404
(ENTRY #306) 2022-04-18 21:24:38.174022 >> LIN CALC RAW: 616.8583043935596
(ENTRY #307) 2022-04-18 21:24:38.174022 >> Above!
(ENTRY #308) 2022-04-18 21:24:38.174022 >> Object lightRound has been created!
(ENTRY #309) 2022-04-18 21:24:38.174022 >> Protectile #56 has been created! Type: Light
(ENTRY #310) 2022-04-18 21:24:38.174022 >> Projectile created! ID: #56
(ENTRY #311) 2022-04-18 21:24:38.174022 >> MOUSEPOS: (263.6108864577315, 67.47751396958061)
(ENTRY #312) 2022-04-18 21:24:38.174022 >> SLOPE CALC:None
(ENTRY #313) 2022-04-18 21:24:38.174022 >> LIN CALC FIN: 71.47915807930258
(ENTRY #314) 2022-04-18 21:24:38.174022 >> LIN CALC RAW: 828.5208419206974
(ENTRY #315) 2022-04-18 21:24:38.174022 >> Above!
(ENTRY #316) 2022-04-18 21:24:38.174022 >> Object lightRound has been created!
(ENTRY #317) 2022-04-18 21:24:38.174022 >> Protectile #58 has been created! Type: Light
(ENTRY #318) 2022-04-18 21:24:38.174022 >> Projectile created! ID: #58
(ENTRY #319) 2022-04-18 21:24:38.313313 >> Projectile removed!
(ENTRY #320) 2022-04-18 21:24:38.650313 >> Projectile has hit!
(ENTRY #321) 2022-04-18 21:24:38.650313 >> Projectile removed!
(ENTRY #322) 2022-04-18 21:24:38.663313 >> Cloud created! ID: #13
(ENTRY #323) 2022-04-18 21:24:38.691312 >> Projectile removed!
(ENTRY #324) 2022-04-18 21:24:38.859320 >> Projectile has hit!
(ENTRY #325) 2022-04-18 21:24:38.859320 >> Projectile removed!
(ENTRY #326) 2022-04-18 21:24:39.110597 >> Projectile has hit!
(ENTRY #327) 2022-04-18 21:24:39.110597 >> Projectile removed!
(ENTRY #328) 2022-04-18 21:24:39.254680 >> Projectile has hit!
(ENTRY #329) 2022-04-18 21:24:39.254680 >> Projectile removed!
(ENTRY #330) 2022-04-18 21:24:39.507535 >> MOUSEPOS: (87, 74)
(ENTRY #331) 2022-04-18 21:24:39.507535 >> SLOPE CALC:None
(ENTRY #332) 2022-04-18 21:24:39.507535 >> LIN CALC FIN: 437.0
(ENTRY #333) 2022-04-18 21:24:39.507535 >> LIN CALC RAW: 463.0
(ENTRY #334) 2022-04-18 21:24:39.507535 >> Above!
(ENTRY #335) 2022-04-18 21:24:39.507535 >> Object lightRound has been created!
(ENTRY #336) 2022-04-18 21:24:39.507535 >> Protectile #60 has been created! Type: Light
(ENTRY #337) 2022-04-18 21:24:39.507535 >> Projectile created! ID: #60
(ENTRY #338) 2022-04-18 21:24:39.665446 >> Cloud created! ID: #14
(ENTRY #339) 2022-04-18 21:24:40.180307 >> MOUSEPOS: (26.39215816105468, 49.13780539412656)
(ENTRY #340) 2022-04-18 21:24:40.180307 >> SLOPE CALC:None
(ENTRY #341) 2022-04-18 21:24:40.180307 >> LIN CALC FIN: 216.15324289212833
(ENTRY #342) 2022-04-18 21:24:40.180307 >> LIN CALC RAW: 683.8467571078717
(ENTRY #343) 2022-04-18 21:24:40.180307 >> Above!
(ENTRY #344) 2022-04-18 21:24:40.180307 >> Object lightRound has been created!
(ENTRY #345) 2022-04-18 21:24:40.180307 >> Protectile #62 has been created! Type: Light
(ENTRY #346) 2022-04-18 21:24:40.180307 >> Projectile created! ID: #62
(ENTRY #347) 2022-04-18 21:24:40.180307 >> MOUSEPOS: (59.39215816105468, 84.13780539412656)
(ENTRY #348) 2022-04-18 21:24:40.180307 >> SLOPE CALC:None
(ENTRY #349) 2022-04-18 21:24:40.180307 >> LIN CALC FIN: 255.91401006494834
(ENTRY #350) 2022-04-18 21:24:40.180307 >> LIN CALC RAW: 644.0859899350517
(ENTRY #351) 2022-04-18 21:24:40.180307 >> Above!
(ENTRY #352) 2022-04-18 21:24:40.180307 >> Object lightRound has been created!
(ENTRY #353) 2022-04-18 21:24:40.181307 >> Protectile #64 has been created! Type: Light
(ENTRY #354) 2022-04-18 21:24:40.181307 >> Projectile created! ID: #64
(ENTRY #355) 2022-04-18 21:24:40.181307 >> MOUSEPOS: (255.83666520873228, 63.70873584445073)
(ENTRY #356) 2022-04-18 21:24:40.181307 >> SLOPE CALC:None
(ENTRY #357) 2022-04-18 21:24:40.181307 >> LIN CALC FIN: 274.5823124418041
(ENTRY #358) 2022-04-18 21:24:40.181307 >> LIN CALC RAW: 625.4176875581959
(ENTRY #359) 2022-04-18 21:24:40.181307 >> Above!
(ENTRY #360) 2022-04-18 21:24:40.181307 >> Object lightRound has been created!
(ENTRY #361) 2022-04-18 21:24:40.181307 >> Protectile #66 has been created! Type: Light
(ENTRY #362) 2022-04-18 21:24:40.181307 >> Projectile created! ID: #66
(ENTRY #363) 2022-04-18 21:24:40.181307 >> MOUSEPOS: (219.83666520873228, 36.70873584445073)
(ENTRY #364) 2022-04-18 21:24:40.181307 >> SLOPE CALC:None
(ENTRY #365) 2022-04-18 21:24:40.181307 >> LIN CALC FIN: 16.31877801075666
(ENTRY #366) 2022-04-18 21:24:40.181307 >> LIN CALC RAW: 883.6812219892433
(ENTRY #367) 2022-04-18 21:24:40.181307 >> Below!
(ENTRY #368) 2022-04-18 21:24:40.181307 >> Object lightRound has been created!
(ENTRY #369) 2022-04-18 21:24:40.181307 >> Protectile #68 has been created! Type: Light
(ENTRY #370) 2022-04-18 21:24:40.181307 >> Projectile created! ID: #68
(ENTRY #371) 2022-04-18 21:24:40.668581 >> Cloud removed! ID: #14
(ENTRY #372) 2022-04-18 21:24:40.696598 >> Cloud created! ID: #15
(ENTRY #373) 2022-04-18 21:24:41.139636 >> Projectile removed!
(ENTRY #374) 2022-04-18 21:24:41.167688 >> Projectile has hit!
(ENTRY #375) 2022-04-18 21:24:41.168688 >> Projectile removed!
(ENTRY #376) 2022-04-18 21:24:41.763693 >> Cloud created! ID: #16
(ENTRY #377) 2022-04-18 21:24:41.792694 >> Cloud removed! ID: #16
(ENTRY #378) 2022-04-18 21:24:42.181282 >> Projectile removed!
(ENTRY #379) 2022-04-18 21:24:42.181282 >> MOUSEPOS: (592.5368192378024, 233.4290329770156)
(ENTRY #380) 2022-04-18 21:24:42.181282 >> SLOPE CALC:None
(ENTRY #381) 2022-04-18 21:24:42.181282 >> LIN CALC FIN: 538.2603703475754
(ENTRY #382) 2022-04-18 21:24:42.181282 >> LIN CALC RAW: 361.7396296524246
(ENTRY #383) 2022-04-18 21:24:42.181282 >> Above!
(ENTRY #384) 2022-04-18 21:24:42.181282 >> Object lightRound has been created!
(ENTRY #385) 2022-04-18 21:24:42.181282 >> Protectile #70 has been created! Type: Light
(ENTRY #386) 2022-04-18 21:24:42.181282 >> Projectile created! ID: #70
(ENTRY #387) 2022-04-18 21:24:42.182282 >> MOUSEPOS: (576.5368192378024, 260.4290329770156)
(ENTRY #388) 2022-04-18 21:24:42.182282 >> SLOPE CALC:None
(ENTRY #389) 2022-04-18 21:24:42.182282 >> LIN CALC FIN: 740.8191917167028
(ENTRY #390) 2022-04-18 21:24:42.182282 >> LIN CALC RAW: 159.1808082832972
(ENTRY #391) 2022-04-18 21:24:42.182282 >> Above!
(ENTRY #392) 2022-04-18 21:24:42.182282 >> Object lightRound has been created!
(ENTRY #393) 2022-04-18 21:24:42.182282 >> Protectile #72 has been created! Type: Light
(ENTRY #394) 2022-04-18 21:24:42.182282 >> Projectile created! ID: #72
(ENTRY #395) 2022-04-18 21:24:42.182282 >> MOUSEPOS: (148.24876869701802, 95.97231980679099)
(ENTRY #396) 2022-04-18 21:24:42.182282 >> SLOPE CALC:None
(ENTRY #397) 2022-04-18 21:24:42.182282 >> LIN CALC FIN: -186.8590175637687
(ENTRY #398) 2022-04-18 21:24:42.182282 >> LIN CALC RAW: 1086.8590175637687
(ENTRY #399) 2022-04-18 21:24:42.182282 >> Below!
(ENTRY #400) 2022-04-18 21:24:42.182282 >> Object lightRound has been created!
(ENTRY #401) 2022-04-18 21:24:42.182282 >> Protectile #74 has been created! Type: Light
(ENTRY #402) 2022-04-18 21:24:42.182282 >> Projectile created! ID: #74
(ENTRY #403) 2022-04-18 21:24:42.502993 >> Projectile removed!
(ENTRY #404) 2022-04-18 21:24:42.711749 >> Projectile removed!
(ENTRY #405) 2022-04-18 21:24:42.739272 >> MOUSEPOS: (542, 391)
(ENTRY #406) 2022-04-18 21:24:42.739272 >> SLOPE CALC:None
(ENTRY #407) 2022-04-18 21:24:42.739272 >> LIN CALC FIN: 8.0
(ENTRY #408) 2022-04-18 21:24:42.739272 >> LIN CALC RAW: 892.0
(ENTRY #409) 2022-04-18 21:24:42.739272 >> Below!
(ENTRY #410) 2022-04-18 21:24:42.739272 >> Object lightRound has been created!
(ENTRY #411) 2022-04-18 21:24:42.740273 >> Protectile #76 has been created! Type: Light
(ENTRY #412) 2022-04-18 21:24:42.740273 >> Projectile created! ID: #76
(ENTRY #413) 2022-04-18 21:24:42.862861 >> Cloud created! ID: #17
(ENTRY #414) 2022-04-18 21:24:42.904800 >> Cloud removed! ID: #17
(ENTRY #415) 2022-04-18 21:24:43.520037 >> Projectile removed!
(ENTRY #416) 2022-04-18 21:24:43.590629 >> MOUSEPOS: (611, 477)
(ENTRY #417) 2022-04-18 21:24:43.590629 >> SLOPE CALC:None
(ENTRY #418) 2022-04-18 21:24:43.590629 >> LIN CALC FIN: 961.0
(ENTRY #419) 2022-04-18 21:24:43.590629 >> LIN CALC RAW: -61.0
(ENTRY #420) 2022-04-18 21:24:43.590629 >> Above!
(ENTRY #421) 2022-04-18 21:24:43.895307 >> Cloud created! ID: #18
(ENTRY #422) 2022-04-18 21:24:43.978505 >> Cloud removed! ID: #18
(ENTRY #423) 2022-04-18 21:24:43.992505 >> MOUSEPOS: (611, 477)
(ENTRY #424) 2022-04-18 21:24:43.992505 >> SLOPE CALC:None
(ENTRY #425) 2022-04-18 21:24:43.992505 >> LIN CALC FIN: 961.0
(ENTRY #426) 2022-04-18 21:24:43.992505 >> LIN CALC RAW: -61.0
(ENTRY #427) 2022-04-18 21:24:43.992505 >> Above!
(ENTRY #428) 2022-04-18 21:24:43.992505 >> Object lightRound has been created!
(ENTRY #429) 2022-04-18 21:24:43.992505 >> Protectile #78 has been created! Type: Light
(ENTRY #430) 2022-04-18 21:24:43.992505 >> Projectile created! ID: #78
(ENTRY #431) 2022-04-18 21:24:44.183413 >> MOUSEPOS: (662.0892308286636, 353.7821208701414)
(ENTRY #432) 2022-04-18 21:24:44.183413 >> SLOPE CALC:None
(ENTRY #433) 2022-04-18 21:24:44.183413 >> LIN CALC FIN: 724.6866556753888
(ENTRY #434) 2022-04-18 21:24:44.183413 >> LIN CALC RAW: 175.3133443246112
(ENTRY #435) 2022-04-18 21:24:44.183413 >> Above!
(ENTRY #436) 2022-04-18 21:24:44.183413 >> Object lightRound has been created!
(ENTRY #437) 2022-04-18 21:24:44.183413 >> Protectile #80 has been created! Type: Light
(ENTRY #438) 2022-04-18 21:24:44.183413 >> Projectile created! ID: #80
(ENTRY #439) 2022-04-18 21:24:44.183413 >> MOUSEPOS: (665.0892308286636, 361.7821208701414)
(ENTRY #440) 2022-04-18 21:24:44.183413 >> SLOPE CALC:None
(ENTRY #441) 2022-04-18 21:24:44.183413 >> LIN CALC FIN: 639.9640780482287
(ENTRY #442) 2022-04-18 21:24:44.183413 >> LIN CALC RAW: 260.03592195177134
(ENTRY #443) 2022-04-18 21:24:44.183413 >> Above!
(ENTRY #444) 2022-04-18 21:24:44.183413 >> Object lightRound has been created!
(ENTRY #445) 2022-04-18 21:24:44.183413 >> Protectile #82 has been created! Type: Light
(ENTRY #446) 2022-04-18 21:24:44.183413 >> Projectile created! ID: #82
(ENTRY #447) 2022-04-18 21:24:44.183413 >> MOUSEPOS: (157.29536600943013, 170.1702132289952)
(ENTRY #448) 2022-04-18 21:24:44.183413 >> SLOPE CALC:None
(ENTRY #449) 2022-04-18 21:24:44.183413 >> LIN CALC FIN: -184.01174394909208
(ENTRY #450) 2022-04-18 21:24:44.183413 >> LIN CALC RAW: 1084.011743949092
(ENTRY #451) 2022-04-18 21:24:44.183413 >> Below!
(ENTRY #452) 2022-04-18 21:24:44.183413 >> Object lightRound has been created!
(ENTRY #453) 2022-04-18 21:24:44.183413 >> Protectile #84 has been created! Type: Light
(ENTRY #454) 2022-04-18 21:24:44.183413 >> Projectile created! ID: #84
(ENTRY #455) 2022-04-18 21:24:44.939650 >> Cloud created! ID: #19
(ENTRY #456) 2022-04-18 21:24:45.052654 >> Cloud removed! ID: #19
(ENTRY #457) 2022-04-18 21:24:45.556247 >> Projectile removed!
(ENTRY #458) 2022-04-18 21:24:45.875161 >> Projectile has hit!
(ENTRY #459) 2022-04-18 21:24:45.875161 >> Projectile removed!
(ENTRY #460) 2022-04-18 21:24:45.985189 >> Projectile removed!
(ENTRY #461) 2022-04-18 21:24:46.053198 >> MOUSEPOS: (693, 241)
(ENTRY #462) 2022-04-18 21:24:46.053198 >> SLOPE CALC:None
(ENTRY #463) 2022-04-18 21:24:46.053198 >> LIN CALC FIN: -143.0
(ENTRY #464) 2022-04-18 21:24:46.053198 >> LIN CALC RAW: 1043.0
(ENTRY #465) 2022-04-18 21:24:46.053198 >> Below!
(ENTRY #466) 2022-04-18 21:24:46.053198 >> Object lightRound has been created!
(ENTRY #467) 2022-04-18 21:24:46.053198 >> Protectile #86 has been created! Type: Light
(ENTRY #468) 2022-04-18 21:24:46.053198 >> Projectile created! ID: #86
(ENTRY #469) 2022-04-18 21:24:46.094198 >> Cloud created! ID: #20
(ENTRY #470) 2022-04-18 21:24:46.137217 >> Cloud removed! ID: #20
(ENTRY #471) 2022-04-18 21:24:46.191254 >> MOUSEPOS: (831.4359927028811, 301.6553030331905)
(ENTRY #472) 2022-04-18 21:24:46.191254 >> SLOPE CALC:None
(ENTRY #473) 2022-04-18 21:24:46.192254 >> LIN CALC FIN: 856.3636143545921
(ENTRY #474) 2022-04-18 21:24:46.192254 >> LIN CALC RAW: 43.63638564540793
(ENTRY #475) 2022-04-18 21:24:46.192254 >> Above!
(ENTRY #476) 2022-04-18 21:24:46.192254 >> Object lightRound has been created!
(ENTRY #477) 2022-04-18 21:24:46.192254 >> Protectile #88 has been created! Type: Light
(ENTRY #478) 2022-04-18 21:24:46.192254 >> Projectile created! ID: #88
(ENTRY #479) 2022-04-18 21:24:46.192254 >> MOUSEPOS: (837.4359927028811, 341.6553030331905)
(ENTRY #480) 2022-04-18 21:24:46.192254 >> SLOPE CALC:None
(ENTRY #481) 2022-04-18 21:24:46.192254 >> LIN CALC FIN: 679.1594768956517
(ENTRY #482) 2022-04-18 21:24:46.192254 >> LIN CALC RAW: 220.84052310434834
(ENTRY #483) 2022-04-18 21:24:46.192254 >> Above!
(ENTRY #484) 2022-04-18 21:24:46.192254 >> Object lightRound has been created!
(ENTRY #485) 2022-04-18 21:24:46.192254 >> Protectile #90 has been created! Type: Light
(ENTRY #486) 2022-04-18 21:24:46.192254 >> Projectile created! ID: #90
(ENTRY #487) 2022-04-18 21:24:46.192254 >> MOUSEPOS: (322.65113547691135, 157.37461966968195)
(ENTRY #488) 2022-04-18 21:24:46.192254 >> SLOPE CALC:None
(ENTRY #489) 2022-04-18 21:24:46.192254 >> LIN CALC FIN: -176.12955419277932
(ENTRY #490) 2022-04-18 21:24:46.192254 >> LIN CALC RAW: 1076.1295541927793
(ENTRY #491) 2022-04-18 21:24:46.192254 >> Below!
(ENTRY #492) 2022-04-18 21:24:46.192254 >> Object lightRound has been created!
(ENTRY #493) 2022-04-18 21:24:46.192254 >> Protectile #92 has been created! Type: Light
(ENTRY #494) 2022-04-18 21:24:46.192254 >> Projectile created! ID: #92
(ENTRY #495) 2022-04-18 21:24:46.304266 >> Projectile has hit!
(ENTRY #496) 2022-04-18 21:24:46.304266 >> Projectile removed!
(ENTRY #497) 2022-04-18 21:24:46.361899 >> Dumb-AI Entity created!
(ENTRY #498) 2022-04-18 21:24:46.362899 >> Dumb-AI Entity created!
(ENTRY #499) 2022-04-18 21:24:46.363898 >> Dumb-AI Entity created!
(ENTRY #500) 2022-04-18 21:24:47.171582 >> Cloud created! ID: #21
(ENTRY #501) 2022-04-18 21:24:47.241284 >> Cloud removed! ID: #21
(ENTRY #502) 2022-04-18 21:24:47.786812 >> Projectile removed!
(ENTRY #503) 2022-04-18 21:24:48.176079 >> Cloud created! ID: #22
(ENTRY #504) 2022-04-18 21:24:48.204080 >> MOUSEPOS: (154.3140157438333, 187.00776562476668)
(ENTRY #505) 2022-04-18 21:24:48.204080 >> SLOPE CALC:None
(ENTRY #506) 2022-04-18 21:24:48.204080 >> LIN CALC FIN: 89.22319874473783
(ENTRY #507) 2022-04-18 21:24:48.204080 >> LIN CALC RAW: 810.7768012552622
(ENTRY #508) 2022-04-18 21:24:48.204080 >> Below!
(ENTRY #509) 2022-04-18 21:24:48.204080 >> Object lightRound has been created!
(ENTRY #510) 2022-04-18 21:24:48.204080 >> Protectile #94 has been created! Type: Light
(ENTRY #511) 2022-04-18 21:24:48.204080 >> Projectile created! ID: #94
(ENTRY #512) 2022-04-18 21:24:48.204080 >> MOUSEPOS: (134.3140157438333, 187.00776562476668)
(ENTRY #513) 2022-04-18 21:24:48.204080 >> SLOPE CALC:None
(ENTRY #514) 2022-04-18 21:24:48.204080 >> LIN CALC FIN: 246.02195207735986
(ENTRY #515) 2022-04-18 21:24:48.204080 >> LIN CALC RAW: 653.9780479226401
(ENTRY #516) 2022-04-18 21:24:48.204080 >> Above!
(ENTRY #517) 2022-04-18 21:24:48.204080 >> Object lightRound has been created!
(ENTRY #518) 2022-04-18 21:24:48.204080 >> Protectile #96 has been created! Type: Light
(ENTRY #519) 2022-04-18 21:24:48.204080 >> Projectile created! ID: #96
(ENTRY #520) 2022-04-18 21:24:48.204080 >> MOUSEPOS: (91.91184510067204, 23.821028101576537)
(ENTRY #521) 2022-04-18 21:24:48.204080 >> SLOPE CALC:None
(ENTRY #522) 2022-04-18 21:24:48.204080 >> LIN CALC FIN: 139.60559498160546
(ENTRY #523) 2022-04-18 21:24:48.204080 >> LIN CALC RAW: 760.3944050183945
(ENTRY #524) 2022-04-18 21:24:48.204080 >> Above!
(ENTRY #525) 2022-04-18 21:24:48.204080 >> Object lightRound has been created!
(ENTRY #526) 2022-04-18 21:24:48.204080 >> Protectile #98 has been created! Type: Light
(ENTRY #527) 2022-04-18 21:24:48.204080 >> Projectile created! ID: #98
(ENTRY #528) 2022-04-18 21:24:48.204080 >> MOUSEPOS: (128.91184510067205, 53.82102810157654)
(ENTRY #529) 2022-04-18 21:24:48.204080 >> SLOPE CALC:None
(ENTRY #530) 2022-04-18 21:24:48.204080 >> LIN CALC FIN: 206.91184510067205
(ENTRY #531) 2022-04-18 21:24:48.204080 >> LIN CALC RAW: 693.088154899328
(ENTRY #532) 2022-04-18 21:24:48.204080 >> Above!
(ENTRY #533) 2022-04-18 21:24:48.204080 >> Object lightRound has been created!
(ENTRY #534) 2022-04-18 21:24:48.204080 >> Protectile #100 has been created! Type: Light
(ENTRY #535) 2022-04-18 21:24:48.204080 >> Projectile created! ID: #100
(ENTRY #536) 2022-04-18 21:24:48.204080 >> MOUSEPOS: (138.0, 495.0)
(ENTRY #537) 2022-04-18 21:24:48.204080 >> SLOPE CALC:None
(ENTRY #538) 2022-04-18 21:24:48.204080 >> LIN CALC FIN: 290.8243716553943
(ENTRY #539) 2022-04-18 21:24:48.204080 >> LIN CALC RAW: 609.1756283446057
(ENTRY #540) 2022-04-18 21:24:48.204080 >> Below!
(ENTRY #541) 2022-04-18 21:24:48.204080 >> Object lightRound has been created!
(ENTRY #542) 2022-04-18 21:24:48.205080 >> Protectile #102 has been created! Type: Light
(ENTRY #543) 2022-04-18 21:24:48.205080 >> Projectile created! ID: #102
(ENTRY #544) 2022-04-18 21:24:48.332185 >> Cloud removed! ID: #22
(ENTRY #545) 2022-04-18 21:24:48.357697 >> Activating shop!
(ENTRY #546) 2022-04-18 21:24:49.679955 >> Returning to game!
(ENTRY #547) 2022-04-18 21:24:49.709265 >> Cloud created! ID: #23
(ENTRY #548) 2022-04-18 21:24:51.306703 >> Returning to menu!
(ENTRY #549) 2022-04-18 21:24:52.489506 >> Returning to menu!
(ENTRY #550) 2022-04-18 21:24:53.170403 >> Game resumed!
(ENTRY #551) 2022-04-18 21:24:53.171404 >> Dumb-AI Entity created!
(ENTRY #552) 2022-04-18 21:24:53.172403 >> Dumb-AI Entity created!
(ENTRY #553) 2022-04-18 21:24:53.186219 >> Cloud created! ID: #24
(ENTRY #554) 2022-04-18 21:24:53.213380 >> Projectile has hit!
(ENTRY #555) 2022-04-18 21:24:53.213380 >> Projectile removed!
(ENTRY #556) 2022-04-18 21:24:53.240300 >> Projectile removed!
(ENTRY #557) 2022-04-18 21:24:53.639564 >> Projectile removed!
(ENTRY #558) 2022-04-18 21:24:53.723515 >> MOUSEPOS: (145, 199)
(ENTRY #559) 2022-04-18 21:24:53.723515 >> SLOPE CALC:None
(ENTRY #560) 2022-04-18 21:24:53.723515 >> LIN CALC FIN: 405.0
(ENTRY #561) 2022-04-18 21:24:53.723515 >> LIN CALC RAW: 495.0
(ENTRY #562) 2022-04-18 21:24:53.723515 >> Above!
(ENTRY #563) 2022-04-18 21:24:53.723515 >> Object lightRound has been created!
(ENTRY #564) 2022-04-18 21:24:53.723515 >> Protectile #104 has been created! Type: Light
(ENTRY #565) 2022-04-18 21:24:53.723515 >> Projectile created! ID: #104
(ENTRY #566) 2022-04-18 21:24:54.023152 >> Projectile removed!
(ENTRY #567) 2022-04-18 21:24:54.091848 >> Cloud removed! ID: #24
(ENTRY #568) 2022-04-18 21:24:54.235889 >> Cloud created! ID: #25
(ENTRY #569) 2022-04-18 21:24:54.329889 >> Projectile removed!
(ENTRY #570) 2022-04-18 21:24:54.489890 >> Projectile removed!
(ENTRY #571) 2022-04-18 21:24:54.567889 >> Projectile removed!
(ENTRY #572) 2022-04-18 21:24:55.005942 >> Projectile removed!
(ENTRY #573) 2022-04-18 21:24:55.203981 >> Cloud removed! ID: #25
(ENTRY #574) 2022-04-18 21:24:55.284116 >> Cloud created! ID: #26
(ENTRY #575) 2022-04-18 21:24:55.560761 >> Activating shop!
(ENTRY #576) 2022-04-18 21:24:56.634788 >> Returning to game!
(ENTRY #577) 2022-04-18 21:24:56.701833 >> Cloud created! ID: #27
(ENTRY #578) 2022-04-18 21:24:59.572044 >> Returning to menu!
(ENTRY #579) 2022-04-18 21:25:03.632749 >> Returning to menu!
(ENTRY #580) 2022-04-18 21:25:04.173423 >> Game resumed!
(ENTRY #581) 2022-04-18 21:25:04.186422 >> Cloud created! ID: #28
(ENTRY #582) 2022-04-18 21:25:04.304666 >> Projectile removed!
(ENTRY #583) 2022-04-18 21:25:04.356666 >> Projectile removed!
(ENTRY #584) 2022-04-18 21:25:04.356666 >> Projectile removed!
(ENTRY #585) 2022-04-18 21:25:04.421696 >> Game resumed!
(ENTRY #586) 2022-04-18 21:25:04.461742 >> Game resumed!
(ENTRY #587) 2022-04-18 21:25:04.684363 >> Cloud removed! ID: #28
(ENTRY #588) 2022-04-18 21:25:04.789444 >> Projectile removed!
(ENTRY #589) 2022-04-18 21:25:04.880459 >> MOUSEPOS: (188, 218)
(ENTRY #590) 2022-04-18 21:25:04.880459 >> SLOPE CALC:None
(ENTRY #591) 2022-04-18 21:25:04.880459 >> LIN CALC FIN: 353.60219217642486
(ENTRY #592) 2022-04-18 21:25:04.880459 >> LIN CALC RAW: 546.3978078235751
(ENTRY #593) 2022-04-18 21:25:04.880459 >> Above!
(ENTRY #594) 2022-04-18 21:25:04.880459 >> Object lightRound has been created!
(ENTRY #595) 2022-04-18 21:25:04.881457 >> Protectile #106 has been created! Type: Light
(ENTRY #596) 2022-04-18 21:25:04.881457 >> Projectile created! ID: #106
(ENTRY #597) 2022-04-18 21:25:05.158460 >> Projectile removed!
(ENTRY #598) 2022-04-18 21:25:05.278659 >> Cloud created! ID: #29
(ENTRY #599) 2022-04-18 21:25:05.688799 >> Cloud removed! ID: #29
(ENTRY #600) 2022-04-18 21:25:05.714799 >> MOUSEPOS: (444, 367)
(ENTRY #601) 2022-04-18 21:25:05.714799 >> SLOPE CALC:None
(ENTRY #602) 2022-04-18 21:25:05.714799 >> LIN CALC FIN: 86.83756759154585
(ENTRY #603) 2022-04-18 21:25:05.714799 >> LIN CALC RAW: 813.1624324084542
(ENTRY #604) 2022-04-18 21:25:05.714799 >> Below!
(ENTRY #605) 2022-04-18 21:25:06.288212 >> Cloud created! ID: #30
(ENTRY #606) 2022-04-18 21:25:06.485215 >> MOUSEPOS: (375, 332)
(ENTRY #607) 2022-04-18 21:25:06.485215 >> SLOPE CALC:None
(ENTRY #608) 2022-04-18 21:25:06.485215 >> LIN CALC FIN: 150.89319888515672
(ENTRY #609) 2022-04-18 21:25:06.485215 >> LIN CALC RAW: 749.1068011148433
(ENTRY #610) 2022-04-18 21:25:06.485215 >> Below!
(ENTRY #611) 2022-04-18 21:25:06.485215 >> Object lightRound has been created!
(ENTRY #612) 2022-04-18 21:25:06.485215 >> Protectile #108 has been created! Type: Light
(ENTRY #613) 2022-04-18 21:25:06.485215 >> Projectile created! ID: #108
(ENTRY #614) 2022-04-18 21:25:06.670255 >> Cloud removed! ID: #30
(ENTRY #615) 2022-04-18 21:25:06.922311 >> Projectile removed!
(ENTRY #616) 2022-04-18 21:25:08.140177 >> Returning to menu!
(ENTRY #617) 2022-04-18 21:25:08.958226 >> Returning to menu!
(ENTRY #618) 2022-04-18 21:25:09.573182 >> Naval Warfare 2D Closed...
