Log for Naval Warfare 2D, intended for debugging purposes only! 

(ENTRY #1) 2022-03-10 13:13:30.923378 >> Initialized Log handler...
(ENTRY #2) 2022-03-10 13:13:32.157368 >> Initialized Warship handler...
(ENTRY #3) 2022-03-10 13:13:32.161367 >> Initialized Projectile handler...
(ENTRY #4) 2022-03-10 13:13:32.162363 >> Dumb-AI Entity created!
(ENTRY #5) 2022-03-10 13:13:32.165370 >> Dumb-AI Entity created!
(ENTRY #6) 2022-03-10 13:13:32.166373 >> Dumb-AI Entity created!
(ENTRY #7) 2022-03-10 13:13:32.167377 >> Dumb-AI Entity created!
(ENTRY #8) 2022-03-10 13:13:32.168375 >> Dumb-AI Entity created!
(ENTRY #9) 2022-03-10 13:13:32.172373 >> Dumb-AI Entity created!
(ENTRY #10) 2022-03-10 13:13:32.178367 >> Dumb-AI Entity created!
(ENTRY #11) 2022-03-10 13:13:32.182368 >> Dumb-AI Entity created!
(ENTRY #12) 2022-03-10 13:13:32.186369 >> Dumb-AI Entity created!
(ENTRY #13) 2022-03-10 13:13:32.198365 >> Dumb-AI Entity created!
(ENTRY #14) 2022-03-10 13:13:32.258375 >> Initialized GUI handler...
(ENTRY #15) 2022-03-10 13:13:32.259374 >> Starting Naval Warfare 2D...
(ENTRY #16) 2022-03-10 13:13:37.797695 >> Created Sprite for Player!
(ENTRY #17) 2022-03-10 13:13:37.798695 >> Finished initalizing!
(ENTRY #18) 2022-03-10 13:13:39.864308 >> Returning to menu!
(ENTRY #19) 2022-03-10 13:13:40.578830 >> Game resumed!
(ENTRY #20) 2022-03-10 13:13:40.592818 >> None
(ENTRY #21) 2022-03-10 13:13:40.592818 >> None
(ENTRY #22) 2022-03-10 13:13:40.592818 >> None
(ENTRY #23) 2022-03-10 13:13:40.592818 >> None
(ENTRY #24) 2022-03-10 13:13:40.592818 >> None
(ENTRY #25) 2022-03-10 13:13:40.592818 >> None
(ENTRY #26) 2022-03-10 13:13:40.592818 >> None
(ENTRY #27) 2022-03-10 13:13:40.592818 >> None
(ENTRY #28) 2022-03-10 13:13:40.592818 >> None
(ENTRY #29) 2022-03-10 13:13:40.592818 >> None
(ENTRY #30) 2022-03-10 13:13:40.599819 >> Cloud created! ID: #1
(ENTRY #31) 2022-03-10 13:13:40.599819 >> entity_1_0 and entity_1_1 have collided!
(ENTRY #32) 2022-03-10 13:13:40.599819 >> entity_1_0 and entity_1_2 have collided!
(ENTRY #33) 2022-03-10 13:13:40.599819 >> entity_1_0 and entity_1_3 have collided!
(ENTRY #34) 2022-03-10 13:13:40.599819 >> entity_1_0 and entity_1_4 have collided!
(ENTRY #35) 2022-03-10 13:13:40.599819 >> entity_1_0 and entity_2_0 have collided!
(ENTRY #36) 2022-03-10 13:13:40.599819 >> entity_1_0 and entity_2_1 have collided!
(ENTRY #37) 2022-03-10 13:13:40.599819 >> entity_1_0 and entity_2_2 have collided!
(ENTRY #38) 2022-03-10 13:13:40.599819 >> entity_1_0 and entity_2_3 have collided!
(ENTRY #39) 2022-03-10 13:13:40.599819 >> entity_1_0 and entity_2_4 have collided!
(ENTRY #40) 2022-03-10 13:13:40.599819 >> entity_1_1 and entity_1_0 have collided!
(ENTRY #41) 2022-03-10 13:13:40.599819 >> entity_1_1 and entity_1_2 have collided!
(ENTRY #42) 2022-03-10 13:13:40.599819 >> entity_1_1 and entity_1_3 have collided!
(ENTRY #43) 2022-03-10 13:13:40.599819 >> entity_1_1 and entity_1_4 have collided!
(ENTRY #44) 2022-03-10 13:13:40.599819 >> entity_1_1 and entity_2_0 have collided!
(ENTRY #45) 2022-03-10 13:13:40.599819 >> entity_1_1 and entity_2_1 have collided!
(ENTRY #46) 2022-03-10 13:13:40.599819 >> entity_1_1 and entity_2_2 have collided!
(ENTRY #47) 2022-03-10 13:13:40.599819 >> entity_1_1 and entity_2_3 have collided!
(ENTRY #48) 2022-03-10 13:13:40.599819 >> entity_1_1 and entity_2_4 have collided!
(ENTRY #49) 2022-03-10 13:13:40.599819 >> entity_1_2 and entity_1_0 have collided!
(ENTRY #50) 2022-03-10 13:13:40.599819 >> entity_1_2 and entity_1_1 have collided!
(ENTRY #51) 2022-03-10 13:13:40.599819 >> entity_1_2 and entity_1_3 have collided!
(ENTRY #52) 2022-03-10 13:13:40.599819 >> entity_1_2 and entity_1_4 have collided!
(ENTRY #53) 2022-03-10 13:13:40.599819 >> entity_1_2 and entity_2_0 have collided!
(ENTRY #54) 2022-03-10 13:13:40.599819 >> entity_1_2 and entity_2_1 have collided!
(ENTRY #55) 2022-03-10 13:13:40.599819 >> entity_1_2 and entity_2_2 have collided!
(ENTRY #56) 2022-03-10 13:13:40.599819 >> entity_1_2 and entity_2_3 have collided!
(ENTRY #57) 2022-03-10 13:13:40.599819 >> entity_1_2 and entity_2_4 have collided!
(ENTRY #58) 2022-03-10 13:13:40.599819 >> entity_1_3 and entity_1_0 have collided!
(ENTRY #59) 2022-03-10 13:13:40.599819 >> entity_1_3 and entity_1_1 have collided!
(ENTRY #60) 2022-03-10 13:13:40.599819 >> entity_1_3 and entity_1_2 have collided!
(ENTRY #61) 2022-03-10 13:13:40.600828 >> entity_1_3 and entity_1_4 have collided!
(ENTRY #62) 2022-03-10 13:13:40.600828 >> entity_1_3 and entity_2_0 have collided!
(ENTRY #63) 2022-03-10 13:13:40.600828 >> entity_1_3 and entity_2_1 have collided!
(ENTRY #64) 2022-03-10 13:13:40.600828 >> entity_1_3 and entity_2_2 have collided!
(ENTRY #65) 2022-03-10 13:13:40.600828 >> entity_1_3 and entity_2_3 have collided!
(ENTRY #66) 2022-03-10 13:13:40.600828 >> entity_1_3 and entity_2_4 have collided!
(ENTRY #67) 2022-03-10 13:13:40.600828 >> entity_1_4 and entity_1_0 have collided!
(ENTRY #68) 2022-03-10 13:13:40.600828 >> entity_1_4 and entity_1_1 have collided!
(ENTRY #69) 2022-03-10 13:13:40.600828 >> entity_1_4 and entity_1_2 have collided!
(ENTRY #70) 2022-03-10 13:13:40.600828 >> entity_1_4 and entity_1_3 have collided!
(ENTRY #71) 2022-03-10 13:13:40.600828 >> entity_1_4 and entity_2_0 have collided!
(ENTRY #72) 2022-03-10 13:13:40.600828 >> entity_1_4 and entity_2_1 have collided!
(ENTRY #73) 2022-03-10 13:13:40.600828 >> entity_1_4 and entity_2_2 have collided!
(ENTRY #74) 2022-03-10 13:13:40.600828 >> entity_1_4 and entity_2_3 have collided!
(ENTRY #75) 2022-03-10 13:13:40.600828 >> entity_1_4 and entity_2_4 have collided!
(ENTRY #76) 2022-03-10 13:13:40.600828 >> entity_2_0 and entity_1_0 have collided!
(ENTRY #77) 2022-03-10 13:13:40.600828 >> entity_2_0 and entity_1_1 have collided!
(ENTRY #78) 2022-03-10 13:13:40.600828 >> entity_2_0 and entity_1_2 have collided!
(ENTRY #79) 2022-03-10 13:13:40.600828 >> entity_2_0 and entity_1_3 have collided!
(ENTRY #80) 2022-03-10 13:13:40.600828 >> entity_2_0 and entity_1_4 have collided!
(ENTRY #81) 2022-03-10 13:13:40.600828 >> entity_2_0 and entity_2_1 have collided!
(ENTRY #82) 2022-03-10 13:13:40.600828 >> entity_2_0 and entity_2_2 have collided!
(ENTRY #83) 2022-03-10 13:13:40.600828 >> entity_2_0 and entity_2_3 have collided!
(ENTRY #84) 2022-03-10 13:13:40.600828 >> entity_2_0 and entity_2_4 have collided!
(ENTRY #85) 2022-03-10 13:13:40.600828 >> entity_2_1 and entity_1_0 have collided!
(ENTRY #86) 2022-03-10 13:13:40.600828 >> entity_2_1 and entity_1_1 have collided!
(ENTRY #87) 2022-03-10 13:13:40.600828 >> entity_2_1 and entity_1_2 have collided!
(ENTRY #88) 2022-03-10 13:13:40.600828 >> entity_2_1 and entity_1_3 have collided!
(ENTRY #89) 2022-03-10 13:13:40.600828 >> entity_2_1 and entity_1_4 have collided!
(ENTRY #90) 2022-03-10 13:13:40.600828 >> entity_2_1 and entity_2_0 have collided!
(ENTRY #91) 2022-03-10 13:13:40.600828 >> entity_2_1 and entity_2_2 have collided!
(ENTRY #92) 2022-03-10 13:13:40.600828 >> entity_2_1 and entity_2_3 have collided!
(ENTRY #93) 2022-03-10 13:13:40.600828 >> entity_2_1 and entity_2_4 have collided!
(ENTRY #94) 2022-03-10 13:13:40.600828 >> entity_2_2 and entity_1_0 have collided!
(ENTRY #95) 2022-03-10 13:13:40.600828 >> entity_2_2 and entity_1_1 have collided!
(ENTRY #96) 2022-03-10 13:13:40.600828 >> entity_2_2 and entity_1_2 have collided!
(ENTRY #97) 2022-03-10 13:13:40.600828 >> entity_2_2 and entity_1_3 have collided!
(ENTRY #98) 2022-03-10 13:13:40.600828 >> entity_2_2 and entity_1_4 have collided!
(ENTRY #99) 2022-03-10 13:13:40.600828 >> entity_2_2 and entity_2_0 have collided!
(ENTRY #100) 2022-03-10 13:13:40.600828 >> entity_2_2 and entity_2_1 have collided!
(ENTRY #101) 2022-03-10 13:13:40.600828 >> entity_2_2 and entity_2_3 have collided!
(ENTRY #102) 2022-03-10 13:13:40.600828 >> entity_2_2 and entity_2_4 have collided!
(ENTRY #103) 2022-03-10 13:13:40.600828 >> entity_2_3 and entity_1_0 have collided!
(ENTRY #104) 2022-03-10 13:13:40.600828 >> entity_2_3 and entity_1_1 have collided!
(ENTRY #105) 2022-03-10 13:13:40.600828 >> entity_2_3 and entity_1_2 have collided!
(ENTRY #106) 2022-03-10 13:13:40.600828 >> entity_2_3 and entity_1_3 have collided!
(ENTRY #107) 2022-03-10 13:13:40.600828 >> entity_2_3 and entity_1_4 have collided!
(ENTRY #108) 2022-03-10 13:13:40.600828 >> entity_2_3 and entity_2_0 have collided!
(ENTRY #109) 2022-03-10 13:13:40.600828 >> entity_2_3 and entity_2_1 have collided!
(ENTRY #110) 2022-03-10 13:13:40.600828 >> entity_2_3 and entity_2_2 have collided!
(ENTRY #111) 2022-03-10 13:13:40.600828 >> entity_2_3 and entity_2_4 have collided!
(ENTRY #112) 2022-03-10 13:13:40.600828 >> entity_2_4 and entity_1_0 have collided!
(ENTRY #113) 2022-03-10 13:13:40.600828 >> entity_2_4 and entity_1_1 have collided!
(ENTRY #114) 2022-03-10 13:13:40.600828 >> entity_2_4 and entity_1_2 have collided!
(ENTRY #115) 2022-03-10 13:13:40.600828 >> entity_2_4 and entity_1_3 have collided!
(ENTRY #116) 2022-03-10 13:13:40.600828 >> entity_2_4 and entity_1_4 have collided!
(ENTRY #117) 2022-03-10 13:13:40.600828 >> entity_2_4 and entity_2_0 have collided!
(ENTRY #118) 2022-03-10 13:13:40.600828 >> entity_2_4 and entity_2_1 have collided!
(ENTRY #119) 2022-03-10 13:13:40.600828 >> entity_2_4 and entity_2_2 have collided!
(ENTRY #120) 2022-03-10 13:13:40.600828 >> entity_2_4 and entity_2_3 have collided!
(ENTRY #121) 2022-03-10 13:13:40.815827 >> Game resumed!
(ENTRY #122) 2022-03-10 13:13:40.820826 >> Game resumed!
(ENTRY #123) 2022-03-10 13:13:41.056817 >> MOUSEPOS: (378, 248)
(ENTRY #124) 2022-03-10 13:13:41.056817 >> SLOPE CALC:None
(ENTRY #125) 2022-03-10 13:13:41.057813 >> LIN CALC FIN: 167.90184827251028
(ENTRY #126) 2022-03-10 13:13:41.057813 >> LIN CALC RAW: 732.0981517274897
(ENTRY #127) 2022-03-10 13:13:41.057813 >> Below!
(ENTRY #128) 2022-03-10 13:13:41.057813 >> Object lightRound has been created!
(ENTRY #129) 2022-03-10 13:13:41.057813 >> Protectile #2 has been created! Type: Light
(ENTRY #130) 2022-03-10 13:13:41.057813 >> Projectile created! ID: #2
(ENTRY #131) 2022-03-10 13:13:41.621817 >> Cloud created! ID: #2
(ENTRY #132) 2022-03-10 13:13:41.963334 >> Game resumed!
(ENTRY #133) 2022-03-10 13:13:42.642683 >> Cloud created! ID: #3
(ENTRY #134) 2022-03-10 13:13:43.347901 >> Game resumed!
(ENTRY #135) 2022-03-10 13:13:43.711761 >> Cloud created! ID: #4
(ENTRY #136) 2022-03-10 13:13:43.767761 >> MOUSEPOS: (378, 246)
(ENTRY #137) 2022-03-10 13:13:43.767761 >> SLOPE CALC:None
(ENTRY #138) 2022-03-10 13:13:43.767761 >> LIN CALC FIN: 128.3578030934874
(ENTRY #139) 2022-03-10 13:13:43.767761 >> LIN CALC RAW: 771.6421969065126
(ENTRY #140) 2022-03-10 13:13:43.767761 >> Below!
(ENTRY #141) 2022-03-10 13:13:43.768730 >> Object lightRound has been created!
(ENTRY #142) 2022-03-10 13:13:43.768730 >> Protectile #4 has been created! Type: Light
(ENTRY #143) 2022-03-10 13:13:43.768730 >> Projectile created! ID: #4
(ENTRY #144) 2022-03-10 13:13:44.592409 >> Game resumed!
(ENTRY #145) 2022-03-10 13:13:44.778956 >> MOUSEPOS: (378, 246)
(ENTRY #146) 2022-03-10 13:13:44.778956 >> SLOPE CALC:None
(ENTRY #147) 2022-03-10 13:13:44.778956 >> LIN CALC FIN: 113.4953972484816
(ENTRY #148) 2022-03-10 13:13:44.778956 >> LIN CALC RAW: 786.5046027515184
(ENTRY #149) 2022-03-10 13:13:44.778956 >> Below!
(ENTRY #150) 2022-03-10 13:13:44.778956 >> Object lightRound has been created!
(ENTRY #151) 2022-03-10 13:13:44.779959 >> Protectile #6 has been created! Type: Light
(ENTRY #152) 2022-03-10 13:13:44.779959 >> Projectile created! ID: #6
(ENTRY #153) 2022-03-10 13:13:44.798959 >> Cloud created! ID: #5
(ENTRY #154) 2022-03-10 13:13:44.931472 >> MOUSEPOS: (378, 246)
(ENTRY #155) 2022-03-10 13:13:44.931472 >> SLOPE CALC:None
(ENTRY #156) 2022-03-10 13:13:44.931472 >> LIN CALC FIN: 111.43957380719144
(ENTRY #157) 2022-03-10 13:13:44.931472 >> LIN CALC RAW: 788.5604261928086
(ENTRY #158) 2022-03-10 13:13:44.931472 >> Below!
(ENTRY #159) 2022-03-10 13:13:46.047773 >> Cloud created! ID: #6
(ENTRY #160) 2022-03-10 13:13:46.601984 >> MOUSEPOS: (378, 246)
(ENTRY #161) 2022-03-10 13:13:46.601984 >> SLOPE CALC:None
(ENTRY #162) 2022-03-10 13:13:46.601984 >> LIN CALC FIN: 95.15326555772344
(ENTRY #163) 2022-03-10 13:13:46.601984 >> LIN CALC RAW: 804.8467344422766
(ENTRY #164) 2022-03-10 13:13:46.601984 >> Below!
(ENTRY #165) 2022-03-10 13:13:46.601984 >> Object lightRound has been created!
(ENTRY #166) 2022-03-10 13:13:46.602983 >> Protectile #8 has been created! Type: Light
(ENTRY #167) 2022-03-10 13:13:46.602983 >> Projectile created! ID: #8
(ENTRY #168) 2022-03-10 13:13:46.811981 >> Projectile removed!
(ENTRY #169) 2022-03-10 13:13:47.056993 >> Cloud created! ID: #7
(ENTRY #170) 2022-03-10 13:13:48.088241 >> Cloud created! ID: #8
(ENTRY #171) 2022-03-10 13:13:49.374978 >> Cloud created! ID: #9
(ENTRY #172) 2022-03-10 13:13:49.499221 >> MOUSEPOS: (464, 227)
(ENTRY #173) 2022-03-10 13:13:49.499221 >> SLOPE CALC:None
(ENTRY #174) 2022-03-10 13:13:49.499221 >> LIN CALC FIN: 20.246808412774385
(ENTRY #175) 2022-03-10 13:13:49.499221 >> LIN CALC RAW: 879.7531915872256
(ENTRY #176) 2022-03-10 13:13:49.499221 >> Below!
(ENTRY #177) 2022-03-10 13:13:49.499221 >> Object lightRound has been created!
(ENTRY #178) 2022-03-10 13:13:49.499221 >> Protectile #10 has been created! Type: Light
(ENTRY #179) 2022-03-10 13:13:49.499221 >> Projectile created! ID: #10
(ENTRY #180) 2022-03-10 13:13:50.251301 >> Projectile removed!
(ENTRY #181) 2022-03-10 13:13:50.286292 >> MOUSEPOS: (433, 153)
(ENTRY #182) 2022-03-10 13:13:50.286292 >> SLOPE CALC:None
(ENTRY #183) 2022-03-10 13:13:50.286292 >> LIN CALC FIN: 60.56299642449994
(ENTRY #184) 2022-03-10 13:13:50.286292 >> LIN CALC RAW: 839.4370035755001
(ENTRY #185) 2022-03-10 13:13:50.286292 >> Below!
(ENTRY #186) 2022-03-10 13:13:50.463292 >> Cloud created! ID: #10
(ENTRY #187) 2022-03-10 13:13:50.818560 >> MOUSEPOS: (538, 485)
(ENTRY #188) 2022-03-10 13:13:50.818560 >> SLOPE CALC:None
(ENTRY #189) 2022-03-10 13:13:50.818560 >> LIN CALC FIN: 693.3220245722722
(ENTRY #190) 2022-03-10 13:13:50.818560 >> LIN CALC RAW: 206.6779754277278
(ENTRY #191) 2022-03-10 13:13:50.818560 >> Above!
(ENTRY #192) 2022-03-10 13:13:50.818560 >> Object lightRound has been created!
(ENTRY #193) 2022-03-10 13:13:50.818560 >> Protectile #12 has been created! Type: Light
(ENTRY #194) 2022-03-10 13:13:50.818560 >> Projectile created! ID: #12
(ENTRY #195) 2022-03-10 13:13:51.218032 >> Projectile removed!
(ENTRY #196) 2022-03-10 13:13:51.367000 >> MOUSEPOS: (426, 596)
(ENTRY #197) 2022-03-10 13:13:51.368000 >> SLOPE CALC:None
(ENTRY #198) 2022-03-10 13:13:51.368000 >> LIN CALC FIN: 571.7150251492861
(ENTRY #199) 2022-03-10 13:13:51.368000 >> LIN CALC RAW: 328.28497485071387
(ENTRY #200) 2022-03-10 13:13:51.368000 >> Below!
(ENTRY #201) 2022-03-10 13:13:51.465200 >> Cloud created! ID: #11
(ENTRY #202) 2022-03-10 13:13:52.142172 >> MOUSEPOS: (265, 629)
(ENTRY #203) 2022-03-10 13:13:52.142172 >> SLOPE CALC:None
(ENTRY #204) 2022-03-10 13:13:52.142172 >> LIN CALC FIN: 398.8836843911895
(ENTRY #205) 2022-03-10 13:13:52.142172 >> LIN CALC RAW: 501.1163156088105
(ENTRY #206) 2022-03-10 13:13:52.142172 >> Below!
(ENTRY #207) 2022-03-10 13:13:52.142172 >> Object lightRound has been created!
(ENTRY #208) 2022-03-10 13:13:52.142172 >> Protectile #14 has been created! Type: Light
(ENTRY #209) 2022-03-10 13:13:52.142172 >> Projectile created! ID: #14
(ENTRY #210) 2022-03-10 13:13:52.501174 >> Cloud created! ID: #12
(ENTRY #211) 2022-03-10 13:13:52.858382 >> Projectile removed!
(ENTRY #212) 2022-03-10 13:13:53.649300 >> Cloud created! ID: #13
(ENTRY #213) 2022-03-10 13:13:54.010339 >> MOUSEPOS: (414, 541)
(ENTRY #214) 2022-03-10 13:13:54.011336 >> SLOPE CALC:None
(ENTRY #215) 2022-03-10 13:13:54.011336 >> LIN CALC FIN: 521.6986339804638
(ENTRY #216) 2022-03-10 13:13:54.011336 >> LIN CALC RAW: 378.3013660195362
(ENTRY #217) 2022-03-10 13:13:54.011336 >> Below!
(ENTRY #218) 2022-03-10 13:13:54.011336 >> Object lightRound has been created!
(ENTRY #219) 2022-03-10 13:13:54.012338 >> Protectile #16 has been created! Type: Light
(ENTRY #220) 2022-03-10 13:13:54.012338 >> Projectile created! ID: #16
(ENTRY #221) 2022-03-10 13:13:54.942900 >> Cloud created! ID: #14
(ENTRY #222) 2022-03-10 13:13:55.312480 >> Projectile removed!
(ENTRY #223) 2022-03-10 13:13:56.043558 >> Cloud created! ID: #15
(ENTRY #224) 2022-03-10 13:13:56.536799 >> MOUSEPOS: (387, 563)
(ENTRY #225) 2022-03-10 13:13:56.537792 >> SLOPE CALC:None
(ENTRY #226) 2022-03-10 13:13:56.537792 >> LIN CALC FIN: 451.5865933820032
(ENTRY #227) 2022-03-10 13:13:56.537792 >> LIN CALC RAW: 448.4134066179968
(ENTRY #228) 2022-03-10 13:13:56.537792 >> Below!
(ENTRY #229) 2022-03-10 13:13:56.537792 >> Object lightRound has been created!
(ENTRY #230) 2022-03-10 13:13:56.537792 >> Protectile #18 has been created! Type: Light
(ENTRY #231) 2022-03-10 13:13:56.537792 >> Projectile created! ID: #18
(ENTRY #232) 2022-03-10 13:13:56.569793 >> Projectile removed!
(ENTRY #233) 2022-03-10 13:13:56.615826 >> Projectile removed!
(ENTRY #234) 2022-03-10 13:13:57.116803 >> Cloud created! ID: #16
(ENTRY #235) 2022-03-10 13:13:57.856398 >> Cloud removed! ID: #16
(ENTRY #236) 2022-03-10 13:13:57.930402 >> MOUSEPOS: (626, 546)
(ENTRY #237) 2022-03-10 13:13:57.930402 >> SLOPE CALC:None
(ENTRY #238) 2022-03-10 13:13:57.930402 >> LIN CALC FIN: 668.5302950829018
(ENTRY #239) 2022-03-10 13:13:57.930402 >> LIN CALC RAW: 231.46970491709817
(ENTRY #240) 2022-03-10 13:13:57.930402 >> Above!
(ENTRY #241) 2022-03-10 13:13:57.930402 >> Object lightRound has been created!
(ENTRY #242) 2022-03-10 13:13:57.931399 >> Protectile #20 has been created! Type: Light
(ENTRY #243) 2022-03-10 13:13:57.931399 >> Projectile created! ID: #20
(ENTRY #244) 2022-03-10 13:13:58.162602 >> Cloud created! ID: #17
(ENTRY #245) 2022-03-10 13:13:58.974322 >> Cloud removed! ID: #17
(ENTRY #246) 2022-03-10 13:13:59.211058 >> Cloud created! ID: #18
(ENTRY #247) 2022-03-10 13:13:59.699622 >> Projectile removed!
(ENTRY #248) 2022-03-10 13:14:00.052298 >> Cloud removed! ID: #18
(ENTRY #249) 2022-03-10 13:14:00.257748 >> Cloud created! ID: #19
(ENTRY #250) 2022-03-10 13:14:00.822362 >> MOUSEPOS: (317, 512)
(ENTRY #251) 2022-03-10 13:14:00.822362 >> SLOPE CALC:None
(ENTRY #252) 2022-03-10 13:14:00.822362 >> LIN CALC FIN: 338.3219225731922
(ENTRY #253) 2022-03-10 13:14:00.822362 >> LIN CALC RAW: 561.6780774268078
(ENTRY #254) 2022-03-10 13:14:00.822362 >> Below!
(ENTRY #255) 2022-03-10 13:14:00.822362 >> Object lightRound has been created!
(ENTRY #256) 2022-03-10 13:14:00.823365 >> Protectile #22 has been created! Type: Light
(ENTRY #257) 2022-03-10 13:14:00.823365 >> Projectile created! ID: #22
(ENTRY #258) 2022-03-10 13:14:01.216380 >> Cloud removed! ID: #19
(ENTRY #259) 2022-03-10 13:14:01.296791 >> Cloud created! ID: #20
(ENTRY #260) 2022-03-10 13:14:01.329022 >> Projectile removed!
(ENTRY #261) 2022-03-10 13:14:02.090331 >> MOUSEPOS: (474, 556)
(ENTRY #262) 2022-03-10 13:14:02.090331 >> SLOPE CALC:None
(ENTRY #263) 2022-03-10 13:14:02.090331 >> LIN CALC FIN: 454.01976545339767
(ENTRY #264) 2022-03-10 13:14:02.090331 >> LIN CALC RAW: 445.98023454660233
(ENTRY #265) 2022-03-10 13:14:02.090331 >> Below!
(ENTRY #266) 2022-03-10 13:14:02.090331 >> Object lightRound has been created!
(ENTRY #267) 2022-03-10 13:14:02.091331 >> Protectile #24 has been created! Type: Light
(ENTRY #268) 2022-03-10 13:14:02.091331 >> Projectile created! ID: #24
(ENTRY #269) 2022-03-10 13:14:02.245619 >> Cloud removed! ID: #20
(ENTRY #270) 2022-03-10 13:14:02.576613 >> Cloud created! ID: #21
(ENTRY #271) 2022-03-10 13:14:03.293023 >> Projectile removed!
(ENTRY #272) 2022-03-10 13:14:03.509550 >> Cloud removed! ID: #21
(ENTRY #273) 2022-03-10 13:14:03.650302 >> Cloud created! ID: #22
(ENTRY #274) 2022-03-10 13:14:03.683038 >> MOUSEPOS: (339, 483)
(ENTRY #275) 2022-03-10 13:14:03.683435 >> SLOPE CALC:None
(ENTRY #276) 2022-03-10 13:14:03.683435 >> LIN CALC FIN: 367.1321404125789
(ENTRY #277) 2022-03-10 13:14:03.683435 >> LIN CALC RAW: 532.8678595874211
(ENTRY #278) 2022-03-10 13:14:03.683435 >> Below!
(ENTRY #279) 2022-03-10 13:14:03.683435 >> Object lightRound has been created!
(ENTRY #280) 2022-03-10 13:14:03.684048 >> Protectile #26 has been created! Type: Light
(ENTRY #281) 2022-03-10 13:14:03.684048 >> Projectile created! ID: #26
(ENTRY #282) 2022-03-10 13:14:04.526591 >> Cloud removed! ID: #22
(ENTRY #283) 2022-03-10 13:14:04.608590 >> MOUSEPOS: (460, 539)
(ENTRY #284) 2022-03-10 13:14:04.608590 >> SLOPE CALC:None
(ENTRY #285) 2022-03-10 13:14:04.608590 >> LIN CALC FIN: 405.4362886032659
(ENTRY #286) 2022-03-10 13:14:04.608590 >> LIN CALC RAW: 494.5637113967341
(ENTRY #287) 2022-03-10 13:14:04.608590 >> Below!
(ENTRY #288) 2022-03-10 13:14:04.655581 >> Cloud created! ID: #23
(ENTRY #289) 2022-03-10 13:14:05.078773 >> Projectile removed!
(ENTRY #290) 2022-03-10 13:14:05.513735 >> Cloud removed! ID: #23
(ENTRY #291) 2022-03-10 13:14:05.634724 >> MOUSEPOS: (546, 524)
(ENTRY #292) 2022-03-10 13:14:05.634724 >> SLOPE CALC:None
(ENTRY #293) 2022-03-10 13:14:05.634724 >> LIN CALC FIN: 476.771143356691
(ENTRY #294) 2022-03-10 13:14:05.634724 >> LIN CALC RAW: 423.228856643309
(ENTRY #295) 2022-03-10 13:14:05.634724 >> Below!
(ENTRY #296) 2022-03-10 13:14:05.634724 >> Object lightRound has been created!
(ENTRY #297) 2022-03-10 13:14:05.635723 >> Protectile #28 has been created! Type: Light
(ENTRY #298) 2022-03-10 13:14:05.635723 >> Projectile created! ID: #28
(ENTRY #299) 2022-03-10 13:14:05.711754 >> Cloud created! ID: #24
(ENTRY #300) 2022-03-10 13:14:06.754982 >> Cloud removed! ID: #24
(ENTRY #301) 2022-03-10 13:14:06.770978 >> Cloud created! ID: #25
(ENTRY #302) 2022-03-10 13:14:06.899555 >> Projectile removed!
(ENTRY #303) 2022-03-10 13:14:07.758973 >> MOUSEPOS: (505, 469)
(ENTRY #304) 2022-03-10 13:14:07.758973 >> SLOPE CALC:None
(ENTRY #305) 2022-03-10 13:14:07.758973 >> LIN CALC FIN: 405.5653218040443
(ENTRY #306) 2022-03-10 13:14:07.758973 >> LIN CALC RAW: 494.4346781959557
(ENTRY #307) 2022-03-10 13:14:07.758973 >> Below!
(ENTRY #308) 2022-03-10 13:14:07.758973 >> Object lightRound has been created!
(ENTRY #309) 2022-03-10 13:14:07.758973 >> Protectile #30 has been created! Type: Light
(ENTRY #310) 2022-03-10 13:14:07.758973 >> Projectile created! ID: #30
(ENTRY #311) 2022-03-10 13:14:07.775001 >> Cloud created! ID: #26
(ENTRY #312) 2022-03-10 13:14:07.806980 >> Cloud removed! ID: #26
(ENTRY #313) 2022-03-10 13:14:07.960980 >> Projectile removed!
(ENTRY #314) 2022-03-10 13:14:08.713598 >> Cloud removed! ID: #26
(ENTRY #315) 2022-03-10 13:14:08.777579 >> Cloud created! ID: #27
(ENTRY #316) 2022-03-10 13:14:09.661308 >> Cloud removed! ID: #27
(ENTRY #317) 2022-03-10 13:14:09.882263 >> Cloud created! ID: #28
(ENTRY #318) 2022-03-10 13:14:10.687392 >> Projectile removed!
(ENTRY #319) 2022-03-10 13:14:10.702368 >> Cloud removed! ID: #28
(ENTRY #320) 2022-03-10 13:14:10.942910 >> Cloud created! ID: #29
(ENTRY #321) 2022-03-10 13:14:13.132237 >> Naval Warfare 2D Closed...
