Log for Naval Warfare 2D, intended for debugging purposes only! 

(ENTRY #1) 2022-03-10 12:36:10.080882 >> Initialized Log handler...
(ENTRY #2) 2022-03-10 12:36:10.851207 >> Initialized Warship handler...
(ENTRY #3) 2022-03-10 12:36:10.854208 >> Initialized Projectile handler...
(ENTRY #4) 2022-03-10 12:36:10.855209 >> Dumb-AI Entity created!
(ENTRY #5) 2022-03-10 12:36:10.856209 >> Dumb-AI Entity created!
(ENTRY #6) 2022-03-10 12:36:10.858210 >> Dumb-AI Entity created!
(ENTRY #7) 2022-03-10 12:36:10.859208 >> Dumb-AI Entity created!
(ENTRY #8) 2022-03-10 12:36:10.860208 >> Dumb-AI Entity created!
(ENTRY #9) 2022-03-10 12:36:10.861208 >> Dumb-AI Entity created!
(ENTRY #10) 2022-03-10 12:36:10.866211 >> Dumb-AI Entity created!
(ENTRY #11) 2022-03-10 12:36:10.871207 >> Dumb-AI Entity created!
(ENTRY #12) 2022-03-10 12:36:10.876206 >> Dumb-AI Entity created!
(ENTRY #13) 2022-03-10 12:36:10.887208 >> Dumb-AI Entity created!
(ENTRY #14) 2022-03-10 12:36:10.950208 >> Initialized GUI handler...
(ENTRY #15) 2022-03-10 12:36:10.950208 >> Starting Naval Warfare 2D...
(ENTRY #16) 2022-03-10 12:36:16.513305 >> Created Sprite for Player!
(ENTRY #17) 2022-03-10 12:36:16.513305 >> Finished initalizing!
(ENTRY #18) 2022-03-10 12:36:25.553020 >> Returning to menu!
(ENTRY #19) 2022-03-10 12:36:26.213115 >> Game resumed!
(ENTRY #20) 2022-03-10 12:36:26.226137 >> None
(ENTRY #21) 2022-03-10 12:36:26.226137 >> None
(ENTRY #22) 2022-03-10 12:36:26.226137 >> None
(ENTRY #23) 2022-03-10 12:36:26.226137 >> None
(ENTRY #24) 2022-03-10 12:36:26.226137 >> None
(ENTRY #25) 2022-03-10 12:36:26.226137 >> None
(ENTRY #26) 2022-03-10 12:36:26.226137 >> None
(ENTRY #27) 2022-03-10 12:36:26.226137 >> None
(ENTRY #28) 2022-03-10 12:36:26.226137 >> None
(ENTRY #29) 2022-03-10 12:36:26.226137 >> None
(ENTRY #30) 2022-03-10 12:36:26.233135 >> Cloud created! ID: #1
(ENTRY #31) 2022-03-10 12:36:26.233135 >> MOUSEPOS: (450.0, 449.75)
(ENTRY #32) 2022-03-10 12:36:26.233135 >> SLOPE CALC:None
(ENTRY #33) 2022-03-10 12:36:26.233135 >> Object lightRound has been created!
(ENTRY #34) 2022-03-10 12:36:26.233135 >> Protectile #2 has been created! Type: Light
(ENTRY #35) 2022-03-10 12:36:26.233135 >> Projectile created! ID: #2
(ENTRY #36) 2022-03-10 12:36:26.233135 >> MOUSEPOS: (450.0, 449.75)
(ENTRY #37) 2022-03-10 12:36:26.233135 >> SLOPE CALC:None
(ENTRY #38) 2022-03-10 12:36:26.233135 >> Object lightRound has been created!
(ENTRY #39) 2022-03-10 12:36:26.234137 >> Protectile #4 has been created! Type: Light
(ENTRY #40) 2022-03-10 12:36:26.234137 >> Projectile created! ID: #4
(ENTRY #41) 2022-03-10 12:36:26.234137 >> MOUSEPOS: (450.0, 449.75)
(ENTRY #42) 2022-03-10 12:36:26.234137 >> SLOPE CALC:None
(ENTRY #43) 2022-03-10 12:36:26.234137 >> Object lightRound has been created!
(ENTRY #44) 2022-03-10 12:36:26.234137 >> Protectile #6 has been created! Type: Light
(ENTRY #45) 2022-03-10 12:36:26.234137 >> Projectile created! ID: #6
(ENTRY #46) 2022-03-10 12:36:26.235136 >> MOUSEPOS: (450.0, 449.75)
(ENTRY #47) 2022-03-10 12:36:26.235136 >> SLOPE CALC:None
(ENTRY #48) 2022-03-10 12:36:26.235136 >> Object lightRound has been created!
(ENTRY #49) 2022-03-10 12:36:26.235136 >> Protectile #8 has been created! Type: Light
(ENTRY #50) 2022-03-10 12:36:26.235136 >> Projectile created! ID: #8
(ENTRY #51) 2022-03-10 12:36:26.235136 >> MOUSEPOS: (450.0, 449.75)
(ENTRY #52) 2022-03-10 12:36:26.235136 >> SLOPE CALC:None
(ENTRY #53) 2022-03-10 12:36:26.235136 >> Object lightRound has been created!
(ENTRY #54) 2022-03-10 12:36:26.236136 >> Protectile #10 has been created! Type: Light
(ENTRY #55) 2022-03-10 12:36:26.236136 >> Projectile created! ID: #10
(ENTRY #56) 2022-03-10 12:36:26.236136 >> MOUSEPOS: (450.0, 449.0)
(ENTRY #57) 2022-03-10 12:36:26.236136 >> SLOPE CALC:None
(ENTRY #58) 2022-03-10 12:36:26.236136 >> Object lightRound has been created!
(ENTRY #59) 2022-03-10 12:36:26.236136 >> Protectile #12 has been created! Type: Light
(ENTRY #60) 2022-03-10 12:36:26.236136 >> Projectile created! ID: #12
(ENTRY #61) 2022-03-10 12:36:26.236136 >> MOUSEPOS: (450.0, 449.0)
(ENTRY #62) 2022-03-10 12:36:26.236136 >> SLOPE CALC:None
(ENTRY #63) 2022-03-10 12:36:26.236136 >> Object lightRound has been created!
(ENTRY #64) 2022-03-10 12:36:26.237135 >> Protectile #14 has been created! Type: Light
(ENTRY #65) 2022-03-10 12:36:26.237135 >> Projectile created! ID: #14
(ENTRY #66) 2022-03-10 12:36:26.237135 >> MOUSEPOS: (450.0, 449.0)
(ENTRY #67) 2022-03-10 12:36:26.237135 >> SLOPE CALC:None
(ENTRY #68) 2022-03-10 12:36:26.237135 >> Object lightRound has been created!
(ENTRY #69) 2022-03-10 12:36:26.237135 >> Protectile #16 has been created! Type: Light
(ENTRY #70) 2022-03-10 12:36:26.237135 >> Projectile created! ID: #16
(ENTRY #71) 2022-03-10 12:36:26.237135 >> MOUSEPOS: (450.0, 449.0)
(ENTRY #72) 2022-03-10 12:36:26.237135 >> SLOPE CALC:None
(ENTRY #73) 2022-03-10 12:36:26.237135 >> Object lightRound has been created!
(ENTRY #74) 2022-03-10 12:36:26.238138 >> Protectile #18 has been created! Type: Light
(ENTRY #75) 2022-03-10 12:36:26.238138 >> Projectile created! ID: #18
(ENTRY #76) 2022-03-10 12:36:26.238138 >> MOUSEPOS: (450.0, 449.0)
(ENTRY #77) 2022-03-10 12:36:26.238138 >> SLOPE CALC:None
(ENTRY #78) 2022-03-10 12:36:26.238138 >> Object lightRound has been created!
(ENTRY #79) 2022-03-10 12:36:26.239136 >> Protectile #20 has been created! Type: Light
(ENTRY #80) 2022-03-10 12:36:26.239136 >> Projectile created! ID: #20
(ENTRY #81) 2022-03-10 12:36:26.239136 >> entity_1_0 and entity_1_1 have collided!
(ENTRY #82) 2022-03-10 12:36:26.239136 >> entity_1_0 and entity_1_2 have collided!
(ENTRY #83) 2022-03-10 12:36:26.239136 >> entity_1_0 and entity_1_3 have collided!
(ENTRY #84) 2022-03-10 12:36:26.239136 >> entity_1_0 and entity_1_4 have collided!
(ENTRY #85) 2022-03-10 12:36:26.239136 >> entity_1_0 and entity_2_0 have collided!
(ENTRY #86) 2022-03-10 12:36:26.239136 >> entity_1_0 and entity_2_1 have collided!
(ENTRY #87) 2022-03-10 12:36:26.239136 >> entity_1_0 and entity_2_2 have collided!
(ENTRY #88) 2022-03-10 12:36:26.239136 >> entity_1_0 and entity_2_3 have collided!
(ENTRY #89) 2022-03-10 12:36:26.239136 >> entity_1_0 and entity_2_4 have collided!
(ENTRY #90) 2022-03-10 12:36:26.239136 >> entity_1_1 and entity_1_0 have collided!
(ENTRY #91) 2022-03-10 12:36:26.239136 >> entity_1_1 and entity_1_2 have collided!
(ENTRY #92) 2022-03-10 12:36:26.239136 >> entity_1_1 and entity_1_3 have collided!
(ENTRY #93) 2022-03-10 12:36:26.239136 >> entity_1_1 and entity_1_4 have collided!
(ENTRY #94) 2022-03-10 12:36:26.239136 >> entity_1_1 and entity_2_0 have collided!
(ENTRY #95) 2022-03-10 12:36:26.239136 >> entity_1_1 and entity_2_1 have collided!
(ENTRY #96) 2022-03-10 12:36:26.239136 >> entity_1_1 and entity_2_2 have collided!
(ENTRY #97) 2022-03-10 12:36:26.239136 >> entity_1_1 and entity_2_3 have collided!
(ENTRY #98) 2022-03-10 12:36:26.239136 >> entity_1_1 and entity_2_4 have collided!
(ENTRY #99) 2022-03-10 12:36:26.239136 >> entity_1_2 and entity_1_0 have collided!
(ENTRY #100) 2022-03-10 12:36:26.239136 >> entity_1_2 and entity_1_1 have collided!
(ENTRY #101) 2022-03-10 12:36:26.239136 >> entity_1_2 and entity_1_3 have collided!
(ENTRY #102) 2022-03-10 12:36:26.239136 >> entity_1_2 and entity_1_4 have collided!
(ENTRY #103) 2022-03-10 12:36:26.239136 >> entity_1_2 and entity_2_0 have collided!
(ENTRY #104) 2022-03-10 12:36:26.239136 >> entity_1_2 and entity_2_1 have collided!
(ENTRY #105) 2022-03-10 12:36:26.239136 >> entity_1_2 and entity_2_2 have collided!
(ENTRY #106) 2022-03-10 12:36:26.239136 >> entity_1_2 and entity_2_3 have collided!
(ENTRY #107) 2022-03-10 12:36:26.239136 >> entity_1_2 and entity_2_4 have collided!
(ENTRY #108) 2022-03-10 12:36:26.239136 >> entity_1_3 and entity_1_0 have collided!
(ENTRY #109) 2022-03-10 12:36:26.239136 >> entity_1_3 and entity_1_1 have collided!
(ENTRY #110) 2022-03-10 12:36:26.239136 >> entity_1_3 and entity_1_2 have collided!
(ENTRY #111) 2022-03-10 12:36:26.239136 >> entity_1_3 and entity_1_4 have collided!
(ENTRY #112) 2022-03-10 12:36:26.239136 >> entity_1_3 and entity_2_0 have collided!
(ENTRY #113) 2022-03-10 12:36:26.239136 >> entity_1_3 and entity_2_1 have collided!
(ENTRY #114) 2022-03-10 12:36:26.239136 >> entity_1_3 and entity_2_2 have collided!
(ENTRY #115) 2022-03-10 12:36:26.239136 >> entity_1_3 and entity_2_3 have collided!
(ENTRY #116) 2022-03-10 12:36:26.239136 >> entity_1_3 and entity_2_4 have collided!
(ENTRY #117) 2022-03-10 12:36:26.239136 >> entity_1_4 and entity_1_0 have collided!
(ENTRY #118) 2022-03-10 12:36:26.239136 >> entity_1_4 and entity_1_1 have collided!
(ENTRY #119) 2022-03-10 12:36:26.239136 >> entity_1_4 and entity_1_2 have collided!
(ENTRY #120) 2022-03-10 12:36:26.239136 >> entity_1_4 and entity_1_3 have collided!
(ENTRY #121) 2022-03-10 12:36:26.239136 >> entity_1_4 and entity_2_0 have collided!
(ENTRY #122) 2022-03-10 12:36:26.239136 >> entity_1_4 and entity_2_1 have collided!
(ENTRY #123) 2022-03-10 12:36:26.239136 >> entity_1_4 and entity_2_2 have collided!
(ENTRY #124) 2022-03-10 12:36:26.239136 >> entity_1_4 and entity_2_3 have collided!
(ENTRY #125) 2022-03-10 12:36:26.239136 >> entity_1_4 and entity_2_4 have collided!
(ENTRY #126) 2022-03-10 12:36:26.239136 >> entity_2_0 and entity_1_0 have collided!
(ENTRY #127) 2022-03-10 12:36:26.239136 >> entity_2_0 and entity_1_1 have collided!
(ENTRY #128) 2022-03-10 12:36:26.239136 >> entity_2_0 and entity_1_2 have collided!
(ENTRY #129) 2022-03-10 12:36:26.239136 >> entity_2_0 and entity_1_3 have collided!
(ENTRY #130) 2022-03-10 12:36:26.239136 >> entity_2_0 and entity_1_4 have collided!
(ENTRY #131) 2022-03-10 12:36:26.239136 >> entity_2_0 and entity_2_1 have collided!
(ENTRY #132) 2022-03-10 12:36:26.239136 >> entity_2_0 and entity_2_2 have collided!
(ENTRY #133) 2022-03-10 12:36:26.239136 >> entity_2_0 and entity_2_3 have collided!
(ENTRY #134) 2022-03-10 12:36:26.239136 >> entity_2_0 and entity_2_4 have collided!
(ENTRY #135) 2022-03-10 12:36:26.239136 >> entity_2_1 and entity_1_0 have collided!
(ENTRY #136) 2022-03-10 12:36:26.239136 >> entity_2_1 and entity_1_1 have collided!
(ENTRY #137) 2022-03-10 12:36:26.239136 >> entity_2_1 and entity_1_2 have collided!
(ENTRY #138) 2022-03-10 12:36:26.239136 >> entity_2_1 and entity_1_3 have collided!
(ENTRY #139) 2022-03-10 12:36:26.239136 >> entity_2_1 and entity_1_4 have collided!
(ENTRY #140) 2022-03-10 12:36:26.239136 >> entity_2_1 and entity_2_0 have collided!
(ENTRY #141) 2022-03-10 12:36:26.239136 >> entity_2_1 and entity_2_2 have collided!
(ENTRY #142) 2022-03-10 12:36:26.240133 >> entity_2_1 and entity_2_3 have collided!
(ENTRY #143) 2022-03-10 12:36:26.240133 >> entity_2_1 and entity_2_4 have collided!
(ENTRY #144) 2022-03-10 12:36:26.240133 >> entity_2_2 and entity_1_0 have collided!
(ENTRY #145) 2022-03-10 12:36:26.240133 >> entity_2_2 and entity_1_1 have collided!
(ENTRY #146) 2022-03-10 12:36:26.240133 >> entity_2_2 and entity_1_2 have collided!
(ENTRY #147) 2022-03-10 12:36:26.240133 >> entity_2_2 and entity_1_3 have collided!
(ENTRY #148) 2022-03-10 12:36:26.240133 >> entity_2_2 and entity_1_4 have collided!
(ENTRY #149) 2022-03-10 12:36:26.240133 >> entity_2_2 and entity_2_0 have collided!
(ENTRY #150) 2022-03-10 12:36:26.240133 >> entity_2_2 and entity_2_1 have collided!
(ENTRY #151) 2022-03-10 12:36:26.240133 >> entity_2_2 and entity_2_3 have collided!
(ENTRY #152) 2022-03-10 12:36:26.240133 >> entity_2_2 and entity_2_4 have collided!
(ENTRY #153) 2022-03-10 12:36:26.240133 >> entity_2_3 and entity_1_0 have collided!
(ENTRY #154) 2022-03-10 12:36:26.240133 >> entity_2_3 and entity_1_1 have collided!
(ENTRY #155) 2022-03-10 12:36:26.240133 >> entity_2_3 and entity_1_2 have collided!
(ENTRY #156) 2022-03-10 12:36:26.240133 >> entity_2_3 and entity_1_3 have collided!
(ENTRY #157) 2022-03-10 12:36:26.240133 >> entity_2_3 and entity_1_4 have collided!
(ENTRY #158) 2022-03-10 12:36:26.240133 >> entity_2_3 and entity_2_0 have collided!
(ENTRY #159) 2022-03-10 12:36:26.240133 >> entity_2_3 and entity_2_1 have collided!
(ENTRY #160) 2022-03-10 12:36:26.240133 >> entity_2_3 and entity_2_2 have collided!
(ENTRY #161) 2022-03-10 12:36:26.240133 >> entity_2_3 and entity_2_4 have collided!
(ENTRY #162) 2022-03-10 12:36:26.240133 >> entity_2_4 and entity_1_0 have collided!
(ENTRY #163) 2022-03-10 12:36:26.240133 >> entity_2_4 and entity_1_1 have collided!
(ENTRY #164) 2022-03-10 12:36:26.240133 >> entity_2_4 and entity_1_2 have collided!
(ENTRY #165) 2022-03-10 12:36:26.240133 >> entity_2_4 and entity_1_3 have collided!
(ENTRY #166) 2022-03-10 12:36:26.240133 >> entity_2_4 and entity_1_4 have collided!
(ENTRY #167) 2022-03-10 12:36:26.240133 >> entity_2_4 and entity_2_0 have collided!
(ENTRY #168) 2022-03-10 12:36:26.240133 >> entity_2_4 and entity_2_1 have collided!
(ENTRY #169) 2022-03-10 12:36:26.240133 >> entity_2_4 and entity_2_2 have collided!
(ENTRY #170) 2022-03-10 12:36:26.240133 >> entity_2_4 and entity_2_3 have collided!
(ENTRY #171) 2022-03-10 12:36:26.240133 >> Projectile has hit!
(ENTRY #172) 2022-03-10 12:36:26.240133 >> Projectile has hit!
(ENTRY #173) 2022-03-10 12:36:26.240133 >> Projectile has hit!
(ENTRY #174) 2022-03-10 12:36:26.240133 >> Projectile has hit!
(ENTRY #175) 2022-03-10 12:36:26.240133 >> Projectile has hit!
(ENTRY #176) 2022-03-10 12:36:26.240133 >> Projectile has hit!
(ENTRY #177) 2022-03-10 12:36:26.240133 >> Projectile has hit!
(ENTRY #178) 2022-03-10 12:36:26.240133 >> Projectile has hit!
(ENTRY #179) 2022-03-10 12:36:26.240133 >> Projectile has hit!
(ENTRY #180) 2022-03-10 12:36:26.240133 >> Projectile has hit!
(ENTRY #181) 2022-03-10 12:36:26.240133 >> Projectile has hit!
(ENTRY #182) 2022-03-10 12:36:26.240133 >> Projectile has hit!
(ENTRY #183) 2022-03-10 12:36:26.240133 >> Projectile has hit!
(ENTRY #184) 2022-03-10 12:36:26.240133 >> Projectile has hit!
(ENTRY #185) 2022-03-10 12:36:26.240133 >> Projectile has hit!
(ENTRY #186) 2022-03-10 12:36:26.240133 >> Projectile has hit!
(ENTRY #187) 2022-03-10 12:36:26.240133 >> Projectile has hit!
(ENTRY #188) 2022-03-10 12:36:26.240133 >> Projectile has hit!
(ENTRY #189) 2022-03-10 12:36:26.240133 >> Projectile has hit!
(ENTRY #190) 2022-03-10 12:36:26.240133 >> Projectile has hit!
(ENTRY #191) 2022-03-10 12:36:26.240133 >> Projectile has hit!
(ENTRY #192) 2022-03-10 12:36:26.240133 >> Projectile has hit!
(ENTRY #193) 2022-03-10 12:36:26.240133 >> Projectile has hit!
(ENTRY #194) 2022-03-10 12:36:26.240133 >> Projectile has hit!
(ENTRY #195) 2022-03-10 12:36:26.240133 >> Projectile has hit!
(ENTRY #196) 2022-03-10 12:36:26.240133 >> Projectile has hit!
(ENTRY #197) 2022-03-10 12:36:26.240133 >> Projectile has hit!
(ENTRY #198) 2022-03-10 12:36:26.240133 >> Projectile has hit!
(ENTRY #199) 2022-03-10 12:36:26.240133 >> Projectile has hit!
(ENTRY #200) 2022-03-10 12:36:26.240133 >> Projectile has hit!
(ENTRY #201) 2022-03-10 12:36:26.240133 >> Projectile has hit!
(ENTRY #202) 2022-03-10 12:36:26.240133 >> Projectile has hit!
(ENTRY #203) 2022-03-10 12:36:26.240133 >> Projectile has hit!
(ENTRY #204) 2022-03-10 12:36:26.240133 >> Projectile has hit!
(ENTRY #205) 2022-03-10 12:36:26.240133 >> Projectile has hit!
(ENTRY #206) 2022-03-10 12:36:26.240133 >> Projectile has hit!
(ENTRY #207) 2022-03-10 12:36:26.240133 >> Projectile has hit!
(ENTRY #208) 2022-03-10 12:36:26.240133 >> Projectile has hit!
(ENTRY #209) 2022-03-10 12:36:26.240133 >> Projectile has hit!
(ENTRY #210) 2022-03-10 12:36:26.240133 >> Projectile has hit!
(ENTRY #211) 2022-03-10 12:36:26.240133 >> Projectile has hit!
(ENTRY #212) 2022-03-10 12:36:26.240133 >> Projectile has hit!
(ENTRY #213) 2022-03-10 12:36:26.240133 >> Projectile has hit!
(ENTRY #214) 2022-03-10 12:36:26.240133 >> Projectile has hit!
(ENTRY #215) 2022-03-10 12:36:26.240133 >> Projectile has hit!
(ENTRY #216) 2022-03-10 12:36:26.240133 >> Projectile has hit!
(ENTRY #217) 2022-03-10 12:36:26.240133 >> Projectile has hit!
(ENTRY #218) 2022-03-10 12:36:26.240133 >> Projectile has hit!
(ENTRY #219) 2022-03-10 12:36:26.240133 >> Projectile has hit!
(ENTRY #220) 2022-03-10 12:36:26.240133 >> Projectile has hit!
(ENTRY #221) 2022-03-10 12:36:26.240133 >> Projectile has hit!
(ENTRY #222) 2022-03-10 12:36:26.240133 >> Projectile has hit!
(ENTRY #223) 2022-03-10 12:36:26.240133 >> Projectile has hit!
(ENTRY #224) 2022-03-10 12:36:26.240133 >> Projectile has hit!
(ENTRY #225) 2022-03-10 12:36:26.240133 >> Projectile has hit!
(ENTRY #226) 2022-03-10 12:36:26.241129 >> Projectile has hit!
(ENTRY #227) 2022-03-10 12:36:26.241129 >> Projectile has hit!
(ENTRY #228) 2022-03-10 12:36:26.241129 >> Projectile has hit!
(ENTRY #229) 2022-03-10 12:36:26.241129 >> Projectile has hit!
(ENTRY #230) 2022-03-10 12:36:26.241129 >> Projectile has hit!
(ENTRY #231) 2022-03-10 12:36:26.241129 >> Projectile has hit!
(ENTRY #232) 2022-03-10 12:36:26.241129 >> Projectile has hit!
(ENTRY #233) 2022-03-10 12:36:26.241129 >> Projectile has hit!
(ENTRY #234) 2022-03-10 12:36:26.241129 >> Projectile has hit!
(ENTRY #235) 2022-03-10 12:36:26.241129 >> Projectile has hit!
(ENTRY #236) 2022-03-10 12:36:26.241129 >> Projectile has hit!
(ENTRY #237) 2022-03-10 12:36:26.241129 >> Projectile has hit!
(ENTRY #238) 2022-03-10 12:36:26.241129 >> Projectile has hit!
(ENTRY #239) 2022-03-10 12:36:26.241129 >> Projectile has hit!
(ENTRY #240) 2022-03-10 12:36:26.241129 >> Projectile has hit!
(ENTRY #241) 2022-03-10 12:36:26.241129 >> Projectile has hit!
(ENTRY #242) 2022-03-10 12:36:26.241129 >> Projectile has hit!
(ENTRY #243) 2022-03-10 12:36:26.241129 >> Projectile has hit!
(ENTRY #244) 2022-03-10 12:36:26.241129 >> Projectile has hit!
(ENTRY #245) 2022-03-10 12:36:26.241129 >> Projectile has hit!
(ENTRY #246) 2022-03-10 12:36:26.241129 >> Projectile has hit!
(ENTRY #247) 2022-03-10 12:36:26.241129 >> Projectile has hit!
(ENTRY #248) 2022-03-10 12:36:26.241129 >> Projectile has hit!
(ENTRY #249) 2022-03-10 12:36:26.241129 >> Projectile has hit!
(ENTRY #250) 2022-03-10 12:36:26.241129 >> Projectile has hit!
(ENTRY #251) 2022-03-10 12:36:26.241129 >> Projectile has hit!
(ENTRY #252) 2022-03-10 12:36:26.241129 >> Projectile has hit!
(ENTRY #253) 2022-03-10 12:36:26.241129 >> Projectile has hit!
(ENTRY #254) 2022-03-10 12:36:26.241129 >> Projectile has hit!
(ENTRY #255) 2022-03-10 12:36:26.241129 >> Projectile has hit!
(ENTRY #256) 2022-03-10 12:36:26.241129 >> Projectile has hit!
(ENTRY #257) 2022-03-10 12:36:26.241129 >> Projectile has hit!
(ENTRY #258) 2022-03-10 12:36:26.241129 >> Projectile has hit!
(ENTRY #259) 2022-03-10 12:36:26.241129 >> Projectile has hit!
(ENTRY #260) 2022-03-10 12:36:26.241129 >> Projectile has hit!
(ENTRY #261) 2022-03-10 12:36:26.241129 >> Projectile removed!
(ENTRY #262) 2022-03-10 12:36:26.241129 >> Projectile removed!
(ENTRY #263) 2022-03-10 12:36:26.241129 >> Projectile removed!
(ENTRY #264) 2022-03-10 12:36:26.241129 >> Projectile removed!
(ENTRY #265) 2022-03-10 12:36:26.241129 >> Projectile removed!
(ENTRY #266) 2022-03-10 12:36:26.241129 >> Projectile removed!
(ENTRY #267) 2022-03-10 12:36:26.241129 >> Projectile removed!
(ENTRY #268) 2022-03-10 12:36:26.241129 >> Projectile removed!
(ENTRY #269) 2022-03-10 12:36:26.241129 >> Projectile removed!
(ENTRY #270) 2022-03-10 12:36:26.241129 >> Projectile removed!
(ENTRY #271) 2022-03-10 12:36:27.239771 >> Cloud created! ID: #2
(ENTRY #272) 2022-03-10 12:36:28.498382 >> Cloud created! ID: #3
(ENTRY #273) 2022-03-10 12:36:29.541363 >> Cloud created! ID: #4
(ENTRY #274) 2022-03-10 12:36:30.607925 >> Cloud created! ID: #5
(ENTRY #275) 2022-03-10 12:36:31.611282 >> Cloud created! ID: #6
(ENTRY #276) 2022-03-10 12:36:32.788287 >> Cloud created! ID: #7
(ENTRY #277) 2022-03-10 12:36:33.797245 >> Cloud created! ID: #8
(ENTRY #278) 2022-03-10 12:36:35.150719 >> Cloud created! ID: #9
(ENTRY #279) 2022-03-10 12:36:36.197904 >> Cloud created! ID: #10
(ENTRY #280) 2022-03-10 12:36:37.331548 >> Cloud created! ID: #11
(ENTRY #281) 2022-03-10 12:36:37.998348 >> Opened Debug Menu!
(ENTRY #282) 2022-03-10 12:36:38.331865 >> Cloud created! ID: #12
(ENTRY #283) 2022-03-10 12:36:39.482718 >> Cloud created! ID: #13
(ENTRY #284) 2022-03-10 12:36:40.069164 >> Returning to menu!
(ENTRY #285) 2022-03-10 12:36:40.601323 >> Cloud created! ID: #14
(ENTRY #286) 2022-03-10 12:36:41.424119 >> Cloud removed! ID: #14
(ENTRY #287) 2022-03-10 12:36:41.666451 >> Cloud created! ID: #15
(ENTRY #288) 2022-03-10 12:36:42.573813 >> Cloud removed! ID: #15
(ENTRY #289) 2022-03-10 12:36:42.905486 >> Cloud created! ID: #16
(ENTRY #290) 2022-03-10 12:36:43.891781 >> Cloud removed! ID: #16
(ENTRY #291) 2022-03-10 12:36:43.935783 >> Cloud created! ID: #17
(ENTRY #292) 2022-03-10 12:36:44.979280 >> Cloud removed! ID: #17
(ENTRY #293) 2022-03-10 12:36:45.038879 >> Cloud created! ID: #18
(ENTRY #294) 2022-03-10 12:36:46.071612 >> Cloud removed! ID: #18
(ENTRY #295) 2022-03-10 12:36:46.346563 >> Cloud created! ID: #19
(ENTRY #296) 2022-03-10 12:36:47.142835 >> Cloud removed! ID: #19
(ENTRY #297) 2022-03-10 12:36:47.387844 >> Cloud created! ID: #20
(ENTRY #298) 2022-03-10 12:36:48.363836 >> Cloud removed! ID: #20
(ENTRY #299) 2022-03-10 12:36:48.568068 >> Cloud created! ID: #21
(ENTRY #300) 2022-03-10 12:36:49.140862 >> Naval Warfare 2D Closed...
