Log for Naval Warfare 2D, intended for debugging purposes only! 

(ENTRY #1) 2022-03-10 14:26:44.373712 >> Initialized Log handler...
(ENTRY #2) 2022-03-10 14:26:45.530779 >> Initialized Warship handler...
(ENTRY #3) 2022-03-10 14:26:45.533810 >> Initialized Projectile handler...
(ENTRY #4) 2022-03-10 14:26:45.534791 >> Dumb-AI Entity created!
(ENTRY #5) 2022-03-10 14:26:45.536784 >> Dumb-AI Entity created!
(ENTRY #6) 2022-03-10 14:26:45.538789 >> Dumb-AI Entity created!
(ENTRY #7) 2022-03-10 14:26:45.539816 >> Dumb-AI Entity created!
(ENTRY #8) 2022-03-10 14:26:45.541805 >> Dumb-AI Entity created!
(ENTRY #9) 2022-03-10 14:26:45.550814 >> Dumb-AI Entity created!
(ENTRY #10) 2022-03-10 14:26:45.555776 >> Dumb-AI Entity created!
(ENTRY #11) 2022-03-10 14:26:45.558781 >> Dumb-AI Entity created!
(ENTRY #12) 2022-03-10 14:26:45.563799 >> Dumb-AI Entity created!
(ENTRY #13) 2022-03-10 14:26:45.567783 >> Dumb-AI Entity created!
(ENTRY #14) 2022-03-10 14:26:45.623779 >> Initialized GUI handler...
(ENTRY #15) 2022-03-10 14:26:45.624786 >> Starting Naval Warfare 2D...
(ENTRY #16) 2022-03-10 14:26:51.202925 >> Created Sprite for Player!
(ENTRY #17) 2022-03-10 14:26:51.202925 >> Finished initalizing!
(ENTRY #18) 2022-03-10 14:26:56.774971 >> Returning to menu!
(ENTRY #19) 2022-03-10 14:26:57.630969 >> Game resumed!
(ENTRY #20) 2022-03-10 14:26:57.650963 >> MOUSEPOS: (310.0, 449.75)
(ENTRY #21) 2022-03-10 14:26:57.650963 >> SLOPE CALC:None
(ENTRY #22) 2022-03-10 14:26:57.650963 >> Object lightRound has been created!
(ENTRY #23) 2022-03-10 14:26:57.650963 >> Protectile #2 has been created! Type: Light
(ENTRY #24) 2022-03-10 14:26:57.650963 >> Projectile created! ID: #2
(ENTRY #25) 2022-03-10 14:26:57.650963 >> MOUSEPOS: (280.0, 449.75)
(ENTRY #26) 2022-03-10 14:26:57.650963 >> SLOPE CALC:None
(ENTRY #27) 2022-03-10 14:26:57.650963 >> Object lightRound has been created!
(ENTRY #28) 2022-03-10 14:26:57.651962 >> Protectile #4 has been created! Type: Light
(ENTRY #29) 2022-03-10 14:26:57.651962 >> Projectile created! ID: #4
(ENTRY #30) 2022-03-10 14:26:57.651962 >> MOUSEPOS: (310.0, 449.75)
(ENTRY #31) 2022-03-10 14:26:57.651962 >> SLOPE CALC:None
(ENTRY #32) 2022-03-10 14:26:57.651962 >> Object lightRound has been created!
(ENTRY #33) 2022-03-10 14:26:57.651962 >> Protectile #6 has been created! Type: Light
(ENTRY #34) 2022-03-10 14:26:57.651962 >> Projectile created! ID: #6
(ENTRY #35) 2022-03-10 14:26:57.652962 >> MOUSEPOS: (340.0, 449.75)
(ENTRY #36) 2022-03-10 14:26:57.652962 >> SLOPE CALC:None
(ENTRY #37) 2022-03-10 14:26:57.652962 >> Object lightRound has been created!
(ENTRY #38) 2022-03-10 14:26:57.652962 >> Protectile #8 has been created! Type: Light
(ENTRY #39) 2022-03-10 14:26:57.652962 >> Projectile created! ID: #8
(ENTRY #40) 2022-03-10 14:26:57.652962 >> MOUSEPOS: (370.0, 449.75)
(ENTRY #41) 2022-03-10 14:26:57.652962 >> SLOPE CALC:None
(ENTRY #42) 2022-03-10 14:26:57.652962 >> Object lightRound has been created!
(ENTRY #43) 2022-03-10 14:26:57.653972 >> Protectile #10 has been created! Type: Light
(ENTRY #44) 2022-03-10 14:26:57.653972 >> Projectile created! ID: #10
(ENTRY #45) 2022-03-10 14:26:57.653972 >> MOUSEPOS: (460.0, 449.0)
(ENTRY #46) 2022-03-10 14:26:57.653972 >> SLOPE CALC:None
(ENTRY #47) 2022-03-10 14:26:57.653972 >> Object lightRound has been created!
(ENTRY #48) 2022-03-10 14:26:57.653972 >> Protectile #12 has been created! Type: Light
(ENTRY #49) 2022-03-10 14:26:57.653972 >> Projectile created! ID: #12
(ENTRY #50) 2022-03-10 14:26:57.653972 >> MOUSEPOS: (430.0, 449.0)
(ENTRY #51) 2022-03-10 14:26:57.653972 >> SLOPE CALC:None
(ENTRY #52) 2022-03-10 14:26:57.653972 >> Object lightRound has been created!
(ENTRY #53) 2022-03-10 14:26:57.654972 >> Protectile #14 has been created! Type: Light
(ENTRY #54) 2022-03-10 14:26:57.654972 >> Projectile created! ID: #14
(ENTRY #55) 2022-03-10 14:26:57.654972 >> MOUSEPOS: (460.0, 449.0)
(ENTRY #56) 2022-03-10 14:26:57.654972 >> SLOPE CALC:None
(ENTRY #57) 2022-03-10 14:26:57.654972 >> Object lightRound has been created!
(ENTRY #58) 2022-03-10 14:26:57.654972 >> Protectile #16 has been created! Type: Light
(ENTRY #59) 2022-03-10 14:26:57.654972 >> Projectile created! ID: #16
(ENTRY #60) 2022-03-10 14:26:57.654972 >> MOUSEPOS: (490.0, 449.0)
(ENTRY #61) 2022-03-10 14:26:57.654972 >> SLOPE CALC:None
(ENTRY #62) 2022-03-10 14:26:57.654972 >> Object lightRound has been created!
(ENTRY #63) 2022-03-10 14:26:57.655965 >> Protectile #18 has been created! Type: Light
(ENTRY #64) 2022-03-10 14:26:57.655965 >> Projectile created! ID: #18
(ENTRY #65) 2022-03-10 14:26:57.655965 >> MOUSEPOS: (520.0, 449.0)
(ENTRY #66) 2022-03-10 14:26:57.655965 >> SLOPE CALC:None
(ENTRY #67) 2022-03-10 14:26:57.655965 >> Object lightRound has been created!
(ENTRY #68) 2022-03-10 14:26:57.656991 >> Protectile #20 has been created! Type: Light
(ENTRY #69) 2022-03-10 14:26:57.656991 >> Projectile created! ID: #20
(ENTRY #70) 2022-03-10 14:26:57.679961 >> Cloud created! ID: #1
(ENTRY #71) 2022-03-10 14:26:57.797961 >> Projectile has hit!
(ENTRY #72) 2022-03-10 14:26:57.797961 >> Projectile has hit!
(ENTRY #73) 2022-03-10 14:26:57.797961 >> Projectile has hit!
(ENTRY #74) 2022-03-10 14:26:57.797961 >> Projectile removed!
(ENTRY #75) 2022-03-10 14:26:57.797961 >> Projectile removed!
(ENTRY #76) 2022-03-10 14:26:57.797961 >> Projectile removed!
(ENTRY #77) 2022-03-10 14:26:57.818991 >> Projectile has hit!
(ENTRY #78) 2022-03-10 14:26:57.819991 >> Projectile has hit!
(ENTRY #79) 2022-03-10 14:26:57.819991 >> Projectile has hit!
(ENTRY #80) 2022-03-10 14:26:57.819991 >> Projectile has hit!
(ENTRY #81) 2022-03-10 14:26:57.819991 >> Projectile has hit!
(ENTRY #82) 2022-03-10 14:26:57.819991 >> Projectile has hit!
(ENTRY #83) 2022-03-10 14:26:57.819991 >> Projectile has hit!
(ENTRY #84) 2022-03-10 14:26:57.819991 >> Projectile removed!
(ENTRY #85) 2022-03-10 14:26:57.819991 >> Projectile removed!
(ENTRY #86) 2022-03-10 14:26:57.819991 >> Projectile removed!
(ENTRY #87) 2022-03-10 14:26:57.819991 >> Projectile removed!
(ENTRY #88) 2022-03-10 14:26:57.819991 >> Projectile removed!
(ENTRY #89) 2022-03-10 14:26:57.819991 >> Projectile removed!
(ENTRY #90) 2022-03-10 14:26:57.819991 >> Projectile removed!
(ENTRY #91) 2022-03-10 14:26:57.975963 >> entity_2_1 and entity_2_2 have collided!
(ENTRY #92) 2022-03-10 14:26:57.975963 >> entity_2_2 and entity_2_1 have collided!
(ENTRY #93) 2022-03-10 14:26:57.975963 >> entity_2_3 and entity_2_4 have collided!
(ENTRY #94) 2022-03-10 14:26:57.975963 >> entity_2_4 and entity_2_3 have collided!
(ENTRY #95) 2022-03-10 14:26:58.107111 >> Opened Debug Menu!
(ENTRY #96) 2022-03-10 14:26:58.211603 >> entity_1_4 and entity_2_0 have collided!
(ENTRY #97) 2022-03-10 14:26:58.211603 >> entity_2_0 and entity_1_4 have collided!
(ENTRY #98) 2022-03-10 14:26:58.495648 >> Returning to menu!
(ENTRY #99) 2022-03-10 14:26:58.632647 >> entity_1_2 and entity_1_3 have collided!
(ENTRY #100) 2022-03-10 14:26:58.632647 >> entity_1_3 and entity_1_2 have collided!
(ENTRY #101) 2022-03-10 14:26:58.695301 >> Cloud created! ID: #2
(ENTRY #102) 2022-03-10 14:26:58.825269 >> MOUSEPOS: (394, 397)
(ENTRY #103) 2022-03-10 14:26:58.825269 >> SLOPE CALC:None
(ENTRY #104) 2022-03-10 14:26:58.825269 >> LIN CALC FIN: 156.383975778665
(ENTRY #105) 2022-03-10 14:26:58.825269 >> LIN CALC RAW: 743.616024221335
(ENTRY #106) 2022-03-10 14:26:58.825269 >> Below!
(ENTRY #107) 2022-03-10 14:26:58.825269 >> Object lightRound has been created!
(ENTRY #108) 2022-03-10 14:26:58.825269 >> Protectile #22 has been created! Type: Light
(ENTRY #109) 2022-03-10 14:26:58.825269 >> Projectile created! ID: #22
(ENTRY #110) 2022-03-10 14:26:59.016510 >> MOUSEPOS: (394, 397)
(ENTRY #111) 2022-03-10 14:26:59.016510 >> SLOPE CALC:None
(ENTRY #112) 2022-03-10 14:26:59.016510 >> LIN CALC FIN: 158.71765732049005
(ENTRY #113) 2022-03-10 14:26:59.016510 >> LIN CALC RAW: 741.28234267951
(ENTRY #114) 2022-03-10 14:26:59.016510 >> Below!
(ENTRY #115) 2022-03-10 14:26:59.177506 >> MOUSEPOS: (394, 397)
(ENTRY #116) 2022-03-10 14:26:59.177506 >> SLOPE CALC:None
(ENTRY #117) 2022-03-10 14:26:59.177506 >> LIN CALC FIN: 160.51857673140034
(ENTRY #118) 2022-03-10 14:26:59.177506 >> LIN CALC RAW: 739.4814232685997
(ENTRY #119) 2022-03-10 14:26:59.177506 >> Below!
(ENTRY #120) 2022-03-10 14:26:59.347533 >> MOUSEPOS: (394, 397)
(ENTRY #121) 2022-03-10 14:26:59.347533 >> SLOPE CALC:None
(ENTRY #122) 2022-03-10 14:26:59.347533 >> LIN CALC FIN: 162.1850849925006
(ENTRY #123) 2022-03-10 14:26:59.347533 >> LIN CALC RAW: 737.8149150074994
(ENTRY #124) 2022-03-10 14:26:59.347533 >> Below!
(ENTRY #125) 2022-03-10 14:26:59.528502 >> MOUSEPOS: (394, 397)
(ENTRY #126) 2022-03-10 14:26:59.528502 >> SLOPE CALC:None
(ENTRY #127) 2022-03-10 14:26:59.528502 >> LIN CALC FIN: 163.85922085352001
(ENTRY #128) 2022-03-10 14:26:59.528502 >> LIN CALC RAW: 736.14077914648
(ENTRY #129) 2022-03-10 14:26:59.528502 >> Below!
(ENTRY #130) 2022-03-10 14:26:59.665506 >> MOUSEPOS: (316.647914325315, 423.0866719762473)
(ENTRY #131) 2022-03-10 14:26:59.665506 >> SLOPE CALC:None
(ENTRY #132) 2022-03-10 14:26:59.665506 >> LIN CALC FIN: 466.38250062687723
(ENTRY #133) 2022-03-10 14:26:59.665506 >> LIN CALC RAW: 433.61749937312277
(ENTRY #134) 2022-03-10 14:26:59.665506 >> Above!
(ENTRY #135) 2022-03-10 14:26:59.665506 >> Object lightRound has been created!
(ENTRY #136) 2022-03-10 14:26:59.666505 >> Protectile #24 has been created! Type: Light
(ENTRY #137) 2022-03-10 14:26:59.666505 >> Projectile created! ID: #24
(ENTRY #138) 2022-03-10 14:26:59.666505 >> MOUSEPOS: (273.35208567468504, 423.08667197624726)
(ENTRY #139) 2022-03-10 14:26:59.666505 >> SLOPE CALC:None
(ENTRY #140) 2022-03-10 14:26:59.666505 >> LIN CALC FIN: 379.7908433256173
(ENTRY #141) 2022-03-10 14:26:59.667507 >> LIN CALC RAW: 520.2091566743827
(ENTRY #142) 2022-03-10 14:26:59.667507 >> Below!
(ENTRY #143) 2022-03-10 14:26:59.667507 >> Object lightRound has been created!
(ENTRY #144) 2022-03-10 14:26:59.667507 >> Protectile #26 has been created! Type: Light
(ENTRY #145) 2022-03-10 14:26:59.667507 >> Projectile created! ID: #26
(ENTRY #146) 2022-03-10 14:26:59.685558 >> MOUSEPOS: (394, 397)
(ENTRY #147) 2022-03-10 14:26:59.685558 >> SLOPE CALC:None
(ENTRY #148) 2022-03-10 14:26:59.685558 >> LIN CALC FIN: 165.1024407904024
(ENTRY #149) 2022-03-10 14:26:59.685558 >> LIN CALC RAW: 734.8975592095976
(ENTRY #150) 2022-03-10 14:26:59.685558 >> Below!
(ENTRY #151) 2022-03-10 14:26:59.764560 >> Cloud created! ID: #3
(ENTRY #152) 2022-03-10 14:26:59.857568 >> MOUSEPOS: (394, 397)
(ENTRY #153) 2022-03-10 14:26:59.857568 >> SLOPE CALC:None
(ENTRY #154) 2022-03-10 14:26:59.857568 >> LIN CALC FIN: 166.22971642774542
(ENTRY #155) 2022-03-10 14:26:59.857568 >> LIN CALC RAW: 733.7702835722546
(ENTRY #156) 2022-03-10 14:26:59.857568 >> Below!
(ENTRY #157) 2022-03-10 14:26:59.857568 >> Object lightRound has been created!
(ENTRY #158) 2022-03-10 14:26:59.858571 >> Protectile #28 has been created! Type: Light
(ENTRY #159) 2022-03-10 14:26:59.858571 >> Projectile created! ID: #28
(ENTRY #160) 2022-03-10 14:26:59.859564 >> Projectile has hit!
(ENTRY #161) 2022-03-10 14:26:59.859564 >> Projectile has hit!
(ENTRY #162) 2022-03-10 14:26:59.859564 >> Projectile removed!
(ENTRY #163) 2022-03-10 14:26:59.859564 >> Projectile removed!
(ENTRY #164) 2022-03-10 14:26:59.878557 >> Projectile has hit!
(ENTRY #165) 2022-03-10 14:26:59.878557 >> Projectile removed!
(ENTRY #166) 2022-03-10 14:27:00.014688 >> MOUSEPOS: (394, 397)
(ENTRY #167) 2022-03-10 14:27:00.014688 >> SLOPE CALC:None
(ENTRY #168) 2022-03-10 14:27:00.014688 >> LIN CALC FIN: 167.23930958822302
(ENTRY #169) 2022-03-10 14:27:00.014688 >> LIN CALC RAW: 732.760690411777
(ENTRY #170) 2022-03-10 14:27:00.014688 >> Below!
(ENTRY #171) 2022-03-10 14:27:00.793870 >> Cloud created! ID: #4
(ENTRY #172) 2022-03-10 14:27:00.900939 >> Projectile has hit!
(ENTRY #173) 2022-03-10 14:27:00.900939 >> Projectile removed!
(ENTRY #174) 2022-03-10 14:27:01.068120 >> MOUSEPOS: (379, 386)
(ENTRY #175) 2022-03-10 14:27:01.068120 >> SLOPE CALC:None
(ENTRY #176) 2022-03-10 14:27:01.068120 >> LIN CALC FIN: 185.3583434795769
(ENTRY #177) 2022-03-10 14:27:01.068120 >> LIN CALC RAW: 714.6416565204231
(ENTRY #178) 2022-03-10 14:27:01.068120 >> Below!
(ENTRY #179) 2022-03-10 14:27:01.068120 >> Object lightRound has been created!
(ENTRY #180) 2022-03-10 14:27:01.069119 >> Protectile #30 has been created! Type: Light
(ENTRY #181) 2022-03-10 14:27:01.069119 >> Projectile created! ID: #30
(ENTRY #182) 2022-03-10 14:27:01.661525 >> MOUSEPOS: (338, 354)
(ENTRY #183) 2022-03-10 14:27:01.661525 >> SLOPE CALC:None
(ENTRY #184) 2022-03-10 14:27:01.661525 >> LIN CALC FIN: 226.8436873397095
(ENTRY #185) 2022-03-10 14:27:01.661525 >> LIN CALC RAW: 673.1563126602905
(ENTRY #186) 2022-03-10 14:27:01.661525 >> Below!
(ENTRY #187) 2022-03-10 14:27:01.677582 >> MOUSEPOS: (335.9853862341572, 401.8908721715944)
(ENTRY #188) 2022-03-10 14:27:01.677582 >> SLOPE CALC:None
(ENTRY #189) 2022-03-10 14:27:01.677582 >> LIN CALC FIN: 483.8616446399086
(ENTRY #190) 2022-03-10 14:27:01.677582 >> LIN CALC RAW: 416.1383553600914
(ENTRY #191) 2022-03-10 14:27:01.677582 >> Above!
(ENTRY #192) 2022-03-10 14:27:01.677582 >> Object lightRound has been created!
(ENTRY #193) 2022-03-10 14:27:01.677582 >> Protectile #32 has been created! Type: Light
(ENTRY #194) 2022-03-10 14:27:01.677582 >> Projectile created! ID: #32
(ENTRY #195) 2022-03-10 14:27:01.677582 >> MOUSEPOS: (254.01461376584285, 401.89087217159425)
(ENTRY #196) 2022-03-10 14:27:01.677582 >> SLOPE CALC:None
(ENTRY #197) 2022-03-10 14:27:01.677582 >> LIN CALC FIN: 319.92009970328013
(ENTRY #198) 2022-03-10 14:27:01.677582 >> LIN CALC RAW: 580.0799002967199
(ENTRY #199) 2022-03-10 14:27:01.677582 >> Below!
(ENTRY #200) 2022-03-10 14:27:01.677582 >> Object lightRound has been created!
(ENTRY #201) 2022-03-10 14:27:01.678537 >> Protectile #34 has been created! Type: Light
(ENTRY #202) 2022-03-10 14:27:01.678537 >> Projectile created! ID: #34
(ENTRY #203) 2022-03-10 14:27:01.823089 >> Cloud created! ID: #5
(ENTRY #204) 2022-03-10 14:27:02.119270 >> Projectile has hit!
(ENTRY #205) 2022-03-10 14:27:02.119270 >> Projectile has hit!
(ENTRY #206) 2022-03-10 14:27:02.119270 >> Projectile removed!
(ENTRY #207) 2022-03-10 14:27:02.119270 >> Projectile removed!
(ENTRY #208) 2022-03-10 14:27:02.185497 >> MOUSEPOS: (282, 324)
(ENTRY #209) 2022-03-10 14:27:02.185497 >> SLOPE CALC:None
(ENTRY #210) 2022-03-10 14:27:02.185497 >> LIN CALC FIN: 284.7524679274983
(ENTRY #211) 2022-03-10 14:27:02.185497 >> LIN CALC RAW: 615.2475320725017
(ENTRY #212) 2022-03-10 14:27:02.185497 >> Below!
(ENTRY #213) 2022-03-10 14:27:02.185497 >> Object lightRound has been created!
(ENTRY #214) 2022-03-10 14:27:02.186484 >> Protectile #36 has been created! Type: Light
(ENTRY #215) 2022-03-10 14:27:02.186484 >> Projectile created! ID: #36
(ENTRY #216) 2022-03-10 14:27:02.369671 >> MOUSEPOS: (282, 324)
(ENTRY #217) 2022-03-10 14:27:02.369671 >> SLOPE CALC:None
(ENTRY #218) 2022-03-10 14:27:02.369671 >> LIN CALC FIN: 285.7916823685431
(ENTRY #219) 2022-03-10 14:27:02.369671 >> LIN CALC RAW: 614.2083176314569
(ENTRY #220) 2022-03-10 14:27:02.369671 >> Below!
(ENTRY #221) 2022-03-10 14:27:02.609143 >> MOUSEPOS: (283, 325)
(ENTRY #222) 2022-03-10 14:27:02.609143 >> SLOPE CALC:None
(ENTRY #223) 2022-03-10 14:27:02.609143 >> LIN CALC FIN: 286.37225265760753
(ENTRY #224) 2022-03-10 14:27:02.609143 >> LIN CALC RAW: 613.6277473423925
(ENTRY #225) 2022-03-10 14:27:02.609143 >> Below!
(ENTRY #226) 2022-03-10 14:27:02.760146 >> Projectile has hit!
(ENTRY #227) 2022-03-10 14:27:02.760146 >> Projectile removed!
(ENTRY #228) 2022-03-10 14:27:02.846782 >> Cloud created! ID: #6
(ENTRY #229) 2022-03-10 14:27:02.898372 >> MOUSEPOS: (283, 325)
(ENTRY #230) 2022-03-10 14:27:02.898372 >> SLOPE CALC:None
(ENTRY #231) 2022-03-10 14:27:02.898372 >> LIN CALC FIN: 288.6718106349683
(ENTRY #232) 2022-03-10 14:27:02.898372 >> LIN CALC RAW: 611.3281893650317
(ENTRY #233) 2022-03-10 14:27:02.898372 >> Below!
(ENTRY #234) 2022-03-10 14:27:03.061686 >> MOUSEPOS: (283, 325)
(ENTRY #235) 2022-03-10 14:27:03.062698 >> SLOPE CALC:None
(ENTRY #236) 2022-03-10 14:27:03.062698 >> LIN CALC FIN: 290.21462913154824
(ENTRY #237) 2022-03-10 14:27:03.062698 >> LIN CALC RAW: 609.7853708684518
(ENTRY #238) 2022-03-10 14:27:03.062698 >> Below!
(ENTRY #239) 2022-03-10 14:27:03.113685 >> Projectile has hit!
(ENTRY #240) 2022-03-10 14:27:03.113685 >> Projectile removed!
(ENTRY #241) 2022-03-10 14:27:03.343795 >> MOUSEPOS: (264, 321)
(ENTRY #242) 2022-03-10 14:27:03.343795 >> SLOPE CALC:None
(ENTRY #243) 2022-03-10 14:27:03.343795 >> LIN CALC FIN: 312.1507710670587
(ENTRY #244) 2022-03-10 14:27:03.343795 >> LIN CALC RAW: 587.8492289329413
(ENTRY #245) 2022-03-10 14:27:03.343795 >> Below!
(ENTRY #246) 2022-03-10 14:27:03.343795 >> Object lightRound has been created!
(ENTRY #247) 2022-03-10 14:27:03.344802 >> Protectile #38 has been created! Type: Light
(ENTRY #248) 2022-03-10 14:27:03.344802 >> Projectile created! ID: #38
(ENTRY #249) 2022-03-10 14:27:03.539381 >> MOUSEPOS: (264, 321)
(ENTRY #250) 2022-03-10 14:27:03.539381 >> SLOPE CALC:None
(ENTRY #251) 2022-03-10 14:27:03.539381 >> LIN CALC FIN: 314.4457570319514
(ENTRY #252) 2022-03-10 14:27:03.539381 >> LIN CALC RAW: 585.5542429680486
(ENTRY #253) 2022-03-10 14:27:03.539381 >> Below!
(ENTRY #254) 2022-03-10 14:27:03.679248 >> MOUSEPOS: (122.68206184956668, 457.7150871078936)
(ENTRY #255) 2022-03-10 14:27:03.679248 >> SLOPE CALC:None
(ENTRY #256) 2022-03-10 14:27:03.679248 >> LIN CALC FIN: 496.0738491323425
(ENTRY #257) 2022-03-10 14:27:03.679248 >> LIN CALC RAW: 403.9261508676575
(ENTRY #258) 2022-03-10 14:27:03.679248 >> Above!
(ENTRY #259) 2022-03-10 14:27:03.679248 >> Object lightRound has been created!
(ENTRY #260) 2022-03-10 14:27:03.680195 >> Protectile #40 has been created! Type: Light
(ENTRY #261) 2022-03-10 14:27:03.680195 >> Projectile created! ID: #40
(ENTRY #262) 2022-03-10 14:27:03.680195 >> MOUSEPOS: (226.07736265102346, 392.6785483308858)
(ENTRY #263) 2022-03-10 14:27:03.680195 >> SLOPE CALC:None
(ENTRY #264) 2022-03-10 14:27:03.680195 >> LIN CALC FIN: 530.5168374988433
(ENTRY #265) 2022-03-10 14:27:03.680195 >> LIN CALC RAW: 369.4831625011567
(ENTRY #266) 2022-03-10 14:27:03.680195 >> Above!
(ENTRY #267) 2022-03-10 14:27:03.680195 >> Object lightRound has been created!
(ENTRY #268) 2022-03-10 14:27:03.680195 >> Protectile #42 has been created! Type: Light
(ENTRY #269) 2022-03-10 14:27:03.680195 >> Projectile created! ID: #42
(ENTRY #270) 2022-03-10 14:27:03.701073 >> MOUSEPOS: (264, 321)
(ENTRY #271) 2022-03-10 14:27:03.701073 >> SLOPE CALC:None
(ENTRY #272) 2022-03-10 14:27:03.701073 >> LIN CALC FIN: 316.39714895746033
(ENTRY #273) 2022-03-10 14:27:03.701073 >> LIN CALC RAW: 583.6028510425397
(ENTRY #274) 2022-03-10 14:27:03.701073 >> Below!
(ENTRY #275) 2022-03-10 14:27:03.870042 >> MOUSEPOS: (264, 321)
(ENTRY #276) 2022-03-10 14:27:03.870042 >> SLOPE CALC:None
(ENTRY #277) 2022-03-10 14:27:03.870042 >> LIN CALC FIN: 318.4185659187506
(ENTRY #278) 2022-03-10 14:27:03.870042 >> LIN CALC RAW: 581.5814340812494
(ENTRY #279) 2022-03-10 14:27:03.870042 >> Below!
(ENTRY #280) 2022-03-10 14:27:03.975642 >> Cloud created! ID: #7
(ENTRY #281) 2022-03-10 14:27:04.012642 >> MOUSEPOS: (264, 321)
(ENTRY #282) 2022-03-10 14:27:04.012642 >> SLOPE CALC:None
(ENTRY #283) 2022-03-10 14:27:04.012642 >> LIN CALC FIN: 319.47624423780894
(ENTRY #284) 2022-03-10 14:27:04.012642 >> LIN CALC RAW: 580.5237557621911
(ENTRY #285) 2022-03-10 14:27:04.012642 >> Below!
(ENTRY #286) 2022-03-10 14:27:04.079066 >> Projectile has hit!
(ENTRY #287) 2022-03-10 14:27:04.079066 >> Projectile removed!
(ENTRY #288) 2022-03-10 14:27:04.201714 >> MOUSEPOS: (264, 321)
(ENTRY #289) 2022-03-10 14:27:04.201714 >> SLOPE CALC:None
(ENTRY #290) 2022-03-10 14:27:04.201714 >> LIN CALC FIN: 317.88429414184793
(ENTRY #291) 2022-03-10 14:27:04.201714 >> LIN CALC RAW: 582.1157058581521
(ENTRY #292) 2022-03-10 14:27:04.201714 >> Below!
(ENTRY #293) 2022-03-10 14:27:04.365150 >> MOUSEPOS: (264, 321)
(ENTRY #294) 2022-03-10 14:27:04.365150 >> SLOPE CALC:None
(ENTRY #295) 2022-03-10 14:27:04.365150 >> LIN CALC FIN: 315.51301993896755
(ENTRY #296) 2022-03-10 14:27:04.365150 >> LIN CALC RAW: 584.4869800610325
(ENTRY #297) 2022-03-10 14:27:04.365150 >> Below!
(ENTRY #298) 2022-03-10 14:27:04.365150 >> Object lightRound has been created!
(ENTRY #299) 2022-03-10 14:27:04.365150 >> Protectile #44 has been created! Type: Light
(ENTRY #300) 2022-03-10 14:27:04.365150 >> Projectile created! ID: #44
(ENTRY #301) 2022-03-10 14:27:04.366155 >> Projectile has hit!
(ENTRY #302) 2022-03-10 14:27:04.366155 >> Projectile removed!
(ENTRY #303) 2022-03-10 14:27:04.528908 >> MOUSEPOS: (264, 321)
(ENTRY #304) 2022-03-10 14:27:04.528908 >> SLOPE CALC:None
(ENTRY #305) 2022-03-10 14:27:04.528908 >> LIN CALC FIN: 313.0296308714301
(ENTRY #306) 2022-03-10 14:27:04.528908 >> LIN CALC RAW: 586.9703691285699
(ENTRY #307) 2022-03-10 14:27:04.528908 >> Below!
(ENTRY #308) 2022-03-10 14:27:04.545902 >> Projectile has hit!
(ENTRY #309) 2022-03-10 14:27:04.545902 >> Projectile removed!
(ENTRY #310) 2022-03-10 14:27:04.700908 >> MOUSEPOS: (264, 321)
(ENTRY #311) 2022-03-10 14:27:04.700908 >> SLOPE CALC:None
(ENTRY #312) 2022-03-10 14:27:04.700908 >> LIN CALC FIN: 310.174058376983
(ENTRY #313) 2022-03-10 14:27:04.700908 >> LIN CALC RAW: 589.825941623017
(ENTRY #314) 2022-03-10 14:27:04.700908 >> Below!
(ENTRY #315) 2022-03-10 14:27:04.870963 >> MOUSEPOS: (264, 321)
(ENTRY #316) 2022-03-10 14:27:04.870963 >> SLOPE CALC:None
(ENTRY #317) 2022-03-10 14:27:04.871963 >> LIN CALC FIN: 307.19512825678885
(ENTRY #318) 2022-03-10 14:27:04.871963 >> LIN CALC RAW: 592.8048717432112
(ENTRY #319) 2022-03-10 14:27:04.871963 >> Below!
(ENTRY #320) 2022-03-10 14:27:04.902954 >> Projectile has hit!
(ENTRY #321) 2022-03-10 14:27:04.902954 >> Projectile removed!
(ENTRY #322) 2022-03-10 14:27:04.978046 >> Cloud created! ID: #8
(ENTRY #323) 2022-03-10 14:27:05.039985 >> MOUSEPOS: (264, 321)
(ENTRY #324) 2022-03-10 14:27:05.039985 >> SLOPE CALC:None
(ENTRY #325) 2022-03-10 14:27:05.039985 >> LIN CALC FIN: 304.09970166322114
(ENTRY #326) 2022-03-10 14:27:05.039985 >> LIN CALC RAW: 595.9002983367789
(ENTRY #327) 2022-03-10 14:27:05.039985 >> Below!
(ENTRY #328) 2022-03-10 14:27:05.207033 >> MOUSEPOS: (264, 321)
(ENTRY #329) 2022-03-10 14:27:05.207033 >> SLOPE CALC:None
(ENTRY #330) 2022-03-10 14:27:05.207033 >> LIN CALC FIN: 300.89490806647984
(ENTRY #331) 2022-03-10 14:27:05.207033 >> LIN CALC RAW: 599.1050919335202
(ENTRY #332) 2022-03-10 14:27:05.207033 >> Below!
(ENTRY #333) 2022-03-10 14:27:05.362999 >> MOUSEPOS: (264, 321)
(ENTRY #334) 2022-03-10 14:27:05.362999 >> SLOPE CALC:None
(ENTRY #335) 2022-03-10 14:27:05.362999 >> LIN CALC FIN: 297.892760744911
(ENTRY #336) 2022-03-10 14:27:05.362999 >> LIN CALC RAW: 602.107239255089
(ENTRY #337) 2022-03-10 14:27:05.362999 >> Below!
(ENTRY #338) 2022-03-10 14:27:05.685576 >> MOUSEPOS: (101.0363356598203, 453.9833883991845)
(ENTRY #339) 2022-03-10 14:27:05.686545 >> SLOPE CALC:None
(ENTRY #340) 2022-03-10 14:27:05.686545 >> LIN CALC FIN: 494.1068734207652
(ENTRY #341) 2022-03-10 14:27:05.686545 >> LIN CALC RAW: 405.8931265792348
(ENTRY #342) 2022-03-10 14:27:05.686545 >> Above!
(ENTRY #343) 2022-03-10 14:27:05.686545 >> Object lightRound has been created!
(ENTRY #344) 2022-03-10 14:27:05.686545 >> Protectile #46 has been created! Type: Light
(ENTRY #345) 2022-03-10 14:27:05.686545 >> Projectile created! ID: #46
(ENTRY #346) 2022-03-10 14:27:05.686545 >> MOUSEPOS: (195.91598336575962, 399.22722571482586)
(ENTRY #347) 2022-03-10 14:27:05.686545 >> SLOPE CALC:None
(ENTRY #348) 2022-03-10 14:27:05.686545 >> LIN CALC FIN: 578.9520690706288
(ENTRY #349) 2022-03-10 14:27:05.686545 >> LIN CALC RAW: 321.0479309293712
(ENTRY #350) 2022-03-10 14:27:05.686545 >> Above!
(ENTRY #351) 2022-03-10 14:27:05.686545 >> Object lightRound has been created!
(ENTRY #352) 2022-03-10 14:27:05.687550 >> Protectile #48 has been created! Type: Light
(ENTRY #353) 2022-03-10 14:27:05.687550 >> Projectile created! ID: #48
(ENTRY #354) 2022-03-10 14:27:05.941634 >> MOUSEPOS: (281, 349)
(ENTRY #355) 2022-03-10 14:27:05.941634 >> SLOPE CALC:None
(ENTRY #356) 2022-03-10 14:27:05.942618 >> LIN CALC FIN: 269.47691591900195
(ENTRY #357) 2022-03-10 14:27:05.942618 >> LIN CALC RAW: 630.523084080998
(ENTRY #358) 2022-03-10 14:27:05.942618 >> Below!
(ENTRY #359) 2022-03-10 14:27:05.942618 >> Object lightRound has been created!
(ENTRY #360) 2022-03-10 14:27:05.942618 >> Protectile #50 has been created! Type: Light
(ENTRY #361) 2022-03-10 14:27:05.942618 >> Projectile created! ID: #50
(ENTRY #362) 2022-03-10 14:27:06.083646 >> Cloud created! ID: #9
(ENTRY #363) 2022-03-10 14:27:06.304646 >> Projectile has hit!
(ENTRY #364) 2022-03-10 14:27:06.304646 >> Projectile removed!
(ENTRY #365) 2022-03-10 14:27:06.451694 >> Projectile has hit!
(ENTRY #366) 2022-03-10 14:27:06.451694 >> Projectile removed!
(ENTRY #367) 2022-03-10 14:27:07.244159 >> Cloud created! ID: #10
(ENTRY #368) 2022-03-10 14:27:07.693659 >> MOUSEPOS: (97.27974735498145, 455.20411920413926)
(ENTRY #369) 2022-03-10 14:27:07.693659 >> SLOPE CALC:None
(ENTRY #370) 2022-03-10 14:27:07.693659 >> LIN CALC FIN: 672.6471592742603
(ENTRY #371) 2022-03-10 14:27:07.693659 >> LIN CALC RAW: 227.35284072573972
(ENTRY #372) 2022-03-10 14:27:07.693659 >> Above!
(ENTRY #373) 2022-03-10 14:27:07.693659 >> Object lightRound has been created!
(ENTRY #374) 2022-03-10 14:27:07.693659 >> Protectile #52 has been created! Type: Light
(ENTRY #375) 2022-03-10 14:27:07.693659 >> Projectile created! ID: #52
(ENTRY #376) 2022-03-10 14:27:08.417804 >> Cloud created! ID: #11
(ENTRY #377) 2022-03-10 14:27:08.850001 >> Projectile removed!
(ENTRY #378) 2022-03-10 14:27:09.616022 >> Cloud created! ID: #12
(ENTRY #379) 2022-03-10 14:27:09.708969 >> MOUSEPOS: (116.78584305531912, 480.2264122404486)
(ENTRY #380) 2022-03-10 14:27:09.708969 >> SLOPE CALC:None
(ENTRY #381) 2022-03-10 14:27:09.708969 >> LIN CALC FIN: 625.5633646326936
(ENTRY #382) 2022-03-10 14:27:09.708969 >> LIN CALC RAW: 274.4366353673064
(ENTRY #383) 2022-03-10 14:27:09.708969 >> Above!
(ENTRY #384) 2022-03-10 14:27:09.708969 >> Object lightRound has been created!
(ENTRY #385) 2022-03-10 14:27:09.709968 >> Protectile #54 has been created! Type: Light
(ENTRY #386) 2022-03-10 14:27:09.709968 >> Projectile created! ID: #54
(ENTRY #387) 2022-03-10 14:27:10.853492 >> Cloud created! ID: #13
(ENTRY #388) 2022-03-10 14:27:11.137489 >> Projectile removed!
(ENTRY #389) 2022-03-10 14:27:11.721521 >> MOUSEPOS: (135.17989311367702, 505.4380859792301)
(ENTRY #390) 2022-03-10 14:27:11.721521 >> SLOPE CALC:None
(ENTRY #391) 2022-03-10 14:27:11.721521 >> LIN CALC FIN: 577.8698437536027
(ENTRY #392) 2022-03-10 14:27:11.721521 >> LIN CALC RAW: 322.1301562463973
(ENTRY #393) 2022-03-10 14:27:11.721521 >> Above!
(ENTRY #394) 2022-03-10 14:27:11.721521 >> Object lightRound has been created!
(ENTRY #395) 2022-03-10 14:27:11.722519 >> Protectile #56 has been created! Type: Light
(ENTRY #396) 2022-03-10 14:27:11.722519 >> Projectile created! ID: #56
(ENTRY #397) 2022-03-10 14:27:11.874528 >> Cloud created! ID: #14
(ENTRY #398) 2022-03-10 14:27:12.933826 >> Cloud created! ID: #15
(ENTRY #399) 2022-03-10 14:27:13.500461 >> Projectile removed!
(ENTRY #400) 2022-03-10 14:27:13.734579 >> MOUSEPOS: (160.5152672852566, 522.2072043308896)
(ENTRY #401) 2022-03-10 14:27:13.734579 >> SLOPE CALC:None
(ENTRY #402) 2022-03-10 14:27:13.734579 >> LIN CALC FIN: 544.1520102298405
(ENTRY #403) 2022-03-10 14:27:13.734579 >> LIN CALC RAW: 355.84798977015953
(ENTRY #404) 2022-03-10 14:27:13.734579 >> Above!
(ENTRY #405) 2022-03-10 14:27:13.734579 >> Object lightRound has been created!
(ENTRY #406) 2022-03-10 14:27:13.734579 >> Protectile #58 has been created! Type: Light
(ENTRY #407) 2022-03-10 14:27:13.734579 >> Projectile created! ID: #58
(ENTRY #408) 2022-03-10 14:27:13.942886 >> Cloud created! ID: #16
(ENTRY #409) 2022-03-10 14:27:14.979674 >> Cloud created! ID: #17
(ENTRY #410) 2022-03-10 14:27:15.742044 >> MOUSEPOS: (191.8388745204745, 527.047758998356)
(ENTRY #411) 2022-03-10 14:27:15.742044 >> SLOPE CALC:None
(ENTRY #412) 2022-03-10 14:27:15.742044 >> LIN CALC FIN: 527.9898198723681
(ENTRY #413) 2022-03-10 14:27:15.742044 >> LIN CALC RAW: 372.0101801276319
(ENTRY #414) 2022-03-10 14:27:15.742044 >> Above!
(ENTRY #415) 2022-03-10 14:27:15.742044 >> Object lightRound has been created!
(ENTRY #416) 2022-03-10 14:27:15.743044 >> Protectile #60 has been created! Type: Light
(ENTRY #417) 2022-03-10 14:27:15.743044 >> Projectile created! ID: #60
(ENTRY #418) 2022-03-10 14:27:15.759012 >> Cloud removed! ID: #17
(ENTRY #419) 2022-03-10 14:27:15.870019 >> Projectile removed!
(ENTRY #420) 2022-03-10 14:27:15.985094 >> Cloud created! ID: #18
(ENTRY #421) 2022-03-10 14:27:16.570211 >> Cloud removed! ID: #18
(ENTRY #422) 2022-03-10 14:27:17.043460 >> Cloud created! ID: #19
(ENTRY #423) 2022-03-10 14:27:17.599591 >> Cloud removed! ID: #19
(ENTRY #424) 2022-03-10 14:27:17.742591 >> MOUSEPOS: (222.9283166164098, 528.95372191274)
(ENTRY #425) 2022-03-10 14:27:17.742591 >> SLOPE CALC:None
(ENTRY #426) 2022-03-10 14:27:17.742591 >> LIN CALC FIN: 514.2537605067729
(ENTRY #427) 2022-03-10 14:27:17.742591 >> LIN CALC RAW: 385.7462394932271
(ENTRY #428) 2022-03-10 14:27:17.742591 >> Below!
(ENTRY #429) 2022-03-10 14:27:17.742591 >> Object lightRound has been created!
(ENTRY #430) 2022-03-10 14:27:17.742591 >> Protectile #62 has been created! Type: Light
(ENTRY #431) 2022-03-10 14:27:17.742591 >> Projectile created! ID: #62
(ENTRY #432) 2022-03-10 14:27:18.089074 >> Projectile has hit!
(ENTRY #433) 2022-03-10 14:27:18.089074 >> Projectile removed!
(ENTRY #434) 2022-03-10 14:27:18.155299 >> Cloud created! ID: #20
(ENTRY #435) 2022-03-10 14:27:18.401335 >> Projectile removed!
(ENTRY #436) 2022-03-10 14:27:18.590342 >> Cloud removed! ID: #20
(ENTRY #437) 2022-03-10 14:27:19.239409 >> Cloud created! ID: #21
(ENTRY #438) 2022-03-10 14:27:19.565965 >> Cloud removed! ID: #21
(ENTRY #439) 2022-03-10 14:27:19.748260 >> MOUSEPOS: (249.3222046608401, 543.5089085065424)
(ENTRY #440) 2022-03-10 14:27:19.748260 >> SLOPE CALC:None
(ENTRY #441) 2022-03-10 14:27:19.748260 >> LIN CALC FIN: 482.38826750993434
(ENTRY #442) 2022-03-10 14:27:19.748260 >> LIN CALC RAW: 417.61173249006566
(ENTRY #443) 2022-03-10 14:27:19.748260 >> Below!
(ENTRY #444) 2022-03-10 14:27:19.748260 >> Object lightRound has been created!
(ENTRY #445) 2022-03-10 14:27:19.748260 >> Protectile #64 has been created! Type: Light
(ENTRY #446) 2022-03-10 14:27:19.748260 >> Projectile created! ID: #64
(ENTRY #447) 2022-03-10 14:27:20.259527 >> Cloud created! ID: #22
(ENTRY #448) 2022-03-10 14:27:20.520532 >> Cloud removed! ID: #22
(ENTRY #449) 2022-03-10 14:27:21.298224 >> Cloud created! ID: #23
(ENTRY #450) 2022-03-10 14:27:21.587232 >> Cloud removed! ID: #23
(ENTRY #451) 2022-03-10 14:27:21.753227 >> MOUSEPOS: (268.1618088171789, 568.6913118675097)
(ENTRY #452) 2022-03-10 14:27:21.753227 >> SLOPE CALC:None
(ENTRY #453) 2022-03-10 14:27:21.753227 >> LIN CALC FIN: 436.24013593991253
(ENTRY #454) 2022-03-10 14:27:21.753227 >> LIN CALC RAW: 463.75986406008747
(ENTRY #455) 2022-03-10 14:27:21.753227 >> Below!
(ENTRY #456) 2022-03-10 14:27:21.753227 >> Object lightRound has been created!
(ENTRY #457) 2022-03-10 14:27:21.754253 >> Protectile #66 has been created! Type: Light
(ENTRY #458) 2022-03-10 14:27:21.754253 >> Projectile created! ID: #66
(ENTRY #459) 2022-03-10 14:27:22.414022 >> Cloud created! ID: #24
(ENTRY #460) 2022-03-10 14:27:22.640642 >> Cloud removed! ID: #24
(ENTRY #461) 2022-03-10 14:27:23.405766 >> Projectile removed!
(ENTRY #462) 2022-03-10 14:27:23.524776 >> Cloud created! ID: #25
(ENTRY #463) 2022-03-10 14:27:23.759930 >> MOUSEPOS: (290.88371844007156, 586.6038210865865)
(ENTRY #464) 2022-03-10 14:27:23.759930 >> SLOPE CALC:None
(ENTRY #465) 2022-03-10 14:27:23.759930 >> LIN CALC FIN: 381.29722218788913
(ENTRY #466) 2022-03-10 14:27:23.759930 >> LIN CALC RAW: 518.7027778121109
(ENTRY #467) 2022-03-10 14:27:23.759930 >> Below!
(ENTRY #468) 2022-03-10 14:27:23.759930 >> Object lightRound has been created!
(ENTRY #469) 2022-03-10 14:27:23.759930 >> Protectile #68 has been created! Type: Light
(ENTRY #470) 2022-03-10 14:27:23.759930 >> Projectile created! ID: #68
(ENTRY #471) 2022-03-10 14:27:23.828908 >> Cloud removed! ID: #25
(ENTRY #472) 2022-03-10 14:27:24.544965 >> Cloud created! ID: #26
(ENTRY #473) 2022-03-10 14:27:25.061197 >> Cloud removed! ID: #26
(ENTRY #474) 2022-03-10 14:27:25.585115 >> Cloud created! ID: #27
(ENTRY #475) 2022-03-10 14:27:25.766115 >> MOUSEPOS: (319.9549323380774, 591.804580354243)
(ENTRY #476) 2022-03-10 14:27:25.766115 >> SLOPE CALC:None
(ENTRY #477) 2022-03-10 14:27:25.766115 >> LIN CALC FIN: 335.471001407142
(ENTRY #478) 2022-03-10 14:27:25.766115 >> LIN CALC RAW: 564.528998592858
(ENTRY #479) 2022-03-10 14:27:25.767144 >> Below!
(ENTRY #480) 2022-03-10 14:27:25.767144 >> Object lightRound has been created!
(ENTRY #481) 2022-03-10 14:27:25.767144 >> Protectile #70 has been created! Type: Light
(ENTRY #482) 2022-03-10 14:27:25.767144 >> Projectile created! ID: #70
(ENTRY #483) 2022-03-10 14:27:26.212167 >> Projectile removed!
(ENTRY #484) 2022-03-10 14:27:26.337767 >> Cloud removed! ID: #27
(ENTRY #485) 2022-03-10 14:27:26.635440 >> Cloud created! ID: #28
(ENTRY #486) 2022-03-10 14:27:27.628439 >> Cloud removed! ID: #28
(ENTRY #487) 2022-03-10 14:27:27.643345 >> Cloud created! ID: #29
(ENTRY #488) 2022-03-10 14:27:27.782337 >> MOUSEPOS: (347.1233676798492, 602.4381009737501)
(ENTRY #489) 2022-03-10 14:27:27.782337 >> SLOPE CALC:None
(ENTRY #490) 2022-03-10 14:27:27.782337 >> LIN CALC FIN: 312.52588258829314
(ENTRY #491) 2022-03-10 14:27:27.782337 >> LIN CALC RAW: 587.4741174117069
(ENTRY #492) 2022-03-10 14:27:27.782337 >> Below!
(ENTRY #493) 2022-03-10 14:27:27.782337 >> Object lightRound has been created!
(ENTRY #494) 2022-03-10 14:27:27.782337 >> Protectile #72 has been created! Type: Light
(ENTRY #495) 2022-03-10 14:27:27.782337 >> Projectile created! ID: #72
(ENTRY #496) 2022-03-10 14:27:28.356410 >> Projectile removed!
(ENTRY #497) 2022-03-10 14:27:28.738441 >> Cloud created! ID: #30
(ENTRY #498) 2022-03-10 14:27:28.938419 >> Cloud removed! ID: #30
(ENTRY #499) 2022-03-10 14:27:29.749827 >> Cloud created! ID: #31
(ENTRY #500) 2022-03-10 14:27:29.782858 >> MOUSEPOS: (372.1748353995122, 617.0641792751568)
(ENTRY #501) 2022-03-10 14:27:29.782858 >> SLOPE CALC:None
(ENTRY #502) 2022-03-10 14:27:29.782858 >> LIN CALC FIN: 293.2232018324314
(ENTRY #503) 2022-03-10 14:27:29.782858 >> LIN CALC RAW: 606.7767981675686
(ENTRY #504) 2022-03-10 14:27:29.782858 >> Below!
(ENTRY #505) 2022-03-10 14:27:29.782858 >> Object lightRound has been created!
(ENTRY #506) 2022-03-10 14:27:29.783858 >> Protectile #74 has been created! Type: Light
(ENTRY #507) 2022-03-10 14:27:29.783858 >> Projectile created! ID: #74
(ENTRY #508) 2022-03-10 14:27:30.020857 >> Cloud removed! ID: #31
(ENTRY #509) 2022-03-10 14:27:30.180858 >> Projectile removed!
(ENTRY #510) 2022-03-10 14:27:30.756904 >> Cloud created! ID: #32
(ENTRY #511) 2022-03-10 14:27:31.069925 >> Cloud removed! ID: #32
(ENTRY #512) 2022-03-10 14:27:31.784878 >> MOUSEPOS: (401.16275197153266, 625.6441570493748)
(ENTRY #513) 2022-03-10 14:27:31.784878 >> SLOPE CALC:None
(ENTRY #514) 2022-03-10 14:27:31.784878 >> LIN CALC FIN: 225.9121860377719
(ENTRY #515) 2022-03-10 14:27:31.784878 >> LIN CALC RAW: 674.0878139622281
(ENTRY #516) 2022-03-10 14:27:31.784878 >> Below!
(ENTRY #517) 2022-03-10 14:27:31.784878 >> Object lightRound has been created!
(ENTRY #518) 2022-03-10 14:27:31.785878 >> Protectile #76 has been created! Type: Light
(ENTRY #519) 2022-03-10 14:27:31.785878 >> Projectile created! ID: #76
(ENTRY #520) 2022-03-10 14:27:31.917849 >> Cloud created! ID: #33
(ENTRY #521) 2022-03-10 14:27:32.145852 >> Cloud removed! ID: #33
(ENTRY #522) 2022-03-10 14:27:32.197878 >> Projectile removed!
(ENTRY #523) 2022-03-10 14:27:33.060899 >> Cloud created! ID: #34
(ENTRY #524) 2022-03-10 14:27:33.227966 >> Cloud removed! ID: #34
(ENTRY #525) 2022-03-10 14:27:33.794028 >> MOUSEPOS: (427.39007236390086, 638.8319479925674)
(ENTRY #526) 2022-03-10 14:27:33.794028 >> SLOPE CALC:None
(ENTRY #527) 2022-03-10 14:27:33.794028 >> LIN CALC FIN: 158.57408044466388
(ENTRY #528) 2022-03-10 14:27:33.794028 >> LIN CALC RAW: 741.4259195553361
(ENTRY #529) 2022-03-10 14:27:33.794028 >> Below!
(ENTRY #530) 2022-03-10 14:27:33.794028 >> Object lightRound has been created!
(ENTRY #531) 2022-03-10 14:27:33.794028 >> Protectile #78 has been created! Type: Light
(ENTRY #532) 2022-03-10 14:27:33.795032 >> Projectile created! ID: #78
(ENTRY #533) 2022-03-10 14:27:34.135194 >> Cloud created! ID: #35
(ENTRY #534) 2022-03-10 14:27:34.254191 >> Projectile removed!
(ENTRY #535) 2022-03-10 14:27:34.343222 >> Cloud removed! ID: #35
(ENTRY #536) 2022-03-10 14:27:35.297422 >> Cloud created! ID: #36
(ENTRY #537) 2022-03-10 14:27:35.463176 >> Cloud removed! ID: #36
(ENTRY #538) 2022-03-10 14:27:35.800237 >> MOUSEPOS: (452.7124635795234, 653.0815779188143)
(ENTRY #539) 2022-03-10 14:27:35.800237 >> SLOPE CALC:None
(ENTRY #540) 2022-03-10 14:27:35.800237 >> LIN CALC FIN: 153.3018734934201
(ENTRY #541) 2022-03-10 14:27:35.800237 >> LIN CALC RAW: 746.6981265065799
(ENTRY #542) 2022-03-10 14:27:35.800237 >> Below!
(ENTRY #543) 2022-03-10 14:27:35.800237 >> Object lightRound has been created!
(ENTRY #544) 2022-03-10 14:27:35.801237 >> Protectile #80 has been created! Type: Light
(ENTRY #545) 2022-03-10 14:27:35.801237 >> Projectile created! ID: #80
(ENTRY #546) 2022-03-10 14:27:36.075430 >> Opened about menu!
(ENTRY #547) 2022-03-10 14:27:36.228431 >> Projectile removed!
(ENTRY #548) 2022-03-10 14:27:36.345430 >> Cloud created! ID: #37
(ENTRY #549) 2022-03-10 14:27:36.675495 >> Cloud removed! ID: #37
(ENTRY #550) 2022-03-10 14:27:36.794495 >> MOUSEPOS: (508, 156)
(ENTRY #551) 2022-03-10 14:27:36.794495 >> SLOPE CALC:None
(ENTRY #552) 2022-03-10 14:27:36.794495 >> LIN CALC FIN: 615.6394958650524
(ENTRY #553) 2022-03-10 14:27:36.794495 >> LIN CALC RAW: 284.36050413494763
(ENTRY #554) 2022-03-10 14:27:36.794495 >> Above!
(ENTRY #555) 2022-03-10 14:27:36.794495 >> Object lightRound has been created!
(ENTRY #556) 2022-03-10 14:27:36.795493 >> Protectile #82 has been created! Type: Light
(ENTRY #557) 2022-03-10 14:27:36.795493 >> Projectile created! ID: #82
(ENTRY #558) 2022-03-10 14:27:37.410704 >> Cloud created! ID: #38
(ENTRY #559) 2022-03-10 14:27:37.715698 >> MOUSEPOS: (552, 170)
(ENTRY #560) 2022-03-10 14:27:37.715698 >> SLOPE CALC:None
(ENTRY #561) 2022-03-10 14:27:37.715698 >> LIN CALC FIN: 586.7305812543034
(ENTRY #562) 2022-03-10 14:27:37.715698 >> LIN CALC RAW: 313.2694187456966
(ENTRY #563) 2022-03-10 14:27:37.715698 >> Above!
(ENTRY #564) 2022-03-10 14:27:37.817716 >> MOUSEPOS: (479.1788490284986, 661.4405642949887)
(ENTRY #565) 2022-03-10 14:27:37.817716 >> SLOPE CALC:None
(ENTRY #566) 2022-03-10 14:27:37.817716 >> LIN CALC FIN: 164.30246536129573
(ENTRY #567) 2022-03-10 14:27:37.818696 >> LIN CALC RAW: 735.6975346387043
(ENTRY #568) 2022-03-10 14:27:37.818696 >> Below!
(ENTRY #569) 2022-03-10 14:27:37.818696 >> Object lightRound has been created!
(ENTRY #570) 2022-03-10 14:27:37.818696 >> Protectile #84 has been created! Type: Light
(ENTRY #571) 2022-03-10 14:27:37.818696 >> Projectile created! ID: #84
(ENTRY #572) 2022-03-10 14:27:37.857686 >> Cloud removed! ID: #38
(ENTRY #573) 2022-03-10 14:27:37.994716 >> MOUSEPOS: (552, 170)
(ENTRY #574) 2022-03-10 14:27:37.994716 >> SLOPE CALC:None
(ENTRY #575) 2022-03-10 14:27:37.995687 >> LIN CALC FIN: 590.9746235093037
(ENTRY #576) 2022-03-10 14:27:37.995687 >> LIN CALC RAW: 309.0253764906963
(ENTRY #577) 2022-03-10 14:27:37.995687 >> Above!
(ENTRY #578) 2022-03-10 14:27:37.995687 >> Object lightRound has been created!
(ENTRY #579) 2022-03-10 14:27:37.996690 >> Protectile #86 has been created! Type: Light
(ENTRY #580) 2022-03-10 14:27:37.996690 >> Projectile created! ID: #86
(ENTRY #581) 2022-03-10 14:27:38.190736 >> MOUSEPOS: (552, 170)
(ENTRY #582) 2022-03-10 14:27:38.190736 >> SLOPE CALC:None
(ENTRY #583) 2022-03-10 14:27:38.190736 >> LIN CALC FIN: 593.7363335189107
(ENTRY #584) 2022-03-10 14:27:38.190736 >> LIN CALC RAW: 306.26366648108933
(ENTRY #585) 2022-03-10 14:27:38.190736 >> Above!
(ENTRY #586) 2022-03-10 14:27:38.224748 >> Projectile removed!
(ENTRY #587) 2022-03-10 14:27:38.409086 >> MOUSEPOS: (552, 170)
(ENTRY #588) 2022-03-10 14:27:38.409086 >> SLOPE CALC:None
(ENTRY #589) 2022-03-10 14:27:38.409086 >> LIN CALC FIN: 596.5954646014695
(ENTRY #590) 2022-03-10 14:27:38.409086 >> LIN CALC RAW: 303.40453539853047
(ENTRY #591) 2022-03-10 14:27:38.409086 >> Above!
(ENTRY #592) 2022-03-10 14:27:38.553600 >> Cloud created! ID: #39
(ENTRY #593) 2022-03-10 14:27:38.607596 >> MOUSEPOS: (552, 170)
(ENTRY #594) 2022-03-10 14:27:38.607596 >> SLOPE CALC:None
(ENTRY #595) 2022-03-10 14:27:38.607596 >> LIN CALC FIN: 599.0689928493478
(ENTRY #596) 2022-03-10 14:27:38.607596 >> LIN CALC RAW: 300.93100715065225
(ENTRY #597) 2022-03-10 14:27:38.607596 >> Above!
(ENTRY #598) 2022-03-10 14:27:38.834826 >> MOUSEPOS: (552, 170)
(ENTRY #599) 2022-03-10 14:27:38.834826 >> SLOPE CALC:None
(ENTRY #600) 2022-03-10 14:27:38.834826 >> LIN CALC FIN: 601.8025494835754
(ENTRY #601) 2022-03-10 14:27:38.834826 >> LIN CALC RAW: 298.1974505164246
(ENTRY #602) 2022-03-10 14:27:38.834826 >> Above!
(ENTRY #603) 2022-03-10 14:27:38.992283 >> Cloud removed! ID: #39
(ENTRY #604) 2022-03-10 14:27:39.651739 >> Cloud created! ID: #40
(ENTRY #605) 2022-03-10 14:27:39.824734 >> MOUSEPOS: (506.8201772049568, 657.7924471165599)
(ENTRY #606) 2022-03-10 14:27:39.824734 >> SLOPE CALC:None
(ENTRY #607) 2022-03-10 14:27:39.824734 >> LIN CALC FIN: 140.68800350596348
(ENTRY #608) 2022-03-10 14:27:39.824734 >> LIN CALC RAW: 759.3119964940365
(ENTRY #609) 2022-03-10 14:27:39.824734 >> Below!
(ENTRY #610) 2022-03-10 14:27:39.824734 >> Object lightRound has been created!
(ENTRY #611) 2022-03-10 14:27:39.824734 >> Protectile #88 has been created! Type: Light
(ENTRY #612) 2022-03-10 14:27:39.824734 >> Projectile created! ID: #88
(ENTRY #613) 2022-03-10 14:27:40.200771 >> Cloud removed! ID: #40
(ENTRY #614) 2022-03-10 14:27:40.217765 >> MOUSEPOS: (484, 120)
(ENTRY #615) 2022-03-10 14:27:40.217765 >> SLOPE CALC:None
(ENTRY #616) 2022-03-10 14:27:40.217765 >> LIN CALC FIN: 628.6950351354051
(ENTRY #617) 2022-03-10 14:27:40.217765 >> LIN CALC RAW: 271.3049648645949
(ENTRY #618) 2022-03-10 14:27:40.217765 >> Above!
(ENTRY #619) 2022-03-10 14:27:40.217765 >> Object lightRound has been created!
(ENTRY #620) 2022-03-10 14:27:40.217765 >> Protectile #90 has been created! Type: Light
(ENTRY #621) 2022-03-10 14:27:40.218766 >> Projectile created! ID: #90
(ENTRY #622) 2022-03-10 14:27:40.410151 >> Projectile removed!
(ENTRY #623) 2022-03-10 14:27:40.571743 >> Projectile has hit!
(ENTRY #624) 2022-03-10 14:27:40.571743 >> Projectile removed!
(ENTRY #625) 2022-03-10 14:27:40.700764 >> Cloud created! ID: #41
(ENTRY #626) 2022-03-10 14:27:40.757734 >> MOUSEPOS: (494, 122)
(ENTRY #627) 2022-03-10 14:27:40.757734 >> SLOPE CALC:None
(ENTRY #628) 2022-03-10 14:27:40.757734 >> LIN CALC FIN: 628.5038551065752
(ENTRY #629) 2022-03-10 14:27:40.757734 >> LIN CALC RAW: 271.4961448934248
(ENTRY #630) 2022-03-10 14:27:40.757734 >> Above!
(ENTRY #631) 2022-03-10 14:27:41.389604 >> Cloud removed! ID: #41
(ENTRY #632) 2022-03-10 14:27:41.705617 >> MOUSEPOS: (465, 124)
(ENTRY #633) 2022-03-10 14:27:41.705617 >> SLOPE CALC:None
(ENTRY #634) 2022-03-10 14:27:41.705617 >> LIN CALC FIN: 581.5803020453594
(ENTRY #635) 2022-03-10 14:27:41.705617 >> LIN CALC RAW: 318.4196979546406
(ENTRY #636) 2022-03-10 14:27:41.705617 >> Above!
(ENTRY #637) 2022-03-10 14:27:41.705617 >> Object lightRound has been created!
(ENTRY #638) 2022-03-10 14:27:41.705617 >> Protectile #92 has been created! Type: Light
(ENTRY #639) 2022-03-10 14:27:41.705617 >> Projectile created! ID: #92
(ENTRY #640) 2022-03-10 14:27:41.790605 >> Cloud created! ID: #42
(ENTRY #641) 2022-03-10 14:27:41.828637 >> MOUSEPOS: (532.0319283964105, 645.8444731934785)
(ENTRY #642) 2022-03-10 14:27:41.828637 >> SLOPE CALC:None
(ENTRY #643) 2022-03-10 14:27:41.828637 >> LIN CALC FIN: 159.12050974781346
(ENTRY #644) 2022-03-10 14:27:41.828637 >> LIN CALC RAW: 740.8794902521865
(ENTRY #645) 2022-03-10 14:27:41.828637 >> Below!
(ENTRY #646) 2022-03-10 14:27:41.828637 >> Object lightRound has been created!
(ENTRY #647) 2022-03-10 14:27:41.829637 >> Protectile #94 has been created! Type: Light
(ENTRY #648) 2022-03-10 14:27:41.829637 >> Projectile created! ID: #94
(ENTRY #649) 2022-03-10 14:27:41.916637 >> MOUSEPOS: (465, 124)
(ENTRY #650) 2022-03-10 14:27:41.916637 >> SLOPE CALC:None
(ENTRY #651) 2022-03-10 14:27:41.916637 >> LIN CALC FIN: 577.4217411712063
(ENTRY #652) 2022-03-10 14:27:41.916637 >> LIN CALC RAW: 322.57825882879365
(ENTRY #653) 2022-03-10 14:27:41.916637 >> Above!
(ENTRY #654) 2022-03-10 14:27:42.134653 >> MOUSEPOS: (465, 124)
(ENTRY #655) 2022-03-10 14:27:42.134653 >> SLOPE CALC:None
(ENTRY #656) 2022-03-10 14:27:42.134653 >> LIN CALC FIN: 573.2470878883383
(ENTRY #657) 2022-03-10 14:27:42.134653 >> LIN CALC RAW: 326.75291211166166
(ENTRY #658) 2022-03-10 14:27:42.134653 >> Above!
(ENTRY #659) 2022-03-10 14:27:42.324581 >> Projectile removed!
(ENTRY #660) 2022-03-10 14:27:42.523581 >> Cloud removed! ID: #42
(ENTRY #661) 2022-03-10 14:27:42.924421 >> Cloud created! ID: #43
(ENTRY #662) 2022-03-10 14:27:43.174398 >> MOUSEPOS: (447, 136)
(ENTRY #663) 2022-03-10 14:27:43.174398 >> SLOPE CALC:None
(ENTRY #664) 2022-03-10 14:27:43.174398 >> LIN CALC FIN: 536.103304478577
(ENTRY #665) 2022-03-10 14:27:43.174398 >> LIN CALC RAW: 363.896695521423
(ENTRY #666) 2022-03-10 14:27:43.174398 >> Above!
(ENTRY #667) 2022-03-10 14:27:43.174398 >> Object lightRound has been created!
(ENTRY #668) 2022-03-10 14:27:43.174398 >> Protectile #96 has been created! Type: Light
(ENTRY #669) 2022-03-10 14:27:43.175398 >> Projectile created! ID: #96
(ENTRY #670) 2022-03-10 14:27:43.377401 >> MOUSEPOS: (447, 136)
(ENTRY #671) 2022-03-10 14:27:43.377401 >> SLOPE CALC:None
(ENTRY #672) 2022-03-10 14:27:43.377401 >> LIN CALC FIN: 532.6156201180523
(ENTRY #673) 2022-03-10 14:27:43.377401 >> LIN CALC RAW: 367.38437988194767
(ENTRY #674) 2022-03-10 14:27:43.377401 >> Above!
(ENTRY #675) 2022-03-10 14:27:43.549390 >> Projectile removed!
(ENTRY #676) 2022-03-10 14:27:43.553389 >> MOUSEPOS: (447, 136)
(ENTRY #677) 2022-03-10 14:27:43.553389 >> SLOPE CALC:None
(ENTRY #678) 2022-03-10 14:27:43.553389 >> LIN CALC FIN: 529.8260697023791
(ENTRY #679) 2022-03-10 14:27:43.553389 >> LIN CALC RAW: 370.1739302976209
(ENTRY #680) 2022-03-10 14:27:43.553389 >> Above!
(ENTRY #681) 2022-03-10 14:27:43.660398 >> Cloud removed! ID: #43
(ENTRY #682) 2022-03-10 14:27:43.746420 >> MOUSEPOS: (447, 136)
(ENTRY #683) 2022-03-10 14:27:43.746420 >> SLOPE CALC:None
(ENTRY #684) 2022-03-10 14:27:43.746420 >> LIN CALC FIN: 526.5015592976171
(ENTRY #685) 2022-03-10 14:27:43.746420 >> LIN CALC RAW: 373.49844070238294
(ENTRY #686) 2022-03-10 14:27:43.746420 >> Above!
(ENTRY #687) 2022-03-10 14:27:43.835420 >> Projectile has hit!
(ENTRY #688) 2022-03-10 14:27:43.836398 >> Projectile removed!
(ENTRY #689) 2022-03-10 14:27:43.836398 >> MOUSEPOS: (556.8607816953776, 634.5909010644754)
(ENTRY #690) 2022-03-10 14:27:43.836398 >> SLOPE CALC:None
(ENTRY #691) 2022-03-10 14:27:43.836398 >> LIN CALC FIN: 219.30672962859148
(ENTRY #692) 2022-03-10 14:27:43.836398 >> LIN CALC RAW: 680.6932703714085
(ENTRY #693) 2022-03-10 14:27:43.836398 >> Below!
(ENTRY #694) 2022-03-10 14:27:43.836398 >> Object lightRound has been created!
(ENTRY #695) 2022-03-10 14:27:43.837394 >> Protectile #98 has been created! Type: Light
(ENTRY #696) 2022-03-10 14:27:43.837394 >> Projectile created! ID: #98
(ENTRY #697) 2022-03-10 14:27:43.927391 >> MOUSEPOS: (447, 136)
(ENTRY #698) 2022-03-10 14:27:43.927391 >> SLOPE CALC:None
(ENTRY #699) 2022-03-10 14:27:43.927391 >> LIN CALC FIN: 523.5663931089503
(ENTRY #700) 2022-03-10 14:27:43.927391 >> LIN CALC RAW: 376.43360689104975
(ENTRY #701) 2022-03-10 14:27:43.927391 >> Above!
(ENTRY #702) 2022-03-10 14:27:43.943420 >> Cloud created! ID: #44
(ENTRY #703) 2022-03-10 14:27:44.136043 >> MOUSEPOS: (447, 136)
(ENTRY #704) 2022-03-10 14:27:44.136043 >> SLOPE CALC:None
(ENTRY #705) 2022-03-10 14:27:44.136043 >> LIN CALC FIN: 520.1618173207298
(ENTRY #706) 2022-03-10 14:27:44.136043 >> LIN CALC RAW: 379.8381826792702
(ENTRY #707) 2022-03-10 14:27:44.136043 >> Above!
(ENTRY #708) 2022-03-10 14:27:44.169047 >> Projectile removed!
(ENTRY #709) 2022-03-10 14:27:44.325068 >> MOUSEPOS: (447, 136)
(ENTRY #710) 2022-03-10 14:27:44.325068 >> SLOPE CALC:None
(ENTRY #711) 2022-03-10 14:27:44.325068 >> LIN CALC FIN: 517.1611876136897
(ENTRY #712) 2022-03-10 14:27:44.325068 >> LIN CALC RAW: 382.83881238631034
(ENTRY #713) 2022-03-10 14:27:44.325068 >> Above!
(ENTRY #714) 2022-03-10 14:27:44.325068 >> Object lightRound has been created!
(ENTRY #715) 2022-03-10 14:27:44.325068 >> Protectile #100 has been created! Type: Light
(ENTRY #716) 2022-03-10 14:27:44.326069 >> Projectile created! ID: #100
(ENTRY #717) 2022-03-10 14:27:44.736045 >> Cloud removed! ID: #44
(ENTRY #718) 2022-03-10 14:27:44.955109 >> Cloud created! ID: #45
(ENTRY #719) 2022-03-10 14:27:45.119106 >> MOUSEPOS: (478, 109)
(ENTRY #720) 2022-03-10 14:27:45.119106 >> SLOPE CALC:None
(ENTRY #721) 2022-03-10 14:27:45.119106 >> LIN CALC FIN: 537.4447779568288
(ENTRY #722) 2022-03-10 14:27:45.119106 >> LIN CALC RAW: 362.55522204317117
(ENTRY #723) 2022-03-10 14:27:45.119106 >> Above!
(ENTRY #724) 2022-03-10 14:27:45.298108 >> MOUSEPOS: (478, 109)
(ENTRY #725) 2022-03-10 14:27:45.298108 >> SLOPE CALC:None
(ENTRY #726) 2022-03-10 14:27:45.298108 >> LIN CALC FIN: 535.3233723541595
(ENTRY #727) 2022-03-10 14:27:45.298108 >> LIN CALC RAW: 364.67662764584054
(ENTRY #728) 2022-03-10 14:27:45.298108 >> Above!
(ENTRY #729) 2022-03-10 14:27:45.388669 >> Projectile has hit!
(ENTRY #730) 2022-03-10 14:27:45.388669 >> Projectile removed!
(ENTRY #731) 2022-03-10 14:27:45.488437 >> MOUSEPOS: (478, 109)
(ENTRY #732) 2022-03-10 14:27:45.489435 >> SLOPE CALC:None
(ENTRY #733) 2022-03-10 14:27:45.489435 >> LIN CALC FIN: 533.1347832116311
(ENTRY #734) 2022-03-10 14:27:45.489435 >> LIN CALC RAW: 366.8652167883689
(ENTRY #735) 2022-03-10 14:27:45.489435 >> Above!
(ENTRY #736) 2022-03-10 14:27:45.489435 >> Object lightRound has been created!
(ENTRY #737) 2022-03-10 14:27:45.489435 >> Protectile #102 has been created! Type: Light
(ENTRY #738) 2022-03-10 14:27:45.489435 >> Projectile created! ID: #102
(ENTRY #739) 2022-03-10 14:27:45.695525 >> MOUSEPOS: (478, 109)
(ENTRY #740) 2022-03-10 14:27:45.695525 >> SLOPE CALC:None
(ENTRY #741) 2022-03-10 14:27:45.695525 >> LIN CALC FIN: 530.9261574164924
(ENTRY #742) 2022-03-10 14:27:45.695525 >> LIN CALC RAW: 369.0738425835076
(ENTRY #743) 2022-03-10 14:27:45.695525 >> Above!
(ENTRY #744) 2022-03-10 14:27:45.843499 >> Cloud removed! ID: #45
(ENTRY #745) 2022-03-10 14:27:45.843499 >> MOUSEPOS: (584.7805423135417, 636.1762999657535)
(ENTRY #746) 2022-03-10 14:27:45.843499 >> SLOPE CALC:None
(ENTRY #747) 2022-03-10 14:27:45.843499 >> LIN CALC FIN: 209.89401554216556
(ENTRY #748) 2022-03-10 14:27:45.843499 >> LIN CALC RAW: 690.1059844578344
(ENTRY #749) 2022-03-10 14:27:45.843499 >> Below!
(ENTRY #750) 2022-03-10 14:27:45.844497 >> Object lightRound has been created!
(ENTRY #751) 2022-03-10 14:27:45.844497 >> Protectile #104 has been created! Type: Light
(ENTRY #752) 2022-03-10 14:27:45.844497 >> Projectile created! ID: #104
(ENTRY #753) 2022-03-10 14:27:46.152501 >> Projectile removed!
(ENTRY #754) 2022-03-10 14:27:46.170505 >> Cloud created! ID: #46
(ENTRY #755) 2022-03-10 14:27:46.951865 >> Cloud removed! ID: #46
(ENTRY #756) 2022-03-10 14:27:47.244573 >> Cloud created! ID: #47
(ENTRY #757) 2022-03-10 14:27:47.246573 >> MOUSEPOS: (492, 87)
(ENTRY #758) 2022-03-10 14:27:47.246573 >> SLOPE CALC:None
(ENTRY #759) 2022-03-10 14:27:47.246573 >> LIN CALC FIN: 528.3899720446082
(ENTRY #760) 2022-03-10 14:27:47.246573 >> LIN CALC RAW: 371.61002795539184
(ENTRY #761) 2022-03-10 14:27:47.246573 >> Above!
(ENTRY #762) 2022-03-10 14:27:47.246573 >> Object lightRound has been created!
(ENTRY #763) 2022-03-10 14:27:47.247577 >> Protectile #106 has been created! Type: Light
(ENTRY #764) 2022-03-10 14:27:47.247577 >> Projectile created! ID: #106
(ENTRY #765) 2022-03-10 14:27:47.846206 >> MOUSEPOS: (610.9114797661601, 638.8512219290187)
(ENTRY #766) 2022-03-10 14:27:47.846206 >> SLOPE CALC:None
(ENTRY #767) 2022-03-10 14:27:47.846206 >> LIN CALC FIN: 204.48257545668912
(ENTRY #768) 2022-03-10 14:27:47.846206 >> LIN CALC RAW: 695.5174245433109
(ENTRY #769) 2022-03-10 14:27:47.846206 >> Below!
(ENTRY #770) 2022-03-10 14:27:47.846206 >> Object lightRound has been created!
(ENTRY #771) 2022-03-10 14:27:47.846206 >> Protectile #108 has been created! Type: Light
(ENTRY #772) 2022-03-10 14:27:47.847206 >> Projectile created! ID: #108
(ENTRY #773) 2022-03-10 14:27:48.134777 >> Cloud removed! ID: #47
(ENTRY #774) 2022-03-10 14:27:48.248338 >> Cloud created! ID: #48
(ENTRY #775) 2022-03-10 14:27:48.306328 >> Projectile removed!
(ENTRY #776) 2022-03-10 14:27:48.748335 >> Projectile removed!
(ENTRY #777) 2022-03-10 14:27:48.992677 >> MOUSEPOS: (482, 62)
(ENTRY #778) 2022-03-10 14:27:48.992677 >> SLOPE CALC:None
(ENTRY #779) 2022-03-10 14:27:48.992677 >> LIN CALC FIN: 492.29558628850464
(ENTRY #780) 2022-03-10 14:27:48.992677 >> LIN CALC RAW: 407.70441371149536
(ENTRY #781) 2022-03-10 14:27:48.992677 >> Above!
(ENTRY #782) 2022-03-10 14:27:48.992677 >> Object lightRound has been created!
(ENTRY #783) 2022-03-10 14:27:48.993646 >> Protectile #110 has been created! Type: Light
(ENTRY #784) 2022-03-10 14:27:48.993646 >> Projectile created! ID: #110
(ENTRY #785) 2022-03-10 14:27:49.258493 >> Cloud created! ID: #49
(ENTRY #786) 2022-03-10 14:27:49.294515 >> Cloud removed! ID: #49
(ENTRY #787) 2022-03-10 14:27:49.681583 >> Projectile has hit!
(ENTRY #788) 2022-03-10 14:27:49.681583 >> Projectile removed!
(ENTRY #789) 2022-03-10 14:27:49.858555 >> MOUSEPOS: (635.6997944759031, 629.4597695938241)
(ENTRY #790) 2022-03-10 14:27:49.858555 >> SLOPE CALC:None
(ENTRY #791) 2022-03-10 14:27:49.858555 >> LIN CALC FIN: 209.68367511496808
(ENTRY #792) 2022-03-10 14:27:49.858555 >> LIN CALC RAW: 690.3163248850319
(ENTRY #793) 2022-03-10 14:27:49.858555 >> Below!
(ENTRY #794) 2022-03-10 14:27:49.858555 >> Object lightRound has been created!
(ENTRY #795) 2022-03-10 14:27:49.859557 >> Protectile #112 has been created! Type: Light
(ENTRY #796) 2022-03-10 14:27:49.859557 >> Projectile created! ID: #112
(ENTRY #797) 2022-03-10 14:27:49.930560 >> Projectile removed!
(ENTRY #798) 2022-03-10 14:27:50.264551 >> Cloud created! ID: #50
(ENTRY #799) 2022-03-10 14:27:50.338565 >> Projectile removed!
(ENTRY #800) 2022-03-10 14:27:50.408562 >> Cloud removed! ID: #50
(ENTRY #801) 2022-03-10 14:27:51.326854 >> Cloud created! ID: #51
(ENTRY #802) 2022-03-10 14:27:51.561863 >> Projectile has hit!
(ENTRY #803) 2022-03-10 14:27:51.561863 >> Projectile removed!
(ENTRY #804) 2022-03-10 14:27:51.610893 >> Cloud removed! ID: #51
(ENTRY #805) 2022-03-10 14:27:51.756932 >> MOUSEPOS: (460, 34)
(ENTRY #806) 2022-03-10 14:27:51.756932 >> SLOPE CALC:None
(ENTRY #807) 2022-03-10 14:27:51.756932 >> LIN CALC FIN: 416.3080591044409
(ENTRY #808) 2022-03-10 14:27:51.756932 >> LIN CALC RAW: 483.6919408955591
(ENTRY #809) 2022-03-10 14:27:51.756932 >> Above!
(ENTRY #810) 2022-03-10 14:27:51.756932 >> Object lightRound has been created!
(ENTRY #811) 2022-03-10 14:27:51.757931 >> Protectile #114 has been created! Type: Light
(ENTRY #812) 2022-03-10 14:27:51.757931 >> Projectile created! ID: #114
(ENTRY #813) 2022-03-10 14:27:52.392503 >> Cloud created! ID: #52
(ENTRY #814) 2022-03-10 14:27:52.478416 >> Projectile removed!
(ENTRY #815) 2022-03-10 14:27:52.783425 >> Cloud removed! ID: #52
(ENTRY #816) 2022-03-10 14:27:54.340990 >> Returning to menu!
(ENTRY #817) 2022-03-10 14:27:55.140428 >> Naval Warfare 2D Closed...
