Log for Naval Warfare 2D, intended for debugging purposes only! 

(ENTRY #1) 2022-03-10 18:20:15.959347 >> Initialized Log handler...
(ENTRY #2) 2022-03-10 18:20:16.742039 >> Initialized Warship handler...
(ENTRY #3) 2022-03-10 18:20:16.746030 >> Initialized Projectile handler...
(ENTRY #4) 2022-03-10 18:20:16.748033 >> Dumb-AI Entity created!
(ENTRY #5) 2022-03-10 18:20:16.755039 >> Dumb-AI Entity created!
(ENTRY #6) 2022-03-10 18:20:16.758036 >> Dumb-AI Entity created!
(ENTRY #7) 2022-03-10 18:20:16.759032 >> Dumb-AI Entity created!
(ENTRY #8) 2022-03-10 18:20:16.761031 >> Dumb-AI Entity created!
(ENTRY #9) 2022-03-10 18:20:16.770072 >> Dumb-AI Entity created!
(ENTRY #10) 2022-03-10 18:20:16.773032 >> Dumb-AI Entity created!
(ENTRY #11) 2022-03-10 18:20:16.777034 >> Dumb-AI Entity created!
(ENTRY #12) 2022-03-10 18:20:16.783046 >> Dumb-AI Entity created!
(ENTRY #13) 2022-03-10 18:20:16.789072 >> Dumb-AI Entity created!
(ENTRY #14) 2022-03-10 18:20:16.850036 >> Initialized GUI handler...
(ENTRY #15) 2022-03-10 18:20:16.850036 >> Starting Naval Warfare 2D...
(ENTRY #16) 2022-03-10 18:20:22.432407 >> Created Sprite for Player!
(ENTRY #17) 2022-03-10 18:20:22.432407 >> Finished initalizing!
(ENTRY #18) 2022-03-10 18:20:24.160008 >> Returning to menu!
(ENTRY #19) 2022-03-10 18:20:24.861651 >> Game resumed!
(ENTRY #20) 2022-03-10 18:20:24.881988 >> Cloud created! ID: #1
(ENTRY #21) 2022-03-10 18:20:24.881988 >> MOUSEPOS: (310.0, 449.75)
(ENTRY #22) 2022-03-10 18:20:24.881988 >> SLOPE CALC:None
(ENTRY #23) 2022-03-10 18:20:24.882989 >> Object lightRound has been created!
(ENTRY #24) 2022-03-10 18:20:24.882989 >> Protectile #2 has been created! Type: Light
(ENTRY #25) 2022-03-10 18:20:24.882989 >> Projectile created! ID: #2
(ENTRY #26) 2022-03-10 18:20:24.882989 >> MOUSEPOS: (280.0, 449.75)
(ENTRY #27) 2022-03-10 18:20:24.882989 >> SLOPE CALC:None
(ENTRY #28) 2022-03-10 18:20:24.882989 >> Object lightRound has been created!
(ENTRY #29) 2022-03-10 18:20:24.883956 >> Protectile #4 has been created! Type: Light
(ENTRY #30) 2022-03-10 18:20:24.883956 >> Projectile created! ID: #4
(ENTRY #31) 2022-03-10 18:20:24.883956 >> MOUSEPOS: (310.0, 449.75)
(ENTRY #32) 2022-03-10 18:20:24.883956 >> SLOPE CALC:None
(ENTRY #33) 2022-03-10 18:20:24.883956 >> Object lightRound has been created!
(ENTRY #34) 2022-03-10 18:20:24.884989 >> Protectile #6 has been created! Type: Light
(ENTRY #35) 2022-03-10 18:20:24.884989 >> Projectile created! ID: #6
(ENTRY #36) 2022-03-10 18:20:24.884989 >> MOUSEPOS: (340.0, 449.75)
(ENTRY #37) 2022-03-10 18:20:24.884989 >> SLOPE CALC:None
(ENTRY #38) 2022-03-10 18:20:24.884989 >> Object lightRound has been created!
(ENTRY #39) 2022-03-10 18:20:24.884989 >> Protectile #8 has been created! Type: Light
(ENTRY #40) 2022-03-10 18:20:24.884989 >> Projectile created! ID: #8
(ENTRY #41) 2022-03-10 18:20:24.884989 >> MOUSEPOS: (370.0, 449.75)
(ENTRY #42) 2022-03-10 18:20:24.884989 >> SLOPE CALC:None
(ENTRY #43) 2022-03-10 18:20:24.884989 >> Object lightRound has been created!
(ENTRY #44) 2022-03-10 18:20:24.885989 >> Protectile #10 has been created! Type: Light
(ENTRY #45) 2022-03-10 18:20:24.885989 >> Projectile created! ID: #10
(ENTRY #46) 2022-03-10 18:20:24.885989 >> MOUSEPOS: (460.0, 449.0)
(ENTRY #47) 2022-03-10 18:20:24.885989 >> SLOPE CALC:None
(ENTRY #48) 2022-03-10 18:20:24.885989 >> Object lightRound has been created!
(ENTRY #49) 2022-03-10 18:20:24.886989 >> Protectile #12 has been created! Type: Light
(ENTRY #50) 2022-03-10 18:20:24.886989 >> Projectile created! ID: #12
(ENTRY #51) 2022-03-10 18:20:24.886989 >> MOUSEPOS: (430.0, 449.0)
(ENTRY #52) 2022-03-10 18:20:24.886989 >> SLOPE CALC:None
(ENTRY #53) 2022-03-10 18:20:24.886989 >> Object lightRound has been created!
(ENTRY #54) 2022-03-10 18:20:24.886989 >> Protectile #14 has been created! Type: Light
(ENTRY #55) 2022-03-10 18:20:24.886989 >> Projectile created! ID: #14
(ENTRY #56) 2022-03-10 18:20:24.887957 >> MOUSEPOS: (460.0, 449.0)
(ENTRY #57) 2022-03-10 18:20:24.887957 >> SLOPE CALC:None
(ENTRY #58) 2022-03-10 18:20:24.887957 >> Object lightRound has been created!
(ENTRY #59) 2022-03-10 18:20:24.887957 >> Protectile #16 has been created! Type: Light
(ENTRY #60) 2022-03-10 18:20:24.887957 >> Projectile created! ID: #16
(ENTRY #61) 2022-03-10 18:20:24.887957 >> MOUSEPOS: (490.0, 449.0)
(ENTRY #62) 2022-03-10 18:20:24.887957 >> SLOPE CALC:None
(ENTRY #63) 2022-03-10 18:20:24.887957 >> Object lightRound has been created!
(ENTRY #64) 2022-03-10 18:20:24.888960 >> Protectile #18 has been created! Type: Light
(ENTRY #65) 2022-03-10 18:20:24.888960 >> Projectile created! ID: #18
(ENTRY #66) 2022-03-10 18:20:24.888960 >> MOUSEPOS: (520.0, 449.0)
(ENTRY #67) 2022-03-10 18:20:24.888960 >> SLOPE CALC:None
(ENTRY #68) 2022-03-10 18:20:24.888960 >> Object lightRound has been created!
(ENTRY #69) 2022-03-10 18:20:24.889957 >> Protectile #20 has been created! Type: Light
(ENTRY #70) 2022-03-10 18:20:24.889957 >> Projectile created! ID: #20
(ENTRY #71) 2022-03-10 18:20:25.032598 >> Projectile has hit!
(ENTRY #72) 2022-03-10 18:20:25.032598 >> Projectile has hit!
(ENTRY #73) 2022-03-10 18:20:25.032598 >> Projectile has hit!
(ENTRY #74) 2022-03-10 18:20:25.032598 >> Projectile removed!
(ENTRY #75) 2022-03-10 18:20:25.032598 >> Projectile removed!
(ENTRY #76) 2022-03-10 18:20:25.032598 >> Projectile removed!
(ENTRY #77) 2022-03-10 18:20:25.054680 >> Projectile has hit!
(ENTRY #78) 2022-03-10 18:20:25.054680 >> Projectile has hit!
(ENTRY #79) 2022-03-10 18:20:25.054680 >> Projectile has hit!
(ENTRY #80) 2022-03-10 18:20:25.054680 >> Projectile has hit!
(ENTRY #81) 2022-03-10 18:20:25.054680 >> Projectile has hit!
(ENTRY #82) 2022-03-10 18:20:25.054680 >> Projectile has hit!
(ENTRY #83) 2022-03-10 18:20:25.054680 >> Projectile has hit!
(ENTRY #84) 2022-03-10 18:20:25.054680 >> Projectile removed!
(ENTRY #85) 2022-03-10 18:20:25.054680 >> Projectile removed!
(ENTRY #86) 2022-03-10 18:20:25.054680 >> Projectile removed!
(ENTRY #87) 2022-03-10 18:20:25.054680 >> Projectile removed!
(ENTRY #88) 2022-03-10 18:20:25.054680 >> Projectile removed!
(ENTRY #89) 2022-03-10 18:20:25.054680 >> Projectile removed!
(ENTRY #90) 2022-03-10 18:20:25.054680 >> Projectile removed!
(ENTRY #91) 2022-03-10 18:20:25.208355 >> entity_2_1 and entity_2_2 have collided!
(ENTRY #92) 2022-03-10 18:20:25.208355 >> entity_2_2 and entity_2_1 have collided!
(ENTRY #93) 2022-03-10 18:20:25.208355 >> entity_2_3 and entity_2_4 have collided!
(ENTRY #94) 2022-03-10 18:20:25.208355 >> entity_2_4 and entity_2_3 have collided!
(ENTRY #95) 2022-03-10 18:20:25.284426 >> Game resumed!
(ENTRY #96) 2022-03-10 18:20:25.407647 >> entity_1_4 and entity_2_0 have collided!
(ENTRY #97) 2022-03-10 18:20:25.407647 >> entity_2_0 and entity_1_4 have collided!
(ENTRY #98) 2022-03-10 18:20:25.995645 >> Cloud created! ID: #2
(ENTRY #99) 2022-03-10 18:20:26.111652 >> entity_1_0 and entity_1_1 have collided!
(ENTRY #100) 2022-03-10 18:20:26.111652 >> entity_1_1 and entity_1_0 have collided!
(ENTRY #101) 2022-03-10 18:20:26.111652 >> entity_1_1 and entity_1_2 have collided!
(ENTRY #102) 2022-03-10 18:20:26.111652 >> entity_1_2 and entity_1_1 have collided!
(ENTRY #103) 2022-03-10 18:20:26.111652 >> entity_1_2 and entity_1_3 have collided!
(ENTRY #104) 2022-03-10 18:20:26.111652 >> entity_1_3 and entity_1_2 have collided!
(ENTRY #105) 2022-03-10 18:20:26.290734 >> MOUSEPOS: (430, 395)
(ENTRY #106) 2022-03-10 18:20:26.290734 >> SLOPE CALC:None
(ENTRY #107) 2022-03-10 18:20:26.290734 >> LIN CALC FIN: 130.25
(ENTRY #108) 2022-03-10 18:20:26.290734 >> LIN CALC RAW: 769.75
(ENTRY #109) 2022-03-10 18:20:26.290734 >> Below!
(ENTRY #110) 2022-03-10 18:20:26.290734 >> Object lightRound has been created!
(ENTRY #111) 2022-03-10 18:20:26.291739 >> Protectile #22 has been created! Type: Light
(ENTRY #112) 2022-03-10 18:20:26.291739 >> Projectile created! ID: #22
(ENTRY #113) 2022-03-10 18:20:27.001190 >> Cloud created! ID: #3
(ENTRY #114) 2022-03-10 18:20:28.175503 >> Naval Warfare 2D Closed...
