Log for Naval Warfare 2D, intended for debugging purposes only! 

(ENTRY #1) 2022-03-10 18:46:48.314520 >> Initialized Log handler...
(ENTRY #2) 2022-03-10 18:46:49.407853 >> Initialized Warship handler...
(ENTRY #3) 2022-03-10 18:46:49.410849 >> Initialized Projectile handler...
(ENTRY #4) 2022-03-10 18:46:49.411851 >> Dumb-AI Entity created!
(ENTRY #5) 2022-03-10 18:46:49.413854 >> Dumb-AI Entity created!
(ENTRY #6) 2022-03-10 18:46:49.414857 >> Dumb-AI Entity created!
(ENTRY #7) 2022-03-10 18:46:49.418850 >> Dumb-AI Entity created!
(ENTRY #8) 2022-03-10 18:46:49.425882 >> Dumb-AI Entity created!
(ENTRY #9) 2022-03-10 18:46:49.432847 >> Dumb-AI Entity created!
(ENTRY #10) 2022-03-10 18:46:49.433854 >> Dumb-AI Entity created!
(ENTRY #11) 2022-03-10 18:46:49.444849 >> Dumb-AI Entity created!
(ENTRY #12) 2022-03-10 18:46:49.451847 >> Dumb-AI Entity created!
(ENTRY #13) 2022-03-10 18:46:49.460853 >> Dumb-AI Entity created!
(ENTRY #14) 2022-03-10 18:46:49.535849 >> Initialized GUI handler...
(ENTRY #15) 2022-03-10 18:46:49.535849 >> Starting Naval Warfare 2D...
(ENTRY #16) 2022-03-10 18:46:55.146621 >> Created Sprite for Player!
(ENTRY #17) 2022-03-10 18:46:55.146621 >> Finished initalizing!
(ENTRY #18) 2022-03-10 18:47:06.341238 >> Returning to menu!
(ENTRY #19) 2022-03-10 18:47:06.963665 >> Game resumed!
(ENTRY #20) 2022-03-10 18:47:06.984976 >> Cloud created! ID: #1
(ENTRY #21) 2022-03-10 18:47:06.984976 >> MOUSEPOS: (390.0, 526.75)
(ENTRY #22) 2022-03-10 18:47:06.984976 >> SLOPE CALC:None
(ENTRY #23) 2022-03-10 18:47:06.984976 >> LIN CALC FIN: 529.75
(ENTRY #24) 2022-03-10 18:47:06.984976 >> LIN CALC RAW: 370.25
(ENTRY #25) 2022-03-10 18:47:06.984976 >> Above!
(ENTRY #26) 2022-03-10 18:47:06.984976 >> Object lightRound has been created!
(ENTRY #27) 2022-03-10 18:47:06.985967 >> Protectile #2 has been created! Type: Light
(ENTRY #28) 2022-03-10 18:47:06.985967 >> Projectile created! ID: #2
(ENTRY #29) 2022-03-10 18:47:06.985967 >> MOUSEPOS: (342.0, 460.75)
(ENTRY #30) 2022-03-10 18:47:06.985967 >> SLOPE CALC:None
(ENTRY #31) 2022-03-10 18:47:06.985967 >> LIN CALC FIN: 471.75
(ENTRY #32) 2022-03-10 18:47:06.985967 >> LIN CALC RAW: 428.25
(ENTRY #33) 2022-03-10 18:47:06.985967 >> Above!
(ENTRY #34) 2022-03-10 18:47:06.985967 >> Object lightRound has been created!
(ENTRY #35) 2022-03-10 18:47:06.986976 >> Protectile #4 has been created! Type: Light
(ENTRY #36) 2022-03-10 18:47:06.986976 >> Projectile created! ID: #4
(ENTRY #37) 2022-03-10 18:47:06.986976 >> MOUSEPOS: (356.0, 498.75)
(ENTRY #38) 2022-03-10 18:47:06.986976 >> SLOPE CALC:None
(ENTRY #39) 2022-03-10 18:47:06.986976 >> LIN CALC FIN: 475.75
(ENTRY #40) 2022-03-10 18:47:06.986976 >> LIN CALC RAW: 424.25
(ENTRY #41) 2022-03-10 18:47:06.986976 >> Below!
(ENTRY #42) 2022-03-10 18:47:06.986976 >> Object lightRound has been created!
(ENTRY #43) 2022-03-10 18:47:06.987538 >> Protectile #6 has been created! Type: Light
(ENTRY #44) 2022-03-10 18:47:06.987538 >> Projectile created! ID: #6
(ENTRY #45) 2022-03-10 18:47:06.987538 >> MOUSEPOS: (430.0, 548.75)
(ENTRY #46) 2022-03-10 18:47:06.987538 >> SLOPE CALC:None
(ENTRY #47) 2022-03-10 18:47:06.987538 >> LIN CALC FIN: 539.75
(ENTRY #48) 2022-03-10 18:47:06.987538 >> LIN CALC RAW: 360.25
(ENTRY #49) 2022-03-10 18:47:06.987538 >> Below!
(ENTRY #50) 2022-03-10 18:47:06.987538 >> Object lightRound has been created!
(ENTRY #51) 2022-03-10 18:47:06.988564 >> Protectile #8 has been created! Type: Light
(ENTRY #52) 2022-03-10 18:47:06.988564 >> Projectile created! ID: #8
(ENTRY #53) 2022-03-10 18:47:06.988564 >> MOUSEPOS: (474.0, 601.75)
(ENTRY #54) 2022-03-10 18:47:06.988564 >> SLOPE CALC:None
(ENTRY #55) 2022-03-10 18:47:06.988564 >> LIN CALC FIN: 625.75
(ENTRY #56) 2022-03-10 18:47:06.988564 >> LIN CALC RAW: 274.25
(ENTRY #57) 2022-03-10 18:47:06.988564 >> Above!
(ENTRY #58) 2022-03-10 18:47:06.988564 >> Object lightRound has been created!
(ENTRY #59) 2022-03-10 18:47:06.989564 >> Protectile #10 has been created! Type: Light
(ENTRY #60) 2022-03-10 18:47:06.989564 >> Projectile created! ID: #10
(ENTRY #61) 2022-03-10 18:47:06.989564 >> MOUSEPOS: (439.0, 546.75)
(ENTRY #62) 2022-03-10 18:47:06.989564 >> SLOPE CALC:None
(ENTRY #63) 2022-03-10 18:47:06.989564 >> LIN CALC FIN: 480.0
(ENTRY #64) 2022-03-10 18:47:06.989564 >> LIN CALC RAW: 420.0
(ENTRY #65) 2022-03-10 18:47:06.989564 >> Below!
(ENTRY #66) 2022-03-10 18:47:06.989564 >> Object lightRound has been created!
(ENTRY #67) 2022-03-10 18:47:06.989564 >> Protectile #12 has been created! Type: Light
(ENTRY #68) 2022-03-10 18:47:06.989564 >> Projectile created! ID: #12
(ENTRY #69) 2022-03-10 18:47:06.989564 >> MOUSEPOS: (493.0, 473.0)
(ENTRY #70) 2022-03-10 18:47:06.989564 >> SLOPE CALC:None
(ENTRY #71) 2022-03-10 18:47:06.989564 >> LIN CALC FIN: 432.0
(ENTRY #72) 2022-03-10 18:47:06.989564 >> LIN CALC RAW: 468.0
(ENTRY #73) 2022-03-10 18:47:06.989564 >> Below!
(ENTRY #74) 2022-03-10 18:47:06.989564 >> Object lightRound has been created!
(ENTRY #75) 2022-03-10 18:47:06.990564 >> Protectile #14 has been created! Type: Light
(ENTRY #76) 2022-03-10 18:47:06.990564 >> Projectile created! ID: #14
(ENTRY #77) 2022-03-10 18:47:06.990564 >> MOUSEPOS: (551.0, 523.0)
(ENTRY #78) 2022-03-10 18:47:06.990564 >> SLOPE CALC:None
(ENTRY #79) 2022-03-10 18:47:06.990564 >> LIN CALC FIN: 608.0
(ENTRY #80) 2022-03-10 18:47:06.990564 >> LIN CALC RAW: 292.0
(ENTRY #81) 2022-03-10 18:47:06.990564 >> Above!
(ENTRY #82) 2022-03-10 18:47:06.990564 >> Object lightRound has been created!
(ENTRY #83) 2022-03-10 18:47:06.991564 >> Protectile #16 has been created! Type: Light
(ENTRY #84) 2022-03-10 18:47:06.991564 >> Projectile created! ID: #16
(ENTRY #85) 2022-03-10 18:47:06.991564 >> MOUSEPOS: (696.0, 518.0)
(ENTRY #86) 2022-03-10 18:47:06.991564 >> SLOPE CALC:None
(ENTRY #87) 2022-03-10 18:47:06.991564 >> LIN CALC FIN: 475.0
(ENTRY #88) 2022-03-10 18:47:06.991564 >> LIN CALC RAW: 425.0
(ENTRY #89) 2022-03-10 18:47:06.991564 >> Below!
(ENTRY #90) 2022-03-10 18:47:06.991564 >> Object lightRound has been created!
(ENTRY #91) 2022-03-10 18:47:06.992565 >> Protectile #18 has been created! Type: Light
(ENTRY #92) 2022-03-10 18:47:06.992565 >> Projectile created! ID: #18
(ENTRY #93) 2022-03-10 18:47:06.992565 >> MOUSEPOS: (769.0, 541.0)
(ENTRY #94) 2022-03-10 18:47:06.992565 >> SLOPE CALC:None
(ENTRY #95) 2022-03-10 18:47:06.992565 >> LIN CALC FIN: 468.0
(ENTRY #96) 2022-03-10 18:47:06.992565 >> LIN CALC RAW: 432.0
(ENTRY #97) 2022-03-10 18:47:06.992565 >> Below!
(ENTRY #98) 2022-03-10 18:47:06.992565 >> Object lightRound has been created!
(ENTRY #99) 2022-03-10 18:47:06.992565 >> Protectile #20 has been created! Type: Light
(ENTRY #100) 2022-03-10 18:47:06.992565 >> Projectile created! ID: #20
(ENTRY #101) 2022-03-10 18:47:07.410851 >> Projectile has hit!
(ENTRY #102) 2022-03-10 18:47:07.410851 >> Projectile removed!
(ENTRY #103) 2022-03-10 18:47:07.479297 >> Projectile has hit!
(ENTRY #104) 2022-03-10 18:47:07.479297 >> Projectile removed!
(ENTRY #105) 2022-03-10 18:47:07.501553 >> Projectile has hit!
(ENTRY #106) 2022-03-10 18:47:07.501553 >> Projectile removed!
(ENTRY #107) 2022-03-10 18:47:07.567760 >> Projectile has hit!
(ENTRY #108) 2022-03-10 18:47:07.567760 >> Projectile removed!
(ENTRY #109) 2022-03-10 18:47:08.049733 >> Cloud created! ID: #2
(ENTRY #110) 2022-03-10 18:47:08.647470 >> Projectile has hit!
(ENTRY #111) 2022-03-10 18:47:08.647470 >> Projectile removed!
(ENTRY #112) 2022-03-10 18:47:08.668299 >> Projectile has hit!
(ENTRY #113) 2022-03-10 18:47:08.669301 >> Projectile removed!
(ENTRY #114) 2022-03-10 18:47:08.935223 >> entity_2_1 and entity_2_2 have collided!
(ENTRY #115) 2022-03-10 18:47:08.935223 >> entity_2_2 and entity_2_1 have collided!
(ENTRY #116) 2022-03-10 18:47:08.935223 >> entity_2_3 and entity_2_4 have collided!
(ENTRY #117) 2022-03-10 18:47:08.935223 >> entity_2_4 and entity_2_3 have collided!
(ENTRY #118) 2022-03-10 18:47:08.994095 >> MOUSEPOS: (401.50588777157316, 477.60285403833507)
(ENTRY #119) 2022-03-10 18:47:08.994095 >> SLOPE CALC:None
(ENTRY #120) 2022-03-10 18:47:08.994095 >> LIN CALC FIN: 523.6146295814813
(ENTRY #121) 2022-03-10 18:47:08.994095 >> LIN CALC RAW: 376.38537041851873
(ENTRY #122) 2022-03-10 18:47:08.994095 >> Above!
(ENTRY #123) 2022-03-10 18:47:08.994095 >> Object lightRound has been created!
(ENTRY #124) 2022-03-10 18:47:08.994095 >> Protectile #22 has been created! Type: Light
(ENTRY #125) 2022-03-10 18:47:08.994095 >> Projectile created! ID: #22
(ENTRY #126) 2022-03-10 18:47:08.994095 >> MOUSEPOS: (427.4941122284269, 499.6028540383354)
(ENTRY #127) 2022-03-10 18:47:08.994095 >> SLOPE CALC:None
(ENTRY #128) 2022-03-10 18:47:08.994095 >> LIN CALC FIN: 530.5910784951889
(ENTRY #129) 2022-03-10 18:47:08.994095 >> LIN CALC RAW: 369.40892150481113
(ENTRY #130) 2022-03-10 18:47:08.994095 >> Above!
(ENTRY #131) 2022-03-10 18:47:08.994095 >> Object lightRound has been created!
(ENTRY #132) 2022-03-10 18:47:08.995093 >> Protectile #24 has been created! Type: Light
(ENTRY #133) 2022-03-10 18:47:08.995093 >> Projectile created! ID: #24
(ENTRY #134) 2022-03-10 18:47:08.995093 >> MOUSEPOS: (400.50588777157316, 481.60285403833507)
(ENTRY #135) 2022-03-10 18:47:08.995093 >> SLOPE CALC:None
(ENTRY #136) 2022-03-10 18:47:08.995093 >> LIN CALC FIN: 492.5910784951892
(ENTRY #137) 2022-03-10 18:47:08.995093 >> LIN CALC RAW: 407.4089215048108
(ENTRY #138) 2022-03-10 18:47:08.995093 >> Above!
(ENTRY #139) 2022-03-10 18:47:08.995093 >> Object lightRound has been created!
(ENTRY #140) 2022-03-10 18:47:08.995093 >> Protectile #26 has been created! Type: Light
(ENTRY #141) 2022-03-10 18:47:08.995093 >> Projectile created! ID: #26
(ENTRY #142) 2022-03-10 18:47:08.995093 >> MOUSEPOS: (499.4941122284269, 578.6028540383359)
(ENTRY #143) 2022-03-10 18:47:08.995093 >> SLOPE CALC:None
(ENTRY #144) 2022-03-10 18:47:08.995093 >> LIN CALC FIN: 591.6028540383359
(ENTRY #145) 2022-03-10 18:47:08.995093 >> LIN CALC RAW: 308.39714596166414
(ENTRY #146) 2022-03-10 18:47:08.995093 >> Above!
(ENTRY #147) 2022-03-10 18:47:08.995093 >> Object lightRound has been created!
(ENTRY #148) 2022-03-10 18:47:08.996092 >> Protectile #28 has been created! Type: Light
(ENTRY #149) 2022-03-10 18:47:08.996092 >> Projectile created! ID: #28
(ENTRY #150) 2022-03-10 18:47:08.996092 >> MOUSEPOS: (488.4941122284269, 560.6028540383359)
(ENTRY #151) 2022-03-10 18:47:08.996092 >> SLOPE CALC:None
(ENTRY #152) 2022-03-10 18:47:08.996092 >> LIN CALC FIN: 570.6028540383359
(ENTRY #153) 2022-03-10 18:47:08.996092 >> LIN CALC RAW: 329.39714596166414
(ENTRY #154) 2022-03-10 18:47:08.996092 >> Above!
(ENTRY #155) 2022-03-10 18:47:08.996092 >> Object lightRound has been created!
(ENTRY #156) 2022-03-10 18:47:08.997095 >> Protectile #30 has been created! Type: Light
(ENTRY #157) 2022-03-10 18:47:08.997095 >> Projectile created! ID: #30
(ENTRY #158) 2022-03-10 18:47:08.997095 >> MOUSEPOS: (420.4941122284269, 498.6028540383354)
(ENTRY #159) 2022-03-10 18:47:08.997095 >> SLOPE CALC:None
(ENTRY #160) 2022-03-10 18:47:08.997095 >> LIN CALC FIN: 451.5531522992981
(ENTRY #161) 2022-03-10 18:47:08.997095 >> LIN CALC RAW: 448.4468477007019
(ENTRY #162) 2022-03-10 18:47:08.997095 >> Below!
(ENTRY #163) 2022-03-10 18:47:08.997095 >> Object lightRound has been created!
(ENTRY #164) 2022-03-10 18:47:08.998095 >> Protectile #32 has been created! Type: Light
(ENTRY #165) 2022-03-10 18:47:08.998095 >> Projectile created! ID: #32
(ENTRY #166) 2022-03-10 18:47:09.232722 >> Projectile has hit!
(ENTRY #167) 2022-03-10 18:47:09.232722 >> Projectile removed!
(ENTRY #168) 2022-03-10 18:47:09.294087 >> Projectile has hit!
(ENTRY #169) 2022-03-10 18:47:09.294087 >> Projectile removed!
(ENTRY #170) 2022-03-10 18:47:09.394134 >> Cloud created! ID: #3
(ENTRY #171) 2022-03-10 18:47:09.394134 >> Projectile has hit!
(ENTRY #172) 2022-03-10 18:47:09.394134 >> Projectile removed!
(ENTRY #173) 2022-03-10 18:47:09.471760 >> entity_1_1 and entity_1_2 have collided!
(ENTRY #174) 2022-03-10 18:47:09.471760 >> entity_1_2 and entity_1_1 have collided!
(ENTRY #175) 2022-03-10 18:47:10.036741 >> Projectile has hit!
(ENTRY #176) 2022-03-10 18:47:10.036741 >> Projectile removed!
(ENTRY #177) 2022-03-10 18:47:10.281311 >> Projectile has hit!
(ENTRY #178) 2022-03-10 18:47:10.281311 >> Projectile removed!
(ENTRY #179) 2022-03-10 18:47:10.360894 >> Game resumed!
(ENTRY #180) 2022-03-10 18:47:10.383206 >> Game resumed!
(ENTRY #181) 2022-03-10 18:47:10.402592 >> Cloud created! ID: #4
(ENTRY #182) 2022-03-10 18:47:11.008231 >> MOUSEPOS: (115.14828897700191, 458.50355929550835)
(ENTRY #183) 2022-03-10 18:47:11.008231 >> SLOPE CALC:None
(ENTRY #184) 2022-03-10 18:47:11.008231 >> LIN CALC FIN: 561.6024250717011
(ENTRY #185) 2022-03-10 18:47:11.008231 >> LIN CALC RAW: 338.3975749282989
(ENTRY #186) 2022-03-10 18:47:11.008231 >> Above!
(ENTRY #187) 2022-03-10 18:47:11.008231 >> Object lightRound has been created!
(ENTRY #188) 2022-03-10 18:47:11.008231 >> Protectile #34 has been created! Type: Light
(ENTRY #189) 2022-03-10 18:47:11.008231 >> Projectile created! ID: #34
(ENTRY #190) 2022-03-10 18:47:11.008231 >> MOUSEPOS: (516.1993265271233, 574.551387521581)
(ENTRY #191) 2022-03-10 18:47:11.008231 >> SLOPE CALC:None
(ENTRY #192) 2022-03-10 18:47:11.008231 >> LIN CALC FIN: 602.5513875215809
(ENTRY #193) 2022-03-10 18:47:11.008231 >> LIN CALC RAW: 297.44861247841914
(ENTRY #194) 2022-03-10 18:47:11.008231 >> Above!
(ENTRY #195) 2022-03-10 18:47:11.008231 >> Object lightRound has been created!
(ENTRY #196) 2022-03-10 18:47:11.009231 >> Protectile #36 has been created! Type: Light
(ENTRY #197) 2022-03-10 18:47:11.009231 >> Projectile created! ID: #36
(ENTRY #198) 2022-03-10 18:47:11.009231 >> MOUSEPOS: (432.19932652712333, 530.551387521581)
(ENTRY #199) 2022-03-10 18:47:11.009231 >> SLOPE CALC:None
(ENTRY #200) 2022-03-10 18:47:11.009231 >> LIN CALC FIN: 508.551387521581
(ENTRY #201) 2022-03-10 18:47:11.009231 >> LIN CALC RAW: 391.448612478419
(ENTRY #202) 2022-03-10 18:47:11.009231 >> Below!
(ENTRY #203) 2022-03-10 18:47:11.009231 >> Object lightRound has been created!
(ENTRY #204) 2022-03-10 18:47:11.009231 >> Protectile #38 has been created! Type: Light
(ENTRY #205) 2022-03-10 18:47:11.009231 >> Projectile created! ID: #38
(ENTRY #206) 2022-03-10 18:47:11.009231 >> MOUSEPOS: (463.19932652712333, 529.551387521581)
(ENTRY #207) 2022-03-10 18:47:11.009231 >> SLOPE CALC:None
(ENTRY #208) 2022-03-10 18:47:11.009231 >> LIN CALC FIN: 473.9285455595538
(ENTRY #209) 2022-03-10 18:47:11.009231 >> LIN CALC RAW: 426.0714544404462
(ENTRY #210) 2022-03-10 18:47:11.009231 >> Below!
(ENTRY #211) 2022-03-10 18:47:11.009231 >> Object lightRound has been created!
(ENTRY #212) 2022-03-10 18:47:11.010233 >> Protectile #40 has been created! Type: Light
(ENTRY #213) 2022-03-10 18:47:11.010233 >> Projectile created! ID: #40
(ENTRY #214) 2022-03-10 18:47:11.254384 >> Projectile has hit!
(ENTRY #215) 2022-03-10 18:47:11.254384 >> Projectile removed!
(ENTRY #216) 2022-03-10 18:47:11.399387 >> Projectile has hit!
(ENTRY #217) 2022-03-10 18:47:11.399387 >> Projectile removed!
(ENTRY #218) 2022-03-10 18:47:11.511414 >> Cloud created! ID: #5
(ENTRY #219) 2022-03-10 18:47:11.882101 >> Projectile removed!
(ENTRY #220) 2022-03-10 18:47:12.081630 >> Projectile removed!
(ENTRY #221) 2022-03-10 18:47:12.350847 >> Projectile has hit!
(ENTRY #222) 2022-03-10 18:47:12.350847 >> Projectile removed!
(ENTRY #223) 2022-03-10 18:47:12.562140 >> Projectile has hit!
(ENTRY #224) 2022-03-10 18:47:12.562140 >> Projectile removed!
(ENTRY #225) 2022-03-10 18:47:12.664707 >> Cloud created! ID: #6
(ENTRY #226) 2022-03-10 18:47:13.008288 >> MOUSEPOS: (141.14828897700193, 470.50355929550835)
(ENTRY #227) 2022-03-10 18:47:13.008288 >> SLOPE CALC:None
(ENTRY #228) 2022-03-10 18:47:13.008288 >> LIN CALC FIN: 499.24455802478076
(ENTRY #229) 2022-03-10 18:47:13.008288 >> LIN CALC RAW: 400.75544197521924
(ENTRY #230) 2022-03-10 18:47:13.008288 >> Above!
(ENTRY #231) 2022-03-10 18:47:13.008288 >> Object lightRound has been created!
(ENTRY #232) 2022-03-10 18:47:13.008288 >> Protectile #42 has been created! Type: Light
(ENTRY #233) 2022-03-10 18:47:13.008288 >> Projectile created! ID: #42
(ENTRY #234) 2022-03-10 18:47:13.008288 >> MOUSEPOS: (501.2012705046116, 565.1915764971719)
(ENTRY #235) 2022-03-10 18:47:13.009290 >> SLOPE CALC:None
(ENTRY #236) 2022-03-10 18:47:13.009290 >> LIN CALC FIN: 599.191576497172
(ENTRY #237) 2022-03-10 18:47:13.009290 >> LIN CALC RAW: 300.80842350282796
(ENTRY #238) 2022-03-10 18:47:13.009290 >> Above!
(ENTRY #239) 2022-03-10 18:47:13.009290 >> Object lightRound has been created!
(ENTRY #240) 2022-03-10 18:47:13.009290 >> Protectile #44 has been created! Type: Light
(ENTRY #241) 2022-03-10 18:47:13.009290 >> Projectile created! ID: #44
(ENTRY #242) 2022-03-10 18:47:13.009290 >> MOUSEPOS: (432.2012705046116, 549.191576497172)
(ENTRY #243) 2022-03-10 18:47:13.009290 >> SLOPE CALC:None
(ENTRY #244) 2022-03-10 18:47:13.009290 >> LIN CALC FIN: 568.191576497172
(ENTRY #245) 2022-03-10 18:47:13.009290 >> LIN CALC RAW: 331.80842350282796
(ENTRY #246) 2022-03-10 18:47:13.009290 >> Above!
(ENTRY #247) 2022-03-10 18:47:13.009290 >> Object lightRound has been created!
(ENTRY #248) 2022-03-10 18:47:13.010289 >> Protectile #46 has been created! Type: Light
(ENTRY #249) 2022-03-10 18:47:13.010289 >> Projectile created! ID: #46
(ENTRY #250) 2022-03-10 18:47:13.010289 >> MOUSEPOS: (499.2012705046116, 580.1915764971719)
(ENTRY #251) 2022-03-10 18:47:13.010289 >> SLOPE CALC:None
(ENTRY #252) 2022-03-10 18:47:13.010289 >> LIN CALC FIN: 584.2950925417283
(ENTRY #253) 2022-03-10 18:47:13.010289 >> LIN CALC RAW: 315.7049074582717
(ENTRY #254) 2022-03-10 18:47:13.010289 >> Above!
(ENTRY #255) 2022-03-10 18:47:13.010289 >> Object lightRound has been created!
(ENTRY #256) 2022-03-10 18:47:13.010289 >> Protectile #48 has been created! Type: Light
(ENTRY #257) 2022-03-10 18:47:13.010289 >> Projectile created! ID: #48
(ENTRY #258) 2022-03-10 18:47:13.331732 >> Projectile has hit!
(ENTRY #259) 2022-03-10 18:47:13.331732 >> Projectile removed!
(ENTRY #260) 2022-03-10 18:47:13.676458 >> Cloud created! ID: #7
(ENTRY #261) 2022-03-10 18:47:13.693858 >> Projectile removed!
(ENTRY #262) 2022-03-10 18:47:13.781621 >> Projectile removed!
(ENTRY #263) 2022-03-10 18:47:14.457604 >> Projectile removed!
(ENTRY #264) 2022-03-10 18:47:14.817757 >> Cloud created! ID: #8
(ENTRY #265) 2022-03-10 18:47:15.017758 >> MOUSEPOS: (130.14828897700193, 464.50355929550835)
(ENTRY #266) 2022-03-10 18:47:15.017758 >> SLOPE CALC:None
(ENTRY #267) 2022-03-10 18:47:15.017758 >> LIN CALC FIN: 482.88513229254
(ENTRY #268) 2022-03-10 18:47:15.017758 >> LIN CALC RAW: 417.11486770746
(ENTRY #269) 2022-03-10 18:47:15.017758 >> Above!
(ENTRY #270) 2022-03-10 18:47:15.017758 >> Object lightRound has been created!
(ENTRY #271) 2022-03-10 18:47:15.018790 >> Protectile #50 has been created! Type: Light
(ENTRY #272) 2022-03-10 18:47:15.018790 >> Projectile created! ID: #50
(ENTRY #273) 2022-03-10 18:47:15.018790 >> MOUSEPOS: (456.0613256702601, 565.0644617108211)
(ENTRY #274) 2022-03-10 18:47:15.018790 >> SLOPE CALC:None
(ENTRY #275) 2022-03-10 18:47:15.018790 >> LIN CALC FIN: 581.6508612890241
(ENTRY #276) 2022-03-10 18:47:15.018790 >> LIN CALC RAW: 318.3491387109759
(ENTRY #277) 2022-03-10 18:47:15.018790 >> Above!
(ENTRY #278) 2022-03-10 18:47:15.018790 >> Object lightRound has been created!
(ENTRY #279) 2022-03-10 18:47:15.018790 >> Protectile #52 has been created! Type: Light
(ENTRY #280) 2022-03-10 18:47:15.018790 >> Projectile created! ID: #52
(ENTRY #281) 2022-03-10 18:47:15.018790 >> MOUSEPOS: (398.72194282538925, 511.3114784441533)
(ENTRY #282) 2022-03-10 18:47:15.019758 >> SLOPE CALC:None
(ENTRY #283) 2022-03-10 18:47:15.019758 >> LIN CALC FIN: 500.72507886595025
(ENTRY #284) 2022-03-10 18:47:15.019758 >> LIN CALC RAW: 399.27492113404975
(ENTRY #285) 2022-03-10 18:47:15.019758 >> Below!
(ENTRY #286) 2022-03-10 18:47:15.019758 >> Object lightRound has been created!
(ENTRY #287) 2022-03-10 18:47:15.019758 >> Protectile #54 has been created! Type: Light
(ENTRY #288) 2022-03-10 18:47:15.019758 >> Projectile created! ID: #54
(ENTRY #289) 2022-03-10 18:47:15.019758 >> MOUSEPOS: (446.0613256702601, 581.0644617108211)
(ENTRY #290) 2022-03-10 18:47:15.019758 >> SLOPE CALC:None
(ENTRY #291) 2022-03-10 18:47:15.019758 >> LIN CALC FIN: 743.211080143475
(ENTRY #292) 2022-03-10 18:47:15.019758 >> LIN CALC RAW: 156.788919856525
(ENTRY #293) 2022-03-10 18:47:15.019758 >> Above!
(ENTRY #294) 2022-03-10 18:47:15.019758 >> Object lightRound has been created!
(ENTRY #295) 2022-03-10 18:47:15.020789 >> Protectile #56 has been created! Type: Light
(ENTRY #296) 2022-03-10 18:47:15.020789 >> Projectile created! ID: #56
(ENTRY #297) 2022-03-10 18:47:15.262865 >> Projectile has hit!
(ENTRY #298) 2022-03-10 18:47:15.262865 >> Projectile removed!
(ENTRY #299) 2022-03-10 18:47:15.299662 >> Projectile has hit!
(ENTRY #300) 2022-03-10 18:47:15.299662 >> Projectile removed!
(ENTRY #301) 2022-03-10 18:47:15.932282 >> Cloud created! ID: #9
(ENTRY #302) 2022-03-10 18:47:16.256561 >> Projectile removed!
(ENTRY #303) 2022-03-10 18:47:16.943078 >> Cloud created! ID: #10
(ENTRY #304) 2022-03-10 18:47:17.033364 >> MOUSEPOS: (123.14828897700191, 469.50355929550835)
(ENTRY #305) 2022-03-10 18:47:17.033364 >> SLOPE CALC:None
(ENTRY #306) 2022-03-10 18:47:17.033364 >> LIN CALC FIN: 478.52298081516585
(ENTRY #307) 2022-03-10 18:47:17.033364 >> LIN CALC RAW: 421.47701918483415
(ENTRY #308) 2022-03-10 18:47:17.033364 >> Above!
(ENTRY #309) 2022-03-10 18:47:17.033364 >> Object lightRound has been created!
(ENTRY #310) 2022-03-10 18:47:17.033364 >> Protectile #58 has been created! Type: Light
(ENTRY #311) 2022-03-10 18:47:17.033364 >> Projectile created! ID: #58
(ENTRY #312) 2022-03-10 18:47:17.034369 >> MOUSEPOS: (453.95487914394204, 539.5587110049951)
(ENTRY #313) 2022-03-10 18:47:17.034369 >> SLOPE CALC:None
(ENTRY #314) 2022-03-10 18:47:17.034369 >> LIN CALC FIN: 616.7083376740879
(ENTRY #315) 2022-03-10 18:47:17.034369 >> LIN CALC RAW: 283.29166232591206
(ENTRY #316) 2022-03-10 18:47:17.034369 >> Above!
(ENTRY #317) 2022-03-10 18:47:17.034369 >> Object lightRound has been created!
(ENTRY #318) 2022-03-10 18:47:17.034369 >> Protectile #60 has been created! Type: Light
(ENTRY #319) 2022-03-10 18:47:17.034369 >> Projectile created! ID: #60
(ENTRY #320) 2022-03-10 18:47:17.034369 >> MOUSEPOS: (355.4589056310114, 530.2123641611573)
(ENTRY #321) 2022-03-10 18:47:17.035363 >> SLOPE CALC:None
(ENTRY #322) 2022-03-10 18:47:17.035363 >> LIN CALC FIN: 570.0546845179256
(ENTRY #323) 2022-03-10 18:47:17.035363 >> LIN CALC RAW: 329.9453154820744
(ENTRY #324) 2022-03-10 18:47:17.035363 >> Above!
(ENTRY #325) 2022-03-10 18:47:17.035363 >> Object lightRound has been created!
(ENTRY #326) 2022-03-10 18:47:17.035363 >> Protectile #62 has been created! Type: Light
(ENTRY #327) 2022-03-10 18:47:17.035363 >> Projectile created! ID: #62
(ENTRY #328) 2022-03-10 18:47:17.035363 >> MOUSEPOS: (431.95487914394204, 541.5587110049951)
(ENTRY #329) 2022-03-10 18:47:17.035363 >> SLOPE CALC:None
(ENTRY #330) 2022-03-10 18:47:17.036363 >> LIN CALC FIN: 438.29960984505334
(ENTRY #331) 2022-03-10 18:47:17.036363 >> LIN CALC RAW: 461.70039015494666
(ENTRY #332) 2022-03-10 18:47:17.036363 >> Below!
(ENTRY #333) 2022-03-10 18:47:17.036363 >> Object lightRound has been created!
(ENTRY #334) 2022-03-10 18:47:17.036363 >> Protectile #64 has been created! Type: Light
(ENTRY #335) 2022-03-10 18:47:17.036363 >> Projectile created! ID: #64
(ENTRY #336) 2022-03-10 18:47:17.153237 >> Projectile removed!
(ENTRY #337) 2022-03-10 18:47:17.352451 >> Projectile has hit!
(ENTRY #338) 2022-03-10 18:47:17.352451 >> Projectile removed!
(ENTRY #339) 2022-03-10 18:47:17.370566 >> Projectile has hit!
(ENTRY #340) 2022-03-10 18:47:17.370566 >> Projectile removed!
(ENTRY #341) 2022-03-10 18:47:17.945756 >> Cloud created! ID: #11
(ENTRY #342) 2022-03-10 18:47:18.123122 >> Projectile removed!
(ENTRY #343) 2022-03-10 18:47:18.667206 >> Projectile has hit!
(ENTRY #344) 2022-03-10 18:47:18.667206 >> Projectile removed!
(ENTRY #345) 2022-03-10 18:47:19.030369 >> Cloud created! ID: #12
(ENTRY #346) 2022-03-10 18:47:19.047781 >> Projectile removed!
(ENTRY #347) 2022-03-10 18:47:19.047781 >> MOUSEPOS: (108.14828897700191, 457.50355929550835)
(ENTRY #348) 2022-03-10 18:47:19.048803 >> SLOPE CALC:None
(ENTRY #349) 2022-03-10 18:47:19.048803 >> LIN CALC FIN: 500.9196979322004
(ENTRY #350) 2022-03-10 18:47:19.048803 >> LIN CALC RAW: 399.0803020677996
(ENTRY #351) 2022-03-10 18:47:19.048803 >> Above!
(ENTRY #352) 2022-03-10 18:47:19.048803 >> Object lightRound has been created!
(ENTRY #353) 2022-03-10 18:47:19.048803 >> Protectile #66 has been created! Type: Light
(ENTRY #354) 2022-03-10 18:47:19.048803 >> Projectile created! ID: #66
(ENTRY #355) 2022-03-10 18:47:19.048803 >> MOUSEPOS: (440.8434484432429, 507.31177968451806)
(ENTRY #356) 2022-03-10 18:47:19.048803 >> SLOPE CALC:None
(ENTRY #357) 2022-03-10 18:47:19.048803 >> LIN CALC FIN: 438.22453846596034
(ENTRY #358) 2022-03-10 18:47:19.048803 >> LIN CALC RAW: 461.77546153403966
(ENTRY #359) 2022-03-10 18:47:19.048803 >> Below!
(ENTRY #360) 2022-03-10 18:47:19.048803 >> Object lightRound has been created!
(ENTRY #361) 2022-03-10 18:47:19.049802 >> Protectile #68 has been created! Type: Light
(ENTRY #362) 2022-03-10 18:47:19.049802 >> Projectile created! ID: #68
(ENTRY #363) 2022-03-10 18:47:19.049802 >> MOUSEPOS: (341.90672811730354, 563.1612587918996)
(ENTRY #364) 2022-03-10 18:47:19.049802 >> SLOPE CALC:None
(ENTRY #365) 2022-03-10 18:47:19.049802 >> LIN CALC FIN: 551.2485000104573
(ENTRY #366) 2022-03-10 18:47:19.049802 >> LIN CALC RAW: 348.7514999895427
(ENTRY #367) 2022-03-10 18:47:19.049802 >> Below!
(ENTRY #368) 2022-03-10 18:47:19.049802 >> Object lightRound has been created!
(ENTRY #369) 2022-03-10 18:47:19.049802 >> Protectile #70 has been created! Type: Light
(ENTRY #370) 2022-03-10 18:47:19.049802 >> Projectile created! ID: #70
(ENTRY #371) 2022-03-10 18:47:19.049802 >> MOUSEPOS: (448.8434484432429, 520.3117796845181)
(ENTRY #372) 2022-03-10 18:47:19.049802 >> SLOPE CALC:None
(ENTRY #373) 2022-03-10 18:47:19.049802 >> LIN CALC FIN: 571.0149024555652
(ENTRY #374) 2022-03-10 18:47:19.049802 >> LIN CALC RAW: 328.9850975444348
(ENTRY #375) 2022-03-10 18:47:19.049802 >> Above!
(ENTRY #376) 2022-03-10 18:47:19.049802 >> Object lightRound has been created!
(ENTRY #377) 2022-03-10 18:47:19.050802 >> Protectile #72 has been created! Type: Light
(ENTRY #378) 2022-03-10 18:47:19.050802 >> Projectile created! ID: #72
(ENTRY #379) 2022-03-10 18:47:19.661823 >> Projectile has hit!
(ENTRY #380) 2022-03-10 18:47:19.661823 >> Projectile removed!
(ENTRY #381) 2022-03-10 18:47:19.699532 >> Projectile has hit!
(ENTRY #382) 2022-03-10 18:47:19.699532 >> Projectile removed!
(ENTRY #383) 2022-03-10 18:47:19.983138 >> Projectile removed!
(ENTRY #384) 2022-03-10 18:47:20.038654 >> Cloud created! ID: #13
(ENTRY #385) 2022-03-10 18:47:20.739720 >> Projectile removed!
(ENTRY #386) 2022-03-10 18:47:21.060225 >> MOUSEPOS: (129.14828897700193, 460.50355929550835)
(ENTRY #387) 2022-03-10 18:47:21.060225 >> SLOPE CALC:None
(ENTRY #388) 2022-03-10 18:47:21.060225 >> LIN CALC FIN: 504.808130306758
(ENTRY #389) 2022-03-10 18:47:21.060225 >> LIN CALC RAW: 395.191869693242
(ENTRY #390) 2022-03-10 18:47:21.060225 >> Above!
(ENTRY #391) 2022-03-10 18:47:21.060225 >> Object lightRound has been created!
(ENTRY #392) 2022-03-10 18:47:21.061257 >> Protectile #74 has been created! Type: Light
(ENTRY #393) 2022-03-10 18:47:21.061257 >> Projectile created! ID: #74
(ENTRY #394) 2022-03-10 18:47:21.061257 >> MOUSEPOS: (442.7285952662647, 712.8170317854191)
(ENTRY #395) 2022-03-10 18:47:21.061257 >> SLOPE CALC:None
(ENTRY #396) 2022-03-10 18:47:21.061257 >> LIN CALC FIN: 674.7177803108166
(ENTRY #397) 2022-03-10 18:47:21.061257 >> LIN CALC RAW: 225.28221968918342
(ENTRY #398) 2022-03-10 18:47:21.061257 >> Below!
(ENTRY #399) 2022-03-10 18:47:21.061257 >> Object lightRound has been created!
(ENTRY #400) 2022-03-10 18:47:21.061257 >> Protectile #76 has been created! Type: Light
(ENTRY #401) 2022-03-10 18:47:21.061257 >> Projectile created! ID: #76
(ENTRY #402) 2022-03-10 18:47:21.061257 >> MOUSEPOS: (337.98361711960376, 577.9728021641557)
(ENTRY #403) 2022-03-10 18:47:21.061257 >> SLOPE CALC:None
(ENTRY #404) 2022-03-10 18:47:21.061257 >> LIN CALC FIN: 523.7463551517726
(ENTRY #405) 2022-03-10 18:47:21.061257 >> LIN CALC RAW: 376.2536448482274
(ENTRY #406) 2022-03-10 18:47:21.061257 >> Below!
(ENTRY #407) 2022-03-10 18:47:21.061257 >> Object lightRound has been created!
(ENTRY #408) 2022-03-10 18:47:21.062241 >> Protectile #78 has been created! Type: Light
(ENTRY #409) 2022-03-10 18:47:21.062241 >> Projectile created! ID: #78
(ENTRY #410) 2022-03-10 18:47:21.062241 >> MOUSEPOS: (372.98361711960376, 596.9728021641557)
(ENTRY #411) 2022-03-10 18:47:21.062241 >> SLOPE CALC:None
(ENTRY #412) 2022-03-10 18:47:21.062241 >> LIN CALC FIN: 647.0720536387582
(ENTRY #413) 2022-03-10 18:47:21.062241 >> LIN CALC RAW: 252.92794636124177
(ENTRY #414) 2022-03-10 18:47:21.062241 >> Above!
(ENTRY #415) 2022-03-10 18:47:21.062241 >> Object lightRound has been created!
(ENTRY #416) 2022-03-10 18:47:21.062241 >> Protectile #80 has been created! Type: Light
(ENTRY #417) 2022-03-10 18:47:21.062241 >> Projectile created! ID: #80
(ENTRY #418) 2022-03-10 18:47:21.172008 >> Cloud created! ID: #14
(ENTRY #419) 2022-03-10 18:47:21.610503 >> Projectile has hit!
(ENTRY #420) 2022-03-10 18:47:21.610503 >> Projectile removed!
(ENTRY #421) 2022-03-10 18:47:21.881129 >> Projectile has hit!
(ENTRY #422) 2022-03-10 18:47:21.881129 >> Projectile removed!
(ENTRY #423) 2022-03-10 18:47:22.008640 >> Game resumed!
(ENTRY #424) 2022-03-10 18:47:22.013621 >> Game resumed!
(ENTRY #425) 2022-03-10 18:47:22.177064 >> Cloud created! ID: #15
(ENTRY #426) 2022-03-10 18:47:23.071473 >> MOUSEPOS: (127.22614228559135, 451.8664488699578)
(ENTRY #427) 2022-03-10 18:47:23.071473 >> SLOPE CALC:None
(ENTRY #428) 2022-03-10 18:47:23.071473 >> LIN CALC FIN: 404.34309242472546
(ENTRY #429) 2022-03-10 18:47:23.071473 >> LIN CALC RAW: 495.65690757527454
(ENTRY #430) 2022-03-10 18:47:23.071473 >> Below!
(ENTRY #431) 2022-03-10 18:47:23.071473 >> Object lightRound has been created!
(ENTRY #432) 2022-03-10 18:47:23.072442 >> Protectile #82 has been created! Type: Light
(ENTRY #433) 2022-03-10 18:47:23.072442 >> Projectile created! ID: #82
(ENTRY #434) 2022-03-10 18:47:23.072442 >> MOUSEPOS: (196.1315900262641, 493.24854016539825)
(ENTRY #435) 2022-03-10 18:47:23.072442 >> SLOPE CALC:None
(ENTRY #436) 2022-03-10 18:47:23.072442 >> LIN CALC FIN: 627.6219246625737
(ENTRY #437) 2022-03-10 18:47:23.072442 >> LIN CALC RAW: 272.37807533742625
(ENTRY #438) 2022-03-10 18:47:23.072442 >> Above!
(ENTRY #439) 2022-03-10 18:47:23.072442 >> Object lightRound has been created!
(ENTRY #440) 2022-03-10 18:47:23.072442 >> Protectile #84 has been created! Type: Light
(ENTRY #441) 2022-03-10 18:47:23.072442 >> Projectile created! ID: #84
(ENTRY #442) 2022-03-10 18:47:23.073473 >> MOUSEPOS: (413.37959281540043, 453.3739218734375)
(ENTRY #443) 2022-03-10 18:47:23.073473 >> SLOPE CALC:None
(ENTRY #444) 2022-03-10 18:47:23.073473 >> LIN CALC FIN: 753.6607807380999
(ENTRY #445) 2022-03-10 18:47:23.073473 >> LIN CALC RAW: 146.3392192619001
(ENTRY #446) 2022-03-10 18:47:23.073473 >> Above!
(ENTRY #447) 2022-03-10 18:47:23.073473 >> Object lightRound has been created!
(ENTRY #448) 2022-03-10 18:47:23.073473 >> Protectile #86 has been created! Type: Light
(ENTRY #449) 2022-03-10 18:47:23.073473 >> Projectile created! ID: #86
(ENTRY #450) 2022-03-10 18:47:23.207088 >> Cloud created! ID: #16
(ENTRY #451) 2022-03-10 18:47:23.760245 >> Projectile has hit!
(ENTRY #452) 2022-03-10 18:47:23.760245 >> Projectile removed!
(ENTRY #453) 2022-03-10 18:47:24.117639 >> Projectile removed!
(ENTRY #454) 2022-03-10 18:47:24.262837 >> Projectile removed!
(ENTRY #455) 2022-03-10 18:47:24.319895 >> Cloud created! ID: #17
(ENTRY #456) 2022-03-10 18:47:24.321895 >> Projectile has hit!
(ENTRY #457) 2022-03-10 18:47:24.321895 >> Projectile removed!
(ENTRY #458) 2022-03-10 18:47:25.016215 >> Projectile removed!
(ENTRY #459) 2022-03-10 18:47:25.074209 >> MOUSEPOS: (133.74674026900877, 416.3995327806876)
(ENTRY #460) 2022-03-10 18:47:25.074209 >> SLOPE CALC:None
(ENTRY #461) 2022-03-10 18:47:25.074209 >> LIN CALC FIN: 408.1423723541544
(ENTRY #462) 2022-03-10 18:47:25.074209 >> LIN CALC RAW: 491.8576276458456
(ENTRY #463) 2022-03-10 18:47:25.074209 >> Below!
(ENTRY #464) 2022-03-10 18:47:25.074209 >> Object lightRound has been created!
(ENTRY #465) 2022-03-10 18:47:25.074209 >> Protectile #88 has been created! Type: Light
(ENTRY #466) 2022-03-10 18:47:25.074209 >> Projectile created! ID: #88
(ENTRY #467) 2022-03-10 18:47:25.075212 >> MOUSEPOS: (227.3589829834179, 498.7546150685635)
(ENTRY #468) 2022-03-10 18:47:25.075212 >> SLOPE CALC:None
(ENTRY #469) 2022-03-10 18:47:25.075212 >> LIN CALC FIN: 560.3389216490343
(ENTRY #470) 2022-03-10 18:47:25.075212 >> LIN CALC RAW: 339.6610783509657
(ENTRY #471) 2022-03-10 18:47:25.075212 >> Above!
(ENTRY #472) 2022-03-10 18:47:25.075212 >> Object lightRound has been created!
(ENTRY #473) 2022-03-10 18:47:25.075212 >> Protectile #90 has been created! Type: Light
(ENTRY #474) 2022-03-10 18:47:25.075212 >> Projectile created! ID: #90
(ENTRY #475) 2022-03-10 18:47:25.075212 >> MOUSEPOS: (371.62437231034204, 442.0735323221102)
(ENTRY #476) 2022-03-10 18:47:25.075212 >> SLOPE CALC:None
(ENTRY #477) 2022-03-10 18:47:25.076213 >> LIN CALC FIN: 686.7363000658133
(ENTRY #478) 2022-03-10 18:47:25.076213 >> LIN CALC RAW: 213.26369993418666
(ENTRY #479) 2022-03-10 18:47:25.076213 >> Above!
(ENTRY #480) 2022-03-10 18:47:25.076213 >> Object lightRound has been created!
(ENTRY #481) 2022-03-10 18:47:25.076213 >> Protectile #92 has been created! Type: Light
(ENTRY #482) 2022-03-10 18:47:25.076213 >> Projectile created! ID: #92
(ENTRY #483) 2022-03-10 18:47:25.432131 >> Cloud created! ID: #18
(ENTRY #484) 2022-03-10 18:47:25.827301 >> Projectile has hit!
(ENTRY #485) 2022-03-10 18:47:25.827301 >> Projectile removed!
(ENTRY #486) 2022-03-10 18:47:26.051412 >> Projectile has hit!
(ENTRY #487) 2022-03-10 18:47:26.051412 >> Projectile removed!
(ENTRY #488) 2022-03-10 18:47:26.621819 >> Cloud created! ID: #19
(ENTRY #489) 2022-03-10 18:47:27.076721 >> MOUSEPOS: (382.90220911366634, 452.1340127960098)
(ENTRY #490) 2022-03-10 18:47:27.076721 >> SLOPE CALC:None
(ENTRY #491) 2022-03-10 18:47:27.076721 >> LIN CALC FIN: 357.5945065260828
(ENTRY #492) 2022-03-10 18:47:27.076721 >> LIN CALC RAW: 542.4054934739172
(ENTRY #493) 2022-03-10 18:47:27.076721 >> Below!
(ENTRY #494) 2022-03-10 18:47:27.076721 >> Object lightRound has been created!
(ENTRY #495) 2022-03-10 18:47:27.076721 >> Protectile #94 has been created! Type: Light
(ENTRY #496) 2022-03-10 18:47:27.076721 >> Projectile created! ID: #94
(ENTRY #497) 2022-03-10 18:47:27.076721 >> MOUSEPOS: (285.3292994904559, 514.1674161492933)
(ENTRY #498) 2022-03-10 18:47:27.076721 >> SLOPE CALC:None
(ENTRY #499) 2022-03-10 18:47:27.076721 >> LIN CALC FIN: 474.7069224192203
(ENTRY #500) 2022-03-10 18:47:27.076721 >> LIN CALC RAW: 425.2930775807797
(ENTRY #501) 2022-03-10 18:47:27.076721 >> Below!
(ENTRY #502) 2022-03-10 18:47:27.076721 >> Object lightRound has been created!
(ENTRY #503) 2022-03-10 18:47:27.077727 >> Protectile #96 has been created! Type: Light
(ENTRY #504) 2022-03-10 18:47:27.077727 >> Projectile created! ID: #96
(ENTRY #505) 2022-03-10 18:47:27.077727 >> MOUSEPOS: (274.3292994904559, 509.1674161492933)
(ENTRY #506) 2022-03-10 18:47:27.077727 >> SLOPE CALC:None
(ENTRY #507) 2022-03-10 18:47:27.077727 >> LIN CALC FIN: 607.9843249540244
(ENTRY #508) 2022-03-10 18:47:27.077727 >> LIN CALC RAW: 292.0156750459756
(ENTRY #509) 2022-03-10 18:47:27.077727 >> Above!
(ENTRY #510) 2022-03-10 18:47:27.077727 >> Object lightRound has been created!
(ENTRY #511) 2022-03-10 18:47:27.078721 >> Protectile #98 has been created! Type: Light
(ENTRY #512) 2022-03-10 18:47:27.078721 >> Projectile created! ID: #98
(ENTRY #513) 2022-03-10 18:47:27.095727 >> Projectile removed!
(ENTRY #514) 2022-03-10 18:47:27.389773 >> Cloud removed! ID: #19
(ENTRY #515) 2022-03-10 18:47:27.635700 >> Cloud created! ID: #20
(ENTRY #516) 2022-03-10 18:47:28.248864 >> Cloud removed! ID: #20
(ENTRY #517) 2022-03-10 18:47:28.632429 >> Game resumed!
(ENTRY #518) 2022-03-10 18:47:28.651398 >> Cloud created! ID: #21
(ENTRY #519) 2022-03-10 18:47:29.085849 >> MOUSEPOS: (338.8256862630539, 474.868428096513)
(ENTRY #520) 2022-03-10 18:47:29.085849 >> SLOPE CALC:None
(ENTRY #521) 2022-03-10 18:47:29.086849 >> LIN CALC FIN: 421.2930964429016
(ENTRY #522) 2022-03-10 18:47:29.086849 >> LIN CALC RAW: 478.7069035570984
(ENTRY #523) 2022-03-10 18:47:29.086849 >> Below!
(ENTRY #524) 2022-03-10 18:47:29.086849 >> Object lightRound has been created!
(ENTRY #525) 2022-03-10 18:47:29.086849 >> Protectile #100 has been created! Type: Light
(ENTRY #526) 2022-03-10 18:47:29.086849 >> Projectile created! ID: #100
(ENTRY #527) 2022-03-10 18:47:29.086849 >> MOUSEPOS: (281.713376311477, 516.4054063944785)
(ENTRY #528) 2022-03-10 18:47:29.086849 >> SLOPE CALC:None
(ENTRY #529) 2022-03-10 18:47:29.086849 >> LIN CALC FIN: 466.9807380480899
(ENTRY #530) 2022-03-10 18:47:29.086849 >> LIN CALC RAW: 433.0192619519101
(ENTRY #531) 2022-03-10 18:47:29.086849 >> Below!
(ENTRY #532) 2022-03-10 18:47:29.086849 >> Object lightRound has been created!
(ENTRY #533) 2022-03-10 18:47:29.087850 >> Protectile #102 has been created! Type: Light
(ENTRY #534) 2022-03-10 18:47:29.087850 >> Projectile created! ID: #102
(ENTRY #535) 2022-03-10 18:47:29.087850 >> MOUSEPOS: (272.713376311477, 513.4054063944785)
(ENTRY #536) 2022-03-10 18:47:29.087850 >> SLOPE CALC:None
(ENTRY #537) 2022-03-10 18:47:29.087850 >> LIN CALC FIN: 628.8072374421083
(ENTRY #538) 2022-03-10 18:47:29.087850 >> LIN CALC RAW: 271.1927625578917
(ENTRY #539) 2022-03-10 18:47:29.087850 >> Above!
(ENTRY #540) 2022-03-10 18:47:29.087850 >> Object lightRound has been created!
(ENTRY #541) 2022-03-10 18:47:29.087850 >> Protectile #104 has been created! Type: Light
(ENTRY #542) 2022-03-10 18:47:29.087850 >> Projectile created! ID: #104
(ENTRY #543) 2022-03-10 18:47:29.432438 >> Cloud removed! ID: #21
(ENTRY #544) 2022-03-10 18:47:29.452666 >> Projectile has hit!
(ENTRY #545) 2022-03-10 18:47:29.452666 >> Projectile removed!
(ENTRY #546) 2022-03-10 18:47:29.528370 >> Projectile removed!
(ENTRY #547) 2022-03-10 18:47:29.702878 >> Cloud created! ID: #22
(ENTRY #548) 2022-03-10 18:47:29.973608 >> entity_1_0 and entity_1_4 have collided!
(ENTRY #549) 2022-03-10 18:47:29.973608 >> entity_1_4 and entity_1_0 have collided!
(ENTRY #550) 2022-03-10 18:47:30.417172 >> Cloud removed! ID: #22
(ENTRY #551) 2022-03-10 18:47:30.730271 >> Cloud created! ID: #23
(ENTRY #552) 2022-03-10 18:47:31.103724 >> MOUSEPOS: (237.04904205390932, 410.65102202159244)
(ENTRY #553) 2022-03-10 18:47:31.103724 >> SLOPE CALC:None
(ENTRY #554) 2022-03-10 18:47:31.103724 >> LIN CALC FIN: 703.8148573204958
(ENTRY #555) 2022-03-10 18:47:31.103724 >> LIN CALC RAW: 196.18514267950422
(ENTRY #556) 2022-03-10 18:47:31.103724 >> Above!
(ENTRY #557) 2022-03-10 18:47:31.103724 >> Object lightRound has been created!
(ENTRY #558) 2022-03-10 18:47:31.103724 >> Protectile #106 has been created! Type: Light
(ENTRY #559) 2022-03-10 18:47:31.103724 >> Projectile created! ID: #106
(ENTRY #560) 2022-03-10 18:47:31.415512 >> Projectile has hit!
(ENTRY #561) 2022-03-10 18:47:31.415512 >> Projectile removed!
(ENTRY #562) 2022-03-10 18:47:31.467541 >> Cloud removed! ID: #23
(ENTRY #563) 2022-03-10 18:47:31.964507 >> Projectile removed!
(ENTRY #564) 2022-03-10 18:47:32.036087 >> Cloud created! ID: #24
(ENTRY #565) 2022-03-10 18:47:32.109778 >> Game resumed!
(ENTRY #566) 2022-03-10 18:47:32.382565 >> Projectile removed!
(ENTRY #567) 2022-03-10 18:47:32.586548 >> Cloud removed! ID: #24
(ENTRY #568) 2022-03-10 18:47:32.880120 >> Projectile removed!
(ENTRY #569) 2022-03-10 18:47:33.051334 >> Cloud created! ID: #25
(ENTRY #570) 2022-03-10 18:47:33.120340 >> MOUSEPOS: (271.4884833560725, 421.137622797567)
(ENTRY #571) 2022-03-10 18:47:33.121335 >> SLOPE CALC:None
(ENTRY #572) 2022-03-10 18:47:33.121335 >> LIN CALC FIN: 706.9654420506628
(ENTRY #573) 2022-03-10 18:47:33.121335 >> LIN CALC RAW: 193.03455794933723
(ENTRY #574) 2022-03-10 18:47:33.121335 >> Above!
(ENTRY #575) 2022-03-10 18:47:33.121335 >> Object lightRound has been created!
(ENTRY #576) 2022-03-10 18:47:33.122335 >> Protectile #108 has been created! Type: Light
(ENTRY #577) 2022-03-10 18:47:33.122335 >> Projectile created! ID: #108
(ENTRY #578) 2022-03-10 18:47:33.539778 >> Cloud removed! ID: #25
(ENTRY #579) 2022-03-10 18:47:34.065263 >> Cloud created! ID: #26
(ENTRY #580) 2022-03-10 18:47:34.120411 >> Game resumed!
(ENTRY #581) 2022-03-10 18:47:34.409181 >> Projectile removed!
(ENTRY #582) 2022-03-10 18:47:34.611269 >> Cloud removed! ID: #26
(ENTRY #583) 2022-03-10 18:47:34.646269 >> Projectile has hit!
(ENTRY #584) 2022-03-10 18:47:34.646269 >> Projectile removed!
(ENTRY #585) 2022-03-10 18:47:35.120996 >> MOUSEPOS: (263.1238484489975, 424.27080120747684)
(ENTRY #586) 2022-03-10 18:47:35.120996 >> SLOPE CALC:None
(ENTRY #587) 2022-03-10 18:47:35.120996 >> LIN CALC FIN: 698.018703388595
(ENTRY #588) 2022-03-10 18:47:35.120996 >> LIN CALC RAW: 201.981296611405
(ENTRY #589) 2022-03-10 18:47:35.120996 >> Above!
(ENTRY #590) 2022-03-10 18:47:35.120996 >> Object lightRound has been created!
(ENTRY #591) 2022-03-10 18:47:35.122027 >> Protectile #110 has been created! Type: Light
(ENTRY #592) 2022-03-10 18:47:35.122027 >> Projectile created! ID: #110
(ENTRY #593) 2022-03-10 18:47:35.208166 >> Cloud created! ID: #27
(ENTRY #594) 2022-03-10 18:47:35.631605 >> Cloud removed! ID: #27
(ENTRY #595) 2022-03-10 18:47:36.224662 >> Cloud created! ID: #28
(ENTRY #596) 2022-03-10 18:47:36.508627 >> Projectile has hit!
(ENTRY #597) 2022-03-10 18:47:36.508627 >> Projectile removed!
(ENTRY #598) 2022-03-10 18:47:36.574210 >> Cloud removed! ID: #28
(ENTRY #599) 2022-03-10 18:47:36.762987 >> Projectile removed!
(ENTRY #600) 2022-03-10 18:47:37.131606 >> MOUSEPOS: (295.91199915009884, 396.55098244281066)
(ENTRY #601) 2022-03-10 18:47:37.131606 >> SLOPE CALC:None
(ENTRY #602) 2022-03-10 18:47:37.131606 >> LIN CALC FIN: 706.2382141349855
(ENTRY #603) 2022-03-10 18:47:37.131606 >> LIN CALC RAW: 193.76178586501453
(ENTRY #604) 2022-03-10 18:47:37.131606 >> Above!
(ENTRY #605) 2022-03-10 18:47:37.131606 >> Object lightRound has been created!
(ENTRY #606) 2022-03-10 18:47:37.131606 >> Protectile #112 has been created! Type: Light
(ENTRY #607) 2022-03-10 18:47:37.131606 >> Projectile created! ID: #112
(ENTRY #608) 2022-03-10 18:47:37.243421 >> Cloud created! ID: #29
(ENTRY #609) 2022-03-10 18:47:37.441037 >> Cloud removed! ID: #29
(ENTRY #610) 2022-03-10 18:47:38.082041 >> Game resumed!
(ENTRY #611) 2022-03-10 18:47:39.249698 >> Naval Warfare 2D Closed...
