Log for Naval Warfare 2D, intended for debugging purposes only! 

(ENTRY #1) 2022-04-19 07:33:03.954146 >> Initialized Log handler...
(ENTRY #2) 2022-04-19 07:33:04.847050 >> Initialized Warship handler...
(ENTRY #3) 2022-04-19 07:33:04.847423 >> Initialized Projectile handler...
(ENTRY #4) 2022-04-19 07:33:04.857425 >> Initialized GUI handler...
(ENTRY #5) 2022-04-19 07:33:04.857425 >> Starting Naval Warfare 2D...
(ENTRY #6) 2022-04-19 07:33:10.014288 >> Created Sprite for Player!
(ENTRY #7) 2022-04-19 07:33:10.014288 >> Finished initalizing!
(ENTRY #8) 2022-04-19 07:33:16.478415 >> Returning to menu!
(ENTRY #9) 2022-04-19 07:33:17.179496 >> Game resumed!
(ENTRY #10) 2022-04-19 07:33:17.179496 >> Dumb-AI Entity created!
(ENTRY #11) 2022-04-19 07:33:17.186520 >> Dumb-AI Entity created!
(ENTRY #12) 2022-04-19 07:33:17.198522 >> Cloud created! ID: #1
(ENTRY #13) 2022-04-19 07:33:17.270540 >> Dumb-AI Entity created!
(ENTRY #14) 2022-04-19 07:33:17.714496 >> MOUSEPOS: (160, 254)
(ENTRY #15) 2022-04-19 07:33:17.714496 >> SLOPE CALC:None
(ENTRY #16) 2022-04-19 07:33:17.714496 >> LIN CALC FIN: 388.7532843602496
(ENTRY #17) 2022-04-19 07:33:17.714496 >> LIN CALC RAW: 511.2467156397504
(ENTRY #18) 2022-04-19 07:33:17.714496 >> Above!
(ENTRY #19) 2022-04-19 07:33:17.714496 >> Object lightRound has been created!
(ENTRY #20) 2022-04-19 07:33:17.715496 >> Protectile #2 has been created! Type: Light
(ENTRY #21) 2022-04-19 07:33:17.715496 >> Projectile created! ID: #2
(ENTRY #22) 2022-04-19 07:33:18.204930 >> Cloud created! ID: #2
(ENTRY #23) 2022-04-19 07:33:18.638886 >> MOUSEPOS: (108, 140)
(ENTRY #24) 2022-04-19 07:33:18.638886 >> SLOPE CALC:None
(ENTRY #25) 2022-04-19 07:33:18.638886 >> LIN CALC FIN: 426.39365417656893
(ENTRY #26) 2022-04-19 07:33:18.638886 >> LIN CALC RAW: 473.60634582343107
(ENTRY #27) 2022-04-19 07:33:18.638886 >> Above!
(ENTRY #28) 2022-04-19 07:33:19.206087 >> MOUSEPOS: (140.18321073055432, 189.00346447344836)
(ENTRY #29) 2022-04-19 07:33:19.206087 >> SLOPE CALC:None
(ENTRY #30) 2022-04-19 07:33:19.206087 >> LIN CALC FIN: 168.05442996444594
(ENTRY #31) 2022-04-19 07:33:19.206087 >> LIN CALC RAW: 731.945570035554
(ENTRY #32) 2022-04-19 07:33:19.206087 >> Below!
(ENTRY #33) 2022-04-19 07:33:19.206087 >> Object lightRound has been created!
(ENTRY #34) 2022-04-19 07:33:19.206087 >> Protectile #4 has been created! Type: Light
(ENTRY #35) 2022-04-19 07:33:19.206087 >> Projectile created! ID: #4
(ENTRY #36) 2022-04-19 07:33:19.206087 >> MOUSEPOS: (134.18321073055432, 201.00346447344836)
(ENTRY #37) 2022-04-19 07:33:19.206087 >> SLOPE CALC:None
(ENTRY #38) 2022-04-19 07:33:19.206087 >> LIN CALC FIN: 204.90956544745006
(ENTRY #39) 2022-04-19 07:33:19.206087 >> LIN CALC RAW: 695.0904345525499
(ENTRY #40) 2022-04-19 07:33:19.206087 >> Above!
(ENTRY #41) 2022-04-19 07:33:19.206087 >> Object lightRound has been created!
(ENTRY #42) 2022-04-19 07:33:19.206087 >> Protectile #6 has been created! Type: Light
(ENTRY #43) 2022-04-19 07:33:19.206087 >> Projectile created! ID: #6
(ENTRY #44) 2022-04-19 07:33:19.206087 >> MOUSEPOS: (158.1308747743114, 188.00209400820293)
(ENTRY #45) 2022-04-19 07:33:19.206087 >> SLOPE CALC:None
(ENTRY #46) 2022-04-19 07:33:19.206087 >> LIN CALC FIN: 190.95112851720546
(ENTRY #47) 2022-04-19 07:33:19.206087 >> LIN CALC RAW: 709.0488714827945
(ENTRY #48) 2022-04-19 07:33:19.206087 >> Above!
(ENTRY #49) 2022-04-19 07:33:19.206087 >> Object lightRound has been created!
(ENTRY #50) 2022-04-19 07:33:19.206087 >> Protectile #8 has been created! Type: Light
(ENTRY #51) 2022-04-19 07:33:19.206087 >> Projectile created! ID: #8
(ENTRY #52) 2022-04-19 07:33:19.219097 >> Projectile has hit!
(ENTRY #53) 2022-04-19 07:33:19.219097 >> Projectile has hit!
(ENTRY #54) 2022-04-19 07:33:19.219097 >> Projectile removed!
(ENTRY #55) 2022-04-19 07:33:19.219097 >> Projectile removed!
(ENTRY #56) 2022-04-19 07:33:19.233172 >> MOUSEPOS: (122, 147)
(ENTRY #57) 2022-04-19 07:33:19.233172 >> SLOPE CALC:None
(ENTRY #58) 2022-04-19 07:33:19.233172 >> LIN CALC FIN: 406.6365542283738
(ENTRY #59) 2022-04-19 07:33:19.233172 >> LIN CALC RAW: 493.3634457716262
(ENTRY #60) 2022-04-19 07:33:19.233172 >> Above!
(ENTRY #61) 2022-04-19 07:33:19.233172 >> Object lightRound has been created!
(ENTRY #62) 2022-04-19 07:33:19.233172 >> Protectile #10 has been created! Type: Light
(ENTRY #63) 2022-04-19 07:33:19.233172 >> Projectile created! ID: #10
(ENTRY #64) 2022-04-19 07:33:19.389859 >> Cloud created! ID: #3
(ENTRY #65) 2022-04-19 07:33:20.424400 >> Cloud created! ID: #4
(ENTRY #66) 2022-04-19 07:33:20.657649 >> Projectile removed!
(ENTRY #67) 2022-04-19 07:33:20.714649 >> MOUSEPOS: (238, 166)
(ENTRY #68) 2022-04-19 07:33:20.714649 >> SLOPE CALC:None
(ENTRY #69) 2022-04-19 07:33:20.714649 >> LIN CALC FIN: 289.1647981201602
(ENTRY #70) 2022-04-19 07:33:20.714649 >> LIN CALC RAW: 610.8352018798398
(ENTRY #71) 2022-04-19 07:33:20.714649 >> Above!
(ENTRY #72) 2022-04-19 07:33:20.714649 >> Object lightRound has been created!
(ENTRY #73) 2022-04-19 07:33:20.714649 >> Protectile #12 has been created! Type: Light
(ENTRY #74) 2022-04-19 07:33:20.714649 >> Projectile created! ID: #12
(ENTRY #75) 2022-04-19 07:33:20.823970 >> Projectile removed!
(ENTRY #76) 2022-04-19 07:33:21.217421 >> MOUSEPOS: (253.35394841931756, 98.19204468166868)
(ENTRY #77) 2022-04-19 07:33:21.217421 >> SLOPE CALC:None
(ENTRY #78) 2022-04-19 07:33:21.217421 >> LIN CALC FIN: 89.40426230354433
(ENTRY #79) 2022-04-19 07:33:21.217421 >> LIN CALC RAW: 810.5957376964557
(ENTRY #80) 2022-04-19 07:33:21.217421 >> Below!
(ENTRY #81) 2022-04-19 07:33:21.217421 >> Object lightRound has been created!
(ENTRY #82) 2022-04-19 07:33:21.217421 >> Protectile #14 has been created! Type: Light
(ENTRY #83) 2022-04-19 07:33:21.217421 >> Projectile created! ID: #14
(ENTRY #84) 2022-04-19 07:33:21.217421 >> MOUSEPOS: (233.35394841931756, 67.19204468166868)
(ENTRY #85) 2022-04-19 07:33:21.217421 >> SLOPE CALC:None
(ENTRY #86) 2022-04-19 07:33:21.217421 >> LIN CALC FIN: 96.34610854332902
(ENTRY #87) 2022-04-19 07:33:21.217421 >> LIN CALC RAW: 803.653891456671
(ENTRY #88) 2022-04-19 07:33:21.217421 >> Above!
(ENTRY #89) 2022-04-19 07:33:21.217421 >> Object lightRound has been created!
(ENTRY #90) 2022-04-19 07:33:21.217421 >> Protectile #16 has been created! Type: Light
(ENTRY #91) 2022-04-19 07:33:21.217421 >> Projectile created! ID: #16
(ENTRY #92) 2022-04-19 07:33:21.217421 >> MOUSEPOS: (226.38365269304157, 64.43396657726836)
(ENTRY #93) 2022-04-19 07:33:21.217421 >> SLOPE CALC:None
(ENTRY #94) 2022-04-19 07:33:21.217421 >> LIN CALC FIN: 67.22174895539274
(ENTRY #95) 2022-04-19 07:33:21.217421 >> LIN CALC RAW: 832.7782510446073
(ENTRY #96) 2022-04-19 07:33:21.217421 >> Above!
(ENTRY #97) 2022-04-19 07:33:21.217421 >> Object lightRound has been created!
(ENTRY #98) 2022-04-19 07:33:21.217421 >> Protectile #18 has been created! Type: Light
(ENTRY #99) 2022-04-19 07:33:21.217421 >> Projectile created! ID: #18
(ENTRY #100) 2022-04-19 07:33:21.231422 >> Projectile has hit!
(ENTRY #101) 2022-04-19 07:33:21.231422 >> Projectile has hit!
(ENTRY #102) 2022-04-19 07:33:21.231422 >> Projectile removed!
(ENTRY #103) 2022-04-19 07:33:21.231422 >> Projectile removed!
(ENTRY #104) 2022-04-19 07:33:21.268471 >> Activating shop!
(ENTRY #105) 2022-04-19 07:33:22.605301 >> MOUSEPOS: (435, 491)
(ENTRY #106) 2022-04-19 07:33:22.605301 >> SLOPE CALC:None
(ENTRY #107) 2022-04-19 07:33:22.605301 >> LIN CALC FIN: 697.8763161024518
(ENTRY #108) 2022-04-19 07:33:22.605301 >> LIN CALC RAW: 202.12368389754818
(ENTRY #109) 2022-04-19 07:33:22.605301 >> Above!
(ENTRY #110) 2022-04-19 07:33:22.607301 >> Dumb-AI Entity created!
(ENTRY #111) 2022-04-19 07:33:22.608307 >> Dumb-AI Entity created!
(ENTRY #112) 2022-04-19 07:33:22.609302 >> Dumb-AI Entity created!
(ENTRY #113) 2022-04-19 07:33:22.610306 >> Object lightRound has been created!
(ENTRY #114) 2022-04-19 07:33:22.610306 >> Protectile #20 has been created! Type: Light
(ENTRY #115) 2022-04-19 07:33:22.610306 >> Projectile created! ID: #20
(ENTRY #116) 2022-04-19 07:33:22.937685 >> MOUSEPOS: (435, 491)
(ENTRY #117) 2022-04-19 07:33:22.937685 >> SLOPE CALC:None
(ENTRY #118) 2022-04-19 07:33:22.937685 >> LIN CALC FIN: 697.8763161024518
(ENTRY #119) 2022-04-19 07:33:22.937685 >> LIN CALC RAW: 202.12368389754818
(ENTRY #120) 2022-04-19 07:33:22.937685 >> Above!
(ENTRY #121) 2022-04-19 07:33:22.939688 >> Dumb-AI Entity created!
(ENTRY #122) 2022-04-19 07:33:22.941687 >> Dumb-AI Entity created!
(ENTRY #123) 2022-04-19 07:33:22.942685 >> Dumb-AI Entity created!
(ENTRY #124) 2022-04-19 07:33:23.468327 >> MOUSEPOS: (222, 477)
(ENTRY #125) 2022-04-19 07:33:23.468327 >> SLOPE CALC:None
(ENTRY #126) 2022-04-19 07:33:23.468327 >> LIN CALC FIN: 484.8763161024518
(ENTRY #127) 2022-04-19 07:33:23.468327 >> LIN CALC RAW: 415.1236838975482
(ENTRY #128) 2022-04-19 07:33:23.468327 >> Above!
(ENTRY #129) 2022-04-19 07:33:23.470338 >> Dumb-AI Entity created!
(ENTRY #130) 2022-04-19 07:33:23.471316 >> Dumb-AI Entity created!
(ENTRY #131) 2022-04-19 07:33:23.630634 >> MOUSEPOS: (222, 477)
(ENTRY #132) 2022-04-19 07:33:23.630634 >> SLOPE CALC:None
(ENTRY #133) 2022-04-19 07:33:23.630634 >> LIN CALC FIN: 484.8763161024518
(ENTRY #134) 2022-04-19 07:33:23.630634 >> LIN CALC RAW: 415.1236838975482
(ENTRY #135) 2022-04-19 07:33:23.630634 >> Above!
(ENTRY #136) 2022-04-19 07:33:23.632634 >> Dumb-AI Entity created!
(ENTRY #137) 2022-04-19 07:33:23.634623 >> Dumb-AI Entity created!
(ENTRY #138) 2022-04-19 07:33:23.635633 >> Object lightRound has been created!
(ENTRY #139) 2022-04-19 07:33:23.635633 >> Protectile #22 has been created! Type: Light
(ENTRY #140) 2022-04-19 07:33:23.635633 >> Projectile created! ID: #22
(ENTRY #141) 2022-04-19 07:33:23.947330 >> Returning to game!
(ENTRY #142) 2022-04-19 07:33:23.964964 >> Opened about menu!
(ENTRY #143) 2022-04-19 07:33:23.979045 >> Cloud created! ID: #5
(ENTRY #144) 2022-04-19 07:33:23.979045 >> MOUSEPOS: (254.25513201235424, 93.30929695871303)
(ENTRY #145) 2022-04-19 07:33:23.979045 >> SLOPE CALC:None
(ENTRY #146) 2022-04-19 07:33:23.979045 >> LIN CALC FIN: 85.49535625026465
(ENTRY #147) 2022-04-19 07:33:23.979045 >> LIN CALC RAW: 814.5046437497354
(ENTRY #148) 2022-04-19 07:33:23.979045 >> Below!
(ENTRY #149) 2022-04-19 07:33:23.979045 >> Object lightRound has been created!
(ENTRY #150) 2022-04-19 07:33:23.980045 >> Protectile #24 has been created! Type: Light
(ENTRY #151) 2022-04-19 07:33:23.980045 >> Projectile created! ID: #24
(ENTRY #152) 2022-04-19 07:33:23.980045 >> MOUSEPOS: (217.25513201235424, 83.30929695871303)
(ENTRY #153) 2022-04-19 07:33:23.980045 >> SLOPE CALC:None
(ENTRY #154) 2022-04-19 07:33:23.980045 >> LIN CALC FIN: 74.94033309217889
(ENTRY #155) 2022-04-19 07:33:23.980045 >> LIN CALC RAW: 825.0596669078211
(ENTRY #156) 2022-04-19 07:33:23.980045 >> Below!
(ENTRY #157) 2022-04-19 07:33:23.980045 >> Object lightRound has been created!
(ENTRY #158) 2022-04-19 07:33:23.980045 >> Protectile #26 has been created! Type: Light
(ENTRY #159) 2022-04-19 07:33:23.980045 >> Projectile created! ID: #26
(ENTRY #160) 2022-04-19 07:33:23.980045 >> MOUSEPOS: (221.27698441162042, 87.5172086495308)
(ENTRY #161) 2022-04-19 07:33:23.980045 >> SLOPE CALC:None
(ENTRY #162) 2022-04-19 07:33:23.980045 >> LIN CALC FIN: 57.33114935797926
(ENTRY #163) 2022-04-19 07:33:23.980045 >> LIN CALC RAW: 842.6688506420207
(ENTRY #164) 2022-04-19 07:33:23.980045 >> Below!
(ENTRY #165) 2022-04-19 07:33:23.980045 >> Object lightRound has been created!
(ENTRY #166) 2022-04-19 07:33:23.980045 >> Protectile #28 has been created! Type: Light
(ENTRY #167) 2022-04-19 07:33:23.980045 >> Projectile created! ID: #28
(ENTRY #168) 2022-04-19 07:33:23.980045 >> MOUSEPOS: (249.25513201235424, 90.30929695871303)
(ENTRY #169) 2022-04-19 07:33:23.980045 >> SLOPE CALC:None
(ENTRY #170) 2022-04-19 07:33:23.980045 >> LIN CALC FIN: 239.00513201235424
(ENTRY #171) 2022-04-19 07:33:23.980045 >> LIN CALC RAW: 660.9948679876458
(ENTRY #172) 2022-04-19 07:33:23.980045 >> Above!
(ENTRY #173) 2022-04-19 07:33:23.980045 >> Object lightRound has been created!
(ENTRY #174) 2022-04-19 07:33:23.980045 >> Protectile #30 has been created! Type: Light
(ENTRY #175) 2022-04-19 07:33:23.980045 >> Projectile created! ID: #30
(ENTRY #176) 2022-04-19 07:33:23.980045 >> MOUSEPOS: (237.25513201235424, 90.30929695871303)
(ENTRY #177) 2022-04-19 07:33:23.980045 >> SLOPE CALC:None
(ENTRY #178) 2022-04-19 07:33:23.980045 >> LIN CALC FIN: 271.74486798764576
(ENTRY #179) 2022-04-19 07:33:23.980045 >> LIN CALC RAW: 628.2551320123542
(ENTRY #180) 2022-04-19 07:33:23.980045 >> Above!
(ENTRY #181) 2022-04-19 07:33:23.980045 >> Object lightRound has been created!
(ENTRY #182) 2022-04-19 07:33:23.980045 >> Protectile #32 has been created! Type: Light
(ENTRY #183) 2022-04-19 07:33:23.980045 >> Projectile created! ID: #32
(ENTRY #184) 2022-04-19 07:33:23.980045 >> MOUSEPOS: (259.25513201235424, 70.30929695871303)
(ENTRY #185) 2022-04-19 07:33:23.980045 >> SLOPE CALC:None
(ENTRY #186) 2022-04-19 07:33:23.980045 >> LIN CALC FIN: 319.74486798764576
(ENTRY #187) 2022-04-19 07:33:23.980045 >> LIN CALC RAW: 580.2551320123542
(ENTRY #188) 2022-04-19 07:33:23.980045 >> Above!
(ENTRY #189) 2022-04-19 07:33:23.980045 >> Object lightRound has been created!
(ENTRY #190) 2022-04-19 07:33:23.980045 >> Protectile #34 has been created! Type: Light
(ENTRY #191) 2022-04-19 07:33:23.980045 >> Projectile created! ID: #34
(ENTRY #192) 2022-04-19 07:33:23.980045 >> MOUSEPOS: (239.25513201235424, 52.309296958713034)
(ENTRY #193) 2022-04-19 07:33:23.980045 >> SLOPE CALC:None
(ENTRY #194) 2022-04-19 07:33:23.980045 >> LIN CALC FIN: 229.00513201235424
(ENTRY #195) 2022-04-19 07:33:23.980045 >> LIN CALC RAW: 670.9948679876458
(ENTRY #196) 2022-04-19 07:33:23.980045 >> Above!
(ENTRY #197) 2022-04-19 07:33:23.980045 >> Object lightRound has been created!
(ENTRY #198) 2022-04-19 07:33:23.980045 >> Protectile #36 has been created! Type: Light
(ENTRY #199) 2022-04-19 07:33:23.980045 >> Projectile created! ID: #36
(ENTRY #200) 2022-04-19 07:33:23.980045 >> MOUSEPOS: (235.25513201235424, 65.30929695871303)
(ENTRY #201) 2022-04-19 07:33:23.980045 >> SLOPE CALC:None
(ENTRY #202) 2022-04-19 07:33:23.980045 >> LIN CALC FIN: 273.74486798764576
(ENTRY #203) 2022-04-19 07:33:23.980045 >> LIN CALC RAW: 626.2551320123542
(ENTRY #204) 2022-04-19 07:33:23.980045 >> Above!
(ENTRY #205) 2022-04-19 07:33:23.980045 >> Object lightRound has been created!
(ENTRY #206) 2022-04-19 07:33:23.980045 >> Protectile #38 has been created! Type: Light
(ENTRY #207) 2022-04-19 07:33:23.981045 >> Projectile created! ID: #38
(ENTRY #208) 2022-04-19 07:33:23.981045 >> MOUSEPOS: (223.25513201235424, 73.30929695871303)
(ENTRY #209) 2022-04-19 07:33:23.981045 >> SLOPE CALC:None
(ENTRY #210) 2022-04-19 07:33:23.981045 >> LIN CALC FIN: 355.74486798764576
(ENTRY #211) 2022-04-19 07:33:23.981045 >> LIN CALC RAW: 544.2551320123542
(ENTRY #212) 2022-04-19 07:33:23.981045 >> Above!
(ENTRY #213) 2022-04-19 07:33:23.981045 >> Object lightRound has been created!
(ENTRY #214) 2022-04-19 07:33:23.981045 >> Protectile #40 has been created! Type: Light
(ENTRY #215) 2022-04-19 07:33:23.981045 >> Projectile created! ID: #40
(ENTRY #216) 2022-04-19 07:33:23.981045 >> MOUSEPOS: (260.25513201235424, 47.309296958713034)
(ENTRY #217) 2022-04-19 07:33:23.981045 >> SLOPE CALC:None
(ENTRY #218) 2022-04-19 07:33:23.981045 >> LIN CALC FIN: 158.74486798764576
(ENTRY #219) 2022-04-19 07:33:23.981045 >> LIN CALC RAW: 741.2551320123542
(ENTRY #220) 2022-04-19 07:33:23.981045 >> Above!
(ENTRY #221) 2022-04-19 07:33:23.981045 >> Object lightRound has been created!
(ENTRY #222) 2022-04-19 07:33:23.981045 >> Protectile #42 has been created! Type: Light
(ENTRY #223) 2022-04-19 07:33:23.981045 >> Projectile created! ID: #42
(ENTRY #224) 2022-04-19 07:33:23.981045 >> MOUSEPOS: (238.25513201235424, 49.309296958713034)
(ENTRY #225) 2022-04-19 07:33:23.981045 >> SLOPE CALC:None
(ENTRY #226) 2022-04-19 07:33:23.981045 >> LIN CALC FIN: 250.74486798764576
(ENTRY #227) 2022-04-19 07:33:23.981045 >> LIN CALC RAW: 649.2551320123542
(ENTRY #228) 2022-04-19 07:33:23.981045 >> Above!
(ENTRY #229) 2022-04-19 07:33:23.981045 >> Object lightRound has been created!
(ENTRY #230) 2022-04-19 07:33:23.981045 >> Protectile #44 has been created! Type: Light
(ENTRY #231) 2022-04-19 07:33:23.981045 >> Projectile created! ID: #44
(ENTRY #232) 2022-04-19 07:33:23.981045 >> MOUSEPOS: (228.25513201235424, 76.30929695871303)
(ENTRY #233) 2022-04-19 07:33:23.981045 >> SLOPE CALC:None
(ENTRY #234) 2022-04-19 07:33:23.981045 >> LIN CALC FIN: 190.74486798764576
(ENTRY #235) 2022-04-19 07:33:23.981045 >> LIN CALC RAW: 709.2551320123542
(ENTRY #236) 2022-04-19 07:33:23.981045 >> Above!
(ENTRY #237) 2022-04-19 07:33:23.981045 >> Object lightRound has been created!
(ENTRY #238) 2022-04-19 07:33:23.981045 >> Protectile #46 has been created! Type: Light
(ENTRY #239) 2022-04-19 07:33:23.981045 >> Projectile created! ID: #46
(ENTRY #240) 2022-04-19 07:33:23.981045 >> MOUSEPOS: (212.25513201235424, 60.309296958713034)
(ENTRY #241) 2022-04-19 07:33:23.981045 >> SLOPE CALC:None
(ENTRY #242) 2022-04-19 07:33:23.981045 >> LIN CALC FIN: 276.74486798764576
(ENTRY #243) 2022-04-19 07:33:23.981045 >> LIN CALC RAW: 623.2551320123542
(ENTRY #244) 2022-04-19 07:33:23.981045 >> Above!
(ENTRY #245) 2022-04-19 07:33:23.981045 >> Object lightRound has been created!
(ENTRY #246) 2022-04-19 07:33:23.981045 >> Protectile #48 has been created! Type: Light
(ENTRY #247) 2022-04-19 07:33:23.981045 >> Projectile created! ID: #48
(ENTRY #248) 2022-04-19 07:33:23.996045 >> Projectile has hit!
(ENTRY #249) 2022-04-19 07:33:23.996045 >> Projectile has hit!
(ENTRY #250) 2022-04-19 07:33:23.996045 >> Projectile removed!
(ENTRY #251) 2022-04-19 07:33:23.996045 >> Projectile removed!
(ENTRY #252) 2022-04-19 07:33:24.147297 >> Projectile has hit!
(ENTRY #253) 2022-04-19 07:33:24.147297 >> Projectile removed!
(ENTRY #254) 2022-04-19 07:33:24.266517 >> Returning to menu!
(ENTRY #255) 2022-04-19 07:33:24.307530 >> Opened about menu!
(ENTRY #256) 2022-04-19 07:33:24.952950 >> Projectile removed!
(ENTRY #257) 2022-04-19 07:33:25.001565 >> Cloud created! ID: #6
(ENTRY #258) 2022-04-19 07:33:25.981199 >> MOUSEPOS: (358.95929415727863, 120.77422589865603)
(ENTRY #259) 2022-04-19 07:33:25.981199 >> SLOPE CALC:None
(ENTRY #260) 2022-04-19 07:33:25.981199 >> LIN CALC FIN: 151.7858969119643
(ENTRY #261) 2022-04-19 07:33:25.981199 >> LIN CALC RAW: 748.2141030880357
(ENTRY #262) 2022-04-19 07:33:25.981199 >> Above!
(ENTRY #263) 2022-04-19 07:33:25.981199 >> Object lightRound has been created!
(ENTRY #264) 2022-04-19 07:33:25.981199 >> Protectile #50 has been created! Type: Light
(ENTRY #265) 2022-04-19 07:33:25.981199 >> Projectile created! ID: #50
(ENTRY #266) 2022-04-19 07:33:25.981199 >> MOUSEPOS: (331.95929415727863, 96.77422589865603)
(ENTRY #267) 2022-04-19 07:33:25.981199 >> SLOPE CALC:None
(ENTRY #268) 2022-04-19 07:33:25.981199 >> LIN CALC FIN: 76.52741729482659
(ENTRY #269) 2022-04-19 07:33:25.981199 >> LIN CALC RAW: 823.4725827051734
(ENTRY #270) 2022-04-19 07:33:25.981199 >> Below!
(ENTRY #271) 2022-04-19 07:33:25.981199 >> Object lightRound has been created!
(ENTRY #272) 2022-04-19 07:33:25.982198 >> Protectile #52 has been created! Type: Light
(ENTRY #273) 2022-04-19 07:33:25.982198 >> Projectile created! ID: #52
(ENTRY #274) 2022-04-19 07:33:25.982198 >> MOUSEPOS: (346.242822170799, 51.81094530834692)
(ENTRY #275) 2022-04-19 07:33:25.982198 >> SLOPE CALC:None
(ENTRY #276) 2022-04-19 07:33:25.982198 >> LIN CALC FIN: 65.49069788513566
(ENTRY #277) 2022-04-19 07:33:25.982198 >> LIN CALC RAW: 834.5093021148643
(ENTRY #278) 2022-04-19 07:33:25.982198 >> Above!
(ENTRY #279) 2022-04-19 07:33:25.982198 >> Object lightRound has been created!
(ENTRY #280) 2022-04-19 07:33:25.982198 >> Protectile #54 has been created! Type: Light
(ENTRY #281) 2022-04-19 07:33:25.982198 >> Projectile created! ID: #54
(ENTRY #282) 2022-04-19 07:33:25.982198 >> MOUSEPOS: (336.95929415727863, 116.77422589865603)
(ENTRY #283) 2022-04-19 07:33:25.982198 >> SLOPE CALC:None
(ENTRY #284) 2022-04-19 07:33:25.982198 >> LIN CALC FIN: 305.2991946507922
(ENTRY #285) 2022-04-19 07:33:25.982198 >> LIN CALC RAW: 594.7008053492078
(ENTRY #286) 2022-04-19 07:33:25.982198 >> Above!
(ENTRY #287) 2022-04-19 07:33:25.982198 >> Object lightRound has been created!
(ENTRY #288) 2022-04-19 07:33:25.982198 >> Protectile #56 has been created! Type: Light
(ENTRY #289) 2022-04-19 07:33:25.982198 >> Projectile created! ID: #56
(ENTRY #290) 2022-04-19 07:33:25.982198 >> MOUSEPOS: (373.95929415727863, 137.77422589865603)
(ENTRY #291) 2022-04-19 07:33:25.982198 >> SLOPE CALC:None
(ENTRY #292) 2022-04-19 07:33:25.982198 >> LIN CALC FIN: -26.94110121802214
(ENTRY #293) 2022-04-19 07:33:25.982198 >> LIN CALC RAW: 926.9411012180221
(ENTRY #294) 2022-04-19 07:33:25.982198 >> Below!
(ENTRY #295) 2022-04-19 07:33:25.982198 >> Object lightRound has been created!
(ENTRY #296) 2022-04-19 07:33:25.982198 >> Protectile #58 has been created! Type: Light
(ENTRY #297) 2022-04-19 07:33:25.982198 >> Projectile created! ID: #58
(ENTRY #298) 2022-04-19 07:33:25.982198 >> MOUSEPOS: (341.95929415727863, 93.77422589865603)
(ENTRY #299) 2022-04-19 07:33:25.982198 >> SLOPE CALC:None
(ENTRY #300) 2022-04-19 07:33:25.982198 >> LIN CALC FIN: 74.68973125857565
(ENTRY #301) 2022-04-19 07:33:25.982198 >> LIN CALC RAW: 825.3102687414244
(ENTRY #302) 2022-04-19 07:33:25.982198 >> Below!
(ENTRY #303) 2022-04-19 07:33:25.982198 >> Object lightRound has been created!
(ENTRY #304) 2022-04-19 07:33:25.982198 >> Protectile #60 has been created! Type: Light
(ENTRY #305) 2022-04-19 07:33:25.982198 >> Projectile created! ID: #60
(ENTRY #306) 2022-04-19 07:33:25.982198 >> MOUSEPOS: (365.95929415727863, 131.77422589865603)
(ENTRY #307) 2022-04-19 07:33:25.982198 >> SLOPE CALC:None
(ENTRY #308) 2022-04-19 07:33:25.982198 >> LIN CALC FIN: 317.2824034958916
(ENTRY #309) 2022-04-19 07:33:25.982198 >> LIN CALC RAW: 582.7175965041084
(ENTRY #310) 2022-04-19 07:33:25.982198 >> Above!
(ENTRY #311) 2022-04-19 07:33:25.982198 >> Object lightRound has been created!
(ENTRY #312) 2022-04-19 07:33:25.982198 >> Protectile #62 has been created! Type: Light
(ENTRY #313) 2022-04-19 07:33:25.982198 >> Projectile created! ID: #62
(ENTRY #314) 2022-04-19 07:33:25.982198 >> MOUSEPOS: (332.95929415727863, 120.77422589865603)
(ENTRY #315) 2022-04-19 07:33:25.982198 >> SLOPE CALC:None
(ENTRY #316) 2022-04-19 07:33:25.982198 >> LIN CALC FIN: 14.05889878197786
(ENTRY #317) 2022-04-19 07:33:25.982198 >> LIN CALC RAW: 885.9411012180221
(ENTRY #318) 2022-04-19 07:33:25.982198 >> Below!
(ENTRY #319) 2022-04-19 07:33:25.982198 >> Object lightRound has been created!
(ENTRY #320) 2022-04-19 07:33:25.982198 >> Protectile #64 has been created! Type: Light
(ENTRY #321) 2022-04-19 07:33:25.982198 >> Projectile created! ID: #64
(ENTRY #322) 2022-04-19 07:33:25.982198 >> MOUSEPOS: (344.95929415727863, 122.77422589865603)
(ENTRY #323) 2022-04-19 07:33:25.982198 >> SLOPE CALC:None
(ENTRY #324) 2022-04-19 07:33:25.982198 >> LIN CALC FIN: 69.89310224279575
(ENTRY #325) 2022-04-19 07:33:25.982198 >> LIN CALC RAW: 830.1068977572043
(ENTRY #326) 2022-04-19 07:33:25.982198 >> Below!
(ENTRY #327) 2022-04-19 07:33:25.982198 >> Object lightRound has been created!
(ENTRY #328) 2022-04-19 07:33:25.983197 >> Protectile #66 has been created! Type: Light
(ENTRY #329) 2022-04-19 07:33:25.983197 >> Projectile created! ID: #66
(ENTRY #330) 2022-04-19 07:33:25.983197 >> MOUSEPOS: (332.95929415727863, 88.77422589865603)
(ENTRY #331) 2022-04-19 07:33:25.983197 >> SLOPE CALC:None
(ENTRY #332) 2022-04-19 07:33:25.983197 >> LIN CALC FIN: -52.42395777878983
(ENTRY #333) 2022-04-19 07:33:25.983197 >> LIN CALC RAW: 952.4239577787898
(ENTRY #334) 2022-04-19 07:33:25.983197 >> Below!
(ENTRY #335) 2022-04-19 07:33:25.983197 >> Object lightRound has been created!
(ENTRY #336) 2022-04-19 07:33:25.983197 >> Protectile #68 has been created! Type: Light
(ENTRY #337) 2022-04-19 07:33:25.983197 >> Projectile created! ID: #68
(ENTRY #338) 2022-04-19 07:33:25.983197 >> MOUSEPOS: (347.95929415727863, 104.77422589865603)
(ENTRY #339) 2022-04-19 07:33:25.983197 >> SLOPE CALC:None
(ENTRY #340) 2022-04-19 07:33:25.983197 >> LIN CALC FIN: 29.225717912893288
(ENTRY #341) 2022-04-19 07:33:25.983197 >> LIN CALC RAW: 870.7742820871067
(ENTRY #342) 2022-04-19 07:33:25.983197 >> Below!
(ENTRY #343) 2022-04-19 07:33:25.983197 >> Object lightRound has been created!
(ENTRY #344) 2022-04-19 07:33:25.983197 >> Protectile #70 has been created! Type: Light
(ENTRY #345) 2022-04-19 07:33:25.983197 >> Projectile created! ID: #70
(ENTRY #346) 2022-04-19 07:33:25.983197 >> MOUSEPOS: (365.95929415727863, 116.77422589865603)
(ENTRY #347) 2022-04-19 07:33:25.983197 >> SLOPE CALC:None
(ENTRY #348) 2022-04-19 07:33:25.983197 >> LIN CALC FIN: -53.93955313796914
(ENTRY #349) 2022-04-19 07:33:25.983197 >> LIN CALC RAW: 953.9395531379691
(ENTRY #350) 2022-04-19 07:33:25.983197 >> Below!
(ENTRY #351) 2022-04-19 07:33:25.983197 >> Object lightRound has been created!
(ENTRY #352) 2022-04-19 07:33:25.983197 >> Protectile #72 has been created! Type: Light
(ENTRY #353) 2022-04-19 07:33:25.983197 >> Projectile created! ID: #72
(ENTRY #354) 2022-04-19 07:33:25.983197 >> MOUSEPOS: (349.95929415727863, 119.77422589865603)
(ENTRY #355) 2022-04-19 07:33:25.983197 >> SLOPE CALC:None
(ENTRY #356) 2022-04-19 07:33:25.983197 >> LIN CALC FIN: 31.414537659512007
(ENTRY #357) 2022-04-19 07:33:25.983197 >> LIN CALC RAW: 868.585462340488
(ENTRY #358) 2022-04-19 07:33:25.983197 >> Below!
(ENTRY #359) 2022-04-19 07:33:25.983197 >> Object lightRound has been created!
(ENTRY #360) 2022-04-19 07:33:25.983197 >> Protectile #74 has been created! Type: Light
(ENTRY #361) 2022-04-19 07:33:25.983197 >> Projectile created! ID: #74
(ENTRY #362) 2022-04-19 07:33:26.051724 >> Cloud created! ID: #7
(ENTRY #363) 2022-04-19 07:33:26.293650 >> Projectile has hit!
(ENTRY #364) 2022-04-19 07:33:26.299191 >> Projectile removed!
(ENTRY #365) 2022-04-19 07:33:26.373356 >> Dumb-AI Entity created!
(ENTRY #366) 2022-04-19 07:33:26.374356 >> Dumb-AI Entity created!
(ENTRY #367) 2022-04-19 07:33:26.408080 >> Projectile removed!
(ENTRY #368) 2022-04-19 07:33:26.876775 >> Projectile removed!
(ENTRY #369) 2022-04-19 07:33:26.928775 >> Projectile removed!
(ENTRY #370) 2022-04-19 07:33:26.945775 >> Projectile removed!
(ENTRY #371) 2022-04-19 07:33:26.945775 >> Projectile removed!
(ENTRY #372) 2022-04-19 07:33:26.961770 >> Projectile removed!
(ENTRY #373) 2022-04-19 07:33:27.010096 >> Projectile removed!
(ENTRY #374) 2022-04-19 07:33:27.075279 >> Projectile removed!
(ENTRY #375) 2022-04-19 07:33:27.075279 >> Cloud created! ID: #8
(ENTRY #376) 2022-04-19 07:33:27.186890 >> Projectile removed!
(ENTRY #377) 2022-04-19 07:33:27.251516 >> Projectile removed!
(ENTRY #378) 2022-04-19 07:33:27.481262 >> Projectile removed!
(ENTRY #379) 2022-04-19 07:33:27.986042 >> MOUSEPOS: (140.0, 233.0)
(ENTRY #380) 2022-04-19 07:33:27.987041 >> SLOPE CALC:None
(ENTRY #381) 2022-04-19 07:33:27.987041 >> LIN CALC FIN: 129.92663996799092
(ENTRY #382) 2022-04-19 07:33:27.987041 >> LIN CALC RAW: 770.0733600320091
(ENTRY #383) 2022-04-19 07:33:27.987041 >> Below!
(ENTRY #384) 2022-04-19 07:33:27.987041 >> Object lightRound has been created!
(ENTRY #385) 2022-04-19 07:33:27.987041 >> Protectile #76 has been created! Type: Light
(ENTRY #386) 2022-04-19 07:33:27.987041 >> Projectile created! ID: #76
(ENTRY #387) 2022-04-19 07:33:27.987041 >> MOUSEPOS: (132.0, 237.0)
(ENTRY #388) 2022-04-19 07:33:27.987041 >> SLOPE CALC:None
(ENTRY #389) 2022-04-19 07:33:27.987041 >> LIN CALC FIN: 190.1975051491595
(ENTRY #390) 2022-04-19 07:33:27.987041 >> LIN CALC RAW: 709.8024948508405
(ENTRY #391) 2022-04-19 07:33:27.987041 >> Below!
(ENTRY #392) 2022-04-19 07:33:27.987041 >> Object lightRound has been created!
(ENTRY #393) 2022-04-19 07:33:27.987041 >> Protectile #78 has been created! Type: Light
(ENTRY #394) 2022-04-19 07:33:27.987041 >> Projectile created! ID: #78
(ENTRY #395) 2022-04-19 07:33:27.987041 >> MOUSEPOS: (157.0, 258.0)
(ENTRY #396) 2022-04-19 07:33:27.987041 >> SLOPE CALC:None
(ENTRY #397) 2022-04-19 07:33:27.987041 >> LIN CALC FIN: 126.63121729404384
(ENTRY #398) 2022-04-19 07:33:27.987041 >> LIN CALC RAW: 773.3687827059562
(ENTRY #399) 2022-04-19 07:33:27.987041 >> Below!
(ENTRY #400) 2022-04-19 07:33:27.987041 >> Object lightRound has been created!
(ENTRY #401) 2022-04-19 07:33:27.987041 >> Protectile #80 has been created! Type: Light
(ENTRY #402) 2022-04-19 07:33:27.987041 >> Projectile created! ID: #80
(ENTRY #403) 2022-04-19 07:33:27.987041 >> MOUSEPOS: (138.0, 233.0)
(ENTRY #404) 2022-04-19 07:33:27.987041 >> SLOPE CALC:None
(ENTRY #405) 2022-04-19 07:33:27.987041 >> LIN CALC FIN: 309.57331425126154
(ENTRY #406) 2022-04-19 07:33:27.987041 >> LIN CALC RAW: 590.4266857487385
(ENTRY #407) 2022-04-19 07:33:27.987041 >> Above!
(ENTRY #408) 2022-04-19 07:33:27.987041 >> Object lightRound has been created!
(ENTRY #409) 2022-04-19 07:33:27.987041 >> Protectile #82 has been created! Type: Light
(ENTRY #410) 2022-04-19 07:33:27.987041 >> Projectile created! ID: #82
(ENTRY #411) 2022-04-19 07:33:27.987041 >> MOUSEPOS: (181.0, 272.0)
(ENTRY #412) 2022-04-19 07:33:27.987041 >> SLOPE CALC:None
(ENTRY #413) 2022-04-19 07:33:27.987041 >> LIN CALC FIN: 122.06989337349614
(ENTRY #414) 2022-04-19 07:33:27.987041 >> LIN CALC RAW: 777.9301066265039
(ENTRY #415) 2022-04-19 07:33:27.987041 >> Below!
(ENTRY #416) 2022-04-19 07:33:27.987041 >> Object lightRound has been created!
(ENTRY #417) 2022-04-19 07:33:27.987041 >> Protectile #84 has been created! Type: Light
(ENTRY #418) 2022-04-19 07:33:27.987041 >> Projectile created! ID: #84
(ENTRY #419) 2022-04-19 07:33:27.987041 >> MOUSEPOS: (159.0, 293.0)
(ENTRY #420) 2022-04-19 07:33:27.987041 >> SLOPE CALC:None
(ENTRY #421) 2022-04-19 07:33:27.987041 >> LIN CALC FIN: 68.05796991700163
(ENTRY #422) 2022-04-19 07:33:27.987041 >> LIN CALC RAW: 831.9420300829984
(ENTRY #423) 2022-04-19 07:33:27.987041 >> Below!
(ENTRY #424) 2022-04-19 07:33:27.987041 >> Object lightRound has been created!
(ENTRY #425) 2022-04-19 07:33:27.987041 >> Protectile #86 has been created! Type: Light
(ENTRY #426) 2022-04-19 07:33:27.987041 >> Projectile created! ID: #86
(ENTRY #427) 2022-04-19 07:33:27.987041 >> MOUSEPOS: (164.0, 231.0)
(ENTRY #428) 2022-04-19 07:33:27.987041 >> SLOPE CALC:None
(ENTRY #429) 2022-04-19 07:33:27.987041 >> LIN CALC FIN: 335.57331425126154
(ENTRY #430) 2022-04-19 07:33:27.987041 >> LIN CALC RAW: 564.4266857487385
(ENTRY #431) 2022-04-19 07:33:27.987041 >> Above!
(ENTRY #432) 2022-04-19 07:33:27.987041 >> Object lightRound has been created!
(ENTRY #433) 2022-04-19 07:33:27.987041 >> Protectile #88 has been created! Type: Light
(ENTRY #434) 2022-04-19 07:33:27.987041 >> Projectile created! ID: #88
(ENTRY #435) 2022-04-19 07:33:27.987041 >> MOUSEPOS: (128.0, 236.0)
(ENTRY #436) 2022-04-19 07:33:27.987041 >> SLOPE CALC:None
(ENTRY #437) 2022-04-19 07:33:27.987041 >> LIN CALC FIN: 266.35345728003927
(ENTRY #438) 2022-04-19 07:33:27.987041 >> LIN CALC RAW: 633.6465427199607
(ENTRY #439) 2022-04-19 07:33:27.987041 >> Above!
(ENTRY #440) 2022-04-19 07:33:27.988042 >> Object lightRound has been created!
(ENTRY #441) 2022-04-19 07:33:27.988042 >> Protectile #90 has been created! Type: Light
(ENTRY #442) 2022-04-19 07:33:27.988042 >> Projectile created! ID: #90
(ENTRY #443) 2022-04-19 07:33:27.988042 >> MOUSEPOS: (155.0, 237.0)
(ENTRY #444) 2022-04-19 07:33:27.988042 >> SLOPE CALC:None
(ENTRY #445) 2022-04-19 07:33:27.988042 >> LIN CALC FIN: 239.0464710251713
(ENTRY #446) 2022-04-19 07:33:27.988042 >> LIN CALC RAW: 660.9535289748287
(ENTRY #447) 2022-04-19 07:33:27.988042 >> Above!
(ENTRY #448) 2022-04-19 07:33:27.988042 >> Object lightRound has been created!
(ENTRY #449) 2022-04-19 07:33:27.988042 >> Protectile #92 has been created! Type: Light
(ENTRY #450) 2022-04-19 07:33:27.988042 >> Projectile created! ID: #92
(ENTRY #451) 2022-04-19 07:33:27.988042 >> MOUSEPOS: (127.0, 201.0)
(ENTRY #452) 2022-04-19 07:33:27.988042 >> SLOPE CALC:None
(ENTRY #453) 2022-04-19 07:33:27.988042 >> LIN CALC FIN: 284.13296878251435
(ENTRY #454) 2022-04-19 07:33:27.988042 >> LIN CALC RAW: 615.8670312174856
(ENTRY #455) 2022-04-19 07:33:27.988042 >> Above!
(ENTRY #456) 2022-04-19 07:33:27.988042 >> Object lightRound has been created!
(ENTRY #457) 2022-04-19 07:33:27.988042 >> Protectile #94 has been created! Type: Light
(ENTRY #458) 2022-04-19 07:33:27.988042 >> Projectile created! ID: #94
(ENTRY #459) 2022-04-19 07:33:27.988042 >> MOUSEPOS: (132.0, 207.0)
(ENTRY #460) 2022-04-19 07:33:27.988042 >> SLOPE CALC:None
(ENTRY #461) 2022-04-19 07:33:27.988042 >> LIN CALC FIN: 184.06938704513004
(ENTRY #462) 2022-04-19 07:33:27.988042 >> LIN CALC RAW: 715.93061295487
(ENTRY #463) 2022-04-19 07:33:27.988042 >> Below!
(ENTRY #464) 2022-04-19 07:33:27.988042 >> Object lightRound has been created!
(ENTRY #465) 2022-04-19 07:33:27.988042 >> Protectile #96 has been created! Type: Light
(ENTRY #466) 2022-04-19 07:33:27.988042 >> Projectile created! ID: #96
(ENTRY #467) 2022-04-19 07:33:27.988042 >> MOUSEPOS: (144.0, 240.0)
(ENTRY #468) 2022-04-19 07:33:27.988042 >> SLOPE CALC:None
(ENTRY #469) 2022-04-19 07:33:27.988042 >> LIN CALC FIN: 241.3875158770536
(ENTRY #470) 2022-04-19 07:33:27.988042 >> LIN CALC RAW: 658.6124841229464
(ENTRY #471) 2022-04-19 07:33:27.988042 >> Above!
(ENTRY #472) 2022-04-19 07:33:27.988042 >> Object lightRound has been created!
(ENTRY #473) 2022-04-19 07:33:27.988042 >> Protectile #98 has been created! Type: Light
(ENTRY #474) 2022-04-19 07:33:27.988042 >> Projectile created! ID: #98
(ENTRY #475) 2022-04-19 07:33:27.988042 >> MOUSEPOS: (78.04320027854925, 239.39665755858852)
(ENTRY #476) 2022-04-19 07:33:27.988042 >> SLOPE CALC:None
(ENTRY #477) 2022-04-19 07:33:27.988042 >> LIN CALC FIN: 242.9567997214508
(ENTRY #478) 2022-04-19 07:33:27.988042 >> LIN CALC RAW: 657.0432002785492
(ENTRY #479) 2022-04-19 07:33:27.988042 >> Above!
(ENTRY #480) 2022-04-19 07:33:27.988042 >> Object lightRound has been created!
(ENTRY #481) 2022-04-19 07:33:27.988042 >> Protectile #100 has been created! Type: Light
(ENTRY #482) 2022-04-19 07:33:27.988042 >> Projectile created! ID: #100
(ENTRY #483) 2022-04-19 07:33:27.988042 >> MOUSEPOS: (106.04320027854925, 201.39665755858852)
(ENTRY #484) 2022-04-19 07:33:27.988042 >> SLOPE CALC:None
(ENTRY #485) 2022-04-19 07:33:27.988042 >> LIN CALC FIN: 217.0432002785492
(ENTRY #486) 2022-04-19 07:33:27.988042 >> LIN CALC RAW: 682.9567997214508
(ENTRY #487) 2022-04-19 07:33:27.988042 >> Above!
(ENTRY #488) 2022-04-19 07:33:27.988042 >> Object lightRound has been created!
(ENTRY #489) 2022-04-19 07:33:27.989042 >> Protectile #102 has been created! Type: Light
(ENTRY #490) 2022-04-19 07:33:27.989042 >> Projectile created! ID: #102
(ENTRY #491) 2022-04-19 07:33:28.141771 >> Cloud created! ID: #9
(ENTRY #492) 2022-04-19 07:33:28.469876 >> Projectile removed!
(ENTRY #493) 2022-04-19 07:33:28.486876 >> Projectile has hit!
(ENTRY #494) 2022-04-19 07:33:28.486876 >> Projectile removed!
(ENTRY #495) 2022-04-19 07:33:28.520790 >> Projectile has hit!
(ENTRY #496) 2022-04-19 07:33:28.520790 >> Projectile removed!
(ENTRY #497) 2022-04-19 07:33:28.537331 >> Projectile removed!
(ENTRY #498) 2022-04-19 07:33:28.538331 >> Projectile has hit!
(ENTRY #499) 2022-04-19 07:33:28.538331 >> Projectile has hit!
(ENTRY #500) 2022-04-19 07:33:28.538331 >> Projectile removed!
(ENTRY #501) 2022-04-19 07:33:28.538331 >> Projectile removed!
(ENTRY #502) 2022-04-19 07:33:28.685462 >> Projectile has hit!
(ENTRY #503) 2022-04-19 07:33:28.685462 >> Projectile removed!
(ENTRY #504) 2022-04-19 07:33:28.735166 >> Projectile has hit!
(ENTRY #505) 2022-04-19 07:33:28.735166 >> Projectile removed!
(ENTRY #506) 2022-04-19 07:33:28.932219 >> Projectile has hit!
(ENTRY #507) 2022-04-19 07:33:28.932219 >> Projectile removed!
(ENTRY #508) 2022-04-19 07:33:29.175365 >> Cloud created! ID: #10
(ENTRY #509) 2022-04-19 07:33:29.625251 >> Returning to menu!
(ENTRY #510) 2022-04-19 07:33:29.790290 >> Projectile removed!
(ENTRY #511) 2022-04-19 07:33:29.839359 >> Projectile removed!
(ENTRY #512) 2022-04-19 07:33:29.904848 >> Projectile removed!
(ENTRY #513) 2022-04-19 07:33:30.000846 >> MOUSEPOS: (185.7608564650553, 114.6683615265043)
(ENTRY #514) 2022-04-19 07:33:30.000846 >> SLOPE CALC:None
(ENTRY #515) 2022-04-19 07:33:30.000846 >> LIN CALC FIN: 50.33715522575051
(ENTRY #516) 2022-04-19 07:33:30.000846 >> LIN CALC RAW: 849.6628447742495
(ENTRY #517) 2022-04-19 07:33:30.000846 >> Below!
(ENTRY #518) 2022-04-19 07:33:30.000846 >> Object lightRound has been created!
(ENTRY #519) 2022-04-19 07:33:30.000846 >> Protectile #104 has been created! Type: Light
(ENTRY #520) 2022-04-19 07:33:30.000846 >> Projectile created! ID: #104
(ENTRY #521) 2022-04-19 07:33:30.000846 >> MOUSEPOS: (174.7608564650553, 125.6683615265043)
(ENTRY #522) 2022-04-19 07:33:30.000846 >> SLOPE CALC:None
(ENTRY #523) 2022-04-19 07:33:30.000846 >> LIN CALC FIN: 71.29788648564261
(ENTRY #524) 2022-04-19 07:33:30.000846 >> LIN CALC RAW: 828.7021135143574
(ENTRY #525) 2022-04-19 07:33:30.000846 >> Below!
(ENTRY #526) 2022-04-19 07:33:30.000846 >> Object lightRound has been created!
(ENTRY #527) 2022-04-19 07:33:30.001846 >> Protectile #106 has been created! Type: Light
(ENTRY #528) 2022-04-19 07:33:30.001846 >> Projectile created! ID: #106
(ENTRY #529) 2022-04-19 07:33:30.001846 >> MOUSEPOS: (199.7608564650553, 137.6683615265043)
(ENTRY #530) 2022-04-19 07:33:30.001846 >> SLOPE CALC:None
(ENTRY #531) 2022-04-19 07:33:30.001846 >> LIN CALC FIN: 191.79963643667304
(ENTRY #532) 2022-04-19 07:33:30.001846 >> LIN CALC RAW: 708.200363563327
(ENTRY #533) 2022-04-19 07:33:30.001846 >> Above!
(ENTRY #534) 2022-04-19 07:33:30.001846 >> Object lightRound has been created!
(ENTRY #535) 2022-04-19 07:33:30.001846 >> Protectile #108 has been created! Type: Light
(ENTRY #536) 2022-04-19 07:33:30.001846 >> Projectile created! ID: #108
(ENTRY #537) 2022-04-19 07:33:30.001846 >> MOUSEPOS: (187.7608564650553, 145.6683615265043)
(ENTRY #538) 2022-04-19 07:33:30.001846 >> SLOPE CALC:None
(ENTRY #539) 2022-04-19 07:33:30.001846 >> LIN CALC FIN: 90.2732239350837
(ENTRY #540) 2022-04-19 07:33:30.001846 >> LIN CALC RAW: 809.7267760649163
(ENTRY #541) 2022-04-19 07:33:30.001846 >> Below!
(ENTRY #542) 2022-04-19 07:33:30.001846 >> Object lightRound has been created!
(ENTRY #543) 2022-04-19 07:33:30.001846 >> Protectile #110 has been created! Type: Light
(ENTRY #544) 2022-04-19 07:33:30.001846 >> Projectile created! ID: #110
(ENTRY #545) 2022-04-19 07:33:30.001846 >> MOUSEPOS: (220.7608564650553, 132.6683615265043)
(ENTRY #546) 2022-04-19 07:33:30.001846 >> SLOPE CALC:None
(ENTRY #547) 2022-04-19 07:33:30.001846 >> LIN CALC FIN: 98.00397754674009
(ENTRY #548) 2022-04-19 07:33:30.001846 >> LIN CALC RAW: 801.9960224532599
(ENTRY #549) 2022-04-19 07:33:30.001846 >> Below!
(ENTRY #550) 2022-04-19 07:33:30.001846 >> Object lightRound has been created!
(ENTRY #551) 2022-04-19 07:33:30.001846 >> Protectile #112 has been created! Type: Light
(ENTRY #552) 2022-04-19 07:33:30.001846 >> Projectile created! ID: #112
(ENTRY #553) 2022-04-19 07:33:30.001846 >> MOUSEPOS: (203.7608564650553, 143.6683615265043)
(ENTRY #554) 2022-04-19 07:33:30.001846 >> SLOPE CALC:None
(ENTRY #555) 2022-04-19 07:33:30.001846 >> LIN CALC FIN: 76.95923011748414
(ENTRY #556) 2022-04-19 07:33:30.001846 >> LIN CALC RAW: 823.0407698825159
(ENTRY #557) 2022-04-19 07:33:30.001846 >> Below!
(ENTRY #558) 2022-04-19 07:33:30.001846 >> Object lightRound has been created!
(ENTRY #559) 2022-04-19 07:33:30.001846 >> Protectile #114 has been created! Type: Light
(ENTRY #560) 2022-04-19 07:33:30.001846 >> Projectile created! ID: #114
(ENTRY #561) 2022-04-19 07:33:30.001846 >> MOUSEPOS: (190.7608564650553, 100.6683615265043)
(ENTRY #562) 2022-04-19 07:33:30.001846 >> SLOPE CALC:None
(ENTRY #563) 2022-04-19 07:33:30.001846 >> LIN CALC FIN: 87.2732239350837
(ENTRY #564) 2022-04-19 07:33:30.001846 >> LIN CALC RAW: 812.7267760649163
(ENTRY #565) 2022-04-19 07:33:30.001846 >> Below!
(ENTRY #566) 2022-04-19 07:33:30.001846 >> Object lightRound has been created!
(ENTRY #567) 2022-04-19 07:33:30.001846 >> Protectile #116 has been created! Type: Light
(ENTRY #568) 2022-04-19 07:33:30.001846 >> Projectile created! ID: #116
(ENTRY #569) 2022-04-19 07:33:30.001846 >> MOUSEPOS: (208.7608564650553, 131.6683615265043)
(ENTRY #570) 2022-04-19 07:33:30.001846 >> SLOPE CALC:None
(ENTRY #571) 2022-04-19 07:33:30.001846 >> LIN CALC FIN: -33.652504783479685
(ENTRY #572) 2022-04-19 07:33:30.001846 >> LIN CALC RAW: 933.6525047834797
(ENTRY #573) 2022-04-19 07:33:30.001846 >> Below!
(ENTRY #574) 2022-04-19 07:33:30.001846 >> Object lightRound has been created!
(ENTRY #575) 2022-04-19 07:33:30.001846 >> Protectile #118 has been created! Type: Light
(ENTRY #576) 2022-04-19 07:33:30.001846 >> Projectile created! ID: #118
(ENTRY #577) 2022-04-19 07:33:30.001846 >> MOUSEPOS: (190.7608564650553, 134.6683615265043)
(ENTRY #578) 2022-04-19 07:33:30.001846 >> SLOPE CALC:None
(ENTRY #579) 2022-04-19 07:33:30.001846 >> LIN CALC FIN: -30.77394242151695
(ENTRY #580) 2022-04-19 07:33:30.001846 >> LIN CALC RAW: 930.773942421517
(ENTRY #581) 2022-04-19 07:33:30.001846 >> Below!
(ENTRY #582) 2022-04-19 07:33:30.001846 >> Object lightRound has been created!
(ENTRY #583) 2022-04-19 07:33:30.002848 >> Protectile #120 has been created! Type: Light
(ENTRY #584) 2022-04-19 07:33:30.002848 >> Projectile created! ID: #120
(ENTRY #585) 2022-04-19 07:33:30.002848 >> MOUSEPOS: (197.7608564650553, 100.6683615265043)
(ENTRY #586) 2022-04-19 07:33:30.002848 >> SLOPE CALC:None
(ENTRY #587) 2022-04-19 07:33:30.002848 >> LIN CALC FIN: 61.60853421757088
(ENTRY #588) 2022-04-19 07:33:30.002848 >> LIN CALC RAW: 838.3914657824291
(ENTRY #589) 2022-04-19 07:33:30.002848 >> Below!
(ENTRY #590) 2022-04-19 07:33:30.002848 >> Object lightRound has been created!
(ENTRY #591) 2022-04-19 07:33:30.002848 >> Protectile #122 has been created! Type: Light
(ENTRY #592) 2022-04-19 07:33:30.002848 >> Projectile created! ID: #122
(ENTRY #593) 2022-04-19 07:33:30.002848 >> MOUSEPOS: (173.7608564650553, 105.6683615265043)
(ENTRY #594) 2022-04-19 07:33:30.002848 >> SLOPE CALC:None
(ENTRY #595) 2022-04-19 07:33:30.002848 >> LIN CALC FIN: 101.27949852252573
(ENTRY #596) 2022-04-19 07:33:30.002848 >> LIN CALC RAW: 798.7205014774743
(ENTRY #597) 2022-04-19 07:33:30.002848 >> Below!
(ENTRY #598) 2022-04-19 07:33:30.002848 >> Object lightRound has been created!
(ENTRY #599) 2022-04-19 07:33:30.002848 >> Protectile #124 has been created! Type: Light
(ENTRY #600) 2022-04-19 07:33:30.002848 >> Projectile created! ID: #124
(ENTRY #601) 2022-04-19 07:33:30.002848 >> MOUSEPOS: (199.7608564650553, 108.6683615265043)
(ENTRY #602) 2022-04-19 07:33:30.002848 >> SLOPE CALC:None
(ENTRY #603) 2022-04-19 07:33:30.002848 >> LIN CALC FIN: 94.98876665509852
(ENTRY #604) 2022-04-19 07:33:30.002848 >> LIN CALC RAW: 805.0112333449015
(ENTRY #605) 2022-04-19 07:33:30.002848 >> Below!
(ENTRY #606) 2022-04-19 07:33:30.002848 >> Object lightRound has been created!
(ENTRY #607) 2022-04-19 07:33:30.002848 >> Protectile #126 has been created! Type: Light
(ENTRY #608) 2022-04-19 07:33:30.002848 >> Projectile created! ID: #126
(ENTRY #609) 2022-04-19 07:33:30.002848 >> MOUSEPOS: (209.95982650676538, 80.09891644393252)
(ENTRY #610) 2022-04-19 07:33:30.002848 >> SLOPE CALC:None
(ENTRY #611) 2022-04-19 07:33:30.002848 >> LIN CALC FIN: 59.46939148479419
(ENTRY #612) 2022-04-19 07:33:30.002848 >> LIN CALC RAW: 840.5306085152058
(ENTRY #613) 2022-04-19 07:33:30.002848 >> Below!
(ENTRY #614) 2022-04-19 07:33:30.002848 >> Object lightRound has been created!
(ENTRY #615) 2022-04-19 07:33:30.002848 >> Protectile #128 has been created! Type: Light
(ENTRY #616) 2022-04-19 07:33:30.002848 >> Projectile created! ID: #128
(ENTRY #617) 2022-04-19 07:33:30.054846 >> Projectile removed!
(ENTRY #618) 2022-04-19 07:33:30.070837 >> Projectile removed!
(ENTRY #619) 2022-04-19 07:33:30.121848 >> Projectile removed!
(ENTRY #620) 2022-04-19 07:33:30.242848 >> Projectile has hit!
(ENTRY #621) 2022-04-19 07:33:30.242848 >> Projectile removed!
(ENTRY #622) 2022-04-19 07:33:30.258848 >> Projectile removed!
(ENTRY #623) 2022-04-19 07:33:30.310848 >> Cloud created! ID: #11
(ENTRY #624) 2022-04-19 07:33:30.329848 >> Projectile has hit!
(ENTRY #625) 2022-04-19 07:33:30.329848 >> Projectile has hit!
(ENTRY #626) 2022-04-19 07:33:30.329848 >> Projectile removed!
(ENTRY #627) 2022-04-19 07:33:30.329848 >> Projectile removed!
(ENTRY #628) 2022-04-19 07:33:30.531122 >> Projectile removed!
(ENTRY #629) 2022-04-19 07:33:30.549133 >> Projectile has hit!
(ENTRY #630) 2022-04-19 07:33:30.549133 >> Projectile removed!
(ENTRY #631) 2022-04-19 07:33:30.598226 >> Projectile has hit!
(ENTRY #632) 2022-04-19 07:33:30.598226 >> Projectile removed!
(ENTRY #633) 2022-04-19 07:33:30.863607 >> Projectile removed!
(ENTRY #634) 2022-04-19 07:33:31.140507 >> Projectile removed!
(ENTRY #635) 2022-04-19 07:33:31.204052 >> Projectile removed!
(ENTRY #636) 2022-04-19 07:33:31.364575 >> Cloud created! ID: #12
(ENTRY #637) 2022-04-19 07:33:31.431874 >> Projectile removed!
(ENTRY #638) 2022-04-19 07:33:31.831804 >> Projectile has hit!
(ENTRY #639) 2022-04-19 07:33:31.832801 >> Projectile removed!
(ENTRY #640) 2022-04-19 07:33:31.895824 >> Projectile removed!
(ENTRY #641) 2022-04-19 07:33:31.897833 >> Dumb-AI Entity created!
(ENTRY #642) 2022-04-19 07:33:31.898839 >> Dumb-AI Entity created!
(ENTRY #643) 2022-04-19 07:33:31.899824 >> Dumb-AI Entity created!
(ENTRY #644) 2022-04-19 07:33:32.010367 >> MOUSEPOS: (139.0, 303.0)
(ENTRY #645) 2022-04-19 07:33:32.010367 >> SLOPE CALC:None
(ENTRY #646) 2022-04-19 07:33:32.010367 >> LIN CALC FIN: 114.36306551192831
(ENTRY #647) 2022-04-19 07:33:32.010367 >> LIN CALC RAW: 785.6369344880717
(ENTRY #648) 2022-04-19 07:33:32.010367 >> Below!
(ENTRY #649) 2022-04-19 07:33:32.010367 >> Object lightRound has been created!
(ENTRY #650) 2022-04-19 07:33:32.010367 >> Protectile #130 has been created! Type: Light
(ENTRY #651) 2022-04-19 07:33:32.010367 >> Projectile created! ID: #130
(ENTRY #652) 2022-04-19 07:33:32.010367 >> MOUSEPOS: (122.0, 324.0)
(ENTRY #653) 2022-04-19 07:33:32.010367 >> SLOPE CALC:None
(ENTRY #654) 2022-04-19 07:33:32.010367 >> LIN CALC FIN: 167.32757418872768
(ENTRY #655) 2022-04-19 07:33:32.010367 >> LIN CALC RAW: 732.6724258112723
(ENTRY #656) 2022-04-19 07:33:32.010367 >> Below!
(ENTRY #657) 2022-04-19 07:33:32.010367 >> Object lightRound has been created!
(ENTRY #658) 2022-04-19 07:33:32.010367 >> Protectile #132 has been created! Type: Light
(ENTRY #659) 2022-04-19 07:33:32.010367 >> Projectile created! ID: #132
(ENTRY #660) 2022-04-19 07:33:32.010367 >> MOUSEPOS: (206.0, 437.0)
(ENTRY #661) 2022-04-19 07:33:32.010367 >> SLOPE CALC:None
(ENTRY #662) 2022-04-19 07:33:32.010367 >> LIN CALC FIN: 235.80553238659036
(ENTRY #663) 2022-04-19 07:33:32.010367 >> LIN CALC RAW: 664.1944676134096
(ENTRY #664) 2022-04-19 07:33:32.010367 >> Below!
(ENTRY #665) 2022-04-19 07:33:32.010367 >> Object lightRound has been created!
(ENTRY #666) 2022-04-19 07:33:32.010367 >> Protectile #134 has been created! Type: Light
(ENTRY #667) 2022-04-19 07:33:32.010367 >> Projectile created! ID: #134
(ENTRY #668) 2022-04-19 07:33:32.010367 >> MOUSEPOS: (166.0, 364.0)
(ENTRY #669) 2022-04-19 07:33:32.010367 >> SLOPE CALC:None
(ENTRY #670) 2022-04-19 07:33:32.010367 >> LIN CALC FIN: 431.13263186126636
(ENTRY #671) 2022-04-19 07:33:32.010367 >> LIN CALC RAW: 468.86736813873364
(ENTRY #672) 2022-04-19 07:33:32.010367 >> Above!
(ENTRY #673) 2022-04-19 07:33:32.010367 >> Object lightRound has been created!
(ENTRY #674) 2022-04-19 07:33:32.010367 >> Protectile #136 has been created! Type: Light
(ENTRY #675) 2022-04-19 07:33:32.010367 >> Projectile created! ID: #136
(ENTRY #676) 2022-04-19 07:33:32.010367 >> MOUSEPOS: (163.0, 387.0)
(ENTRY #677) 2022-04-19 07:33:32.010367 >> SLOPE CALC:None
(ENTRY #678) 2022-04-19 07:33:32.010367 >> LIN CALC FIN: 315.5513299975237
(ENTRY #679) 2022-04-19 07:33:32.010367 >> LIN CALC RAW: 584.4486700024763
(ENTRY #680) 2022-04-19 07:33:32.010367 >> Below!
(ENTRY #681) 2022-04-19 07:33:32.010367 >> Object lightRound has been created!
(ENTRY #682) 2022-04-19 07:33:32.010367 >> Protectile #138 has been created! Type: Light
(ENTRY #683) 2022-04-19 07:33:32.010367 >> Projectile created! ID: #138
(ENTRY #684) 2022-04-19 07:33:32.010367 >> MOUSEPOS: (184.0, 398.0)
(ENTRY #685) 2022-04-19 07:33:32.010367 >> SLOPE CALC:None
(ENTRY #686) 2022-04-19 07:33:32.010367 >> LIN CALC FIN: 21.09878508273573
(ENTRY #687) 2022-04-19 07:33:32.010367 >> LIN CALC RAW: 878.9012149172643
(ENTRY #688) 2022-04-19 07:33:32.010367 >> Below!
(ENTRY #689) 2022-04-19 07:33:32.010367 >> Object lightRound has been created!
(ENTRY #690) 2022-04-19 07:33:32.011367 >> Protectile #140 has been created! Type: Light
(ENTRY #691) 2022-04-19 07:33:32.011367 >> Projectile created! ID: #140
(ENTRY #692) 2022-04-19 07:33:32.011367 >> MOUSEPOS: (156.0, 376.0)
(ENTRY #693) 2022-04-19 07:33:32.011367 >> SLOPE CALC:None
(ENTRY #694) 2022-04-19 07:33:32.011367 >> LIN CALC FIN: 482.8569605590864
(ENTRY #695) 2022-04-19 07:33:32.011367 >> LIN CALC RAW: 417.1430394409136
(ENTRY #696) 2022-04-19 07:33:32.011367 >> Above!
(ENTRY #697) 2022-04-19 07:33:32.011367 >> Object lightRound has been created!
(ENTRY #698) 2022-04-19 07:33:32.011367 >> Protectile #142 has been created! Type: Light
(ENTRY #699) 2022-04-19 07:33:32.011367 >> Projectile created! ID: #142
(ENTRY #700) 2022-04-19 07:33:32.011367 >> MOUSEPOS: (127.0, 309.0)
(ENTRY #701) 2022-04-19 07:33:32.011367 >> SLOPE CALC:None
(ENTRY #702) 2022-04-19 07:33:32.011367 >> LIN CALC FIN: 202.16531259773933
(ENTRY #703) 2022-04-19 07:33:32.011367 >> LIN CALC RAW: 697.8346874022607
(ENTRY #704) 2022-04-19 07:33:32.011367 >> Below!
(ENTRY #705) 2022-04-19 07:33:32.011367 >> Object lightRound has been created!
(ENTRY #706) 2022-04-19 07:33:32.011367 >> Protectile #144 has been created! Type: Light
(ENTRY #707) 2022-04-19 07:33:32.011367 >> Projectile created! ID: #144
(ENTRY #708) 2022-04-19 07:33:32.011367 >> MOUSEPOS: (158.0, 341.0)
(ENTRY #709) 2022-04-19 07:33:32.011367 >> SLOPE CALC:None
(ENTRY #710) 2022-04-19 07:33:32.011367 >> LIN CALC FIN: 320.7190764578879
(ENTRY #711) 2022-04-19 07:33:32.011367 >> LIN CALC RAW: 579.2809235421121
(ENTRY #712) 2022-04-19 07:33:32.011367 >> Below!
(ENTRY #713) 2022-04-19 07:33:32.011367 >> Object lightRound has been created!
(ENTRY #714) 2022-04-19 07:33:32.011367 >> Protectile #146 has been created! Type: Light
(ENTRY #715) 2022-04-19 07:33:32.011367 >> Projectile created! ID: #146
(ENTRY #716) 2022-04-19 07:33:32.011367 >> MOUSEPOS: (171.0, 421.0)
(ENTRY #717) 2022-04-19 07:33:32.011367 >> SLOPE CALC:None
(ENTRY #718) 2022-04-19 07:33:32.011367 >> LIN CALC FIN: 529.7615547724365
(ENTRY #719) 2022-04-19 07:33:32.011367 >> LIN CALC RAW: 370.2384452275635
(ENTRY #720) 2022-04-19 07:33:32.011367 >> Above!
(ENTRY #721) 2022-04-19 07:33:32.011367 >> Object lightRound has been created!
(ENTRY #722) 2022-04-19 07:33:32.011367 >> Protectile #148 has been created! Type: Light
(ENTRY #723) 2022-04-19 07:33:32.011367 >> Projectile created! ID: #148
(ENTRY #724) 2022-04-19 07:33:32.011367 >> MOUSEPOS: (128.0, 311.0)
(ENTRY #725) 2022-04-19 07:33:32.011367 >> SLOPE CALC:None
(ENTRY #726) 2022-04-19 07:33:32.011367 >> LIN CALC FIN: 138.20199623653275
(ENTRY #727) 2022-04-19 07:33:32.011367 >> LIN CALC RAW: 761.7980037634672
(ENTRY #728) 2022-04-19 07:33:32.011367 >> Below!
(ENTRY #729) 2022-04-19 07:33:32.011367 >> Object lightRound has been created!
(ENTRY #730) 2022-04-19 07:33:32.011367 >> Protectile #150 has been created! Type: Light
(ENTRY #731) 2022-04-19 07:33:32.011367 >> Projectile created! ID: #150
(ENTRY #732) 2022-04-19 07:33:32.011367 >> MOUSEPOS: (164.0, 310.0)
(ENTRY #733) 2022-04-19 07:33:32.011367 >> SLOPE CALC:None
(ENTRY #734) 2022-04-19 07:33:32.011367 >> LIN CALC FIN: 135.1810551715671
(ENTRY #735) 2022-04-19 07:33:32.011367 >> LIN CALC RAW: 764.8189448284329
(ENTRY #736) 2022-04-19 07:33:32.011367 >> Below!
(ENTRY #737) 2022-04-19 07:33:32.011367 >> Object lightRound has been created!
(ENTRY #738) 2022-04-19 07:33:32.011367 >> Protectile #152 has been created! Type: Light
(ENTRY #739) 2022-04-19 07:33:32.011367 >> Projectile created! ID: #152
(ENTRY #740) 2022-04-19 07:33:32.011367 >> MOUSEPOS: (88.17032855512112, 352.30296041638746)
(ENTRY #741) 2022-04-19 07:33:32.011367 >> SLOPE CALC:None
(ENTRY #742) 2022-04-19 07:33:32.011367 >> LIN CALC FIN: 324.82967144487884
(ENTRY #743) 2022-04-19 07:33:32.011367 >> LIN CALC RAW: 575.1703285551212
(ENTRY #744) 2022-04-19 07:33:32.011367 >> Below!
(ENTRY #745) 2022-04-19 07:33:32.011367 >> Object lightRound has been created!
(ENTRY #746) 2022-04-19 07:33:32.012367 >> Protectile #154 has been created! Type: Light
(ENTRY #747) 2022-04-19 07:33:32.012367 >> Projectile created! ID: #154
(ENTRY #748) 2022-04-19 07:33:32.012367 >> MOUSEPOS: (110.17032855512112, 353.30296041638746)
(ENTRY #749) 2022-04-19 07:33:32.012367 >> SLOPE CALC:None
(ENTRY #750) 2022-04-19 07:33:32.012367 >> LIN CALC FIN: 372.82967144487884
(ENTRY #751) 2022-04-19 07:33:32.012367 >> LIN CALC RAW: 527.1703285551212
(ENTRY #752) 2022-04-19 07:33:32.012367 >> Above!
(ENTRY #753) 2022-04-19 07:33:32.012367 >> Object lightRound has been created!
(ENTRY #754) 2022-04-19 07:33:32.012367 >> Protectile #156 has been created! Type: Light
(ENTRY #755) 2022-04-19 07:33:32.012367 >> Projectile created! ID: #156
(ENTRY #756) 2022-04-19 07:33:32.012367 >> MOUSEPOS: (104.71934855939625, 399.83198143812746)
(ENTRY #757) 2022-04-19 07:33:32.012367 >> SLOPE CALC:None
(ENTRY #758) 2022-04-19 07:33:32.012367 >> LIN CALC FIN: 448.2806514406037
(ENTRY #759) 2022-04-19 07:33:32.012367 >> LIN CALC RAW: 451.7193485593963
(ENTRY #760) 2022-04-19 07:33:32.012367 >> Above!
(ENTRY #761) 2022-04-19 07:33:32.012367 >> Object lightRound has been created!
(ENTRY #762) 2022-04-19 07:33:32.012367 >> Protectile #158 has been created! Type: Light
(ENTRY #763) 2022-04-19 07:33:32.012367 >> Projectile created! ID: #158
(ENTRY #764) 2022-04-19 07:33:32.199936 >> Projectile has hit!
(ENTRY #765) 2022-04-19 07:33:32.199936 >> Projectile removed!
(ENTRY #766) 2022-04-19 07:33:32.217936 >> Projectile removed!
(ENTRY #767) 2022-04-19 07:33:32.251261 >> Projectile removed!
(ENTRY #768) 2022-04-19 07:33:32.251261 >> Projectile removed!
(ENTRY #769) 2022-04-19 07:33:32.286367 >> Projectile has hit!
(ENTRY #770) 2022-04-19 07:33:32.286367 >> Projectile removed!
(ENTRY #771) 2022-04-19 07:33:32.370992 >> Projectile removed!
(ENTRY #772) 2022-04-19 07:33:32.387992 >> Projectile has hit!
(ENTRY #773) 2022-04-19 07:33:32.387992 >> Projectile removed!
(ENTRY #774) 2022-04-19 07:33:32.404992 >> Cloud created! ID: #13
(ENTRY #775) 2022-04-19 07:33:32.423992 >> Projectile has hit!
(ENTRY #776) 2022-04-19 07:33:32.423992 >> Projectile removed!
(ENTRY #777) 2022-04-19 07:33:32.490960 >> Projectile removed!
(ENTRY #778) 2022-04-19 07:33:32.668072 >> Projectile has hit!
(ENTRY #779) 2022-04-19 07:33:32.668072 >> Projectile removed!
(ENTRY #780) 2022-04-19 07:33:32.766997 >> MOUSEPOS: (113, 202)
(ENTRY #781) 2022-04-19 07:33:32.766997 >> SLOPE CALC:None
(ENTRY #782) 2022-04-19 07:33:32.766997 >> LIN CALC FIN: 317.1794773838601
(ENTRY #783) 2022-04-19 07:33:32.766997 >> LIN CALC RAW: 582.8205226161399
(ENTRY #784) 2022-04-19 07:33:32.766997 >> Above!
(ENTRY #785) 2022-04-19 07:33:32.766997 >> Object lightRound has been created!
(ENTRY #786) 2022-04-19 07:33:32.766997 >> Protectile #160 has been created! Type: Light
(ENTRY #787) 2022-04-19 07:33:32.766997 >> Projectile created! ID: #160
(ENTRY #788) 2022-04-19 07:33:32.862887 >> Projectile has hit!
(ENTRY #789) 2022-04-19 07:33:32.862887 >> Projectile removed!
(ENTRY #790) 2022-04-19 07:33:33.060935 >> Projectile has hit!
(ENTRY #791) 2022-04-19 07:33:33.060935 >> Projectile removed!
(ENTRY #792) 2022-04-19 07:33:33.092969 >> Projectile removed!
(ENTRY #793) 2022-04-19 07:33:33.408541 >> Cloud created! ID: #14
(ENTRY #794) 2022-04-19 07:33:33.441065 >> Projectile removed!
(ENTRY #795) 2022-04-19 07:33:33.489062 >> Projectile removed!
(ENTRY #796) 2022-04-19 07:33:33.637222 >> Projectile has hit!
(ENTRY #797) 2022-04-19 07:33:33.637222 >> Projectile removed!
(ENTRY #798) 2022-04-19 07:33:33.734291 >> Projectile has hit!
(ENTRY #799) 2022-04-19 07:33:33.734291 >> Projectile removed!
(ENTRY #800) 2022-04-19 07:33:33.830289 >> Projectile has hit!
(ENTRY #801) 2022-04-19 07:33:33.830289 >> Projectile removed!
(ENTRY #802) 2022-04-19 07:33:34.013404 >> MOUSEPOS: (151.28335169558687, 229.03134774131087)
(ENTRY #803) 2022-04-19 07:33:34.013404 >> SLOPE CALC:None
(ENTRY #804) 2022-04-19 07:33:34.013404 >> LIN CALC FIN: 232.5714846981632
(ENTRY #805) 2022-04-19 07:33:34.013404 >> LIN CALC RAW: 667.4285153018368
(ENTRY #806) 2022-04-19 07:33:34.013404 >> Above!
(ENTRY #807) 2022-04-19 07:33:34.013404 >> Object lightRound has been created!
(ENTRY #808) 2022-04-19 07:33:34.013404 >> Protectile #162 has been created! Type: Light
(ENTRY #809) 2022-04-19 07:33:34.013404 >> Projectile created! ID: #162
(ENTRY #810) 2022-04-19 07:33:34.013404 >> MOUSEPOS: (192.60226042104276, 320.77157139574774)
(ENTRY #811) 2022-04-19 07:33:34.013404 >> SLOPE CALC:None
(ENTRY #812) 2022-04-19 07:33:34.013404 >> LIN CALC FIN: 255.2155391164606
(ENTRY #813) 2022-04-19 07:33:34.013404 >> LIN CALC RAW: 644.7844608835394
(ENTRY #814) 2022-04-19 07:33:34.013404 >> Below!
(ENTRY #815) 2022-04-19 07:33:34.013404 >> Object lightRound has been created!
(ENTRY #816) 2022-04-19 07:33:34.013404 >> Protectile #164 has been created! Type: Light
(ENTRY #817) 2022-04-19 07:33:34.013404 >> Projectile created! ID: #164
(ENTRY #818) 2022-04-19 07:33:34.013404 >> MOUSEPOS: (208.60226042104276, 289.77157139574774)
(ENTRY #819) 2022-04-19 07:33:34.013404 >> SLOPE CALC:None
(ENTRY #820) 2022-04-19 07:33:34.013404 >> LIN CALC FIN: 280.64395845815284
(ENTRY #821) 2022-04-19 07:33:34.013404 >> LIN CALC RAW: 619.3560415418472
(ENTRY #822) 2022-04-19 07:33:34.013404 >> Below!
(ENTRY #823) 2022-04-19 07:33:34.013404 >> Object lightRound has been created!
(ENTRY #824) 2022-04-19 07:33:34.013404 >> Protectile #166 has been created! Type: Light
(ENTRY #825) 2022-04-19 07:33:34.013404 >> Projectile created! ID: #166
(ENTRY #826) 2022-04-19 07:33:34.013404 >> MOUSEPOS: (219.60226042104276, 295.77157139574774)
(ENTRY #827) 2022-04-19 07:33:34.013404 >> SLOPE CALC:None
(ENTRY #828) 2022-04-19 07:33:34.013404 >> LIN CALC FIN: 370.330616584076
(ENTRY #829) 2022-04-19 07:33:34.013404 >> LIN CALC RAW: 529.669383415924
(ENTRY #830) 2022-04-19 07:33:34.013404 >> Above!
(ENTRY #831) 2022-04-19 07:33:34.013404 >> Object lightRound has been created!
(ENTRY #832) 2022-04-19 07:33:34.013404 >> Protectile #168 has been created! Type: Light
(ENTRY #833) 2022-04-19 07:33:34.013404 >> Projectile created! ID: #168
(ENTRY #834) 2022-04-19 07:33:34.013404 >> MOUSEPOS: (218.60226042104276, 300.77157139574774)
(ENTRY #835) 2022-04-19 07:33:34.013404 >> SLOPE CALC:None
(ENTRY #836) 2022-04-19 07:33:34.013404 >> LIN CALC FIN: 396.4921775222954
(ENTRY #837) 2022-04-19 07:33:34.013404 >> LIN CALC RAW: 503.5078224777046
(ENTRY #838) 2022-04-19 07:33:34.013404 >> Above!
(ENTRY #839) 2022-04-19 07:33:34.013404 >> Object lightRound has been created!
(ENTRY #840) 2022-04-19 07:33:34.013404 >> Protectile #170 has been created! Type: Light
(ENTRY #841) 2022-04-19 07:33:34.013404 >> Projectile created! ID: #170
(ENTRY #842) 2022-04-19 07:33:34.013404 >> MOUSEPOS: (208.60226042104276, 278.77157139574774)
(ENTRY #843) 2022-04-19 07:33:34.013404 >> SLOPE CALC:None
(ENTRY #844) 2022-04-19 07:33:34.013404 >> LIN CALC FIN: 3.43590608216698
(ENTRY #845) 2022-04-19 07:33:34.013404 >> LIN CALC RAW: 896.564093917833
(ENTRY #846) 2022-04-19 07:33:34.013404 >> Below!
(ENTRY #847) 2022-04-19 07:33:34.013404 >> Object lightRound has been created!
(ENTRY #848) 2022-04-19 07:33:34.014403 >> Protectile #172 has been created! Type: Light
(ENTRY #849) 2022-04-19 07:33:34.014403 >> Projectile created! ID: #172
(ENTRY #850) 2022-04-19 07:33:34.014403 >> MOUSEPOS: (212.60226042104276, 316.77157139574774)
(ENTRY #851) 2022-04-19 07:33:34.014403 >> SLOPE CALC:None
(ENTRY #852) 2022-04-19 07:33:34.014403 >> LIN CALC FIN: 223.57398076676452
(ENTRY #853) 2022-04-19 07:33:34.014403 >> LIN CALC RAW: 676.4260192332355
(ENTRY #854) 2022-04-19 07:33:34.014403 >> Below!
(ENTRY #855) 2022-04-19 07:33:34.014403 >> Object lightRound has been created!
(ENTRY #856) 2022-04-19 07:33:34.014403 >> Protectile #174 has been created! Type: Light
(ENTRY #857) 2022-04-19 07:33:34.014403 >> Projectile created! ID: #174
(ENTRY #858) 2022-04-19 07:33:34.014403 >> MOUSEPOS: (145.7166483044123, 207.0313477413106)
(ENTRY #859) 2022-04-19 07:33:34.014403 >> SLOPE CALC:None
(ENTRY #860) 2022-04-19 07:33:34.014403 >> LIN CALC FIN: 291.7913769062927
(ENTRY #861) 2022-04-19 07:33:34.014403 >> LIN CALC RAW: 608.2086230937073
(ENTRY #862) 2022-04-19 07:33:34.014403 >> Above!
(ENTRY #863) 2022-04-19 07:33:34.014403 >> Object lightRound has been created!
(ENTRY #864) 2022-04-19 07:33:34.014403 >> Protectile #176 has been created! Type: Light
(ENTRY #865) 2022-04-19 07:33:34.014403 >> Projectile created! ID: #176
(ENTRY #866) 2022-04-19 07:33:34.014403 >> MOUSEPOS: (158.28335169558687, 256.03134774131087)
(ENTRY #867) 2022-04-19 07:33:34.014403 >> SLOPE CALC:None
(ENTRY #868) 2022-04-19 07:33:34.014403 >> LIN CALC FIN: 212.1630057047489
(ENTRY #869) 2022-04-19 07:33:34.014403 >> LIN CALC RAW: 687.8369942952511
(ENTRY #870) 2022-04-19 07:33:34.014403 >> Below!
(ENTRY #871) 2022-04-19 07:33:34.014403 >> Object lightRound has been created!
(ENTRY #872) 2022-04-19 07:33:34.014403 >> Protectile #178 has been created! Type: Light
(ENTRY #873) 2022-04-19 07:33:34.014403 >> Projectile created! ID: #178
(ENTRY #874) 2022-04-19 07:33:34.014403 >> MOUSEPOS: (190.60226042104276, 283.77157139574774)
(ENTRY #875) 2022-04-19 07:33:34.014403 >> SLOPE CALC:None
(ENTRY #876) 2022-04-19 07:33:34.014403 >> LIN CALC FIN: 174.36636050694676
(ENTRY #877) 2022-04-19 07:33:34.014403 >> LIN CALC RAW: 725.6336394930532
(ENTRY #878) 2022-04-19 07:33:34.014403 >> Below!
(ENTRY #879) 2022-04-19 07:33:34.014403 >> Object lightRound has been created!
(ENTRY #880) 2022-04-19 07:33:34.014403 >> Protectile #180 has been created! Type: Light
(ENTRY #881) 2022-04-19 07:33:34.014403 >> Projectile created! ID: #180
(ENTRY #882) 2022-04-19 07:33:34.014403 >> MOUSEPOS: (175.7166483044123, 205.0313477413106)
(ENTRY #883) 2022-04-19 07:33:34.014403 >> SLOPE CALC:None
(ENTRY #884) 2022-04-19 07:33:34.014403 >> LIN CALC FIN: 243.0511918049873
(ENTRY #885) 2022-04-19 07:33:34.014403 >> LIN CALC RAW: 656.9488081950127
(ENTRY #886) 2022-04-19 07:33:34.014403 >> Above!
(ENTRY #887) 2022-04-19 07:33:34.014403 >> Object lightRound has been created!
(ENTRY #888) 2022-04-19 07:33:34.014403 >> Protectile #182 has been created! Type: Light
(ENTRY #889) 2022-04-19 07:33:34.014403 >> Projectile created! ID: #182
(ENTRY #890) 2022-04-19 07:33:34.014403 >> MOUSEPOS: (151.7166483044123, 219.0313477413106)
(ENTRY #891) 2022-04-19 07:33:34.014403 >> SLOPE CALC:None
(ENTRY #892) 2022-04-19 07:33:34.014403 >> LIN CALC FIN: 295.01317510322247
(ENTRY #893) 2022-04-19 07:33:34.014403 >> LIN CALC RAW: 604.9868248967775
(ENTRY #894) 2022-04-19 07:33:34.014403 >> Above!
(ENTRY #895) 2022-04-19 07:33:34.014403 >> Object lightRound has been created!
(ENTRY #896) 2022-04-19 07:33:34.014403 >> Protectile #184 has been created! Type: Light
(ENTRY #897) 2022-04-19 07:33:34.014403 >> Projectile created! ID: #184
(ENTRY #898) 2022-04-19 07:33:34.014403 >> MOUSEPOS: (194.918073694405, 266.93676269934514)
(ENTRY #899) 2022-04-19 07:33:34.014403 >> SLOPE CALC:None
(ENTRY #900) 2022-04-19 07:33:34.014403 >> LIN CALC FIN: 236.23277313130325
(ENTRY #901) 2022-04-19 07:33:34.014403 >> LIN CALC RAW: 663.7672268686968
(ENTRY #902) 2022-04-19 07:33:34.014403 >> Below!
(ENTRY #903) 2022-04-19 07:33:34.014403 >> Object lightRound has been created!
(ENTRY #904) 2022-04-19 07:33:34.015404 >> Protectile #186 has been created! Type: Light
(ENTRY #905) 2022-04-19 07:33:34.015404 >> Projectile created! ID: #186
(ENTRY #906) 2022-04-19 07:33:34.015404 >> MOUSEPOS: (183.918073694405, 226.93676269934514)
(ENTRY #907) 2022-04-19 07:33:34.015404 >> SLOPE CALC:None
(ENTRY #908) 2022-04-19 07:33:34.015404 >> LIN CALC FIN: 280.66606974012893
(ENTRY #909) 2022-04-19 07:33:34.015404 >> LIN CALC RAW: 619.3339302598711
(ENTRY #910) 2022-04-19 07:33:34.015404 >> Above!
(ENTRY #911) 2022-04-19 07:33:34.015404 >> Object lightRound has been created!
(ENTRY #912) 2022-04-19 07:33:34.015404 >> Protectile #188 has been created! Type: Light
(ENTRY #913) 2022-04-19 07:33:34.015404 >> Projectile created! ID: #188
(ENTRY #914) 2022-04-19 07:33:34.015404 >> MOUSEPOS: (254.61492221686842, 285.2028773206349)
(ENTRY #915) 2022-04-19 07:33:34.015404 >> SLOPE CALC:None
(ENTRY #916) 2022-04-19 07:33:34.015404 >> LIN CALC FIN: 353.78423319157343
(ENTRY #917) 2022-04-19 07:33:34.015404 >> LIN CALC RAW: 546.2157668084266
(ENTRY #918) 2022-04-19 07:33:34.015404 >> Above!
(ENTRY #919) 2022-04-19 07:33:34.015404 >> Object lightRound has been created!
(ENTRY #920) 2022-04-19 07:33:34.015404 >> Protectile #190 has been created! Type: Light
(ENTRY #921) 2022-04-19 07:33:34.015404 >> Projectile created! ID: #190
(ENTRY #922) 2022-04-19 07:33:34.084951 >> Projectile removed!
(ENTRY #923) 2022-04-19 07:33:34.210108 >> Projectile has hit!
(ENTRY #924) 2022-04-19 07:33:34.210108 >> Projectile removed!
(ENTRY #925) 2022-04-19 07:33:34.227131 >> Projectile has hit!
(ENTRY #926) 2022-04-19 07:33:34.227131 >> Projectile removed!
(ENTRY #927) 2022-04-19 07:33:34.430716 >> Projectile has hit!
(ENTRY #928) 2022-04-19 07:33:34.431716 >> Projectile removed!
(ENTRY #929) 2022-04-19 07:33:34.447716 >> Cloud created! ID: #15
(ENTRY #930) 2022-04-19 07:33:34.497768 >> Projectile removed!
(ENTRY #931) 2022-04-19 07:33:34.498767 >> Projectile has hit!
(ENTRY #932) 2022-04-19 07:33:34.498767 >> Projectile removed!
(ENTRY #933) 2022-04-19 07:33:34.583333 >> Projectile removed!
(ENTRY #934) 2022-04-19 07:33:34.954912 >> Projectile has hit!
(ENTRY #935) 2022-04-19 07:33:34.954912 >> Projectile removed!
(ENTRY #936) 2022-04-19 07:33:35.285805 >> Naval Warfare 2D Closed...
