Log for Naval Warfare 2D, intended for debugging purposes only! 

(ENTRY #1) 2022-04-08 22:46:36.971917 >> Initialized Log handler...
(ENTRY #2) 2022-04-08 22:46:37.756592 >> Initialized Warship handler...
(ENTRY #3) 2022-04-08 22:46:37.757593 >> Initialized Projectile handler...
(ENTRY #4) 2022-04-08 22:46:37.771593 >> Initialized GUI handler...
(ENTRY #5) 2022-04-08 22:46:37.771593 >> Starting Naval Warfare 2D...
(ENTRY #6) 2022-04-08 22:46:42.984478 >> Created Sprite for Player!
(ENTRY #7) 2022-04-08 22:46:42.984478 >> Finished initalizing!
(ENTRY #8) 2022-04-08 22:46:46.014458 >> Returning to menu!
(ENTRY #9) 2022-04-08 22:46:48.512633 >> Returning to menu!
(ENTRY #10) 2022-04-08 22:46:48.653177 >> Returning to menu!
(ENTRY #11) 2022-04-08 22:46:49.013890 >> Returning to menu!
(ENTRY #12) 2022-04-08 22:46:49.233992 >> Returning to menu!
(ENTRY #13) 2022-04-08 22:46:49.874743 >> Opened about menu!
(ENTRY #14) 2022-04-08 22:46:50.122382 >> Returning to menu!
(ENTRY #15) 2022-04-08 22:46:51.544254 >> Opened Debug Menu!
(ENTRY #16) 2022-04-08 22:46:51.777509 >> Returning to menu!
(ENTRY #17) 2022-04-08 22:46:52.679300 >> Returning to menu!
(ENTRY #18) 2022-04-08 22:46:52.831946 >> Returning to menu!
(ENTRY #19) 2022-04-08 22:46:55.559517 >> Game resumed!
(ENTRY #20) 2022-04-08 22:46:55.560518 >> Dumb-AI Entity created!
(ENTRY #21) 2022-04-08 22:46:55.568508 >> Dumb-AI Entity created!
(ENTRY #22) 2022-04-08 22:46:55.581747 >> Cloud created! ID: #1
(ENTRY #23) 2022-04-08 22:46:55.638055 >> Dumb-AI Entity created!
(ENTRY #24) 2022-04-08 22:46:56.458966 >> Activating shop!
(ENTRY #25) 2022-04-08 22:46:57.527125 >> MOUSEPOS: (216, 455)
(ENTRY #26) 2022-04-08 22:46:57.527125 >> SLOPE CALC:None
(ENTRY #27) 2022-04-08 22:46:57.527125 >> LIN CALC FIN: 566.0
(ENTRY #28) 2022-04-08 22:46:57.527125 >> LIN CALC RAW: 334.0
(ENTRY #29) 2022-04-08 22:46:57.527125 >> Above!
(ENTRY #30) 2022-04-08 22:46:57.529140 >> Dumb-AI Entity created!
(ENTRY #31) 2022-04-08 22:46:57.531124 >> Dumb-AI Entity created!
(ENTRY #32) 2022-04-08 22:46:57.531124 >> Object lightRound has been created!
(ENTRY #33) 2022-04-08 22:46:57.538099 >> Protectile #2 has been created! Type: Light
(ENTRY #34) 2022-04-08 22:46:57.538099 >> Projectile created! ID: #2
(ENTRY #35) 2022-04-08 22:46:58.196046 >> MOUSEPOS: (231, 767)
(ENTRY #36) 2022-04-08 22:46:58.196046 >> SLOPE CALC:None
(ENTRY #37) 2022-04-08 22:46:58.196046 >> LIN CALC FIN: 581.0
(ENTRY #38) 2022-04-08 22:46:58.196046 >> LIN CALC RAW: 319.0
(ENTRY #39) 2022-04-08 22:46:58.196046 >> Below!
(ENTRY #40) 2022-04-08 22:46:58.702699 >> MOUSEPOS: (470, 428)
(ENTRY #41) 2022-04-08 22:46:58.702699 >> SLOPE CALC:None
(ENTRY #42) 2022-04-08 22:46:58.702699 >> LIN CALC FIN: 80.0
(ENTRY #43) 2022-04-08 22:46:58.702699 >> LIN CALC RAW: 820.0
(ENTRY #44) 2022-04-08 22:46:58.702699 >> Below!
(ENTRY #45) 2022-04-08 22:46:58.704711 >> Dumb-AI Entity created!
(ENTRY #46) 2022-04-08 22:46:58.706714 >> Dumb-AI Entity created!
(ENTRY #47) 2022-04-08 22:46:58.707723 >> Dumb-AI Entity created!
(ENTRY #48) 2022-04-08 22:46:58.708714 >> Object lightRound has been created!
(ENTRY #49) 2022-04-08 22:46:58.708714 >> Protectile #4 has been created! Type: Light
(ENTRY #50) 2022-04-08 22:46:58.708714 >> Projectile created! ID: #4
(ENTRY #51) 2022-04-08 22:46:59.214137 >> MOUSEPOS: (765, 416)
(ENTRY #52) 2022-04-08 22:46:59.214137 >> SLOPE CALC:None
(ENTRY #53) 2022-04-08 22:46:59.214137 >> LIN CALC FIN: -215.0
(ENTRY #54) 2022-04-08 22:46:59.214137 >> LIN CALC RAW: 1115.0
(ENTRY #55) 2022-04-08 22:46:59.214137 >> Below!
(ENTRY #56) 2022-04-08 22:46:59.790891 >> Returning to game!
(ENTRY #57) 2022-04-08 22:46:59.807366 >> MOUSEPOS: (195.0, 352.0)
(ENTRY #58) 2022-04-08 22:46:59.807366 >> SLOPE CALC:None
(ENTRY #59) 2022-04-08 22:46:59.807366 >> LIN CALC FIN: 307.0
(ENTRY #60) 2022-04-08 22:46:59.807366 >> LIN CALC RAW: 593.0
(ENTRY #61) 2022-04-08 22:46:59.807366 >> Below!
(ENTRY #62) 2022-04-08 22:46:59.807366 >> Object lightRound has been created!
(ENTRY #63) 2022-04-08 22:46:59.807366 >> Protectile #6 has been created! Type: Light
(ENTRY #64) 2022-04-08 22:46:59.807366 >> Projectile created! ID: #6
(ENTRY #65) 2022-04-08 22:46:59.807366 >> MOUSEPOS: (203.0, 356.0)
(ENTRY #66) 2022-04-08 22:46:59.807366 >> SLOPE CALC:None
(ENTRY #67) 2022-04-08 22:46:59.807366 >> LIN CALC FIN: 345.0
(ENTRY #68) 2022-04-08 22:46:59.807366 >> LIN CALC RAW: 555.0
(ENTRY #69) 2022-04-08 22:46:59.807366 >> Below!
(ENTRY #70) 2022-04-08 22:46:59.807366 >> Object lightRound has been created!
(ENTRY #71) 2022-04-08 22:46:59.807366 >> Protectile #8 has been created! Type: Light
(ENTRY #72) 2022-04-08 22:46:59.807366 >> Projectile created! ID: #8
(ENTRY #73) 2022-04-08 22:46:59.807366 >> MOUSEPOS: (177.0, 290.0)
(ENTRY #74) 2022-04-08 22:46:59.807366 >> SLOPE CALC:None
(ENTRY #75) 2022-04-08 22:46:59.807366 >> LIN CALC FIN: 320.0
(ENTRY #76) 2022-04-08 22:46:59.807366 >> LIN CALC RAW: 580.0
(ENTRY #77) 2022-04-08 22:46:59.807366 >> Above!
(ENTRY #78) 2022-04-08 22:46:59.807366 >> Object lightRound has been created!
(ENTRY #79) 2022-04-08 22:46:59.807366 >> Protectile #10 has been created! Type: Light
(ENTRY #80) 2022-04-08 22:46:59.807366 >> Projectile created! ID: #10
(ENTRY #81) 2022-04-08 22:46:59.807366 >> MOUSEPOS: (192.0, 387.0)
(ENTRY #82) 2022-04-08 22:46:59.807366 >> SLOPE CALC:None
(ENTRY #83) 2022-04-08 22:46:59.807366 >> LIN CALC FIN: 437.0
(ENTRY #84) 2022-04-08 22:46:59.807366 >> LIN CALC RAW: 463.0
(ENTRY #85) 2022-04-08 22:46:59.807366 >> Above!
(ENTRY #86) 2022-04-08 22:46:59.807366 >> Object lightRound has been created!
(ENTRY #87) 2022-04-08 22:46:59.808367 >> Protectile #12 has been created! Type: Light
(ENTRY #88) 2022-04-08 22:46:59.808367 >> Projectile created! ID: #12
(ENTRY #89) 2022-04-08 22:46:59.808367 >> MOUSEPOS: (171.0, 362.0)
(ENTRY #90) 2022-04-08 22:46:59.808367 >> SLOPE CALC:None
(ENTRY #91) 2022-04-08 22:46:59.808367 >> LIN CALC FIN: 470.0
(ENTRY #92) 2022-04-08 22:46:59.808367 >> LIN CALC RAW: 430.0
(ENTRY #93) 2022-04-08 22:46:59.808367 >> Above!
(ENTRY #94) 2022-04-08 22:46:59.808367 >> Object lightRound has been created!
(ENTRY #95) 2022-04-08 22:46:59.808367 >> Protectile #14 has been created! Type: Light
(ENTRY #96) 2022-04-08 22:46:59.808367 >> Projectile created! ID: #14
(ENTRY #97) 2022-04-08 22:46:59.808367 >> MOUSEPOS: (207.0, 341.0)
(ENTRY #98) 2022-04-08 22:46:59.808367 >> SLOPE CALC:None
(ENTRY #99) 2022-04-08 22:46:59.808367 >> LIN CALC FIN: 496.75
(ENTRY #100) 2022-04-08 22:46:59.808367 >> LIN CALC RAW: 403.25
(ENTRY #101) 2022-04-08 22:46:59.808367 >> Above!
(ENTRY #102) 2022-04-08 22:46:59.808367 >> Object lightRound has been created!
(ENTRY #103) 2022-04-08 22:46:59.808367 >> Protectile #16 has been created! Type: Light
(ENTRY #104) 2022-04-08 22:46:59.808367 >> Projectile created! ID: #16
(ENTRY #105) 2022-04-08 22:46:59.808367 >> MOUSEPOS: (205.0, 386.0)
(ENTRY #106) 2022-04-08 22:46:59.808367 >> SLOPE CALC:None
(ENTRY #107) 2022-04-08 22:46:59.808367 >> LIN CALC FIN: 524.0
(ENTRY #108) 2022-04-08 22:46:59.808367 >> LIN CALC RAW: 376.0
(ENTRY #109) 2022-04-08 22:46:59.808367 >> Above!
(ENTRY #110) 2022-04-08 22:46:59.808367 >> Object lightRound has been created!
(ENTRY #111) 2022-04-08 22:46:59.808367 >> Protectile #18 has been created! Type: Light
(ENTRY #112) 2022-04-08 22:46:59.808367 >> Projectile created! ID: #18
(ENTRY #113) 2022-04-08 22:46:59.808367 >> MOUSEPOS: (175.0, 351.0)
(ENTRY #114) 2022-04-08 22:46:59.808367 >> SLOPE CALC:None
(ENTRY #115) 2022-04-08 22:46:59.808367 >> LIN CALC FIN: 524.0
(ENTRY #116) 2022-04-08 22:46:59.808367 >> LIN CALC RAW: 376.0
(ENTRY #117) 2022-04-08 22:46:59.808367 >> Above!
(ENTRY #118) 2022-04-08 22:46:59.808367 >> Object lightRound has been created!
(ENTRY #119) 2022-04-08 22:46:59.808367 >> Protectile #20 has been created! Type: Light
(ENTRY #120) 2022-04-08 22:46:59.808367 >> Projectile created! ID: #20
(ENTRY #121) 2022-04-08 22:46:59.830144 >> Cloud created! ID: #2
(ENTRY #122) 2022-04-08 22:47:00.025022 >> Projectile has hit!
(ENTRY #123) 2022-04-08 22:47:00.025022 >> Projectile removed!
(ENTRY #124) 2022-04-08 22:47:00.238048 >> Projectile has hit!
(ENTRY #125) 2022-04-08 22:47:00.238048 >> Projectile removed!
(ENTRY #126) 2022-04-08 22:47:00.849722 >> Cloud created! ID: #3
(ENTRY #127) 2022-04-08 22:47:01.815969 >> MOUSEPOS: (140.56068572197057, 272.6126977957763)
(ENTRY #128) 2022-04-08 22:47:01.815969 >> SLOPE CALC:None
(ENTRY #129) 2022-04-08 22:47:01.815969 >> LIN CALC FIN: 216.61269779577628
(ENTRY #130) 2022-04-08 22:47:01.815969 >> LIN CALC RAW: 683.3873022042237
(ENTRY #131) 2022-04-08 22:47:01.815969 >> Below!
(ENTRY #132) 2022-04-08 22:47:01.815969 >> Object lightRound has been created!
(ENTRY #133) 2022-04-08 22:47:01.815969 >> Protectile #22 has been created! Type: Light
(ENTRY #134) 2022-04-08 22:47:01.815969 >> Projectile created! ID: #22
(ENTRY #135) 2022-04-08 22:47:01.815969 >> MOUSEPOS: (123.56068572197056, 256.6126977957763)
(ENTRY #136) 2022-04-08 22:47:01.815969 >> SLOPE CALC:None
(ENTRY #137) 2022-04-08 22:47:01.815969 >> LIN CALC FIN: 260.98451753726147
(ENTRY #138) 2022-04-08 22:47:01.815969 >> LIN CALC RAW: 639.0154824627385
(ENTRY #139) 2022-04-08 22:47:01.815969 >> Above!
(ENTRY #140) 2022-04-08 22:47:01.815969 >> Object lightRound has been created!
(ENTRY #141) 2022-04-08 22:47:01.815969 >> Protectile #24 has been created! Type: Light
(ENTRY #142) 2022-04-08 22:47:01.815969 >> Projectile created! ID: #24
(ENTRY #143) 2022-04-08 22:47:01.815969 >> MOUSEPOS: (80.56068572197051, 128.6126977957762)
(ENTRY #144) 2022-04-08 22:47:01.815969 >> SLOPE CALC:None
(ENTRY #145) 2022-04-08 22:47:01.815969 >> LIN CALC FIN: 221.61269779577628
(ENTRY #146) 2022-04-08 22:47:01.815969 >> LIN CALC RAW: 678.3873022042237
(ENTRY #147) 2022-04-08 22:47:01.815969 >> Above!
(ENTRY #148) 2022-04-08 22:47:01.815969 >> Object lightRound has been created!
(ENTRY #149) 2022-04-08 22:47:01.815969 >> Protectile #26 has been created! Type: Light
(ENTRY #150) 2022-04-08 22:47:01.815969 >> Projectile created! ID: #26
(ENTRY #151) 2022-04-08 22:47:01.815969 >> MOUSEPOS: (139.56068572197057, 253.6126977957763)
(ENTRY #152) 2022-04-08 22:47:01.815969 >> SLOPE CALC:None
(ENTRY #153) 2022-04-08 22:47:01.815969 >> LIN CALC FIN: 316.6126977957763
(ENTRY #154) 2022-04-08 22:47:01.815969 >> LIN CALC RAW: 583.3873022042237
(ENTRY #155) 2022-04-08 22:47:01.815969 >> Above!
(ENTRY #156) 2022-04-08 22:47:01.815969 >> Object lightRound has been created!
(ENTRY #157) 2022-04-08 22:47:01.815969 >> Protectile #28 has been created! Type: Light
(ENTRY #158) 2022-04-08 22:47:01.815969 >> Projectile created! ID: #28
(ENTRY #159) 2022-04-08 22:47:01.816969 >> MOUSEPOS: (98.56068572197056, 257.6126977957763)
(ENTRY #160) 2022-04-08 22:47:01.816969 >> SLOPE CALC:None
(ENTRY #161) 2022-04-08 22:47:01.816969 >> LIN CALC FIN: 225.0543513404358
(ENTRY #162) 2022-04-08 22:47:01.816969 >> LIN CALC RAW: 674.9456486595642
(ENTRY #163) 2022-04-08 22:47:01.816969 >> Below!
(ENTRY #164) 2022-04-08 22:47:01.816969 >> Object lightRound has been created!
(ENTRY #165) 2022-04-08 22:47:01.816969 >> Protectile #30 has been created! Type: Light
(ENTRY #166) 2022-04-08 22:47:01.816969 >> Projectile created! ID: #30
(ENTRY #167) 2022-04-08 22:47:01.816969 >> MOUSEPOS: (92.56068572197056, 262.6126977957763)
(ENTRY #168) 2022-04-08 22:47:01.816969 >> SLOPE CALC:None
(ENTRY #169) 2022-04-08 22:47:01.816969 >> LIN CALC FIN: 341.81382256355755
(ENTRY #170) 2022-04-08 22:47:01.816969 >> LIN CALC RAW: 558.1861774364424
(ENTRY #171) 2022-04-08 22:47:01.816969 >> Above!
(ENTRY #172) 2022-04-08 22:47:01.816969 >> Object lightRound has been created!
(ENTRY #173) 2022-04-08 22:47:01.816969 >> Protectile #32 has been created! Type: Light
(ENTRY #174) 2022-04-08 22:47:01.816969 >> Projectile created! ID: #32
(ENTRY #175) 2022-04-08 22:47:01.816969 >> MOUSEPOS: (100.56068572197056, 267.6126977957763)
(ENTRY #176) 2022-04-08 22:47:01.816969 >> SLOPE CALC:None
(ENTRY #177) 2022-04-08 22:47:01.816969 >> LIN CALC FIN: 363.5804267412857
(ENTRY #178) 2022-04-08 22:47:01.816969 >> LIN CALC RAW: 536.4195732587143
(ENTRY #179) 2022-04-08 22:47:01.816969 >> Above!
(ENTRY #180) 2022-04-08 22:47:01.816969 >> Object lightRound has been created!
(ENTRY #181) 2022-04-08 22:47:01.816969 >> Protectile #34 has been created! Type: Light
(ENTRY #182) 2022-04-08 22:47:01.816969 >> Projectile created! ID: #34
(ENTRY #183) 2022-04-08 22:47:01.816969 >> MOUSEPOS: (125.56068572197056, 261.6126977957763)
(ENTRY #184) 2022-04-08 22:47:01.816969 >> SLOPE CALC:None
(ENTRY #185) 2022-04-08 22:47:01.816969 >> LIN CALC FIN: 308.0848811804585
(ENTRY #186) 2022-04-08 22:47:01.816969 >> LIN CALC RAW: 591.9151188195415
(ENTRY #187) 2022-04-08 22:47:01.816969 >> Above!
(ENTRY #188) 2022-04-08 22:47:01.816969 >> Object lightRound has been created!
(ENTRY #189) 2022-04-08 22:47:01.816969 >> Protectile #36 has been created! Type: Light
(ENTRY #190) 2022-04-08 22:47:01.816969 >> Projectile created! ID: #36
(ENTRY #191) 2022-04-08 22:47:01.864861 >> Cloud created! ID: #4
(ENTRY #192) 2022-04-08 22:47:03.488126 >> Returning to menu!
(ENTRY #193) 2022-04-08 22:47:04.746184 >> Returning to menu!
(ENTRY #194) 2022-04-08 22:47:05.458605 >> Naval Warfare 2D Closed...
