Log for Naval Warfare 2D, intended for debugging purposes only! 

(ENTRY #1) 2022-04-18 12:23:43.017913 >> Initialized Log handler...
(ENTRY #2) 2022-04-18 12:23:44.293119 >> Initialized Warship handler...
(ENTRY #3) 2022-04-18 12:23:44.296126 >> Initialized Projectile handler...
(ENTRY #4) 2022-04-18 12:23:44.343124 >> Initialized GUI handler...
(ENTRY #5) 2022-04-18 12:23:44.343124 >> Starting Naval Warfare 2D...
(ENTRY #6) 2022-04-18 12:23:49.973458 >> Created Sprite for Player!
(ENTRY #7) 2022-04-18 12:23:49.974455 >> Finished initalizing!
(ENTRY #8) 2022-04-18 12:24:07.579229 >> Returning to menu!
(ENTRY #9) 2022-04-18 12:24:08.318861 >> Game resumed!
(ENTRY #10) 2022-04-18 12:24:08.319858 >> Dumb-AI Entity created!
(ENTRY #11) 2022-04-18 12:24:08.320890 >> Dumb-AI Entity created!
(ENTRY #12) 2022-04-18 12:24:08.336857 >> Cloud created! ID: #1
(ENTRY #13) 2022-04-18 12:24:08.436856 >> Dumb-AI Entity created!
(ENTRY #14) 2022-04-18 12:24:09.099603 >> MOUSEPOS: (152, 287)
(ENTRY #15) 2022-04-18 12:24:09.099603 >> SLOPE CALC:None
(ENTRY #16) 2022-04-18 12:24:09.099603 >> LIN CALC FIN: 398.0
(ENTRY #17) 2022-04-18 12:24:09.099603 >> LIN CALC RAW: 502.0
(ENTRY #18) 2022-04-18 12:24:09.099603 >> Above!
(ENTRY #19) 2022-04-18 12:24:09.099603 >> Object lightRound has been created!
(ENTRY #20) 2022-04-18 12:24:09.100611 >> Protectile #2 has been created! Type: Light
(ENTRY #21) 2022-04-18 12:24:09.100611 >> Projectile created! ID: #2
(ENTRY #22) 2022-04-18 12:24:09.353604 >> Cloud created! ID: #2
(ENTRY #23) 2022-04-18 12:24:09.579735 >> Activating shop!
(ENTRY #24) 2022-04-18 12:24:10.038920 >> MOUSEPOS: (209, 464)
(ENTRY #25) 2022-04-18 12:24:10.038920 >> SLOPE CALC:None
(ENTRY #26) 2022-04-18 12:24:10.038920 >> LIN CALC FIN: 559.0
(ENTRY #27) 2022-04-18 12:24:10.038920 >> LIN CALC RAW: 341.0
(ENTRY #28) 2022-04-18 12:24:10.038920 >> Above!
(ENTRY #29) 2022-04-18 12:24:10.044924 >> Dumb-AI Entity created!
(ENTRY #30) 2022-04-18 12:24:10.050665 >> Dumb-AI Entity created!
(ENTRY #31) 2022-04-18 12:24:10.324509 >> MOUSEPOS: (209, 464)
(ENTRY #32) 2022-04-18 12:24:10.324509 >> SLOPE CALC:None
(ENTRY #33) 2022-04-18 12:24:10.324509 >> LIN CALC FIN: 559.0
(ENTRY #34) 2022-04-18 12:24:10.324509 >> LIN CALC RAW: 341.0
(ENTRY #35) 2022-04-18 12:24:10.324509 >> Above!
(ENTRY #36) 2022-04-18 12:24:10.330511 >> Dumb-AI Entity created!
(ENTRY #37) 2022-04-18 12:24:10.335512 >> Dumb-AI Entity created!
(ENTRY #38) 2022-04-18 12:24:10.341511 >> Object lightRound has been created!
(ENTRY #39) 2022-04-18 12:24:10.342512 >> Protectile #4 has been created! Type: Light
(ENTRY #40) 2022-04-18 12:24:10.342512 >> Projectile created! ID: #4
(ENTRY #41) 2022-04-18 12:24:10.443078 >> MOUSEPOS: (209, 464)
(ENTRY #42) 2022-04-18 12:24:10.443078 >> SLOPE CALC:None
(ENTRY #43) 2022-04-18 12:24:10.443078 >> LIN CALC FIN: 559.0
(ENTRY #44) 2022-04-18 12:24:10.443078 >> LIN CALC RAW: 341.0
(ENTRY #45) 2022-04-18 12:24:10.443078 >> Above!
(ENTRY #46) 2022-04-18 12:24:10.450076 >> Dumb-AI Entity created!
(ENTRY #47) 2022-04-18 12:24:10.454075 >> Dumb-AI Entity created!
(ENTRY #48) 2022-04-18 12:24:10.622072 >> Returning to game!
(ENTRY #49) 2022-04-18 12:24:10.671622 >> Opened about menu!
(ENTRY #50) 2022-04-18 12:24:10.688656 >> MOUSEPOS: (187.0, 358.0)
(ENTRY #51) 2022-04-18 12:24:10.688656 >> SLOPE CALC:None
(ENTRY #52) 2022-04-18 12:24:10.688656 >> LIN CALC FIN: 297.0
(ENTRY #53) 2022-04-18 12:24:10.688656 >> LIN CALC RAW: 603.0
(ENTRY #54) 2022-04-18 12:24:10.688656 >> Below!
(ENTRY #55) 2022-04-18 12:24:10.688656 >> Object lightRound has been created!
(ENTRY #56) 2022-04-18 12:24:10.689655 >> Protectile #6 has been created! Type: Light
(ENTRY #57) 2022-04-18 12:24:10.689655 >> Projectile created! ID: #6
(ENTRY #58) 2022-04-18 12:24:10.689655 >> MOUSEPOS: (181.0, 377.0)
(ENTRY #59) 2022-04-18 12:24:10.689655 >> SLOPE CALC:None
(ENTRY #60) 2022-04-18 12:24:10.689655 >> LIN CALC FIN: 321.0
(ENTRY #61) 2022-04-18 12:24:10.689655 >> LIN CALC RAW: 579.0
(ENTRY #62) 2022-04-18 12:24:10.689655 >> Below!
(ENTRY #63) 2022-04-18 12:24:10.689655 >> Object lightRound has been created!
(ENTRY #64) 2022-04-18 12:24:10.689655 >> Protectile #8 has been created! Type: Light
(ENTRY #65) 2022-04-18 12:24:10.689655 >> Projectile created! ID: #8
(ENTRY #66) 2022-04-18 12:24:10.689655 >> MOUSEPOS: (144.0, 387.0)
(ENTRY #67) 2022-04-18 12:24:10.689655 >> SLOPE CALC:None
(ENTRY #68) 2022-04-18 12:24:10.689655 >> LIN CALC FIN: 351.0
(ENTRY #69) 2022-04-18 12:24:10.689655 >> LIN CALC RAW: 549.0
(ENTRY #70) 2022-04-18 12:24:10.689655 >> Below!
(ENTRY #71) 2022-04-18 12:24:10.690655 >> Object lightRound has been created!
(ENTRY #72) 2022-04-18 12:24:10.690655 >> Protectile #10 has been created! Type: Light
(ENTRY #73) 2022-04-18 12:24:10.690655 >> Projectile created! ID: #10
(ENTRY #74) 2022-04-18 12:24:10.690655 >> MOUSEPOS: (201.0, 372.0)
(ENTRY #75) 2022-04-18 12:24:10.690655 >> SLOPE CALC:None
(ENTRY #76) 2022-04-18 12:24:10.690655 >> LIN CALC FIN: 380.0
(ENTRY #77) 2022-04-18 12:24:10.690655 >> LIN CALC RAW: 520.0
(ENTRY #78) 2022-04-18 12:24:10.690655 >> Above!
(ENTRY #79) 2022-04-18 12:24:10.690655 >> Object lightRound has been created!
(ENTRY #80) 2022-04-18 12:24:10.690655 >> Protectile #12 has been created! Type: Light
(ENTRY #81) 2022-04-18 12:24:10.691655 >> Projectile created! ID: #12
(ENTRY #82) 2022-04-18 12:24:10.691655 >> MOUSEPOS: (177.0, 376.0)
(ENTRY #83) 2022-04-18 12:24:10.691655 >> SLOPE CALC:None
(ENTRY #84) 2022-04-18 12:24:10.691655 >> LIN CALC FIN: 386.0
(ENTRY #85) 2022-04-18 12:24:10.691655 >> LIN CALC RAW: 514.0
(ENTRY #86) 2022-04-18 12:24:10.691655 >> Above!
(ENTRY #87) 2022-04-18 12:24:10.691655 >> Object lightRound has been created!
(ENTRY #88) 2022-04-18 12:24:10.691655 >> Protectile #14 has been created! Type: Light
(ENTRY #89) 2022-04-18 12:24:10.691655 >> Projectile created! ID: #14
(ENTRY #90) 2022-04-18 12:24:10.691655 >> MOUSEPOS: (176.0, 375.0)
(ENTRY #91) 2022-04-18 12:24:10.691655 >> SLOPE CALC:None
(ENTRY #92) 2022-04-18 12:24:10.691655 >> LIN CALC FIN: 355.0
(ENTRY #93) 2022-04-18 12:24:10.691655 >> LIN CALC RAW: 545.0
(ENTRY #94) 2022-04-18 12:24:10.691655 >> Below!
(ENTRY #95) 2022-04-18 12:24:10.691655 >> Object lightRound has been created!
(ENTRY #96) 2022-04-18 12:24:10.692655 >> Protectile #16 has been created! Type: Light
(ENTRY #97) 2022-04-18 12:24:10.692655 >> Projectile created! ID: #16
(ENTRY #98) 2022-04-18 12:24:10.692655 >> MOUSEPOS: (174.0, 355.0)
(ENTRY #99) 2022-04-18 12:24:10.692655 >> SLOPE CALC:None
(ENTRY #100) 2022-04-18 12:24:10.692655 >> LIN CALC FIN: 383.0
(ENTRY #101) 2022-04-18 12:24:10.692655 >> LIN CALC RAW: 517.0
(ENTRY #102) 2022-04-18 12:24:10.692655 >> Above!
(ENTRY #103) 2022-04-18 12:24:10.692655 >> Object lightRound has been created!
(ENTRY #104) 2022-04-18 12:24:10.692655 >> Protectile #18 has been created! Type: Light
(ENTRY #105) 2022-04-18 12:24:10.692655 >> Projectile created! ID: #18
(ENTRY #106) 2022-04-18 12:24:10.693655 >> MOUSEPOS: (171.0, 367.0)
(ENTRY #107) 2022-04-18 12:24:10.693655 >> SLOPE CALC:None
(ENTRY #108) 2022-04-18 12:24:10.693655 >> LIN CALC FIN: 350.0
(ENTRY #109) 2022-04-18 12:24:10.693655 >> LIN CALC RAW: 550.0
(ENTRY #110) 2022-04-18 12:24:10.693655 >> Below!
(ENTRY #111) 2022-04-18 12:24:10.693655 >> Object lightRound has been created!
(ENTRY #112) 2022-04-18 12:24:10.693655 >> Protectile #20 has been created! Type: Light
(ENTRY #113) 2022-04-18 12:24:10.693655 >> Projectile created! ID: #20
(ENTRY #114) 2022-04-18 12:24:10.693655 >> MOUSEPOS: (171.0, 357.0)
(ENTRY #115) 2022-04-18 12:24:10.693655 >> SLOPE CALC:None
(ENTRY #116) 2022-04-18 12:24:10.693655 >> LIN CALC FIN: 380.0
(ENTRY #117) 2022-04-18 12:24:10.693655 >> LIN CALC RAW: 520.0
(ENTRY #118) 2022-04-18 12:24:10.693655 >> Above!
(ENTRY #119) 2022-04-18 12:24:10.693655 >> Object lightRound has been created!
(ENTRY #120) 2022-04-18 12:24:10.694655 >> Protectile #22 has been created! Type: Light
(ENTRY #121) 2022-04-18 12:24:10.694655 >> Projectile created! ID: #22
(ENTRY #122) 2022-04-18 12:24:10.760311 >> Cloud created! ID: #3
(ENTRY #123) 2022-04-18 12:24:10.844914 >> Projectile has hit!
(ENTRY #124) 2022-04-18 12:24:10.845910 >> Projectile has hit!
(ENTRY #125) 2022-04-18 12:24:10.845910 >> Projectile has hit!
(ENTRY #126) 2022-04-18 12:24:10.845910 >> Projectile removed!
(ENTRY #127) 2022-04-18 12:24:10.960873 >> Projectile has hit!
(ENTRY #128) 2022-04-18 12:24:10.960873 >> Projectile removed!
(ENTRY #129) 2022-04-18 12:24:10.981875 >> Projectile has hit!
(ENTRY #130) 2022-04-18 12:24:10.981875 >> Projectile removed!
(ENTRY #131) 2022-04-18 12:24:11.078878 >> Projectile has hit!
(ENTRY #132) 2022-04-18 12:24:11.078878 >> Projectile has hit!
(ENTRY #133) 2022-04-18 12:24:11.078878 >> Projectile removed!
(ENTRY #134) 2022-04-18 12:24:11.078878 >> Projectile removed!
(ENTRY #135) 2022-04-18 12:24:11.323919 >> Projectile has hit!
(ENTRY #136) 2022-04-18 12:24:11.323919 >> Projectile removed!
(ENTRY #137) 2022-04-18 12:24:11.437523 >> Activating shop!
(ENTRY #138) 2022-04-18 12:24:11.745493 >> MOUSEPOS: (153, 395)
(ENTRY #139) 2022-04-18 12:24:11.745493 >> SLOPE CALC:None
(ENTRY #140) 2022-04-18 12:24:11.745493 >> LIN CALC FIN: 397.0
(ENTRY #141) 2022-04-18 12:24:11.745493 >> LIN CALC RAW: 503.0
(ENTRY #142) 2022-04-18 12:24:11.745493 >> Above!
(ENTRY #143) 2022-04-18 12:24:11.751496 >> Dumb-AI Entity created!
(ENTRY #144) 2022-04-18 12:24:11.757503 >> Dumb-AI Entity created!
(ENTRY #145) 2022-04-18 12:24:11.759493 >> Object lightRound has been created!
(ENTRY #146) 2022-04-18 12:24:11.760496 >> Protectile #24 has been created! Type: Light
(ENTRY #147) 2022-04-18 12:24:11.760496 >> Projectile created! ID: #24
(ENTRY #148) 2022-04-18 12:24:11.887523 >> MOUSEPOS: (153, 395)
(ENTRY #149) 2022-04-18 12:24:11.887523 >> SLOPE CALC:None
(ENTRY #150) 2022-04-18 12:24:11.887523 >> LIN CALC FIN: 397.0
(ENTRY #151) 2022-04-18 12:24:11.887523 >> LIN CALC RAW: 503.0
(ENTRY #152) 2022-04-18 12:24:11.887523 >> Above!
(ENTRY #153) 2022-04-18 12:24:11.893494 >> Dumb-AI Entity created!
(ENTRY #154) 2022-04-18 12:24:11.898499 >> Dumb-AI Entity created!
(ENTRY #155) 2022-04-18 12:24:12.038576 >> Returning to game!
(ENTRY #156) 2022-04-18 12:24:12.075201 >> Opened Debug Menu!
(ENTRY #157) 2022-04-18 12:24:12.104200 >> Cloud created! ID: #4
(ENTRY #158) 2022-04-18 12:24:12.110166 >> Dumb-AI Entity created!
(ENTRY #159) 2022-04-18 12:24:12.115177 >> Dumb-AI Entity created!
(ENTRY #160) 2022-04-18 12:24:12.137836 >> Projectile has hit!
(ENTRY #161) 2022-04-18 12:24:12.137836 >> Projectile removed!
(ENTRY #162) 2022-04-18 12:24:12.688662 >> MOUSEPOS: (196.0, 408.0)
(ENTRY #163) 2022-04-18 12:24:12.688662 >> SLOPE CALC:None
(ENTRY #164) 2022-04-18 12:24:12.688662 >> LIN CALC FIN: 238.96593999048503
(ENTRY #165) 2022-04-18 12:24:12.688662 >> LIN CALC RAW: 661.034060009515
(ENTRY #166) 2022-04-18 12:24:12.688662 >> Below!
(ENTRY #167) 2022-04-18 12:24:12.688662 >> Object lightRound has been created!
(ENTRY #168) 2022-04-18 12:24:12.689658 >> Protectile #26 has been created! Type: Light
(ENTRY #169) 2022-04-18 12:24:12.689658 >> Projectile created! ID: #26
(ENTRY #170) 2022-04-18 12:24:12.689658 >> MOUSEPOS: (186.0, 397.0)
(ENTRY #171) 2022-04-18 12:24:12.689658 >> SLOPE CALC:None
(ENTRY #172) 2022-04-18 12:24:12.689658 >> LIN CALC FIN: 261.0000162585617
(ENTRY #173) 2022-04-18 12:24:12.689658 >> LIN CALC RAW: 638.9999837414383
(ENTRY #174) 2022-04-18 12:24:12.689658 >> Below!
(ENTRY #175) 2022-04-18 12:24:12.689658 >> Object lightRound has been created!
(ENTRY #176) 2022-04-18 12:24:12.690789 >> Protectile #28 has been created! Type: Light
(ENTRY #177) 2022-04-18 12:24:12.690789 >> Projectile created! ID: #28
(ENTRY #178) 2022-04-18 12:24:12.690789 >> MOUSEPOS: (210.0, 394.0)
(ENTRY #179) 2022-04-18 12:24:12.690789 >> SLOPE CALC:None
(ENTRY #180) 2022-04-18 12:24:12.690789 >> LIN CALC FIN: 334.56922088243573
(ENTRY #181) 2022-04-18 12:24:12.690789 >> LIN CALC RAW: 565.4307791175643
(ENTRY #182) 2022-04-18 12:24:12.690789 >> Below!
(ENTRY #183) 2022-04-18 12:24:12.690789 >> Object lightRound has been created!
(ENTRY #184) 2022-04-18 12:24:12.691674 >> Protectile #30 has been created! Type: Light
(ENTRY #185) 2022-04-18 12:24:12.691674 >> Projectile created! ID: #30
(ENTRY #186) 2022-04-18 12:24:12.691674 >> MOUSEPOS: (202.0, 415.0)
(ENTRY #187) 2022-04-18 12:24:12.691674 >> SLOPE CALC:None
(ENTRY #188) 2022-04-18 12:24:12.691674 >> LIN CALC FIN: 357.7941930611514
(ENTRY #189) 2022-04-18 12:24:12.691674 >> LIN CALC RAW: 542.2058069388486
(ENTRY #190) 2022-04-18 12:24:12.691674 >> Below!
(ENTRY #191) 2022-04-18 12:24:12.691674 >> Object lightRound has been created!
(ENTRY #192) 2022-04-18 12:24:12.692686 >> Protectile #32 has been created! Type: Light
(ENTRY #193) 2022-04-18 12:24:12.692686 >> Projectile created! ID: #32
(ENTRY #194) 2022-04-18 12:24:12.692686 >> MOUSEPOS: (192.0, 418.0)
(ENTRY #195) 2022-04-18 12:24:12.692686 >> SLOPE CALC:None
(ENTRY #196) 2022-04-18 12:24:12.692686 >> LIN CALC FIN: 312.94346408323895
(ENTRY #197) 2022-04-18 12:24:12.692686 >> LIN CALC RAW: 587.056535916761
(ENTRY #198) 2022-04-18 12:24:12.692686 >> Below!
(ENTRY #199) 2022-04-18 12:24:12.692686 >> Object lightRound has been created!
(ENTRY #200) 2022-04-18 12:24:12.693687 >> Protectile #34 has been created! Type: Light
(ENTRY #201) 2022-04-18 12:24:12.693687 >> Projectile created! ID: #34
(ENTRY #202) 2022-04-18 12:24:12.693687 >> MOUSEPOS: (163.0, 391.0)
(ENTRY #203) 2022-04-18 12:24:12.693687 >> SLOPE CALC:None
(ENTRY #204) 2022-04-18 12:24:12.693687 >> LIN CALC FIN: 314.5911798331963
(ENTRY #205) 2022-04-18 12:24:12.693687 >> LIN CALC RAW: 585.4088201668037
(ENTRY #206) 2022-04-18 12:24:12.693687 >> Below!
(ENTRY #207) 2022-04-18 12:24:12.693687 >> Object lightRound has been created!
(ENTRY #208) 2022-04-18 12:24:12.694686 >> Protectile #36 has been created! Type: Light
(ENTRY #209) 2022-04-18 12:24:12.694686 >> Projectile created! ID: #36
(ENTRY #210) 2022-04-18 12:24:12.694686 >> MOUSEPOS: (185.0, 395.0)
(ENTRY #211) 2022-04-18 12:24:12.694686 >> SLOPE CALC:None
(ENTRY #212) 2022-04-18 12:24:12.694686 >> LIN CALC FIN: 305.7641714442009
(ENTRY #213) 2022-04-18 12:24:12.694686 >> LIN CALC RAW: 594.2358285557991
(ENTRY #214) 2022-04-18 12:24:12.694686 >> Below!
(ENTRY #215) 2022-04-18 12:24:12.694686 >> Object lightRound has been created!
(ENTRY #216) 2022-04-18 12:24:12.695686 >> Protectile #38 has been created! Type: Light
(ENTRY #217) 2022-04-18 12:24:12.695686 >> Projectile created! ID: #38
(ENTRY #218) 2022-04-18 12:24:12.695686 >> MOUSEPOS: (191.0, 401.0)
(ENTRY #219) 2022-04-18 12:24:12.695686 >> SLOPE CALC:None
(ENTRY #220) 2022-04-18 12:24:12.695686 >> LIN CALC FIN: 342.4398466257984
(ENTRY #221) 2022-04-18 12:24:12.695686 >> LIN CALC RAW: 557.5601533742016
(ENTRY #222) 2022-04-18 12:24:12.695686 >> Below!
(ENTRY #223) 2022-04-18 12:24:12.695686 >> Object lightRound has been created!
(ENTRY #224) 2022-04-18 12:24:12.696686 >> Protectile #40 has been created! Type: Light
(ENTRY #225) 2022-04-18 12:24:12.696686 >> Projectile created! ID: #40
(ENTRY #226) 2022-04-18 12:24:12.696686 >> MOUSEPOS: (185.0, 393.0)
(ENTRY #227) 2022-04-18 12:24:12.696686 >> SLOPE CALC:None
(ENTRY #228) 2022-04-18 12:24:12.696686 >> LIN CALC FIN: 340.0
(ENTRY #229) 2022-04-18 12:24:12.696686 >> LIN CALC RAW: 560.0
(ENTRY #230) 2022-04-18 12:24:12.696686 >> Below!
(ENTRY #231) 2022-04-18 12:24:12.696686 >> Object lightRound has been created!
(ENTRY #232) 2022-04-18 12:24:12.697676 >> Protectile #42 has been created! Type: Light
(ENTRY #233) 2022-04-18 12:24:12.697676 >> Projectile created! ID: #42
(ENTRY #234) 2022-04-18 12:24:12.697676 >> MOUSEPOS: (194.0, 384.0)
(ENTRY #235) 2022-04-18 12:24:12.697676 >> SLOPE CALC:None
(ENTRY #236) 2022-04-18 12:24:12.697676 >> LIN CALC FIN: 379.0
(ENTRY #237) 2022-04-18 12:24:12.697676 >> LIN CALC RAW: 521.0
(ENTRY #238) 2022-04-18 12:24:12.697676 >> Below!
(ENTRY #239) 2022-04-18 12:24:12.697676 >> Object lightRound has been created!
(ENTRY #240) 2022-04-18 12:24:12.697676 >> Protectile #44 has been created! Type: Light
(ENTRY #241) 2022-04-18 12:24:12.698668 >> Projectile created! ID: #44
(ENTRY #242) 2022-04-18 12:24:12.698668 >> MOUSEPOS: (168.0, 381.0)
(ENTRY #243) 2022-04-18 12:24:12.698668 >> SLOPE CALC:None
(ENTRY #244) 2022-04-18 12:24:12.698668 >> LIN CALC FIN: 323.0
(ENTRY #245) 2022-04-18 12:24:12.698668 >> LIN CALC RAW: 577.0
(ENTRY #246) 2022-04-18 12:24:12.698668 >> Below!
(ENTRY #247) 2022-04-18 12:24:12.698668 >> Object lightRound has been created!
(ENTRY #248) 2022-04-18 12:24:12.698668 >> Protectile #46 has been created! Type: Light
(ENTRY #249) 2022-04-18 12:24:12.698668 >> Projectile created! ID: #46
(ENTRY #250) 2022-04-18 12:24:12.699686 >> MOUSEPOS: (185.0, 415.0)
(ENTRY #251) 2022-04-18 12:24:12.699686 >> SLOPE CALC:None
(ENTRY #252) 2022-04-18 12:24:12.699686 >> LIN CALC FIN: 370.0
(ENTRY #253) 2022-04-18 12:24:12.699686 >> LIN CALC RAW: 530.0
(ENTRY #254) 2022-04-18 12:24:12.699686 >> Below!
(ENTRY #255) 2022-04-18 12:24:12.699686 >> Object lightRound has been created!
(ENTRY #256) 2022-04-18 12:24:12.699686 >> Protectile #48 has been created! Type: Light
(ENTRY #257) 2022-04-18 12:24:12.699686 >> Projectile created! ID: #48
(ENTRY #258) 2022-04-18 12:24:12.699686 >> MOUSEPOS: (151.0, 363.0)
(ENTRY #259) 2022-04-18 12:24:12.699686 >> SLOPE CALC:None
(ENTRY #260) 2022-04-18 12:24:12.699686 >> LIN CALC FIN: 367.0
(ENTRY #261) 2022-04-18 12:24:12.699686 >> LIN CALC RAW: 533.0
(ENTRY #262) 2022-04-18 12:24:12.699686 >> Above!
(ENTRY #263) 2022-04-18 12:24:12.699686 >> Object lightRound has been created!
(ENTRY #264) 2022-04-18 12:24:12.700686 >> Protectile #50 has been created! Type: Light
(ENTRY #265) 2022-04-18 12:24:12.700686 >> Projectile created! ID: #50
(ENTRY #266) 2022-04-18 12:24:12.700686 >> MOUSEPOS: (150.0, 474.0)
(ENTRY #267) 2022-04-18 12:24:12.700686 >> SLOPE CALC:None
(ENTRY #268) 2022-04-18 12:24:12.700686 >> LIN CALC FIN: 456.0
(ENTRY #269) 2022-04-18 12:24:12.700686 >> LIN CALC RAW: 444.0
(ENTRY #270) 2022-04-18 12:24:12.700686 >> Below!
(ENTRY #271) 2022-04-18 12:24:12.700686 >> Object lightRound has been created!
(ENTRY #272) 2022-04-18 12:24:12.700686 >> Protectile #52 has been created! Type: Light
(ENTRY #273) 2022-04-18 12:24:12.700686 >> Projectile created! ID: #52
(ENTRY #274) 2022-04-18 12:24:12.806284 >> Activating shop!
(ENTRY #275) 2022-04-18 12:24:12.941258 >> MOUSEPOS: (168, 410)
(ENTRY #276) 2022-04-18 12:24:12.941258 >> SLOPE CALC:None
(ENTRY #277) 2022-04-18 12:24:12.941258 >> LIN CALC FIN: 382.0
(ENTRY #278) 2022-04-18 12:24:12.941258 >> LIN CALC RAW: 518.0
(ENTRY #279) 2022-04-18 12:24:12.941258 >> Below!
(ENTRY #280) 2022-04-18 12:24:12.948284 >> Dumb-AI Entity created!
(ENTRY #281) 2022-04-18 12:24:12.952261 >> Dumb-AI Entity created!
(ENTRY #282) 2022-04-18 12:24:12.955249 >> Object lightRound has been created!
(ENTRY #283) 2022-04-18 12:24:12.955249 >> Protectile #54 has been created! Type: Light
(ENTRY #284) 2022-04-18 12:24:12.955249 >> Projectile created! ID: #54
(ENTRY #285) 2022-04-18 12:24:13.068693 >> MOUSEPOS: (168, 410)
(ENTRY #286) 2022-04-18 12:24:13.068693 >> SLOPE CALC:None
(ENTRY #287) 2022-04-18 12:24:13.068693 >> LIN CALC FIN: 382.0
(ENTRY #288) 2022-04-18 12:24:13.068693 >> LIN CALC RAW: 518.0
(ENTRY #289) 2022-04-18 12:24:13.068693 >> Below!
(ENTRY #290) 2022-04-18 12:24:13.074693 >> Dumb-AI Entity created!
(ENTRY #291) 2022-04-18 12:24:13.078660 >> Dumb-AI Entity created!
(ENTRY #292) 2022-04-18 12:24:13.193205 >> MOUSEPOS: (168, 410)
(ENTRY #293) 2022-04-18 12:24:13.193205 >> SLOPE CALC:None
(ENTRY #294) 2022-04-18 12:24:13.193205 >> LIN CALC FIN: 382.0
(ENTRY #295) 2022-04-18 12:24:13.193205 >> LIN CALC RAW: 518.0
(ENTRY #296) 2022-04-18 12:24:13.193205 >> Below!
(ENTRY #297) 2022-04-18 12:24:13.200205 >> Dumb-AI Entity created!
(ENTRY #298) 2022-04-18 12:24:13.206205 >> Dumb-AI Entity created!
(ENTRY #299) 2022-04-18 12:24:13.349296 >> Returning to game!
(ENTRY #300) 2022-04-18 12:24:13.386296 >> Opened Debug Menu!
(ENTRY #301) 2022-04-18 12:24:13.596273 >> Projectile has hit!
(ENTRY #302) 2022-04-18 12:24:13.596273 >> Projectile has hit!
(ENTRY #303) 2022-04-18 12:24:13.596273 >> Projectile has hit!
(ENTRY #304) 2022-04-18 12:24:13.596273 >> Projectile removed!
(ENTRY #305) 2022-04-18 12:24:13.695614 >> Projectile has hit!
(ENTRY #306) 2022-04-18 12:24:13.696606 >> Projectile removed!
(ENTRY #307) 2022-04-18 12:24:13.756609 >> Projectile has hit!
(ENTRY #308) 2022-04-18 12:24:13.756609 >> Projectile removed!
(ENTRY #309) 2022-04-18 12:24:13.873604 >> Projectile has hit!
(ENTRY #310) 2022-04-18 12:24:13.873604 >> Projectile removed!
(ENTRY #311) 2022-04-18 12:24:13.974609 >> Activating shop!
(ENTRY #312) 2022-04-18 12:24:14.069705 >> MOUSEPOS: (168, 410)
(ENTRY #313) 2022-04-18 12:24:14.069705 >> SLOPE CALC:None
(ENTRY #314) 2022-04-18 12:24:14.069705 >> LIN CALC FIN: 382.0
(ENTRY #315) 2022-04-18 12:24:14.069705 >> LIN CALC RAW: 518.0
(ENTRY #316) 2022-04-18 12:24:14.069705 >> Below!
(ENTRY #317) 2022-04-18 12:24:14.075676 >> Dumb-AI Entity created!
(ENTRY #318) 2022-04-18 12:24:14.079679 >> Dumb-AI Entity created!
(ENTRY #319) 2022-04-18 12:24:14.084676 >> Object lightRound has been created!
(ENTRY #320) 2022-04-18 12:24:14.085678 >> Protectile #56 has been created! Type: Light
(ENTRY #321) 2022-04-18 12:24:14.085678 >> Projectile created! ID: #56
(ENTRY #322) 2022-04-18 12:24:14.193707 >> MOUSEPOS: (168, 410)
(ENTRY #323) 2022-04-18 12:24:14.193707 >> SLOPE CALC:None
(ENTRY #324) 2022-04-18 12:24:14.193707 >> LIN CALC FIN: 382.0
(ENTRY #325) 2022-04-18 12:24:14.194712 >> LIN CALC RAW: 518.0
(ENTRY #326) 2022-04-18 12:24:14.194712 >> Below!
(ENTRY #327) 2022-04-18 12:24:14.199690 >> Dumb-AI Entity created!
(ENTRY #328) 2022-04-18 12:24:14.203683 >> Dumb-AI Entity created!
(ENTRY #329) 2022-04-18 12:24:14.322679 >> MOUSEPOS: (168, 410)
(ENTRY #330) 2022-04-18 12:24:14.322679 >> SLOPE CALC:None
(ENTRY #331) 2022-04-18 12:24:14.322679 >> LIN CALC FIN: 382.0
(ENTRY #332) 2022-04-18 12:24:14.322679 >> LIN CALC RAW: 518.0
(ENTRY #333) 2022-04-18 12:24:14.322679 >> Below!
(ENTRY #334) 2022-04-18 12:24:14.329672 >> Dumb-AI Entity created!
(ENTRY #335) 2022-04-18 12:24:14.335707 >> Dumb-AI Entity created!
(ENTRY #336) 2022-04-18 12:24:14.438675 >> Returning to game!
(ENTRY #337) 2022-04-18 12:24:14.473672 >> Opened Debug Menu!
(ENTRY #338) 2022-04-18 12:24:14.519707 >> Cloud created! ID: #5
(ENTRY #339) 2022-04-18 12:24:14.520707 >> Projectile has hit!
(ENTRY #340) 2022-04-18 12:24:14.520707 >> Projectile removed!
(ENTRY #341) 2022-04-18 12:24:14.550677 >> Projectile has hit!
(ENTRY #342) 2022-04-18 12:24:14.550677 >> Projectile has hit!
(ENTRY #343) 2022-04-18 12:24:14.551707 >> Projectile removed!
(ENTRY #344) 2022-04-18 12:24:14.551707 >> Projectile removed!
(ENTRY #345) 2022-04-18 12:24:14.706677 >> MOUSEPOS: (194.81678926944568, 434.00346447344833)
(ENTRY #346) 2022-04-18 12:24:14.707679 >> SLOPE CALC:None
(ENTRY #347) 2022-04-18 12:24:14.707679 >> LIN CALC FIN: 201.7357904930317
(ENTRY #348) 2022-04-18 12:24:14.707679 >> LIN CALC RAW: 698.2642095069683
(ENTRY #349) 2022-04-18 12:24:14.707679 >> Below!
(ENTRY #350) 2022-04-18 12:24:14.707679 >> Object lightRound has been created!
(ENTRY #351) 2022-04-18 12:24:14.708688 >> Protectile #58 has been created! Type: Light
(ENTRY #352) 2022-04-18 12:24:14.708688 >> Projectile created! ID: #58
(ENTRY #353) 2022-04-18 12:24:14.708688 >> MOUSEPOS: (219.81678926944568, 427.00346447344833)
(ENTRY #354) 2022-04-18 12:24:14.708688 >> SLOPE CALC:None
(ENTRY #355) 2022-04-18 12:24:14.708688 >> LIN CALC FIN: 261.3875892272771
(ENTRY #356) 2022-04-18 12:24:14.708688 >> LIN CALC RAW: 638.6124107727229
(ENTRY #357) 2022-04-18 12:24:14.708688 >> Below!
(ENTRY #358) 2022-04-18 12:24:14.708688 >> Object lightRound has been created!
(ENTRY #359) 2022-04-18 12:24:14.708688 >> Protectile #60 has been created! Type: Light
(ENTRY #360) 2022-04-18 12:24:14.708688 >> Projectile created! ID: #60
(ENTRY #361) 2022-04-18 12:24:14.709682 >> MOUSEPOS: (192.81678926944568, 444.00346447344833)
(ENTRY #362) 2022-04-18 12:24:14.709682 >> SLOPE CALC:None
(ENTRY #363) 2022-04-18 12:24:14.709682 >> LIN CALC FIN: 299.4580821738143
(ENTRY #364) 2022-04-18 12:24:14.709682 >> LIN CALC RAW: 600.5419178261857
(ENTRY #365) 2022-04-18 12:24:14.709682 >> Below!
(ENTRY #366) 2022-04-18 12:24:14.709682 >> Object lightRound has been created!
(ENTRY #367) 2022-04-18 12:24:14.709682 >> Protectile #62 has been created! Type: Light
(ENTRY #368) 2022-04-18 12:24:14.709682 >> Projectile created! ID: #62
(ENTRY #369) 2022-04-18 12:24:14.709682 >> MOUSEPOS: (216.81678926944568, 442.00346447344833)
(ENTRY #370) 2022-04-18 12:24:14.709682 >> SLOPE CALC:None
(ENTRY #371) 2022-04-18 12:24:14.710677 >> LIN CALC FIN: 356.38303497516233
(ENTRY #372) 2022-04-18 12:24:14.710677 >> LIN CALC RAW: 543.6169650248377
(ENTRY #373) 2022-04-18 12:24:14.710677 >> Below!
(ENTRY #374) 2022-04-18 12:24:14.710677 >> Object lightRound has been created!
(ENTRY #375) 2022-04-18 12:24:14.710677 >> Protectile #64 has been created! Type: Light
(ENTRY #376) 2022-04-18 12:24:14.710677 >> Projectile created! ID: #64
(ENTRY #377) 2022-04-18 12:24:14.710677 >> MOUSEPOS: (181.81678926944568, 410.00346447344833)
(ENTRY #378) 2022-04-18 12:24:14.710677 >> SLOPE CALC:None
(ENTRY #379) 2022-04-18 12:24:14.710677 >> LIN CALC FIN: 270.1414600415403
(ENTRY #380) 2022-04-18 12:24:14.710677 >> LIN CALC RAW: 629.8585399584597
(ENTRY #381) 2022-04-18 12:24:14.710677 >> Below!
(ENTRY #382) 2022-04-18 12:24:14.710677 >> Object lightRound has been created!
(ENTRY #383) 2022-04-18 12:24:14.711707 >> Protectile #66 has been created! Type: Light
(ENTRY #384) 2022-04-18 12:24:14.711707 >> Projectile created! ID: #66
(ENTRY #385) 2022-04-18 12:24:14.711707 >> MOUSEPOS: (217.81678926944568, 432.00346447344833)
(ENTRY #386) 2022-04-18 12:24:14.711707 >> SLOPE CALC:None
(ENTRY #387) 2022-04-18 12:24:14.711707 >> LIN CALC FIN: 337.39535023238705
(ENTRY #388) 2022-04-18 12:24:14.711707 >> LIN CALC RAW: 562.604649767613
(ENTRY #389) 2022-04-18 12:24:14.711707 >> Below!
(ENTRY #390) 2022-04-18 12:24:14.711707 >> Object lightRound has been created!
(ENTRY #391) 2022-04-18 12:24:14.712681 >> Protectile #68 has been created! Type: Light
(ENTRY #392) 2022-04-18 12:24:14.712681 >> Projectile created! ID: #68
(ENTRY #393) 2022-04-18 12:24:14.712681 >> MOUSEPOS: (181.81678926944568, 424.00346447344833)
(ENTRY #394) 2022-04-18 12:24:14.712681 >> SLOPE CALC:None
(ENTRY #395) 2022-04-18 12:24:14.712681 >> LIN CALC FIN: 269.81680552800754
(ENTRY #396) 2022-04-18 12:24:14.712681 >> LIN CALC RAW: 630.1831944719925
(ENTRY #397) 2022-04-18 12:24:14.712681 >> Below!
(ENTRY #398) 2022-04-18 12:24:14.712681 >> Object lightRound has been created!
(ENTRY #399) 2022-04-18 12:24:14.712681 >> Protectile #70 has been created! Type: Light
(ENTRY #400) 2022-04-18 12:24:14.712681 >> Projectile created! ID: #70
(ENTRY #401) 2022-04-18 12:24:14.712681 >> MOUSEPOS: (192.81678926944568, 417.00346447344833)
(ENTRY #402) 2022-04-18 12:24:14.712681 >> SLOPE CALC:None
(ENTRY #403) 2022-04-18 12:24:14.712681 >> LIN CALC FIN: 312.19113169501327
(ENTRY #404) 2022-04-18 12:24:14.712681 >> LIN CALC RAW: 587.8088683049867
(ENTRY #405) 2022-04-18 12:24:14.712681 >> Below!
(ENTRY #406) 2022-04-18 12:24:14.712681 >> Object lightRound has been created!
(ENTRY #407) 2022-04-18 12:24:14.713673 >> Protectile #72 has been created! Type: Light
(ENTRY #408) 2022-04-18 12:24:14.713673 >> Projectile created! ID: #72
(ENTRY #409) 2022-04-18 12:24:14.713673 >> MOUSEPOS: (183.81678926944568, 444.00346447344833)
(ENTRY #410) 2022-04-18 12:24:14.713673 >> SLOPE CALC:None
(ENTRY #411) 2022-04-18 12:24:14.713673 >> LIN CALC FIN: 314.0584704796686
(ENTRY #412) 2022-04-18 12:24:14.713673 >> LIN CALC RAW: 585.9415295203314
(ENTRY #413) 2022-04-18 12:24:14.713673 >> Below!
(ENTRY #414) 2022-04-18 12:24:14.713673 >> Object lightRound has been created!
(ENTRY #415) 2022-04-18 12:24:14.714689 >> Protectile #74 has been created! Type: Light
(ENTRY #416) 2022-04-18 12:24:14.714689 >> Projectile created! ID: #74
(ENTRY #417) 2022-04-18 12:24:14.714689 >> MOUSEPOS: (216.81678926944568, 442.00346447344833)
(ENTRY #418) 2022-04-18 12:24:14.714689 >> SLOPE CALC:None
(ENTRY #419) 2022-04-18 12:24:14.714689 >> LIN CALC FIN: 378.1617750107167
(ENTRY #420) 2022-04-18 12:24:14.714689 >> LIN CALC RAW: 521.8382249892833
(ENTRY #421) 2022-04-18 12:24:14.714689 >> Below!
(ENTRY #422) 2022-04-18 12:24:14.714689 >> Object lightRound has been created!
(ENTRY #423) 2022-04-18 12:24:14.715689 >> Protectile #76 has been created! Type: Light
(ENTRY #424) 2022-04-18 12:24:14.715689 >> Projectile created! ID: #76
(ENTRY #425) 2022-04-18 12:24:14.715689 >> MOUSEPOS: (186.81678926944568, 406.00346447344833)
(ENTRY #426) 2022-04-18 12:24:14.715689 >> SLOPE CALC:None
(ENTRY #427) 2022-04-18 12:24:14.715689 >> LIN CALC FIN: 318.16177501071684
(ENTRY #428) 2022-04-18 12:24:14.715689 >> LIN CALC RAW: 581.8382249892832
(ENTRY #429) 2022-04-18 12:24:14.715689 >> Below!
(ENTRY #430) 2022-04-18 12:24:14.715689 >> Object lightRound has been created!
(ENTRY #431) 2022-04-18 12:24:14.715689 >> Protectile #78 has been created! Type: Light
(ENTRY #432) 2022-04-18 12:24:14.715689 >> Projectile created! ID: #78
(ENTRY #433) 2022-04-18 12:24:14.715689 >> MOUSEPOS: (219.81678926944568, 402.00346447344833)
(ENTRY #434) 2022-04-18 12:24:14.715689 >> SLOPE CALC:None
(ENTRY #435) 2022-04-18 12:24:14.715689 >> LIN CALC FIN: 380.2172640274364
(ENTRY #436) 2022-04-18 12:24:14.715689 >> LIN CALC RAW: 519.7827359725636
(ENTRY #437) 2022-04-18 12:24:14.715689 >> Below!
(ENTRY #438) 2022-04-18 12:24:14.715689 >> Object lightRound has been created!
(ENTRY #439) 2022-04-18 12:24:14.716675 >> Protectile #80 has been created! Type: Light
(ENTRY #440) 2022-04-18 12:24:14.716675 >> Projectile created! ID: #80
(ENTRY #441) 2022-04-18 12:24:14.716675 >> MOUSEPOS: (189.0, 365.0)
(ENTRY #442) 2022-04-18 12:24:14.716675 >> SLOPE CALC:None
(ENTRY #443) 2022-04-18 12:24:14.716675 >> LIN CALC FIN: 390.820253742894
(ENTRY #444) 2022-04-18 12:24:14.717680 >> LIN CALC RAW: 509.179746257106
(ENTRY #445) 2022-04-18 12:24:14.717680 >> Above!
(ENTRY #446) 2022-04-18 12:24:14.717680 >> Object lightRound has been created!
(ENTRY #447) 2022-04-18 12:24:14.717680 >> Protectile #82 has been created! Type: Light
(ENTRY #448) 2022-04-18 12:24:14.717680 >> Projectile created! ID: #82
(ENTRY #449) 2022-04-18 12:24:14.717680 >> MOUSEPOS: (208.81678926944568, 429.00346447344833)
(ENTRY #450) 2022-04-18 12:24:14.717680 >> SLOPE CALC:None
(ENTRY #451) 2022-04-18 12:24:14.717680 >> LIN CALC FIN: 364.94975805196
(ENTRY #452) 2022-04-18 12:24:14.717680 >> LIN CALC RAW: 535.05024194804
(ENTRY #453) 2022-04-18 12:24:14.717680 >> Below!
(ENTRY #454) 2022-04-18 12:24:14.717680 >> Object lightRound has been created!
(ENTRY #455) 2022-04-18 12:24:14.718687 >> Protectile #84 has been created! Type: Light
(ENTRY #456) 2022-04-18 12:24:14.718687 >> Projectile created! ID: #84
(ENTRY #457) 2022-04-18 12:24:14.718687 >> MOUSEPOS: (217.81678926944568, 423.00346447344833)
(ENTRY #458) 2022-04-18 12:24:14.718687 >> SLOPE CALC:None
(ENTRY #459) 2022-04-18 12:24:14.718687 >> LIN CALC FIN: 403.6880085033372
(ENTRY #460) 2022-04-18 12:24:14.718687 >> LIN CALC RAW: 496.3119914966628
(ENTRY #461) 2022-04-18 12:24:14.718687 >> Below!
(ENTRY #462) 2022-04-18 12:24:14.718687 >> Object lightRound has been created!
(ENTRY #463) 2022-04-18 12:24:14.718687 >> Protectile #86 has been created! Type: Light
(ENTRY #464) 2022-04-18 12:24:14.718687 >> Projectile created! ID: #86
(ENTRY #465) 2022-04-18 12:24:14.718687 >> MOUSEPOS: (219.81678926944568, 406.00346447344833)
(ENTRY #466) 2022-04-18 12:24:14.718687 >> SLOPE CALC:None
(ENTRY #467) 2022-04-18 12:24:14.718687 >> LIN CALC FIN: 375.81678926944574
(ENTRY #468) 2022-04-18 12:24:14.718687 >> LIN CALC RAW: 524.1832107305543
(ENTRY #469) 2022-04-18 12:24:14.718687 >> Below!
(ENTRY #470) 2022-04-18 12:24:14.718687 >> Object lightRound has been created!
(ENTRY #471) 2022-04-18 12:24:14.719689 >> Protectile #88 has been created! Type: Light
(ENTRY #472) 2022-04-18 12:24:14.719689 >> Projectile created! ID: #88
(ENTRY #473) 2022-04-18 12:24:14.719689 >> MOUSEPOS: (220.81678926944568, 426.00346447344833)
(ENTRY #474) 2022-04-18 12:24:14.719689 >> SLOPE CALC:None
(ENTRY #475) 2022-04-18 12:24:14.719689 >> LIN CALC FIN: 406.8167892694457
(ENTRY #476) 2022-04-18 12:24:14.719689 >> LIN CALC RAW: 493.1832107305543
(ENTRY #477) 2022-04-18 12:24:14.719689 >> Below!
(ENTRY #478) 2022-04-18 12:24:14.719689 >> Object lightRound has been created!
(ENTRY #479) 2022-04-18 12:24:14.720681 >> Protectile #90 has been created! Type: Light
(ENTRY #480) 2022-04-18 12:24:14.720681 >> Projectile created! ID: #90
(ENTRY #481) 2022-04-18 12:24:14.720681 >> MOUSEPOS: (213.81678926944568, 420.00346447344833)
(ENTRY #482) 2022-04-18 12:24:14.720681 >> SLOPE CALC:None
(ENTRY #483) 2022-04-18 12:24:14.720681 >> LIN CALC FIN: 369.81678926944574
(ENTRY #484) 2022-04-18 12:24:14.720681 >> LIN CALC RAW: 530.1832107305543
(ENTRY #485) 2022-04-18 12:24:14.720681 >> Below!
(ENTRY #486) 2022-04-18 12:24:14.720681 >> Object lightRound has been created!
(ENTRY #487) 2022-04-18 12:24:14.721676 >> Protectile #92 has been created! Type: Light
(ENTRY #488) 2022-04-18 12:24:14.721676 >> Projectile created! ID: #92
(ENTRY #489) 2022-04-18 12:24:14.721676 >> MOUSEPOS: (182.81678926944568, 412.00346447344833)
(ENTRY #490) 2022-04-18 12:24:14.721676 >> SLOPE CALC:None
(ENTRY #491) 2022-04-18 12:24:14.721676 >> LIN CALC FIN: 368.81678926944574
(ENTRY #492) 2022-04-18 12:24:14.721676 >> LIN CALC RAW: 531.1832107305543
(ENTRY #493) 2022-04-18 12:24:14.721676 >> Below!
(ENTRY #494) 2022-04-18 12:24:14.721676 >> Object lightRound has been created!
(ENTRY #495) 2022-04-18 12:24:14.722712 >> Protectile #94 has been created! Type: Light
(ENTRY #496) 2022-04-18 12:24:14.722712 >> Projectile created! ID: #94
(ENTRY #497) 2022-04-18 12:24:14.722712 >> MOUSEPOS: (206.81678926944568, 418.00346447344833)
(ENTRY #498) 2022-04-18 12:24:14.722712 >> SLOPE CALC:None
(ENTRY #499) 2022-04-18 12:24:14.722712 >> LIN CALC FIN: 379.81678926944574
(ENTRY #500) 2022-04-18 12:24:14.722712 >> LIN CALC RAW: 520.1832107305543
(ENTRY #501) 2022-04-18 12:24:14.722712 >> Below!
(ENTRY #502) 2022-04-18 12:24:14.722712 >> Object lightRound has been created!
(ENTRY #503) 2022-04-18 12:24:14.723686 >> Protectile #96 has been created! Type: Light
(ENTRY #504) 2022-04-18 12:24:14.723686 >> Projectile created! ID: #96
(ENTRY #505) 2022-04-18 12:24:14.723686 >> MOUSEPOS: (218.81678926944568, 437.00346447344833)
(ENTRY #506) 2022-04-18 12:24:14.723686 >> SLOPE CALC:None
(ENTRY #507) 2022-04-18 12:24:14.723686 >> LIN CALC FIN: 421.8167892694457
(ENTRY #508) 2022-04-18 12:24:14.723686 >> LIN CALC RAW: 478.1832107305543
(ENTRY #509) 2022-04-18 12:24:14.723686 >> Below!
(ENTRY #510) 2022-04-18 12:24:14.723686 >> Object lightRound has been created!
(ENTRY #511) 2022-04-18 12:24:14.724676 >> Protectile #98 has been created! Type: Light
(ENTRY #512) 2022-04-18 12:24:14.724676 >> Projectile created! ID: #98
(ENTRY #513) 2022-04-18 12:24:14.724676 >> MOUSEPOS: (199.81678926944568, 425.00346447344833)
(ENTRY #514) 2022-04-18 12:24:14.724676 >> SLOPE CALC:None
(ENTRY #515) 2022-04-18 12:24:14.724676 >> LIN CALC FIN: 372.81678926944574
(ENTRY #516) 2022-04-18 12:24:14.724676 >> LIN CALC RAW: 527.1832107305543
(ENTRY #517) 2022-04-18 12:24:14.724676 >> Below!
(ENTRY #518) 2022-04-18 12:24:14.724676 >> Object lightRound has been created!
(ENTRY #519) 2022-04-18 12:24:14.724676 >> Protectile #100 has been created! Type: Light
(ENTRY #520) 2022-04-18 12:24:14.724676 >> Projectile created! ID: #100
(ENTRY #521) 2022-04-18 12:24:14.724676 >> MOUSEPOS: (229.81678926944568, 432.00346447344833)
(ENTRY #522) 2022-04-18 12:24:14.724676 >> SLOPE CALC:None
(ENTRY #523) 2022-04-18 12:24:14.724676 >> LIN CALC FIN: 432.8167892694457
(ENTRY #524) 2022-04-18 12:24:14.724676 >> LIN CALC RAW: 467.1832107305543
(ENTRY #525) 2022-04-18 12:24:14.724676 >> Above!
(ENTRY #526) 2022-04-18 12:24:14.724676 >> Object lightRound has been created!
(ENTRY #527) 2022-04-18 12:24:14.725686 >> Protectile #102 has been created! Type: Light
(ENTRY #528) 2022-04-18 12:24:14.725686 >> Projectile created! ID: #102
(ENTRY #529) 2022-04-18 12:24:14.725686 >> MOUSEPOS: (179.81678926944568, 434.00346447344833)
(ENTRY #530) 2022-04-18 12:24:14.725686 >> SLOPE CALC:None
(ENTRY #531) 2022-04-18 12:24:14.725686 >> LIN CALC FIN: 352.81678926944574
(ENTRY #532) 2022-04-18 12:24:14.725686 >> LIN CALC RAW: 547.1832107305543
(ENTRY #533) 2022-04-18 12:24:14.725686 >> Below!
(ENTRY #534) 2022-04-18 12:24:14.725686 >> Object lightRound has been created!
(ENTRY #535) 2022-04-18 12:24:14.726684 >> Protectile #104 has been created! Type: Light
(ENTRY #536) 2022-04-18 12:24:14.726684 >> Projectile created! ID: #104
(ENTRY #537) 2022-04-18 12:24:14.726684 >> MOUSEPOS: (216.81678926944568, 401.00346447344833)
(ENTRY #538) 2022-04-18 12:24:14.726684 >> SLOPE CALC:None
(ENTRY #539) 2022-04-18 12:24:14.726684 >> LIN CALC FIN: 419.8167892694457
(ENTRY #540) 2022-04-18 12:24:14.726684 >> LIN CALC RAW: 480.1832107305543
(ENTRY #541) 2022-04-18 12:24:14.726684 >> Above!
(ENTRY #542) 2022-04-18 12:24:14.726684 >> Object lightRound has been created!
(ENTRY #543) 2022-04-18 12:24:14.726684 >> Protectile #106 has been created! Type: Light
(ENTRY #544) 2022-04-18 12:24:14.726684 >> Projectile created! ID: #106
(ENTRY #545) 2022-04-18 12:24:15.127742 >> Projectile has hit!
(ENTRY #546) 2022-04-18 12:24:15.127742 >> Projectile removed!
(ENTRY #547) 2022-04-18 12:24:15.378745 >> Projectile has hit!
(ENTRY #548) 2022-04-18 12:24:15.378745 >> Projectile removed!
(ENTRY #549) 2022-04-18 12:24:15.425742 >> Projectile has hit!
(ENTRY #550) 2022-04-18 12:24:15.426747 >> Projectile has hit!
(ENTRY #551) 2022-04-18 12:24:15.426747 >> Projectile removed!
(ENTRY #552) 2022-04-18 12:24:15.426747 >> Projectile removed!
(ENTRY #553) 2022-04-18 12:24:15.527745 >> MOUSEPOS: (160, 288)
(ENTRY #554) 2022-04-18 12:24:15.527745 >> SLOPE CALC:None
(ENTRY #555) 2022-04-18 12:24:15.527745 >> LIN CALC FIN: 390.0
(ENTRY #556) 2022-04-18 12:24:15.527745 >> LIN CALC RAW: 510.0
(ENTRY #557) 2022-04-18 12:24:15.527745 >> Above!
(ENTRY #558) 2022-04-18 12:24:15.527745 >> Object lightRound has been created!
(ENTRY #559) 2022-04-18 12:24:15.527745 >> Protectile #108 has been created! Type: Light
(ENTRY #560) 2022-04-18 12:24:15.527745 >> Projectile created! ID: #108
(ENTRY #561) 2022-04-18 12:24:15.574744 >> Cloud created! ID: #6
(ENTRY #562) 2022-04-18 12:24:15.628431 >> Dumb-AI Entity created!
(ENTRY #563) 2022-04-18 12:24:15.633432 >> Dumb-AI Entity created!
(ENTRY #564) 2022-04-18 12:24:15.638436 >> Dumb-AI Entity created!
(ENTRY #565) 2022-04-18 12:24:15.730437 >> MOUSEPOS: (160, 288)
(ENTRY #566) 2022-04-18 12:24:15.730437 >> SLOPE CALC:None
(ENTRY #567) 2022-04-18 12:24:15.730437 >> LIN CALC FIN: 390.0
(ENTRY #568) 2022-04-18 12:24:15.730437 >> LIN CALC RAW: 510.0
(ENTRY #569) 2022-04-18 12:24:15.730437 >> Above!
(ENTRY #570) 2022-04-18 12:24:15.824437 >> Projectile has hit!
(ENTRY #571) 2022-04-18 12:24:15.824437 >> Projectile removed!
(ENTRY #572) 2022-04-18 12:24:15.870464 >> Projectile has hit!
(ENTRY #573) 2022-04-18 12:24:15.870464 >> Projectile removed!
(ENTRY #574) 2022-04-18 12:24:16.125937 >> Projectile has hit!
(ENTRY #575) 2022-04-18 12:24:16.125937 >> Projectile removed!
(ENTRY #576) 2022-04-18 12:24:16.345243 >> Returning to menu!
(ENTRY #577) 2022-04-18 12:24:16.346211 >> Projectile has hit!
(ENTRY #578) 2022-04-18 12:24:16.347208 >> Projectile removed!
(ENTRY #579) 2022-04-18 12:24:17.556054 >> Naval Warfare 2D Closed...
