Log for Naval Warfare 2D, intended for debugging purposes only! 

(ENTRY #1) 2022-03-12 15:39:19.660201 >> Initialized Log handler...
(ENTRY #2) 2022-03-12 15:39:20.094056 >> Initialized Warship handler...
(ENTRY #3) 2022-03-12 15:39:20.096043 >> Initialized Projectile handler...
(ENTRY #4) 2022-03-12 15:39:20.096043 >> Dumb-AI Entity created!
(ENTRY #5) 2022-03-12 15:39:20.097042 >> Dumb-AI Entity created!
(ENTRY #6) 2022-03-12 15:39:20.097042 >> Dumb-AI Entity created!
(ENTRY #7) 2022-03-12 15:39:20.100056 >> Dumb-AI Entity created!
(ENTRY #8) 2022-03-12 15:39:20.102046 >> Dumb-AI Entity created!
(ENTRY #9) 2022-03-12 15:39:20.104046 >> Dumb-AI Entity created!
(ENTRY #10) 2022-03-12 15:39:20.106047 >> Dumb-AI Entity created!
(ENTRY #11) 2022-03-12 15:39:20.107044 >> Dumb-AI Entity created!
(ENTRY #12) 2022-03-12 15:39:20.108048 >> Dumb-AI Entity created!
(ENTRY #13) 2022-03-12 15:39:20.109043 >> Dumb-AI Entity created!
(ENTRY #14) 2022-03-12 15:39:20.133043 >> Initialized GUI handler...
(ENTRY #15) 2022-03-12 15:39:20.133043 >> Starting Naval Warfare 2D...
(ENTRY #16) 2022-03-12 15:39:25.339096 >> Created Sprite for Player!
(ENTRY #17) 2022-03-12 15:39:25.339096 >> Finished initalizing!
(ENTRY #18) 2022-03-12 15:39:29.772477 >> Returning to menu!
(ENTRY #19) 2022-03-12 15:39:31.613817 >> Game resumed!
(ENTRY #20) 2022-03-12 15:39:31.630071 >> Cloud created! ID: #1
(ENTRY #21) 2022-03-12 15:39:31.631075 >> MOUSEPOS: (400.0, 501.75)
(ENTRY #22) 2022-03-12 15:39:31.631075 >> SLOPE CALC:None
(ENTRY #23) 2022-03-12 15:39:31.631075 >> LIN CALC FIN: 539.75
(ENTRY #24) 2022-03-12 15:39:31.631075 >> LIN CALC RAW: 360.25
(ENTRY #25) 2022-03-12 15:39:31.631075 >> Above!
(ENTRY #26) 2022-03-12 15:39:31.631075 >> Object lightRound has been created!
(ENTRY #27) 2022-03-12 15:39:31.631075 >> Protectile #2 has been created! Type: Light
(ENTRY #28) 2022-03-12 15:39:31.631075 >> Projectile created! ID: #2
(ENTRY #29) 2022-03-12 15:39:31.631075 >> MOUSEPOS: (335.0, 453.75)
(ENTRY #30) 2022-03-12 15:39:31.631075 >> SLOPE CALC:None
(ENTRY #31) 2022-03-12 15:39:31.631075 >> LIN CALC FIN: 464.75
(ENTRY #32) 2022-03-12 15:39:31.631075 >> LIN CALC RAW: 435.25
(ENTRY #33) 2022-03-12 15:39:31.631075 >> Above!
(ENTRY #34) 2022-03-12 15:39:31.631075 >> Object lightRound has been created!
(ENTRY #35) 2022-03-12 15:39:31.632072 >> Protectile #4 has been created! Type: Light
(ENTRY #36) 2022-03-12 15:39:31.632072 >> Projectile created! ID: #4
(ENTRY #37) 2022-03-12 15:39:31.632072 >> MOUSEPOS: (387.0, 508.75)
(ENTRY #38) 2022-03-12 15:39:31.632072 >> SLOPE CALC:None
(ENTRY #39) 2022-03-12 15:39:31.632072 >> LIN CALC FIN: 506.75
(ENTRY #40) 2022-03-12 15:39:31.632072 >> LIN CALC RAW: 393.25
(ENTRY #41) 2022-03-12 15:39:31.632072 >> Below!
(ENTRY #42) 2022-03-12 15:39:31.632072 >> Object lightRound has been created!
(ENTRY #43) 2022-03-12 15:39:31.632072 >> Protectile #6 has been created! Type: Light
(ENTRY #44) 2022-03-12 15:39:31.632072 >> Projectile created! ID: #6
(ENTRY #45) 2022-03-12 15:39:31.632072 >> MOUSEPOS: (430.0, 561.75)
(ENTRY #46) 2022-03-12 15:39:31.632072 >> SLOPE CALC:None
(ENTRY #47) 2022-03-12 15:39:31.632072 >> LIN CALC FIN: 579.75
(ENTRY #48) 2022-03-12 15:39:31.632072 >> LIN CALC RAW: 320.25
(ENTRY #49) 2022-03-12 15:39:31.632072 >> Above!
(ENTRY #50) 2022-03-12 15:39:31.632072 >> Object lightRound has been created!
(ENTRY #51) 2022-03-12 15:39:31.632072 >> Protectile #8 has been created! Type: Light
(ENTRY #52) 2022-03-12 15:39:31.632072 >> Projectile created! ID: #8
(ENTRY #53) 2022-03-12 15:39:31.632072 >> MOUSEPOS: (497.0, 583.75)
(ENTRY #54) 2022-03-12 15:39:31.632072 >> SLOPE CALC:None
(ENTRY #55) 2022-03-12 15:39:31.632072 >> LIN CALC FIN: 596.75
(ENTRY #56) 2022-03-12 15:39:31.632072 >> LIN CALC RAW: 303.25
(ENTRY #57) 2022-03-12 15:39:31.632072 >> Above!
(ENTRY #58) 2022-03-12 15:39:31.632072 >> Object lightRound has been created!
(ENTRY #59) 2022-03-12 15:39:31.632072 >> Protectile #10 has been created! Type: Light
(ENTRY #60) 2022-03-12 15:39:31.632072 >> Projectile created! ID: #10
(ENTRY #61) 2022-03-12 15:39:31.632072 >> MOUSEPOS: (448.0, 538.75)
(ENTRY #62) 2022-03-12 15:39:31.632072 >> SLOPE CALC:None
(ENTRY #63) 2022-03-12 15:39:31.632072 >> LIN CALC FIN: 471.0
(ENTRY #64) 2022-03-12 15:39:31.632072 >> LIN CALC RAW: 429.0
(ENTRY #65) 2022-03-12 15:39:31.632072 >> Below!
(ENTRY #66) 2022-03-12 15:39:31.632072 >> Object lightRound has been created!
(ENTRY #67) 2022-03-12 15:39:31.633069 >> Protectile #12 has been created! Type: Light
(ENTRY #68) 2022-03-12 15:39:31.633069 >> Projectile created! ID: #12
(ENTRY #69) 2022-03-12 15:39:31.633069 >> MOUSEPOS: (484.0, 498.0)
(ENTRY #70) 2022-03-12 15:39:31.633069 >> SLOPE CALC:None
(ENTRY #71) 2022-03-12 15:39:31.633069 >> LIN CALC FIN: 555.0
(ENTRY #72) 2022-03-12 15:39:31.633069 >> LIN CALC RAW: 345.0
(ENTRY #73) 2022-03-12 15:39:31.633069 >> Above!
(ENTRY #74) 2022-03-12 15:39:31.633069 >> Object lightRound has been created!
(ENTRY #75) 2022-03-12 15:39:31.633069 >> Protectile #14 has been created! Type: Light
(ENTRY #76) 2022-03-12 15:39:31.633069 >> Projectile created! ID: #14
(ENTRY #77) 2022-03-12 15:39:31.633069 >> MOUSEPOS: (571.0, 532.0)
(ENTRY #78) 2022-03-12 15:39:31.633069 >> SLOPE CALC:None
(ENTRY #79) 2022-03-12 15:39:31.633069 >> LIN CALC FIN: 588.0
(ENTRY #80) 2022-03-12 15:39:31.633069 >> LIN CALC RAW: 312.0
(ENTRY #81) 2022-03-12 15:39:31.633069 >> Above!
(ENTRY #82) 2022-03-12 15:39:31.633069 >> Object lightRound has been created!
(ENTRY #83) 2022-03-12 15:39:31.633069 >> Protectile #16 has been created! Type: Light
(ENTRY #84) 2022-03-12 15:39:31.633069 >> Projectile created! ID: #16
(ENTRY #85) 2022-03-12 15:39:31.633069 >> MOUSEPOS: (684.0, 529.0)
(ENTRY #86) 2022-03-12 15:39:31.633069 >> SLOPE CALC:None
(ENTRY #87) 2022-03-12 15:39:31.633069 >> Object lightRound has been created!
(ENTRY #88) 2022-03-12 15:39:31.633069 >> Protectile #18 has been created! Type: Light
(ENTRY #89) 2022-03-12 15:39:31.633069 >> Projectile created! ID: #18
(ENTRY #90) 2022-03-12 15:39:31.633069 >> MOUSEPOS: (771.0, 530.0)
(ENTRY #91) 2022-03-12 15:39:31.633069 >> SLOPE CALC:None
(ENTRY #92) 2022-03-12 15:39:31.633069 >> LIN CALC FIN: 470.0
(ENTRY #93) 2022-03-12 15:39:31.633069 >> LIN CALC RAW: 430.0
(ENTRY #94) 2022-03-12 15:39:31.633069 >> Below!
(ENTRY #95) 2022-03-12 15:39:31.633069 >> Object lightRound has been created!
(ENTRY #96) 2022-03-12 15:39:31.633069 >> Protectile #20 has been created! Type: Light
(ENTRY #97) 2022-03-12 15:39:31.633069 >> Projectile created! ID: #20
(ENTRY #98) 2022-03-12 15:39:31.890204 >> Projectile has hit!
(ENTRY #99) 2022-03-12 15:39:31.890204 >> Projectile removed!
(ENTRY #100) 2022-03-12 15:39:31.920174 >> Projectile has hit!
(ENTRY #101) 2022-03-12 15:39:31.920174 >> Projectile removed!
(ENTRY #102) 2022-03-12 15:39:32.014175 >> Projectile has hit!
(ENTRY #103) 2022-03-12 15:39:32.014175 >> Projectile removed!
(ENTRY #104) 2022-03-12 15:39:32.074174 >> Projectile has hit!
(ENTRY #105) 2022-03-12 15:39:32.074174 >> Projectile removed!
(ENTRY #106) 2022-03-12 15:39:32.150032 >> MOUSEPOS: (526, 405)
(ENTRY #107) 2022-03-12 15:39:32.150032 >> SLOPE CALC:None
(ENTRY #108) 2022-03-12 15:39:32.150032 >> LIN CALC FIN: 24.0
(ENTRY #109) 2022-03-12 15:39:32.150032 >> LIN CALC RAW: 876.0
(ENTRY #110) 2022-03-12 15:39:32.150032 >> Below!
(ENTRY #111) 2022-03-12 15:39:32.150032 >> Object lightRound has been created!
(ENTRY #112) 2022-03-12 15:39:32.151020 >> Protectile #22 has been created! Type: Light
(ENTRY #113) 2022-03-12 15:39:32.151020 >> Projectile created! ID: #22
(ENTRY #114) 2022-03-12 15:39:32.376324 >> MOUSEPOS: (526, 405)
(ENTRY #115) 2022-03-12 15:39:32.376324 >> SLOPE CALC:None
(ENTRY #116) 2022-03-12 15:39:32.376324 >> LIN CALC FIN: 24.0
(ENTRY #117) 2022-03-12 15:39:32.376324 >> LIN CALC RAW: 876.0
(ENTRY #118) 2022-03-12 15:39:32.376324 >> Below!
(ENTRY #119) 2022-03-12 15:39:32.462864 >> Projectile has hit!
(ENTRY #120) 2022-03-12 15:39:32.462864 >> Projectile removed!
(ENTRY #121) 2022-03-12 15:39:32.620909 >> MOUSEPOS: (526, 404)
(ENTRY #122) 2022-03-12 15:39:32.620909 >> SLOPE CALC:None
(ENTRY #123) 2022-03-12 15:39:32.620909 >> LIN CALC FIN: 24.0
(ENTRY #124) 2022-03-12 15:39:32.620909 >> LIN CALC RAW: 876.0
(ENTRY #125) 2022-03-12 15:39:32.620909 >> Below!
(ENTRY #126) 2022-03-12 15:39:32.695474 >> Cloud created! ID: #2
(ENTRY #127) 2022-03-12 15:39:32.802485 >> Projectile has hit!
(ENTRY #128) 2022-03-12 15:39:32.802485 >> Projectile removed!
(ENTRY #129) 2022-03-12 15:39:32.889486 >> MOUSEPOS: (524, 401)
(ENTRY #130) 2022-03-12 15:39:32.889486 >> SLOPE CALC:None
(ENTRY #131) 2022-03-12 15:39:32.889486 >> LIN CALC FIN: 26.0
(ENTRY #132) 2022-03-12 15:39:32.889486 >> LIN CALC RAW: 874.0
(ENTRY #133) 2022-03-12 15:39:32.889486 >> Below!
(ENTRY #134) 2022-03-12 15:39:32.947485 >> entity_2_1 and entity_2_2 have collided!
(ENTRY #135) 2022-03-12 15:39:32.947485 >> entity_2_2 and entity_2_1 have collided!
(ENTRY #136) 2022-03-12 15:39:33.087485 >> MOUSEPOS: (524, 401)
(ENTRY #137) 2022-03-12 15:39:33.087485 >> SLOPE CALC:None
(ENTRY #138) 2022-03-12 15:39:33.087485 >> LIN CALC FIN: 26.0
(ENTRY #139) 2022-03-12 15:39:33.087485 >> LIN CALC RAW: 874.0
(ENTRY #140) 2022-03-12 15:39:33.087485 >> Below!
(ENTRY #141) 2022-03-12 15:39:33.172777 >> Projectile has hit!
(ENTRY #142) 2022-03-12 15:39:33.172777 >> Projectile removed!
(ENTRY #143) 2022-03-12 15:39:33.299287 >> MOUSEPOS: (524, 401)
(ENTRY #144) 2022-03-12 15:39:33.299287 >> SLOPE CALC:None
(ENTRY #145) 2022-03-12 15:39:33.299287 >> LIN CALC FIN: 26.0
(ENTRY #146) 2022-03-12 15:39:33.299287 >> LIN CALC RAW: 874.0
(ENTRY #147) 2022-03-12 15:39:33.299287 >> Below!
(ENTRY #148) 2022-03-12 15:39:33.299287 >> Object lightRound has been created!
(ENTRY #149) 2022-03-12 15:39:33.299287 >> Protectile #24 has been created! Type: Light
(ENTRY #150) 2022-03-12 15:39:33.299287 >> Projectile created! ID: #24
(ENTRY #151) 2022-03-12 15:39:33.313275 >> entity_1_1 and entity_1_2 have collided!
(ENTRY #152) 2022-03-12 15:39:33.313275 >> entity_1_2 and entity_1_1 have collided!
(ENTRY #153) 2022-03-12 15:39:33.327287 >> Projectile has hit!
(ENTRY #154) 2022-03-12 15:39:33.327287 >> Projectile removed!
(ENTRY #155) 2022-03-12 15:39:33.464910 >> MOUSEPOS: (524, 401)
(ENTRY #156) 2022-03-12 15:39:33.464910 >> SLOPE CALC:None
(ENTRY #157) 2022-03-12 15:39:33.464910 >> LIN CALC FIN: 26.0
(ENTRY #158) 2022-03-12 15:39:33.464910 >> LIN CALC RAW: 874.0
(ENTRY #159) 2022-03-12 15:39:33.464910 >> Below!
(ENTRY #160) 2022-03-12 15:39:33.640244 >> MOUSEPOS: (383.0080594125754, 368.34105839631167)
(ENTRY #161) 2022-03-12 15:39:33.640244 >> SLOPE CALC:None
(ENTRY #162) 2022-03-12 15:39:33.640244 >> LIN CALC FIN: 314.1636775248944
(ENTRY #163) 2022-03-12 15:39:33.640244 >> LIN CALC RAW: 585.8363224751056
(ENTRY #164) 2022-03-12 15:39:33.640244 >> Below!
(ENTRY #165) 2022-03-12 15:39:33.640244 >> Object lightRound has been created!
(ENTRY #166) 2022-03-12 15:39:33.640244 >> Protectile #26 has been created! Type: Light
(ENTRY #167) 2022-03-12 15:39:33.640244 >> Projectile created! ID: #26
(ENTRY #168) 2022-03-12 15:39:33.640244 >> MOUSEPOS: (560.1476119110685, 589.3193488485396)
(ENTRY #169) 2022-03-12 15:39:33.640244 >> SLOPE CALC:None
(ENTRY #170) 2022-03-12 15:39:33.640244 >> LIN CALC FIN: 647.6145726706764
(ENTRY #171) 2022-03-12 15:39:33.640244 >> LIN CALC RAW: 252.38542732932365
(ENTRY #172) 2022-03-12 15:39:33.640244 >> Above!
(ENTRY #173) 2022-03-12 15:39:33.640244 >> Object lightRound has been created!
(ENTRY #174) 2022-03-12 15:39:33.640244 >> Protectile #28 has been created! Type: Light
(ENTRY #175) 2022-03-12 15:39:33.640244 >> Projectile created! ID: #28
(ENTRY #176) 2022-03-12 15:39:33.640244 >> MOUSEPOS: (439.85238808893155, 530.3193488485394)
(ENTRY #177) 2022-03-12 15:39:33.640244 >> SLOPE CALC:None
(ENTRY #178) 2022-03-12 15:39:33.640244 >> LIN CALC FIN: 497.0241250264026
(ENTRY #179) 2022-03-12 15:39:33.640244 >> LIN CALC RAW: 402.9758749735974
(ENTRY #180) 2022-03-12 15:39:33.640244 >> Below!
(ENTRY #181) 2022-03-12 15:39:33.640244 >> Object lightRound has been created!
(ENTRY #182) 2022-03-12 15:39:33.641244 >> Protectile #30 has been created! Type: Light
(ENTRY #183) 2022-03-12 15:39:33.641244 >> Projectile created! ID: #30
(ENTRY #184) 2022-03-12 15:39:33.641244 >> MOUSEPOS: (319.85238808893155, 446.3193488485382)
(ENTRY #185) 2022-03-12 15:39:33.641244 >> SLOPE CALC:None
(ENTRY #186) 2022-03-12 15:39:33.641244 >> LIN CALC FIN: 418.4967297199555
(ENTRY #187) 2022-03-12 15:39:33.641244 >> LIN CALC RAW: 481.5032702800445
(ENTRY #188) 2022-03-12 15:39:33.641244 >> Below!
(ENTRY #189) 2022-03-12 15:39:33.641244 >> Object lightRound has been created!
(ENTRY #190) 2022-03-12 15:39:33.641244 >> Protectile #32 has been created! Type: Light
(ENTRY #191) 2022-03-12 15:39:33.641244 >> Projectile created! ID: #32
(ENTRY #192) 2022-03-12 15:39:33.641244 >> MOUSEPOS: (909.7463003966748, 529.4853134640583)
(ENTRY #193) 2022-03-12 15:39:33.641244 >> SLOPE CALC:None
(ENTRY #194) 2022-03-12 15:39:33.641244 >> LIN CALC FIN: 508.095418205561
(ENTRY #195) 2022-03-12 15:39:33.641244 >> LIN CALC RAW: 391.904581794439
(ENTRY #196) 2022-03-12 15:39:33.641244 >> Below!
(ENTRY #197) 2022-03-12 15:39:33.641244 >> Object lightRound has been created!
(ENTRY #198) 2022-03-12 15:39:33.641244 >> Protectile #34 has been created! Type: Light
(ENTRY #199) 2022-03-12 15:39:33.641244 >> Projectile created! ID: #34
(ENTRY #200) 2022-03-12 15:39:33.641244 >> MOUSEPOS: (831.9919405874214, 456.3410583963076)
(ENTRY #201) 2022-03-12 15:39:33.641244 >> SLOPE CALC:None
(ENTRY #202) 2022-03-12 15:39:33.641244 >> LIN CALC FIN: 449.7309536548049
(ENTRY #203) 2022-03-12 15:39:33.641244 >> LIN CALC RAW: 450.2690463451951
(ENTRY #204) 2022-03-12 15:39:33.641244 >> Below!
(ENTRY #205) 2022-03-12 15:39:33.641244 >> Object lightRound has been created!
(ENTRY #206) 2022-03-12 15:39:33.641244 >> Protectile #36 has been created! Type: Light
(ENTRY #207) 2022-03-12 15:39:33.641244 >> Projectile created! ID: #36
(ENTRY #208) 2022-03-12 15:39:33.657244 >> MOUSEPOS: (524, 401)
(ENTRY #209) 2022-03-12 15:39:33.657244 >> SLOPE CALC:None
(ENTRY #210) 2022-03-12 15:39:33.657244 >> LIN CALC FIN: 26.0
(ENTRY #211) 2022-03-12 15:39:33.657244 >> LIN CALC RAW: 874.0
(ENTRY #212) 2022-03-12 15:39:33.657244 >> Below!
(ENTRY #213) 2022-03-12 15:39:33.801684 >> Cloud created! ID: #3
(ENTRY #214) 2022-03-12 15:39:33.817699 >> MOUSEPOS: (524, 401)
(ENTRY #215) 2022-03-12 15:39:33.817699 >> SLOPE CALC:None
(ENTRY #216) 2022-03-12 15:39:33.817699 >> LIN CALC FIN: 26.0
(ENTRY #217) 2022-03-12 15:39:33.817699 >> LIN CALC RAW: 874.0
(ENTRY #218) 2022-03-12 15:39:33.817699 >> Below!
(ENTRY #219) 2022-03-12 15:39:33.973576 >> Projectile has hit!
(ENTRY #220) 2022-03-12 15:39:33.973576 >> Projectile has hit!
(ENTRY #221) 2022-03-12 15:39:33.973576 >> Projectile removed!
(ENTRY #222) 2022-03-12 15:39:33.973576 >> Projectile removed!
(ENTRY #223) 2022-03-12 15:39:33.987571 >> Projectile has hit!
(ENTRY #224) 2022-03-12 15:39:33.987571 >> Projectile removed!
(ENTRY #225) 2022-03-12 15:39:34.528728 >> MOUSEPOS: (457, 324)
(ENTRY #226) 2022-03-12 15:39:34.528728 >> SLOPE CALC:None
(ENTRY #227) 2022-03-12 15:39:34.528728 >> LIN CALC FIN: 85.25
(ENTRY #228) 2022-03-12 15:39:34.528728 >> LIN CALC RAW: 814.75
(ENTRY #229) 2022-03-12 15:39:34.528728 >> Below!
(ENTRY #230) 2022-03-12 15:39:34.528728 >> Object lightRound has been created!
(ENTRY #231) 2022-03-12 15:39:34.528728 >> Protectile #38 has been created! Type: Light
(ENTRY #232) 2022-03-12 15:39:34.528728 >> Projectile created! ID: #38
(ENTRY #233) 2022-03-12 15:39:34.710067 >> MOUSEPOS: (457, 324)
(ENTRY #234) 2022-03-12 15:39:34.710067 >> SLOPE CALC:None
(ENTRY #235) 2022-03-12 15:39:34.710067 >> LIN CALC FIN: 82.0
(ENTRY #236) 2022-03-12 15:39:34.710067 >> LIN CALC RAW: 818.0
(ENTRY #237) 2022-03-12 15:39:34.710067 >> Below!
(ENTRY #238) 2022-03-12 15:39:34.820733 >> Cloud created! ID: #4
(ENTRY #239) 2022-03-12 15:39:34.834361 >> Projectile removed!
(ENTRY #240) 2022-03-12 15:39:34.918617 >> MOUSEPOS: (457, 324)
(ENTRY #241) 2022-03-12 15:39:34.918617 >> SLOPE CALC:None
(ENTRY #242) 2022-03-12 15:39:34.918617 >> LIN CALC FIN: 78.25
(ENTRY #243) 2022-03-12 15:39:34.918617 >> LIN CALC RAW: 821.75
(ENTRY #244) 2022-03-12 15:39:34.918617 >> Below!
(ENTRY #245) 2022-03-12 15:39:35.045039 >> Projectile has hit!
(ENTRY #246) 2022-03-12 15:39:35.045039 >> Projectile removed!
(ENTRY #247) 2022-03-12 15:39:35.362731 >> Projectile has hit!
(ENTRY #248) 2022-03-12 15:39:35.362731 >> Projectile removed!
(ENTRY #249) 2022-03-12 15:39:35.649824 >> MOUSEPOS: (312.82257597554076, 286.0318209354404)
(ENTRY #250) 2022-03-12 15:39:35.649824 >> SLOPE CALC:None
(ENTRY #251) 2022-03-12 15:39:35.649824 >> LIN CALC FIN: 335.03269197552106
(ENTRY #252) 2022-03-12 15:39:35.649824 >> LIN CALC RAW: 564.9673080244789
(ENTRY #253) 2022-03-12 15:39:35.649824 >> Above!
(ENTRY #254) 2022-03-12 15:39:35.649824 >> Object lightRound has been created!
(ENTRY #255) 2022-03-12 15:39:35.649824 >> Protectile #40 has been created! Type: Light
(ENTRY #256) 2022-03-12 15:39:35.649824 >> Projectile created! ID: #40
(ENTRY #257) 2022-03-12 15:39:35.649824 >> MOUSEPOS: (540.0521645613984, 567.907432512461)
(ENTRY #258) 2022-03-12 15:39:35.649824 >> SLOPE CALC:None
(ENTRY #259) 2022-03-12 15:39:35.649824 >> LIN CALC FIN: 634.0117616352579
(ENTRY #260) 2022-03-12 15:39:35.649824 >> LIN CALC RAW: 265.9882383647421
(ENTRY #261) 2022-03-12 15:39:35.649824 >> Above!
(ENTRY #262) 2022-03-12 15:39:35.649824 >> Object lightRound has been created!
(ENTRY #263) 2022-03-12 15:39:35.649824 >> Protectile #42 has been created! Type: Light
(ENTRY #264) 2022-03-12 15:39:35.649824 >> Projectile created! ID: #42
(ENTRY #265) 2022-03-12 15:39:35.649824 >> MOUSEPOS: (424.94783543860166, 531.9074325124611)
(ENTRY #266) 2022-03-12 15:39:35.649824 >> SLOPE CALC:None
(ENTRY #267) 2022-03-12 15:39:35.649824 >> LIN CALC FIN: 432.8031033896643
(ENTRY #268) 2022-03-12 15:39:35.650833 >> LIN CALC RAW: 467.1968966103357
(ENTRY #269) 2022-03-12 15:39:35.650833 >> Below!
(ENTRY #270) 2022-03-12 15:39:35.650833 >> Object lightRound has been created!
(ENTRY #271) 2022-03-12 15:39:35.650833 >> Protectile #44 has been created! Type: Light
(ENTRY #272) 2022-03-12 15:39:35.650833 >> Projectile created! ID: #44
(ENTRY #273) 2022-03-12 15:39:35.650833 >> MOUSEPOS: (295.94783543860166, 409.90743251246016)
(ENTRY #274) 2022-03-12 15:39:35.650833 >> SLOPE CALC:None
(ENTRY #275) 2022-03-12 15:39:35.650833 >> LIN CALC FIN: 262.1570803985013
(ENTRY #276) 2022-03-12 15:39:35.650833 >> LIN CALC RAW: 637.8429196014987
(ENTRY #277) 2022-03-12 15:39:35.650833 >> Below!
(ENTRY #278) 2022-03-12 15:39:35.650833 >> Object lightRound has been created!
(ENTRY #279) 2022-03-12 15:39:35.650833 >> Protectile #46 has been created! Type: Light
(ENTRY #280) 2022-03-12 15:39:35.650833 >> Projectile created! ID: #46
(ENTRY #281) 2022-03-12 15:39:35.650833 >> MOUSEPOS: (891.8444737581959, 529.6289588640592)
(ENTRY #282) 2022-03-12 15:39:35.650833 >> SLOPE CALC:None
(ENTRY #283) 2022-03-12 15:39:35.650833 >> LIN CALC FIN: 441.90893169260386
(ENTRY #284) 2022-03-12 15:39:35.650833 >> LIN CALC RAW: 458.09106830739614
(ENTRY #285) 2022-03-12 15:39:35.650833 >> Below!
(ENTRY #286) 2022-03-12 15:39:35.650833 >> Object lightRound has been created!
(ENTRY #287) 2022-03-12 15:39:35.650833 >> Protectile #48 has been created! Type: Light
(ENTRY #288) 2022-03-12 15:39:35.650833 >> Projectile created! ID: #48
(ENTRY #289) 2022-03-12 15:39:35.650833 >> MOUSEPOS: (886.2457407245569, 468.3101986589648)
(ENTRY #290) 2022-03-12 15:39:35.650833 >> SLOPE CALC:None
(ENTRY #291) 2022-03-12 15:39:35.650833 >> LIN CALC FIN: 476.22769189769826
(ENTRY #292) 2022-03-12 15:39:35.650833 >> LIN CALC RAW: 423.77230810230174
(ENTRY #293) 2022-03-12 15:39:35.650833 >> Above!
(ENTRY #294) 2022-03-12 15:39:35.650833 >> Object lightRound has been created!
(ENTRY #295) 2022-03-12 15:39:35.650833 >> Protectile #50 has been created! Type: Light
(ENTRY #296) 2022-03-12 15:39:35.650833 >> Projectile created! ID: #50
(ENTRY #297) 2022-03-12 15:39:35.707407 >> Projectile removed!
(ENTRY #298) 2022-03-12 15:39:35.891653 >> Cloud created! ID: #5
(ENTRY #299) 2022-03-12 15:39:36.021912 >> Projectile has hit!
(ENTRY #300) 2022-03-12 15:39:36.021912 >> Projectile removed!
(ENTRY #301) 2022-03-12 15:39:37.179012 >> Naval Warfare 2D Closed...
