Log for Naval Warfare 2D, intended for debugging purposes only! 

(ENTRY #1) 2022-03-10 18:19:00.000059 >> Initialized Log handler...
(ENTRY #2) 2022-03-10 18:19:01.441390 >> Initialized Warship handler...
(ENTRY #3) 2022-03-10 18:19:01.451391 >> Initialized Projectile handler...
(ENTRY #4) 2022-03-10 18:19:01.453396 >> Dumb-AI Entity created!
(ENTRY #5) 2022-03-10 18:19:01.460390 >> Dumb-AI Entity created!
(ENTRY #6) 2022-03-10 18:19:01.462396 >> Dumb-AI Entity created!
(ENTRY #7) 2022-03-10 18:19:01.477388 >> Dumb-AI Entity created!
(ENTRY #8) 2022-03-10 18:19:01.481393 >> Dumb-AI Entity created!
(ENTRY #9) 2022-03-10 18:19:01.498389 >> Dumb-AI Entity created!
(ENTRY #10) 2022-03-10 18:19:01.514393 >> Dumb-AI Entity created!
(ENTRY #11) 2022-03-10 18:19:01.535393 >> Dumb-AI Entity created!
(ENTRY #12) 2022-03-10 18:19:01.543397 >> Dumb-AI Entity created!
(ENTRY #13) 2022-03-10 18:19:01.552389 >> Dumb-AI Entity created!
(ENTRY #14) 2022-03-10 18:19:01.627943 >> Initialized GUI handler...
(ENTRY #15) 2022-03-10 18:19:01.627943 >> Starting Naval Warfare 2D...
(ENTRY #16) 2022-03-10 18:19:07.239349 >> Created Sprite for Player!
(ENTRY #17) 2022-03-10 18:19:07.239349 >> Finished initalizing!
(ENTRY #18) 2022-03-10 18:19:09.110099 >> Returning to menu!
(ENTRY #19) 2022-03-10 18:19:09.701038 >> Game resumed!
(ENTRY #20) 2022-03-10 18:19:09.726040 >> Cloud created! ID: #1
(ENTRY #21) 2022-03-10 18:19:09.727039 >> MOUSEPOS: (310.0, 449.75)
(ENTRY #22) 2022-03-10 18:19:09.727039 >> SLOPE CALC:None
(ENTRY #23) 2022-03-10 18:19:09.727039 >> Object lightRound has been created!
(ENTRY #24) 2022-03-10 18:19:09.728038 >> Protectile #2 has been created! Type: Light
(ENTRY #25) 2022-03-10 18:19:09.728038 >> Projectile created! ID: #2
(ENTRY #26) 2022-03-10 18:19:09.728038 >> MOUSEPOS: (280.0, 449.75)
(ENTRY #27) 2022-03-10 18:19:09.728038 >> SLOPE CALC:None
(ENTRY #28) 2022-03-10 18:19:09.728038 >> Object lightRound has been created!
(ENTRY #29) 2022-03-10 18:19:09.728038 >> Protectile #4 has been created! Type: Light
(ENTRY #30) 2022-03-10 18:19:09.728038 >> Projectile created! ID: #4
(ENTRY #31) 2022-03-10 18:19:09.729039 >> MOUSEPOS: (310.0, 449.75)
(ENTRY #32) 2022-03-10 18:19:09.729039 >> SLOPE CALC:None
(ENTRY #33) 2022-03-10 18:19:09.729039 >> Object lightRound has been created!
(ENTRY #34) 2022-03-10 18:19:09.729039 >> Protectile #6 has been created! Type: Light
(ENTRY #35) 2022-03-10 18:19:09.729039 >> Projectile created! ID: #6
(ENTRY #36) 2022-03-10 18:19:09.729039 >> MOUSEPOS: (340.0, 449.75)
(ENTRY #37) 2022-03-10 18:19:09.729039 >> SLOPE CALC:None
(ENTRY #38) 2022-03-10 18:19:09.729039 >> Object lightRound has been created!
(ENTRY #39) 2022-03-10 18:19:09.730047 >> Protectile #8 has been created! Type: Light
(ENTRY #40) 2022-03-10 18:19:09.730047 >> Projectile created! ID: #8
(ENTRY #41) 2022-03-10 18:19:09.730047 >> MOUSEPOS: (370.0, 449.75)
(ENTRY #42) 2022-03-10 18:19:09.730047 >> SLOPE CALC:None
(ENTRY #43) 2022-03-10 18:19:09.730047 >> Object lightRound has been created!
(ENTRY #44) 2022-03-10 18:19:09.730047 >> Protectile #10 has been created! Type: Light
(ENTRY #45) 2022-03-10 18:19:09.730047 >> Projectile created! ID: #10
(ENTRY #46) 2022-03-10 18:19:09.730047 >> MOUSEPOS: (460.0, 449.0)
(ENTRY #47) 2022-03-10 18:19:09.730047 >> SLOPE CALC:None
(ENTRY #48) 2022-03-10 18:19:09.730047 >> Object lightRound has been created!
(ENTRY #49) 2022-03-10 18:19:09.731047 >> Protectile #12 has been created! Type: Light
(ENTRY #50) 2022-03-10 18:19:09.731047 >> Projectile created! ID: #12
(ENTRY #51) 2022-03-10 18:19:09.731047 >> MOUSEPOS: (430.0, 449.0)
(ENTRY #52) 2022-03-10 18:19:09.731047 >> SLOPE CALC:None
(ENTRY #53) 2022-03-10 18:19:09.731047 >> Object lightRound has been created!
(ENTRY #54) 2022-03-10 18:19:09.732044 >> Protectile #14 has been created! Type: Light
(ENTRY #55) 2022-03-10 18:19:09.732044 >> Projectile created! ID: #14
(ENTRY #56) 2022-03-10 18:19:09.732044 >> MOUSEPOS: (460.0, 449.0)
(ENTRY #57) 2022-03-10 18:19:09.732044 >> SLOPE CALC:None
(ENTRY #58) 2022-03-10 18:19:09.732044 >> Object lightRound has been created!
(ENTRY #59) 2022-03-10 18:19:09.732044 >> Protectile #16 has been created! Type: Light
(ENTRY #60) 2022-03-10 18:19:09.732044 >> Projectile created! ID: #16
(ENTRY #61) 2022-03-10 18:19:09.732044 >> MOUSEPOS: (490.0, 449.0)
(ENTRY #62) 2022-03-10 18:19:09.732044 >> SLOPE CALC:None
(ENTRY #63) 2022-03-10 18:19:09.732044 >> Object lightRound has been created!
(ENTRY #64) 2022-03-10 18:19:09.733046 >> Protectile #18 has been created! Type: Light
(ENTRY #65) 2022-03-10 18:19:09.733046 >> Projectile created! ID: #18
(ENTRY #66) 2022-03-10 18:19:09.733046 >> MOUSEPOS: (520.0, 449.0)
(ENTRY #67) 2022-03-10 18:19:09.733046 >> SLOPE CALC:None
(ENTRY #68) 2022-03-10 18:19:09.733046 >> Object lightRound has been created!
(ENTRY #69) 2022-03-10 18:19:09.734038 >> Protectile #20 has been created! Type: Light
(ENTRY #70) 2022-03-10 18:19:09.734038 >> Projectile created! ID: #20
(ENTRY #71) 2022-03-10 18:19:09.875048 >> Projectile has hit!
(ENTRY #72) 2022-03-10 18:19:09.875048 >> Projectile has hit!
(ENTRY #73) 2022-03-10 18:19:09.875048 >> Projectile removed!
(ENTRY #74) 2022-03-10 18:19:09.875048 >> Projectile removed!
(ENTRY #75) 2022-03-10 18:19:09.898587 >> Projectile has hit!
(ENTRY #76) 2022-03-10 18:19:09.898587 >> Projectile has hit!
(ENTRY #77) 2022-03-10 18:19:09.898587 >> Projectile has hit!
(ENTRY #78) 2022-03-10 18:19:09.898587 >> Projectile has hit!
(ENTRY #79) 2022-03-10 18:19:09.898587 >> Projectile has hit!
(ENTRY #80) 2022-03-10 18:19:09.898587 >> Projectile has hit!
(ENTRY #81) 2022-03-10 18:19:09.898587 >> Projectile has hit!
(ENTRY #82) 2022-03-10 18:19:09.898587 >> Projectile has hit!
(ENTRY #83) 2022-03-10 18:19:09.898587 >> Projectile removed!
(ENTRY #84) 2022-03-10 18:19:09.898587 >> Projectile removed!
(ENTRY #85) 2022-03-10 18:19:09.898587 >> Projectile removed!
(ENTRY #86) 2022-03-10 18:19:09.898587 >> Projectile removed!
(ENTRY #87) 2022-03-10 18:19:09.898587 >> Projectile removed!
(ENTRY #88) 2022-03-10 18:19:09.898587 >> Projectile removed!
(ENTRY #89) 2022-03-10 18:19:09.898587 >> Projectile removed!
(ENTRY #90) 2022-03-10 18:19:09.898587 >> Projectile removed!
(ENTRY #91) 2022-03-10 18:19:09.974978 >> MOUSEPOS: (361, 234)
(ENTRY #92) 2022-03-10 18:19:09.974978 >> SLOPE CALC:None
(ENTRY #93) 2022-03-10 18:19:09.974978 >> LIN CALC FIN: 189.0
(ENTRY #94) 2022-03-10 18:19:09.974978 >> LIN CALC RAW: 711.0
(ENTRY #95) 2022-03-10 18:19:09.974978 >> Below!
(ENTRY #96) 2022-03-10 18:19:09.974978 >> Object lightRound has been created!
(ENTRY #97) 2022-03-10 18:19:09.975977 >> Protectile #22 has been created! Type: Light
(ENTRY #98) 2022-03-10 18:19:09.975977 >> Projectile created! ID: #22
(ENTRY #99) 2022-03-10 18:19:10.054307 >> entity_2_0 and entity_2_1 have collided!
(ENTRY #100) 2022-03-10 18:19:10.054307 >> entity_2_1 and entity_2_0 have collided!
(ENTRY #101) 2022-03-10 18:19:10.364799 >> entity_2_2 and entity_2_3 have collided!
(ENTRY #102) 2022-03-10 18:19:10.364799 >> entity_2_3 and entity_2_2 have collided!
(ENTRY #103) 2022-03-10 18:19:10.684933 >> entity_1_0 and entity_1_1 have collided!
(ENTRY #104) 2022-03-10 18:19:10.684933 >> entity_1_1 and entity_1_0 have collided!
(ENTRY #105) 2022-03-10 18:19:10.761923 >> Cloud created! ID: #2
(ENTRY #106) 2022-03-10 18:19:11.049427 >> entity_1_2 and entity_1_3 have collided!
(ENTRY #107) 2022-03-10 18:19:11.049427 >> entity_1_3 and entity_1_2 have collided!
(ENTRY #108) 2022-03-10 18:19:11.731245 >> MOUSEPOS: (599.2738068818117, 355.34589765221205)
(ENTRY #109) 2022-03-10 18:19:11.731245 >> SLOPE CALC:None
(ENTRY #110) 2022-03-10 18:19:11.731245 >> LIN CALC FIN: 230.5656226990352
(ENTRY #111) 2022-03-10 18:19:11.731245 >> LIN CALC RAW: 669.4343773009648
(ENTRY #112) 2022-03-10 18:19:11.731245 >> Below!
(ENTRY #113) 2022-03-10 18:19:11.731245 >> Object lightRound has been created!
(ENTRY #114) 2022-03-10 18:19:11.731245 >> Protectile #24 has been created! Type: Light
(ENTRY #115) 2022-03-10 18:19:11.731245 >> Projectile created! ID: #24
(ENTRY #116) 2022-03-10 18:19:11.731245 >> MOUSEPOS: (406.53151069523375, 423.30791888561305)
(ENTRY #117) 2022-03-10 18:19:11.731245 >> SLOPE CALC:None
(ENTRY #118) 2022-03-10 18:19:11.732233 >> LIN CALC FIN: 548.08819383879
(ENTRY #119) 2022-03-10 18:19:11.732233 >> LIN CALC RAW: 351.91180616121005
(ENTRY #120) 2022-03-10 18:19:11.732233 >> Above!
(ENTRY #121) 2022-03-10 18:19:11.732233 >> Object lightRound has been created!
(ENTRY #122) 2022-03-10 18:19:11.732233 >> Protectile #26 has been created! Type: Light
(ENTRY #123) 2022-03-10 18:19:11.732233 >> Projectile created! ID: #26
(ENTRY #124) 2022-03-10 18:19:11.765230 >> Cloud created! ID: #3
(ENTRY #125) 2022-03-10 18:19:11.916513 >> MOUSEPOS: (419, 413)
(ENTRY #126) 2022-03-10 18:19:11.916513 >> SLOPE CALC:None
(ENTRY #127) 2022-03-10 18:19:11.916513 >> LIN CALC FIN: 116.5055426618809
(ENTRY #128) 2022-03-10 18:19:11.916513 >> LIN CALC RAW: 783.4944573381191
(ENTRY #129) 2022-03-10 18:19:11.916513 >> Below!
(ENTRY #130) 2022-03-10 18:19:11.916513 >> Object lightRound has been created!
(ENTRY #131) 2022-03-10 18:19:11.917513 >> Protectile #28 has been created! Type: Light
(ENTRY #132) 2022-03-10 18:19:11.917513 >> Projectile created! ID: #28
(ENTRY #133) 2022-03-10 18:19:12.212490 >> MOUSEPOS: (420, 415)
(ENTRY #134) 2022-03-10 18:19:12.212490 >> SLOPE CALC:None
(ENTRY #135) 2022-03-10 18:19:12.212490 >> LIN CALC FIN: 113.08542387650141
(ENTRY #136) 2022-03-10 18:19:12.212490 >> LIN CALC RAW: 786.9145761234986
(ENTRY #137) 2022-03-10 18:19:12.212490 >> Below!
(ENTRY #138) 2022-03-10 18:19:12.835618 >> Cloud created! ID: #4
(ENTRY #139) 2022-03-10 18:19:12.926424 >> Projectile has hit!
(ENTRY #140) 2022-03-10 18:19:12.926424 >> Projectile removed!
(ENTRY #141) 2022-03-10 18:19:13.739588 >> MOUSEPOS: (708.9047844035777, 343.82321759835827)
(ENTRY #142) 2022-03-10 18:19:13.739588 >> SLOPE CALC:None
(ENTRY #143) 2022-03-10 18:19:13.739588 >> LIN CALC FIN: 118.82898856140321
(ENTRY #144) 2022-03-10 18:19:13.739588 >> LIN CALC RAW: 781.1710114385968
(ENTRY #145) 2022-03-10 18:19:13.739588 >> Below!
(ENTRY #146) 2022-03-10 18:19:13.739588 >> Object lightRound has been created!
(ENTRY #147) 2022-03-10 18:19:13.739588 >> Protectile #30 has been created! Type: Light
(ENTRY #148) 2022-03-10 18:19:13.739588 >> Projectile created! ID: #30
(ENTRY #149) 2022-03-10 18:19:13.739588 >> MOUSEPOS: (425.56784323967844, 402.1659297253024)
(ENTRY #150) 2022-03-10 18:19:13.739588 >> SLOPE CALC:None
(ENTRY #151) 2022-03-10 18:19:13.739588 >> LIN CALC FIN: 627.1601587622574
(ENTRY #152) 2022-03-10 18:19:13.739588 >> LIN CALC RAW: 272.8398412377426
(ENTRY #153) 2022-03-10 18:19:13.739588 >> Above!
(ENTRY #154) 2022-03-10 18:19:13.740587 >> Object lightRound has been created!
(ENTRY #155) 2022-03-10 18:19:13.740587 >> Protectile #32 has been created! Type: Light
(ENTRY #156) 2022-03-10 18:19:13.740587 >> Projectile created! ID: #32
(ENTRY #157) 2022-03-10 18:19:13.871415 >> Cloud created! ID: #5
(ENTRY #158) 2022-03-10 18:19:14.056097 >> Projectile has hit!
(ENTRY #159) 2022-03-10 18:19:14.056097 >> Projectile removed!
(ENTRY #160) 2022-03-10 18:19:14.933641 >> Cloud created! ID: #6
(ENTRY #161) 2022-03-10 18:19:15.384828 >> MOUSEPOS: (757, 343)
(ENTRY #162) 2022-03-10 18:19:15.384828 >> SLOPE CALC:None
(ENTRY #163) 2022-03-10 18:19:15.384828 >> LIN CALC FIN: -223.24522635460517
(ENTRY #164) 2022-03-10 18:19:15.384828 >> LIN CALC RAW: 1123.2452263546052
(ENTRY #165) 2022-03-10 18:19:15.384828 >> Below!
(ENTRY #166) 2022-03-10 18:19:15.384828 >> Object lightRound has been created!
(ENTRY #167) 2022-03-10 18:19:15.385786 >> Protectile #34 has been created! Type: Light
(ENTRY #168) 2022-03-10 18:19:15.385786 >> Projectile created! ID: #34
(ENTRY #169) 2022-03-10 18:19:15.493372 >> Projectile has hit!
(ENTRY #170) 2022-03-10 18:19:15.493372 >> Projectile removed!
(ENTRY #171) 2022-03-10 18:19:15.746781 >> MOUSEPOS: (140.89316394699358, 396.224219737644)
(ENTRY #172) 2022-03-10 18:19:15.746781 >> SLOPE CALC:None
(ENTRY #173) 2022-03-10 18:19:15.746781 >> LIN CALC FIN: 703.6416218410175
(ENTRY #174) 2022-03-10 18:19:15.746781 >> LIN CALC RAW: 196.35837815898253
(ENTRY #175) 2022-03-10 18:19:15.746781 >> Above!
(ENTRY #176) 2022-03-10 18:19:15.746781 >> Object lightRound has been created!
(ENTRY #177) 2022-03-10 18:19:15.747781 >> Protectile #36 has been created! Type: Light
(ENTRY #178) 2022-03-10 18:19:15.747781 >> Projectile created! ID: #36
(ENTRY #179) 2022-03-10 18:19:15.747781 >> MOUSEPOS: (451.6797156946559, 392.8550700933552)
(ENTRY #180) 2022-03-10 18:19:15.747781 >> SLOPE CALC:None
(ENTRY #181) 2022-03-10 18:19:15.747781 >> LIN CALC FIN: 703.3309196411251
(ENTRY #182) 2022-03-10 18:19:15.747781 >> LIN CALC RAW: 196.6690803588749
(ENTRY #183) 2022-03-10 18:19:15.747781 >> Above!
(ENTRY #184) 2022-03-10 18:19:15.747781 >> Object lightRound has been created!
(ENTRY #185) 2022-03-10 18:19:15.747781 >> Protectile #38 has been created! Type: Light
(ENTRY #186) 2022-03-10 18:19:15.747781 >> Projectile created! ID: #38
(ENTRY #187) 2022-03-10 18:19:15.964669 >> Cloud created! ID: #7
(ENTRY #188) 2022-03-10 18:19:16.111793 >> Projectile removed!
(ENTRY #189) 2022-03-10 18:19:16.205316 >> Projectile removed!
(ENTRY #190) 2022-03-10 18:19:16.643210 >> MOUSEPOS: (814, 225)
(ENTRY #191) 2022-03-10 18:19:16.643210 >> SLOPE CALC:None
(ENTRY #192) 2022-03-10 18:19:16.643210 >> LIN CALC FIN: -267.5468536981882
(ENTRY #193) 2022-03-10 18:19:16.643210 >> LIN CALC RAW: 1167.5468536981882
(ENTRY #194) 2022-03-10 18:19:16.643210 >> Below!
(ENTRY #195) 2022-03-10 18:19:16.643210 >> Object lightRound has been created!
(ENTRY #196) 2022-03-10 18:19:16.644209 >> Protectile #40 has been created! Type: Light
(ENTRY #197) 2022-03-10 18:19:16.644209 >> Projectile created! ID: #40
(ENTRY #198) 2022-03-10 18:19:16.945818 >> Projectile has hit!
(ENTRY #199) 2022-03-10 18:19:16.945818 >> Projectile removed!
(ENTRY #200) 2022-03-10 18:19:16.962818 >> Cloud created! ID: #8
(ENTRY #201) 2022-03-10 18:19:17.130313 >> MOUSEPOS: (836, 268)
(ENTRY #202) 2022-03-10 18:19:17.130313 >> SLOPE CALC:None
(ENTRY #203) 2022-03-10 18:19:17.130313 >> LIN CALC FIN: -282.9796552730372
(ENTRY #204) 2022-03-10 18:19:17.130313 >> LIN CALC RAW: 1182.9796552730372
(ENTRY #205) 2022-03-10 18:19:17.130313 >> Below!
(ENTRY #206) 2022-03-10 18:19:17.664231 >> Projectile has hit!
(ENTRY #207) 2022-03-10 18:19:17.664231 >> Projectile removed!
(ENTRY #208) 2022-03-10 18:19:17.752455 >> MOUSEPOS: (168.09570054985227, 394.85809822332476)
(ENTRY #209) 2022-03-10 18:19:17.752455 >> SLOPE CALC:None
(ENTRY #210) 2022-03-10 18:19:17.752455 >> LIN CALC FIN: 86.15710395328233
(ENTRY #211) 2022-03-10 18:19:17.752455 >> LIN CALC RAW: 813.8428960467177
(ENTRY #212) 2022-03-10 18:19:17.752455 >> Below!
(ENTRY #213) 2022-03-10 18:19:17.752455 >> Object lightRound has been created!
(ENTRY #214) 2022-03-10 18:19:17.753455 >> Protectile #42 has been created! Type: Light
(ENTRY #215) 2022-03-10 18:19:17.753455 >> Projectile created! ID: #42
(ENTRY #216) 2022-03-10 18:19:17.753455 >> MOUSEPOS: (478.643133356462, 396.7045367598921)
(ENTRY #217) 2022-03-10 18:19:17.753455 >> SLOPE CALC:None
(ENTRY #218) 2022-03-10 18:19:17.753455 >> LIN CALC FIN: 697.8790520043644
(ENTRY #219) 2022-03-10 18:19:17.753455 >> LIN CALC RAW: 202.12094799563556
(ENTRY #220) 2022-03-10 18:19:17.753455 >> Above!
(ENTRY #221) 2022-03-10 18:19:17.753455 >> Object lightRound has been created!
(ENTRY #222) 2022-03-10 18:19:17.754457 >> Protectile #44 has been created! Type: Light
(ENTRY #223) 2022-03-10 18:19:17.754457 >> Projectile created! ID: #44
(ENTRY #224) 2022-03-10 18:19:17.829456 >> MOUSEPOS: (841, 289)
(ENTRY #225) 2022-03-10 18:19:17.829456 >> SLOPE CALC:None
(ENTRY #226) 2022-03-10 18:19:17.829456 >> LIN CALC FIN: -277.1643001217526
(ENTRY #227) 2022-03-10 18:19:17.829456 >> LIN CALC RAW: 1177.1643001217526
(ENTRY #228) 2022-03-10 18:19:17.829456 >> Below!
(ENTRY #229) 2022-03-10 18:19:17.829456 >> Object lightRound has been created!
(ENTRY #230) 2022-03-10 18:19:17.830463 >> Protectile #46 has been created! Type: Light
(ENTRY #231) 2022-03-10 18:19:17.830463 >> Projectile created! ID: #46
(ENTRY #232) 2022-03-10 18:19:17.976238 >> Cloud created! ID: #9
(ENTRY #233) 2022-03-10 18:19:18.031153 >> Projectile has hit!
(ENTRY #234) 2022-03-10 18:19:18.032152 >> Projectile removed!
(ENTRY #235) 2022-03-10 18:19:19.033053 >> Cloud created! ID: #10
(ENTRY #236) 2022-03-10 18:19:19.673307 >> Projectile has hit!
(ENTRY #237) 2022-03-10 18:19:19.673307 >> Projectile removed!
(ENTRY #238) 2022-03-10 18:19:19.765313 >> MOUSEPOS: (193.07353132099212, 406.333160429735)
(ENTRY #239) 2022-03-10 18:19:19.765313 >> SLOPE CALC:None
(ENTRY #240) 2022-03-10 18:19:19.765313 >> LIN CALC FIN: 104.8881558817692
(ENTRY #241) 2022-03-10 18:19:19.765313 >> LIN CALC RAW: 795.1118441182308
(ENTRY #242) 2022-03-10 18:19:19.765313 >> Below!
(ENTRY #243) 2022-03-10 18:19:19.765313 >> Object lightRound has been created!
(ENTRY #244) 2022-03-10 18:19:19.765313 >> Protectile #48 has been created! Type: Light
(ENTRY #245) 2022-03-10 18:19:19.766317 >> Projectile created! ID: #48
(ENTRY #246) 2022-03-10 18:19:19.766317 >> MOUSEPOS: (500.94485303910716, 412.75947759988424)
(ENTRY #247) 2022-03-10 18:19:19.766317 >> SLOPE CALC:None
(ENTRY #248) 2022-03-10 18:19:19.766317 >> LIN CALC FIN: 673.8701194340001
(ENTRY #249) 2022-03-10 18:19:19.766317 >> LIN CALC RAW: 226.12988056599988
(ENTRY #250) 2022-03-10 18:19:19.766317 >> Above!
(ENTRY #251) 2022-03-10 18:19:19.766317 >> Object lightRound has been created!
(ENTRY #252) 2022-03-10 18:19:19.766317 >> Protectile #50 has been created! Type: Light
(ENTRY #253) 2022-03-10 18:19:19.766317 >> Projectile created! ID: #50
(ENTRY #254) 2022-03-10 18:19:20.036669 >> Cloud created! ID: #11
(ENTRY #255) 2022-03-10 18:19:21.136437 >> Cloud created! ID: #12
(ENTRY #256) 2022-03-10 18:19:21.651690 >> Projectile has hit!
(ENTRY #257) 2022-03-10 18:19:21.651690 >> Projectile removed!
(ENTRY #258) 2022-03-10 18:19:21.670652 >> Projectile removed!
(ENTRY #259) 2022-03-10 18:19:21.779654 >> MOUSEPOS: (217.6605077830857, 419.67466750776686)
(ENTRY #260) 2022-03-10 18:19:21.779654 >> SLOPE CALC:None
(ENTRY #261) 2022-03-10 18:19:21.779654 >> LIN CALC FIN: 141.99619248296597
(ENTRY #262) 2022-03-10 18:19:21.779654 >> LIN CALC RAW: 758.003807517034
(ENTRY #263) 2022-03-10 18:19:21.779654 >> Below!
(ENTRY #264) 2022-03-10 18:19:21.779654 >> Object lightRound has been created!
(ENTRY #265) 2022-03-10 18:19:21.780656 >> Protectile #52 has been created! Type: Light
(ENTRY #266) 2022-03-10 18:19:21.780656 >> Projectile created! ID: #52
(ENTRY #267) 2022-03-10 18:19:21.780656 >> MOUSEPOS: (513.2602955778377, 437.595980277718)
(ENTRY #268) 2022-03-10 18:19:21.780656 >> SLOPE CALC:None
(ENTRY #269) 2022-03-10 18:19:21.780656 >> LIN CALC FIN: 754.7113293875207
(ENTRY #270) 2022-03-10 18:19:21.780656 >> LIN CALC RAW: 145.28867061247934
(ENTRY #271) 2022-03-10 18:19:21.780656 >> Above!
(ENTRY #272) 2022-03-10 18:19:21.780656 >> Object lightRound has been created!
(ENTRY #273) 2022-03-10 18:19:21.781655 >> Protectile #54 has been created! Type: Light
(ENTRY #274) 2022-03-10 18:19:21.781655 >> Projectile created! ID: #54
(ENTRY #275) 2022-03-10 18:19:22.141903 >> Cloud created! ID: #13
(ENTRY #276) 2022-03-10 18:19:22.989494 >> Projectile removed!
(ENTRY #277) 2022-03-10 18:19:23.288502 >> Cloud created! ID: #14
(ENTRY #278) 2022-03-10 18:19:23.672491 >> Projectile has hit!
(ENTRY #279) 2022-03-10 18:19:23.672491 >> Projectile removed!
(ENTRY #280) 2022-03-10 18:19:23.795494 >> MOUSEPOS: (762.2880564123965, 469.01681893354043)
(ENTRY #281) 2022-03-10 18:19:23.795494 >> SLOPE CALC:None
(ENTRY #282) 2022-03-10 18:19:23.795494 >> LIN CALC FIN: 714.2001047437551
(ENTRY #283) 2022-03-10 18:19:23.795494 >> LIN CALC RAW: 185.7998952562449
(ENTRY #284) 2022-03-10 18:19:23.795494 >> Above!
(ENTRY #285) 2022-03-10 18:19:23.795494 >> Object lightRound has been created!
(ENTRY #286) 2022-03-10 18:19:23.795494 >> Protectile #56 has been created! Type: Light
(ENTRY #287) 2022-03-10 18:19:23.795494 >> Projectile created! ID: #56
(ENTRY #288) 2022-03-10 18:19:23.795494 >> MOUSEPOS: (512.6714263550135, 464.58347468637214)
(ENTRY #289) 2022-03-10 18:19:23.795494 >> SLOPE CALC:None
(ENTRY #290) 2022-03-10 18:19:23.795494 >> LIN CALC FIN: 219.40018887615747
(ENTRY #291) 2022-03-10 18:19:23.796491 >> LIN CALC RAW: 680.5998111238425
(ENTRY #292) 2022-03-10 18:19:23.796491 >> Below!
(ENTRY #293) 2022-03-10 18:19:23.796491 >> Object lightRound has been created!
(ENTRY #294) 2022-03-10 18:19:23.796491 >> Protectile #58 has been created! Type: Light
(ENTRY #295) 2022-03-10 18:19:23.796491 >> Projectile created! ID: #58
(ENTRY #296) 2022-03-10 18:19:23.963489 >> Projectile removed!
(ENTRY #297) 2022-03-10 18:19:24.357492 >> Cloud created! ID: #15
(ENTRY #298) 2022-03-10 18:19:24.957475 >> Projectile removed!
(ENTRY #299) 2022-03-10 18:19:25.205479 >> MOUSEPOS: (721, 554)
(ENTRY #300) 2022-03-10 18:19:25.206473 >> SLOPE CALC:None
(ENTRY #301) 2022-03-10 18:19:25.206473 >> LIN CALC FIN: 930.8681129845044
(ENTRY #302) 2022-03-10 18:19:25.206473 >> LIN CALC RAW: -30.868112984504364
(ENTRY #303) 2022-03-10 18:19:25.206473 >> Above!
(ENTRY #304) 2022-03-10 18:19:25.206473 >> Object lightRound has been created!
(ENTRY #305) 2022-03-10 18:19:25.206473 >> Protectile #60 has been created! Type: Light
(ENTRY #306) 2022-03-10 18:19:25.206473 >> Projectile created! ID: #60
(ENTRY #307) 2022-03-10 18:19:25.407211 >> Cloud created! ID: #16
(ENTRY #308) 2022-03-10 18:19:25.553214 >> Projectile has hit!
(ENTRY #309) 2022-03-10 18:19:25.553214 >> Projectile removed!
(ENTRY #310) 2022-03-10 18:19:25.802217 >> MOUSEPOS: (697.7268977721346, 552.3443736150559)
(ENTRY #311) 2022-03-10 18:19:25.802217 >> SLOPE CALC:None
(ENTRY #312) 2022-03-10 18:19:25.802217 >> LIN CALC FIN: 685.8889790813025
(ENTRY #313) 2022-03-10 18:19:25.802217 >> LIN CALC RAW: 214.11102091869748
(ENTRY #314) 2022-03-10 18:19:25.802217 >> Above!
(ENTRY #315) 2022-03-10 18:19:25.802217 >> Object lightRound has been created!
(ENTRY #316) 2022-03-10 18:19:25.803218 >> Protectile #62 has been created! Type: Light
(ENTRY #317) 2022-03-10 18:19:25.803218 >> Projectile created! ID: #62
(ENTRY #318) 2022-03-10 18:19:25.803218 >> MOUSEPOS: (499.9583244493321, 488.12040575850006)
(ENTRY #319) 2022-03-10 18:19:25.803218 >> SLOPE CALC:None
(ENTRY #320) 2022-03-10 18:19:25.803218 >> LIN CALC FIN: 354.57580029225346
(ENTRY #321) 2022-03-10 18:19:25.803218 >> LIN CALC RAW: 545.4241997077465
(ENTRY #322) 2022-03-10 18:19:25.803218 >> Below!
(ENTRY #323) 2022-03-10 18:19:25.803218 >> Object lightRound has been created!
(ENTRY #324) 2022-03-10 18:19:25.803218 >> Protectile #64 has been created! Type: Light
(ENTRY #325) 2022-03-10 18:19:25.803218 >> Projectile created! ID: #64
(ENTRY #326) 2022-03-10 18:19:26.220809 >> Projectile has hit!
(ENTRY #327) 2022-03-10 18:19:26.220809 >> Projectile removed!
(ENTRY #328) 2022-03-10 18:19:26.411774 >> Cloud created! ID: #17
(ENTRY #329) 2022-03-10 18:19:26.915084 >> Projectile has hit!
(ENTRY #330) 2022-03-10 18:19:26.915084 >> Projectile removed!
(ENTRY #331) 2022-03-10 18:19:27.213178 >> Projectile removed!
(ENTRY #332) 2022-03-10 18:19:27.313578 >> Projectile has hit!
(ENTRY #333) 2022-03-10 18:19:27.313578 >> Projectile removed!
(ENTRY #334) 2022-03-10 18:19:27.453994 >> Projectile removed!
(ENTRY #335) 2022-03-10 18:19:27.487995 >> Cloud created! ID: #18
(ENTRY #336) 2022-03-10 18:19:27.813059 >> MOUSEPOS: (608.7756357662831, 606.3213244462062)
(ENTRY #337) 2022-03-10 18:19:27.813059 >> SLOPE CALC:None
(ENTRY #338) 2022-03-10 18:19:27.813059 >> LIN CALC FIN: 634.1506485730928
(ENTRY #339) 2022-03-10 18:19:27.814058 >> LIN CALC RAW: 265.8493514269072
(ENTRY #340) 2022-03-10 18:19:27.814058 >> Above!
(ENTRY #341) 2022-03-10 18:19:27.814058 >> Object lightRound has been created!
(ENTRY #342) 2022-03-10 18:19:27.814058 >> Protectile #66 has been created! Type: Light
(ENTRY #343) 2022-03-10 18:19:27.814058 >> Projectile created! ID: #66
(ENTRY #344) 2022-03-10 18:19:27.814058 >> MOUSEPOS: (477.9453246089278, 503.32033741573747)
(ENTRY #345) 2022-03-10 18:19:27.814058 >> SLOPE CALC:None
(ENTRY #346) 2022-03-10 18:19:27.814058 >> LIN CALC FIN: 475.49101328885087
(ENTRY #347) 2022-03-10 18:19:27.814058 >> LIN CALC RAW: 424.50898671114913
(ENTRY #348) 2022-03-10 18:19:27.814058 >> Below!
(ENTRY #349) 2022-03-10 18:19:27.814058 >> Object lightRound has been created!
(ENTRY #350) 2022-03-10 18:19:27.815059 >> Protectile #68 has been created! Type: Light
(ENTRY #351) 2022-03-10 18:19:27.815059 >> Projectile created! ID: #68
(ENTRY #352) 2022-03-10 18:19:27.888663 >> MOUSEPOS: (589, 627)
(ENTRY #353) 2022-03-10 18:19:27.888663 >> SLOPE CALC:None
(ENTRY #354) 2022-03-10 18:19:27.888663 >> LIN CALC FIN: 836.1566239981032
(ENTRY #355) 2022-03-10 18:19:27.888663 >> LIN CALC RAW: 63.843376001896786
(ENTRY #356) 2022-03-10 18:19:27.888663 >> Above!
(ENTRY #357) 2022-03-10 18:19:27.888663 >> Object lightRound has been created!
(ENTRY #358) 2022-03-10 18:19:27.889696 >> Protectile #70 has been created! Type: Light
(ENTRY #359) 2022-03-10 18:19:27.889696 >> Projectile created! ID: #70
(ENTRY #360) 2022-03-10 18:19:28.495338 >> Cloud created! ID: #19
(ENTRY #361) 2022-03-10 18:19:28.959334 >> Projectile has hit!
(ENTRY #362) 2022-03-10 18:19:28.960334 >> Projectile removed!
(ENTRY #363) 2022-03-10 18:19:29.113332 >> MOUSEPOS: (583, 569)
(ENTRY #364) 2022-03-10 18:19:29.114339 >> SLOPE CALC:None
(ENTRY #365) 2022-03-10 18:19:29.114339 >> LIN CALC FIN: 852.901995806151
(ENTRY #366) 2022-03-10 18:19:29.114339 >> LIN CALC RAW: 47.098004193848965
(ENTRY #367) 2022-03-10 18:19:29.114339 >> Above!
(ENTRY #368) 2022-03-10 18:19:29.114339 >> Object lightRound has been created!
(ENTRY #369) 2022-03-10 18:19:29.114339 >> Protectile #72 has been created! Type: Light
(ENTRY #370) 2022-03-10 18:19:29.114339 >> Projectile created! ID: #72
(ENTRY #371) 2022-03-10 18:19:29.478335 >> MOUSEPOS: (584, 579)
(ENTRY #372) 2022-03-10 18:19:29.478335 >> SLOPE CALC:None
(ENTRY #373) 2022-03-10 18:19:29.478335 >> LIN CALC FIN: 860.9478081265962
(ENTRY #374) 2022-03-10 18:19:29.478335 >> LIN CALC RAW: 39.052191873403785
(ENTRY #375) 2022-03-10 18:19:29.478335 >> Above!
(ENTRY #376) 2022-03-10 18:19:29.551384 >> Cloud created! ID: #20
(ENTRY #377) 2022-03-10 18:19:29.694371 >> Projectile removed!
(ENTRY #378) 2022-03-10 18:19:29.713372 >> Cloud removed! ID: #20
(ENTRY #379) 2022-03-10 18:19:29.825857 >> MOUSEPOS: (511.5442594295333, 564.5474284481328)
(ENTRY #380) 2022-03-10 18:19:29.825857 >> SLOPE CALC:None
(ENTRY #381) 2022-03-10 18:19:29.825857 >> LIN CALC FIN: 567.4269644795498
(ENTRY #382) 2022-03-10 18:19:29.825857 >> LIN CALC RAW: 332.57303552045016
(ENTRY #383) 2022-03-10 18:19:29.825857 >> Above!
(ENTRY #384) 2022-03-10 18:19:29.825857 >> Object lightRound has been created!
(ENTRY #385) 2022-03-10 18:19:29.826871 >> Protectile #74 has been created! Type: Light
(ENTRY #386) 2022-03-10 18:19:29.826871 >> Projectile created! ID: #74
(ENTRY #387) 2022-03-10 18:19:29.826871 >> MOUSEPOS: (450.93382900669553, 506.81653405671204)
(ENTRY #388) 2022-03-10 18:19:29.826871 >> SLOPE CALC:None
(ENTRY #389) 2022-03-10 18:19:29.826871 >> LIN CALC FIN: 503.936998025295
(ENTRY #390) 2022-03-10 18:19:29.826871 >> LIN CALC RAW: 396.063001974705
(ENTRY #391) 2022-03-10 18:19:29.826871 >> Below!
(ENTRY #392) 2022-03-10 18:19:29.826871 >> Object lightRound has been created!
(ENTRY #393) 2022-03-10 18:19:29.827867 >> Protectile #76 has been created! Type: Light
(ENTRY #394) 2022-03-10 18:19:29.827867 >> Projectile created! ID: #76
(ENTRY #395) 2022-03-10 18:19:30.149855 >> Projectile has hit!
(ENTRY #396) 2022-03-10 18:19:30.150888 >> Projectile removed!
(ENTRY #397) 2022-03-10 18:19:30.300418 >> Projectile has hit!
(ENTRY #398) 2022-03-10 18:19:30.300418 >> Projectile removed!
(ENTRY #399) 2022-03-10 18:19:30.553425 >> Cloud created! ID: #21
(ENTRY #400) 2022-03-10 18:19:30.688439 >> Cloud removed! ID: #21
(ENTRY #401) 2022-03-10 18:19:31.070445 >> MOUSEPOS: (538, 404)
(ENTRY #402) 2022-03-10 18:19:31.070445 >> SLOPE CALC:None
(ENTRY #403) 2022-03-10 18:19:31.070445 >> LIN CALC FIN: 197.93936839683124
(ENTRY #404) 2022-03-10 18:19:31.071447 >> LIN CALC RAW: 702.0606316031688
(ENTRY #405) 2022-03-10 18:19:31.071447 >> Below!
(ENTRY #406) 2022-03-10 18:19:31.071447 >> Object lightRound has been created!
(ENTRY #407) 2022-03-10 18:19:31.071447 >> Protectile #78 has been created! Type: Light
(ENTRY #408) 2022-03-10 18:19:31.071447 >> Projectile created! ID: #78
(ENTRY #409) 2022-03-10 18:19:31.775186 >> Cloud removed! ID: #21
(ENTRY #410) 2022-03-10 18:19:31.834192 >> MOUSEPOS: (489.7265670174527, 461.9032558069863)
(ENTRY #411) 2022-03-10 18:19:31.834192 >> SLOPE CALC:None
(ENTRY #412) 2022-03-10 18:19:31.834192 >> LIN CALC FIN: 433.42534649692345
(ENTRY #413) 2022-03-10 18:19:31.834192 >> LIN CALC RAW: 466.57465350307655
(ENTRY #414) 2022-03-10 18:19:31.834192 >> Below!
(ENTRY #415) 2022-03-10 18:19:31.834192 >> Object lightRound has been created!
(ENTRY #416) 2022-03-10 18:19:31.835187 >> Protectile #80 has been created! Type: Light
(ENTRY #417) 2022-03-10 18:19:31.835187 >> Projectile created! ID: #80
(ENTRY #418) 2022-03-10 18:19:31.835187 >> MOUSEPOS: (425.56784323967844, 497.5840702746977)
(ENTRY #419) 2022-03-10 18:19:31.835187 >> SLOPE CALC:None
(ENTRY #420) 2022-03-10 18:19:31.835187 >> LIN CALC FIN: 526.0619795847606
(ENTRY #421) 2022-03-10 18:19:31.835187 >> LIN CALC RAW: 373.9380204152394
(ENTRY #422) 2022-03-10 18:19:31.835187 >> Above!
(ENTRY #423) 2022-03-10 18:19:31.835187 >> Object lightRound has been created!
(ENTRY #424) 2022-03-10 18:19:31.836186 >> Protectile #82 has been created! Type: Light
(ENTRY #425) 2022-03-10 18:19:31.836186 >> Projectile created! ID: #82
(ENTRY #426) 2022-03-10 18:19:31.855186 >> Cloud created! ID: #22
(ENTRY #427) 2022-03-10 18:19:32.242191 >> Projectile has hit!
(ENTRY #428) 2022-03-10 18:19:32.242191 >> Projectile removed!
(ENTRY #429) 2022-03-10 18:19:32.465559 >> MOUSEPOS: (588, 312)
(ENTRY #430) 2022-03-10 18:19:32.465559 >> SLOPE CALC:None
(ENTRY #431) 2022-03-10 18:19:32.465559 >> LIN CALC FIN: 135.24205256663845
(ENTRY #432) 2022-03-10 18:19:32.465559 >> LIN CALC RAW: 764.7579474333616
(ENTRY #433) 2022-03-10 18:19:32.465559 >> Below!
(ENTRY #434) 2022-03-10 18:19:32.465559 >> Object lightRound has been created!
(ENTRY #435) 2022-03-10 18:19:32.465559 >> Protectile #84 has been created! Type: Light
(ENTRY #436) 2022-03-10 18:19:32.465559 >> Projectile created! ID: #84
(ENTRY #437) 2022-03-10 18:19:32.704546 >> Projectile has hit!
(ENTRY #438) 2022-03-10 18:19:32.704546 >> Projectile removed!
(ENTRY #439) 2022-03-10 18:19:32.720548 >> Projectile removed!
(ENTRY #440) 2022-03-10 18:19:32.894120 >> Cloud created! ID: #23
(ENTRY #441) 2022-03-10 18:19:32.914122 >> Cloud removed! ID: #23
(ENTRY #442) 2022-03-10 18:19:33.160555 >> MOUSEPOS: (604, 325)
(ENTRY #443) 2022-03-10 18:19:33.160555 >> SLOPE CALC:None
(ENTRY #444) 2022-03-10 18:19:33.160555 >> LIN CALC FIN: 109.84959687566425
(ENTRY #445) 2022-03-10 18:19:33.160555 >> LIN CALC RAW: 790.1504031243358
(ENTRY #446) 2022-03-10 18:19:33.160555 >> Below!
(ENTRY #447) 2022-03-10 18:19:33.462803 >> Projectile has hit!
(ENTRY #448) 2022-03-10 18:19:33.462803 >> Projectile removed!
(ENTRY #449) 2022-03-10 18:19:33.711328 >> MOUSEPOS: (623, 343)
(ENTRY #450) 2022-03-10 18:19:33.711328 >> SLOPE CALC:None
(ENTRY #451) 2022-03-10 18:19:33.711328 >> LIN CALC FIN: 82.24895476280233
(ENTRY #452) 2022-03-10 18:19:33.711328 >> LIN CALC RAW: 817.7510452371977
(ENTRY #453) 2022-03-10 18:19:33.711328 >> Below!
(ENTRY #454) 2022-03-10 18:19:33.711328 >> Object lightRound has been created!
(ENTRY #455) 2022-03-10 18:19:33.712326 >> Protectile #86 has been created! Type: Light
(ENTRY #456) 2022-03-10 18:19:33.712326 >> Projectile created! ID: #86
(ENTRY #457) 2022-03-10 18:19:33.835360 >> MOUSEPOS: (177.25058555862796, 525.6365017619568)
(ENTRY #458) 2022-03-10 18:19:33.835360 >> SLOPE CALC:None
(ENTRY #459) 2022-03-10 18:19:33.835360 >> LIN CALC FIN: 768.5036286821685
(ENTRY #460) 2022-03-10 18:19:33.835360 >> LIN CALC RAW: 131.49637131783152
(ENTRY #461) 2022-03-10 18:19:33.836360 >> Above!
(ENTRY #462) 2022-03-10 18:19:33.836360 >> Object lightRound has been created!
(ENTRY #463) 2022-03-10 18:19:33.836360 >> Protectile #88 has been created! Type: Light
(ENTRY #464) 2022-03-10 18:19:33.836360 >> Projectile created! ID: #88
(ENTRY #465) 2022-03-10 18:19:33.852329 >> Projectile removed!
(ENTRY #466) 2022-03-10 18:19:33.953084 >> Cloud removed! ID: #23
(ENTRY #467) 2022-03-10 18:19:33.970729 >> Cloud created! ID: #24
(ENTRY #468) 2022-03-10 18:19:34.774780 >> Projectile removed!
(ENTRY #469) 2022-03-10 18:19:34.990388 >> Cloud removed! ID: #24
(ENTRY #470) 2022-03-10 18:19:35.040395 >> MOUSEPOS: (680, 416)
(ENTRY #471) 2022-03-10 18:19:35.040395 >> SLOPE CALC:None
(ENTRY #472) 2022-03-10 18:19:35.040395 >> LIN CALC FIN: 0.9832185445575305
(ENTRY #473) 2022-03-10 18:19:35.041386 >> LIN CALC RAW: 899.0167814554425
(ENTRY #474) 2022-03-10 18:19:35.041386 >> Below!
(ENTRY #475) 2022-03-10 18:19:35.041386 >> Object lightRound has been created!
(ENTRY #476) 2022-03-10 18:19:35.041386 >> Protectile #90 has been created! Type: Light
(ENTRY #477) 2022-03-10 18:19:35.041386 >> Projectile created! ID: #90
(ENTRY #478) 2022-03-10 18:19:35.146396 >> Cloud created! ID: #25
(ENTRY #479) 2022-03-10 18:19:35.846802 >> MOUSEPOS: (151.71478786795552, 512.5551109534354)
(ENTRY #480) 2022-03-10 18:19:35.846802 >> SLOPE CALC:None
(ENTRY #481) 2022-03-10 18:19:35.846802 >> LIN CALC FIN: 921.5653108636714
(ENTRY #482) 2022-03-10 18:19:35.846802 >> LIN CALC RAW: -21.565310863671357
(ENTRY #483) 2022-03-10 18:19:35.846802 >> Above!
(ENTRY #484) 2022-03-10 18:19:35.846802 >> Object lightRound has been created!
(ENTRY #485) 2022-03-10 18:19:35.846802 >> Protectile #92 has been created! Type: Light
(ENTRY #486) 2022-03-10 18:19:35.846802 >> Projectile created! ID: #92
(ENTRY #487) 2022-03-10 18:19:35.992006 >> Cloud removed! ID: #25
(ENTRY #488) 2022-03-10 18:19:36.167052 >> Cloud created! ID: #26
(ENTRY #489) 2022-03-10 18:19:36.984599 >> Cloud removed! ID: #26
(ENTRY #490) 2022-03-10 18:19:37.223604 >> Cloud created! ID: #27
(ENTRY #491) 2022-03-10 18:19:37.284657 >> MOUSEPOS: (667, 535)
(ENTRY #492) 2022-03-10 18:19:37.284657 >> SLOPE CALC:None
(ENTRY #493) 2022-03-10 18:19:37.284657 >> LIN CALC FIN: 1024.9143460409111
(ENTRY #494) 2022-03-10 18:19:37.284657 >> LIN CALC RAW: -124.91434604091114
(ENTRY #495) 2022-03-10 18:19:37.284657 >> Above!
(ENTRY #496) 2022-03-10 18:19:37.284657 >> Object lightRound has been created!
(ENTRY #497) 2022-03-10 18:19:37.285668 >> Protectile #94 has been created! Type: Light
(ENTRY #498) 2022-03-10 18:19:37.285668 >> Projectile created! ID: #94
(ENTRY #499) 2022-03-10 18:19:37.861712 >> MOUSEPOS: (135.007052416097, 490.84633001712376)
(ENTRY #500) 2022-03-10 18:19:37.861712 >> SLOPE CALC:None
(ENTRY #501) 2022-03-10 18:19:37.861712 >> LIN CALC FIN: 1075.2226905900634
(ENTRY #502) 2022-03-10 18:19:37.861712 >> LIN CALC RAW: -175.2226905900634
(ENTRY #503) 2022-03-10 18:19:37.861712 >> Above!
(ENTRY #504) 2022-03-10 18:19:37.861712 >> Object lightRound has been created!
(ENTRY #505) 2022-03-10 18:19:37.862710 >> Protectile #96 has been created! Type: Light
(ENTRY #506) 2022-03-10 18:19:37.862710 >> Projectile created! ID: #96
(ENTRY #507) 2022-03-10 18:19:38.005707 >> Cloud removed! ID: #27
(ENTRY #508) 2022-03-10 18:19:38.228422 >> Cloud created! ID: #28
(ENTRY #509) 2022-03-10 18:19:38.899726 >> Projectile removed!
(ENTRY #510) 2022-03-10 18:19:39.044727 >> Projectile removed!
(ENTRY #511) 2022-03-10 18:19:39.084094 >> Cloud removed! ID: #28
(ENTRY #512) 2022-03-10 18:19:39.175904 >> MOUSEPOS: (782, 360)
(ENTRY #513) 2022-03-10 18:19:39.175904 >> SLOPE CALC:None
(ENTRY #514) 2022-03-10 18:19:39.175904 >> LIN CALC FIN: -180.01408884189823
(ENTRY #515) 2022-03-10 18:19:39.175904 >> LIN CALC RAW: 1080.0140888418982
(ENTRY #516) 2022-03-10 18:19:39.175904 >> Below!
(ENTRY #517) 2022-03-10 18:19:39.175904 >> Object lightRound has been created!
(ENTRY #518) 2022-03-10 18:19:39.176926 >> Protectile #98 has been created! Type: Light
(ENTRY #519) 2022-03-10 18:19:39.176926 >> Projectile created! ID: #98
(ENTRY #520) 2022-03-10 18:19:39.229268 >> Cloud created! ID: #29
(ENTRY #521) 2022-03-10 18:19:39.878428 >> MOUSEPOS: (123.26145625582164, 466.2500290917711)
(ENTRY #522) 2022-03-10 18:19:39.878428 >> SLOPE CALC:None
(ENTRY #523) 2022-03-10 18:19:39.878428 >> LIN CALC FIN: 1116.1654276043053
(ENTRY #524) 2022-03-10 18:19:39.878428 >> LIN CALC RAW: -216.16542760430525
(ENTRY #525) 2022-03-10 18:19:39.878428 >> Above!
(ENTRY #526) 2022-03-10 18:19:39.878428 >> Object lightRound has been created!
(ENTRY #527) 2022-03-10 18:19:39.879424 >> Protectile #100 has been created! Type: Light
(ENTRY #528) 2022-03-10 18:19:39.879424 >> Projectile created! ID: #100
(ENTRY #529) 2022-03-10 18:19:40.106870 >> Projectile has hit!
(ENTRY #530) 2022-03-10 18:19:40.106870 >> Projectile removed!
(ENTRY #531) 2022-03-10 18:19:40.106870 >> Cloud removed! ID: #29
(ENTRY #532) 2022-03-10 18:19:40.122878 >> Projectile removed!
(ENTRY #533) 2022-03-10 18:19:40.345387 >> Cloud created! ID: #30
(ENTRY #534) 2022-03-10 18:19:40.412933 >> MOUSEPOS: (846, 328)
(ENTRY #535) 2022-03-10 18:19:40.412933 >> SLOPE CALC:None
(ENTRY #536) 2022-03-10 18:19:40.412933 >> LIN CALC FIN: -265.24754452772595
(ENTRY #537) 2022-03-10 18:19:40.412933 >> LIN CALC RAW: 1165.247544527726
(ENTRY #538) 2022-03-10 18:19:40.412933 >> Below!
(ENTRY #539) 2022-03-10 18:19:40.412933 >> Object lightRound has been created!
(ENTRY #540) 2022-03-10 18:19:40.412933 >> Protectile #102 has been created! Type: Light
(ENTRY #541) 2022-03-10 18:19:40.412933 >> Projectile created! ID: #102
(ENTRY #542) 2022-03-10 18:19:41.217106 >> Cloud removed! ID: #30
(ENTRY #543) 2022-03-10 18:19:41.396594 >> Cloud created! ID: #31
(ENTRY #544) 2022-03-10 18:19:41.558826 >> MOUSEPOS: (868, 353)
(ENTRY #545) 2022-03-10 18:19:41.558826 >> SLOPE CALC:None
(ENTRY #546) 2022-03-10 18:19:41.558826 >> LIN CALC FIN: -307.1385841058832
(ENTRY #547) 2022-03-10 18:19:41.558826 >> LIN CALC RAW: 1207.1385841058832
(ENTRY #548) 2022-03-10 18:19:41.558826 >> Below!
(ENTRY #549) 2022-03-10 18:19:41.558826 >> Object lightRound has been created!
(ENTRY #550) 2022-03-10 18:19:41.559846 >> Protectile #104 has been created! Type: Light
(ENTRY #551) 2022-03-10 18:19:41.559846 >> Projectile created! ID: #104
(ENTRY #552) 2022-03-10 18:19:41.612647 >> Projectile removed!
(ENTRY #553) 2022-03-10 18:19:41.880808 >> MOUSEPOS: (115.97144706668834, 439.5621281460686)
(ENTRY #554) 2022-03-10 18:19:41.880808 >> SLOPE CALC:None
(ENTRY #555) 2022-03-10 18:19:41.880808 >> LIN CALC FIN: 1105.357833907522
(ENTRY #556) 2022-03-10 18:19:41.880808 >> LIN CALC RAW: -205.35783390752204
(ENTRY #557) 2022-03-10 18:19:41.880808 >> Above!
(ENTRY #558) 2022-03-10 18:19:41.880808 >> Object lightRound has been created!
(ENTRY #559) 2022-03-10 18:19:41.880808 >> Protectile #106 has been created! Type: Light
(ENTRY #560) 2022-03-10 18:19:41.880808 >> Projectile created! ID: #106
(ENTRY #561) 2022-03-10 18:19:42.062678 >> MOUSEPOS: (879, 370)
(ENTRY #562) 2022-03-10 18:19:42.062678 >> SLOPE CALC:None
(ENTRY #563) 2022-03-10 18:19:42.062678 >> LIN CALC FIN: -325.90396327913186
(ENTRY #564) 2022-03-10 18:19:42.062678 >> LIN CALC RAW: 1225.9039632791319
(ENTRY #565) 2022-03-10 18:19:42.062678 >> Below!
(ENTRY #566) 2022-03-10 18:19:42.203260 >> Cloud removed! ID: #31
(ENTRY #567) 2022-03-10 18:19:42.406368 >> Cloud created! ID: #32
(ENTRY #568) 2022-03-10 18:19:42.538872 >> MOUSEPOS: (879, 395)
(ENTRY #569) 2022-03-10 18:19:42.538872 >> SLOPE CALC:None
(ENTRY #570) 2022-03-10 18:19:42.538872 >> LIN CALC FIN: -332.82359730829876
(ENTRY #571) 2022-03-10 18:19:42.538872 >> LIN CALC RAW: 1232.8235973082988
(ENTRY #572) 2022-03-10 18:19:42.538872 >> Below!
(ENTRY #573) 2022-03-10 18:19:42.821513 >> MOUSEPOS: (879, 395)
(ENTRY #574) 2022-03-10 18:19:42.821513 >> SLOPE CALC:None
(ENTRY #575) 2022-03-10 18:19:42.821513 >> LIN CALC FIN: -336.7612500813859
(ENTRY #576) 2022-03-10 18:19:42.821513 >> LIN CALC RAW: 1236.761250081386
(ENTRY #577) 2022-03-10 18:19:42.821513 >> Below!
(ENTRY #578) 2022-03-10 18:19:42.821513 >> Object lightRound has been created!
(ENTRY #579) 2022-03-10 18:19:42.821513 >> Protectile #108 has been created! Type: Light
(ENTRY #580) 2022-03-10 18:19:42.821513 >> Projectile created! ID: #108
(ENTRY #581) 2022-03-10 18:19:43.073191 >> MOUSEPOS: (879, 395)
(ENTRY #582) 2022-03-10 18:19:43.073191 >> SLOPE CALC:None
(ENTRY #583) 2022-03-10 18:19:43.073191 >> LIN CALC FIN: -340.03177319500764
(ENTRY #584) 2022-03-10 18:19:43.073191 >> LIN CALC RAW: 1240.0317731950076
(ENTRY #585) 2022-03-10 18:19:43.073191 >> Below!
(ENTRY #586) 2022-03-10 18:19:43.301262 >> Cloud removed! ID: #32
(ENTRY #587) 2022-03-10 18:19:43.411664 >> Cloud created! ID: #33
(ENTRY #588) 2022-03-10 18:19:43.544571 >> Projectile removed!
(ENTRY #589) 2022-03-10 18:19:43.881209 >> MOUSEPOS: (116.3750290953775, 411.8699560785166)
(ENTRY #590) 2022-03-10 18:19:43.881209 >> SLOPE CALC:None
(ENTRY #591) 2022-03-10 18:19:43.881209 >> LIN CALC FIN: 1105.250326066211
(ENTRY #592) 2022-03-10 18:19:43.881209 >> LIN CALC RAW: -205.25032606621107
(ENTRY #593) 2022-03-10 18:19:43.881209 >> Above!
(ENTRY #594) 2022-03-10 18:19:43.881209 >> Object lightRound has been created!
(ENTRY #595) 2022-03-10 18:19:43.881209 >> Protectile #110 has been created! Type: Light
(ENTRY #596) 2022-03-10 18:19:43.881209 >> Projectile created! ID: #110
(ENTRY #597) 2022-03-10 18:19:44.198795 >> Projectile removed!
(ENTRY #598) 2022-03-10 18:19:44.358825 >> Cloud removed! ID: #33
(ENTRY #599) 2022-03-10 18:19:44.427346 >> Cloud created! ID: #34
(ENTRY #600) 2022-03-10 18:19:44.478460 >> Projectile has hit!
(ENTRY #601) 2022-03-10 18:19:44.478460 >> Projectile removed!
(ENTRY #602) 2022-03-10 18:19:45.106546 >> MOUSEPOS: (868, 422)
(ENTRY #603) 2022-03-10 18:19:45.106546 >> SLOPE CALC:None
(ENTRY #604) 2022-03-10 18:19:45.106546 >> LIN CALC FIN: 1144.8878410649338
(ENTRY #605) 2022-03-10 18:19:45.106546 >> LIN CALC RAW: -244.8878410649338
(ENTRY #606) 2022-03-10 18:19:45.106546 >> Above!
(ENTRY #607) 2022-03-10 18:19:45.106546 >> Object lightRound has been created!
(ENTRY #608) 2022-03-10 18:19:45.107546 >> Protectile #112 has been created! Type: Light
(ENTRY #609) 2022-03-10 18:19:45.107546 >> Projectile created! ID: #112
(ENTRY #610) 2022-03-10 18:19:45.321485 >> Cloud removed! ID: #34
(ENTRY #611) 2022-03-10 18:19:45.428087 >> Cloud created! ID: #35
(ENTRY #612) 2022-03-10 18:19:45.885870 >> MOUSEPOS: (117.59045783087836, 383.42106869280116)
(ENTRY #613) 2022-03-10 18:19:45.885870 >> SLOPE CALC:None
(ENTRY #614) 2022-03-10 18:19:45.885870 >> LIN CALC FIN: -368.02011073926724
(ENTRY #615) 2022-03-10 18:19:45.885870 >> LIN CALC RAW: 1268.0201107392672
(ENTRY #616) 2022-03-10 18:19:45.885870 >> Below!
(ENTRY #617) 2022-03-10 18:19:45.885870 >> Object lightRound has been created!
(ENTRY #618) 2022-03-10 18:19:45.885870 >> Protectile #114 has been created! Type: Light
(ENTRY #619) 2022-03-10 18:19:45.886868 >> Projectile created! ID: #114
(ENTRY #620) 2022-03-10 18:19:46.289945 >> Cloud removed! ID: #35
(ENTRY #621) 2022-03-10 18:19:46.435507 >> Cloud created! ID: #36
(ENTRY #622) 2022-03-10 18:19:46.813551 >> Projectile removed!
(ENTRY #623) 2022-03-10 18:19:46.837007 >> Projectile removed!
(ENTRY #624) 2022-03-10 18:19:46.989034 >> MOUSEPOS: (845, 485)
(ENTRY #625) 2022-03-10 18:19:46.990036 >> SLOPE CALC:None
(ENTRY #626) 2022-03-10 18:19:46.990036 >> LIN CALC FIN: 1099.7211032442244
(ENTRY #627) 2022-03-10 18:19:46.990036 >> LIN CALC RAW: -199.72110324422442
(ENTRY #628) 2022-03-10 18:19:46.990036 >> Above!
(ENTRY #629) 2022-03-10 18:19:46.990036 >> Object lightRound has been created!
(ENTRY #630) 2022-03-10 18:19:46.990036 >> Protectile #116 has been created! Type: Light
(ENTRY #631) 2022-03-10 18:19:46.990036 >> Projectile created! ID: #116
(ENTRY #632) 2022-03-10 18:19:47.337371 >> Cloud removed! ID: #36
(ENTRY #633) 2022-03-10 18:19:47.477448 >> Cloud created! ID: #37
(ENTRY #634) 2022-03-10 18:19:47.891826 >> MOUSEPOS: (110.43415688878463, 356.95201314859486)
(ENTRY #635) 2022-03-10 18:19:47.891826 >> SLOPE CALC:None
(ENTRY #636) 2022-03-10 18:19:47.891826 >> LIN CALC FIN: -237.83232571104645
(ENTRY #637) 2022-03-10 18:19:47.891826 >> LIN CALC RAW: 1137.8323257110465
(ENTRY #638) 2022-03-10 18:19:47.891826 >> Below!
(ENTRY #639) 2022-03-10 18:19:47.891826 >> Object lightRound has been created!
(ENTRY #640) 2022-03-10 18:19:47.892819 >> Protectile #118 has been created! Type: Light
(ENTRY #641) 2022-03-10 18:19:47.892819 >> Projectile created! ID: #118
(ENTRY #642) 2022-03-10 18:19:47.947471 >> Projectile removed!
(ENTRY #643) 2022-03-10 18:19:48.262120 >> MOUSEPOS: (787, 581)
(ENTRY #644) 2022-03-10 18:19:48.262120 >> SLOPE CALC:None
(ENTRY #645) 2022-03-10 18:19:48.262120 >> LIN CALC FIN: 1030.5145251800805
(ENTRY #646) 2022-03-10 18:19:48.262120 >> LIN CALC RAW: -130.51452518008045
(ENTRY #647) 2022-03-10 18:19:48.262120 >> Above!
(ENTRY #648) 2022-03-10 18:19:48.262120 >> Object lightRound has been created!
(ENTRY #649) 2022-03-10 18:19:48.262120 >> Protectile #120 has been created! Type: Light
(ENTRY #650) 2022-03-10 18:19:48.262120 >> Projectile created! ID: #120
(ENTRY #651) 2022-03-10 18:19:48.388440 >> Cloud removed! ID: #37
(ENTRY #652) 2022-03-10 18:19:48.478704 >> Cloud created! ID: #38
(ENTRY #653) 2022-03-10 18:19:48.886493 >> Projectile removed!
(ENTRY #654) 2022-03-10 18:19:49.244440 >> Projectile removed!
(ENTRY #655) 2022-03-10 18:19:49.442360 >> Cloud removed! ID: #38
(ENTRY #656) 2022-03-10 18:19:49.583524 >> Cloud created! ID: #39
(ENTRY #657) 2022-03-10 18:19:49.904292 >> MOUSEPOS: (107.8152107840394, 330.328886929075)
(ENTRY #658) 2022-03-10 18:19:49.904292 >> SLOPE CALC:None
(ENTRY #659) 2022-03-10 18:19:49.904292 >> LIN CALC FIN: -189.6324040307893
(ENTRY #660) 2022-03-10 18:19:49.904292 >> LIN CALC RAW: 1089.6324040307893
(ENTRY #661) 2022-03-10 18:19:49.904292 >> Below!
(ENTRY #662) 2022-03-10 18:19:49.904292 >> Object lightRound has been created!
(ENTRY #663) 2022-03-10 18:19:49.905287 >> Protectile #122 has been created! Type: Light
(ENTRY #664) 2022-03-10 18:19:49.905287 >> Projectile created! ID: #122
(ENTRY #665) 2022-03-10 18:19:50.034525 >> MOUSEPOS: (823, 608)
(ENTRY #666) 2022-03-10 18:19:50.034525 >> SLOPE CALC:None
(ENTRY #667) 2022-03-10 18:19:50.034525 >> LIN CALC FIN: 1043.8057368731702
(ENTRY #668) 2022-03-10 18:19:50.034525 >> LIN CALC RAW: -143.8057368731702
(ENTRY #669) 2022-03-10 18:19:50.034525 >> Above!
(ENTRY #670) 2022-03-10 18:19:50.034525 >> Object lightRound has been created!
(ENTRY #671) 2022-03-10 18:19:50.035525 >> Protectile #124 has been created! Type: Light
(ENTRY #672) 2022-03-10 18:19:50.035525 >> Projectile created! ID: #124
(ENTRY #673) 2022-03-10 18:19:50.453458 >> Cloud removed! ID: #39
(ENTRY #674) 2022-03-10 18:19:50.514014 >> MOUSEPOS: (868, 580)
(ENTRY #675) 2022-03-10 18:19:50.514014 >> SLOPE CALC:None
(ENTRY #676) 2022-03-10 18:19:50.514014 >> LIN CALC FIN: 1081.3548287452718
(ENTRY #677) 2022-03-10 18:19:50.514014 >> LIN CALC RAW: -181.3548287452718
(ENTRY #678) 2022-03-10 18:19:50.514014 >> Above!
(ENTRY #679) 2022-03-10 18:19:50.587558 >> Cloud created! ID: #40
(ENTRY #680) 2022-03-10 18:19:50.831665 >> MOUSEPOS: (868, 580)
(ENTRY #681) 2022-03-10 18:19:50.831665 >> SLOPE CALC:None
(ENTRY #682) 2022-03-10 18:19:50.831665 >> LIN CALC FIN: 1076.0126940019948
(ENTRY #683) 2022-03-10 18:19:50.831665 >> LIN CALC RAW: -176.01269400199476
(ENTRY #684) 2022-03-10 18:19:50.831665 >> Above!
(ENTRY #685) 2022-03-10 18:19:50.957016 >> Projectile removed!
(ENTRY #686) 2022-03-10 18:19:51.124408 >> MOUSEPOS: (869, 581)
(ENTRY #687) 2022-03-10 18:19:51.124408 >> SLOPE CALC:None
(ENTRY #688) 2022-03-10 18:19:51.124408 >> LIN CALC FIN: 1071.8114190339197
(ENTRY #689) 2022-03-10 18:19:51.124408 >> LIN CALC RAW: -171.81141903391972
(ENTRY #690) 2022-03-10 18:19:51.124408 >> Above!
(ENTRY #691) 2022-03-10 18:19:51.124408 >> Object lightRound has been created!
(ENTRY #692) 2022-03-10 18:19:51.125410 >> Protectile #126 has been created! Type: Light
(ENTRY #693) 2022-03-10 18:19:51.125410 >> Projectile created! ID: #126
(ENTRY #694) 2022-03-10 18:19:51.617742 >> Cloud created! ID: #41
(ENTRY #695) 2022-03-10 18:19:51.655847 >> Projectile removed!
(ENTRY #696) 2022-03-10 18:19:51.660862 >> MOUSEPOS: (868, 564)
(ENTRY #697) 2022-03-10 18:19:51.660862 >> SLOPE CALC:None
(ENTRY #698) 2022-03-10 18:19:51.660862 >> LIN CALC FIN: 1061.3824790043407
(ENTRY #699) 2022-03-10 18:19:51.660862 >> LIN CALC RAW: -161.38247900434067
(ENTRY #700) 2022-03-10 18:19:51.660862 >> Above!
(ENTRY #701) 2022-03-10 18:19:51.787736 >> Cloud removed! ID: #41
(ENTRY #702) 2022-03-10 18:19:51.916414 >> MOUSEPOS: (117.42262162976624, 305.62347092458464)
(ENTRY #703) 2022-03-10 18:19:51.916414 >> SLOPE CALC:None
(ENTRY #704) 2022-03-10 18:19:51.916414 >> LIN CALC FIN: -188.3777320888928
(ENTRY #705) 2022-03-10 18:19:51.916414 >> LIN CALC RAW: 1088.3777320888928
(ENTRY #706) 2022-03-10 18:19:51.916414 >> Below!
(ENTRY #707) 2022-03-10 18:19:51.916414 >> Object lightRound has been created!
(ENTRY #708) 2022-03-10 18:19:51.917415 >> Protectile #128 has been created! Type: Light
(ENTRY #709) 2022-03-10 18:19:51.917415 >> Projectile created! ID: #128
(ENTRY #710) 2022-03-10 18:19:52.112455 >> MOUSEPOS: (881, 547)
(ENTRY #711) 2022-03-10 18:19:52.112455 >> SLOPE CALC:None
(ENTRY #712) 2022-03-10 18:19:52.112455 >> LIN CALC FIN: 1066.0604453928245
(ENTRY #713) 2022-03-10 18:19:52.112455 >> LIN CALC RAW: -166.06044539282448
(ENTRY #714) 2022-03-10 18:19:52.112455 >> Above!
(ENTRY #715) 2022-03-10 18:19:52.553858 >> MOUSEPOS: (867, 585)
(ENTRY #716) 2022-03-10 18:19:52.553858 >> SLOPE CALC:None
(ENTRY #717) 2022-03-10 18:19:52.553858 >> LIN CALC FIN: 1043.9662218494077
(ENTRY #718) 2022-03-10 18:19:52.553858 >> LIN CALC RAW: -143.9662218494077
(ENTRY #719) 2022-03-10 18:19:52.553858 >> Above!
(ENTRY #720) 2022-03-10 18:19:52.553858 >> Object lightRound has been created!
(ENTRY #721) 2022-03-10 18:19:52.554885 >> Protectile #130 has been created! Type: Light
(ENTRY #722) 2022-03-10 18:19:52.554885 >> Projectile created! ID: #130
(ENTRY #723) 2022-03-10 18:19:52.631032 >> Cloud created! ID: #42
(ENTRY #724) 2022-03-10 18:19:52.867845 >> MOUSEPOS: (868, 585)
(ENTRY #725) 2022-03-10 18:19:52.867845 >> SLOPE CALC:None
(ENTRY #726) 2022-03-10 18:19:52.867845 >> LIN CALC FIN: 1039.310632963527
(ENTRY #727) 2022-03-10 18:19:52.867845 >> LIN CALC RAW: -139.31063296352704
(ENTRY #728) 2022-03-10 18:19:52.867845 >> Above!
(ENTRY #729) 2022-03-10 18:19:52.868851 >> Cloud removed! ID: #42
(ENTRY #730) 2022-03-10 18:19:53.156022 >> Projectile removed!
(ENTRY #731) 2022-03-10 18:19:53.177183 >> MOUSEPOS: (867, 584)
(ENTRY #732) 2022-03-10 18:19:53.177183 >> SLOPE CALC:None
(ENTRY #733) 2022-03-10 18:19:53.177183 >> LIN CALC FIN: 1032.6662386833696
(ENTRY #734) 2022-03-10 18:19:53.177183 >> LIN CALC RAW: -132.66623868336956
(ENTRY #735) 2022-03-10 18:19:53.177183 >> Above!
(ENTRY #736) 2022-03-10 18:19:53.618490 >> MOUSEPOS: (876, 558)
(ENTRY #737) 2022-03-10 18:19:53.618490 >> SLOPE CALC:None
(ENTRY #738) 2022-03-10 18:19:53.618490 >> LIN CALC FIN: 1033.6271988429721
(ENTRY #739) 2022-03-10 18:19:53.618490 >> LIN CALC RAW: -133.62719884297212
(ENTRY #740) 2022-03-10 18:19:53.618490 >> Above!
(ENTRY #741) 2022-03-10 18:19:53.618490 >> Object lightRound has been created!
(ENTRY #742) 2022-03-10 18:19:53.619525 >> Protectile #132 has been created! Type: Light
(ENTRY #743) 2022-03-10 18:19:53.619525 >> Projectile created! ID: #132
(ENTRY #744) 2022-03-10 18:19:53.709861 >> Projectile removed!
(ENTRY #745) 2022-03-10 18:19:53.766858 >> Cloud created! ID: #43
(ENTRY #746) 2022-03-10 18:19:53.924160 >> MOUSEPOS: (136.46574582702252, 288.2499401960961)
(ENTRY #747) 2022-03-10 18:19:53.924160 >> SLOPE CALC:None
(ENTRY #748) 2022-03-10 18:19:53.924160 >> LIN CALC FIN: -179.6450932667849
(ENTRY #749) 2022-03-10 18:19:53.924160 >> LIN CALC RAW: 1079.645093266785
(ENTRY #750) 2022-03-10 18:19:53.924160 >> Below!
(ENTRY #751) 2022-03-10 18:19:53.924160 >> Object lightRound has been created!
(ENTRY #752) 2022-03-10 18:19:53.925157 >> Protectile #134 has been created! Type: Light
(ENTRY #753) 2022-03-10 18:19:53.925157 >> Projectile created! ID: #134
(ENTRY #754) 2022-03-10 18:19:53.964491 >> MOUSEPOS: (872, 555)
(ENTRY #755) 2022-03-10 18:19:53.964491 >> SLOPE CALC:None
(ENTRY #756) 2022-03-10 18:19:53.964491 >> LIN CALC FIN: 1023.4439150569311
(ENTRY #757) 2022-03-10 18:19:53.964491 >> LIN CALC RAW: -123.44391505693113
(ENTRY #758) 2022-03-10 18:19:53.964491 >> Above!
(ENTRY #759) 2022-03-10 18:19:54.038790 >> Cloud removed! ID: #43
(ENTRY #760) 2022-03-10 18:19:54.824630 >> Cloud created! ID: #44
(ENTRY #761) 2022-03-10 18:19:54.943664 >> MOUSEPOS: (875, 541)
(ENTRY #762) 2022-03-10 18:19:54.943664 >> SLOPE CALC:None
(ENTRY #763) 2022-03-10 18:19:54.943664 >> LIN CALC FIN: 1010.1003959199642
(ENTRY #764) 2022-03-10 18:19:54.943664 >> LIN CALC RAW: -110.10039591996417
(ENTRY #765) 2022-03-10 18:19:54.943664 >> Above!
(ENTRY #766) 2022-03-10 18:19:54.943664 >> Object lightRound has been created!
(ENTRY #767) 2022-03-10 18:19:54.944698 >> Protectile #136 has been created! Type: Light
(ENTRY #768) 2022-03-10 18:19:54.944698 >> Projectile created! ID: #136
(ENTRY #769) 2022-03-10 18:19:55.163928 >> Projectile removed!
(ENTRY #770) 2022-03-10 18:19:55.359106 >> Cloud removed! ID: #44
(ENTRY #771) 2022-03-10 18:19:55.434630 >> Projectile removed!
(ENTRY #772) 2022-03-10 18:19:55.757656 >> MOUSEPOS: (871, 534)
(ENTRY #773) 2022-03-10 18:19:55.757656 >> SLOPE CALC:None
(ENTRY #774) 2022-03-10 18:19:55.758658 >> LIN CALC FIN: 993.75205552658
(ENTRY #775) 2022-03-10 18:19:55.758658 >> LIN CALC RAW: -93.75205552657997
(ENTRY #776) 2022-03-10 18:19:55.758658 >> Above!
(ENTRY #777) 2022-03-10 18:19:55.867325 >> Cloud created! ID: #45
(ENTRY #778) 2022-03-10 18:19:55.928422 >> MOUSEPOS: (160.941161328504, 280.9262791814726)
(ENTRY #779) 2022-03-10 18:19:55.928422 >> SLOPE CALC:None
(ENTRY #780) 2022-03-10 18:19:55.928422 >> LIN CALC FIN: -191.27356720077387
(ENTRY #781) 2022-03-10 18:19:55.928422 >> LIN CALC RAW: 1091.2735672007739
(ENTRY #782) 2022-03-10 18:19:55.928422 >> Below!
(ENTRY #783) 2022-03-10 18:19:55.928422 >> Object lightRound has been created!
(ENTRY #784) 2022-03-10 18:19:55.929420 >> Protectile #138 has been created! Type: Light
(ENTRY #785) 2022-03-10 18:19:55.929420 >> Projectile created! ID: #138
(ENTRY #786) 2022-03-10 18:19:56.310886 >> MOUSEPOS: (866, 468)
(ENTRY #787) 2022-03-10 18:19:56.310886 >> SLOPE CALC:None
(ENTRY #788) 2022-03-10 18:19:56.310886 >> LIN CALC FIN: 980.8624705736361
(ENTRY #789) 2022-03-10 18:19:56.310886 >> LIN CALC RAW: -80.86247057363607
(ENTRY #790) 2022-03-10 18:19:56.310886 >> Above!
(ENTRY #791) 2022-03-10 18:19:56.310886 >> Object lightRound has been created!
(ENTRY #792) 2022-03-10 18:19:56.311887 >> Protectile #140 has been created! Type: Light
(ENTRY #793) 2022-03-10 18:19:56.311887 >> Projectile created! ID: #140
(ENTRY #794) 2022-03-10 18:19:56.503982 >> Cloud removed! ID: #45
(ENTRY #795) 2022-03-10 18:19:56.843526 >> MOUSEPOS: (846, 430)
(ENTRY #796) 2022-03-10 18:19:56.843526 >> SLOPE CALC:None
(ENTRY #797) 2022-03-10 18:19:56.843526 >> LIN CALC FIN: 952.663364137118
(ENTRY #798) 2022-03-10 18:19:56.843526 >> LIN CALC RAW: -52.66336413711804
(ENTRY #799) 2022-03-10 18:19:56.843526 >> Above!
(ENTRY #800) 2022-03-10 18:19:56.921726 >> Cloud created! ID: #46
(ENTRY #801) 2022-03-10 18:19:57.448697 >> Projectile removed!
(ENTRY #802) 2022-03-10 18:19:57.527087 >> MOUSEPOS: (846, 430)
(ENTRY #803) 2022-03-10 18:19:57.527087 >> SLOPE CALC:None
(ENTRY #804) 2022-03-10 18:19:57.527087 >> LIN CALC FIN: 941.2837544724439
(ENTRY #805) 2022-03-10 18:19:57.527087 >> LIN CALC RAW: -41.28375447244389
(ENTRY #806) 2022-03-10 18:19:57.527087 >> Above!
(ENTRY #807) 2022-03-10 18:19:57.527087 >> Object lightRound has been created!
(ENTRY #808) 2022-03-10 18:19:57.528088 >> Protectile #142 has been created! Type: Light
(ENTRY #809) 2022-03-10 18:19:57.528088 >> Projectile created! ID: #142
(ENTRY #810) 2022-03-10 18:19:57.628670 >> Cloud removed! ID: #46
(ENTRY #811) 2022-03-10 18:19:57.845784 >> Projectile removed!
(ENTRY #812) 2022-03-10 18:19:57.929786 >> MOUSEPOS: (184.62279680864742, 272.77203815779893)
(ENTRY #813) 2022-03-10 18:19:57.929786 >> SLOPE CALC:None
(ENTRY #814) 2022-03-10 18:19:57.929786 >> LIN CALC FIN: -144.7728977655479
(ENTRY #815) 2022-03-10 18:19:57.929786 >> LIN CALC RAW: 1044.772897765548
(ENTRY #816) 2022-03-10 18:19:57.929786 >> Below!
(ENTRY #817) 2022-03-10 18:19:57.929786 >> Object lightRound has been created!
(ENTRY #818) 2022-03-10 18:19:57.930783 >> Protectile #144 has been created! Type: Light
(ENTRY #819) 2022-03-10 18:19:57.930783 >> Projectile created! ID: #144
(ENTRY #820) 2022-03-10 18:19:58.105421 >> Cloud created! ID: #47
(ENTRY #821) 2022-03-10 18:19:58.495447 >> Projectile removed!
(ENTRY #822) 2022-03-10 18:19:58.597920 >> MOUSEPOS: (787, 478)
(ENTRY #823) 2022-03-10 18:19:58.597920 >> SLOPE CALC:None
(ENTRY #824) 2022-03-10 18:19:58.597920 >> LIN CALC FIN: 864.4073506829499
(ENTRY #825) 2022-03-10 18:19:58.597920 >> LIN CALC RAW: 35.59264931705013
(ENTRY #826) 2022-03-10 18:19:58.597920 >> Above!
(ENTRY #827) 2022-03-10 18:19:58.597920 >> Object lightRound has been created!
(ENTRY #828) 2022-03-10 18:19:58.598922 >> Protectile #146 has been created! Type: Light
(ENTRY #829) 2022-03-10 18:19:58.598922 >> Projectile created! ID: #146
(ENTRY #830) 2022-03-10 18:19:58.752143 >> Cloud removed! ID: #47
(ENTRY #831) 2022-03-10 18:19:59.365579 >> Cloud created! ID: #48
(ENTRY #832) 2022-03-10 18:19:59.509851 >> Projectile has hit!
(ENTRY #833) 2022-03-10 18:19:59.509851 >> Projectile removed!
(ENTRY #834) 2022-03-10 18:19:59.835120 >> Cloud removed! ID: #48
(ENTRY #835) 2022-03-10 18:19:59.934662 >> MOUSEPOS: (206.62542321714662, 261.76516725388353)
(ENTRY #836) 2022-03-10 18:19:59.934662 >> SLOPE CALC:None
(ENTRY #837) 2022-03-10 18:19:59.934662 >> LIN CALC FIN: -5.852484762398717
(ENTRY #838) 2022-03-10 18:19:59.934662 >> LIN CALC RAW: 905.8524847623987
(ENTRY #839) 2022-03-10 18:19:59.934662 >> Below!
(ENTRY #840) 2022-03-10 18:19:59.934662 >> Object lightRound has been created!
(ENTRY #841) 2022-03-10 18:19:59.935667 >> Protectile #148 has been created! Type: Light
(ENTRY #842) 2022-03-10 18:19:59.935667 >> Projectile created! ID: #148
(ENTRY #843) 2022-03-10 18:19:59.972032 >> Projectile removed!
(ENTRY #844) 2022-03-10 18:20:00.065168 >> Projectile removed!
(ENTRY #845) 2022-03-10 18:20:00.477330 >> Cloud created! ID: #49
(ENTRY #846) 2022-03-10 18:20:00.925896 >> Projectile removed!
(ENTRY #847) 2022-03-10 18:20:01.036924 >> Cloud removed! ID: #49
(ENTRY #848) 2022-03-10 18:20:01.660719 >> Cloud created! ID: #50
(ENTRY #849) 2022-03-10 18:20:01.948019 >> MOUSEPOS: (232.67490565825443, 260.64484605232815)
(ENTRY #850) 2022-03-10 18:20:01.949019 >> SLOPE CALC:None
(ENTRY #851) 2022-03-10 18:20:01.949019 >> LIN CALC FIN: 164.75557817230788
(ENTRY #852) 2022-03-10 18:20:01.949019 >> LIN CALC RAW: 735.2444218276921
(ENTRY #853) 2022-03-10 18:20:01.949019 >> Below!
(ENTRY #854) 2022-03-10 18:20:01.949019 >> Object lightRound has been created!
(ENTRY #855) 2022-03-10 18:20:01.949019 >> Protectile #150 has been created! Type: Light
(ENTRY #856) 2022-03-10 18:20:01.949019 >> Projectile created! ID: #150
(ENTRY #857) 2022-03-10 18:20:02.094904 >> Projectile removed!
(ENTRY #858) 2022-03-10 18:20:02.131883 >> Cloud removed! ID: #50
(ENTRY #859) 2022-03-10 18:20:02.750875 >> Cloud created! ID: #51
(ENTRY #860) 2022-03-10 18:20:03.044411 >> Projectile removed!
(ENTRY #861) 2022-03-10 18:20:03.152402 >> Cloud removed! ID: #51
(ENTRY #862) 2022-03-10 18:20:03.753998 >> Projectile removed!
(ENTRY #863) 2022-03-10 18:20:03.877516 >> Cloud created! ID: #52
(ENTRY #864) 2022-03-10 18:20:03.950518 >> MOUSEPOS: (260.3192430532394, 259.2002797959526)
(ENTRY #865) 2022-03-10 18:20:03.950518 >> SLOPE CALC:None
(ENTRY #866) 2022-03-10 18:20:03.950518 >> LIN CALC FIN: 273.4851989930079
(ENTRY #867) 2022-03-10 18:20:03.950518 >> LIN CALC RAW: 626.5148010069921
(ENTRY #868) 2022-03-10 18:20:03.950518 >> Above!
(ENTRY #869) 2022-03-10 18:20:03.950518 >> Object lightRound has been created!
(ENTRY #870) 2022-03-10 18:20:03.951515 >> Protectile #152 has been created! Type: Light
(ENTRY #871) 2022-03-10 18:20:03.951515 >> Projectile created! ID: #152
(ENTRY #872) 2022-03-10 18:20:03.986621 >> Projectile removed!
(ENTRY #873) 2022-03-10 18:20:04.143894 >> Cloud removed! ID: #52
(ENTRY #874) 2022-03-10 18:20:04.898287 >> Cloud created! ID: #53
(ENTRY #875) 2022-03-10 18:20:04.915489 >> Projectile removed!
(ENTRY #876) 2022-03-10 18:20:05.035535 >> Projectile removed!
(ENTRY #877) 2022-03-10 18:20:05.076662 >> Projectile has hit!
(ENTRY #878) 2022-03-10 18:20:05.076662 >> Projectile removed!
(ENTRY #879) 2022-03-10 18:20:05.178661 >> Cloud removed! ID: #53
(ENTRY #880) 2022-03-10 18:20:05.888018 >> MOUSEPOS: (418, 440)
(ENTRY #881) 2022-03-10 18:20:05.888018 >> SLOPE CALC:None
(ENTRY #882) 2022-03-10 18:20:05.888018 >> LIN CALC FIN: 399.8473614873739
(ENTRY #883) 2022-03-10 18:20:05.888018 >> LIN CALC RAW: 500.1526385126261
(ENTRY #884) 2022-03-10 18:20:05.888018 >> Below!
(ENTRY #885) 2022-03-10 18:20:05.888018 >> Object lightRound has been created!
(ENTRY #886) 2022-03-10 18:20:05.889013 >> Protectile #154 has been created! Type: Light
(ENTRY #887) 2022-03-10 18:20:05.889013 >> Projectile created! ID: #154
(ENTRY #888) 2022-03-10 18:20:05.959009 >> MOUSEPOS: (286.9694930087084, 268.44178096005504)
(ENTRY #889) 2022-03-10 18:20:05.959009 >> SLOPE CALC:None
(ENTRY #890) 2022-03-10 18:20:05.959009 >> LIN CALC FIN: 298.14996196375137
(ENTRY #891) 2022-03-10 18:20:05.959009 >> LIN CALC RAW: 601.8500380362486
(ENTRY #892) 2022-03-10 18:20:05.959009 >> Above!
(ENTRY #893) 2022-03-10 18:20:05.959009 >> Object lightRound has been created!
(ENTRY #894) 2022-03-10 18:20:05.959009 >> Protectile #156 has been created! Type: Light
(ENTRY #895) 2022-03-10 18:20:05.959009 >> Projectile created! ID: #156
(ENTRY #896) 2022-03-10 18:20:06.026539 >> Cloud created! ID: #54
(ENTRY #897) 2022-03-10 18:20:06.128466 >> Projectile has hit!
(ENTRY #898) 2022-03-10 18:20:06.128466 >> Projectile removed!
(ENTRY #899) 2022-03-10 18:20:06.164088 >> Cloud removed! ID: #54
(ENTRY #900) 2022-03-10 18:20:06.229216 >> Projectile removed!
(ENTRY #901) 2022-03-10 18:20:07.048688 >> Cloud created! ID: #55
(ENTRY #902) 2022-03-10 18:20:07.050686 >> MOUSEPOS: (321, 447)
(ENTRY #903) 2022-03-10 18:20:07.050686 >> SLOPE CALC:None
(ENTRY #904) 2022-03-10 18:20:07.050686 >> LIN CALC FIN: 301.0200887716337
(ENTRY #905) 2022-03-10 18:20:07.050686 >> LIN CALC RAW: 598.9799112283663
(ENTRY #906) 2022-03-10 18:20:07.050686 >> Below!
(ENTRY #907) 2022-03-10 18:20:07.050686 >> Object lightRound has been created!
(ENTRY #908) 2022-03-10 18:20:07.050686 >> Protectile #158 has been created! Type: Light
(ENTRY #909) 2022-03-10 18:20:07.050686 >> Projectile created! ID: #158
(ENTRY #910) 2022-03-10 18:20:07.100685 >> Cloud removed! ID: #55
(ENTRY #911) 2022-03-10 18:20:07.133692 >> Projectile has hit!
(ENTRY #912) 2022-03-10 18:20:07.133692 >> Projectile removed!
(ENTRY #913) 2022-03-10 18:20:07.346832 >> MOUSEPOS: (321, 447)
(ENTRY #914) 2022-03-10 18:20:07.346832 >> SLOPE CALC:None
(ENTRY #915) 2022-03-10 18:20:07.346832 >> LIN CALC FIN: 301.7265321054422
(ENTRY #916) 2022-03-10 18:20:07.346832 >> LIN CALC RAW: 598.2734678945578
(ENTRY #917) 2022-03-10 18:20:07.346832 >> Below!
(ENTRY #918) 2022-03-10 18:20:07.840373 >> Projectile has hit!
(ENTRY #919) 2022-03-10 18:20:07.840373 >> Projectile removed!
(ENTRY #920) 2022-03-10 18:20:07.975851 >> MOUSEPOS: (306.67022487595204, 290.61175772726006)
(ENTRY #921) 2022-03-10 18:20:07.975851 >> SLOPE CALC:None
(ENTRY #922) 2022-03-10 18:20:07.975851 >> LIN CALC FIN: 410.31017665655696
(ENTRY #923) 2022-03-10 18:20:07.975851 >> LIN CALC RAW: 489.68982334344304
(ENTRY #924) 2022-03-10 18:20:07.975851 >> Above!
(ENTRY #925) 2022-03-10 18:20:07.975851 >> Object lightRound has been created!
(ENTRY #926) 2022-03-10 18:20:07.976856 >> Protectile #160 has been created! Type: Light
(ENTRY #927) 2022-03-10 18:20:07.976856 >> Projectile created! ID: #160
(ENTRY #928) 2022-03-10 18:20:08.049851 >> Cloud removed! ID: #55
(ENTRY #929) 2022-03-10 18:20:08.116853 >> Cloud created! ID: #56
(ENTRY #930) 2022-03-10 18:20:08.306651 >> MOUSEPOS: (270, 416)
(ENTRY #931) 2022-03-10 18:20:08.306651 >> SLOPE CALC:None
(ENTRY #932) 2022-03-10 18:20:08.306651 >> LIN CALC FIN: 333.2365254566349
(ENTRY #933) 2022-03-10 18:20:08.306651 >> LIN CALC RAW: 566.7634745433651
(ENTRY #934) 2022-03-10 18:20:08.306651 >> Below!
(ENTRY #935) 2022-03-10 18:20:08.306651 >> Object lightRound has been created!
(ENTRY #936) 2022-03-10 18:20:08.307631 >> Protectile #162 has been created! Type: Light
(ENTRY #937) 2022-03-10 18:20:08.307631 >> Projectile created! ID: #162
(ENTRY #938) 2022-03-10 18:20:08.588691 >> Projectile has hit!
(ENTRY #939) 2022-03-10 18:20:08.588691 >> Projectile removed!
(ENTRY #940) 2022-03-10 18:20:08.636146 >> MOUSEPOS: (270, 416)
(ENTRY #941) 2022-03-10 18:20:08.636146 >> SLOPE CALC:None
(ENTRY #942) 2022-03-10 18:20:08.636146 >> LIN CALC FIN: 339.62337137898555
(ENTRY #943) 2022-03-10 18:20:08.636146 >> LIN CALC RAW: 560.3766286210144
(ENTRY #944) 2022-03-10 18:20:08.636146 >> Below!
(ENTRY #945) 2022-03-10 18:20:08.787592 >> Projectile has hit!
(ENTRY #946) 2022-03-10 18:20:08.787592 >> Projectile removed!
(ENTRY #947) 2022-03-10 18:20:08.865806 >> MOUSEPOS: (270, 416)
(ENTRY #948) 2022-03-10 18:20:08.865806 >> SLOPE CALC:None
(ENTRY #949) 2022-03-10 18:20:08.865806 >> LIN CALC FIN: 343.9254189622246
(ENTRY #950) 2022-03-10 18:20:08.865806 >> LIN CALC RAW: 556.0745810377754
(ENTRY #951) 2022-03-10 18:20:08.865806 >> Below!
(ENTRY #952) 2022-03-10 18:20:08.944790 >> Cloud removed! ID: #56
(ENTRY #953) 2022-03-10 18:20:09.314157 >> Cloud created! ID: #57
(ENTRY #954) 2022-03-10 18:20:09.446547 >> MOUSEPOS: (233, 319)
(ENTRY #955) 2022-03-10 18:20:09.446547 >> SLOPE CALC:None
(ENTRY #956) 2022-03-10 18:20:09.446547 >> LIN CALC FIN: 391.22822972730205
(ENTRY #957) 2022-03-10 18:20:09.446547 >> LIN CALC RAW: 508.77177027269795
(ENTRY #958) 2022-03-10 18:20:09.446547 >> Above!
(ENTRY #959) 2022-03-10 18:20:09.446547 >> Object lightRound has been created!
(ENTRY #960) 2022-03-10 18:20:09.447535 >> Protectile #164 has been created! Type: Light
(ENTRY #961) 2022-03-10 18:20:09.447535 >> Projectile created! ID: #164
(ENTRY #962) 2022-03-10 18:20:09.886617 >> Projectile has hit!
(ENTRY #963) 2022-03-10 18:20:09.886617 >> Projectile removed!
(ENTRY #964) 2022-03-10 18:20:09.934159 >> Cloud removed! ID: #57
(ENTRY #965) 2022-03-10 18:20:10.358223 >> Cloud created! ID: #58
(ENTRY #966) 2022-03-10 18:20:10.787499 >> Cloud removed! ID: #58
(ENTRY #967) 2022-03-10 18:20:10.994645 >> MOUSEPOS: (306, 309)
(ENTRY #968) 2022-03-10 18:20:10.994645 >> SLOPE CALC:None
(ENTRY #969) 2022-03-10 18:20:10.994645 >> LIN CALC FIN: 331.4771159452217
(ENTRY #970) 2022-03-10 18:20:10.994645 >> LIN CALC RAW: 568.5228840547783
(ENTRY #971) 2022-03-10 18:20:10.994645 >> Above!
(ENTRY #972) 2022-03-10 18:20:10.994645 >> Object lightRound has been created!
(ENTRY #973) 2022-03-10 18:20:10.994645 >> Protectile #166 has been created! Type: Light
(ENTRY #974) 2022-03-10 18:20:10.994645 >> Projectile created! ID: #166
(ENTRY #975) 2022-03-10 18:20:11.398595 >> Cloud created! ID: #59
(ENTRY #976) 2022-03-10 18:20:12.491040 >> Naval Warfare 2D Closed...
