Log for Naval Warfare 2D, intended for debugging purposes only! 

(ENTRY #1) 2022-02-20 22:31:50.947878 >> Initialized Log handler...
(ENTRY #2) 2022-02-20 22:31:51.187382 >> Initialized Warship handler...
(ENTRY #3) 2022-02-20 22:31:51.200377 >> Initialized GUI handler...
(ENTRY #4) 2022-02-20 22:31:51.206379 >> Initialized Projectile handler...
(ENTRY #5) 2022-02-20 22:31:51.206379 >> Starting Naval Warfare 2D...
(ENTRY #6) 2022-02-20 22:31:51.413094 >> Created Sprite for Player!
(ENTRY #7) 2022-02-20 22:31:51.413094 >> Finished initalizingw!
(ENTRY #8) 2022-02-20 22:32:01.843296 >> Game resumed!
(ENTRY #9) 2022-02-20 22:32:01.855516 >> Cloud created! ID: #1
(ENTRY #10) 2022-02-20 22:32:02.646074 >> Projectile created! ID:1
(ENTRY #11) 2022-02-20 22:32:02.978457 >> Cloud created! ID: #2
(ENTRY #12) 2022-02-20 22:32:03.054869 >> Projectile created! ID:2
(ENTRY #13) 2022-02-20 22:32:03.366205 >> Projectile created! ID:3
(ENTRY #14) 2022-02-20 22:32:03.766525 >> Projectile created! ID:4
(ENTRY #15) 2022-02-20 22:32:03.985463 >> Cloud created! ID: #3
(ENTRY #16) 2022-02-20 22:32:04.130883 >> Projectile created! ID:5
(ENTRY #17) 2022-02-20 22:32:04.402008 >> Projectile created! ID:6
(ENTRY #18) 2022-02-20 22:32:04.596252 >> Projectile created! ID:7
(ENTRY #19) 2022-02-20 22:32:04.740269 >> Projectile created! ID:8
(ENTRY #20) 2022-02-20 22:32:04.896309 >> Projectile created! ID:9
(ENTRY #21) 2022-02-20 22:32:04.993347 >> Cloud created! ID: #4
(ENTRY #22) 2022-02-20 22:32:05.151849 >> Projectile created! ID:10
(ENTRY #23) 2022-02-20 22:32:05.808775 >> Projectile created! ID:11
(ENTRY #24) 2022-02-20 22:32:06.059449 >> Cloud created! ID: #5
(ENTRY #25) 2022-02-20 22:32:06.234328 >> Projectile created! ID:12
(ENTRY #26) 2022-02-20 22:32:06.449131 >> Projectile created! ID:13
(ENTRY #27) 2022-02-20 22:32:06.900220 >> Projectile created! ID:14
(ENTRY #28) 2022-02-20 22:32:07.036681 >> Projectile created! ID:15
(ENTRY #29) 2022-02-20 22:32:07.075842 >> Cloud created! ID: #6
(ENTRY #30) 2022-02-20 22:32:07.193990 >> Projectile created! ID:16
(ENTRY #31) 2022-02-20 22:32:07.327832 >> Projectile created! ID:17
(ENTRY #32) 2022-02-20 22:32:08.649181 >> Naval Warfare 2D Closed...
