Log for Naval Warfare 2D, intended for debugging purposes only! 

(ENTRY #1) 2022-02-20 18:16:57.258742 >> Initialized Log handler...
(ENTRY #2) 2022-02-20 18:16:57.479240 >> Initialized Warship handler...
(ENTRY #3) 2022-02-20 18:16:57.491740 >> Initialized GUI handler...
(ENTRY #4) 2022-02-20 18:16:57.492245 >> Starting Naval Warfare 2D...
(ENTRY #5) 2022-02-20 18:16:57.719741 >> Created Sprite for Player!
(ENTRY #6) 2022-02-20 18:16:57.719741 >> Finished initalizingw!
(ENTRY #7) 2022-02-20 18:16:58.147371 >> Game resumed!
(ENTRY #8) 2022-02-20 18:16:58.159378 >> Cloud created! ID: #1
(ENTRY #9) 2022-02-20 18:16:59.168244 >> Cloud created! ID: #2
(ENTRY #10) 2022-02-20 18:17:00.170414 >> Cloud created! ID: #3
(ENTRY #11) 2022-02-20 18:17:01.258639 >> Cloud created! ID: #4
(ENTRY #12) 2022-02-20 18:17:02.364658 >> Cloud created! ID: #5
(ENTRY #13) 2022-02-20 18:17:02.443270 >> Cloud removed! ID: #5
(ENTRY #14) 2022-02-20 18:17:03.366070 >> Cloud created! ID: #6
(ENTRY #15) 2022-02-20 18:17:04.497314 >> Cloud created! ID: #7
(ENTRY #16) 2022-02-20 18:17:05.536304 >> Cloud created! ID: #8
(ENTRY #17) 2022-02-20 18:17:05.536804 >> Cloud removed! ID: #8
(ENTRY #18) 2022-02-20 18:17:06.541858 >> Cloud created! ID: #9
(ENTRY #19) 2022-02-20 18:17:07.646945 >> Cloud created! ID: #10
(ENTRY #20) 2022-02-20 18:17:08.666378 >> Cloud created! ID: #11
(ENTRY #21) 2022-02-20 18:17:09.676551 >> Cloud created! ID: #12
(ENTRY #22) 2022-02-20 18:17:09.768176 >> Cloud removed! ID: #12
(ENTRY #23) 2022-02-20 18:17:10.810419 >> Cloud created! ID: #13
(ENTRY #24) 2022-02-20 18:17:10.878696 >> Cloud removed! ID: #13
(ENTRY #25) 2022-02-20 18:17:11.923695 >> Cloud removed! ID: #13
(ENTRY #26) 2022-02-20 18:17:11.948724 >> Cloud removed! ID: #13
(ENTRY #27) 2022-02-20 18:17:11.960396 >> Cloud created! ID: #14
(ENTRY #28) 2022-02-20 18:17:12.033710 >> Cloud removed! ID: #14
(ENTRY #29) 2022-02-20 18:17:12.977067 >> Cloud created! ID: #15
(ENTRY #30) 2022-02-20 18:17:13.004461 >> Cloud removed! ID: #15
(ENTRY #31) 2022-02-20 18:17:13.897552 >> Cloud removed! ID: #15
(ENTRY #32) 2022-02-20 18:17:13.995494 >> Cloud created! ID: #16
(ENTRY #33) 2022-02-20 18:17:15.085525 >> Cloud removed! ID: #16
(ENTRY #34) 2022-02-20 18:17:15.150118 >> Cloud created! ID: #17
(ENTRY #35) 2022-02-20 18:17:16.138853 >> Cloud removed! ID: #17
(ENTRY #36) 2022-02-20 18:17:16.151162 >> Cloud created! ID: #18
(ENTRY #37) 2022-02-20 18:17:17.165146 >> Cloud created! ID: #19
(ENTRY #38) 2022-02-20 18:17:18.187336 >> Cloud removed! ID: #19
(ENTRY #39) 2022-02-20 18:17:18.260389 >> Cloud created! ID: #20
(ENTRY #40) 2022-02-20 18:17:19.194370 >> Cloud removed! ID: #20
(ENTRY #41) 2022-02-20 18:17:19.231359 >> Cloud removed! ID: #20
(ENTRY #42) 2022-02-20 18:17:19.340925 >> Cloud created! ID: #21
(ENTRY #43) 2022-02-20 18:17:20.420181 >> Cloud created! ID: #22
(ENTRY #44) 2022-02-20 18:17:21.244410 >> Cloud removed! ID: #22
(ENTRY #45) 2022-02-20 18:17:21.542451 >> Cloud created! ID: #23
(ENTRY #46) 2022-02-20 18:17:22.392387 >> Cloud removed! ID: #23
(ENTRY #47) 2022-02-20 18:17:22.572265 >> Cloud created! ID: #24
(ENTRY #48) 2022-02-20 18:17:23.357932 >> Cloud removed! ID: #24
(ENTRY #49) 2022-02-20 18:17:23.386385 >> Cloud removed! ID: #24
(ENTRY #50) 2022-02-20 18:17:23.516480 >> Cloud removed! ID: #24
(ENTRY #51) 2022-02-20 18:17:23.724835 >> Cloud created! ID: #25
(ENTRY #52) 2022-02-20 18:17:24.622800 >> Cloud removed! ID: #25
(ENTRY #53) 2022-02-20 18:17:24.726395 >> Cloud created! ID: #26
(ENTRY #54) 2022-02-20 18:17:25.728470 >> Cloud created! ID: #27
(ENTRY #55) 2022-02-20 18:17:26.743387 >> Cloud created! ID: #28
(ENTRY #56) 2022-02-20 18:17:26.779194 >> Cloud removed! ID: #28
(ENTRY #57) 2022-02-20 18:17:27.702525 >> Cloud removed! ID: #28
(ENTRY #58) 2022-02-20 18:17:27.945456 >> Cloud created! ID: #29
(ENTRY #59) 2022-02-20 18:17:28.910870 >> Cloud removed! ID: #29
(ENTRY #60) 2022-02-20 18:17:28.951369 >> Cloud created! ID: #30
(ENTRY #61) 2022-02-20 18:17:29.992189 >> Cloud created! ID: #31
(ENTRY #62) 2022-02-20 18:17:30.042522 >> Cloud removed! ID: #31
(ENTRY #63) 2022-02-20 18:17:30.831715 >> Cloud removed! ID: #31
(ENTRY #64) 2022-02-20 18:17:31.015169 >> Cloud created! ID: #32
(ENTRY #65) 2022-02-20 18:17:32.030860 >> Cloud created! ID: #33
(ENTRY #66) 2022-02-20 18:17:33.117860 >> Cloud removed! ID: #33
(ENTRY #67) 2022-02-20 18:17:33.181866 >> Cloud created! ID: #34
(ENTRY #68) 2022-02-20 18:17:34.094357 >> Cloud removed! ID: #34
(ENTRY #69) 2022-02-20 18:17:34.223413 >> Cloud removed! ID: #34
(ENTRY #70) 2022-02-20 18:17:34.261946 >> Cloud created! ID: #35
(ENTRY #71) 2022-02-20 18:17:35.166497 >> Cloud removed! ID: #35
(ENTRY #72) 2022-02-20 18:17:35.351707 >> Cloud created! ID: #36
(ENTRY #73) 2022-02-20 18:17:36.195864 >> Cloud removed! ID: #36
(ENTRY #74) 2022-02-20 18:17:36.383123 >> Cloud created! ID: #37
(ENTRY #75) 2022-02-20 18:17:37.511902 >> Cloud created! ID: #38
(ENTRY #76) 2022-02-20 18:17:38.251890 >> Cloud removed! ID: #38
(ENTRY #77) 2022-02-20 18:17:38.525704 >> Cloud created! ID: #39
(ENTRY #78) 2022-02-20 18:17:39.279877 >> Cloud removed! ID: #39
(ENTRY #79) 2022-02-20 18:17:39.435784 >> Cloud removed! ID: #39
(ENTRY #80) 2022-02-20 18:17:39.636768 >> Cloud created! ID: #40
(ENTRY #81) 2022-02-20 18:17:40.548408 >> Cloud removed! ID: #40
(ENTRY #82) 2022-02-20 18:17:40.647649 >> Cloud created! ID: #41
(ENTRY #83) 2022-02-20 18:17:41.710284 >> Cloud created! ID: #42
(ENTRY #84) 2022-02-20 18:17:42.537543 >> Cloud removed! ID: #42
(ENTRY #85) 2022-02-20 18:17:42.792402 >> Cloud created! ID: #43
(ENTRY #86) 2022-02-20 18:17:43.808395 >> Cloud created! ID: #44
(ENTRY #87) 2022-02-20 18:17:43.833006 >> Cloud removed! ID: #44
(ENTRY #88) 2022-02-20 18:17:44.812970 >> Cloud created! ID: #45
(ENTRY #89) 2022-02-20 18:17:45.883457 >> Cloud created! ID: #46
(ENTRY #90) 2022-02-20 18:17:46.916689 >> Cloud created! ID: #47
(ENTRY #91) 2022-02-20 18:17:47.937873 >> Cloud removed! ID: #47
(ENTRY #92) 2022-02-20 18:17:47.963350 >> Cloud created! ID: #48
(ENTRY #93) 2022-02-20 18:17:47.965352 >> Cloud removed! ID: #48
(ENTRY #94) 2022-02-20 18:17:47.978851 >> Cloud removed! ID: #48
(ENTRY #95) 2022-02-20 18:17:48.975367 >> Cloud removed! ID: #48
(ENTRY #96) 2022-02-20 18:17:49.066101 >> Cloud created! ID: #49
(ENTRY #97) 2022-02-20 18:17:49.067603 >> Cloud removed! ID: #49
(ENTRY #98) 2022-02-20 18:17:50.205491 >> Cloud created! ID: #50
(ENTRY #99) 2022-02-20 18:17:51.044315 >> Cloud removed! ID: #50
(ENTRY #100) 2022-02-20 18:17:51.092931 >> Cloud removed! ID: #50
(ENTRY #101) 2022-02-20 18:17:51.267257 >> Cloud created! ID: #51
(ENTRY #102) 2022-02-20 18:17:52.137894 >> Cloud removed! ID: #51
(ENTRY #103) 2022-02-20 18:17:52.210387 >> Cloud removed! ID: #51
(ENTRY #104) 2022-02-20 18:17:52.332893 >> Cloud created! ID: #52
(ENTRY #105) 2022-02-20 18:17:53.118390 >> Cloud removed! ID: #52
(ENTRY #106) 2022-02-20 18:17:53.166640 >> Cloud removed! ID: #52
(ENTRY #107) 2022-02-20 18:17:53.359885 >> Cloud created! ID: #53
(ENTRY #108) 2022-02-20 18:17:54.410370 >> Cloud created! ID: #54
(ENTRY #109) 2022-02-20 18:17:55.217496 >> Cloud removed! ID: #54
(ENTRY #110) 2022-02-20 18:17:55.362991 >> Cloud removed! ID: #54
(ENTRY #111) 2022-02-20 18:17:55.426871 >> Cloud created! ID: #55
(ENTRY #112) 2022-02-20 18:17:56.437217 >> Cloud created! ID: #56
(ENTRY #113) 2022-02-20 18:17:57.473364 >> Cloud created! ID: #57
(ENTRY #114) 2022-02-20 18:17:58.521009 >> Cloud created! ID: #58
(ENTRY #115) 2022-02-20 18:17:58.533450 >> Cloud removed! ID: #58
(ENTRY #116) 2022-02-20 18:17:59.558876 >> Cloud created! ID: #59
(ENTRY #117) 2022-02-20 18:18:00.326368 >> Cloud removed! ID: #59
(ENTRY #118) 2022-02-20 18:18:00.592381 >> Cloud created! ID: #60
(ENTRY #119) 2022-02-20 18:18:01.620234 >> Cloud removed! ID: #60
(ENTRY #120) 2022-02-20 18:18:01.657150 >> Cloud created! ID: #61
(ENTRY #121) 2022-02-20 18:18:02.574788 >> Cloud removed! ID: #61
(ENTRY #122) 2022-02-20 18:18:02.846391 >> Cloud created! ID: #62
(ENTRY #123) 2022-02-20 18:18:03.717296 >> Cloud removed! ID: #62
(ENTRY #124) 2022-02-20 18:18:03.910536 >> Cloud created! ID: #63
(ENTRY #125) 2022-02-20 18:18:04.688060 >> Cloud removed! ID: #63
(ENTRY #126) 2022-02-20 18:18:04.749270 >> Cloud removed! ID: #63
(ENTRY #127) 2022-02-20 18:18:04.910599 >> Cloud created! ID: #64
(ENTRY #128) 2022-02-20 18:18:05.735841 >> Cloud removed! ID: #64
(ENTRY #129) 2022-02-20 18:18:05.999489 >> Cloud created! ID: #65
(ENTRY #130) 2022-02-20 18:18:06.948314 >> Cloud removed! ID: #65
(ENTRY #131) 2022-02-20 18:18:07.069839 >> Cloud created! ID: #66
(ENTRY #132) 2022-02-20 18:18:07.817150 >> Cloud removed! ID: #66
(ENTRY #133) 2022-02-20 18:18:08.069675 >> Cloud created! ID: #67
(ENTRY #134) 2022-02-20 18:18:08.768899 >> Cloud removed! ID: #67
(ENTRY #135) 2022-02-20 18:18:09.080861 >> Cloud created! ID: #68
(ENTRY #136) 2022-02-20 18:18:09.768614 >> Cloud removed! ID: #68
(ENTRY #137) 2022-02-20 18:18:09.996838 >> Cloud removed! ID: #68
(ENTRY #138) 2022-02-20 18:18:10.033451 >> Cloud removed! ID: #68
(ENTRY #139) 2022-02-20 18:18:10.106249 >> Cloud created! ID: #69
(ENTRY #140) 2022-02-20 18:18:10.806098 >> Cloud removed! ID: #69
(ENTRY #141) 2022-02-20 18:18:11.082428 >> Cloud removed! ID: #69
(ENTRY #142) 2022-02-20 18:18:11.118321 >> Cloud created! ID: #70
(ENTRY #143) 2022-02-20 18:18:12.082160 >> Cloud removed! ID: #70
(ENTRY #144) 2022-02-20 18:18:12.190219 >> Cloud created! ID: #71
(ENTRY #145) 2022-02-20 18:18:13.093160 >> Cloud removed! ID: #71
(ENTRY #146) 2022-02-20 18:18:13.273390 >> Cloud created! ID: #72
(ENTRY #147) 2022-02-20 18:18:14.318613 >> Cloud created! ID: #73
(ENTRY #148) 2022-02-20 18:18:15.354637 >> Cloud created! ID: #74
(ENTRY #149) 2022-02-20 18:18:16.114096 >> Cloud removed! ID: #74
(ENTRY #150) 2022-02-20 18:18:16.392694 >> Cloud created! ID: #75
(ENTRY #151) 2022-02-20 18:18:16.996520 >> Cloud removed! ID: #75
(ENTRY #152) 2022-02-20 18:18:17.543347 >> Cloud created! ID: #76
(ENTRY #153) 2022-02-20 18:18:18.546870 >> Cloud created! ID: #77
(ENTRY #154) 2022-02-20 18:18:19.294691 >> Cloud removed! ID: #77
(ENTRY #155) 2022-02-20 18:18:19.584802 >> Cloud created! ID: #78
(ENTRY #156) 2022-02-20 18:18:20.345664 >> Cloud removed! ID: #78
(ENTRY #157) 2022-02-20 18:18:20.913279 >> Cloud created! ID: #79
(ENTRY #158) 2022-02-20 18:18:21.383178 >> Cloud removed! ID: #79
(ENTRY #159) 2022-02-20 18:18:21.564442 >> Cloud removed! ID: #79
(ENTRY #160) 2022-02-20 18:18:21.986363 >> Cloud created! ID: #80
(ENTRY #161) 2022-02-20 18:18:22.421655 >> Cloud removed! ID: #80
(ENTRY #162) 2022-02-20 18:18:23.072370 >> Cloud created! ID: #81
(ENTRY #163) 2022-02-20 18:18:23.168694 >> Cloud removed! ID: #81
(ENTRY #164) 2022-02-20 18:18:23.604191 >> Cloud removed! ID: #81
(ENTRY #165) 2022-02-20 18:18:24.154672 >> Cloud created! ID: #82
(ENTRY #166) 2022-02-20 18:18:24.238405 >> Cloud removed! ID: #82
(ENTRY #167) 2022-02-20 18:18:24.563743 >> Cloud removed! ID: #82
(ENTRY #168) 2022-02-20 18:18:24.925666 >> Cloud removed! ID: #82
(ENTRY #169) 2022-02-20 18:18:25.172760 >> Cloud created! ID: #83
(ENTRY #170) 2022-02-20 18:18:26.197580 >> Cloud created! ID: #84
(ENTRY #171) 2022-02-20 18:18:27.205356 >> Cloud created! ID: #85
(ENTRY #172) 2022-02-20 18:18:28.189670 >> Cloud removed! ID: #85
(ENTRY #173) 2022-02-20 18:18:28.360816 >> Cloud created! ID: #86
(ENTRY #174) 2022-02-20 18:18:29.381019 >> Cloud created! ID: #87
(ENTRY #175) 2022-02-20 18:18:29.480781 >> Cloud removed! ID: #87
(ENTRY #176) 2022-02-20 18:18:30.435890 >> Cloud created! ID: #88
(ENTRY #177) 2022-02-20 18:18:30.839873 >> Cloud removed! ID: #88
(ENTRY #178) 2022-02-20 18:18:31.697067 >> Cloud created! ID: #89
(ENTRY #179) 2022-02-20 18:18:31.808179 >> Cloud removed! ID: #89
(ENTRY #180) 2022-02-20 18:18:32.706562 >> Cloud created! ID: #90
(ENTRY #181) 2022-02-20 18:18:32.893365 >> Cloud removed! ID: #90
(ENTRY #182) 2022-02-20 18:18:33.738860 >> Cloud created! ID: #91
(ENTRY #183) 2022-02-20 18:18:34.814761 >> Cloud created! ID: #92
(ENTRY #184) 2022-02-20 18:18:34.948273 >> Cloud removed! ID: #92
(ENTRY #185) 2022-02-20 18:18:35.827817 >> Cloud created! ID: #93
(ENTRY #186) 2022-02-20 18:18:35.923355 >> Cloud removed! ID: #93
(ENTRY #187) 2022-02-20 18:18:35.936352 >> Cloud removed! ID: #93
(ENTRY #188) 2022-02-20 18:18:36.836665 >> Cloud created! ID: #94
(ENTRY #189) 2022-02-20 18:18:36.880871 >> Cloud removed! ID: #94
(ENTRY #190) 2022-02-20 18:18:37.851583 >> Cloud created! ID: #95
(ENTRY #191) 2022-02-20 18:18:37.954470 >> Cloud removed! ID: #95
(ENTRY #192) 2022-02-20 18:18:38.883623 >> Cloud created! ID: #96
(ENTRY #193) 2022-02-20 18:18:39.928778 >> Cloud created! ID: #97
(ENTRY #194) 2022-02-20 18:18:40.055367 >> Cloud removed! ID: #97
(ENTRY #195) 2022-02-20 18:18:40.955612 >> Cloud created! ID: #98
(ENTRY #196) 2022-02-20 18:18:41.997168 >> Cloud created! ID: #99
(ENTRY #197) 2022-02-20 18:18:42.996894 >> Cloud removed! ID: #99
(ENTRY #198) 2022-02-20 18:18:43.035838 >> Cloud created! ID: #100
(ENTRY #199) 2022-02-20 18:18:43.171003 >> Cloud removed! ID: #100
(ENTRY #200) 2022-02-20 18:18:44.093202 >> Cloud created! ID: #101
(ENTRY #201) 2022-02-20 18:18:45.095042 >> Cloud created! ID: #102
(ENTRY #202) 2022-02-20 18:18:45.225849 >> Cloud removed! ID: #102
(ENTRY #203) 2022-02-20 18:18:45.226349 >> Cloud removed! ID: #102
(ENTRY #204) 2022-02-20 18:18:46.182092 >> Cloud created! ID: #103
(ENTRY #205) 2022-02-20 18:18:46.287846 >> Cloud removed! ID: #103
(ENTRY #206) 2022-02-20 18:18:46.300734 >> Cloud removed! ID: #103
(ENTRY #207) 2022-02-20 18:18:46.431853 >> Cloud removed! ID: #103
(ENTRY #208) 2022-02-20 18:18:47.260974 >> Cloud created! ID: #104
(ENTRY #209) 2022-02-20 18:18:47.343553 >> Cloud removed! ID: #104
(ENTRY #210) 2022-02-20 18:18:47.564147 >> Cloud removed! ID: #104
(ENTRY #211) 2022-02-20 18:18:48.337718 >> Cloud created! ID: #105
(ENTRY #212) 2022-02-20 18:18:48.377188 >> Cloud removed! ID: #105
(ENTRY #213) 2022-02-20 18:18:49.354696 >> Cloud created! ID: #106
(ENTRY #214) 2022-02-20 18:18:50.319787 >> Naval Warfare 2D Closed...
