Log for Naval Warfare 2D, intended for debugging purposes only! 

(ENTRY #1) 2022-03-10 12:26:02.667019 >> Initialized Log handler...
(ENTRY #2) 2022-03-10 12:26:04.192866 >> Initialized Warship handler...
(ENTRY #3) 2022-03-10 12:26:04.196840 >> Initialized Projectile handler...
(ENTRY #4) 2022-03-10 12:26:04.197831 >> Dumb-AI Entity created!
(ENTRY #5) 2022-03-10 12:26:04.200832 >> Dumb-AI Entity created!
(ENTRY #6) 2022-03-10 12:26:04.201866 >> Dumb-AI Entity created!
(ENTRY #7) 2022-03-10 12:26:04.203840 >> Dumb-AI Entity created!
(ENTRY #8) 2022-03-10 12:26:04.204861 >> Dumb-AI Entity created!
(ENTRY #9) 2022-03-10 12:26:04.206829 >> Dumb-AI Entity created!
(ENTRY #10) 2022-03-10 12:26:04.207830 >> Dumb-AI Entity created!
(ENTRY #11) 2022-03-10 12:26:04.212830 >> Dumb-AI Entity created!
(ENTRY #12) 2022-03-10 12:26:04.221830 >> Dumb-AI Entity created!
(ENTRY #13) 2022-03-10 12:26:04.225852 >> Dumb-AI Entity created!
(ENTRY #14) 2022-03-10 12:26:04.288832 >> Initialized GUI handler...
(ENTRY #15) 2022-03-10 12:26:04.289834 >> Starting Naval Warfare 2D...
(ENTRY #16) 2022-03-10 12:26:09.856020 >> Created Sprite for Player!
(ENTRY #17) 2022-03-10 12:26:09.856020 >> Finished initalizing!
(ENTRY #18) 2022-03-10 12:26:12.242654 >> Returning to menu!
(ENTRY #19) 2022-03-10 12:26:12.927105 >> Game resumed!
(ENTRY #20) 2022-03-10 12:26:12.940106 >> None
(ENTRY #21) 2022-03-10 12:26:12.941104 >> None
(ENTRY #22) 2022-03-10 12:26:12.941104 >> None
(ENTRY #23) 2022-03-10 12:26:12.941104 >> None
(ENTRY #24) 2022-03-10 12:26:12.941104 >> None
(ENTRY #25) 2022-03-10 12:26:12.941104 >> None
(ENTRY #26) 2022-03-10 12:26:12.941104 >> None
(ENTRY #27) 2022-03-10 12:26:12.941104 >> None
(ENTRY #28) 2022-03-10 12:26:12.941104 >> None
(ENTRY #29) 2022-03-10 12:26:12.941104 >> None
(ENTRY #30) 2022-03-10 12:26:12.947114 >> Cloud created! ID: #1
(ENTRY #31) 2022-03-10 12:26:12.947114 >> MOUSEPOS: (450.0, 449.75)
(ENTRY #32) 2022-03-10 12:26:12.947114 >> SLOPE CALC:None
(ENTRY #33) 2022-03-10 12:26:12.947114 >> Object lightRound has been created!
(ENTRY #34) 2022-03-10 12:26:12.948108 >> Protectile #2 has been created! Type: Light
(ENTRY #35) 2022-03-10 12:26:12.948108 >> Projectile created! ID: #2
(ENTRY #36) 2022-03-10 12:26:12.948108 >> MOUSEPOS: (450.0, 449.75)
(ENTRY #37) 2022-03-10 12:26:12.948108 >> SLOPE CALC:None
(ENTRY #38) 2022-03-10 12:26:12.948108 >> Object lightRound has been created!
(ENTRY #39) 2022-03-10 12:26:12.948108 >> Protectile #4 has been created! Type: Light
(ENTRY #40) 2022-03-10 12:26:12.948108 >> Projectile created! ID: #4
(ENTRY #41) 2022-03-10 12:26:12.949116 >> MOUSEPOS: (450.0, 449.75)
(ENTRY #42) 2022-03-10 12:26:12.949116 >> SLOPE CALC:None
(ENTRY #43) 2022-03-10 12:26:12.949116 >> Object lightRound has been created!
(ENTRY #44) 2022-03-10 12:26:12.949116 >> Protectile #6 has been created! Type: Light
(ENTRY #45) 2022-03-10 12:26:12.949116 >> Projectile created! ID: #6
(ENTRY #46) 2022-03-10 12:26:12.949116 >> MOUSEPOS: (450.0, 449.75)
(ENTRY #47) 2022-03-10 12:26:12.949116 >> SLOPE CALC:None
(ENTRY #48) 2022-03-10 12:26:12.949116 >> Object lightRound has been created!
(ENTRY #49) 2022-03-10 12:26:12.950113 >> Protectile #8 has been created! Type: Light
(ENTRY #50) 2022-03-10 12:26:12.950113 >> Projectile created! ID: #8
(ENTRY #51) 2022-03-10 12:26:12.950113 >> MOUSEPOS: (450.0, 449.75)
(ENTRY #52) 2022-03-10 12:26:12.950113 >> SLOPE CALC:None
(ENTRY #53) 2022-03-10 12:26:12.950113 >> Object lightRound has been created!
(ENTRY #54) 2022-03-10 12:26:12.950113 >> Protectile #10 has been created! Type: Light
(ENTRY #55) 2022-03-10 12:26:12.950113 >> Projectile created! ID: #10
(ENTRY #56) 2022-03-10 12:26:12.950113 >> MOUSEPOS: (450.0, 449.0)
(ENTRY #57) 2022-03-10 12:26:12.950113 >> SLOPE CALC:None
(ENTRY #58) 2022-03-10 12:26:12.950113 >> Object lightRound has been created!
(ENTRY #59) 2022-03-10 12:26:12.951104 >> Protectile #12 has been created! Type: Light
(ENTRY #60) 2022-03-10 12:26:12.951104 >> Projectile created! ID: #12
(ENTRY #61) 2022-03-10 12:26:12.951104 >> MOUSEPOS: (450.0, 449.0)
(ENTRY #62) 2022-03-10 12:26:12.951104 >> SLOPE CALC:None
(ENTRY #63) 2022-03-10 12:26:12.951104 >> Object lightRound has been created!
(ENTRY #64) 2022-03-10 12:26:12.951104 >> Protectile #14 has been created! Type: Light
(ENTRY #65) 2022-03-10 12:26:12.951104 >> Projectile created! ID: #14
(ENTRY #66) 2022-03-10 12:26:12.952115 >> MOUSEPOS: (450.0, 449.0)
(ENTRY #67) 2022-03-10 12:26:12.952115 >> SLOPE CALC:None
(ENTRY #68) 2022-03-10 12:26:12.952115 >> Object lightRound has been created!
(ENTRY #69) 2022-03-10 12:26:12.952115 >> Protectile #16 has been created! Type: Light
(ENTRY #70) 2022-03-10 12:26:12.952115 >> Projectile created! ID: #16
(ENTRY #71) 2022-03-10 12:26:12.952115 >> MOUSEPOS: (450.0, 449.0)
(ENTRY #72) 2022-03-10 12:26:12.952115 >> SLOPE CALC:None
(ENTRY #73) 2022-03-10 12:26:12.952115 >> Object lightRound has been created!
(ENTRY #74) 2022-03-10 12:26:12.953113 >> Protectile #18 has been created! Type: Light
(ENTRY #75) 2022-03-10 12:26:12.953113 >> Projectile created! ID: #18
(ENTRY #76) 2022-03-10 12:26:12.953113 >> MOUSEPOS: (450.0, 449.0)
(ENTRY #77) 2022-03-10 12:26:12.953113 >> SLOPE CALC:None
(ENTRY #78) 2022-03-10 12:26:12.953113 >> Object lightRound has been created!
(ENTRY #79) 2022-03-10 12:26:12.953113 >> Protectile #20 has been created! Type: Light
(ENTRY #80) 2022-03-10 12:26:12.953113 >> Projectile created! ID: #20
(ENTRY #81) 2022-03-10 12:26:12.953113 >> entity_1_0 and entity_1_1 have collided!
(ENTRY #82) 2022-03-10 12:26:12.953113 >> entity_1_0 and entity_1_2 have collided!
(ENTRY #83) 2022-03-10 12:26:12.953113 >> entity_1_0 and entity_1_3 have collided!
(ENTRY #84) 2022-03-10 12:26:12.953113 >> entity_1_0 and entity_1_4 have collided!
(ENTRY #85) 2022-03-10 12:26:12.953113 >> entity_1_0 and entity_2_0 have collided!
(ENTRY #86) 2022-03-10 12:26:12.953113 >> entity_1_0 and entity_2_1 have collided!
(ENTRY #87) 2022-03-10 12:26:12.953113 >> entity_1_0 and entity_2_2 have collided!
(ENTRY #88) 2022-03-10 12:26:12.953113 >> entity_1_0 and entity_2_3 have collided!
(ENTRY #89) 2022-03-10 12:26:12.953113 >> entity_1_0 and entity_2_4 have collided!
(ENTRY #90) 2022-03-10 12:26:12.953113 >> entity_1_1 and entity_1_0 have collided!
(ENTRY #91) 2022-03-10 12:26:12.953113 >> entity_1_1 and entity_1_2 have collided!
(ENTRY #92) 2022-03-10 12:26:12.953113 >> entity_1_1 and entity_1_3 have collided!
(ENTRY #93) 2022-03-10 12:26:12.953113 >> entity_1_1 and entity_1_4 have collided!
(ENTRY #94) 2022-03-10 12:26:12.953113 >> entity_1_1 and entity_2_0 have collided!
(ENTRY #95) 2022-03-10 12:26:12.953113 >> entity_1_1 and entity_2_1 have collided!
(ENTRY #96) 2022-03-10 12:26:12.953113 >> entity_1_1 and entity_2_2 have collided!
(ENTRY #97) 2022-03-10 12:26:12.953113 >> entity_1_1 and entity_2_3 have collided!
(ENTRY #98) 2022-03-10 12:26:12.953113 >> entity_1_1 and entity_2_4 have collided!
(ENTRY #99) 2022-03-10 12:26:12.953113 >> entity_1_2 and entity_1_0 have collided!
(ENTRY #100) 2022-03-10 12:26:12.953113 >> entity_1_2 and entity_1_1 have collided!
(ENTRY #101) 2022-03-10 12:26:12.953113 >> entity_1_2 and entity_1_3 have collided!
(ENTRY #102) 2022-03-10 12:26:12.953113 >> entity_1_2 and entity_1_4 have collided!
(ENTRY #103) 2022-03-10 12:26:12.954115 >> entity_1_2 and entity_2_0 have collided!
(ENTRY #104) 2022-03-10 12:26:12.954115 >> entity_1_2 and entity_2_1 have collided!
(ENTRY #105) 2022-03-10 12:26:12.954115 >> entity_1_2 and entity_2_2 have collided!
(ENTRY #106) 2022-03-10 12:26:12.954115 >> entity_1_2 and entity_2_3 have collided!
(ENTRY #107) 2022-03-10 12:26:12.954115 >> entity_1_2 and entity_2_4 have collided!
(ENTRY #108) 2022-03-10 12:26:12.954115 >> entity_1_3 and entity_1_0 have collided!
(ENTRY #109) 2022-03-10 12:26:12.954115 >> entity_1_3 and entity_1_1 have collided!
(ENTRY #110) 2022-03-10 12:26:12.954115 >> entity_1_3 and entity_1_2 have collided!
(ENTRY #111) 2022-03-10 12:26:12.954115 >> entity_1_3 and entity_1_4 have collided!
(ENTRY #112) 2022-03-10 12:26:12.954115 >> entity_1_3 and entity_2_0 have collided!
(ENTRY #113) 2022-03-10 12:26:12.954115 >> entity_1_3 and entity_2_1 have collided!
(ENTRY #114) 2022-03-10 12:26:12.954115 >> entity_1_3 and entity_2_2 have collided!
(ENTRY #115) 2022-03-10 12:26:12.954115 >> entity_1_3 and entity_2_3 have collided!
(ENTRY #116) 2022-03-10 12:26:12.954115 >> entity_1_3 and entity_2_4 have collided!
(ENTRY #117) 2022-03-10 12:26:12.954115 >> entity_1_4 and entity_1_0 have collided!
(ENTRY #118) 2022-03-10 12:26:12.954115 >> entity_1_4 and entity_1_1 have collided!
(ENTRY #119) 2022-03-10 12:26:12.954115 >> entity_1_4 and entity_1_2 have collided!
(ENTRY #120) 2022-03-10 12:26:12.954115 >> entity_1_4 and entity_1_3 have collided!
(ENTRY #121) 2022-03-10 12:26:12.954115 >> entity_1_4 and entity_2_0 have collided!
(ENTRY #122) 2022-03-10 12:26:12.954115 >> entity_1_4 and entity_2_1 have collided!
(ENTRY #123) 2022-03-10 12:26:12.954115 >> entity_1_4 and entity_2_2 have collided!
(ENTRY #124) 2022-03-10 12:26:12.954115 >> entity_1_4 and entity_2_3 have collided!
(ENTRY #125) 2022-03-10 12:26:12.954115 >> entity_1_4 and entity_2_4 have collided!
(ENTRY #126) 2022-03-10 12:26:12.954115 >> entity_2_0 and entity_1_0 have collided!
(ENTRY #127) 2022-03-10 12:26:12.954115 >> entity_2_0 and entity_1_1 have collided!
(ENTRY #128) 2022-03-10 12:26:12.954115 >> entity_2_0 and entity_1_2 have collided!
(ENTRY #129) 2022-03-10 12:26:12.954115 >> entity_2_0 and entity_1_3 have collided!
(ENTRY #130) 2022-03-10 12:26:12.954115 >> entity_2_0 and entity_1_4 have collided!
(ENTRY #131) 2022-03-10 12:26:12.954115 >> entity_2_0 and entity_2_1 have collided!
(ENTRY #132) 2022-03-10 12:26:12.954115 >> entity_2_0 and entity_2_2 have collided!
(ENTRY #133) 2022-03-10 12:26:12.954115 >> entity_2_0 and entity_2_3 have collided!
(ENTRY #134) 2022-03-10 12:26:12.954115 >> entity_2_0 and entity_2_4 have collided!
(ENTRY #135) 2022-03-10 12:26:12.954115 >> entity_2_1 and entity_1_0 have collided!
(ENTRY #136) 2022-03-10 12:26:12.954115 >> entity_2_1 and entity_1_1 have collided!
(ENTRY #137) 2022-03-10 12:26:12.954115 >> entity_2_1 and entity_1_2 have collided!
(ENTRY #138) 2022-03-10 12:26:12.954115 >> entity_2_1 and entity_1_3 have collided!
(ENTRY #139) 2022-03-10 12:26:12.954115 >> entity_2_1 and entity_1_4 have collided!
(ENTRY #140) 2022-03-10 12:26:12.954115 >> entity_2_1 and entity_2_0 have collided!
(ENTRY #141) 2022-03-10 12:26:12.954115 >> entity_2_1 and entity_2_2 have collided!
(ENTRY #142) 2022-03-10 12:26:12.954115 >> entity_2_1 and entity_2_3 have collided!
(ENTRY #143) 2022-03-10 12:26:12.954115 >> entity_2_1 and entity_2_4 have collided!
(ENTRY #144) 2022-03-10 12:26:12.954115 >> entity_2_2 and entity_1_0 have collided!
(ENTRY #145) 2022-03-10 12:26:12.954115 >> entity_2_2 and entity_1_1 have collided!
(ENTRY #146) 2022-03-10 12:26:12.954115 >> entity_2_2 and entity_1_2 have collided!
(ENTRY #147) 2022-03-10 12:26:12.954115 >> entity_2_2 and entity_1_3 have collided!
(ENTRY #148) 2022-03-10 12:26:12.954115 >> entity_2_2 and entity_1_4 have collided!
(ENTRY #149) 2022-03-10 12:26:12.954115 >> entity_2_2 and entity_2_0 have collided!
(ENTRY #150) 2022-03-10 12:26:12.954115 >> entity_2_2 and entity_2_1 have collided!
(ENTRY #151) 2022-03-10 12:26:12.954115 >> entity_2_2 and entity_2_3 have collided!
(ENTRY #152) 2022-03-10 12:26:12.954115 >> entity_2_2 and entity_2_4 have collided!
(ENTRY #153) 2022-03-10 12:26:12.954115 >> entity_2_3 and entity_1_0 have collided!
(ENTRY #154) 2022-03-10 12:26:12.954115 >> entity_2_3 and entity_1_1 have collided!
(ENTRY #155) 2022-03-10 12:26:12.954115 >> entity_2_3 and entity_1_2 have collided!
(ENTRY #156) 2022-03-10 12:26:12.954115 >> entity_2_3 and entity_1_3 have collided!
(ENTRY #157) 2022-03-10 12:26:12.954115 >> entity_2_3 and entity_1_4 have collided!
(ENTRY #158) 2022-03-10 12:26:12.954115 >> entity_2_3 and entity_2_0 have collided!
(ENTRY #159) 2022-03-10 12:26:12.954115 >> entity_2_3 and entity_2_1 have collided!
(ENTRY #160) 2022-03-10 12:26:12.954115 >> entity_2_3 and entity_2_2 have collided!
(ENTRY #161) 2022-03-10 12:26:12.954115 >> entity_2_3 and entity_2_4 have collided!
(ENTRY #162) 2022-03-10 12:26:12.954115 >> entity_2_4 and entity_1_0 have collided!
(ENTRY #163) 2022-03-10 12:26:12.954115 >> entity_2_4 and entity_1_1 have collided!
(ENTRY #164) 2022-03-10 12:26:12.954115 >> entity_2_4 and entity_1_2 have collided!
(ENTRY #165) 2022-03-10 12:26:12.954115 >> entity_2_4 and entity_1_3 have collided!
(ENTRY #166) 2022-03-10 12:26:12.954115 >> entity_2_4 and entity_1_4 have collided!
(ENTRY #167) 2022-03-10 12:26:12.954115 >> entity_2_4 and entity_2_0 have collided!
(ENTRY #168) 2022-03-10 12:26:12.954115 >> entity_2_4 and entity_2_1 have collided!
(ENTRY #169) 2022-03-10 12:26:12.954115 >> entity_2_4 and entity_2_2 have collided!
(ENTRY #170) 2022-03-10 12:26:12.954115 >> entity_2_4 and entity_2_3 have collided!
(ENTRY #171) 2022-03-10 12:26:12.954115 >> Projectile has hit!
(ENTRY #172) 2022-03-10 12:26:12.954115 >> Projectile has hit!
(ENTRY #173) 2022-03-10 12:26:12.954115 >> Projectile has hit!
(ENTRY #174) 2022-03-10 12:26:12.954115 >> Projectile has hit!
(ENTRY #175) 2022-03-10 12:26:12.954115 >> Projectile has hit!
(ENTRY #176) 2022-03-10 12:26:12.954115 >> Projectile has hit!
(ENTRY #177) 2022-03-10 12:26:12.954115 >> Projectile has hit!
(ENTRY #178) 2022-03-10 12:26:12.954115 >> Projectile has hit!
(ENTRY #179) 2022-03-10 12:26:12.954115 >> Projectile has hit!
(ENTRY #180) 2022-03-10 12:26:12.954115 >> Projectile has hit!
(ENTRY #181) 2022-03-10 12:26:12.954115 >> Projectile has hit!
(ENTRY #182) 2022-03-10 12:26:12.954115 >> Projectile has hit!
(ENTRY #183) 2022-03-10 12:26:12.954115 >> Projectile has hit!
(ENTRY #184) 2022-03-10 12:26:12.955105 >> Projectile has hit!
(ENTRY #185) 2022-03-10 12:26:12.955105 >> Projectile has hit!
(ENTRY #186) 2022-03-10 12:26:12.955105 >> Projectile has hit!
(ENTRY #187) 2022-03-10 12:26:12.955105 >> Projectile has hit!
(ENTRY #188) 2022-03-10 12:26:12.955105 >> Projectile has hit!
(ENTRY #189) 2022-03-10 12:26:12.955105 >> Projectile has hit!
(ENTRY #190) 2022-03-10 12:26:12.955105 >> Projectile has hit!
(ENTRY #191) 2022-03-10 12:26:12.955105 >> Projectile has hit!
(ENTRY #192) 2022-03-10 12:26:12.955105 >> Projectile has hit!
(ENTRY #193) 2022-03-10 12:26:12.955105 >> Projectile has hit!
(ENTRY #194) 2022-03-10 12:26:12.955105 >> Projectile has hit!
(ENTRY #195) 2022-03-10 12:26:12.955105 >> Projectile has hit!
(ENTRY #196) 2022-03-10 12:26:12.955105 >> Projectile has hit!
(ENTRY #197) 2022-03-10 12:26:12.955105 >> Projectile has hit!
(ENTRY #198) 2022-03-10 12:26:12.955105 >> Projectile has hit!
(ENTRY #199) 2022-03-10 12:26:12.955105 >> Projectile has hit!
(ENTRY #200) 2022-03-10 12:26:12.955105 >> Projectile has hit!
(ENTRY #201) 2022-03-10 12:26:12.955105 >> Projectile has hit!
(ENTRY #202) 2022-03-10 12:26:12.955105 >> Projectile has hit!
(ENTRY #203) 2022-03-10 12:26:12.955105 >> Projectile has hit!
(ENTRY #204) 2022-03-10 12:26:12.955105 >> Projectile has hit!
(ENTRY #205) 2022-03-10 12:26:12.955105 >> Projectile has hit!
(ENTRY #206) 2022-03-10 12:26:12.955105 >> Projectile has hit!
(ENTRY #207) 2022-03-10 12:26:12.955105 >> Projectile has hit!
(ENTRY #208) 2022-03-10 12:26:12.955105 >> Projectile has hit!
(ENTRY #209) 2022-03-10 12:26:12.955105 >> Projectile has hit!
(ENTRY #210) 2022-03-10 12:26:12.955105 >> Projectile has hit!
(ENTRY #211) 2022-03-10 12:26:12.955105 >> Projectile has hit!
(ENTRY #212) 2022-03-10 12:26:12.955105 >> Projectile has hit!
(ENTRY #213) 2022-03-10 12:26:12.955105 >> Projectile has hit!
(ENTRY #214) 2022-03-10 12:26:12.955105 >> Projectile has hit!
(ENTRY #215) 2022-03-10 12:26:12.955105 >> Projectile has hit!
(ENTRY #216) 2022-03-10 12:26:12.955105 >> Projectile has hit!
(ENTRY #217) 2022-03-10 12:26:12.955105 >> Projectile has hit!
(ENTRY #218) 2022-03-10 12:26:12.955105 >> Projectile has hit!
(ENTRY #219) 2022-03-10 12:26:12.955105 >> Projectile has hit!
(ENTRY #220) 2022-03-10 12:26:12.955105 >> Projectile has hit!
(ENTRY #221) 2022-03-10 12:26:12.955105 >> Projectile has hit!
(ENTRY #222) 2022-03-10 12:26:12.955105 >> Projectile has hit!
(ENTRY #223) 2022-03-10 12:26:12.955105 >> Projectile has hit!
(ENTRY #224) 2022-03-10 12:26:12.955105 >> Projectile has hit!
(ENTRY #225) 2022-03-10 12:26:12.955105 >> Projectile has hit!
(ENTRY #226) 2022-03-10 12:26:12.955105 >> Projectile has hit!
(ENTRY #227) 2022-03-10 12:26:12.955105 >> Projectile has hit!
(ENTRY #228) 2022-03-10 12:26:12.955105 >> Projectile has hit!
(ENTRY #229) 2022-03-10 12:26:12.955105 >> Projectile has hit!
(ENTRY #230) 2022-03-10 12:26:12.955105 >> Projectile has hit!
(ENTRY #231) 2022-03-10 12:26:12.955105 >> Projectile has hit!
(ENTRY #232) 2022-03-10 12:26:12.955105 >> Projectile has hit!
(ENTRY #233) 2022-03-10 12:26:12.955105 >> Projectile has hit!
(ENTRY #234) 2022-03-10 12:26:12.955105 >> Projectile has hit!
(ENTRY #235) 2022-03-10 12:26:12.955105 >> Projectile has hit!
(ENTRY #236) 2022-03-10 12:26:12.955105 >> Projectile has hit!
(ENTRY #237) 2022-03-10 12:26:12.955105 >> Projectile has hit!
(ENTRY #238) 2022-03-10 12:26:12.955105 >> Projectile has hit!
(ENTRY #239) 2022-03-10 12:26:12.955105 >> Projectile has hit!
(ENTRY #240) 2022-03-10 12:26:12.955105 >> Projectile has hit!
(ENTRY #241) 2022-03-10 12:26:12.955105 >> Projectile has hit!
(ENTRY #242) 2022-03-10 12:26:12.955105 >> Projectile has hit!
(ENTRY #243) 2022-03-10 12:26:12.955105 >> Projectile has hit!
(ENTRY #244) 2022-03-10 12:26:12.955105 >> Projectile has hit!
(ENTRY #245) 2022-03-10 12:26:12.955105 >> Projectile has hit!
(ENTRY #246) 2022-03-10 12:26:12.955105 >> Projectile has hit!
(ENTRY #247) 2022-03-10 12:26:12.956108 >> Projectile has hit!
(ENTRY #248) 2022-03-10 12:26:12.956108 >> Projectile has hit!
(ENTRY #249) 2022-03-10 12:26:12.956108 >> Projectile has hit!
(ENTRY #250) 2022-03-10 12:26:12.956108 >> Projectile has hit!
(ENTRY #251) 2022-03-10 12:26:12.956108 >> Projectile has hit!
(ENTRY #252) 2022-03-10 12:26:12.956108 >> Projectile has hit!
(ENTRY #253) 2022-03-10 12:26:12.956108 >> Projectile has hit!
(ENTRY #254) 2022-03-10 12:26:12.956108 >> Projectile has hit!
(ENTRY #255) 2022-03-10 12:26:12.956108 >> Projectile has hit!
(ENTRY #256) 2022-03-10 12:26:12.956108 >> Projectile has hit!
(ENTRY #257) 2022-03-10 12:26:12.956108 >> Projectile has hit!
(ENTRY #258) 2022-03-10 12:26:12.956108 >> Projectile has hit!
(ENTRY #259) 2022-03-10 12:26:12.956108 >> Projectile has hit!
(ENTRY #260) 2022-03-10 12:26:12.956108 >> Projectile has hit!
(ENTRY #261) 2022-03-10 12:26:12.956108 >> Projectile removed!
(ENTRY #262) 2022-03-10 12:26:12.956108 >> Projectile removed!
(ENTRY #263) 2022-03-10 12:26:12.956108 >> Projectile removed!
(ENTRY #264) 2022-03-10 12:26:12.956108 >> Projectile removed!
(ENTRY #265) 2022-03-10 12:26:12.956108 >> Projectile removed!
(ENTRY #266) 2022-03-10 12:26:12.956108 >> Projectile removed!
(ENTRY #267) 2022-03-10 12:26:12.956108 >> Projectile removed!
(ENTRY #268) 2022-03-10 12:26:12.956108 >> Projectile removed!
(ENTRY #269) 2022-03-10 12:26:12.956108 >> Projectile removed!
(ENTRY #270) 2022-03-10 12:26:12.956108 >> Projectile removed!
(ENTRY #271) 2022-03-10 12:26:14.097381 >> Cloud created! ID: #2
(ENTRY #272) 2022-03-10 12:26:14.497447 >> MOUSEPOS: (123, 175)
(ENTRY #273) 2022-03-10 12:26:14.497447 >> SLOPE CALC:None
(ENTRY #274) 2022-03-10 12:26:14.497447 >> LIN CALC FIN: 412.51458717726837
(ENTRY #275) 2022-03-10 12:26:14.497447 >> LIN CALC RAW: 487.48541282273163
(ENTRY #276) 2022-03-10 12:26:14.497447 >> Above!
(ENTRY #277) 2022-03-10 12:26:14.497447 >> Object lightRound has been created!
(ENTRY #278) 2022-03-10 12:26:14.498448 >> Protectile #22 has been created! Type: Light
(ENTRY #279) 2022-03-10 12:26:14.498448 >> Projectile created! ID: #22
(ENTRY #280) 2022-03-10 12:26:14.772488 >> MOUSEPOS: (129, 175)
(ENTRY #281) 2022-03-10 12:26:14.772488 >> SLOPE CALC:None
(ENTRY #282) 2022-03-10 12:26:14.773483 >> LIN CALC FIN: 403.51540532560557
(ENTRY #283) 2022-03-10 12:26:14.773483 >> LIN CALC RAW: 496.48459467439443
(ENTRY #284) 2022-03-10 12:26:14.773483 >> Above!
(ENTRY #285) 2022-03-10 12:26:15.169538 >> Cloud created! ID: #3
(ENTRY #286) 2022-03-10 12:26:15.761341 >> MOUSEPOS: (140, 171)
(ENTRY #287) 2022-03-10 12:26:15.761341 >> SLOPE CALC:None
(ENTRY #288) 2022-03-10 12:26:15.761341 >> LIN CALC FIN: 385.47442708184315
(ENTRY #289) 2022-03-10 12:26:15.761341 >> LIN CALC RAW: 514.5255729181569
(ENTRY #290) 2022-03-10 12:26:15.761341 >> Above!
(ENTRY #291) 2022-03-10 12:26:15.761341 >> Object lightRound has been created!
(ENTRY #292) 2022-03-10 12:26:15.762343 >> Protectile #24 has been created! Type: Light
(ENTRY #293) 2022-03-10 12:26:15.762343 >> Projectile created! ID: #24
(ENTRY #294) 2022-03-10 12:26:16.085892 >> MOUSEPOS: (140, 171)
(ENTRY #295) 2022-03-10 12:26:16.085892 >> SLOPE CALC:None
(ENTRY #296) 2022-03-10 12:26:16.085892 >> LIN CALC FIN: 384.60206099445634
(ENTRY #297) 2022-03-10 12:26:16.085892 >> LIN CALC RAW: 515.3979390055437
(ENTRY #298) 2022-03-10 12:26:16.085892 >> Above!
(ENTRY #299) 2022-03-10 12:26:16.211245 >> Cloud created! ID: #4
(ENTRY #300) 2022-03-10 12:26:16.521240 >> MOUSEPOS: (140, 171)
(ENTRY #301) 2022-03-10 12:26:16.521240 >> SLOPE CALC:None
(ENTRY #302) 2022-03-10 12:26:16.521240 >> LIN CALC FIN: 384.49414345836544
(ENTRY #303) 2022-03-10 12:26:16.521240 >> LIN CALC RAW: 515.5058565416346
(ENTRY #304) 2022-03-10 12:26:16.521240 >> Above!
(ENTRY #305) 2022-03-10 12:26:16.758367 >> MOUSEPOS: (140, 171)
(ENTRY #306) 2022-03-10 12:26:16.759376 >> SLOPE CALC:None
(ENTRY #307) 2022-03-10 12:26:16.759376 >> LIN CALC FIN: 384.9332222652106
(ENTRY #308) 2022-03-10 12:26:16.759376 >> LIN CALC RAW: 515.0667777347894
(ENTRY #309) 2022-03-10 12:26:16.759376 >> Above!
(ENTRY #310) 2022-03-10 12:26:17.030632 >> MOUSEPOS: (140, 171)
(ENTRY #311) 2022-03-10 12:26:17.030632 >> SLOPE CALC:None
(ENTRY #312) 2022-03-10 12:26:17.030632 >> LIN CALC FIN: 385.9147981201602
(ENTRY #313) 2022-03-10 12:26:17.030632 >> LIN CALC RAW: 514.0852018798398
(ENTRY #314) 2022-03-10 12:26:17.030632 >> Above!
(ENTRY #315) 2022-03-10 12:26:17.030632 >> Object lightRound has been created!
(ENTRY #316) 2022-03-10 12:26:17.031632 >> Protectile #26 has been created! Type: Light
(ENTRY #317) 2022-03-10 12:26:17.031632 >> Projectile created! ID: #26
(ENTRY #318) 2022-03-10 12:26:17.233580 >> MOUSEPOS: (140, 171)
(ENTRY #319) 2022-03-10 12:26:17.233580 >> SLOPE CALC:None
(ENTRY #320) 2022-03-10 12:26:17.233580 >> LIN CALC FIN: 386.9290311843555
(ENTRY #321) 2022-03-10 12:26:17.233580 >> LIN CALC RAW: 513.0709688156445
(ENTRY #322) 2022-03-10 12:26:17.233580 >> Above!
(ENTRY #323) 2022-03-10 12:26:17.250116 >> Cloud created! ID: #5
(ENTRY #324) 2022-03-10 12:26:17.431999 >> MOUSEPOS: (140, 171)
(ENTRY #325) 2022-03-10 12:26:17.432999 >> SLOPE CALC:None
(ENTRY #326) 2022-03-10 12:26:17.432999 >> LIN CALC FIN: 388.08942958084685
(ENTRY #327) 2022-03-10 12:26:17.432999 >> LIN CALC RAW: 511.91057041915315
(ENTRY #328) 2022-03-10 12:26:17.432999 >> Above!
(ENTRY #329) 2022-03-10 12:26:17.670160 >> MOUSEPOS: (140, 171)
(ENTRY #330) 2022-03-10 12:26:17.670160 >> SLOPE CALC:None
(ENTRY #331) 2022-03-10 12:26:17.670160 >> LIN CALC FIN: 389.8375675915463
(ENTRY #332) 2022-03-10 12:26:17.670160 >> LIN CALC RAW: 510.1624324084537
(ENTRY #333) 2022-03-10 12:26:17.670160 >> Above!
(ENTRY #334) 2022-03-10 12:26:17.814147 >> Projectile removed!
(ENTRY #335) 2022-03-10 12:26:17.926134 >> MOUSEPOS: (140, 171)
(ENTRY #336) 2022-03-10 12:26:17.926134 >> SLOPE CALC:None
(ENTRY #337) 2022-03-10 12:26:17.926134 >> LIN CALC FIN: 392.05878224954563
(ENTRY #338) 2022-03-10 12:26:17.926134 >> LIN CALC RAW: 507.94121775045437
(ENTRY #339) 2022-03-10 12:26:17.926134 >> Above!
(ENTRY #340) 2022-03-10 12:26:18.219330 >> MOUSEPOS: (140, 171)
(ENTRY #341) 2022-03-10 12:26:18.219330 >> SLOPE CALC:None
(ENTRY #342) 2022-03-10 12:26:18.219330 >> LIN CALC FIN: 390.4682345492066
(ENTRY #343) 2022-03-10 12:26:18.219330 >> LIN CALC RAW: 509.5317654507934
(ENTRY #344) 2022-03-10 12:26:18.219330 >> Above!
(ENTRY #345) 2022-03-10 12:26:18.219330 >> Object lightRound has been created!
(ENTRY #346) 2022-03-10 12:26:18.219330 >> Protectile #28 has been created! Type: Light
(ENTRY #347) 2022-03-10 12:26:18.219330 >> Projectile created! ID: #28
(ENTRY #348) 2022-03-10 12:26:18.472704 >> Cloud created! ID: #6
(ENTRY #349) 2022-03-10 12:26:18.536027 >> MOUSEPOS: (140, 171)
(ENTRY #350) 2022-03-10 12:26:18.536027 >> SLOPE CALC:None
(ENTRY #351) 2022-03-10 12:26:18.536027 >> LIN CALC FIN: 384.4981719384476
(ENTRY #352) 2022-03-10 12:26:18.536027 >> LIN CALC RAW: 515.5018280615524
(ENTRY #353) 2022-03-10 12:26:18.536027 >> Above!
(ENTRY #354) 2022-03-10 12:26:19.031380 >> Projectile removed!
(ENTRY #355) 2022-03-10 12:26:19.616531 >> Cloud created! ID: #7
(ENTRY #356) 2022-03-10 12:26:20.198466 >> Projectile removed!
(ENTRY #357) 2022-03-10 12:26:20.638701 >> Cloud created! ID: #8
(ENTRY #358) 2022-03-10 12:26:21.246434 >> Projectile removed!
(ENTRY #359) 2022-03-10 12:26:21.789251 >> Cloud created! ID: #9
(ENTRY #360) 2022-03-10 12:26:23.113233 >> Cloud created! ID: #10
(ENTRY #361) 2022-03-10 12:26:24.169839 >> Cloud created! ID: #11
(ENTRY #362) 2022-03-10 12:26:25.262363 >> Cloud created! ID: #12
(ENTRY #363) 2022-03-10 12:26:26.319371 >> Cloud created! ID: #13
(ENTRY #364) 2022-03-10 12:26:27.323945 >> Cloud created! ID: #14
(ENTRY #365) 2022-03-10 12:26:28.336920 >> Cloud created! ID: #15
(ENTRY #366) 2022-03-10 12:26:28.941777 >> Cloud removed! ID: #15
(ENTRY #367) 2022-03-10 12:26:29.377562 >> Cloud created! ID: #16
(ENTRY #368) 2022-03-10 12:26:30.043707 >> Cloud removed! ID: #16
(ENTRY #369) 2022-03-10 12:26:30.398920 >> Cloud created! ID: #17
(ENTRY #370) 2022-03-10 12:26:31.014564 >> Cloud removed! ID: #17
(ENTRY #371) 2022-03-10 12:26:31.506297 >> Cloud created! ID: #18
(ENTRY #372) 2022-03-10 12:26:31.959256 >> Cloud removed! ID: #18
(ENTRY #373) 2022-03-10 12:26:32.513254 >> Cloud created! ID: #19
(ENTRY #374) 2022-03-10 12:26:32.901783 >> Cloud removed! ID: #19
(ENTRY #375) 2022-03-10 12:26:33.566329 >> Cloud created! ID: #20
(ENTRY #376) 2022-03-10 12:26:33.941948 >> Cloud removed! ID: #20
(ENTRY #377) 2022-03-10 12:26:34.665673 >> Cloud created! ID: #21
(ENTRY #378) 2022-03-10 12:26:34.944638 >> Cloud removed! ID: #21
(ENTRY #379) 2022-03-10 12:26:35.729778 >> Cloud created! ID: #22
(ENTRY #380) 2022-03-10 12:26:35.845366 >> Cloud removed! ID: #22
(ENTRY #381) 2022-03-10 12:26:36.733308 >> Cloud created! ID: #23
(ENTRY #382) 2022-03-10 12:26:36.995281 >> Cloud removed! ID: #23
(ENTRY #383) 2022-03-10 12:26:37.805150 >> Cloud created! ID: #24
(ENTRY #384) 2022-03-10 12:26:38.314269 >> Cloud removed! ID: #24
(ENTRY #385) 2022-03-10 12:26:38.992381 >> Cloud created! ID: #25
(ENTRY #386) 2022-03-10 12:26:39.385151 >> Cloud removed! ID: #25
(ENTRY #387) 2022-03-10 12:26:40.036781 >> Cloud created! ID: #26
(ENTRY #388) 2022-03-10 12:26:40.445755 >> Cloud removed! ID: #26
(ENTRY #389) 2022-03-10 12:26:41.105378 >> Cloud created! ID: #27
(ENTRY #390) 2022-03-10 12:26:41.608701 >> Cloud removed! ID: #27
(ENTRY #391) 2022-03-10 12:26:42.170003 >> Cloud created! ID: #28
(ENTRY #392) 2022-03-10 12:26:42.639818 >> Cloud removed! ID: #28
(ENTRY #393) 2022-03-10 12:26:43.237121 >> Cloud created! ID: #29
(ENTRY #394) 2022-03-10 12:26:43.724868 >> Cloud removed! ID: #29
(ENTRY #395) 2022-03-10 12:26:44.271161 >> Cloud created! ID: #30
(ENTRY #396) 2022-03-10 12:26:44.789092 >> Cloud removed! ID: #30
(ENTRY #397) 2022-03-10 12:26:45.296087 >> Cloud created! ID: #31
(ENTRY #398) 2022-03-10 12:26:45.655711 >> Opened Debug Menu!
(ENTRY #399) 2022-03-10 12:26:45.976724 >> Cloud removed! ID: #31
(ENTRY #400) 2022-03-10 12:26:46.322807 >> Cloud created! ID: #32
(ENTRY #401) 2022-03-10 12:26:47.101544 >> Cloud removed! ID: #32
(ENTRY #402) 2022-03-10 12:26:47.334103 >> Cloud created! ID: #33
(ENTRY #403) 2022-03-10 12:26:48.123409 >> Cloud removed! ID: #33
(ENTRY #404) 2022-03-10 12:26:48.343714 >> Cloud created! ID: #34
(ENTRY #405) 2022-03-10 12:26:49.176958 >> Cloud removed! ID: #34
(ENTRY #406) 2022-03-10 12:26:49.356692 >> Cloud created! ID: #35
(ENTRY #407) 2022-03-10 12:26:50.326616 >> Cloud removed! ID: #35
(ENTRY #408) 2022-03-10 12:26:50.436588 >> Cloud created! ID: #36
(ENTRY #409) 2022-03-10 12:26:51.405406 >> Cloud removed! ID: #36
(ENTRY #410) 2022-03-10 12:26:51.461806 >> Cloud created! ID: #37
(ENTRY #411) 2022-03-10 12:26:52.415576 >> Cloud removed! ID: #37
(ENTRY #412) 2022-03-10 12:26:52.555538 >> Cloud created! ID: #38
(ENTRY #413) 2022-03-10 12:26:53.563775 >> Cloud created! ID: #39
(ENTRY #414) 2022-03-10 12:26:53.592980 >> Cloud removed! ID: #39
(ENTRY #415) 2022-03-10 12:26:54.611099 >> Cloud created! ID: #40
(ENTRY #416) 2022-03-10 12:26:54.782290 >> Cloud removed! ID: #40
(ENTRY #417) 2022-03-10 12:26:55.756085 >> Cloud created! ID: #41
(ENTRY #418) 2022-03-10 12:26:55.814116 >> Cloud removed! ID: #41
(ENTRY #419) 2022-03-10 12:26:56.770518 >> Cloud created! ID: #42
(ENTRY #420) 2022-03-10 12:26:56.828545 >> Cloud removed! ID: #42
(ENTRY #421) 2022-03-10 12:26:57.775994 >> Cloud created! ID: #43
(ENTRY #422) 2022-03-10 12:26:57.850996 >> Cloud removed! ID: #43
(ENTRY #423) 2022-03-10 12:26:58.822822 >> Cloud created! ID: #44
(ENTRY #424) 2022-03-10 12:26:58.837382 >> Cloud removed! ID: #44
(ENTRY #425) 2022-03-10 12:26:59.814791 >> Cloud removed! ID: #44
(ENTRY #426) 2022-03-10 12:26:59.938806 >> Cloud created! ID: #45
(ENTRY #427) 2022-03-10 12:27:00.796373 >> Cloud removed! ID: #45
(ENTRY #428) 2022-03-10 12:27:00.975374 >> Cloud created! ID: #46
(ENTRY #429) 2022-03-10 12:27:01.727796 >> Cloud removed! ID: #46
(ENTRY #430) 2022-03-10 12:27:02.014770 >> Cloud created! ID: #47
(ENTRY #431) 2022-03-10 12:27:02.754845 >> Cloud removed! ID: #47
(ENTRY #432) 2022-03-10 12:27:03.063386 >> Cloud created! ID: #48
(ENTRY #433) 2022-03-10 12:27:03.762137 >> Cloud removed! ID: #48
(ENTRY #434) 2022-03-10 12:27:04.108182 >> Cloud created! ID: #49
(ENTRY #435) 2022-03-10 12:27:04.765177 >> Cloud removed! ID: #49
(ENTRY #436) 2022-03-10 12:27:05.142262 >> Cloud created! ID: #50
(ENTRY #437) 2022-03-10 12:27:05.830797 >> Cloud removed! ID: #50
(ENTRY #438) 2022-03-10 12:27:06.185163 >> Cloud created! ID: #51
(ENTRY #439) 2022-03-10 12:27:06.853297 >> Cloud removed! ID: #51
(ENTRY #440) 2022-03-10 12:27:07.206328 >> Cloud created! ID: #52
(ENTRY #441) 2022-03-10 12:27:07.985423 >> Cloud removed! ID: #52
(ENTRY #442) 2022-03-10 12:27:08.221483 >> Cloud created! ID: #53
(ENTRY #443) 2022-03-10 12:27:08.918378 >> Cloud removed! ID: #53
(ENTRY #444) 2022-03-10 12:27:09.373046 >> Cloud created! ID: #54
(ENTRY #445) 2022-03-10 12:27:09.990224 >> Cloud removed! ID: #54
(ENTRY #446) 2022-03-10 12:27:10.537868 >> Cloud created! ID: #55
(ENTRY #447) 2022-03-10 12:27:11.122409 >> Cloud removed! ID: #55
(ENTRY #448) 2022-03-10 12:27:11.594126 >> Cloud created! ID: #56
(ENTRY #449) 2022-03-10 12:27:12.140277 >> Cloud removed! ID: #56
(ENTRY #450) 2022-03-10 12:27:12.639595 >> Cloud created! ID: #57
(ENTRY #451) 2022-03-10 12:27:13.156284 >> Cloud removed! ID: #57
(ENTRY #452) 2022-03-10 12:27:13.729979 >> Cloud created! ID: #58
(ENTRY #453) 2022-03-10 12:27:14.190654 >> Cloud removed! ID: #58
(ENTRY #454) 2022-03-10 12:27:14.910807 >> Cloud created! ID: #59
(ENTRY #455) 2022-03-10 12:27:15.300891 >> Cloud removed! ID: #59
(ENTRY #456) 2022-03-10 12:27:15.977578 >> Cloud created! ID: #60
(ENTRY #457) 2022-03-10 12:27:16.353326 >> Cloud removed! ID: #60
(ENTRY #458) 2022-03-10 12:27:17.089582 >> Cloud created! ID: #61
(ENTRY #459) 2022-03-10 12:27:17.446963 >> Cloud removed! ID: #61
(ENTRY #460) 2022-03-10 12:27:18.114093 >> Cloud created! ID: #62
(ENTRY #461) 2022-03-10 12:27:18.511339 >> Cloud removed! ID: #62
(ENTRY #462) 2022-03-10 12:27:19.133139 >> Cloud created! ID: #63
(ENTRY #463) 2022-03-10 12:27:19.548808 >> Cloud removed! ID: #63
(ENTRY #464) 2022-03-10 12:27:20.140399 >> Cloud created! ID: #64
(ENTRY #465) 2022-03-10 12:27:20.568417 >> Cloud removed! ID: #64
(ENTRY #466) 2022-03-10 12:27:21.263260 >> Cloud created! ID: #65
(ENTRY #467) 2022-03-10 12:27:21.622273 >> Cloud removed! ID: #65
(ENTRY #468) 2022-03-10 12:27:22.379840 >> Cloud created! ID: #66
(ENTRY #469) 2022-03-10 12:27:22.610881 >> Cloud removed! ID: #66
(ENTRY #470) 2022-03-10 12:27:23.592705 >> Cloud created! ID: #67
(ENTRY #471) 2022-03-10 12:27:23.620953 >> Cloud removed! ID: #67
(ENTRY #472) 2022-03-10 12:27:24.663290 >> Cloud created! ID: #68
(ENTRY #473) 2022-03-10 12:27:24.743605 >> Cloud removed! ID: #68
(ENTRY #474) 2022-03-10 12:27:25.667872 >> Cloud created! ID: #69
(ENTRY #475) 2022-03-10 12:27:25.859176 >> Cloud removed! ID: #69
(ENTRY #476) 2022-03-10 12:27:26.688727 >> Cloud created! ID: #70
(ENTRY #477) 2022-03-10 12:27:26.935277 >> Cloud removed! ID: #70
(ENTRY #478) 2022-03-10 12:27:27.711835 >> Cloud created! ID: #71
(ENTRY #479) 2022-03-10 12:27:27.996854 >> Cloud removed! ID: #71
(ENTRY #480) 2022-03-10 12:27:28.837248 >> Cloud created! ID: #72
(ENTRY #481) 2022-03-10 12:27:29.116566 >> Cloud removed! ID: #72
(ENTRY #482) 2022-03-10 12:27:29.859526 >> Cloud created! ID: #73
(ENTRY #483) 2022-03-10 12:27:30.308523 >> Returning to menu!
(ENTRY #484) 2022-03-10 12:27:30.441935 >> Cloud removed! ID: #73
(ENTRY #485) 2022-03-10 12:27:30.859834 >> Cloud created! ID: #74
(ENTRY #486) 2022-03-10 12:27:31.484234 >> Cloud removed! ID: #74
(ENTRY #487) 2022-03-10 12:27:31.903617 >> Cloud created! ID: #75
(ENTRY #488) 2022-03-10 12:27:32.635334 >> Cloud removed! ID: #75
(ENTRY #489) 2022-03-10 12:27:33.092180 >> Cloud created! ID: #76
(ENTRY #490) 2022-03-10 12:27:34.358422 >> Naval Warfare 2D Closed...
