Log for Naval Warfare 2D, intended for debugging purposes only! 

(ENTRY #1) 2022-02-19 18:47:52.129933 >> Initialized Log handler...
(ENTRY #2) 2022-02-19 18:47:52.397933 >> Initialized Warship handler...
(ENTRY #3) 2022-02-19 18:47:52.409931 >> Initialized GUI handler...
(ENTRY #4) 2022-02-19 18:47:52.409931 >> Starting Naval Warfare 2D...
(ENTRY #5) 2022-02-19 18:47:52.608965 >> Created Sprite for Player!
(ENTRY #6) 2022-02-19 18:47:52.608965 >> Finished initalizingw!
(ENTRY #7) 2022-02-19 18:47:54.140225 >> Game resumed!
(ENTRY #8) 2022-02-19 18:47:54.152326 >> Cloud created! ID: #1
(ENTRY #9) 2022-02-19 18:47:55.155801 >> Cloud created! ID: #2
(ENTRY #10) 2022-02-19 18:47:56.479171 >> Cloud created! ID: #3
(ENTRY #11) 2022-02-19 18:47:57.482178 >> Cloud created! ID: #4
(ENTRY #12) 2022-02-19 18:47:58.599085 >> Cloud created! ID: #5
(ENTRY #13) 2022-02-19 18:47:59.685633 >> Cloud created! ID: #6
(ENTRY #14) 2022-02-19 18:48:00.566621 >> Cloud removed! ID: #6
(ENTRY #15) 2022-02-19 18:48:00.729682 >> Cloud created! ID: #7
(ENTRY #16) 2022-02-19 18:48:00.812657 >> Cloud removed! ID: #7
(ENTRY #17) 2022-02-19 18:48:01.902039 >> Cloud created! ID: #8
(ENTRY #18) 2022-02-19 18:48:02.943121 >> Cloud created! ID: #9
(ENTRY #19) 2022-02-19 18:48:02.946121 >> Cloud removed! ID: #9
(ENTRY #20) 2022-02-19 18:48:03.974440 >> Cloud created! ID: #10
(ENTRY #21) 2022-02-19 18:48:04.658357 >> Naval Warfare 2D Closed...
