Log for Naval Warfare 2D, intended for debugging purposes only! 

(ENTRY #1) 2022-03-10 12:05:00.101742 >> Initialized Log handler...
(ENTRY #2) 2022-03-10 12:05:00.907748 >> Initialized Warship handler...
(ENTRY #3) 2022-03-10 12:05:00.910744 >> Initialized Projectile handler...
(ENTRY #4) 2022-03-10 12:05:00.911754 >> Dumb-AI Entity created!
(ENTRY #5) 2022-03-10 12:05:00.913741 >> Dumb-AI Entity created!
(ENTRY #6) 2022-03-10 12:05:00.914743 >> Dumb-AI Entity created!
(ENTRY #7) 2022-03-10 12:05:00.915742 >> Dumb-AI Entity created!
(ENTRY #8) 2022-03-10 12:05:00.916745 >> Dumb-AI Entity created!
(ENTRY #9) 2022-03-10 12:05:00.917745 >> Dumb-AI Entity created!
(ENTRY #10) 2022-03-10 12:05:00.918742 >> Dumb-AI Entity created!
(ENTRY #11) 2022-03-10 12:05:00.924755 >> Dumb-AI Entity created!
(ENTRY #12) 2022-03-10 12:05:00.934813 >> Dumb-AI Entity created!
(ENTRY #13) 2022-03-10 12:05:00.941815 >> Dumb-AI Entity created!
(ENTRY #14) 2022-03-10 12:05:01.004843 >> Initialized GUI handler...
(ENTRY #15) 2022-03-10 12:05:01.005845 >> Starting Naval Warfare 2D...
(ENTRY #16) 2022-03-10 12:05:06.563011 >> Created Sprite for Player!
(ENTRY #17) 2022-03-10 12:05:06.563011 >> Finished initalizing!
(ENTRY #18) 2022-03-10 12:05:08.683373 >> Returning to menu!
(ENTRY #19) 2022-03-10 12:05:09.376340 >> Game resumed!
(ENTRY #20) 2022-03-10 12:05:09.390337 >> None
(ENTRY #21) 2022-03-10 12:05:09.390337 >> None
(ENTRY #22) 2022-03-10 12:05:09.390337 >> None
(ENTRY #23) 2022-03-10 12:05:09.390337 >> None
(ENTRY #24) 2022-03-10 12:05:09.390337 >> None
(ENTRY #25) 2022-03-10 12:05:09.390337 >> None
(ENTRY #26) 2022-03-10 12:05:09.390337 >> None
(ENTRY #27) 2022-03-10 12:05:09.390337 >> None
(ENTRY #28) 2022-03-10 12:05:09.390337 >> None
(ENTRY #29) 2022-03-10 12:05:09.390337 >> None
(ENTRY #30) 2022-03-10 12:05:09.397337 >> Cloud created! ID: #1
(ENTRY #31) 2022-03-10 12:05:09.397337 >> MOUSEPOS: (450.0, 449.75)
(ENTRY #32) 2022-03-10 12:05:09.397337 >> SLOPE CALC:None
(ENTRY #33) 2022-03-10 12:05:09.397337 >> Object lightRound has been created!
(ENTRY #34) 2022-03-10 12:05:09.398371 >> Protectile #2 has been created! Type: Light
(ENTRY #35) 2022-03-10 12:05:09.398371 >> Projectile created! ID: #2
(ENTRY #36) 2022-03-10 12:05:09.398371 >> MOUSEPOS: (450.0, 449.75)
(ENTRY #37) 2022-03-10 12:05:09.398371 >> SLOPE CALC:None
(ENTRY #38) 2022-03-10 12:05:09.398371 >> Object lightRound has been created!
(ENTRY #39) 2022-03-10 12:05:09.399374 >> Protectile #4 has been created! Type: Light
(ENTRY #40) 2022-03-10 12:05:09.399374 >> Projectile created! ID: #4
(ENTRY #41) 2022-03-10 12:05:09.399374 >> MOUSEPOS: (450.0, 449.75)
(ENTRY #42) 2022-03-10 12:05:09.399374 >> SLOPE CALC:None
(ENTRY #43) 2022-03-10 12:05:09.399374 >> Object lightRound has been created!
(ENTRY #44) 2022-03-10 12:05:09.400368 >> Protectile #6 has been created! Type: Light
(ENTRY #45) 2022-03-10 12:05:09.400368 >> Projectile created! ID: #6
(ENTRY #46) 2022-03-10 12:05:09.400368 >> MOUSEPOS: (450.0, 449.75)
(ENTRY #47) 2022-03-10 12:05:09.400368 >> SLOPE CALC:None
(ENTRY #48) 2022-03-10 12:05:09.400368 >> Object lightRound has been created!
(ENTRY #49) 2022-03-10 12:05:09.401338 >> Protectile #8 has been created! Type: Light
(ENTRY #50) 2022-03-10 12:05:09.401338 >> Projectile created! ID: #8
(ENTRY #51) 2022-03-10 12:05:09.401338 >> MOUSEPOS: (450.0, 449.75)
(ENTRY #52) 2022-03-10 12:05:09.401338 >> SLOPE CALC:None
(ENTRY #53) 2022-03-10 12:05:09.401338 >> Object lightRound has been created!
(ENTRY #54) 2022-03-10 12:05:09.402368 >> Protectile #10 has been created! Type: Light
(ENTRY #55) 2022-03-10 12:05:09.402368 >> Projectile created! ID: #10
(ENTRY #56) 2022-03-10 12:05:09.402368 >> MOUSEPOS: (450.0, 449.0)
(ENTRY #57) 2022-03-10 12:05:09.402368 >> SLOPE CALC:None
(ENTRY #58) 2022-03-10 12:05:09.402368 >> Object lightRound has been created!
(ENTRY #59) 2022-03-10 12:05:09.402368 >> Protectile #12 has been created! Type: Light
(ENTRY #60) 2022-03-10 12:05:09.402368 >> Projectile created! ID: #12
(ENTRY #61) 2022-03-10 12:05:09.402368 >> MOUSEPOS: (450.0, 449.0)
(ENTRY #62) 2022-03-10 12:05:09.402368 >> SLOPE CALC:None
(ENTRY #63) 2022-03-10 12:05:09.402368 >> Object lightRound has been created!
(ENTRY #64) 2022-03-10 12:05:09.403375 >> Protectile #14 has been created! Type: Light
(ENTRY #65) 2022-03-10 12:05:09.403375 >> Projectile created! ID: #14
(ENTRY #66) 2022-03-10 12:05:09.403375 >> MOUSEPOS: (450.0, 449.0)
(ENTRY #67) 2022-03-10 12:05:09.403375 >> SLOPE CALC:None
(ENTRY #68) 2022-03-10 12:05:09.403375 >> Object lightRound has been created!
(ENTRY #69) 2022-03-10 12:05:09.404368 >> Protectile #16 has been created! Type: Light
(ENTRY #70) 2022-03-10 12:05:09.404368 >> Projectile created! ID: #16
(ENTRY #71) 2022-03-10 12:05:09.404368 >> MOUSEPOS: (450.0, 449.0)
(ENTRY #72) 2022-03-10 12:05:09.404368 >> SLOPE CALC:None
(ENTRY #73) 2022-03-10 12:05:09.404368 >> Object lightRound has been created!
(ENTRY #74) 2022-03-10 12:05:09.404368 >> Protectile #18 has been created! Type: Light
(ENTRY #75) 2022-03-10 12:05:09.404368 >> Projectile created! ID: #18
(ENTRY #76) 2022-03-10 12:05:09.405368 >> MOUSEPOS: (450.0, 449.0)
(ENTRY #77) 2022-03-10 12:05:09.405368 >> SLOPE CALC:None
(ENTRY #78) 2022-03-10 12:05:09.405368 >> Object lightRound has been created!
(ENTRY #79) 2022-03-10 12:05:09.405368 >> Protectile #20 has been created! Type: Light
(ENTRY #80) 2022-03-10 12:05:09.405368 >> Projectile created! ID: #20
(ENTRY #81) 2022-03-10 12:05:09.405368 >> entity_1_0 and entity_1_1 have collided!
(ENTRY #82) 2022-03-10 12:05:09.405368 >> entity_1_0 and entity_1_2 have collided!
(ENTRY #83) 2022-03-10 12:05:09.405368 >> entity_1_0 and entity_1_3 have collided!
(ENTRY #84) 2022-03-10 12:05:09.405368 >> entity_1_0 and entity_1_4 have collided!
(ENTRY #85) 2022-03-10 12:05:09.405368 >> entity_1_0 and entity_2_0 have collided!
(ENTRY #86) 2022-03-10 12:05:09.405368 >> entity_1_0 and entity_2_1 have collided!
(ENTRY #87) 2022-03-10 12:05:09.405368 >> entity_1_0 and entity_2_2 have collided!
(ENTRY #88) 2022-03-10 12:05:09.405368 >> entity_1_0 and entity_2_3 have collided!
(ENTRY #89) 2022-03-10 12:05:09.405368 >> entity_1_0 and entity_2_4 have collided!
(ENTRY #90) 2022-03-10 12:05:09.405368 >> entity_1_1 and entity_1_0 have collided!
(ENTRY #91) 2022-03-10 12:05:09.405368 >> entity_1_1 and entity_1_2 have collided!
(ENTRY #92) 2022-03-10 12:05:09.405368 >> entity_1_1 and entity_1_3 have collided!
(ENTRY #93) 2022-03-10 12:05:09.405368 >> entity_1_1 and entity_1_4 have collided!
(ENTRY #94) 2022-03-10 12:05:09.406370 >> entity_1_1 and entity_2_0 have collided!
(ENTRY #95) 2022-03-10 12:05:09.406370 >> entity_1_1 and entity_2_1 have collided!
(ENTRY #96) 2022-03-10 12:05:09.406370 >> entity_1_1 and entity_2_2 have collided!
(ENTRY #97) 2022-03-10 12:05:09.406370 >> entity_1_1 and entity_2_3 have collided!
(ENTRY #98) 2022-03-10 12:05:09.406370 >> entity_1_1 and entity_2_4 have collided!
(ENTRY #99) 2022-03-10 12:05:09.406370 >> entity_1_2 and entity_1_0 have collided!
(ENTRY #100) 2022-03-10 12:05:09.406370 >> entity_1_2 and entity_1_1 have collided!
(ENTRY #101) 2022-03-10 12:05:09.406370 >> entity_1_2 and entity_1_3 have collided!
(ENTRY #102) 2022-03-10 12:05:09.406370 >> entity_1_2 and entity_1_4 have collided!
(ENTRY #103) 2022-03-10 12:05:09.406370 >> entity_1_2 and entity_2_0 have collided!
(ENTRY #104) 2022-03-10 12:05:09.406370 >> entity_1_2 and entity_2_1 have collided!
(ENTRY #105) 2022-03-10 12:05:09.406370 >> entity_1_2 and entity_2_2 have collided!
(ENTRY #106) 2022-03-10 12:05:09.406370 >> entity_1_2 and entity_2_3 have collided!
(ENTRY #107) 2022-03-10 12:05:09.406370 >> entity_1_2 and entity_2_4 have collided!
(ENTRY #108) 2022-03-10 12:05:09.406370 >> entity_1_3 and entity_1_0 have collided!
(ENTRY #109) 2022-03-10 12:05:09.406370 >> entity_1_3 and entity_1_1 have collided!
(ENTRY #110) 2022-03-10 12:05:09.406370 >> entity_1_3 and entity_1_2 have collided!
(ENTRY #111) 2022-03-10 12:05:09.406370 >> entity_1_3 and entity_1_4 have collided!
(ENTRY #112) 2022-03-10 12:05:09.406370 >> entity_1_3 and entity_2_0 have collided!
(ENTRY #113) 2022-03-10 12:05:09.406370 >> entity_1_3 and entity_2_1 have collided!
(ENTRY #114) 2022-03-10 12:05:09.406370 >> entity_1_3 and entity_2_2 have collided!
(ENTRY #115) 2022-03-10 12:05:09.406370 >> entity_1_3 and entity_2_3 have collided!
(ENTRY #116) 2022-03-10 12:05:09.406370 >> entity_1_3 and entity_2_4 have collided!
(ENTRY #117) 2022-03-10 12:05:09.406370 >> entity_1_4 and entity_1_0 have collided!
(ENTRY #118) 2022-03-10 12:05:09.406370 >> entity_1_4 and entity_1_1 have collided!
(ENTRY #119) 2022-03-10 12:05:09.406370 >> entity_1_4 and entity_1_2 have collided!
(ENTRY #120) 2022-03-10 12:05:09.406370 >> entity_1_4 and entity_1_3 have collided!
(ENTRY #121) 2022-03-10 12:05:09.406370 >> entity_1_4 and entity_2_0 have collided!
(ENTRY #122) 2022-03-10 12:05:09.406370 >> entity_1_4 and entity_2_1 have collided!
(ENTRY #123) 2022-03-10 12:05:09.406370 >> entity_1_4 and entity_2_2 have collided!
(ENTRY #124) 2022-03-10 12:05:09.406370 >> entity_1_4 and entity_2_3 have collided!
(ENTRY #125) 2022-03-10 12:05:09.406370 >> entity_1_4 and entity_2_4 have collided!
(ENTRY #126) 2022-03-10 12:05:09.406370 >> entity_2_0 and entity_1_0 have collided!
(ENTRY #127) 2022-03-10 12:05:09.406370 >> entity_2_0 and entity_1_1 have collided!
(ENTRY #128) 2022-03-10 12:05:09.406370 >> entity_2_0 and entity_1_2 have collided!
(ENTRY #129) 2022-03-10 12:05:09.406370 >> entity_2_0 and entity_1_3 have collided!
(ENTRY #130) 2022-03-10 12:05:09.406370 >> entity_2_0 and entity_1_4 have collided!
(ENTRY #131) 2022-03-10 12:05:09.406370 >> entity_2_0 and entity_2_1 have collided!
(ENTRY #132) 2022-03-10 12:05:09.406370 >> entity_2_0 and entity_2_2 have collided!
(ENTRY #133) 2022-03-10 12:05:09.406370 >> entity_2_0 and entity_2_3 have collided!
(ENTRY #134) 2022-03-10 12:05:09.406370 >> entity_2_0 and entity_2_4 have collided!
(ENTRY #135) 2022-03-10 12:05:09.406370 >> entity_2_1 and entity_1_0 have collided!
(ENTRY #136) 2022-03-10 12:05:09.406370 >> entity_2_1 and entity_1_1 have collided!
(ENTRY #137) 2022-03-10 12:05:09.406370 >> entity_2_1 and entity_1_2 have collided!
(ENTRY #138) 2022-03-10 12:05:09.406370 >> entity_2_1 and entity_1_3 have collided!
(ENTRY #139) 2022-03-10 12:05:09.406370 >> entity_2_1 and entity_1_4 have collided!
(ENTRY #140) 2022-03-10 12:05:09.406370 >> entity_2_1 and entity_2_0 have collided!
(ENTRY #141) 2022-03-10 12:05:09.406370 >> entity_2_1 and entity_2_2 have collided!
(ENTRY #142) 2022-03-10 12:05:09.406370 >> entity_2_1 and entity_2_3 have collided!
(ENTRY #143) 2022-03-10 12:05:09.407368 >> entity_2_1 and entity_2_4 have collided!
(ENTRY #144) 2022-03-10 12:05:09.407368 >> entity_2_2 and entity_1_0 have collided!
(ENTRY #145) 2022-03-10 12:05:09.407368 >> entity_2_2 and entity_1_1 have collided!
(ENTRY #146) 2022-03-10 12:05:09.407368 >> entity_2_2 and entity_1_2 have collided!
(ENTRY #147) 2022-03-10 12:05:09.407368 >> entity_2_2 and entity_1_3 have collided!
(ENTRY #148) 2022-03-10 12:05:09.407368 >> entity_2_2 and entity_1_4 have collided!
(ENTRY #149) 2022-03-10 12:05:09.407368 >> entity_2_2 and entity_2_0 have collided!
(ENTRY #150) 2022-03-10 12:05:09.407368 >> entity_2_2 and entity_2_1 have collided!
(ENTRY #151) 2022-03-10 12:05:09.407368 >> entity_2_2 and entity_2_3 have collided!
(ENTRY #152) 2022-03-10 12:05:09.407368 >> entity_2_2 and entity_2_4 have collided!
(ENTRY #153) 2022-03-10 12:05:09.407368 >> entity_2_3 and entity_1_0 have collided!
(ENTRY #154) 2022-03-10 12:05:09.407368 >> entity_2_3 and entity_1_1 have collided!
(ENTRY #155) 2022-03-10 12:05:09.407368 >> entity_2_3 and entity_1_2 have collided!
(ENTRY #156) 2022-03-10 12:05:09.407368 >> entity_2_3 and entity_1_3 have collided!
(ENTRY #157) 2022-03-10 12:05:09.407368 >> entity_2_3 and entity_1_4 have collided!
(ENTRY #158) 2022-03-10 12:05:09.407368 >> entity_2_3 and entity_2_0 have collided!
(ENTRY #159) 2022-03-10 12:05:09.407368 >> entity_2_3 and entity_2_1 have collided!
(ENTRY #160) 2022-03-10 12:05:09.407368 >> entity_2_3 and entity_2_2 have collided!
(ENTRY #161) 2022-03-10 12:05:09.407368 >> entity_2_3 and entity_2_4 have collided!
(ENTRY #162) 2022-03-10 12:05:09.407368 >> entity_2_4 and entity_1_0 have collided!
(ENTRY #163) 2022-03-10 12:05:09.407368 >> entity_2_4 and entity_1_1 have collided!
(ENTRY #164) 2022-03-10 12:05:09.407368 >> entity_2_4 and entity_1_2 have collided!
(ENTRY #165) 2022-03-10 12:05:09.407368 >> entity_2_4 and entity_1_3 have collided!
(ENTRY #166) 2022-03-10 12:05:09.407368 >> entity_2_4 and entity_1_4 have collided!
(ENTRY #167) 2022-03-10 12:05:09.407368 >> entity_2_4 and entity_2_0 have collided!
(ENTRY #168) 2022-03-10 12:05:09.407368 >> entity_2_4 and entity_2_1 have collided!
(ENTRY #169) 2022-03-10 12:05:09.407368 >> entity_2_4 and entity_2_2 have collided!
(ENTRY #170) 2022-03-10 12:05:09.407368 >> entity_2_4 and entity_2_3 have collided!
(ENTRY #171) 2022-03-10 12:05:09.407368 >> Projectile has hit!
(ENTRY #172) 2022-03-10 12:05:09.407368 >> Projectile has hit!
(ENTRY #173) 2022-03-10 12:05:09.407368 >> Projectile has hit!
(ENTRY #174) 2022-03-10 12:05:09.407368 >> Projectile has hit!
(ENTRY #175) 2022-03-10 12:05:09.407368 >> Projectile has hit!
(ENTRY #176) 2022-03-10 12:05:09.407368 >> Projectile has hit!
(ENTRY #177) 2022-03-10 12:05:09.407368 >> Projectile has hit!
(ENTRY #178) 2022-03-10 12:05:09.407368 >> Projectile has hit!
(ENTRY #179) 2022-03-10 12:05:09.407368 >> Projectile has hit!
(ENTRY #180) 2022-03-10 12:05:09.407368 >> Projectile has hit!
(ENTRY #181) 2022-03-10 12:05:09.407368 >> Projectile has hit!
(ENTRY #182) 2022-03-10 12:05:09.407368 >> Projectile has hit!
(ENTRY #183) 2022-03-10 12:05:09.407368 >> Projectile has hit!
(ENTRY #184) 2022-03-10 12:05:09.407368 >> Projectile has hit!
(ENTRY #185) 2022-03-10 12:05:09.407368 >> Projectile has hit!
(ENTRY #186) 2022-03-10 12:05:09.407368 >> Projectile has hit!
(ENTRY #187) 2022-03-10 12:05:09.407368 >> Projectile has hit!
(ENTRY #188) 2022-03-10 12:05:09.407368 >> Projectile has hit!
(ENTRY #189) 2022-03-10 12:05:09.407368 >> Projectile has hit!
(ENTRY #190) 2022-03-10 12:05:09.407368 >> Projectile has hit!
(ENTRY #191) 2022-03-10 12:05:09.407368 >> Projectile has hit!
(ENTRY #192) 2022-03-10 12:05:09.407368 >> Projectile has hit!
(ENTRY #193) 2022-03-10 12:05:09.407368 >> Projectile has hit!
(ENTRY #194) 2022-03-10 12:05:09.408368 >> Projectile has hit!
(ENTRY #195) 2022-03-10 12:05:09.408368 >> Projectile has hit!
(ENTRY #196) 2022-03-10 12:05:09.408368 >> Projectile has hit!
(ENTRY #197) 2022-03-10 12:05:09.408368 >> Projectile has hit!
(ENTRY #198) 2022-03-10 12:05:09.408368 >> Projectile has hit!
(ENTRY #199) 2022-03-10 12:05:09.408368 >> Projectile has hit!
(ENTRY #200) 2022-03-10 12:05:09.408368 >> Projectile has hit!
(ENTRY #201) 2022-03-10 12:05:09.408368 >> Projectile has hit!
(ENTRY #202) 2022-03-10 12:05:09.408368 >> Projectile has hit!
(ENTRY #203) 2022-03-10 12:05:09.408368 >> Projectile has hit!
(ENTRY #204) 2022-03-10 12:05:09.408368 >> Projectile has hit!
(ENTRY #205) 2022-03-10 12:05:09.408368 >> Projectile has hit!
(ENTRY #206) 2022-03-10 12:05:09.408368 >> Projectile has hit!
(ENTRY #207) 2022-03-10 12:05:09.408368 >> Projectile has hit!
(ENTRY #208) 2022-03-10 12:05:09.408368 >> Projectile has hit!
(ENTRY #209) 2022-03-10 12:05:09.408368 >> Projectile has hit!
(ENTRY #210) 2022-03-10 12:05:09.408368 >> Projectile has hit!
(ENTRY #211) 2022-03-10 12:05:09.408368 >> Projectile has hit!
(ENTRY #212) 2022-03-10 12:05:09.408368 >> Projectile has hit!
(ENTRY #213) 2022-03-10 12:05:09.408368 >> Projectile has hit!
(ENTRY #214) 2022-03-10 12:05:09.408368 >> Projectile has hit!
(ENTRY #215) 2022-03-10 12:05:09.408368 >> Projectile has hit!
(ENTRY #216) 2022-03-10 12:05:09.408368 >> Projectile has hit!
(ENTRY #217) 2022-03-10 12:05:09.408368 >> Projectile has hit!
(ENTRY #218) 2022-03-10 12:05:09.408368 >> Projectile has hit!
(ENTRY #219) 2022-03-10 12:05:09.408368 >> Projectile has hit!
(ENTRY #220) 2022-03-10 12:05:09.408368 >> Projectile has hit!
(ENTRY #221) 2022-03-10 12:05:09.408368 >> Projectile has hit!
(ENTRY #222) 2022-03-10 12:05:09.408368 >> Projectile has hit!
(ENTRY #223) 2022-03-10 12:05:09.408368 >> Projectile has hit!
(ENTRY #224) 2022-03-10 12:05:09.408368 >> Projectile has hit!
(ENTRY #225) 2022-03-10 12:05:09.408368 >> Projectile has hit!
(ENTRY #226) 2022-03-10 12:05:09.408368 >> Projectile has hit!
(ENTRY #227) 2022-03-10 12:05:09.408368 >> Projectile has hit!
(ENTRY #228) 2022-03-10 12:05:09.408368 >> Projectile has hit!
(ENTRY #229) 2022-03-10 12:05:09.408368 >> Projectile has hit!
(ENTRY #230) 2022-03-10 12:05:09.408368 >> Projectile has hit!
(ENTRY #231) 2022-03-10 12:05:09.408368 >> Projectile has hit!
(ENTRY #232) 2022-03-10 12:05:09.408368 >> Projectile has hit!
(ENTRY #233) 2022-03-10 12:05:09.408368 >> Projectile has hit!
(ENTRY #234) 2022-03-10 12:05:09.408368 >> Projectile has hit!
(ENTRY #235) 2022-03-10 12:05:09.408368 >> Projectile has hit!
(ENTRY #236) 2022-03-10 12:05:09.408368 >> Projectile has hit!
(ENTRY #237) 2022-03-10 12:05:09.408368 >> Projectile has hit!
(ENTRY #238) 2022-03-10 12:05:09.408368 >> Projectile has hit!
(ENTRY #239) 2022-03-10 12:05:09.408368 >> Projectile has hit!
(ENTRY #240) 2022-03-10 12:05:09.409334 >> Projectile has hit!
(ENTRY #241) 2022-03-10 12:05:09.409334 >> Projectile has hit!
(ENTRY #242) 2022-03-10 12:05:09.409334 >> Projectile has hit!
(ENTRY #243) 2022-03-10 12:05:09.409334 >> Projectile has hit!
(ENTRY #244) 2022-03-10 12:05:09.409334 >> Projectile has hit!
(ENTRY #245) 2022-03-10 12:05:09.409334 >> Projectile has hit!
(ENTRY #246) 2022-03-10 12:05:09.409334 >> Projectile has hit!
(ENTRY #247) 2022-03-10 12:05:09.409334 >> Projectile has hit!
(ENTRY #248) 2022-03-10 12:05:09.409334 >> Projectile has hit!
(ENTRY #249) 2022-03-10 12:05:09.409334 >> Projectile has hit!
(ENTRY #250) 2022-03-10 12:05:09.409334 >> Projectile has hit!
(ENTRY #251) 2022-03-10 12:05:09.409334 >> Projectile has hit!
(ENTRY #252) 2022-03-10 12:05:09.409334 >> Projectile has hit!
(ENTRY #253) 2022-03-10 12:05:09.409334 >> Projectile has hit!
(ENTRY #254) 2022-03-10 12:05:09.409334 >> Projectile has hit!
(ENTRY #255) 2022-03-10 12:05:09.409334 >> Projectile has hit!
(ENTRY #256) 2022-03-10 12:05:09.409334 >> Projectile has hit!
(ENTRY #257) 2022-03-10 12:05:09.409334 >> Projectile has hit!
(ENTRY #258) 2022-03-10 12:05:09.409334 >> Projectile has hit!
(ENTRY #259) 2022-03-10 12:05:09.409334 >> Projectile has hit!
(ENTRY #260) 2022-03-10 12:05:09.409334 >> Projectile has hit!
(ENTRY #261) 2022-03-10 12:05:09.409334 >> Projectile removed!
(ENTRY #262) 2022-03-10 12:05:09.409334 >> Projectile removed!
(ENTRY #263) 2022-03-10 12:05:09.409334 >> Projectile removed!
(ENTRY #264) 2022-03-10 12:05:09.409334 >> Projectile removed!
(ENTRY #265) 2022-03-10 12:05:09.409334 >> Projectile removed!
(ENTRY #266) 2022-03-10 12:05:09.409334 >> Projectile removed!
(ENTRY #267) 2022-03-10 12:05:09.409334 >> Projectile removed!
(ENTRY #268) 2022-03-10 12:05:09.409334 >> Projectile removed!
(ENTRY #269) 2022-03-10 12:05:09.409334 >> Projectile removed!
(ENTRY #270) 2022-03-10 12:05:09.409334 >> Projectile removed!
(ENTRY #271) 2022-03-10 12:05:09.545336 >> Game resumed!
(ENTRY #272) 2022-03-10 12:05:09.588336 >> Game resumed!
(ENTRY #273) 2022-03-10 12:05:10.423842 >> Cloud created! ID: #2
(ENTRY #274) 2022-03-10 12:05:10.741750 >> Opened Debug Menu!
(ENTRY #275) 2022-03-10 12:05:10.801781 >> Returning to menu!
(ENTRY #276) 2022-03-10 12:05:11.480747 >> Cloud created! ID: #3
(ENTRY #277) 2022-03-10 12:05:12.523326 >> Cloud created! ID: #4
(ENTRY #278) 2022-03-10 12:05:12.538324 >> MOUSEPOS: (449, 375)
(ENTRY #279) 2022-03-10 12:05:12.538324 >> SLOPE CALC:None
(ENTRY #280) 2022-03-10 12:05:12.538324 >> LIN CALC FIN: 101.20866678179539
(ENTRY #281) 2022-03-10 12:05:12.538324 >> LIN CALC RAW: 798.7913332182046
(ENTRY #282) 2022-03-10 12:05:12.538324 >> Below!
(ENTRY #283) 2022-03-10 12:05:12.538324 >> Object lightRound has been created!
(ENTRY #284) 2022-03-10 12:05:12.539327 >> Protectile #22 has been created! Type: Light
(ENTRY #285) 2022-03-10 12:05:12.539327 >> Projectile created! ID: #22
(ENTRY #286) 2022-03-10 12:05:13.158953 >> MOUSEPOS: (465, 448)
(ENTRY #287) 2022-03-10 12:05:13.158953 >> SLOPE CALC:None
(ENTRY #288) 2022-03-10 12:05:13.158953 >> LIN CALC FIN: 804.754418908228
(ENTRY #289) 2022-03-10 12:05:13.158953 >> LIN CALC RAW: 95.24558109177201
(ENTRY #290) 2022-03-10 12:05:13.158953 >> Above!
(ENTRY #291) 2022-03-10 12:05:13.548306 >> Cloud created! ID: #5
(ENTRY #292) 2022-03-10 12:05:13.594314 >> MOUSEPOS: (487, 448)
(ENTRY #293) 2022-03-10 12:05:13.594314 >> SLOPE CALC:None
(ENTRY #294) 2022-03-10 12:05:13.594314 >> LIN CALC FIN: 826.754418908228
(ENTRY #295) 2022-03-10 12:05:13.594314 >> LIN CALC RAW: 73.24558109177201
(ENTRY #296) 2022-03-10 12:05:13.594314 >> Above!
(ENTRY #297) 2022-03-10 12:05:13.594314 >> Object lightRound has been created!
(ENTRY #298) 2022-03-10 12:05:13.595321 >> Protectile #24 has been created! Type: Light
(ENTRY #299) 2022-03-10 12:05:13.595321 >> Projectile created! ID: #24
(ENTRY #300) 2022-03-10 12:05:14.691928 >> Cloud created! ID: #6
(ENTRY #301) 2022-03-10 12:05:15.708675 >> Cloud created! ID: #7
(ENTRY #302) 2022-03-10 12:05:16.289446 >> MOUSEPOS: (494, 442)
(ENTRY #303) 2022-03-10 12:05:16.289446 >> SLOPE CALC:None
(ENTRY #304) 2022-03-10 12:05:16.289446 >> LIN CALC FIN: 56.20866678179539
(ENTRY #305) 2022-03-10 12:05:16.289446 >> LIN CALC RAW: 843.7913332182046
(ENTRY #306) 2022-03-10 12:05:16.290440 >> Below!
(ENTRY #307) 2022-03-10 12:05:16.290440 >> Object lightRound has been created!
(ENTRY #308) 2022-03-10 12:05:16.290440 >> Protectile #26 has been created! Type: Light
(ENTRY #309) 2022-03-10 12:05:16.290440 >> Projectile created! ID: #26
(ENTRY #310) 2022-03-10 12:05:16.750685 >> Cloud created! ID: #8
(ENTRY #311) 2022-03-10 12:05:17.478900 >> Cloud removed! ID: #8
(ENTRY #312) 2022-03-10 12:05:17.810425 >> Cloud created! ID: #9
(ENTRY #313) 2022-03-10 12:05:18.059127 >> Cloud removed! ID: #9
(ENTRY #314) 2022-03-10 12:05:18.088124 >> Projectile removed!
(ENTRY #315) 2022-03-10 12:05:18.845322 >> Cloud created! ID: #10
(ENTRY #316) 2022-03-10 12:05:19.045214 >> Projectile removed!
(ENTRY #317) 2022-03-10 12:05:19.688762 >> Cloud removed! ID: #10
(ENTRY #318) 2022-03-10 12:05:20.012366 >> Cloud created! ID: #11
(ENTRY #319) 2022-03-10 12:05:21.218113 >> Cloud created! ID: #12
(ENTRY #320) 2022-03-10 12:05:21.295115 >> Cloud removed! ID: #12
(ENTRY #321) 2022-03-10 12:05:21.736805 >> Projectile removed!
(ENTRY #322) 2022-03-10 12:05:22.240233 >> Cloud created! ID: #13
(ENTRY #323) 2022-03-10 12:05:23.243682 >> Cloud created! ID: #14
(ENTRY #324) 2022-03-10 12:05:24.394920 >> Cloud created! ID: #15
(ENTRY #325) 2022-03-10 12:05:24.753469 >> Cloud removed! ID: #15
(ENTRY #326) 2022-03-10 12:05:25.422615 >> Cloud created! ID: #16
(ENTRY #327) 2022-03-10 12:05:26.390342 >> Cloud removed! ID: #16
(ENTRY #328) 2022-03-10 12:05:26.470263 >> Cloud created! ID: #17
(ENTRY #329) 2022-03-10 12:05:26.537977 >> Cloud removed! ID: #17
(ENTRY #330) 2022-03-10 12:05:27.491303 >> Cloud created! ID: #18
(ENTRY #331) 2022-03-10 12:05:28.560843 >> Cloud created! ID: #19
(ENTRY #332) 2022-03-10 12:05:28.721272 >> Cloud removed! ID: #19
(ENTRY #333) 2022-03-10 12:05:29.276729 >> Cloud removed! ID: #19
(ENTRY #334) 2022-03-10 12:05:29.661660 >> Cloud created! ID: #20
(ENTRY #335) 2022-03-10 12:05:30.320581 >> Cloud removed! ID: #20
(ENTRY #336) 2022-03-10 12:05:30.359614 >> Cloud removed! ID: #20
(ENTRY #337) 2022-03-10 12:05:30.679372 >> Cloud created! ID: #21
(ENTRY #338) 2022-03-10 12:05:31.682914 >> Cloud created! ID: #22
(ENTRY #339) 2022-03-10 12:05:32.690064 >> Cloud created! ID: #23
(ENTRY #340) 2022-03-10 12:05:33.110802 >> Cloud removed! ID: #23
(ENTRY #341) 2022-03-10 12:05:33.517901 >> Cloud removed! ID: #23
(ENTRY #342) 2022-03-10 12:05:33.696790 >> Cloud created! ID: #24
(ENTRY #343) 2022-03-10 12:05:33.923429 >> Cloud removed! ID: #24
(ENTRY #344) 2022-03-10 12:05:34.723805 >> Cloud created! ID: #25
(ENTRY #345) 2022-03-10 12:05:34.956000 >> Cloud removed! ID: #25
(ENTRY #346) 2022-03-10 12:05:35.062539 >> Cloud removed! ID: #25
(ENTRY #347) 2022-03-10 12:05:35.744820 >> Cloud created! ID: #26
(ENTRY #348) 2022-03-10 12:05:36.669454 >> Cloud removed! ID: #26
(ENTRY #349) 2022-03-10 12:05:36.766469 >> Cloud created! ID: #27
(ENTRY #350) 2022-03-10 12:05:37.154353 >> Cloud removed! ID: #27
(ENTRY #351) 2022-03-10 12:05:37.193354 >> Cloud removed! ID: #27
(ENTRY #352) 2022-03-10 12:05:37.695352 >> Cloud removed! ID: #27
(ENTRY #353) 2022-03-10 12:05:37.788096 >> Cloud created! ID: #28
(ENTRY #354) 2022-03-10 12:05:38.161491 >> Cloud removed! ID: #28
(ENTRY #355) 2022-03-10 12:05:38.162492 >> Cloud removed! ID: #28
(ENTRY #356) 2022-03-10 12:05:38.903849 >> Cloud created! ID: #29
(ENTRY #357) 2022-03-10 12:05:39.279270 >> Cloud removed! ID: #29
(ENTRY #358) 2022-03-10 12:05:39.655864 >> Cloud removed! ID: #29
(ENTRY #359) 2022-03-10 12:05:39.933860 >> Cloud created! ID: #30
(ENTRY #360) 2022-03-10 12:05:41.051607 >> Cloud created! ID: #31
(ENTRY #361) 2022-03-10 12:05:42.311791 >> Cloud created! ID: #32
(ENTRY #362) 2022-03-10 12:05:43.118555 >> Cloud removed! ID: #32
(ENTRY #363) 2022-03-10 12:05:43.317648 >> Cloud created! ID: #33
(ENTRY #364) 2022-03-10 12:05:44.396057 >> Cloud created! ID: #34
(ENTRY #365) 2022-03-10 12:05:45.404697 >> Cloud created! ID: #35
(ENTRY #366) 2022-03-10 12:05:46.428938 >> Cloud created! ID: #36
(ENTRY #367) 2022-03-10 12:05:47.350754 >> Cloud removed! ID: #36
(ENTRY #368) 2022-03-10 12:05:47.461101 >> Cloud created! ID: #37
(ENTRY #369) 2022-03-10 12:05:48.518179 >> Cloud created! ID: #38
(ENTRY #370) 2022-03-10 12:05:48.532207 >> Cloud removed! ID: #38
(ENTRY #371) 2022-03-10 12:05:48.600375 >> Cloud removed! ID: #38
(ENTRY #372) 2022-03-10 12:05:49.547968 >> Cloud created! ID: #39
(ENTRY #373) 2022-03-10 12:05:49.835598 >> Cloud removed! ID: #39
(ENTRY #374) 2022-03-10 12:05:50.420223 >> Cloud removed! ID: #39
(ENTRY #375) 2022-03-10 12:05:50.580803 >> Cloud created! ID: #40
(ENTRY #376) 2022-03-10 12:05:50.839334 >> Cloud removed! ID: #40
(ENTRY #377) 2022-03-10 12:05:51.615971 >> Cloud created! ID: #41
(ENTRY #378) 2022-03-10 12:05:51.671282 >> Cloud removed! ID: #41
(ENTRY #379) 2022-03-10 12:05:51.893311 >> Cloud removed! ID: #41
(ENTRY #380) 2022-03-10 12:05:52.464492 >> Cloud removed! ID: #41
(ENTRY #381) 2022-03-10 12:05:52.559523 >> Naval Warfare 2D Closed...
