Log for Naval Warfare 2D, intended for debugging purposes only! 

(ENTRY #1) 2022-02-20 18:19:50.101843 >> Initialized Log handler...
(ENTRY #2) 2022-02-20 18:19:50.320842 >> Initialized Warship handler...
(ENTRY #3) 2022-02-20 18:19:50.332840 >> Initialized GUI handler...
(ENTRY #4) 2022-02-20 18:19:50.332840 >> Starting Naval Warfare 2D...
(ENTRY #5) 2022-02-20 18:19:50.544841 >> Created Sprite for Player!
(ENTRY #6) 2022-02-20 18:19:50.544841 >> Finished initalizingw!
(ENTRY #7) 2022-02-20 18:19:51.343262 >> Game resumed!
(ENTRY #8) 2022-02-20 18:19:51.354760 >> Cloud created! ID: #1
(ENTRY #9) 2022-02-20 18:19:52.463271 >> Cloud created! ID: #2
(ENTRY #10) 2022-02-20 18:19:53.468371 >> Cloud created! ID: #3
(ENTRY #11) 2022-02-20 18:19:54.511632 >> Cloud created! ID: #4
(ENTRY #12) 2022-02-20 18:19:55.584190 >> Cloud created! ID: #5
(ENTRY #13) 2022-02-20 18:19:55.744612 >> Cloud removed! ID: #5
(ENTRY #14) 2022-02-20 18:19:56.756699 >> Cloud created! ID: #6
(ENTRY #15) 2022-02-20 18:19:57.871637 >> Cloud created! ID: #7
(ENTRY #16) 2022-02-20 18:19:58.872748 >> Cloud created! ID: #8
(ENTRY #17) 2022-02-20 18:19:59.885656 >> Cloud created! ID: #9
(ENTRY #18) 2022-02-20 18:20:00.939445 >> Cloud created! ID: #10
(ENTRY #19) 2022-02-20 18:20:01.196364 >> Cloud removed! ID: #10
(ENTRY #20) 2022-02-20 18:20:02.032870 >> Cloud created! ID: #11
(ENTRY #21) 2022-02-20 18:20:02.231367 >> Cloud removed! ID: #11
(ENTRY #22) 2022-02-20 18:20:03.052996 >> Cloud created! ID: #12
(ENTRY #23) 2022-02-20 18:20:03.169421 >> Naval Warfare 2D Closed...
