Log for Naval Warfare 2D, intended for debugging purposes only! 

(ENTRY #1) 2022-02-18 22:35:33.295869 >> Initialized Log handler...
(ENTRY #2) 2022-02-18 22:35:33.547125 >> Initialized Warship handler...
(ENTRY #3) 2022-02-18 22:35:33.559123 >> Initialized GUI handler...
(ENTRY #4) 2022-02-18 22:35:33.559123 >> Starting Naval Warfare 2D...
(ENTRY #5) 2022-02-18 22:35:33.756848 >> Created Sprite for Player!
(ENTRY #6) 2022-02-18 22:35:33.756848 >> Finished initalizingw!
(ENTRY #7) 2022-02-18 22:35:36.347819 >> Game resumed!
(ENTRY #8) 2022-02-18 22:35:36.359316 >> Cloud created! ID: #1
(ENTRY #9) 2022-02-18 22:35:37.364398 >> Cloud created! ID: #2
(ENTRY #10) 2022-02-18 22:35:38.391109 >> Cloud created! ID: #3
(ENTRY #11) 2022-02-18 22:35:39.480104 >> Cloud created! ID: #4
(ENTRY #12) 2022-02-18 22:35:40.364416 >> Cloud removed! ID: #4
(ENTRY #13) 2022-02-18 22:35:40.579067 >> Cloud created! ID: #5
(ENTRY #14) 2022-02-18 22:35:41.353413 >> Cloud removed! ID: #5
(ENTRY #15) 2022-02-18 22:35:41.699544 >> Cloud created! ID: #6
(ENTRY #16) 2022-02-18 22:35:42.367964 >> Cloud removed! ID: #6
(ENTRY #17) 2022-02-18 22:35:42.750456 >> Cloud created! ID: #7
(ENTRY #18) 2022-02-18 22:35:43.455698 >> Cloud removed! ID: #7
(ENTRY #19) 2022-02-18 22:35:44.029970 >> Cloud created! ID: #8
(ENTRY #20) 2022-02-18 22:35:44.555604 >> Cloud removed! ID: #8
(ENTRY #21) 2022-02-18 22:35:45.058229 >> Cloud created! ID: #9
(ENTRY #22) 2022-02-18 22:35:46.074679 >> Cloud created! ID: #10
(ENTRY #23) 2022-02-18 22:35:47.150506 >> Cloud created! ID: #11
(ENTRY #24) 2022-02-18 22:35:48.224736 >> Cloud created! ID: #12
(ENTRY #25) 2022-02-18 22:35:49.300556 >> Cloud created! ID: #13
(ENTRY #26) 2022-02-18 22:35:49.993527 >> Cloud removed! ID: #13
(ENTRY #27) 2022-02-18 22:35:50.352519 >> Cloud created! ID: #14
(ENTRY #28) 2022-02-18 22:35:51.127534 >> Cloud removed! ID: #14
(ENTRY #29) 2022-02-18 22:35:51.366233 >> Cloud created! ID: #15
(ENTRY #30) 2022-02-18 22:35:52.204390 >> Cloud removed! ID: #15
(ENTRY #31) 2022-02-18 22:35:52.372928 >> Cloud created! ID: #16
(ENTRY #32) 2022-02-18 22:35:53.375571 >> Cloud created! ID: #17
(ENTRY #33) 2022-02-18 22:35:53.637380 >> Cloud removed! ID: #17
(ENTRY #34) 2022-02-18 22:35:54.330321 >> Cloud removed! ID: #17
(ENTRY #35) 2022-02-18 22:35:54.606249 >> Cloud created! ID: #18
(ENTRY #36) 2022-02-18 22:35:54.689132 >> Cloud removed! ID: #18
(ENTRY #37) 2022-02-18 22:35:55.347038 >> Cloud removed! ID: #18
(ENTRY #38) 2022-02-18 22:35:55.740779 >> Cloud created! ID: #19
(ENTRY #39) 2022-02-18 22:35:56.349911 >> Cloud removed! ID: #19
(ENTRY #40) 2022-02-18 22:35:56.841087 >> Cloud created! ID: #20
(ENTRY #41) 2022-02-18 22:35:56.993799 >> Cloud removed! ID: #20
(ENTRY #42) 2022-02-18 22:35:57.350910 >> Cloud removed! ID: #20
(ENTRY #43) 2022-02-18 22:35:57.902173 >> Cloud created! ID: #21
(ENTRY #44) 2022-02-18 22:35:58.008691 >> Cloud removed! ID: #21
(ENTRY #45) 2022-02-18 22:35:58.582399 >> Cloud removed! ID: #21
(ENTRY #46) 2022-02-18 22:35:58.918282 >> Cloud created! ID: #22
(ENTRY #47) 2022-02-18 22:35:59.721018 >> Cloud removed! ID: #22
(ENTRY #48) 2022-02-18 22:35:59.936267 >> Cloud created! ID: #23
(ENTRY #49) 2022-02-18 22:36:00.948308 >> Cloud created! ID: #24
(ENTRY #50) 2022-02-18 22:36:01.235506 >> Cloud removed! ID: #24
(ENTRY #51) 2022-02-18 22:36:01.950338 >> Cloud created! ID: #25
(ENTRY #52) 2022-02-18 22:36:02.890828 >> Cloud removed! ID: #25
(ENTRY #53) 2022-02-18 22:36:03.070267 >> Cloud created! ID: #26
(ENTRY #54) 2022-02-18 22:36:03.854589 >> Cloud removed! ID: #26
(ENTRY #55) 2022-02-18 22:36:04.164090 >> Cloud created! ID: #27
(ENTRY #56) 2022-02-18 22:36:04.915804 >> Cloud removed! ID: #27
(ENTRY #57) 2022-02-18 22:36:05.203829 >> Cloud created! ID: #28
(ENTRY #58) 2022-02-18 22:36:05.882784 >> Cloud removed! ID: #28
(ENTRY #59) 2022-02-18 22:36:06.251890 >> Cloud created! ID: #29
(ENTRY #60) 2022-02-18 22:36:07.037247 >> Cloud removed! ID: #29
(ENTRY #61) 2022-02-18 22:36:07.311387 >> Cloud created! ID: #30
(ENTRY #62) 2022-02-18 22:36:07.899268 >> Cloud removed! ID: #30
(ENTRY #63) 2022-02-18 22:36:08.376695 >> Cloud created! ID: #31
(ENTRY #64) 2022-02-18 22:36:08.811702 >> Cloud removed! ID: #31
(ENTRY #65) 2022-02-18 22:36:09.259685 >> Cloud removed! ID: #31
(ENTRY #66) 2022-02-18 22:36:09.386833 >> Cloud created! ID: #32
(ENTRY #67) 2022-02-18 22:36:10.263815 >> Cloud removed! ID: #32
(ENTRY #68) 2022-02-18 22:36:10.380113 >> Cloud removed! ID: #32
(ENTRY #69) 2022-02-18 22:36:10.417817 >> Cloud created! ID: #33
(ENTRY #70) 2022-02-18 22:36:11.515180 >> Cloud created! ID: #34
(ENTRY #71) 2022-02-18 22:36:12.627179 >> Cloud created! ID: #35
(ENTRY #72) 2022-02-18 22:36:13.649624 >> Cloud created! ID: #36
(ENTRY #73) 2022-02-18 22:36:14.671945 >> Cloud created! ID: #37
(ENTRY #74) 2022-02-18 22:36:15.770094 >> Cloud removed! ID: #37
(ENTRY #75) 2022-02-18 22:36:15.770597 >> Cloud removed! ID: #37
(ENTRY #76) 2022-02-18 22:36:15.810906 >> Cloud created! ID: #38
(ENTRY #77) 2022-02-18 22:36:16.831972 >> Cloud removed! ID: #38
(ENTRY #78) 2022-02-18 22:36:16.867828 >> Cloud created! ID: #39
(ENTRY #79) 2022-02-18 22:36:16.916830 >> Cloud removed! ID: #39
(ENTRY #80) 2022-02-18 22:36:17.881198 >> Cloud created! ID: #40
(ENTRY #81) 2022-02-18 22:36:18.911969 >> Cloud created! ID: #41
(ENTRY #82) 2022-02-18 22:36:19.941622 >> Cloud created! ID: #42
(ENTRY #83) 2022-02-18 22:36:19.991203 >> Cloud removed! ID: #42
(ENTRY #84) 2022-02-18 22:36:20.016056 >> Cloud removed! ID: #42
(ENTRY #85) 2022-02-18 22:36:20.999239 >> Cloud created! ID: #43
(ENTRY #86) 2022-02-18 22:36:20.999738 >> Cloud removed! ID: #43
(ENTRY #87) 2022-02-18 22:36:21.073266 >> Cloud removed! ID: #43
(ENTRY #88) 2022-02-18 22:36:22.010984 >> Cloud created! ID: #44
(ENTRY #89) 2022-02-18 22:36:23.092444 >> Cloud removed! ID: #44
(ENTRY #90) 2022-02-18 22:36:23.128502 >> Cloud created! ID: #45
(ENTRY #91) 2022-02-18 22:36:24.173484 >> Cloud created! ID: #46
(ENTRY #92) 2022-02-18 22:36:25.211398 >> Cloud created! ID: #47
(ENTRY #93) 2022-02-18 22:36:25.212899 >> Cloud removed! ID: #47
(ENTRY #94) 2022-02-18 22:36:26.248738 >> Cloud created! ID: #48
(ENTRY #95) 2022-02-18 22:36:26.249738 >> Cloud removed! ID: #48
(ENTRY #96) 2022-02-18 22:36:26.342606 >> Cloud removed! ID: #48
(ENTRY #97) 2022-02-18 22:36:27.310657 >> Cloud created! ID: #49
(ENTRY #98) 2022-02-18 22:36:27.363919 >> Cloud removed! ID: #49
(ENTRY #99) 2022-02-18 22:36:28.386245 >> Cloud removed! ID: #49
(ENTRY #100) 2022-02-18 22:36:28.398255 >> Cloud created! ID: #50
(ENTRY #101) 2022-02-18 22:36:28.450335 >> Cloud removed! ID: #50
(ENTRY #102) 2022-02-18 22:36:29.466645 >> Cloud created! ID: #51
(ENTRY #103) 2022-02-18 22:36:29.494649 >> Cloud removed! ID: #51
(ENTRY #104) 2022-02-18 22:36:30.478602 >> Cloud created! ID: #52
(ENTRY #105) 2022-02-18 22:36:30.504811 >> Cloud removed! ID: #52
(ENTRY #106) 2022-02-18 22:36:30.530201 >> Cloud removed! ID: #52
(ENTRY #107) 2022-02-18 22:36:31.558189 >> Cloud removed! ID: #52
(ENTRY #108) 2022-02-18 22:36:31.570187 >> Cloud created! ID: #53
(ENTRY #109) 2022-02-18 22:36:31.584061 >> Cloud removed! ID: #53
(ENTRY #110) 2022-02-18 22:36:32.731949 >> Cloud created! ID: #54
(ENTRY #111) 2022-02-18 22:36:33.734050 >> Cloud removed! ID: #54
(ENTRY #112) 2022-02-18 22:36:33.772553 >> Cloud created! ID: #55
(ENTRY #113) 2022-02-18 22:36:34.790015 >> Cloud created! ID: #56
(ENTRY #114) 2022-02-18 22:36:35.820602 >> Cloud created! ID: #57
(ENTRY #115) 2022-02-18 22:36:35.914882 >> Cloud removed! ID: #57
(ENTRY #116) 2022-02-18 22:36:36.856077 >> Cloud created! ID: #58
(ENTRY #117) 2022-02-18 22:36:36.973124 >> Cloud removed! ID: #58
(ENTRY #118) 2022-02-18 22:36:37.859461 >> Cloud created! ID: #59
(ENTRY #119) 2022-02-18 22:36:38.901263 >> Cloud created! ID: #60
(ENTRY #120) 2022-02-18 22:36:39.278342 >> Cloud removed! ID: #60
(ENTRY #121) 2022-02-18 22:36:40.039181 >> Cloud created! ID: #61
(ENTRY #122) 2022-02-18 22:36:40.167690 >> Cloud removed! ID: #61
(ENTRY #123) 2022-02-18 22:36:40.309168 >> Cloud removed! ID: #61
(ENTRY #124) 2022-02-18 22:36:41.044608 >> Cloud created! ID: #62
(ENTRY #125) 2022-02-18 22:36:41.174586 >> Cloud removed! ID: #62
(ENTRY #126) 2022-02-18 22:36:41.303766 >> Cloud removed! ID: #62
(ENTRY #127) 2022-02-18 22:36:41.342667 >> Cloud removed! ID: #62
(ENTRY #128) 2022-02-18 22:36:42.062135 >> Cloud created! ID: #63
(ENTRY #129) 2022-02-18 22:36:43.187687 >> Cloud created! ID: #64
(ENTRY #130) 2022-02-18 22:36:44.232264 >> Cloud created! ID: #65
(ENTRY #131) 2022-02-18 22:36:44.246510 >> Cloud removed! ID: #65
(ENTRY #132) 2022-02-18 22:36:44.285695 >> Cloud removed! ID: #65
(ENTRY #133) 2022-02-18 22:36:45.269721 >> Cloud created! ID: #66
(ENTRY #134) 2022-02-18 22:36:45.309772 >> Cloud removed! ID: #66
(ENTRY #135) 2022-02-18 22:36:46.343168 >> Cloud removed! ID: #66
(ENTRY #136) 2022-02-18 22:36:46.368034 >> Cloud created! ID: #67
(ENTRY #137) 2022-02-18 22:36:47.453956 >> Cloud created! ID: #68
(ENTRY #138) 2022-02-18 22:36:48.522965 >> Cloud created! ID: #69
(ENTRY #139) 2022-02-18 22:36:48.536479 >> Cloud removed! ID: #69
(ENTRY #140) 2022-02-18 22:36:49.604320 >> Cloud created! ID: #70
(ENTRY #141) 2022-02-18 22:36:49.605818 >> Cloud removed! ID: #70
(ENTRY #142) 2022-02-18 22:36:50.675755 >> Cloud created! ID: #71
(ENTRY #143) 2022-02-18 22:36:51.702466 >> Cloud removed! ID: #71
(ENTRY #144) 2022-02-18 22:36:51.714756 >> Cloud created! ID: #72
(ENTRY #145) 2022-02-18 22:36:51.755800 >> Cloud removed! ID: #72
(ENTRY #146) 2022-02-18 22:36:52.824574 >> Cloud removed! ID: #72
(ENTRY #147) 2022-02-18 22:36:52.837076 >> Cloud created! ID: #73
(ENTRY #148) 2022-02-18 22:36:53.929825 >> Cloud removed! ID: #73
(ENTRY #149) 2022-02-18 22:36:53.955323 >> Cloud removed! ID: #73
(ENTRY #150) 2022-02-18 22:36:53.981487 >> Cloud created! ID: #74
(ENTRY #151) 2022-02-18 22:36:55.106039 >> Cloud created! ID: #75
(ENTRY #152) 2022-02-18 22:36:56.258383 >> Cloud created! ID: #76
(ENTRY #153) 2022-02-18 22:36:57.111808 >> Cloud removed! ID: #76
(ENTRY #154) 2022-02-18 22:36:57.275140 >> Cloud created! ID: #77
(ENTRY #155) 2022-02-18 22:36:58.148408 >> Cloud removed! ID: #77
(ENTRY #156) 2022-02-18 22:36:58.443853 >> Cloud created! ID: #78
(ENTRY #157) 2022-02-18 22:36:59.482204 >> Cloud created! ID: #79
(ENTRY #158) 2022-02-18 22:37:00.361825 >> Cloud removed! ID: #79
(ENTRY #159) 2022-02-18 22:37:00.512744 >> Cloud created! ID: #80
(ENTRY #160) 2022-02-18 22:37:01.394366 >> Cloud removed! ID: #80
(ENTRY #161) 2022-02-18 22:37:01.645124 >> Cloud created! ID: #81
(ENTRY #162) 2022-02-18 22:37:02.721859 >> Cloud created! ID: #82
(ENTRY #163) 2022-02-18 22:37:03.561409 >> Cloud removed! ID: #82
(ENTRY #164) 2022-02-18 22:37:03.689523 >> Cloud removed! ID: #82
(ENTRY #165) 2022-02-18 22:37:03.792788 >> Cloud created! ID: #83
(ENTRY #166) 2022-02-18 22:37:04.858397 >> Cloud created! ID: #84
(ENTRY #167) 2022-02-18 22:37:04.872372 >> Cloud removed! ID: #84
(ENTRY #168) 2022-02-18 22:37:05.874884 >> Cloud removed! ID: #84
(ENTRY #169) 2022-02-18 22:37:05.887222 >> Cloud created! ID: #85
(ENTRY #170) 2022-02-18 22:37:06.866044 >> Cloud removed! ID: #85
(ENTRY #171) 2022-02-18 22:37:06.951913 >> Cloud created! ID: #86
(ENTRY #172) 2022-02-18 22:37:07.808456 >> Cloud removed! ID: #86
(ENTRY #173) 2022-02-18 22:37:07.946688 >> Cloud removed! ID: #86
(ENTRY #174) 2022-02-18 22:37:08.058145 >> Cloud created! ID: #87
(ENTRY #175) 2022-02-18 22:37:08.916739 >> Cloud removed! ID: #87
(ENTRY #176) 2022-02-18 22:37:08.953069 >> Cloud removed! ID: #87
(ENTRY #177) 2022-02-18 22:37:09.072738 >> Cloud created! ID: #88
(ENTRY #178) 2022-02-18 22:37:10.081443 >> Cloud created! ID: #89
(ENTRY #179) 2022-02-18 22:37:11.106485 >> Cloud created! ID: #90
(ENTRY #180) 2022-02-18 22:37:11.998766 >> Cloud removed! ID: #90
(ENTRY #181) 2022-02-18 22:37:12.143966 >> Cloud created! ID: #91
(ENTRY #182) 2022-02-18 22:37:13.059447 >> Cloud removed! ID: #91
(ENTRY #183) 2022-02-18 22:37:13.148586 >> Cloud removed! ID: #91
(ENTRY #184) 2022-02-18 22:37:13.174095 >> Cloud created! ID: #92
(ENTRY #185) 2022-02-18 22:37:14.170043 >> Cloud removed! ID: #92
(ENTRY #186) 2022-02-18 22:37:14.183110 >> Cloud removed! ID: #92
(ENTRY #187) 2022-02-18 22:37:14.395106 >> Cloud created! ID: #93
(ENTRY #188) 2022-02-18 22:37:15.424843 >> Cloud created! ID: #94
(ENTRY #189) 2022-02-18 22:37:15.809120 >> Naval Warfare 2D Closed...
