Log for Naval Warfare 2D, intended for debugging purposes only! 

(ENTRY #1) 2022-03-10 18:35:50.054837 >> Initialized Log handler...
(ENTRY #2) 2022-03-10 18:35:51.159051 >> Initialized Warship handler...
(ENTRY #3) 2022-03-10 18:35:51.162044 >> Initialized Projectile handler...
(ENTRY #4) 2022-03-10 18:35:51.163043 >> Dumb-AI Entity created!
(ENTRY #5) 2022-03-10 18:35:51.165057 >> Dumb-AI Entity created!
(ENTRY #6) 2022-03-10 18:35:51.166057 >> Dumb-AI Entity created!
(ENTRY #7) 2022-03-10 18:35:51.167052 >> Dumb-AI Entity created!
(ENTRY #8) 2022-03-10 18:35:51.172050 >> Dumb-AI Entity created!
(ENTRY #9) 2022-03-10 18:35:51.179045 >> Dumb-AI Entity created!
(ENTRY #10) 2022-03-10 18:35:51.187052 >> Dumb-AI Entity created!
(ENTRY #11) 2022-03-10 18:35:51.192044 >> Dumb-AI Entity created!
(ENTRY #12) 2022-03-10 18:35:51.196067 >> Dumb-AI Entity created!
(ENTRY #13) 2022-03-10 18:35:51.203048 >> Dumb-AI Entity created!
(ENTRY #14) 2022-03-10 18:35:51.291050 >> Initialized GUI handler...
(ENTRY #15) 2022-03-10 18:35:51.292052 >> Starting Naval Warfare 2D...
(ENTRY #16) 2022-03-10 18:35:56.892664 >> Created Sprite for Player!
(ENTRY #17) 2022-03-10 18:35:56.892664 >> Finished initalizing!
(ENTRY #18) 2022-03-10 18:35:59.120786 >> Returning to menu!
(ENTRY #19) 2022-03-10 18:36:00.069995 >> Game resumed!
(ENTRY #20) 2022-03-10 18:36:00.090156 >> Cloud created! ID: #1
(ENTRY #21) 2022-03-10 18:36:00.090156 >> AI Entity #1 and entity_1_3 have collided!
(ENTRY #22) 2022-03-10 18:36:00.090156 >> entity_1_3 and AI Entity #1 have collided!
(ENTRY #23) 2022-03-10 18:36:00.091156 >> MOUSEPOS: (350.0, 449.75)
(ENTRY #24) 2022-03-10 18:36:00.091156 >> SLOPE CALC:None
(ENTRY #25) 2022-03-10 18:36:00.091156 >> Object lightRound has been created!
(ENTRY #26) 2022-03-10 18:36:00.091156 >> Protectile #2 has been created! Type: Light
(ENTRY #27) 2022-03-10 18:36:00.091156 >> Projectile created! ID: #2
(ENTRY #28) 2022-03-10 18:36:00.091156 >> MOUSEPOS: (300.0, 449.75)
(ENTRY #29) 2022-03-10 18:36:00.091156 >> SLOPE CALC:None
(ENTRY #30) 2022-03-10 18:36:00.091156 >> Object lightRound has been created!
(ENTRY #31) 2022-03-10 18:36:00.092162 >> Protectile #4 has been created! Type: Light
(ENTRY #32) 2022-03-10 18:36:00.092162 >> Projectile created! ID: #4
(ENTRY #33) 2022-03-10 18:36:00.092162 >> MOUSEPOS: (350.0, 449.75)
(ENTRY #34) 2022-03-10 18:36:00.092162 >> SLOPE CALC:None
(ENTRY #35) 2022-03-10 18:36:00.092162 >> Object lightRound has been created!
(ENTRY #36) 2022-03-10 18:36:00.093162 >> Protectile #6 has been created! Type: Light
(ENTRY #37) 2022-03-10 18:36:00.093162 >> Projectile created! ID: #6
(ENTRY #38) 2022-03-10 18:36:00.093162 >> MOUSEPOS: (450.0, 450.0)
(ENTRY #39) 2022-03-10 18:36:00.093162 >> SLOPE CALC:None
(ENTRY #40) 2022-03-10 18:36:00.093162 >> LIN CALC FIN: 499.75
(ENTRY #41) 2022-03-10 18:36:00.093162 >> LIN CALC RAW: 400.25
(ENTRY #42) 2022-03-10 18:36:00.093162 >> Above!
(ENTRY #43) 2022-03-10 18:36:00.093162 >> Object lightRound has been created!
(ENTRY #44) 2022-03-10 18:36:00.093162 >> Protectile #8 has been created! Type: Light
(ENTRY #45) 2022-03-10 18:36:00.093162 >> Projectile created! ID: #8
(ENTRY #46) 2022-03-10 18:36:00.093162 >> MOUSEPOS: (600.0, 449.0)
(ENTRY #47) 2022-03-10 18:36:00.093162 >> SLOPE CALC:None
(ENTRY #48) 2022-03-10 18:36:00.093162 >> Object lightRound has been created!
(ENTRY #49) 2022-03-10 18:36:00.094123 >> Protectile #10 has been created! Type: Light
(ENTRY #50) 2022-03-10 18:36:00.094123 >> Projectile created! ID: #10
(ENTRY #51) 2022-03-10 18:36:00.094123 >> MOUSEPOS: (550.0, 449.0)
(ENTRY #52) 2022-03-10 18:36:00.094123 >> SLOPE CALC:None
(ENTRY #53) 2022-03-10 18:36:00.094123 >> Object lightRound has been created!
(ENTRY #54) 2022-03-10 18:36:00.094123 >> Protectile #12 has been created! Type: Light
(ENTRY #55) 2022-03-10 18:36:00.094123 >> Projectile created! ID: #12
(ENTRY #56) 2022-03-10 18:36:00.094123 >> MOUSEPOS: (600.0, 449.0)
(ENTRY #57) 2022-03-10 18:36:00.094123 >> SLOPE CALC:None
(ENTRY #58) 2022-03-10 18:36:00.094123 >> Object lightRound has been created!
(ENTRY #59) 2022-03-10 18:36:00.095156 >> Protectile #14 has been created! Type: Light
(ENTRY #60) 2022-03-10 18:36:00.095156 >> Projectile created! ID: #14
(ENTRY #61) 2022-03-10 18:36:00.095156 >> MOUSEPOS: (650.0, 449.0)
(ENTRY #62) 2022-03-10 18:36:00.095156 >> SLOPE CALC:None
(ENTRY #63) 2022-03-10 18:36:00.095156 >> Object lightRound has been created!
(ENTRY #64) 2022-03-10 18:36:00.095156 >> Protectile #16 has been created! Type: Light
(ENTRY #65) 2022-03-10 18:36:00.096156 >> Projectile created! ID: #16
(ENTRY #66) 2022-03-10 18:36:00.096156 >> MOUSEPOS: (700.0, 449.0)
(ENTRY #67) 2022-03-10 18:36:00.096156 >> SLOPE CALC:None
(ENTRY #68) 2022-03-10 18:36:00.096156 >> Object lightRound has been created!
(ENTRY #69) 2022-03-10 18:36:00.096156 >> Protectile #18 has been created! Type: Light
(ENTRY #70) 2022-03-10 18:36:00.096156 >> Projectile created! ID: #18
(ENTRY #71) 2022-03-10 18:36:00.126125 >> Death menu active!
(ENTRY #72) 2022-03-10 18:36:00.727605 >> Returning to menu!
(ENTRY #73) 2022-03-10 18:36:02.192876 >> Returning to menu!
(ENTRY #74) 2022-03-10 18:36:02.842347 >> Game resumed!
(ENTRY #75) 2022-03-10 18:36:03.411894 >> Game resumed!
(ENTRY #76) 2022-03-10 18:36:03.938158 >> Opened about menu!
(ENTRY #77) 2022-03-10 18:36:04.792653 >> Returning to menu!
(ENTRY #78) 2022-03-10 18:36:07.091700 >> Naval Warfare 2D Closed...
