Log for Naval Warfare 2D, intended for debugging purposes only! 

(ENTRY #1) 2022-03-10 18:34:09.645631 >> Initialized Log handler...
(ENTRY #2) 2022-03-10 18:34:10.783736 >> Initialized Warship handler...
(ENTRY #3) 2022-03-10 18:34:10.786708 >> Initialized Projectile handler...
(ENTRY #4) 2022-03-10 18:34:10.787710 >> Dumb-AI Entity created!
(ENTRY #5) 2022-03-10 18:34:10.789711 >> Dumb-AI Entity created!
(ENTRY #6) 2022-03-10 18:34:10.791715 >> Dumb-AI Entity created!
(ENTRY #7) 2022-03-10 18:34:10.793707 >> Dumb-AI Entity created!
(ENTRY #8) 2022-03-10 18:34:10.796712 >> Dumb-AI Entity created!
(ENTRY #9) 2022-03-10 18:34:10.804704 >> Dumb-AI Entity created!
(ENTRY #10) 2022-03-10 18:34:10.814707 >> Dumb-AI Entity created!
(ENTRY #11) 2022-03-10 18:34:10.819714 >> Dumb-AI Entity created!
(ENTRY #12) 2022-03-10 18:34:10.827708 >> Dumb-AI Entity created!
(ENTRY #13) 2022-03-10 18:34:10.832711 >> Dumb-AI Entity created!
(ENTRY #14) 2022-03-10 18:34:10.893744 >> Initialized GUI handler...
(ENTRY #15) 2022-03-10 18:34:10.893744 >> Starting Naval Warfare 2D...
(ENTRY #16) 2022-03-10 18:34:16.495096 >> Created Sprite for Player!
(ENTRY #17) 2022-03-10 18:34:16.495096 >> Finished initalizing!
(ENTRY #18) 2022-03-10 18:34:18.423625 >> Returning to menu!
(ENTRY #19) 2022-03-10 18:34:19.131789 >> Game resumed!
(ENTRY #20) 2022-03-10 18:34:19.152184 >> Cloud created! ID: #1
(ENTRY #21) 2022-03-10 18:34:19.152184 >> AI Entity #1 and entity_1_3 have collided!
(ENTRY #22) 2022-03-10 18:34:19.152184 >> entity_1_3 and AI Entity #1 have collided!
(ENTRY #23) 2022-03-10 18:34:19.152184 >> MOUSEPOS: (350.0, 449.75)
(ENTRY #24) 2022-03-10 18:34:19.152184 >> SLOPE CALC:None
(ENTRY #25) 2022-03-10 18:34:19.152184 >> Object lightRound has been created!
(ENTRY #26) 2022-03-10 18:34:19.153157 >> Protectile #2 has been created! Type: Light
(ENTRY #27) 2022-03-10 18:34:19.153157 >> Projectile created! ID: #2
(ENTRY #28) 2022-03-10 18:34:19.153157 >> MOUSEPOS: (300.0, 449.75)
(ENTRY #29) 2022-03-10 18:34:19.153157 >> SLOPE CALC:None
(ENTRY #30) 2022-03-10 18:34:19.153157 >> Object lightRound has been created!
(ENTRY #31) 2022-03-10 18:34:19.154154 >> Protectile #4 has been created! Type: Light
(ENTRY #32) 2022-03-10 18:34:19.154154 >> Projectile created! ID: #4
(ENTRY #33) 2022-03-10 18:34:19.154154 >> MOUSEPOS: (350.0, 449.75)
(ENTRY #34) 2022-03-10 18:34:19.154154 >> SLOPE CALC:None
(ENTRY #35) 2022-03-10 18:34:19.154154 >> Object lightRound has been created!
(ENTRY #36) 2022-03-10 18:34:19.154154 >> Protectile #6 has been created! Type: Light
(ENTRY #37) 2022-03-10 18:34:19.154154 >> Projectile created! ID: #6
(ENTRY #38) 2022-03-10 18:34:19.154154 >> MOUSEPOS: (450.0, 450.0)
(ENTRY #39) 2022-03-10 18:34:19.154154 >> SLOPE CALC:None
(ENTRY #40) 2022-03-10 18:34:19.154154 >> LIN CALC FIN: 499.75
(ENTRY #41) 2022-03-10 18:34:19.154154 >> LIN CALC RAW: 400.25
(ENTRY #42) 2022-03-10 18:34:19.154154 >> Above!
(ENTRY #43) 2022-03-10 18:34:19.154154 >> Object lightRound has been created!
(ENTRY #44) 2022-03-10 18:34:19.155184 >> Protectile #8 has been created! Type: Light
(ENTRY #45) 2022-03-10 18:34:19.155184 >> Projectile created! ID: #8
(ENTRY #46) 2022-03-10 18:34:19.155184 >> MOUSEPOS: (600.0, 449.0)
(ENTRY #47) 2022-03-10 18:34:19.155184 >> SLOPE CALC:None
(ENTRY #48) 2022-03-10 18:34:19.155184 >> Object lightRound has been created!
(ENTRY #49) 2022-03-10 18:34:19.155184 >> Protectile #10 has been created! Type: Light
(ENTRY #50) 2022-03-10 18:34:19.155184 >> Projectile created! ID: #10
(ENTRY #51) 2022-03-10 18:34:19.155184 >> MOUSEPOS: (550.0, 449.0)
(ENTRY #52) 2022-03-10 18:34:19.155184 >> SLOPE CALC:None
(ENTRY #53) 2022-03-10 18:34:19.155184 >> Object lightRound has been created!
(ENTRY #54) 2022-03-10 18:34:19.156184 >> Protectile #12 has been created! Type: Light
(ENTRY #55) 2022-03-10 18:34:19.156184 >> Projectile created! ID: #12
(ENTRY #56) 2022-03-10 18:34:19.156184 >> MOUSEPOS: (600.0, 449.0)
(ENTRY #57) 2022-03-10 18:34:19.156184 >> SLOPE CALC:None
(ENTRY #58) 2022-03-10 18:34:19.156184 >> Object lightRound has been created!
(ENTRY #59) 2022-03-10 18:34:19.157184 >> Protectile #14 has been created! Type: Light
(ENTRY #60) 2022-03-10 18:34:19.157184 >> Projectile created! ID: #14
(ENTRY #61) 2022-03-10 18:34:19.157184 >> MOUSEPOS: (650.0, 449.0)
(ENTRY #62) 2022-03-10 18:34:19.157184 >> SLOPE CALC:None
(ENTRY #63) 2022-03-10 18:34:19.157184 >> Object lightRound has been created!
(ENTRY #64) 2022-03-10 18:34:19.158155 >> Protectile #16 has been created! Type: Light
(ENTRY #65) 2022-03-10 18:34:19.158155 >> Projectile created! ID: #16
(ENTRY #66) 2022-03-10 18:34:19.158155 >> MOUSEPOS: (700.0, 449.0)
(ENTRY #67) 2022-03-10 18:34:19.158155 >> SLOPE CALC:None
(ENTRY #68) 2022-03-10 18:34:19.158155 >> Object lightRound has been created!
(ENTRY #69) 2022-03-10 18:34:19.158155 >> Protectile #18 has been created! Type: Light
(ENTRY #70) 2022-03-10 18:34:19.158155 >> Projectile created! ID: #18
(ENTRY #71) 2022-03-10 18:34:19.196184 >> Death menu active!
(ENTRY #72) 2022-03-10 18:34:19.683849 >> Returning to menu!
(ENTRY #73) 2022-03-10 18:34:21.846549 >> Returning to menu!
(ENTRY #74) 2022-03-10 18:34:22.526133 >> Game resumed!
(ENTRY #75) 2022-03-10 18:34:22.883759 >> Game resumed!
(ENTRY #76) 2022-03-10 18:34:23.048913 >> Game resumed!
(ENTRY #77) 2022-03-10 18:34:23.270086 >> Game resumed!
(ENTRY #78) 2022-03-10 18:34:25.148366 >> Opened Debug Menu!
(ENTRY #79) 2022-03-10 18:34:25.961408 >> Returning to menu!
(ENTRY #80) 2022-03-10 18:34:27.588307 >> Game resumed!
(ENTRY #81) 2022-03-10 18:34:29.269164 >> Opened Debug Menu!
(ENTRY #82) 2022-03-10 18:34:29.643619 >> Returning to menu!
(ENTRY #83) 2022-03-10 18:34:31.039183 >> Opened Debug Menu!
(ENTRY #84) 2022-03-10 18:34:31.558320 >> Returning to menu!
(ENTRY #85) 2022-03-10 18:34:36.540919 >> Opened Debug Menu!
(ENTRY #86) 2022-03-10 18:34:36.947609 >> Returning to menu!
(ENTRY #87) 2022-03-10 18:34:39.665619 >> Game resumed!
(ENTRY #88) 2022-03-10 18:34:40.101815 >> Game resumed!
(ENTRY #89) 2022-03-10 18:34:40.332830 >> Game resumed!
(ENTRY #90) 2022-03-10 18:34:40.520820 >> Game resumed!
(ENTRY #91) 2022-03-10 18:34:41.002767 >> Opened about menu!
(ENTRY #92) 2022-03-10 18:34:42.376892 >> Returning to menu!
(ENTRY #93) 2022-03-10 18:34:43.173726 >> Opened Debug Menu!
(ENTRY #94) 2022-03-10 18:34:43.762330 >> Returning to menu!
(ENTRY #95) 2022-03-10 18:34:46.052436 >> Game resumed!
(ENTRY #96) 2022-03-10 18:34:47.046762 >> Naval Warfare 2D Closed...
