Log for Naval Warfare 2D, intended for debugging purposes only! 

(ENTRY #1) 2022-04-18 21:14:28.000109 >> Initialized Log handler...
(ENTRY #2) 2022-04-18 21:14:28.644109 >> Initialized Warship handler...
(ENTRY #3) 2022-04-18 21:14:28.646110 >> Initialized Projectile handler...
(ENTRY #4) 2022-04-18 21:14:28.655109 >> Initialized GUI handler...
(ENTRY #5) 2022-04-18 21:14:28.656109 >> Starting Naval Warfare 2D...
(ENTRY #6) 2022-04-18 21:14:33.827082 >> Created Sprite for Player!
(ENTRY #7) 2022-04-18 21:14:33.827082 >> Finished initalizing!
(ENTRY #8) 2022-04-18 21:15:54.729024 >> Returning to menu!
(ENTRY #9) 2022-04-18 21:15:55.478054 >> Game resumed!
(ENTRY #10) 2022-04-18 21:15:55.478054 >> Dumb-AI Entity created!
(ENTRY #11) 2022-04-18 21:15:55.478054 >> Dumb-AI Entity created!
(ENTRY #12) 2022-04-18 21:15:55.489053 >> Cloud created! ID: #1
(ENTRY #13) 2022-04-18 21:15:55.546053 >> Dumb-AI Entity created!
(ENTRY #14) 2022-04-18 21:15:56.527053 >> Cloud created! ID: #2
(ENTRY #15) 2022-04-18 21:15:57.495053 >> MOUSEPOS: (159.57687316304072, 148.43385527250732)
(ENTRY #16) 2022-04-18 21:15:57.495053 >> SLOPE CALC:None
(ENTRY #17) 2022-04-18 21:15:57.495053 >> LIN CALC FIN: 171.4278474713269
(ENTRY #18) 2022-04-18 21:15:57.495053 >> LIN CALC RAW: 728.5721525286731
(ENTRY #19) 2022-04-18 21:15:57.495053 >> Above!
(ENTRY #20) 2022-04-18 21:15:57.495053 >> Object lightRound has been created!
(ENTRY #21) 2022-04-18 21:15:57.495053 >> Protectile #2 has been created! Type: Light
(ENTRY #22) 2022-04-18 21:15:57.495053 >> Projectile created! ID: #2
(ENTRY #23) 2022-04-18 21:15:57.495053 >> MOUSEPOS: (144.57687316304072, 191.43385527250732)
(ENTRY #24) 2022-04-18 21:15:57.495053 >> SLOPE CALC:None
(ENTRY #25) 2022-04-18 21:15:57.495053 >> LIN CALC FIN: 189.16904815913756
(ENTRY #26) 2022-04-18 21:15:57.495053 >> LIN CALC RAW: 710.8309518408624
(ENTRY #27) 2022-04-18 21:15:57.495053 >> Below!
(ENTRY #28) 2022-04-18 21:15:57.495053 >> Object lightRound has been created!
(ENTRY #29) 2022-04-18 21:15:57.495053 >> Protectile #4 has been created! Type: Light
(ENTRY #30) 2022-04-18 21:15:57.495053 >> Projectile created! ID: #4
(ENTRY #31) 2022-04-18 21:15:57.495053 >> MOUSEPOS: (163.7629830063466, 160.6139573146327)
(ENTRY #32) 2022-04-18 21:15:57.495053 >> SLOPE CALC:None
(ENTRY #33) 2022-04-18 21:15:57.495053 >> LIN CALC FIN: 181.61996511581322
(ENTRY #34) 2022-04-18 21:15:57.495053 >> LIN CALC RAW: 718.3800348841868
(ENTRY #35) 2022-04-18 21:15:57.495053 >> Above!
(ENTRY #36) 2022-04-18 21:15:57.495053 >> Object lightRound has been created!
(ENTRY #37) 2022-04-18 21:15:57.495053 >> Protectile #6 has been created! Type: Light
(ENTRY #38) 2022-04-18 21:15:57.495053 >> Projectile created! ID: #6
(ENTRY #39) 2022-04-18 21:15:57.509053 >> Projectile has hit!
(ENTRY #40) 2022-04-18 21:15:57.509053 >> Projectile has hit!
(ENTRY #41) 2022-04-18 21:15:57.509053 >> Projectile removed!
(ENTRY #42) 2022-04-18 21:15:57.509053 >> Projectile removed!
(ENTRY #43) 2022-04-18 21:15:57.548053 >> Cloud created! ID: #3
(ENTRY #44) 2022-04-18 21:15:58.608419 >> Cloud created! ID: #4
(ENTRY #45) 2022-04-18 21:15:59.016421 >> MOUSEPOS: (279, 143)
(ENTRY #46) 2022-04-18 21:15:59.016421 >> SLOPE CALC:None
(ENTRY #47) 2022-04-18 21:15:59.016421 >> LIN CALC FIN: 248.0064705465511
(ENTRY #48) 2022-04-18 21:15:59.016421 >> LIN CALC RAW: 651.9935294534489
(ENTRY #49) 2022-04-18 21:15:59.016421 >> Above!
(ENTRY #50) 2022-04-18 21:15:59.016421 >> Object lightRound has been created!
(ENTRY #51) 2022-04-18 21:15:59.016421 >> Protectile #8 has been created! Type: Light
(ENTRY #52) 2022-04-18 21:15:59.016421 >> Projectile created! ID: #8
(ENTRY #53) 2022-04-18 21:15:59.495837 >> MOUSEPOS: (247.08148245884055, 99.63163894326212)
(ENTRY #54) 2022-04-18 21:15:59.495837 >> SLOPE CALC:None
(ENTRY #55) 2022-04-18 21:15:59.495837 >> LIN CALC FIN: 63.22160021800005
(ENTRY #56) 2022-04-18 21:15:59.495837 >> LIN CALC RAW: 836.778399782
(ENTRY #57) 2022-04-18 21:15:59.495837 >> Below!
(ENTRY #58) 2022-04-18 21:15:59.495837 >> Object lightRound has been created!
(ENTRY #59) 2022-04-18 21:15:59.495837 >> Protectile #10 has been created! Type: Light
(ENTRY #60) 2022-04-18 21:15:59.495837 >> Projectile created! ID: #10
(ENTRY #61) 2022-04-18 21:15:59.495837 >> MOUSEPOS: (270.0814824588406, 69.63163894326212)
(ENTRY #62) 2022-04-18 21:15:59.495837 >> SLOPE CALC:None
(ENTRY #63) 2022-04-18 21:15:59.495837 >> LIN CALC FIN: 104.30014408968714
(ENTRY #64) 2022-04-18 21:15:59.495837 >> LIN CALC RAW: 795.6998559103129
(ENTRY #65) 2022-04-18 21:15:59.495837 >> Above!
(ENTRY #66) 2022-04-18 21:15:59.495837 >> Object lightRound has been created!
(ENTRY #67) 2022-04-18 21:15:59.496837 >> Protectile #12 has been created! Type: Light
(ENTRY #68) 2022-04-18 21:15:59.496837 >> Projectile created! ID: #12
(ENTRY #69) 2022-04-18 21:15:59.496837 >> MOUSEPOS: (263.0830661799536, 84.22318393911314)
(ENTRY #70) 2022-04-18 21:15:59.496837 >> SLOPE CALC:None
(ENTRY #71) 2022-04-18 21:15:59.496837 >> LIN CALC FIN: 77.63322266437513
(ENTRY #72) 2022-04-18 21:15:59.496837 >> LIN CALC RAW: 822.3667773356249
(ENTRY #73) 2022-04-18 21:15:59.496837 >> Below!
(ENTRY #74) 2022-04-18 21:15:59.496837 >> Object lightRound has been created!
(ENTRY #75) 2022-04-18 21:15:59.496837 >> Protectile #14 has been created! Type: Light
(ENTRY #76) 2022-04-18 21:15:59.496837 >> Projectile created! ID: #14
(ENTRY #77) 2022-04-18 21:15:59.510837 >> Projectile has hit!
(ENTRY #78) 2022-04-18 21:15:59.510837 >> Projectile has hit!
(ENTRY #79) 2022-04-18 21:15:59.510837 >> Projectile removed!
(ENTRY #80) 2022-04-18 21:15:59.510837 >> Projectile removed!
(ENTRY #81) 2022-04-18 21:15:59.671834 >> Cloud created! ID: #5
(ENTRY #82) 2022-04-18 21:15:59.766834 >> Projectile has hit!
(ENTRY #83) 2022-04-18 21:15:59.766834 >> Projectile removed!
(ENTRY #84) 2022-04-18 21:16:00.726836 >> Cloud created! ID: #6
(ENTRY #85) 2022-04-18 21:16:01.007837 >> Projectile removed!
(ENTRY #86) 2022-04-18 21:16:01.506488 >> MOUSEPOS: (277.6348797473644, 72.24417160144213)
(ENTRY #87) 2022-04-18 21:16:01.506488 >> SLOPE CALC:None
(ENTRY #88) 2022-04-18 21:16:01.506488 >> LIN CALC FIN: 74.89374259992178
(ENTRY #89) 2022-04-18 21:16:01.506488 >> LIN CALC RAW: 825.1062574000782
(ENTRY #90) 2022-04-18 21:16:01.506488 >> Above!
(ENTRY #91) 2022-04-18 21:16:01.506488 >> Object lightRound has been created!
(ENTRY #92) 2022-04-18 21:16:01.506488 >> Protectile #16 has been created! Type: Light
(ENTRY #93) 2022-04-18 21:16:01.506488 >> Projectile created! ID: #16
(ENTRY #94) 2022-04-18 21:16:01.506488 >> MOUSEPOS: (295.6348797473644, 80.24417160144213)
(ENTRY #95) 2022-04-18 21:16:01.506488 >> SLOPE CALC:None
(ENTRY #96) 2022-04-18 21:16:01.506488 >> LIN CALC FIN: 131.05001545679283
(ENTRY #97) 2022-04-18 21:16:01.506488 >> LIN CALC RAW: 768.9499845432072
(ENTRY #98) 2022-04-18 21:16:01.506488 >> Above!
(ENTRY #99) 2022-04-18 21:16:01.506488 >> Object lightRound has been created!
(ENTRY #100) 2022-04-18 21:16:01.506488 >> Protectile #18 has been created! Type: Light
(ENTRY #101) 2022-04-18 21:16:01.506488 >> Projectile created! ID: #18
(ENTRY #102) 2022-04-18 21:16:01.506488 >> MOUSEPOS: (397.9677225809036, 166.22658543346105)
(ENTRY #103) 2022-04-18 21:16:01.506488 >> SLOPE CALC:None
(ENTRY #104) 2022-04-18 21:16:01.506488 >> LIN CALC FIN: 184.57701443498138
(ENTRY #105) 2022-04-18 21:16:01.506488 >> LIN CALC RAW: 715.4229855650186
(ENTRY #106) 2022-04-18 21:16:01.506488 >> Above!
(ENTRY #107) 2022-04-18 21:16:01.506488 >> Object lightRound has been created!
(ENTRY #108) 2022-04-18 21:16:01.506488 >> Protectile #20 has been created! Type: Light
(ENTRY #109) 2022-04-18 21:16:01.506488 >> Projectile created! ID: #20
(ENTRY #110) 2022-04-18 21:16:01.730998 >> Cloud created! ID: #7
(ENTRY #111) 2022-04-18 21:16:02.259891 >> Projectile removed!
(ENTRY #112) 2022-04-18 21:16:02.273891 >> Projectile has hit!
(ENTRY #113) 2022-04-18 21:16:02.273891 >> Projectile removed!
(ENTRY #114) 2022-04-18 21:16:02.431892 >> Projectile has hit!
(ENTRY #115) 2022-04-18 21:16:02.431892 >> Projectile removed!
(ENTRY #116) 2022-04-18 21:16:02.486894 >> Dumb-AI Entity created!
(ENTRY #117) 2022-04-18 21:16:02.487894 >> Dumb-AI Entity created!
(ENTRY #118) 2022-04-18 21:16:02.501894 >> Projectile has hit!
(ENTRY #119) 2022-04-18 21:16:02.501894 >> Projectile removed!
(ENTRY #120) 2022-04-18 21:16:02.774923 >> Cloud created! ID: #8
(ENTRY #121) 2022-04-18 21:16:02.811922 >> Activating shop!
(ENTRY #122) 2022-04-18 21:16:03.763673 >> Returning to game!
(ENTRY #123) 2022-04-18 21:16:03.777676 >> MOUSEPOS: (188.0, 366.0)
(ENTRY #124) 2022-04-18 21:16:03.777676 >> SLOPE CALC:None
(ENTRY #125) 2022-04-18 21:16:03.777676 >> LIN CALC FIN: 446.2468377066259
(ENTRY #126) 2022-04-18 21:16:03.777676 >> LIN CALC RAW: 453.7531622933741
(ENTRY #127) 2022-04-18 21:16:03.777676 >> Above!
(ENTRY #128) 2022-04-18 21:16:03.777676 >> Object lightRound has been created!
(ENTRY #129) 2022-04-18 21:16:03.777676 >> Protectile #22 has been created! Type: Light
(ENTRY #130) 2022-04-18 21:16:03.777676 >> Projectile created! ID: #22
(ENTRY #131) 2022-04-18 21:16:03.777676 >> MOUSEPOS: (146.0, 365.0)
(ENTRY #132) 2022-04-18 21:16:03.777676 >> SLOPE CALC:None
(ENTRY #133) 2022-04-18 21:16:03.777676 >> LIN CALC FIN: 564.3893404689461
(ENTRY #134) 2022-04-18 21:16:03.777676 >> LIN CALC RAW: 335.6106595310539
(ENTRY #135) 2022-04-18 21:16:03.777676 >> Above!
(ENTRY #136) 2022-04-18 21:16:03.777676 >> Object lightRound has been created!
(ENTRY #137) 2022-04-18 21:16:03.777676 >> Protectile #24 has been created! Type: Light
(ENTRY #138) 2022-04-18 21:16:03.777676 >> Projectile created! ID: #24
(ENTRY #139) 2022-04-18 21:16:03.777676 >> MOUSEPOS: (204.01702790128618, 436.4925279590661)
(ENTRY #140) 2022-04-18 21:16:03.777676 >> SLOPE CALC:None
(ENTRY #141) 2022-04-18 21:16:03.777676 >> LIN CALC FIN: 359.01702790128616
(ENTRY #142) 2022-04-18 21:16:03.777676 >> LIN CALC RAW: 540.9829720987138
(ENTRY #143) 2022-04-18 21:16:03.777676 >> Below!
(ENTRY #144) 2022-04-18 21:16:03.777676 >> Object lightRound has been created!
(ENTRY #145) 2022-04-18 21:16:03.777676 >> Protectile #26 has been created! Type: Light
(ENTRY #146) 2022-04-18 21:16:03.777676 >> Projectile created! ID: #26
(ENTRY #147) 2022-04-18 21:16:03.777676 >> MOUSEPOS: (187.01702790128618, 425.4925279590661)
(ENTRY #148) 2022-04-18 21:16:03.777676 >> SLOPE CALC:None
(ENTRY #149) 2022-04-18 21:16:03.777676 >> LIN CALC FIN: 372.01702790128616
(ENTRY #150) 2022-04-18 21:16:03.777676 >> LIN CALC RAW: 527.9829720987138
(ENTRY #151) 2022-04-18 21:16:03.777676 >> Below!
(ENTRY #152) 2022-04-18 21:16:03.777676 >> Object lightRound has been created!
(ENTRY #153) 2022-04-18 21:16:03.777676 >> Protectile #28 has been created! Type: Light
(ENTRY #154) 2022-04-18 21:16:03.777676 >> Projectile created! ID: #28
(ENTRY #155) 2022-04-18 21:16:03.803676 >> Cloud created! ID: #9
(ENTRY #156) 2022-04-18 21:16:04.064673 >> Projectile has hit!
(ENTRY #157) 2022-04-18 21:16:04.064673 >> Projectile removed!
(ENTRY #158) 2022-04-18 21:16:04.365673 >> Projectile has hit!
(ENTRY #159) 2022-04-18 21:16:04.365673 >> Projectile removed!
(ENTRY #160) 2022-04-18 21:16:05.927248 >> Returning to menu!
(ENTRY #161) 2022-04-18 21:16:07.145242 >> Returning to menu!
(ENTRY #162) 2022-04-18 21:16:07.763757 >> Game resumed!
(ENTRY #163) 2022-04-18 21:16:07.764757 >> Dumb-AI Entity created!
(ENTRY #164) 2022-04-18 21:16:07.765757 >> Dumb-AI Entity created!
(ENTRY #165) 2022-04-18 21:16:07.778756 >> Cloud created! ID: #10
(ENTRY #166) 2022-04-18 21:16:08.613792 >> MOUSEPOS: (143, 237)
(ENTRY #167) 2022-04-18 21:16:08.613792 >> SLOPE CALC:None
(ENTRY #168) 2022-04-18 21:16:08.613792 >> LIN CALC FIN: 403.9260770444853
(ENTRY #169) 2022-04-18 21:16:08.613792 >> LIN CALC RAW: 496.0739229555147
(ENTRY #170) 2022-04-18 21:16:08.613792 >> Above!
(ENTRY #171) 2022-04-18 21:16:08.613792 >> Object lightRound has been created!
(ENTRY #172) 2022-04-18 21:16:08.613792 >> Protectile #30 has been created! Type: Light
(ENTRY #173) 2022-04-18 21:16:08.613792 >> Projectile created! ID: #30
(ENTRY #174) 2022-04-18 21:16:08.834877 >> Cloud created! ID: #11
(ENTRY #175) 2022-04-18 21:16:09.941853 >> Cloud created! ID: #12
(ENTRY #176) 2022-04-18 21:16:10.143032 >> Projectile removed!
(ENTRY #177) 2022-04-18 21:16:10.570705 >> Projectile removed!
(ENTRY #178) 2022-04-18 21:16:10.956209 >> Cloud created! ID: #13
(ENTRY #179) 2022-04-18 21:16:11.009210 >> MOUSEPOS: (35, 137)
(ENTRY #180) 2022-04-18 21:16:11.009210 >> SLOPE CALC:None
(ENTRY #181) 2022-04-18 21:16:11.009210 >> LIN CALC FIN: 322.56084069967335
(ENTRY #182) 2022-04-18 21:16:11.009210 >> LIN CALC RAW: 577.4391593003267
(ENTRY #183) 2022-04-18 21:16:11.009210 >> Above!
(ENTRY #184) 2022-04-18 21:16:11.009210 >> Object lightRound has been created!
(ENTRY #185) 2022-04-18 21:16:11.009210 >> Protectile #32 has been created! Type: Light
(ENTRY #186) 2022-04-18 21:16:11.009210 >> Projectile created! ID: #32
(ENTRY #187) 2022-04-18 21:16:11.584213 >> Projectile removed!
(ENTRY #188) 2022-04-18 21:16:11.802272 >> Activating shop!
(ENTRY #189) 2022-04-18 21:16:12.876222 >> Returning to game!
(ENTRY #190) 2022-04-18 21:16:12.888222 >> Opened about menu!
(ENTRY #191) 2022-04-18 21:16:12.953736 >> Cloud created! ID: #14
(ENTRY #192) 2022-04-18 21:16:13.868501 >> Returning to menu!
(ENTRY #193) 2022-04-18 21:16:15.314779 >> Naval Warfare 2D Closed...
