Log for Naval Warfare 2D, intended for debugging purposes only! 

(ENTRY #1) 2022-03-10 18:39:23.073732 >> Initialized Log handler...
(ENTRY #2) 2022-03-10 18:39:23.830401 >> Initialized Warship handler...
(ENTRY #3) 2022-03-10 18:39:23.834405 >> Initialized Projectile handler...
(ENTRY #4) 2022-03-10 18:39:23.835402 >> Dumb-AI Entity created!
(ENTRY #5) 2022-03-10 18:39:23.837431 >> Dumb-AI Entity created!
(ENTRY #6) 2022-03-10 18:39:23.838398 >> Dumb-AI Entity created!
(ENTRY #7) 2022-03-10 18:39:23.840403 >> Dumb-AI Entity created!
(ENTRY #8) 2022-03-10 18:39:23.846399 >> Dumb-AI Entity created!
(ENTRY #9) 2022-03-10 18:39:23.855399 >> Dumb-AI Entity created!
(ENTRY #10) 2022-03-10 18:39:23.860398 >> Dumb-AI Entity created!
(ENTRY #11) 2022-03-10 18:39:23.868397 >> Dumb-AI Entity created!
(ENTRY #12) 2022-03-10 18:39:23.871398 >> Dumb-AI Entity created!
(ENTRY #13) 2022-03-10 18:39:23.881398 >> Dumb-AI Entity created!
(ENTRY #14) 2022-03-10 18:39:23.958394 >> Initialized GUI handler...
(ENTRY #15) 2022-03-10 18:39:23.958394 >> Starting Naval Warfare 2D...
(ENTRY #16) 2022-03-10 18:39:29.532360 >> Created Sprite for Player!
(ENTRY #17) 2022-03-10 18:39:29.532360 >> Finished initalizing!
(ENTRY #18) 2022-03-10 18:39:30.759036 >> Returning to menu!
(ENTRY #19) 2022-03-10 18:39:31.558577 >> Game resumed!
(ENTRY #20) 2022-03-10 18:39:31.578610 >> MOUSEPOS: (450.0, 449.75)
(ENTRY #21) 2022-03-10 18:39:31.578610 >> SLOPE CALC:None
(ENTRY #22) 2022-03-10 18:39:31.578610 >> Object lightRound has been created!
(ENTRY #23) 2022-03-10 18:39:31.579610 >> Protectile #2 has been created! Type: Light
(ENTRY #24) 2022-03-10 18:39:31.579610 >> Projectile created! ID: #2
(ENTRY #25) 2022-03-10 18:39:31.579610 >> MOUSEPOS: (350.0, 449.75)
(ENTRY #26) 2022-03-10 18:39:31.579610 >> SLOPE CALC:None
(ENTRY #27) 2022-03-10 18:39:31.579610 >> Object lightRound has been created!
(ENTRY #28) 2022-03-10 18:39:31.580578 >> Protectile #4 has been created! Type: Light
(ENTRY #29) 2022-03-10 18:39:31.580578 >> Projectile created! ID: #4
(ENTRY #30) 2022-03-10 18:39:31.580578 >> MOUSEPOS: (450.0, 449.75)
(ENTRY #31) 2022-03-10 18:39:31.580578 >> SLOPE CALC:None
(ENTRY #32) 2022-03-10 18:39:31.580578 >> Object lightRound has been created!
(ENTRY #33) 2022-03-10 18:39:31.581610 >> Protectile #6 has been created! Type: Light
(ENTRY #34) 2022-03-10 18:39:31.581610 >> Projectile created! ID: #6
(ENTRY #35) 2022-03-10 18:39:31.581610 >> MOUSEPOS: (700.0, 449.0)
(ENTRY #36) 2022-03-10 18:39:31.581610 >> SLOPE CALC:None
(ENTRY #37) 2022-03-10 18:39:31.581610 >> LIN CALC FIN: 399.75
(ENTRY #38) 2022-03-10 18:39:31.581610 >> LIN CALC RAW: 500.25
(ENTRY #39) 2022-03-10 18:39:31.581610 >> Below!
(ENTRY #40) 2022-03-10 18:39:31.581610 >> Object lightRound has been created!
(ENTRY #41) 2022-03-10 18:39:31.581610 >> Protectile #8 has been created! Type: Light
(ENTRY #42) 2022-03-10 18:39:31.581610 >> Projectile created! ID: #8
(ENTRY #43) 2022-03-10 18:39:31.581610 >> MOUSEPOS: (700.0, 449.0)
(ENTRY #44) 2022-03-10 18:39:31.581610 >> SLOPE CALC:None
(ENTRY #45) 2022-03-10 18:39:31.581610 >> LIN CALC FIN: 399.75
(ENTRY #46) 2022-03-10 18:39:31.581610 >> LIN CALC RAW: 500.25
(ENTRY #47) 2022-03-10 18:39:31.581610 >> Below!
(ENTRY #48) 2022-03-10 18:39:31.581610 >> Object lightRound has been created!
(ENTRY #49) 2022-03-10 18:39:31.582610 >> Protectile #10 has been created! Type: Light
(ENTRY #50) 2022-03-10 18:39:31.582610 >> Projectile created! ID: #10
(ENTRY #51) 2022-03-10 18:39:31.582610 >> MOUSEPOS: (650.0, 449.75)
(ENTRY #52) 2022-03-10 18:39:31.582610 >> SLOPE CALC:None
(ENTRY #53) 2022-03-10 18:39:31.582610 >> LIN CALC FIN: 499.0
(ENTRY #54) 2022-03-10 18:39:31.582610 >> LIN CALC RAW: 401.0
(ENTRY #55) 2022-03-10 18:39:31.582610 >> Above!
(ENTRY #56) 2022-03-10 18:39:31.582610 >> Object lightRound has been created!
(ENTRY #57) 2022-03-10 18:39:31.582610 >> Protectile #12 has been created! Type: Light
(ENTRY #58) 2022-03-10 18:39:31.583583 >> Projectile created! ID: #12
(ENTRY #59) 2022-03-10 18:39:31.583583 >> MOUSEPOS: (750.0, 449.75)
(ENTRY #60) 2022-03-10 18:39:31.583583 >> SLOPE CALC:None
(ENTRY #61) 2022-03-10 18:39:31.583583 >> LIN CALC FIN: 499.0
(ENTRY #62) 2022-03-10 18:39:31.583583 >> LIN CALC RAW: 401.0
(ENTRY #63) 2022-03-10 18:39:31.583583 >> Above!
(ENTRY #64) 2022-03-10 18:39:31.583583 >> Object lightRound has been created!
(ENTRY #65) 2022-03-10 18:39:31.583583 >> Protectile #14 has been created! Type: Light
(ENTRY #66) 2022-03-10 18:39:31.583583 >> Projectile created! ID: #14
(ENTRY #67) 2022-03-10 18:39:31.583583 >> MOUSEPOS: (1000.0, 450.0)
(ENTRY #68) 2022-03-10 18:39:31.583583 >> SLOPE CALC:None
(ENTRY #69) 2022-03-10 18:39:31.583583 >> Object lightRound has been created!
(ENTRY #70) 2022-03-10 18:39:31.584610 >> Protectile #16 has been created! Type: Light
(ENTRY #71) 2022-03-10 18:39:31.584610 >> Projectile created! ID: #16
(ENTRY #72) 2022-03-10 18:39:31.584610 >> MOUSEPOS: (900.0, 450.0)
(ENTRY #73) 2022-03-10 18:39:31.584610 >> SLOPE CALC:None
(ENTRY #74) 2022-03-10 18:39:31.584610 >> Object lightRound has been created!
(ENTRY #75) 2022-03-10 18:39:31.584610 >> Protectile #18 has been created! Type: Light
(ENTRY #76) 2022-03-10 18:39:31.584610 >> Projectile created! ID: #18
(ENTRY #77) 2022-03-10 18:39:31.584610 >> MOUSEPOS: (1000.0, 450.0)
(ENTRY #78) 2022-03-10 18:39:31.584610 >> SLOPE CALC:None
(ENTRY #79) 2022-03-10 18:39:31.584610 >> Object lightRound has been created!
(ENTRY #80) 2022-03-10 18:39:31.585610 >> Protectile #20 has been created! Type: Light
(ENTRY #81) 2022-03-10 18:39:31.585610 >> Projectile created! ID: #20
(ENTRY #82) 2022-03-10 18:39:31.607580 >> Projectile removed!
(ENTRY #83) 2022-03-10 18:39:31.609579 >> Cloud created! ID: #1
(ENTRY #84) 2022-03-10 18:39:31.892826 >> Projectile has hit!
(ENTRY #85) 2022-03-10 18:39:31.892826 >> Projectile has hit!
(ENTRY #86) 2022-03-10 18:39:31.892826 >> Projectile removed!
(ENTRY #87) 2022-03-10 18:39:31.892826 >> Projectile removed!
(ENTRY #88) 2022-03-10 18:39:31.913831 >> Projectile has hit!
(ENTRY #89) 2022-03-10 18:39:31.913831 >> Projectile has hit!
(ENTRY #90) 2022-03-10 18:39:31.913831 >> Projectile removed!
(ENTRY #91) 2022-03-10 18:39:31.913831 >> Projectile removed!
(ENTRY #92) 2022-03-10 18:39:32.296467 >> Projectile has hit!
(ENTRY #93) 2022-03-10 18:39:32.296467 >> Projectile has hit!
(ENTRY #94) 2022-03-10 18:39:32.296467 >> Projectile has hit!
(ENTRY #95) 2022-03-10 18:39:32.296467 >> Projectile has hit!
(ENTRY #96) 2022-03-10 18:39:32.296467 >> Projectile removed!
(ENTRY #97) 2022-03-10 18:39:32.296467 >> Projectile removed!
(ENTRY #98) 2022-03-10 18:39:32.296467 >> Projectile removed!
(ENTRY #99) 2022-03-10 18:39:32.296467 >> Projectile removed!
(ENTRY #100) 2022-03-10 18:39:32.314430 >> Projectile has hit!
(ENTRY #101) 2022-03-10 18:39:32.314430 >> Projectile removed!
(ENTRY #102) 2022-03-10 18:39:32.446434 >> Game resumed!
(ENTRY #103) 2022-03-10 18:39:32.660438 >> Cloud created! ID: #2
(ENTRY #104) 2022-03-10 18:39:33.186810 >> MOUSEPOS: (609, 405)
(ENTRY #105) 2022-03-10 18:39:33.187802 >> SLOPE CALC:None
(ENTRY #106) 2022-03-10 18:39:33.187802 >> LIN CALC FIN: -51.1169141151413
(ENTRY #107) 2022-03-10 18:39:33.187802 >> LIN CALC RAW: 951.1169141151413
(ENTRY #108) 2022-03-10 18:39:33.187802 >> Below!
(ENTRY #109) 2022-03-10 18:39:33.187802 >> Object lightRound has been created!
(ENTRY #110) 2022-03-10 18:39:33.187802 >> Protectile #22 has been created! Type: Light
(ENTRY #111) 2022-03-10 18:39:33.187802 >> Projectile created! ID: #22
(ENTRY #112) 2022-03-10 18:39:33.592836 >> MOUSEPOS: (444.47237067313114, 425.32139341445554)
(ENTRY #113) 2022-03-10 18:39:33.592836 >> SLOPE CALC:None
(ENTRY #114) 2022-03-10 18:39:33.592836 >> Object lightRound has been created!
(ENTRY #115) 2022-03-10 18:39:33.593874 >> Protectile #24 has been created! Type: Light
(ENTRY #116) 2022-03-10 18:39:33.593874 >> Projectile created! ID: #24
(ENTRY #117) 2022-03-10 18:39:33.593874 >> MOUSEPOS: (355.5276293268689, 425.32139341445554)
(ENTRY #118) 2022-03-10 18:39:33.593874 >> SLOPE CALC:None
(ENTRY #119) 2022-03-10 18:39:33.593874 >> Object lightRound has been created!
(ENTRY #120) 2022-03-10 18:39:33.593874 >> Protectile #26 has been created! Type: Light
(ENTRY #121) 2022-03-10 18:39:33.593874 >> Projectile created! ID: #26
(ENTRY #122) 2022-03-10 18:39:33.594842 >> MOUSEPOS: (444.47237067313114, 425.32139341445554)
(ENTRY #123) 2022-03-10 18:39:33.594842 >> SLOPE CALC:None
(ENTRY #124) 2022-03-10 18:39:33.594842 >> Object lightRound has been created!
(ENTRY #125) 2022-03-10 18:39:33.594842 >> Protectile #28 has been created! Type: Light
(ENTRY #126) 2022-03-10 18:39:33.594842 >> Projectile created! ID: #28
(ENTRY #127) 2022-03-10 18:39:33.594842 >> MOUSEPOS: (657.912088258079, 360.76085803849344)
(ENTRY #128) 2022-03-10 18:39:33.594842 >> SLOPE CALC:None
(ENTRY #129) 2022-03-10 18:39:33.594842 >> LIN CALC FIN: 411.88167582950757
(ENTRY #130) 2022-03-10 18:39:33.594842 >> LIN CALC RAW: 488.11832417049243
(ENTRY #131) 2022-03-10 18:39:33.594842 >> Above!
(ENTRY #132) 2022-03-10 18:39:33.595844 >> Object lightRound has been created!
(ENTRY #133) 2022-03-10 18:39:33.595844 >> Protectile #30 has been created! Type: Light
(ENTRY #134) 2022-03-10 18:39:33.595844 >> Projectile created! ID: #30
(ENTRY #135) 2022-03-10 18:39:33.595844 >> MOUSEPOS: (757.912088258079, 360.76085803849344)
(ENTRY #136) 2022-03-10 18:39:33.595844 >> SLOPE CALC:None
(ENTRY #137) 2022-03-10 18:39:33.595844 >> LIN CALC FIN: 422.9369344832454
(ENTRY #138) 2022-03-10 18:39:33.595844 >> LIN CALC RAW: 477.0630655167546
(ENTRY #139) 2022-03-10 18:39:33.595844 >> Above!
(ENTRY #140) 2022-03-10 18:39:33.595844 >> Object lightRound has been created!
(ENTRY #141) 2022-03-10 18:39:33.596875 >> Protectile #32 has been created! Type: Light
(ENTRY #142) 2022-03-10 18:39:33.596875 >> Projectile created! ID: #32
(ENTRY #143) 2022-03-10 18:39:33.596875 >> MOUSEPOS: (644.4723706731311, 425.32139341445554)
(ENTRY #144) 2022-03-10 18:39:33.596875 >> SLOPE CALC:None
(ENTRY #145) 2022-03-10 18:39:33.596875 >> LIN CALC FIN: 374.2005756234414
(ENTRY #146) 2022-03-10 18:39:33.596875 >> LIN CALC RAW: 525.7994243765586
(ENTRY #147) 2022-03-10 18:39:33.596875 >> Below!
(ENTRY #148) 2022-03-10 18:39:33.596875 >> Object lightRound has been created!
(ENTRY #149) 2022-03-10 18:39:33.597874 >> Protectile #34 has been created! Type: Light
(ENTRY #150) 2022-03-10 18:39:33.597874 >> Projectile created! ID: #34
(ENTRY #151) 2022-03-10 18:39:33.597874 >> MOUSEPOS: (755.5276293268689, 425.32139341445554)
(ENTRY #152) 2022-03-10 18:39:33.597874 >> SLOPE CALC:None
(ENTRY #153) 2022-03-10 18:39:33.597874 >> LIN CALC FIN: 363.1453169697036
(ENTRY #154) 2022-03-10 18:39:33.597874 >> LIN CALC RAW: 536.8546830302964
(ENTRY #155) 2022-03-10 18:39:33.597874 >> Below!
(ENTRY #156) 2022-03-10 18:39:33.597874 >> Object lightRound has been created!
(ENTRY #157) 2022-03-10 18:39:33.598875 >> Protectile #36 has been created! Type: Light
(ENTRY #158) 2022-03-10 18:39:33.598875 >> Projectile created! ID: #36
(ENTRY #159) 2022-03-10 18:39:33.598875 >> MOUSEPOS: (1000.0, 450.0)
(ENTRY #160) 2022-03-10 18:39:33.598875 >> SLOPE CALC:None
(ENTRY #161) 2022-03-10 18:39:33.598875 >> Object lightRound has been created!
(ENTRY #162) 2022-03-10 18:39:33.598875 >> Protectile #38 has been created! Type: Light
(ENTRY #163) 2022-03-10 18:39:33.598875 >> Projectile created! ID: #38
(ENTRY #164) 2022-03-10 18:39:33.598875 >> MOUSEPOS: (900.0, 450.0)
(ENTRY #165) 2022-03-10 18:39:33.599875 >> SLOPE CALC:None
(ENTRY #166) 2022-03-10 18:39:33.599875 >> Object lightRound has been created!
(ENTRY #167) 2022-03-10 18:39:33.599875 >> Protectile #40 has been created! Type: Light
(ENTRY #168) 2022-03-10 18:39:33.599875 >> Projectile created! ID: #40
(ENTRY #169) 2022-03-10 18:39:33.599875 >> MOUSEPOS: (1000.0, 450.0)
(ENTRY #170) 2022-03-10 18:39:33.599875 >> SLOPE CALC:None
(ENTRY #171) 2022-03-10 18:39:33.599875 >> Object lightRound has been created!
(ENTRY #172) 2022-03-10 18:39:33.599875 >> Protectile #42 has been created! Type: Light
(ENTRY #173) 2022-03-10 18:39:33.599875 >> Projectile created! ID: #42
(ENTRY #174) 2022-03-10 18:39:33.621836 >> Projectile removed!
(ENTRY #175) 2022-03-10 18:39:33.668840 >> Cloud created! ID: #3
(ENTRY #176) 2022-03-10 18:39:33.940842 >> Projectile has hit!
(ENTRY #177) 2022-03-10 18:39:33.940842 >> Projectile has hit!
(ENTRY #178) 2022-03-10 18:39:33.940842 >> Projectile removed!
(ENTRY #179) 2022-03-10 18:39:33.940842 >> Projectile removed!
(ENTRY #180) 2022-03-10 18:39:34.115875 >> Projectile has hit!
(ENTRY #181) 2022-03-10 18:39:34.115875 >> Projectile removed!
(ENTRY #182) 2022-03-10 18:39:34.177835 >> Projectile has hit!
(ENTRY #183) 2022-03-10 18:39:34.177835 >> Projectile has hit!
(ENTRY #184) 2022-03-10 18:39:34.177835 >> Projectile has hit!
(ENTRY #185) 2022-03-10 18:39:34.177835 >> Projectile removed!
(ENTRY #186) 2022-03-10 18:39:34.177835 >> Projectile removed!
(ENTRY #187) 2022-03-10 18:39:34.177835 >> Projectile removed!
(ENTRY #188) 2022-03-10 18:39:34.330842 >> Projectile has hit!
(ENTRY #189) 2022-03-10 18:39:34.330842 >> Projectile removed!
(ENTRY #190) 2022-03-10 18:39:34.353875 >> Projectile has hit!
(ENTRY #191) 2022-03-10 18:39:34.353875 >> Projectile has hit!
(ENTRY #192) 2022-03-10 18:39:34.353875 >> Projectile removed!
(ENTRY #193) 2022-03-10 18:39:34.353875 >> Projectile removed!
(ENTRY #194) 2022-03-10 18:39:34.523841 >> MOUSEPOS: (616, 398)
(ENTRY #195) 2022-03-10 18:39:34.523841 >> SLOPE CALC:None
(ENTRY #196) 2022-03-10 18:39:34.523841 >> LIN CALC FIN: -69.79967982100027
(ENTRY #197) 2022-03-10 18:39:34.523841 >> LIN CALC RAW: 969.7996798210003
(ENTRY #198) 2022-03-10 18:39:34.523841 >> Below!
(ENTRY #199) 2022-03-10 18:39:34.523841 >> Object lightRound has been created!
(ENTRY #200) 2022-03-10 18:39:34.523841 >> Protectile #44 has been created! Type: Light
(ENTRY #201) 2022-03-10 18:39:34.523841 >> Projectile created! ID: #44
(ENTRY #202) 2022-03-10 18:39:34.742836 >> Cloud created! ID: #4
(ENTRY #203) 2022-03-10 18:39:35.269402 >> Projectile has hit!
(ENTRY #204) 2022-03-10 18:39:35.269402 >> Projectile removed!
(ENTRY #205) 2022-03-10 18:39:35.535371 >> MOUSEPOS: (630, 381)
(ENTRY #206) 2022-03-10 18:39:35.535371 >> SLOPE CALC:None
(ENTRY #207) 2022-03-10 18:39:35.535371 >> LIN CALC FIN: -89.27805806442313
(ENTRY #208) 2022-03-10 18:39:35.535371 >> LIN CALC RAW: 989.2780580644231
(ENTRY #209) 2022-03-10 18:39:35.535371 >> Below!
(ENTRY #210) 2022-03-10 18:39:35.535371 >> Object lightRound has been created!
(ENTRY #211) 2022-03-10 18:39:35.536373 >> Protectile #46 has been created! Type: Light
(ENTRY #212) 2022-03-10 18:39:35.536373 >> Projectile created! ID: #46
(ENTRY #213) 2022-03-10 18:39:35.596959 >> MOUSEPOS: (429.8198337896273, 406.2258355713814)
(ENTRY #214) 2022-03-10 18:39:35.596959 >> SLOPE CALC:None
(ENTRY #215) 2022-03-10 18:39:35.596959 >> LIN CALC FIN: 346.5861679921269
(ENTRY #216) 2022-03-10 18:39:35.596959 >> LIN CALC RAW: 553.4138320078731
(ENTRY #217) 2022-03-10 18:39:35.596959 >> Below!
(ENTRY #218) 2022-03-10 18:39:35.596959 >> Object lightRound has been created!
(ENTRY #219) 2022-03-10 18:39:35.597959 >> Protectile #48 has been created! Type: Light
(ENTRY #220) 2022-03-10 18:39:35.597959 >> Projectile created! ID: #48
(ENTRY #221) 2022-03-10 18:39:35.597959 >> MOUSEPOS: (370.18016621037276, 406.2258355713815)
(ENTRY #222) 2022-03-10 18:39:35.597959 >> SLOPE CALC:None
(ENTRY #223) 2022-03-10 18:39:35.597959 >> LIN CALC FIN: 465.865503150636
(ENTRY #224) 2022-03-10 18:39:35.597959 >> LIN CALC RAW: 434.134496849364
(ENTRY #225) 2022-03-10 18:39:35.597959 >> Above!
(ENTRY #226) 2022-03-10 18:39:35.597959 >> Object lightRound has been created!
(ENTRY #227) 2022-03-10 18:39:35.598959 >> Protectile #50 has been created! Type: Light
(ENTRY #228) 2022-03-10 18:39:35.598959 >> Projectile created! ID: #50
(ENTRY #229) 2022-03-10 18:39:35.598959 >> MOUSEPOS: (429.8198337896273, 406.2258355713814)
(ENTRY #230) 2022-03-10 18:39:35.598959 >> SLOPE CALC:None
(ENTRY #231) 2022-03-10 18:39:35.598959 >> Object lightRound has been created!
(ENTRY #232) 2022-03-10 18:39:35.598959 >> Protectile #52 has been created! Type: Light
(ENTRY #233) 2022-03-10 18:39:35.598959 >> Projectile created! ID: #52
(ENTRY #234) 2022-03-10 18:39:35.598959 >> MOUSEPOS: (529.8198337896265, 406.2258355713814)
(ENTRY #235) 2022-03-10 18:39:35.598959 >> SLOPE CALC:None
(ENTRY #236) 2022-03-10 18:39:35.599960 >> Object lightRound has been created!
(ENTRY #237) 2022-03-10 18:39:35.599960 >> Protectile #54 has been created! Type: Light
(ENTRY #238) 2022-03-10 18:39:35.599960 >> Projectile created! ID: #54
(ENTRY #239) 2022-03-10 18:39:35.599960 >> MOUSEPOS: (900.0, 450.0)
(ENTRY #240) 2022-03-10 18:39:35.599960 >> SLOPE CALC:None
(ENTRY #241) 2022-03-10 18:39:35.599960 >> LIN CALC FIN: 536.045669361008
(ENTRY #242) 2022-03-10 18:39:35.599960 >> LIN CALC RAW: 363.954330638992
(ENTRY #243) 2022-03-10 18:39:35.599960 >> Above!
(ENTRY #244) 2022-03-10 18:39:35.599960 >> Object lightRound has been created!
(ENTRY #245) 2022-03-10 18:39:35.600959 >> Protectile #56 has been created! Type: Light
(ENTRY #246) 2022-03-10 18:39:35.600959 >> Projectile created! ID: #56
(ENTRY #247) 2022-03-10 18:39:35.600959 >> MOUSEPOS: (700.5950493783388, 285.6255434237287)
(ENTRY #248) 2022-03-10 18:39:35.600959 >> SLOPE CALC:None
(ENTRY #249) 2022-03-10 18:39:35.600959 >> LIN CALC FIN: 366.6774532681013
(ENTRY #250) 2022-03-10 18:39:35.600959 >> LIN CALC RAW: 533.3225467318987
(ENTRY #251) 2022-03-10 18:39:35.600959 >> Above!
(ENTRY #252) 2022-03-10 18:39:35.600959 >> Object lightRound has been created!
(ENTRY #253) 2022-03-10 18:39:35.600959 >> Protectile #58 has been created! Type: Light
(ENTRY #254) 2022-03-10 18:39:35.600959 >> Projectile created! ID: #58
(ENTRY #255) 2022-03-10 18:39:35.600959 >> MOUSEPOS: (612.3091323654911, 278.39153625525364)
(ENTRY #256) 2022-03-10 18:39:35.600959 >> SLOPE CALC:None
(ENTRY #257) 2022-03-10 18:39:35.600959 >> LIN CALC FIN: 197.339626410881
(ENTRY #258) 2022-03-10 18:39:35.601960 >> LIN CALC RAW: 702.660373589119
(ENTRY #259) 2022-03-10 18:39:35.601960 >> Below!
(ENTRY #260) 2022-03-10 18:39:35.601960 >> Object lightRound has been created!
(ENTRY #261) 2022-03-10 18:39:35.601960 >> Protectile #60 has been created! Type: Light
(ENTRY #262) 2022-03-10 18:39:35.601960 >> Projectile created! ID: #60
(ENTRY #263) 2022-03-10 18:39:35.601960 >> MOUSEPOS: (1000.0, 450.0)
(ENTRY #264) 2022-03-10 18:39:35.601960 >> SLOPE CALC:None
(ENTRY #265) 2022-03-10 18:39:35.601960 >> Object lightRound has been created!
(ENTRY #266) 2022-03-10 18:39:35.602959 >> Protectile #62 has been created! Type: Light
(ENTRY #267) 2022-03-10 18:39:35.602959 >> Projectile created! ID: #62
(ENTRY #268) 2022-03-10 18:39:35.602959 >> MOUSEPOS: (900.0, 450.0)
(ENTRY #269) 2022-03-10 18:39:35.602959 >> SLOPE CALC:None
(ENTRY #270) 2022-03-10 18:39:35.602959 >> Object lightRound has been created!
(ENTRY #271) 2022-03-10 18:39:35.602959 >> Protectile #64 has been created! Type: Light
(ENTRY #272) 2022-03-10 18:39:35.602959 >> Projectile created! ID: #64
(ENTRY #273) 2022-03-10 18:39:35.602959 >> MOUSEPOS: (1000.0, 450.0)
(ENTRY #274) 2022-03-10 18:39:35.602959 >> SLOPE CALC:None
(ENTRY #275) 2022-03-10 18:39:35.602959 >> Object lightRound has been created!
(ENTRY #276) 2022-03-10 18:39:35.603959 >> Protectile #66 has been created! Type: Light
(ENTRY #277) 2022-03-10 18:39:35.603959 >> Projectile created! ID: #66
(ENTRY #278) 2022-03-10 18:39:35.628957 >> Projectile removed!
(ENTRY #279) 2022-03-10 18:39:35.843071 >> Cloud created! ID: #5
(ENTRY #280) 2022-03-10 18:39:35.912257 >> Projectile has hit!
(ENTRY #281) 2022-03-10 18:39:35.912257 >> Projectile removed!
(ENTRY #282) 2022-03-10 18:39:35.933292 >> Projectile has hit!
(ENTRY #283) 2022-03-10 18:39:35.933292 >> Projectile removed!
(ENTRY #284) 2022-03-10 18:39:36.362263 >> Projectile has hit!
(ENTRY #285) 2022-03-10 18:39:36.362263 >> Projectile has hit!
(ENTRY #286) 2022-03-10 18:39:36.362263 >> Projectile removed!
(ENTRY #287) 2022-03-10 18:39:36.362263 >> Projectile removed!
(ENTRY #288) 2022-03-10 18:39:36.384259 >> Projectile has hit!
(ENTRY #289) 2022-03-10 18:39:36.384259 >> Projectile has hit!
(ENTRY #290) 2022-03-10 18:39:36.384259 >> Projectile removed!
(ENTRY #291) 2022-03-10 18:39:36.384259 >> Projectile removed!
(ENTRY #292) 2022-03-10 18:39:36.502258 >> entity_1_0 and entity_1_1 have collided!
(ENTRY #293) 2022-03-10 18:39:36.502258 >> entity_1_1 and entity_1_0 have collided!
(ENTRY #294) 2022-03-10 18:39:36.707254 >> Projectile has hit!
(ENTRY #295) 2022-03-10 18:39:36.707254 >> Projectile removed!
(ENTRY #296) 2022-03-10 18:39:36.795253 >> MOUSEPOS: (665, 363)
(ENTRY #297) 2022-03-10 18:39:36.795253 >> SLOPE CALC:None
(ENTRY #298) 2022-03-10 18:39:36.795253 >> LIN CALC FIN: -125.61274800416686
(ENTRY #299) 2022-03-10 18:39:36.795253 >> LIN CALC RAW: 1025.6127480041669
(ENTRY #300) 2022-03-10 18:39:36.795253 >> Below!
(ENTRY #301) 2022-03-10 18:39:36.795253 >> Object lightRound has been created!
(ENTRY #302) 2022-03-10 18:39:36.796253 >> Protectile #68 has been created! Type: Light
(ENTRY #303) 2022-03-10 18:39:36.796253 >> Projectile created! ID: #68
(ENTRY #304) 2022-03-10 18:39:36.877257 >> Cloud created! ID: #6
(ENTRY #305) 2022-03-10 18:39:37.607818 >> MOUSEPOS: (609.5754876363186, 395.11940694870293)
(ENTRY #306) 2022-03-10 18:39:37.607818 >> SLOPE CALC:None
(ENTRY #307) 2022-03-10 18:39:37.607818 >> Object lightRound has been created!
(ENTRY #308) 2022-03-10 18:39:37.608817 >> Protectile #70 has been created! Type: Light
(ENTRY #309) 2022-03-10 18:39:37.608817 >> Projectile created! ID: #70
(ENTRY #310) 2022-03-10 18:39:37.608817 >> MOUSEPOS: (509.57548763631854, 395.11940694870293)
(ENTRY #311) 2022-03-10 18:39:37.608817 >> SLOPE CALC:None
(ENTRY #312) 2022-03-10 18:39:37.608817 >> Object lightRound has been created!
(ENTRY #313) 2022-03-10 18:39:37.608817 >> Protectile #72 has been created! Type: Light
(ENTRY #314) 2022-03-10 18:39:37.608817 >> Projectile created! ID: #72
(ENTRY #315) 2022-03-10 18:39:37.608817 >> MOUSEPOS: (900.0, 450.0)
(ENTRY #316) 2022-03-10 18:39:37.608817 >> SLOPE CALC:None
(ENTRY #317) 2022-03-10 18:39:37.608817 >> LIN CALC FIN: 504.6948945850217
(ENTRY #318) 2022-03-10 18:39:37.608817 >> LIN CALC RAW: 395.3051054149783
(ENTRY #319) 2022-03-10 18:39:37.608817 >> Above!
(ENTRY #320) 2022-03-10 18:39:37.608817 >> Object lightRound has been created!
(ENTRY #321) 2022-03-10 18:39:37.609818 >> Protectile #74 has been created! Type: Light
(ENTRY #322) 2022-03-10 18:39:37.609818 >> Projectile created! ID: #74
(ENTRY #323) 2022-03-10 18:39:37.609818 >> MOUSEPOS: (715.5267271881538, 196.3973552666054)
(ENTRY #324) 2022-03-10 18:39:37.609818 >> SLOPE CALC:None
(ENTRY #325) 2022-03-10 18:39:37.609818 >> LIN CALC FIN: 267.10911105388186
(ENTRY #326) 2022-03-10 18:39:37.609818 >> LIN CALC RAW: 632.8908889461181
(ENTRY #327) 2022-03-10 18:39:37.609818 >> Above!
(ENTRY #328) 2022-03-10 18:39:37.609818 >> Object lightRound has been created!
(ENTRY #329) 2022-03-10 18:39:37.610816 >> Protectile #76 has been created! Type: Light
(ENTRY #330) 2022-03-10 18:39:37.610816 >> Projectile created! ID: #76
(ENTRY #331) 2022-03-10 18:39:37.610816 >> MOUSEPOS: (641.0153403246372, 192.59772419036534)
(ENTRY #332) 2022-03-10 18:39:37.610816 >> SLOPE CALC:None
(ENTRY #333) 2022-03-10 18:39:37.610816 >> LIN CALC FIN: 121.88596840308878
(ENTRY #334) 2022-03-10 18:39:37.610816 >> LIN CALC RAW: 778.1140315969112
(ENTRY #335) 2022-03-10 18:39:37.610816 >> Below!
(ENTRY #336) 2022-03-10 18:39:37.610816 >> Object lightRound has been created!
(ENTRY #337) 2022-03-10 18:39:37.611820 >> Protectile #78 has been created! Type: Light
(ENTRY #338) 2022-03-10 18:39:37.611820 >> Projectile created! ID: #78
(ENTRY #339) 2022-03-10 18:39:37.611820 >> MOUSEPOS: (1000.0, 450.0)
(ENTRY #340) 2022-03-10 18:39:37.611820 >> SLOPE CALC:None
(ENTRY #341) 2022-03-10 18:39:37.611820 >> Object lightRound has been created!
(ENTRY #342) 2022-03-10 18:39:37.611820 >> Protectile #80 has been created! Type: Light
(ENTRY #343) 2022-03-10 18:39:37.612820 >> Projectile created! ID: #80
(ENTRY #344) 2022-03-10 18:39:37.612820 >> MOUSEPOS: (900.0, 450.0)
(ENTRY #345) 2022-03-10 18:39:37.612820 >> SLOPE CALC:None
(ENTRY #346) 2022-03-10 18:39:37.612820 >> Object lightRound has been created!
(ENTRY #347) 2022-03-10 18:39:37.612820 >> Protectile #82 has been created! Type: Light
(ENTRY #348) 2022-03-10 18:39:37.612820 >> Projectile created! ID: #82
(ENTRY #349) 2022-03-10 18:39:37.612820 >> MOUSEPOS: (1000.0, 450.0)
(ENTRY #350) 2022-03-10 18:39:37.612820 >> SLOPE CALC:None
(ENTRY #351) 2022-03-10 18:39:37.612820 >> Object lightRound has been created!
(ENTRY #352) 2022-03-10 18:39:37.613820 >> Protectile #84 has been created! Type: Light
(ENTRY #353) 2022-03-10 18:39:37.613820 >> Projectile created! ID: #84
(ENTRY #354) 2022-03-10 18:39:37.635817 >> Projectile removed!
(ENTRY #355) 2022-03-10 18:39:37.723828 >> Projectile has hit!
(ENTRY #356) 2022-03-10 18:39:37.724828 >> Projectile removed!
(ENTRY #357) 2022-03-10 18:39:37.931816 >> Cloud created! ID: #7
(ENTRY #358) 2022-03-10 18:39:38.001815 >> Projectile has hit!
(ENTRY #359) 2022-03-10 18:39:38.001815 >> Projectile removed!
(ENTRY #360) 2022-03-10 18:39:38.236816 >> Projectile has hit!
(ENTRY #361) 2022-03-10 18:39:38.237814 >> Projectile removed!
(ENTRY #362) 2022-03-10 18:39:38.369819 >> Projectile has hit!
(ENTRY #363) 2022-03-10 18:39:38.369819 >> Projectile has hit!
(ENTRY #364) 2022-03-10 18:39:38.369819 >> Projectile has hit!
(ENTRY #365) 2022-03-10 18:39:38.369819 >> Projectile removed!
(ENTRY #366) 2022-03-10 18:39:38.369819 >> Projectile removed!
(ENTRY #367) 2022-03-10 18:39:38.369819 >> Projectile removed!
(ENTRY #368) 2022-03-10 18:39:38.617804 >> Projectile has hit!
(ENTRY #369) 2022-03-10 18:39:38.617804 >> Projectile removed!
(ENTRY #370) 2022-03-10 18:39:38.780816 >> Projectile has hit!
(ENTRY #371) 2022-03-10 18:39:38.780816 >> Projectile removed!
(ENTRY #372) 2022-03-10 18:39:39.013781 >> Projectile removed!
(ENTRY #373) 2022-03-10 18:39:39.119786 >> Cloud created! ID: #8
(ENTRY #374) 2022-03-10 18:39:39.626784 >> MOUSEPOS: (586.3424517857195, 392.9334659432876)
(ENTRY #375) 2022-03-10 18:39:39.626784 >> SLOPE CALC:None
(ENTRY #376) 2022-03-10 18:39:39.626784 >> LIN CALC FIN: 480.91360982366126
(ENTRY #377) 2022-03-10 18:39:39.626784 >> LIN CALC RAW: 419.08639017633874
(ENTRY #378) 2022-03-10 18:39:39.626784 >> Above!
(ENTRY #379) 2022-03-10 18:39:39.626784 >> Object lightRound has been created!
(ENTRY #380) 2022-03-10 18:39:39.627783 >> Protectile #86 has been created! Type: Light
(ENTRY #381) 2022-03-10 18:39:39.627783 >> Projectile created! ID: #86
(ENTRY #382) 2022-03-10 18:39:39.627783 >> MOUSEPOS: (489.1904037316283, 383.76156176957005)
(ENTRY #383) 2022-03-10 18:39:39.627783 >> SLOPE CALC:None
(ENTRY #384) 2022-03-10 18:39:39.627783 >> LIN CALC FIN: 295.7814178891964
(ENTRY #385) 2022-03-10 18:39:39.627783 >> LIN CALC RAW: 604.2185821108036
(ENTRY #386) 2022-03-10 18:39:39.627783 >> Below!
(ENTRY #387) 2022-03-10 18:39:39.627783 >> Object lightRound has been created!
(ENTRY #388) 2022-03-10 18:39:39.628781 >> Protectile #88 has been created! Type: Light
(ENTRY #389) 2022-03-10 18:39:39.628781 >> Projectile created! ID: #88
(ENTRY #390) 2022-03-10 18:39:39.628781 >> MOUSEPOS: (900.0, 450.0)
(ENTRY #391) 2022-03-10 18:39:39.628781 >> SLOPE CALC:None
(ENTRY #392) 2022-03-10 18:39:39.628781 >> LIN CALC FIN: 474.14310454714655
(ENTRY #393) 2022-03-10 18:39:39.628781 >> LIN CALC RAW: 425.85689545285345
(ENTRY #394) 2022-03-10 18:39:39.628781 >> Above!
(ENTRY #395) 2022-03-10 18:39:39.628781 >> Object lightRound has been created!
(ENTRY #396) 2022-03-10 18:39:39.629783 >> Protectile #90 has been created! Type: Light
(ENTRY #397) 2022-03-10 18:39:39.629783 >> Projectile created! ID: #90
(ENTRY #398) 2022-03-10 18:39:39.629783 >> MOUSEPOS: (755.8646533518873, 113.52842887623777)
(ENTRY #399) 2022-03-10 18:39:39.629783 >> SLOPE CALC:None
(ENTRY #400) 2022-03-10 18:39:39.629783 >> LIN CALC FIN: 45.88708806824752
(ENTRY #401) 2022-03-10 18:39:39.629783 >> LIN CALC RAW: 854.1129119317525
(ENTRY #402) 2022-03-10 18:39:39.629783 >> Below!
(ENTRY #403) 2022-03-10 18:39:39.629783 >> Object lightRound has been created!
(ENTRY #404) 2022-03-10 18:39:39.630815 >> Protectile #92 has been created! Type: Light
(ENTRY #405) 2022-03-10 18:39:39.630815 >> Projectile created! ID: #92
(ENTRY #406) 2022-03-10 18:39:39.630815 >> MOUSEPOS: (688.053179495858, 113.6985619242769)
(ENTRY #407) 2022-03-10 18:39:39.630815 >> SLOPE CALC:None
(ENTRY #408) 2022-03-10 18:39:39.630815 >> LIN CALC FIN: 181.3399027322671
(ENTRY #409) 2022-03-10 18:39:39.630815 >> LIN CALC RAW: 718.6600972677329
(ENTRY #410) 2022-03-10 18:39:39.630815 >> Above!
(ENTRY #411) 2022-03-10 18:39:39.630815 >> Object lightRound has been created!
(ENTRY #412) 2022-03-10 18:39:39.631816 >> Protectile #94 has been created! Type: Light
(ENTRY #413) 2022-03-10 18:39:39.631816 >> Projectile created! ID: #94
(ENTRY #414) 2022-03-10 18:39:39.631816 >> MOUSEPOS: (1000.0, 450.0)
(ENTRY #415) 2022-03-10 18:39:39.631816 >> SLOPE CALC:None
(ENTRY #416) 2022-03-10 18:39:39.631816 >> Object lightRound has been created!
(ENTRY #417) 2022-03-10 18:39:39.631816 >> Protectile #96 has been created! Type: Light
(ENTRY #418) 2022-03-10 18:39:39.631816 >> Projectile created! ID: #96
(ENTRY #419) 2022-03-10 18:39:39.631816 >> MOUSEPOS: (900.0, 450.0)
(ENTRY #420) 2022-03-10 18:39:39.632815 >> SLOPE CALC:None
(ENTRY #421) 2022-03-10 18:39:39.632815 >> Object lightRound has been created!
(ENTRY #422) 2022-03-10 18:39:39.632815 >> Protectile #98 has been created! Type: Light
(ENTRY #423) 2022-03-10 18:39:39.632815 >> Projectile created! ID: #98
(ENTRY #424) 2022-03-10 18:39:39.632815 >> MOUSEPOS: (1000.0, 450.0)
(ENTRY #425) 2022-03-10 18:39:39.632815 >> SLOPE CALC:None
(ENTRY #426) 2022-03-10 18:39:39.632815 >> Object lightRound has been created!
(ENTRY #427) 2022-03-10 18:39:39.632815 >> Protectile #100 has been created! Type: Light
(ENTRY #428) 2022-03-10 18:39:39.633816 >> Projectile created! ID: #100
(ENTRY #429) 2022-03-10 18:39:39.653786 >> Projectile removed!
(ENTRY #430) 2022-03-10 18:39:39.749788 >> Projectile has hit!
(ENTRY #431) 2022-03-10 18:39:39.749788 >> Projectile removed!
(ENTRY #432) 2022-03-10 18:39:40.178401 >> Cloud created! ID: #9
(ENTRY #433) 2022-03-10 18:39:40.318368 >> Naval Warfare 2D Closed...
