Log for Naval Warfare 2D, intended for debugging purposes only! 

(ENTRY #1) 2022-02-17 21:41:03.120446 >> Initialized Log handler...
(ENTRY #2) 2022-02-17 21:41:04.083286 >> Initialized Warship handler...
(ENTRY #3) 2022-02-17 21:41:04.099275 >> Initialized GUI handler...
(ENTRY #4) 2022-02-17 21:41:04.099275 >> Starting Naval Warfare 2D...
(ENTRY #5) 2022-02-17 21:41:04.266275 >> Created Sprite for Player!
(ENTRY #6) 2022-02-17 21:41:04.266275 >> Finished initalizingw!
(ENTRY #7) 2022-02-17 21:41:05.293945 >> Opened Debug Menu!
(ENTRY #8) 2022-02-17 21:41:05.871683 >> Returning to menu!
(ENTRY #9) 2022-02-17 21:41:06.718947 >> Opened about menu!
(ENTRY #10) 2022-02-17 21:41:07.584272 >> Returning to menu!
(ENTRY #11) 2022-02-17 21:41:08.771686 >> Game resumed!
(ENTRY #12) 2022-02-17 21:41:08.783710 >> Cloud created! ID: #1
(ENTRY #13) 2022-02-17 21:41:09.837630 >> Cloud created! ID: #2
(ENTRY #14) 2022-02-17 21:41:10.837295 >> Cloud created! ID: #3
(ENTRY #15) 2022-02-17 21:41:11.517298 >> Cloud removed! ID: #3
(ENTRY #16) 2022-02-17 21:41:11.975158 >> Cloud created! ID: #4
(ENTRY #17) 2022-02-17 21:41:12.701580 >> Cloud removed! ID: #4
(ENTRY #18) 2022-02-17 21:41:12.992687 >> Cloud created! ID: #5
(ENTRY #19) 2022-02-17 21:41:14.002840 >> Cloud created! ID: #6
(ENTRY #20) 2022-02-17 21:41:14.368536 >> Cloud removed! ID: #6
(ENTRY #21) 2022-02-17 21:41:15.050915 >> Cloud created! ID: #7
(ENTRY #22) 2022-02-17 21:41:15.368414 >> Cloud removed! ID: #7
(ENTRY #23) 2022-02-17 21:41:16.108647 >> Cloud created! ID: #8
(ENTRY #24) 2022-02-17 21:41:16.993539 >> Cloud removed! ID: #8
(ENTRY #25) 2022-02-17 21:41:17.144371 >> Cloud created! ID: #9
(ENTRY #26) 2022-02-17 21:41:18.182382 >> Cloud created! ID: #10
(ENTRY #27) 2022-02-17 21:41:19.265179 >> Cloud created! ID: #11
(ENTRY #28) 2022-02-17 21:41:19.608602 >> Cloud removed! ID: #11
(ENTRY #29) 2022-02-17 21:41:20.234174 >> Cloud removed! ID: #11
(ENTRY #30) 2022-02-17 21:41:20.284745 >> Cloud created! ID: #12
(ENTRY #31) 2022-02-17 21:41:20.495632 >> Cloud removed! ID: #12
(ENTRY #32) 2022-02-17 21:41:21.307543 >> Cloud created! ID: #13
(ENTRY #33) 2022-02-17 21:41:22.357330 >> Cloud created! ID: #14
(ENTRY #34) 2022-02-17 21:41:23.357198 >> Cloud removed! ID: #14
(ENTRY #35) 2022-02-17 21:41:23.579999 >> Cloud created! ID: #15
(ENTRY #36) 2022-02-17 21:41:24.428743 >> Cloud removed! ID: #15
(ENTRY #37) 2022-02-17 21:41:24.656763 >> Cloud created! ID: #16
(ENTRY #38) 2022-02-17 21:41:24.864517 >> Cloud removed! ID: #16
(ENTRY #39) 2022-02-17 21:41:25.452147 >> Cloud removed! ID: #16
(ENTRY #40) 2022-02-17 21:41:25.759027 >> Cloud created! ID: #17
(ENTRY #41) 2022-02-17 21:41:26.056064 >> Cloud removed! ID: #17
(ENTRY #42) 2022-02-17 21:41:26.780351 >> Cloud created! ID: #18
(ENTRY #43) 2022-02-17 21:41:27.100307 >> Cloud removed! ID: #18
(ENTRY #44) 2022-02-17 21:41:27.506735 >> Cloud removed! ID: #18
(ENTRY #45) 2022-02-17 21:41:27.805113 >> Cloud created! ID: #19
(ENTRY #46) 2022-02-17 21:41:28.146174 >> Cloud removed! ID: #19
(ENTRY #47) 2022-02-17 21:41:28.579343 >> Cloud removed! ID: #19
(ENTRY #48) 2022-02-17 21:41:28.834356 >> Cloud created! ID: #20
(ENTRY #49) 2022-02-17 21:41:29.555120 >> Cloud removed! ID: #20
(ENTRY #50) 2022-02-17 21:41:29.887706 >> Cloud created! ID: #21
(ENTRY #51) 2022-02-17 21:41:30.333049 >> Naval Warfare 2D Closed...
