Log for Naval Warfare 2D, intended for debugging purposes only! 

(ENTRY #1) 2022-03-10 14:01:27.742401 >> Initialized Log handler...
(ENTRY #2) 2022-03-10 14:01:28.950506 >> Initialized Warship handler...
(ENTRY #3) 2022-03-10 14:01:28.965506 >> Initialized Projectile handler...
(ENTRY #4) 2022-03-10 14:01:28.966505 >> Dumb-AI Entity created!
(ENTRY #5) 2022-03-10 14:01:28.968506 >> Dumb-AI Entity created!
(ENTRY #6) 2022-03-10 14:01:28.969506 >> Dumb-AI Entity created!
(ENTRY #7) 2022-03-10 14:01:28.970506 >> Dumb-AI Entity created!
(ENTRY #8) 2022-03-10 14:01:28.971510 >> Dumb-AI Entity created!
(ENTRY #9) 2022-03-10 14:01:28.978508 >> Dumb-AI Entity created!
(ENTRY #10) 2022-03-10 14:01:28.982506 >> Dumb-AI Entity created!
(ENTRY #11) 2022-03-10 14:01:28.986506 >> Dumb-AI Entity created!
(ENTRY #12) 2022-03-10 14:01:28.997511 >> Dumb-AI Entity created!
(ENTRY #13) 2022-03-10 14:01:29.002512 >> Dumb-AI Entity created!
(ENTRY #14) 2022-03-10 14:01:29.072061 >> Initialized GUI handler...
(ENTRY #15) 2022-03-10 14:01:29.072061 >> Starting Naval Warfare 2D...
(ENTRY #16) 2022-03-10 14:01:34.625576 >> Created Sprite for Player!
(ENTRY #17) 2022-03-10 14:01:34.625576 >> Finished initalizing!
(ENTRY #18) 2022-03-10 14:01:36.908041 >> Returning to menu!
(ENTRY #19) 2022-03-10 14:01:37.564103 >> Game resumed!
(ENTRY #20) 2022-03-10 14:01:37.577094 >> None
(ENTRY #21) 2022-03-10 14:01:37.577094 >> None
(ENTRY #22) 2022-03-10 14:01:37.577094 >> None
(ENTRY #23) 2022-03-10 14:01:37.577094 >> None
(ENTRY #24) 2022-03-10 14:01:37.577094 >> None
(ENTRY #25) 2022-03-10 14:01:37.577094 >> None
(ENTRY #26) 2022-03-10 14:01:37.577094 >> None
(ENTRY #27) 2022-03-10 14:01:37.577094 >> None
(ENTRY #28) 2022-03-10 14:01:37.577094 >> None
(ENTRY #29) 2022-03-10 14:01:37.577094 >> None
(ENTRY #30) 2022-03-10 14:01:37.583104 >> Cloud created! ID: #1
(ENTRY #31) 2022-03-10 14:01:37.583104 >> entity_1_4 and entity_2_0 have collided!
(ENTRY #32) 2022-03-10 14:01:37.583104 >> entity_2_0 and entity_1_4 have collided!
(ENTRY #33) 2022-03-10 14:01:37.583104 >> entity_2_0 and entity_2_1 have collided!
(ENTRY #34) 2022-03-10 14:01:37.584097 >> entity_2_1 and entity_2_0 have collided!
(ENTRY #35) 2022-03-10 14:01:37.584097 >> entity_2_1 and entity_2_2 have collided!
(ENTRY #36) 2022-03-10 14:01:37.584097 >> entity_2_2 and entity_2_1 have collided!
(ENTRY #37) 2022-03-10 14:01:37.584097 >> entity_2_2 and entity_2_3 have collided!
(ENTRY #38) 2022-03-10 14:01:37.584097 >> entity_2_3 and entity_2_2 have collided!
(ENTRY #39) 2022-03-10 14:01:37.584097 >> entity_2_3 and entity_2_4 have collided!
(ENTRY #40) 2022-03-10 14:01:37.584097 >> entity_2_4 and entity_2_3 have collided!
(ENTRY #41) 2022-03-10 14:01:37.584097 >> MOUSEPOS: (490.0, 449.75)
(ENTRY #42) 2022-03-10 14:01:37.584097 >> SLOPE CALC:None
(ENTRY #43) 2022-03-10 14:01:37.584097 >> Object lightRound has been created!
(ENTRY #44) 2022-03-10 14:01:37.584097 >> Protectile #2 has been created! Type: Light
(ENTRY #45) 2022-03-10 14:01:37.584097 >> Projectile created! ID: #2
(ENTRY #46) 2022-03-10 14:01:37.584097 >> MOUSEPOS: (470.0, 449.75)
(ENTRY #47) 2022-03-10 14:01:37.584097 >> SLOPE CALC:None
(ENTRY #48) 2022-03-10 14:01:37.584097 >> Object lightRound has been created!
(ENTRY #49) 2022-03-10 14:01:37.585102 >> Protectile #4 has been created! Type: Light
(ENTRY #50) 2022-03-10 14:01:37.585102 >> Projectile created! ID: #4
(ENTRY #51) 2022-03-10 14:01:37.585102 >> MOUSEPOS: (490.0, 449.75)
(ENTRY #52) 2022-03-10 14:01:37.585102 >> SLOPE CALC:None
(ENTRY #53) 2022-03-10 14:01:37.585102 >> Object lightRound has been created!
(ENTRY #54) 2022-03-10 14:01:37.586096 >> Protectile #6 has been created! Type: Light
(ENTRY #55) 2022-03-10 14:01:37.586096 >> Projectile created! ID: #6
(ENTRY #56) 2022-03-10 14:01:37.586096 >> MOUSEPOS: (510.0, 449.75)
(ENTRY #57) 2022-03-10 14:01:37.586096 >> SLOPE CALC:None
(ENTRY #58) 2022-03-10 14:01:37.586096 >> Object lightRound has been created!
(ENTRY #59) 2022-03-10 14:01:37.586096 >> Protectile #8 has been created! Type: Light
(ENTRY #60) 2022-03-10 14:01:37.586096 >> Projectile created! ID: #8
(ENTRY #61) 2022-03-10 14:01:37.600096 >> None
(ENTRY #62) 2022-03-10 14:01:37.600096 >> None
(ENTRY #63) 2022-03-10 14:01:37.600096 >> None
(ENTRY #64) 2022-03-10 14:01:37.600096 >> None
(ENTRY #65) 2022-03-10 14:01:37.607095 >> entity_1_0 and entity_1_1 have collided!
(ENTRY #66) 2022-03-10 14:01:37.607095 >> entity_1_1 and entity_1_0 have collided!
(ENTRY #67) 2022-03-10 14:01:37.607095 >> entity_1_2 and entity_1_3 have collided!
(ENTRY #68) 2022-03-10 14:01:37.607095 >> entity_1_3 and entity_1_2 have collided!
(ENTRY #69) 2022-03-10 14:01:38.592743 >> Cloud created! ID: #2
(ENTRY #70) 2022-03-10 14:01:38.707733 >> MOUSEPOS: (445, 402)
(ENTRY #71) 2022-03-10 14:01:38.708760 >> SLOPE CALC:None
(ENTRY #72) 2022-03-10 14:01:38.708760 >> LIN CALC FIN: 105.0
(ENTRY #73) 2022-03-10 14:01:38.708760 >> LIN CALC RAW: 795.0
(ENTRY #74) 2022-03-10 14:01:38.708760 >> Below!
(ENTRY #75) 2022-03-10 14:01:38.708760 >> Object lightRound has been created!
(ENTRY #76) 2022-03-10 14:01:38.708760 >> Protectile #10 has been created! Type: Light
(ENTRY #77) 2022-03-10 14:01:38.708760 >> Projectile created! ID: #10
(ENTRY #78) 2022-03-10 14:01:38.978224 >> MOUSEPOS: (445, 402)
(ENTRY #79) 2022-03-10 14:01:38.978224 >> SLOPE CALC:None
(ENTRY #80) 2022-03-10 14:01:38.978224 >> LIN CALC FIN: 105.0
(ENTRY #81) 2022-03-10 14:01:38.978224 >> LIN CALC RAW: 795.0
(ENTRY #82) 2022-03-10 14:01:38.978224 >> Below!
(ENTRY #83) 2022-03-10 14:01:39.629035 >> Cloud created! ID: #3
(ENTRY #84) 2022-03-10 14:01:40.046032 >> Projectile has hit!
(ENTRY #85) 2022-03-10 14:01:40.047029 >> Projectile removed!
(ENTRY #86) 2022-03-10 14:01:40.179026 >> Projectile has hit!
(ENTRY #87) 2022-03-10 14:01:40.179026 >> Projectile removed!
(ENTRY #88) 2022-03-10 14:01:40.304033 >> Projectile has hit!
(ENTRY #89) 2022-03-10 14:01:40.304033 >> Projectile removed!
(ENTRY #90) 2022-03-10 14:01:41.408610 >> Naval Warfare 2D Closed...
