Log for Naval Warfare 2D, intended for debugging purposes only! 

(ENTRY #1) 2022-03-10 18:38:48.210646 >> Initialized Log handler...
(ENTRY #2) 2022-03-10 18:38:48.946236 >> Initialized Warship handler...
(ENTRY #3) 2022-03-10 18:38:48.948235 >> Initialized Projectile handler...
(ENTRY #4) 2022-03-10 18:38:48.950244 >> Dumb-AI Entity created!
(ENTRY #5) 2022-03-10 18:38:48.952235 >> Dumb-AI Entity created!
(ENTRY #6) 2022-03-10 18:38:48.953233 >> Dumb-AI Entity created!
(ENTRY #7) 2022-03-10 18:38:48.954234 >> Dumb-AI Entity created!
(ENTRY #8) 2022-03-10 18:38:48.959239 >> Dumb-AI Entity created!
(ENTRY #9) 2022-03-10 18:38:48.965236 >> Dumb-AI Entity created!
(ENTRY #10) 2022-03-10 18:38:48.974239 >> Dumb-AI Entity created!
(ENTRY #11) 2022-03-10 18:38:48.978236 >> Dumb-AI Entity created!
(ENTRY #12) 2022-03-10 18:38:48.983233 >> Dumb-AI Entity created!
(ENTRY #13) 2022-03-10 18:38:48.990238 >> Dumb-AI Entity created!
(ENTRY #14) 2022-03-10 18:38:49.063233 >> Initialized GUI handler...
(ENTRY #15) 2022-03-10 18:38:49.063233 >> Starting Naval Warfare 2D...
(ENTRY #16) 2022-03-10 18:38:54.640983 >> Created Sprite for Player!
(ENTRY #17) 2022-03-10 18:38:54.640983 >> Finished initalizing!
(ENTRY #18) 2022-03-10 18:38:56.499197 >> Returning to menu!
(ENTRY #19) 2022-03-10 18:38:57.337289 >> Game resumed!
(ENTRY #20) 2022-03-10 18:38:57.355329 >> Cloud created! ID: #1
(ENTRY #21) 2022-03-10 18:38:57.355329 >> MOUSEPOS: (450.0, 449.75)
(ENTRY #22) 2022-03-10 18:38:57.355329 >> SLOPE CALC:None
(ENTRY #23) 2022-03-10 18:38:57.355329 >> Object lightRound has been created!
(ENTRY #24) 2022-03-10 18:38:57.356298 >> Protectile #2 has been created! Type: Light
(ENTRY #25) 2022-03-10 18:38:57.356298 >> Projectile created! ID: #2
(ENTRY #26) 2022-03-10 18:38:57.356298 >> MOUSEPOS: (350.0, 449.75)
(ENTRY #27) 2022-03-10 18:38:57.356298 >> SLOPE CALC:None
(ENTRY #28) 2022-03-10 18:38:57.356298 >> Object lightRound has been created!
(ENTRY #29) 2022-03-10 18:38:57.356298 >> Protectile #4 has been created! Type: Light
(ENTRY #30) 2022-03-10 18:38:57.356298 >> Projectile created! ID: #4
(ENTRY #31) 2022-03-10 18:38:57.357295 >> MOUSEPOS: (450.0, 449.75)
(ENTRY #32) 2022-03-10 18:38:57.357295 >> SLOPE CALC:None
(ENTRY #33) 2022-03-10 18:38:57.357295 >> Object lightRound has been created!
(ENTRY #34) 2022-03-10 18:38:57.357295 >> Protectile #6 has been created! Type: Light
(ENTRY #35) 2022-03-10 18:38:57.357295 >> Projectile created! ID: #6
(ENTRY #36) 2022-03-10 18:38:57.357295 >> MOUSEPOS: (550.0, 449.75)
(ENTRY #37) 2022-03-10 18:38:57.357295 >> SLOPE CALC:None
(ENTRY #38) 2022-03-10 18:38:57.357295 >> Object lightRound has been created!
(ENTRY #39) 2022-03-10 18:38:57.358296 >> Protectile #8 has been created! Type: Light
(ENTRY #40) 2022-03-10 18:38:57.358296 >> Projectile created! ID: #8
(ENTRY #41) 2022-03-10 18:38:57.358296 >> MOUSEPOS: (650.0, 449.75)
(ENTRY #42) 2022-03-10 18:38:57.358296 >> SLOPE CALC:None
(ENTRY #43) 2022-03-10 18:38:57.358296 >> Object lightRound has been created!
(ENTRY #44) 2022-03-10 18:38:57.358296 >> Protectile #10 has been created! Type: Light
(ENTRY #45) 2022-03-10 18:38:57.359296 >> Projectile created! ID: #10
(ENTRY #46) 2022-03-10 18:38:57.359296 >> MOUSEPOS: (750.0, 449.75)
(ENTRY #47) 2022-03-10 18:38:57.359296 >> SLOPE CALC:None
(ENTRY #48) 2022-03-10 18:38:57.359296 >> LIN CALC FIN: 549.0
(ENTRY #49) 2022-03-10 18:38:57.359296 >> LIN CALC RAW: 351.0
(ENTRY #50) 2022-03-10 18:38:57.359296 >> Above!
(ENTRY #51) 2022-03-10 18:38:57.359296 >> Object lightRound has been created!
(ENTRY #52) 2022-03-10 18:38:57.359296 >> Protectile #12 has been created! Type: Light
(ENTRY #53) 2022-03-10 18:38:57.359296 >> Projectile created! ID: #12
(ENTRY #54) 2022-03-10 18:38:57.359296 >> MOUSEPOS: (1050.0, 450.0)
(ENTRY #55) 2022-03-10 18:38:57.359296 >> SLOPE CALC:None
(ENTRY #56) 2022-03-10 18:38:57.359296 >> Object lightRound has been created!
(ENTRY #57) 2022-03-10 18:38:57.360294 >> Protectile #14 has been created! Type: Light
(ENTRY #58) 2022-03-10 18:38:57.360294 >> Projectile created! ID: #14
(ENTRY #59) 2022-03-10 18:38:57.360294 >> MOUSEPOS: (950.0, 450.0)
(ENTRY #60) 2022-03-10 18:38:57.360294 >> SLOPE CALC:None
(ENTRY #61) 2022-03-10 18:38:57.360294 >> Object lightRound has been created!
(ENTRY #62) 2022-03-10 18:38:57.360294 >> Protectile #16 has been created! Type: Light
(ENTRY #63) 2022-03-10 18:38:57.360294 >> Projectile created! ID: #16
(ENTRY #64) 2022-03-10 18:38:57.361294 >> MOUSEPOS: (1050.0, 450.0)
(ENTRY #65) 2022-03-10 18:38:57.361294 >> SLOPE CALC:None
(ENTRY #66) 2022-03-10 18:38:57.361294 >> Object lightRound has been created!
(ENTRY #67) 2022-03-10 18:38:57.361294 >> Protectile #18 has been created! Type: Light
(ENTRY #68) 2022-03-10 18:38:57.361294 >> Projectile created! ID: #18
(ENTRY #69) 2022-03-10 18:38:57.361294 >> MOUSEPOS: (1150.0, 450.0)
(ENTRY #70) 2022-03-10 18:38:57.361294 >> SLOPE CALC:None
(ENTRY #71) 2022-03-10 18:38:57.361294 >> Object lightRound has been created!
(ENTRY #72) 2022-03-10 18:38:57.362299 >> Protectile #20 has been created! Type: Light
(ENTRY #73) 2022-03-10 18:38:57.362299 >> Projectile created! ID: #20
(ENTRY #74) 2022-03-10 18:38:57.382302 >> Projectile removed!
(ENTRY #75) 2022-03-10 18:38:57.383329 >> Projectile removed!
(ENTRY #76) 2022-03-10 18:38:57.383329 >> Projectile removed!
(ENTRY #77) 2022-03-10 18:38:57.780291 >> Projectile removed!
(ENTRY #78) 2022-03-10 18:38:58.036243 >> Projectile has hit!
(ENTRY #79) 2022-03-10 18:38:58.036243 >> Projectile has hit!
(ENTRY #80) 2022-03-10 18:38:58.037243 >> Projectile has hit!
(ENTRY #81) 2022-03-10 18:38:58.037243 >> Projectile has hit!
(ENTRY #82) 2022-03-10 18:38:58.037243 >> Projectile removed!
(ENTRY #83) 2022-03-10 18:38:58.037243 >> Projectile removed!
(ENTRY #84) 2022-03-10 18:38:58.037243 >> Projectile removed!
(ENTRY #85) 2022-03-10 18:38:58.037243 >> Projectile removed!
(ENTRY #86) 2022-03-10 18:38:58.055213 >> Projectile has hit!
(ENTRY #87) 2022-03-10 18:38:58.055213 >> Projectile has hit!
(ENTRY #88) 2022-03-10 18:38:58.055213 >> Projectile removed!
(ENTRY #89) 2022-03-10 18:38:58.055213 >> Projectile removed!
(ENTRY #90) 2022-03-10 18:38:58.283207 >> Game resumed!
(ENTRY #91) 2022-03-10 18:38:58.372227 >> Cloud created! ID: #2
(ENTRY #92) 2022-03-10 18:38:58.843811 >> MOUSEPOS: (627, 408)
(ENTRY #93) 2022-03-10 18:38:58.843811 >> SLOPE CALC:None
(ENTRY #94) 2022-03-10 18:38:58.843811 >> LIN CALC FIN: -84.4903266005274
(ENTRY #95) 2022-03-10 18:38:58.843811 >> LIN CALC RAW: 984.4903266005274
(ENTRY #96) 2022-03-10 18:38:58.843811 >> Below!
(ENTRY #97) 2022-03-10 18:38:58.843811 >> Object lightRound has been created!
(ENTRY #98) 2022-03-10 18:38:58.844825 >> Protectile #22 has been created! Type: Light
(ENTRY #99) 2022-03-10 18:38:58.844825 >> Projectile created! ID: #22
(ENTRY #100) 2022-03-10 18:38:59.362841 >> MOUSEPOS: (456.0755828279515, 424.19792224617896)
(ENTRY #101) 2022-03-10 18:38:59.362841 >> SLOPE CALC:None
(ENTRY #102) 2022-03-10 18:38:59.362841 >> Object lightRound has been created!
(ENTRY #103) 2022-03-10 18:38:59.362841 >> Protectile #24 has been created! Type: Light
(ENTRY #104) 2022-03-10 18:38:59.362841 >> Projectile created! ID: #24
(ENTRY #105) 2022-03-10 18:38:59.362841 >> MOUSEPOS: (356.0755828279515, 424.19792224617896)
(ENTRY #106) 2022-03-10 18:38:59.362841 >> SLOPE CALC:None
(ENTRY #107) 2022-03-10 18:38:59.363840 >> Object lightRound has been created!
(ENTRY #108) 2022-03-10 18:38:59.363840 >> Protectile #26 has been created! Type: Light
(ENTRY #109) 2022-03-10 18:38:59.363840 >> Projectile created! ID: #26
(ENTRY #110) 2022-03-10 18:38:59.363840 >> MOUSEPOS: (643.9244171720484, 424.19792224617896)
(ENTRY #111) 2022-03-10 18:38:59.363840 >> SLOPE CALC:None
(ENTRY #112) 2022-03-10 18:38:59.363840 >> Object lightRound has been created!
(ENTRY #113) 2022-03-10 18:38:59.364827 >> Protectile #28 has been created! Type: Light
(ENTRY #114) 2022-03-10 18:38:59.364827 >> Projectile created! ID: #28
(ENTRY #115) 2022-03-10 18:38:59.364827 >> MOUSEPOS: (556.0755828279516, 424.19792224617896)
(ENTRY #116) 2022-03-10 18:38:59.364827 >> SLOPE CALC:None
(ENTRY #117) 2022-03-10 18:38:59.364827 >> Object lightRound has been created!
(ENTRY #118) 2022-03-10 18:38:59.364827 >> Protectile #30 has been created! Type: Light
(ENTRY #119) 2022-03-10 18:38:59.364827 >> Projectile created! ID: #30
(ENTRY #120) 2022-03-10 18:38:59.364827 >> MOUSEPOS: (643.9244171720484, 424.19792224617896)
(ENTRY #121) 2022-03-10 18:38:59.364827 >> SLOPE CALC:None
(ENTRY #122) 2022-03-10 18:38:59.364827 >> Object lightRound has been created!
(ENTRY #123) 2022-03-10 18:38:59.365815 >> Protectile #32 has been created! Type: Light
(ENTRY #124) 2022-03-10 18:38:59.365815 >> Projectile created! ID: #32
(ENTRY #125) 2022-03-10 18:38:59.365815 >> MOUSEPOS: (950.0, 450.0)
(ENTRY #126) 2022-03-10 18:38:59.365815 >> SLOPE CALC:None
(ENTRY #127) 2022-03-10 18:38:59.365815 >> LIN CALC FIN: 472.3007756634933
(ENTRY #128) 2022-03-10 18:38:59.365815 >> LIN CALC RAW: 427.6992243365067
(ENTRY #129) 2022-03-10 18:38:59.365815 >> Above!
(ENTRY #130) 2022-03-10 18:38:59.365815 >> Object lightRound has been created!
(ENTRY #131) 2022-03-10 18:38:59.365815 >> Protectile #34 has been created! Type: Light
(ENTRY #132) 2022-03-10 18:38:59.365815 >> Projectile created! ID: #34
(ENTRY #133) 2022-03-10 18:38:59.366840 >> MOUSEPOS: (1050.0, 450.0)
(ENTRY #134) 2022-03-10 18:38:59.366840 >> SLOPE CALC:None
(ENTRY #135) 2022-03-10 18:38:59.366840 >> Object lightRound has been created!
(ENTRY #136) 2022-03-10 18:38:59.366840 >> Protectile #36 has been created! Type: Light
(ENTRY #137) 2022-03-10 18:38:59.366840 >> Projectile created! ID: #36
(ENTRY #138) 2022-03-10 18:38:59.366840 >> MOUSEPOS: (950.0, 450.0)
(ENTRY #139) 2022-03-10 18:38:59.366840 >> SLOPE CALC:None
(ENTRY #140) 2022-03-10 18:38:59.366840 >> Object lightRound has been created!
(ENTRY #141) 2022-03-10 18:38:59.367810 >> Protectile #38 has been created! Type: Light
(ENTRY #142) 2022-03-10 18:38:59.367810 >> Projectile created! ID: #38
(ENTRY #143) 2022-03-10 18:38:59.367810 >> MOUSEPOS: (1050.0, 450.0)
(ENTRY #144) 2022-03-10 18:38:59.367810 >> SLOPE CALC:None
(ENTRY #145) 2022-03-10 18:38:59.367810 >> Object lightRound has been created!
(ENTRY #146) 2022-03-10 18:38:59.367810 >> Protectile #40 has been created! Type: Light
(ENTRY #147) 2022-03-10 18:38:59.367810 >> Projectile created! ID: #40
(ENTRY #148) 2022-03-10 18:38:59.367810 >> MOUSEPOS: (1150.0, 450.0)
(ENTRY #149) 2022-03-10 18:38:59.367810 >> SLOPE CALC:None
(ENTRY #150) 2022-03-10 18:38:59.367810 >> Object lightRound has been created!
(ENTRY #151) 2022-03-10 18:38:59.368841 >> Protectile #42 has been created! Type: Light
(ENTRY #152) 2022-03-10 18:38:59.368841 >> Projectile created! ID: #42
(ENTRY #153) 2022-03-10 18:38:59.389804 >> Projectile removed!
(ENTRY #154) 2022-03-10 18:38:59.389804 >> Projectile removed!
(ENTRY #155) 2022-03-10 18:38:59.389804 >> Projectile removed!
(ENTRY #156) 2022-03-10 18:38:59.540809 >> Cloud created! ID: #3
(ENTRY #157) 2022-03-10 18:38:59.819807 >> Projectile removed!
(ENTRY #158) 2022-03-10 18:38:59.904810 >> Projectile has hit!
(ENTRY #159) 2022-03-10 18:38:59.904810 >> Projectile has hit!
(ENTRY #160) 2022-03-10 18:38:59.904810 >> Projectile removed!
(ENTRY #161) 2022-03-10 18:38:59.904810 >> Projectile removed!
(ENTRY #162) 2022-03-10 18:39:00.002801 >> Projectile has hit!
(ENTRY #163) 2022-03-10 18:39:00.002801 >> Projectile removed!
(ENTRY #164) 2022-03-10 18:39:00.063841 >> Projectile has hit!
(ENTRY #165) 2022-03-10 18:39:00.063841 >> Projectile has hit!
(ENTRY #166) 2022-03-10 18:39:00.063841 >> Projectile removed!
(ENTRY #167) 2022-03-10 18:39:00.063841 >> Projectile removed!
(ENTRY #168) 2022-03-10 18:39:00.119826 >> Projectile has hit!
(ENTRY #169) 2022-03-10 18:39:00.119826 >> Projectile removed!
(ENTRY #170) 2022-03-10 18:39:00.613931 >> Cloud created! ID: #4
(ENTRY #171) 2022-03-10 18:39:00.723968 >> Projectile has hit!
(ENTRY #172) 2022-03-10 18:39:00.723968 >> Projectile removed!
(ENTRY #173) 2022-03-10 18:39:01.119934 >> MOUSEPOS: (627, 408)
(ENTRY #174) 2022-03-10 18:39:01.120939 >> SLOPE CALC:None
(ENTRY #175) 2022-03-10 18:39:01.120939 >> LIN CALC FIN: -101.9073456862144
(ENTRY #176) 2022-03-10 18:39:01.120939 >> LIN CALC RAW: 1001.9073456862144
(ENTRY #177) 2022-03-10 18:39:01.120939 >> Below!
(ENTRY #178) 2022-03-10 18:39:01.120939 >> Object lightRound has been created!
(ENTRY #179) 2022-03-10 18:39:01.120939 >> Protectile #44 has been created! Type: Light
(ENTRY #180) 2022-03-10 18:39:01.120939 >> Projectile created! ID: #44
(ENTRY #181) 2022-03-10 18:39:01.365937 >> MOUSEPOS: (472.51545250346504, 404.3431788779564)
(ENTRY #182) 2022-03-10 18:39:01.365937 >> SLOPE CALC:None
(ENTRY #183) 2022-03-10 18:39:01.365937 >> Object lightRound has been created!
(ENTRY #184) 2022-03-10 18:39:01.366929 >> Protectile #46 has been created! Type: Light
(ENTRY #185) 2022-03-10 18:39:01.366929 >> Projectile created! ID: #46
(ENTRY #186) 2022-03-10 18:39:01.366929 >> MOUSEPOS: (372.51545250346504, 404.3431788779564)
(ENTRY #187) 2022-03-10 18:39:01.366929 >> SLOPE CALC:None
(ENTRY #188) 2022-03-10 18:39:01.366929 >> Object lightRound has been created!
(ENTRY #189) 2022-03-10 18:39:01.366929 >> Protectile #48 has been created! Type: Light
(ENTRY #190) 2022-03-10 18:39:01.366929 >> Projectile created! ID: #48
(ENTRY #191) 2022-03-10 18:39:01.366929 >> MOUSEPOS: (627.4845474965343, 404.3431788779563)
(ENTRY #192) 2022-03-10 18:39:01.366929 >> SLOPE CALC:None
(ENTRY #193) 2022-03-10 18:39:01.366929 >> LIN CALC FIN: 349.3740838848878
(ENTRY #194) 2022-03-10 18:39:01.366929 >> LIN CALC RAW: 550.6259161151122
(ENTRY #195) 2022-03-10 18:39:01.366929 >> Below!
(ENTRY #196) 2022-03-10 18:39:01.366929 >> Object lightRound has been created!
(ENTRY #197) 2022-03-10 18:39:01.367928 >> Protectile #50 has been created! Type: Light
(ENTRY #198) 2022-03-10 18:39:01.367928 >> Projectile created! ID: #50
(ENTRY #199) 2022-03-10 18:39:01.367928 >> MOUSEPOS: (572.5154525034657, 404.3431788779564)
(ENTRY #200) 2022-03-10 18:39:01.367928 >> SLOPE CALC:None
(ENTRY #201) 2022-03-10 18:39:01.367928 >> LIN CALC FIN: 459.3122738710249
(ENTRY #202) 2022-03-10 18:39:01.367928 >> LIN CALC RAW: 440.6877261289751
(ENTRY #203) 2022-03-10 18:39:01.367928 >> Above!
(ENTRY #204) 2022-03-10 18:39:01.367928 >> Object lightRound has been created!
(ENTRY #205) 2022-03-10 18:39:01.368930 >> Protectile #52 has been created! Type: Light
(ENTRY #206) 2022-03-10 18:39:01.368930 >> Projectile created! ID: #52
(ENTRY #207) 2022-03-10 18:39:01.368930 >> MOUSEPOS: (627.4845474965343, 404.3431788779563)
(ENTRY #208) 2022-03-10 18:39:01.368930 >> SLOPE CALC:None
(ENTRY #209) 2022-03-10 18:39:01.368930 >> Object lightRound has been created!
(ENTRY #210) 2022-03-10 18:39:01.368930 >> Protectile #54 has been created! Type: Light
(ENTRY #211) 2022-03-10 18:39:01.368930 >> Projectile created! ID: #54
(ENTRY #212) 2022-03-10 18:39:01.368930 >> MOUSEPOS: (950.0, 450.0)
(ENTRY #213) 2022-03-10 18:39:01.369931 >> SLOPE CALC:None
(ENTRY #214) 2022-03-10 18:39:01.369931 >> LIN CALC FIN: 476.64076872259324
(ENTRY #215) 2022-03-10 18:39:01.369931 >> LIN CALC RAW: 423.35923127740676
(ENTRY #216) 2022-03-10 18:39:01.369931 >> Above!
(ENTRY #217) 2022-03-10 18:39:01.369931 >> Object lightRound has been created!
(ENTRY #218) 2022-03-10 18:39:01.369931 >> Protectile #56 has been created! Type: Light
(ENTRY #219) 2022-03-10 18:39:01.369931 >> Projectile created! ID: #56
(ENTRY #220) 2022-03-10 18:39:01.369931 >> MOUSEPOS: (1050.0, 450.0)
(ENTRY #221) 2022-03-10 18:39:01.369931 >> SLOPE CALC:None
(ENTRY #222) 2022-03-10 18:39:01.369931 >> Object lightRound has been created!
(ENTRY #223) 2022-03-10 18:39:01.370929 >> Protectile #58 has been created! Type: Light
(ENTRY #224) 2022-03-10 18:39:01.370929 >> Projectile created! ID: #58
(ENTRY #225) 2022-03-10 18:39:01.370929 >> MOUSEPOS: (950.0, 450.0)
(ENTRY #226) 2022-03-10 18:39:01.370929 >> SLOPE CALC:None
(ENTRY #227) 2022-03-10 18:39:01.370929 >> Object lightRound has been created!
(ENTRY #228) 2022-03-10 18:39:01.370929 >> Protectile #60 has been created! Type: Light
(ENTRY #229) 2022-03-10 18:39:01.370929 >> Projectile created! ID: #60
(ENTRY #230) 2022-03-10 18:39:01.370929 >> MOUSEPOS: (1050.0, 450.0)
(ENTRY #231) 2022-03-10 18:39:01.370929 >> SLOPE CALC:None
(ENTRY #232) 2022-03-10 18:39:01.370929 >> Object lightRound has been created!
(ENTRY #233) 2022-03-10 18:39:01.371928 >> Protectile #62 has been created! Type: Light
(ENTRY #234) 2022-03-10 18:39:01.371928 >> Projectile created! ID: #62
(ENTRY #235) 2022-03-10 18:39:01.371928 >> MOUSEPOS: (1150.0, 450.0)
(ENTRY #236) 2022-03-10 18:39:01.371928 >> SLOPE CALC:None
(ENTRY #237) 2022-03-10 18:39:01.371928 >> Object lightRound has been created!
(ENTRY #238) 2022-03-10 18:39:01.372932 >> Protectile #64 has been created! Type: Light
(ENTRY #239) 2022-03-10 18:39:01.372932 >> Projectile created! ID: #64
(ENTRY #240) 2022-03-10 18:39:01.392948 >> Projectile removed!
(ENTRY #241) 2022-03-10 18:39:01.392948 >> Projectile removed!
(ENTRY #242) 2022-03-10 18:39:01.392948 >> Projectile removed!
(ENTRY #243) 2022-03-10 18:39:01.603935 >> Projectile has hit!
(ENTRY #244) 2022-03-10 18:39:01.603935 >> Projectile has hit!
(ENTRY #245) 2022-03-10 18:39:01.603935 >> Projectile removed!
(ENTRY #246) 2022-03-10 18:39:01.603935 >> Projectile removed!
(ENTRY #247) 2022-03-10 18:39:01.705933 >> Cloud created! ID: #5
(ENTRY #248) 2022-03-10 18:39:01.811710 >> Projectile removed!
(ENTRY #249) 2022-03-10 18:39:01.892716 >> MOUSEPOS: (627, 408)
(ENTRY #250) 2022-03-10 18:39:01.893710 >> SLOPE CALC:None
(ENTRY #251) 2022-03-10 18:39:01.893710 >> LIN CALC FIN: 917.8596381098279
(ENTRY #252) 2022-03-10 18:39:01.893710 >> LIN CALC RAW: -17.85963810982787
(ENTRY #253) 2022-03-10 18:39:01.893710 >> Above!
(ENTRY #254) 2022-03-10 18:39:01.936675 >> entity_1_2 and entity_1_3 have collided!
(ENTRY #255) 2022-03-10 18:39:01.936675 >> entity_1_3 and entity_1_2 have collided!
(ENTRY #256) 2022-03-10 18:39:01.956687 >> Projectile has hit!
(ENTRY #257) 2022-03-10 18:39:01.957690 >> Projectile removed!
(ENTRY #258) 2022-03-10 18:39:02.049710 >> Projectile has hit!
(ENTRY #259) 2022-03-10 18:39:02.049710 >> Projectile removed!
(ENTRY #260) 2022-03-10 18:39:02.192450 >> Projectile has hit!
(ENTRY #261) 2022-03-10 18:39:02.192450 >> Projectile removed!
(ENTRY #262) 2022-03-10 18:39:02.402420 >> MOUSEPOS: (627, 408)
(ENTRY #263) 2022-03-10 18:39:02.402420 >> SLOPE CALC:None
(ENTRY #264) 2022-03-10 18:39:02.402420 >> LIN CALC FIN: 907.9810025575416
(ENTRY #265) 2022-03-10 18:39:02.402420 >> LIN CALC RAW: -7.981002557541615
(ENTRY #266) 2022-03-10 18:39:02.402420 >> Above!
(ENTRY #267) 2022-03-10 18:39:02.402420 >> Object lightRound has been created!
(ENTRY #268) 2022-03-10 18:39:02.402420 >> Protectile #66 has been created! Type: Light
(ENTRY #269) 2022-03-10 18:39:02.402420 >> Projectile created! ID: #66
(ENTRY #270) 2022-03-10 18:39:02.713420 >> Cloud created! ID: #6
(ENTRY #271) 2022-03-10 18:39:02.995418 >> MOUSEPOS: (627, 408)
(ENTRY #272) 2022-03-10 18:39:02.995418 >> SLOPE CALC:None
(ENTRY #273) 2022-03-10 18:39:02.995418 >> LIN CALC FIN: 896.8702893767858
(ENTRY #274) 2022-03-10 18:39:02.995418 >> LIN CALC RAW: 3.129710623214237
(ENTRY #275) 2022-03-10 18:39:02.995418 >> Above!
(ENTRY #276) 2022-03-10 18:39:02.995418 >> Projectile has hit!
(ENTRY #277) 2022-03-10 18:39:02.995418 >> Projectile removed!
(ENTRY #278) 2022-03-10 18:39:03.369579 >> MOUSEPOS: (496.4858592252447, 393.60814344116983)
(ENTRY #279) 2022-03-10 18:39:03.369579 >> SLOPE CALC:None
(ENTRY #280) 2022-03-10 18:39:03.369579 >> Object lightRound has been created!
(ENTRY #281) 2022-03-10 18:39:03.370579 >> Protectile #68 has been created! Type: Light
(ENTRY #282) 2022-03-10 18:39:03.370579 >> Projectile created! ID: #68
(ENTRY #283) 2022-03-10 18:39:03.370579 >> MOUSEPOS: (396.4858592252447, 393.60814344116983)
(ENTRY #284) 2022-03-10 18:39:03.370579 >> SLOPE CALC:None
(ENTRY #285) 2022-03-10 18:39:03.370579 >> Object lightRound has been created!
(ENTRY #286) 2022-03-10 18:39:03.370579 >> Protectile #70 has been created! Type: Light
(ENTRY #287) 2022-03-10 18:39:03.370579 >> Projectile created! ID: #70
(ENTRY #288) 2022-03-10 18:39:03.370579 >> MOUSEPOS: (874.2982436393746, 391.4089696537996)
(ENTRY #289) 2022-03-10 18:39:03.370579 >> SLOPE CALC:None
(ENTRY #290) 2022-03-10 18:39:03.370579 >> LIN CALC FIN: 222.8240405765506
(ENTRY #291) 2022-03-10 18:39:03.370579 >> LIN CALC RAW: 677.1759594234494
(ENTRY #292) 2022-03-10 18:39:03.370579 >> Below!
(ENTRY #293) 2022-03-10 18:39:03.370579 >> Object lightRound has been created!
(ENTRY #294) 2022-03-10 18:39:03.371580 >> Protectile #72 has been created! Type: Light
(ENTRY #295) 2022-03-10 18:39:03.371580 >> Projectile created! ID: #72
(ENTRY #296) 2022-03-10 18:39:03.371580 >> MOUSEPOS: (950.0, 450.0)
(ENTRY #297) 2022-03-10 18:39:03.371580 >> SLOPE CALC:None
(ENTRY #298) 2022-03-10 18:39:03.371580 >> LIN CALC FIN: 467.110726014425
(ENTRY #299) 2022-03-10 18:39:03.371580 >> LIN CALC RAW: 432.889273985575
(ENTRY #300) 2022-03-10 18:39:03.371580 >> Above!
(ENTRY #301) 2022-03-10 18:39:03.371580 >> Object lightRound has been created!
(ENTRY #302) 2022-03-10 18:39:03.371580 >> Protectile #74 has been created! Type: Light
(ENTRY #303) 2022-03-10 18:39:03.371580 >> Projectile created! ID: #74
(ENTRY #304) 2022-03-10 18:39:03.371580 >> MOUSEPOS: (874.2982436393746, 391.4089696537996)
(ENTRY #305) 2022-03-10 18:39:03.371580 >> SLOPE CALC:None
(ENTRY #306) 2022-03-10 18:39:03.371580 >> LIN CALC FIN: 374.2982436393746
(ENTRY #307) 2022-03-10 18:39:03.371580 >> LIN CALC RAW: 525.7017563606254
(ENTRY #308) 2022-03-10 18:39:03.371580 >> Below!
(ENTRY #309) 2022-03-10 18:39:03.371580 >> Object lightRound has been created!
(ENTRY #310) 2022-03-10 18:39:03.372579 >> Protectile #76 has been created! Type: Light
(ENTRY #311) 2022-03-10 18:39:03.372579 >> Projectile created! ID: #76
(ENTRY #312) 2022-03-10 18:39:03.372579 >> MOUSEPOS: (950.0, 450.0)
(ENTRY #313) 2022-03-10 18:39:03.372579 >> SLOPE CALC:None
(ENTRY #314) 2022-03-10 18:39:03.372579 >> Object lightRound has been created!
(ENTRY #315) 2022-03-10 18:39:03.372579 >> Protectile #78 has been created! Type: Light
(ENTRY #316) 2022-03-10 18:39:03.372579 >> Projectile created! ID: #78
(ENTRY #317) 2022-03-10 18:39:03.373579 >> MOUSEPOS: (1050.0, 450.0)
(ENTRY #318) 2022-03-10 18:39:03.373579 >> SLOPE CALC:None
(ENTRY #319) 2022-03-10 18:39:03.373579 >> Object lightRound has been created!
(ENTRY #320) 2022-03-10 18:39:03.373579 >> Protectile #80 has been created! Type: Light
(ENTRY #321) 2022-03-10 18:39:03.373579 >> Projectile created! ID: #80
(ENTRY #322) 2022-03-10 18:39:03.373579 >> MOUSEPOS: (1150.0, 450.0)
(ENTRY #323) 2022-03-10 18:39:03.373579 >> SLOPE CALC:None
(ENTRY #324) 2022-03-10 18:39:03.373579 >> Object lightRound has been created!
(ENTRY #325) 2022-03-10 18:39:03.374544 >> Protectile #82 has been created! Type: Light
(ENTRY #326) 2022-03-10 18:39:03.374544 >> Projectile created! ID: #82
(ENTRY #327) 2022-03-10 18:39:03.394579 >> Projectile removed!
(ENTRY #328) 2022-03-10 18:39:03.394579 >> Projectile removed!
(ENTRY #329) 2022-03-10 18:39:03.394579 >> Projectile removed!
(ENTRY #330) 2022-03-10 18:39:03.686579 >> MOUSEPOS: (627, 408)
(ENTRY #331) 2022-03-10 18:39:03.686579 >> SLOPE CALC:None
(ENTRY #332) 2022-03-10 18:39:03.686579 >> LIN CALC FIN: 884.5336099722133
(ENTRY #333) 2022-03-10 18:39:03.686579 >> LIN CALC RAW: 15.466390027786701
(ENTRY #334) 2022-03-10 18:39:03.686579 >> Above!
(ENTRY #335) 2022-03-10 18:39:03.686579 >> Object lightRound has been created!
(ENTRY #336) 2022-03-10 18:39:03.687579 >> Protectile #84 has been created! Type: Light
(ENTRY #337) 2022-03-10 18:39:03.687579 >> Projectile created! ID: #84
(ENTRY #338) 2022-03-10 18:39:03.806579 >> Cloud created! ID: #7
(ENTRY #339) 2022-03-10 18:39:03.929545 >> Projectile has hit!
(ENTRY #340) 2022-03-10 18:39:03.929545 >> Projectile removed!
(ENTRY #341) 2022-03-10 18:39:03.992293 >> Projectile has hit!
(ENTRY #342) 2022-03-10 18:39:03.992293 >> Projectile has hit!
(ENTRY #343) 2022-03-10 18:39:03.992293 >> Projectile removed!
(ENTRY #344) 2022-03-10 18:39:03.993204 >> Projectile removed!
(ENTRY #345) 2022-03-10 18:39:04.051166 >> Projectile has hit!
(ENTRY #346) 2022-03-10 18:39:04.051166 >> Projectile removed!
(ENTRY #347) 2022-03-10 18:39:04.303175 >> MOUSEPOS: (649, 384)
(ENTRY #348) 2022-03-10 18:39:04.303175 >> SLOPE CALC:None
(ENTRY #349) 2022-03-10 18:39:04.303175 >> LIN CALC FIN: -113.07496286830474
(ENTRY #350) 2022-03-10 18:39:04.303175 >> LIN CALC RAW: 1013.0749628683047
(ENTRY #351) 2022-03-10 18:39:04.303175 >> Below!
(ENTRY #352) 2022-03-10 18:39:04.394174 >> Projectile has hit!
(ENTRY #353) 2022-03-10 18:39:04.394174 >> Projectile removed!
(ENTRY #354) 2022-03-10 18:39:04.742182 >> MOUSEPOS: (650, 387)
(ENTRY #355) 2022-03-10 18:39:04.742182 >> SLOPE CALC:None
(ENTRY #356) 2022-03-10 18:39:04.742182 >> LIN CALC FIN: -109.25580067256305
(ENTRY #357) 2022-03-10 18:39:04.742182 >> LIN CALC RAW: 1009.255800672563
(ENTRY #358) 2022-03-10 18:39:04.742182 >> Below!
(ENTRY #359) 2022-03-10 18:39:04.742182 >> Object lightRound has been created!
(ENTRY #360) 2022-03-10 18:39:04.742182 >> Protectile #86 has been created! Type: Light
(ENTRY #361) 2022-03-10 18:39:04.742182 >> Projectile created! ID: #86
(ENTRY #362) 2022-03-10 18:39:04.855370 >> Cloud created! ID: #8
(ENTRY #363) 2022-03-10 18:39:05.234291 >> MOUSEPOS: (659, 395)
(ENTRY #364) 2022-03-10 18:39:05.234291 >> SLOPE CALC:None
(ENTRY #365) 2022-03-10 18:39:05.234291 >> LIN CALC FIN: 892.9151343219517
(ENTRY #366) 2022-03-10 18:39:05.234291 >> LIN CALC RAW: 7.084865678048345
(ENTRY #367) 2022-03-10 18:39:05.234291 >> Above!
(ENTRY #368) 2022-03-10 18:39:05.385301 >> MOUSEPOS: (521.7659359918355, 387.1428339843948)
(ENTRY #369) 2022-03-10 18:39:05.385301 >> SLOPE CALC:None
(ENTRY #370) 2022-03-10 18:39:05.385301 >> LIN CALC FIN: 485.41840156696804
(ENTRY #371) 2022-03-10 18:39:05.385301 >> LIN CALC RAW: 414.58159843303196
(ENTRY #372) 2022-03-10 18:39:05.385301 >> Above!
(ENTRY #373) 2022-03-10 18:39:05.385301 >> Object lightRound has been created!
(ENTRY #374) 2022-03-10 18:39:05.386320 >> Protectile #88 has been created! Type: Light
(ENTRY #375) 2022-03-10 18:39:05.386320 >> Projectile created! ID: #88
(ENTRY #376) 2022-03-10 18:39:05.386320 >> MOUSEPOS: (420.88902173199494, 384.5414873071275)
(ENTRY #377) 2022-03-10 18:39:05.386320 >> SLOPE CALC:None
(ENTRY #378) 2022-03-10 18:39:05.386320 >> LIN CALC FIN: 286.26591972455435
(ENTRY #379) 2022-03-10 18:39:05.386320 >> LIN CALC RAW: 613.7340802754456
(ENTRY #380) 2022-03-10 18:39:05.386320 >> Below!
(ENTRY #381) 2022-03-10 18:39:05.386320 >> Object lightRound has been created!
(ENTRY #382) 2022-03-10 18:39:05.387307 >> Protectile #90 has been created! Type: Light
(ENTRY #383) 2022-03-10 18:39:05.387307 >> Projectile created! ID: #90
(ENTRY #384) 2022-03-10 18:39:05.387307 >> MOUSEPOS: (521.7659359918355, 387.1428339843948)
(ENTRY #385) 2022-03-10 18:39:05.387307 >> SLOPE CALC:None
(ENTRY #386) 2022-03-10 18:39:05.387307 >> LIN CALC FIN: 541.175047386495
(ENTRY #387) 2022-03-10 18:39:05.387307 >> LIN CALC RAW: 358.82495261350505
(ENTRY #388) 2022-03-10 18:39:05.387307 >> Above!
(ENTRY #389) 2022-03-10 18:39:05.387307 >> Object lightRound has been created!
(ENTRY #390) 2022-03-10 18:39:05.387307 >> Protectile #92 has been created! Type: Light
(ENTRY #391) 2022-03-10 18:39:05.387307 >> Projectile created! ID: #92
(ENTRY #392) 2022-03-10 18:39:05.387307 >> MOUSEPOS: (950.0, 450.0)
(ENTRY #393) 2022-03-10 18:39:05.387307 >> SLOPE CALC:None
(ENTRY #394) 2022-03-10 18:39:05.387307 >> LIN CALC FIN: 377.4478546873902
(ENTRY #395) 2022-03-10 18:39:05.387307 >> LIN CALC RAW: 522.5521453126098
(ENTRY #396) 2022-03-10 18:39:05.387307 >> Below!
(ENTRY #397) 2022-03-10 18:39:05.387307 >> Object lightRound has been created!
(ENTRY #398) 2022-03-10 18:39:05.388309 >> Protectile #94 has been created! Type: Light
(ENTRY #399) 2022-03-10 18:39:05.388309 >> Projectile created! ID: #94
(ENTRY #400) 2022-03-10 18:39:05.388309 >> MOUSEPOS: (859.142797707387, 468.3050569800032)
(ENTRY #401) 2022-03-10 18:39:05.388309 >> SLOPE CALC:None
(ENTRY #402) 2022-03-10 18:39:05.388309 >> LIN CALC FIN: 540.857202292613
(ENTRY #403) 2022-03-10 18:39:05.388309 >> LIN CALC RAW: 359.142797707387
(ENTRY #404) 2022-03-10 18:39:05.388309 >> Above!
(ENTRY #405) 2022-03-10 18:39:05.388309 >> Object lightRound has been created!
(ENTRY #406) 2022-03-10 18:39:05.389301 >> Protectile #96 has been created! Type: Light
(ENTRY #407) 2022-03-10 18:39:05.389301 >> Projectile created! ID: #96
(ENTRY #408) 2022-03-10 18:39:05.389301 >> MOUSEPOS: (950.0, 450.0)
(ENTRY #409) 2022-03-10 18:39:05.389301 >> SLOPE CALC:None
(ENTRY #410) 2022-03-10 18:39:05.389301 >> Object lightRound has been created!
(ENTRY #411) 2022-03-10 18:39:05.389301 >> Protectile #98 has been created! Type: Light
(ENTRY #412) 2022-03-10 18:39:05.389301 >> Projectile created! ID: #98
(ENTRY #413) 2022-03-10 18:39:05.389301 >> MOUSEPOS: (1050.0, 450.0)
(ENTRY #414) 2022-03-10 18:39:05.389301 >> SLOPE CALC:None
(ENTRY #415) 2022-03-10 18:39:05.389301 >> Object lightRound has been created!
(ENTRY #416) 2022-03-10 18:39:05.390308 >> Protectile #100 has been created! Type: Light
(ENTRY #417) 2022-03-10 18:39:05.390308 >> Projectile created! ID: #100
(ENTRY #418) 2022-03-10 18:39:05.390308 >> MOUSEPOS: (1150.0, 450.0)
(ENTRY #419) 2022-03-10 18:39:05.390308 >> SLOPE CALC:None
(ENTRY #420) 2022-03-10 18:39:05.390308 >> Object lightRound has been created!
(ENTRY #421) 2022-03-10 18:39:05.391297 >> Protectile #102 has been created! Type: Light
(ENTRY #422) 2022-03-10 18:39:05.391297 >> Projectile created! ID: #102
(ENTRY #423) 2022-03-10 18:39:05.410290 >> Projectile removed!
(ENTRY #424) 2022-03-10 18:39:05.410290 >> Projectile removed!
(ENTRY #425) 2022-03-10 18:39:05.410290 >> Projectile removed!
(ENTRY #426) 2022-03-10 18:39:05.657330 >> MOUSEPOS: (659, 395)
(ENTRY #427) 2022-03-10 18:39:05.658331 >> SLOPE CALC:None
(ENTRY #428) 2022-03-10 18:39:05.658331 >> LIN CALC FIN: 887.8296856278076
(ENTRY #429) 2022-03-10 18:39:05.658331 >> LIN CALC RAW: 12.170314372192365
(ENTRY #430) 2022-03-10 18:39:05.658331 >> Above!
(ENTRY #431) 2022-03-10 18:39:05.679299 >> Projectile removed!
(ENTRY #432) 2022-03-10 18:39:05.727308 >> Projectile has hit!
(ENTRY #433) 2022-03-10 18:39:05.727308 >> Projectile removed!
(ENTRY #434) 2022-03-10 18:39:05.959862 >> Cloud created! ID: #9
(ENTRY #435) 2022-03-10 18:39:06.002852 >> Projectile has hit!
(ENTRY #436) 2022-03-10 18:39:06.002852 >> Projectile removed!
(ENTRY #437) 2022-03-10 18:39:06.045039 >> Projectile has hit!
(ENTRY #438) 2022-03-10 18:39:06.045039 >> Projectile removed!
(ENTRY #439) 2022-03-10 18:39:06.088604 >> MOUSEPOS: (659, 395)
(ENTRY #440) 2022-03-10 18:39:06.088604 >> SLOPE CALC:None
(ENTRY #441) 2022-03-10 18:39:06.088604 >> LIN CALC FIN: 883.4655372009859
(ENTRY #442) 2022-03-10 18:39:06.088604 >> LIN CALC RAW: 16.534462799014136
(ENTRY #443) 2022-03-10 18:39:06.088604 >> Above!
(ENTRY #444) 2022-03-10 18:39:06.088604 >> Object lightRound has been created!
(ENTRY #445) 2022-03-10 18:39:06.089611 >> Protectile #104 has been created! Type: Light
(ENTRY #446) 2022-03-10 18:39:06.089611 >> Projectile created! ID: #104
(ENTRY #447) 2022-03-10 18:39:06.089611 >> Projectile has hit!
(ENTRY #448) 2022-03-10 18:39:06.089611 >> Projectile removed!
(ENTRY #449) 2022-03-10 18:39:06.444953 >> Projectile has hit!
(ENTRY #450) 2022-03-10 18:39:06.444953 >> Projectile removed!
(ENTRY #451) 2022-03-10 18:39:06.660958 >> MOUSEPOS: (659, 395)
(ENTRY #452) 2022-03-10 18:39:06.660958 >> SLOPE CALC:None
(ENTRY #453) 2022-03-10 18:39:06.660958 >> LIN CALC FIN: 878.0358691273858
(ENTRY #454) 2022-03-10 18:39:06.660958 >> LIN CALC RAW: 21.96413087261419
(ENTRY #455) 2022-03-10 18:39:06.660958 >> Above!
(ENTRY #456) 2022-03-10 18:39:06.827607 >> Projectile has hit!
(ENTRY #457) 2022-03-10 18:39:06.827607 >> Projectile removed!
(ENTRY #458) 2022-03-10 18:39:07.014572 >> Cloud created! ID: #10
(ENTRY #459) 2022-03-10 18:39:07.391568 >> MOUSEPOS: (541.2304794170387, 371.38075750523444)
(ENTRY #460) 2022-03-10 18:39:07.391568 >> SLOPE CALC:None
(ENTRY #461) 2022-03-10 18:39:07.391568 >> LIN CALC FIN: 469.4676817550699
(ENTRY #462) 2022-03-10 18:39:07.391568 >> LIN CALC RAW: 430.5323182449301
(ENTRY #463) 2022-03-10 18:39:07.391568 >> Above!
(ENTRY #464) 2022-03-10 18:39:07.391568 >> Object lightRound has been created!
(ENTRY #465) 2022-03-10 18:39:07.392571 >> Protectile #106 has been created! Type: Light
(ENTRY #466) 2022-03-10 18:39:07.392571 >> Projectile created! ID: #106
(ENTRY #467) 2022-03-10 18:39:07.392571 >> MOUSEPOS: (438.2875654909189, 366.5247678289501)
(ENTRY #468) 2022-03-10 18:39:07.392571 >> SLOPE CALC:None
(ENTRY #469) 2022-03-10 18:39:07.392571 >> LIN CALC FIN: 268.43784357911454
(ENTRY #470) 2022-03-10 18:39:07.392571 >> LIN CALC RAW: 631.5621564208855
(ENTRY #471) 2022-03-10 18:39:07.392571 >> Below!
(ENTRY #472) 2022-03-10 18:39:07.392571 >> Object lightRound has been created!
(ENTRY #473) 2022-03-10 18:39:07.392571 >> Protectile #108 has been created! Type: Light
(ENTRY #474) 2022-03-10 18:39:07.392571 >> Projectile created! ID: #108
(ENTRY #475) 2022-03-10 18:39:07.392571 >> MOUSEPOS: (541.2304794170387, 371.38075750523444)
(ENTRY #476) 2022-03-10 18:39:07.392571 >> SLOPE CALC:None
(ENTRY #477) 2022-03-10 18:39:07.392571 >> LIN CALC FIN: 486.376128929007
(ENTRY #478) 2022-03-10 18:39:07.392571 >> LIN CALC RAW: 413.623871070993
(ENTRY #479) 2022-03-10 18:39:07.392571 >> Above!
(ENTRY #480) 2022-03-10 18:39:07.392571 >> Object lightRound has been created!
(ENTRY #481) 2022-03-10 18:39:07.393568 >> Protectile #110 has been created! Type: Light
(ENTRY #482) 2022-03-10 18:39:07.393568 >> Projectile created! ID: #110
(ENTRY #483) 2022-03-10 18:39:07.393568 >> MOUSEPOS: (950.0, 450.0)
(ENTRY #484) 2022-03-10 18:39:07.393568 >> SLOPE CALC:None
(ENTRY #485) 2022-03-10 18:39:07.393568 >> LIN CALC FIN: 484.45227990386707
(ENTRY #486) 2022-03-10 18:39:07.393568 >> LIN CALC RAW: 415.54772009613293
(ENTRY #487) 2022-03-10 18:39:07.393568 >> Above!
(ENTRY #488) 2022-03-10 18:39:07.393568 >> Object lightRound has been created!
(ENTRY #489) 2022-03-10 18:39:07.393568 >> Protectile #112 has been created! Type: Light
(ENTRY #490) 2022-03-10 18:39:07.393568 >> Projectile created! ID: #112
(ENTRY #491) 2022-03-10 18:39:07.393568 >> MOUSEPOS: (1050.0, 450.0)
(ENTRY #492) 2022-03-10 18:39:07.393568 >> SLOPE CALC:None
(ENTRY #493) 2022-03-10 18:39:07.393568 >> Object lightRound has been created!
(ENTRY #494) 2022-03-10 18:39:07.394568 >> Protectile #114 has been created! Type: Light
(ENTRY #495) 2022-03-10 18:39:07.394568 >> Projectile created! ID: #114
(ENTRY #496) 2022-03-10 18:39:07.394568 >> MOUSEPOS: (950.0, 450.0)
(ENTRY #497) 2022-03-10 18:39:07.394568 >> SLOPE CALC:None
(ENTRY #498) 2022-03-10 18:39:07.394568 >> Object lightRound has been created!
(ENTRY #499) 2022-03-10 18:39:07.395570 >> Protectile #116 has been created! Type: Light
(ENTRY #500) 2022-03-10 18:39:07.395570 >> Projectile created! ID: #116
(ENTRY #501) 2022-03-10 18:39:07.395570 >> MOUSEPOS: (1050.0, 450.0)
(ENTRY #502) 2022-03-10 18:39:07.395570 >> SLOPE CALC:None
(ENTRY #503) 2022-03-10 18:39:07.395570 >> Object lightRound has been created!
(ENTRY #504) 2022-03-10 18:39:07.395570 >> Protectile #118 has been created! Type: Light
(ENTRY #505) 2022-03-10 18:39:07.395570 >> Projectile created! ID: #118
(ENTRY #506) 2022-03-10 18:39:07.395570 >> MOUSEPOS: (1150.0, 450.0)
(ENTRY #507) 2022-03-10 18:39:07.395570 >> SLOPE CALC:None
(ENTRY #508) 2022-03-10 18:39:07.395570 >> Object lightRound has been created!
(ENTRY #509) 2022-03-10 18:39:07.396576 >> Protectile #120 has been created! Type: Light
(ENTRY #510) 2022-03-10 18:39:07.396576 >> Projectile created! ID: #120
(ENTRY #511) 2022-03-10 18:39:07.417592 >> Projectile removed!
(ENTRY #512) 2022-03-10 18:39:07.417592 >> Projectile removed!
(ENTRY #513) 2022-03-10 18:39:07.417592 >> Projectile removed!
(ENTRY #514) 2022-03-10 18:39:07.832575 >> Projectile removed!
(ENTRY #515) 2022-03-10 18:39:08.064576 >> Projectile removed!
(ENTRY #516) 2022-03-10 18:39:08.113575 >> Projectile has hit!
(ENTRY #517) 2022-03-10 18:39:08.113575 >> Projectile removed!
(ENTRY #518) 2022-03-10 18:39:08.151751 >> Projectile has hit!
(ENTRY #519) 2022-03-10 18:39:08.151751 >> Projectile removed!
(ENTRY #520) 2022-03-10 18:39:08.188580 >> Cloud created! ID: #11
(ENTRY #521) 2022-03-10 18:39:08.235574 >> Projectile has hit!
(ENTRY #522) 2022-03-10 18:39:08.235574 >> Projectile removed!
(ENTRY #523) 2022-03-10 18:39:08.402412 >> Projectile has hit!
(ENTRY #524) 2022-03-10 18:39:08.402412 >> Projectile removed!
(ENTRY #525) 2022-03-10 18:39:09.201509 >> Cloud created! ID: #12
(ENTRY #526) 2022-03-10 18:39:09.398537 >> MOUSEPOS: (950.0, 450.0)
(ENTRY #527) 2022-03-10 18:39:09.398537 >> SLOPE CALC:None
(ENTRY #528) 2022-03-10 18:39:09.398537 >> LIN CALC FIN: 632.0252440041346
(ENTRY #529) 2022-03-10 18:39:09.398537 >> LIN CALC RAW: 267.9747559958654
(ENTRY #530) 2022-03-10 18:39:09.398537 >> Above!
(ENTRY #531) 2022-03-10 18:39:09.398537 >> Object lightRound has been created!
(ENTRY #532) 2022-03-10 18:39:09.398537 >> Protectile #122 has been created! Type: Light
(ENTRY #533) 2022-03-10 18:39:09.399505 >> Projectile created! ID: #122
(ENTRY #534) 2022-03-10 18:39:09.399505 >> MOUSEPOS: (950.0, 450.0)
(ENTRY #535) 2022-03-10 18:39:09.399505 >> SLOPE CALC:None
(ENTRY #536) 2022-03-10 18:39:09.399505 >> LIN CALC FIN: 576.8357921673974
(ENTRY #537) 2022-03-10 18:39:09.399505 >> LIN CALC RAW: 323.16420783260264
(ENTRY #538) 2022-03-10 18:39:09.399505 >> Above!
(ENTRY #539) 2022-03-10 18:39:09.399505 >> Object lightRound has been created!
(ENTRY #540) 2022-03-10 18:39:09.399505 >> Protectile #124 has been created! Type: Light
(ENTRY #541) 2022-03-10 18:39:09.399505 >> Projectile created! ID: #124
(ENTRY #542) 2022-03-10 18:39:09.399505 >> MOUSEPOS: (1050.0, 450.0)
(ENTRY #543) 2022-03-10 18:39:09.400498 >> SLOPE CALC:None
(ENTRY #544) 2022-03-10 18:39:09.400498 >> Object lightRound has been created!
(ENTRY #545) 2022-03-10 18:39:09.400498 >> Protectile #126 has been created! Type: Light
(ENTRY #546) 2022-03-10 18:39:09.400498 >> Projectile created! ID: #126
(ENTRY #547) 2022-03-10 18:39:09.400498 >> MOUSEPOS: (950.0, 450.0)
(ENTRY #548) 2022-03-10 18:39:09.400498 >> SLOPE CALC:None
(ENTRY #549) 2022-03-10 18:39:09.400498 >> Object lightRound has been created!
(ENTRY #550) 2022-03-10 18:39:09.401498 >> Protectile #128 has been created! Type: Light
(ENTRY #551) 2022-03-10 18:39:09.401498 >> Projectile created! ID: #128
(ENTRY #552) 2022-03-10 18:39:09.401498 >> MOUSEPOS: (1050.0, 450.0)
(ENTRY #553) 2022-03-10 18:39:09.401498 >> SLOPE CALC:None
(ENTRY #554) 2022-03-10 18:39:09.401498 >> Object lightRound has been created!
(ENTRY #555) 2022-03-10 18:39:09.402503 >> Protectile #130 has been created! Type: Light
(ENTRY #556) 2022-03-10 18:39:09.402503 >> Projectile created! ID: #130
(ENTRY #557) 2022-03-10 18:39:09.402503 >> MOUSEPOS: (1150.0, 450.0)
(ENTRY #558) 2022-03-10 18:39:09.402503 >> SLOPE CALC:None
(ENTRY #559) 2022-03-10 18:39:09.402503 >> Object lightRound has been created!
(ENTRY #560) 2022-03-10 18:39:09.402503 >> Protectile #132 has been created! Type: Light
(ENTRY #561) 2022-03-10 18:39:09.402503 >> Projectile created! ID: #132
(ENTRY #562) 2022-03-10 18:39:09.419498 >> Projectile removed!
(ENTRY #563) 2022-03-10 18:39:09.419498 >> Projectile removed!
(ENTRY #564) 2022-03-10 18:39:09.419498 >> Projectile removed!
(ENTRY #565) 2022-03-10 18:39:09.776500 >> Projectile removed!
(ENTRY #566) 2022-03-10 18:39:10.304199 >> Cloud created! ID: #13
(ENTRY #567) 2022-03-10 18:39:10.931625 >> Projectile has hit!
(ENTRY #568) 2022-03-10 18:39:10.931625 >> Projectile removed!
(ENTRY #569) 2022-03-10 18:39:11.322768 >> Cloud created! ID: #14
(ENTRY #570) 2022-03-10 18:39:11.404767 >> MOUSEPOS: (950.0, 450.0)
(ENTRY #571) 2022-03-10 18:39:11.404767 >> SLOPE CALC:None
(ENTRY #572) 2022-03-10 18:39:11.405766 >> LIN CALC FIN: 606.422958257398
(ENTRY #573) 2022-03-10 18:39:11.405766 >> LIN CALC RAW: 293.577041742602
(ENTRY #574) 2022-03-10 18:39:11.405766 >> Above!
(ENTRY #575) 2022-03-10 18:39:11.405766 >> Object lightRound has been created!
(ENTRY #576) 2022-03-10 18:39:11.405766 >> Protectile #134 has been created! Type: Light
(ENTRY #577) 2022-03-10 18:39:11.405766 >> Projectile created! ID: #134
(ENTRY #578) 2022-03-10 18:39:11.405766 >> MOUSEPOS: (950.0, 450.0)
(ENTRY #579) 2022-03-10 18:39:11.405766 >> SLOPE CALC:None
(ENTRY #580) 2022-03-10 18:39:11.405766 >> LIN CALC FIN: 527.8969481650483
(ENTRY #581) 2022-03-10 18:39:11.405766 >> LIN CALC RAW: 372.10305183495166
(ENTRY #582) 2022-03-10 18:39:11.405766 >> Above!
(ENTRY #583) 2022-03-10 18:39:11.405766 >> Object lightRound has been created!
(ENTRY #584) 2022-03-10 18:39:11.406766 >> Protectile #136 has been created! Type: Light
(ENTRY #585) 2022-03-10 18:39:11.406766 >> Projectile created! ID: #136
(ENTRY #586) 2022-03-10 18:39:11.406766 >> MOUSEPOS: (1050.0, 450.0)
(ENTRY #587) 2022-03-10 18:39:11.406766 >> SLOPE CALC:None
(ENTRY #588) 2022-03-10 18:39:11.406766 >> Object lightRound has been created!
(ENTRY #589) 2022-03-10 18:39:11.406766 >> Protectile #138 has been created! Type: Light
(ENTRY #590) 2022-03-10 18:39:11.406766 >> Projectile created! ID: #138
(ENTRY #591) 2022-03-10 18:39:11.406766 >> MOUSEPOS: (950.0, 450.0)
(ENTRY #592) 2022-03-10 18:39:11.406766 >> SLOPE CALC:None
(ENTRY #593) 2022-03-10 18:39:11.406766 >> Object lightRound has been created!
(ENTRY #594) 2022-03-10 18:39:11.407768 >> Protectile #140 has been created! Type: Light
(ENTRY #595) 2022-03-10 18:39:11.407768 >> Projectile created! ID: #140
(ENTRY #596) 2022-03-10 18:39:11.407768 >> MOUSEPOS: (1050.0, 450.0)
(ENTRY #597) 2022-03-10 18:39:11.407768 >> SLOPE CALC:None
(ENTRY #598) 2022-03-10 18:39:11.407768 >> Object lightRound has been created!
(ENTRY #599) 2022-03-10 18:39:11.407768 >> Protectile #142 has been created! Type: Light
(ENTRY #600) 2022-03-10 18:39:11.407768 >> Projectile created! ID: #142
(ENTRY #601) 2022-03-10 18:39:11.407768 >> MOUSEPOS: (1150.0, 450.0)
(ENTRY #602) 2022-03-10 18:39:11.407768 >> SLOPE CALC:None
(ENTRY #603) 2022-03-10 18:39:11.407768 >> Object lightRound has been created!
(ENTRY #604) 2022-03-10 18:39:11.408768 >> Protectile #144 has been created! Type: Light
(ENTRY #605) 2022-03-10 18:39:11.408768 >> Projectile created! ID: #144
(ENTRY #606) 2022-03-10 18:39:11.425767 >> Projectile removed!
(ENTRY #607) 2022-03-10 18:39:11.425767 >> Projectile removed!
(ENTRY #608) 2022-03-10 18:39:11.425767 >> Projectile removed!
(ENTRY #609) 2022-03-10 18:39:11.460769 >> Projectile has hit!
(ENTRY #610) 2022-03-10 18:39:11.460769 >> Projectile removed!
(ENTRY #611) 2022-03-10 18:39:11.775783 >> Projectile removed!
(ENTRY #612) 2022-03-10 18:39:12.105657 >> Projectile removed!
(ENTRY #613) 2022-03-10 18:39:12.429190 >> Cloud created! ID: #15
(ENTRY #614) 2022-03-10 18:39:13.192735 >> Projectile removed!
(ENTRY #615) 2022-03-10 18:39:13.414727 >> MOUSEPOS: (950.0, 450.0)
(ENTRY #616) 2022-03-10 18:39:13.414727 >> SLOPE CALC:None
(ENTRY #617) 2022-03-10 18:39:13.414727 >> LIN CALC FIN: 599.0909924838663
(ENTRY #618) 2022-03-10 18:39:13.414727 >> LIN CALC RAW: 300.90900751613367
(ENTRY #619) 2022-03-10 18:39:13.414727 >> Above!
(ENTRY #620) 2022-03-10 18:39:13.414727 >> Object lightRound has been created!
(ENTRY #621) 2022-03-10 18:39:13.415728 >> Protectile #146 has been created! Type: Light
(ENTRY #622) 2022-03-10 18:39:13.415728 >> Projectile created! ID: #146
(ENTRY #623) 2022-03-10 18:39:13.415728 >> MOUSEPOS: (950.0, 450.0)
(ENTRY #624) 2022-03-10 18:39:13.415728 >> SLOPE CALC:None
(ENTRY #625) 2022-03-10 18:39:13.415728 >> LIN CALC FIN: 467.1439544350392
(ENTRY #626) 2022-03-10 18:39:13.415728 >> LIN CALC RAW: 432.8560455649608
(ENTRY #627) 2022-03-10 18:39:13.415728 >> Above!
(ENTRY #628) 2022-03-10 18:39:13.415728 >> Object lightRound has been created!
(ENTRY #629) 2022-03-10 18:39:13.415728 >> Protectile #148 has been created! Type: Light
(ENTRY #630) 2022-03-10 18:39:13.415728 >> Projectile created! ID: #148
(ENTRY #631) 2022-03-10 18:39:13.415728 >> MOUSEPOS: (1050.0, 450.0)
(ENTRY #632) 2022-03-10 18:39:13.415728 >> SLOPE CALC:None
(ENTRY #633) 2022-03-10 18:39:13.415728 >> Object lightRound has been created!
(ENTRY #634) 2022-03-10 18:39:13.416735 >> Protectile #150 has been created! Type: Light
(ENTRY #635) 2022-03-10 18:39:13.416735 >> Projectile created! ID: #150
(ENTRY #636) 2022-03-10 18:39:13.416735 >> MOUSEPOS: (950.0, 450.0)
(ENTRY #637) 2022-03-10 18:39:13.416735 >> SLOPE CALC:None
(ENTRY #638) 2022-03-10 18:39:13.416735 >> Object lightRound has been created!
(ENTRY #639) 2022-03-10 18:39:13.416735 >> Protectile #152 has been created! Type: Light
(ENTRY #640) 2022-03-10 18:39:13.416735 >> Projectile created! ID: #152
(ENTRY #641) 2022-03-10 18:39:13.416735 >> MOUSEPOS: (1050.0, 450.0)
(ENTRY #642) 2022-03-10 18:39:13.416735 >> SLOPE CALC:None
(ENTRY #643) 2022-03-10 18:39:13.416735 >> Object lightRound has been created!
(ENTRY #644) 2022-03-10 18:39:13.417730 >> Protectile #154 has been created! Type: Light
(ENTRY #645) 2022-03-10 18:39:13.417730 >> Projectile created! ID: #154
(ENTRY #646) 2022-03-10 18:39:13.417730 >> MOUSEPOS: (1150.0, 450.0)
(ENTRY #647) 2022-03-10 18:39:13.417730 >> SLOPE CALC:None
(ENTRY #648) 2022-03-10 18:39:13.417730 >> Object lightRound has been created!
(ENTRY #649) 2022-03-10 18:39:13.418759 >> Protectile #156 has been created! Type: Light
(ENTRY #650) 2022-03-10 18:39:13.418759 >> Projectile created! ID: #156
(ENTRY #651) 2022-03-10 18:39:13.436728 >> Projectile removed!
(ENTRY #652) 2022-03-10 18:39:13.436728 >> Projectile removed!
(ENTRY #653) 2022-03-10 18:39:13.436728 >> Projectile removed!
(ENTRY #654) 2022-03-10 18:39:13.453738 >> Cloud created! ID: #16
(ENTRY #655) 2022-03-10 18:39:13.590762 >> Projectile has hit!
(ENTRY #656) 2022-03-10 18:39:13.590762 >> Projectile removed!
(ENTRY #657) 2022-03-10 18:39:13.609822 >> Projectile has hit!
(ENTRY #658) 2022-03-10 18:39:13.609822 >> Projectile removed!
(ENTRY #659) 2022-03-10 18:39:13.777835 >> Projectile removed!
(ENTRY #660) 2022-03-10 18:39:14.717618 >> Cloud created! ID: #17
(ENTRY #661) 2022-03-10 18:39:15.426228 >> MOUSEPOS: (950.0, 450.0)
(ENTRY #662) 2022-03-10 18:39:15.426228 >> SLOPE CALC:None
(ENTRY #663) 2022-03-10 18:39:15.426228 >> LIN CALC FIN: 612.659892246613
(ENTRY #664) 2022-03-10 18:39:15.426228 >> LIN CALC RAW: 287.340107753387
(ENTRY #665) 2022-03-10 18:39:15.427226 >> Above!
(ENTRY #666) 2022-03-10 18:39:15.427226 >> Object lightRound has been created!
(ENTRY #667) 2022-03-10 18:39:15.427226 >> Protectile #158 has been created! Type: Light
(ENTRY #668) 2022-03-10 18:39:15.427226 >> Projectile created! ID: #158
(ENTRY #669) 2022-03-10 18:39:15.427226 >> MOUSEPOS: (950.0, 450.0)
(ENTRY #670) 2022-03-10 18:39:15.427226 >> SLOPE CALC:None
(ENTRY #671) 2022-03-10 18:39:15.427226 >> LIN CALC FIN: 561.8259660729777
(ENTRY #672) 2022-03-10 18:39:15.427226 >> LIN CALC RAW: 338.17403392702226
(ENTRY #673) 2022-03-10 18:39:15.427226 >> Above!
(ENTRY #674) 2022-03-10 18:39:15.427226 >> Object lightRound has been created!
(ENTRY #675) 2022-03-10 18:39:15.428228 >> Protectile #160 has been created! Type: Light
(ENTRY #676) 2022-03-10 18:39:15.428228 >> Projectile created! ID: #160
(ENTRY #677) 2022-03-10 18:39:15.428228 >> MOUSEPOS: (1050.0, 450.0)
(ENTRY #678) 2022-03-10 18:39:15.428228 >> SLOPE CALC:None
(ENTRY #679) 2022-03-10 18:39:15.428228 >> Object lightRound has been created!
(ENTRY #680) 2022-03-10 18:39:15.428228 >> Protectile #162 has been created! Type: Light
(ENTRY #681) 2022-03-10 18:39:15.428228 >> Projectile created! ID: #162
(ENTRY #682) 2022-03-10 18:39:15.428228 >> MOUSEPOS: (950.0, 450.0)
(ENTRY #683) 2022-03-10 18:39:15.428228 >> SLOPE CALC:None
(ENTRY #684) 2022-03-10 18:39:15.428228 >> Object lightRound has been created!
(ENTRY #685) 2022-03-10 18:39:15.429258 >> Protectile #164 has been created! Type: Light
(ENTRY #686) 2022-03-10 18:39:15.429258 >> Projectile created! ID: #164
(ENTRY #687) 2022-03-10 18:39:15.429258 >> MOUSEPOS: (1050.0, 450.0)
(ENTRY #688) 2022-03-10 18:39:15.429258 >> SLOPE CALC:None
(ENTRY #689) 2022-03-10 18:39:15.429258 >> Object lightRound has been created!
(ENTRY #690) 2022-03-10 18:39:15.429258 >> Protectile #166 has been created! Type: Light
(ENTRY #691) 2022-03-10 18:39:15.429258 >> Projectile created! ID: #166
(ENTRY #692) 2022-03-10 18:39:15.430243 >> MOUSEPOS: (1150.0, 450.0)
(ENTRY #693) 2022-03-10 18:39:15.430243 >> SLOPE CALC:None
(ENTRY #694) 2022-03-10 18:39:15.430243 >> Object lightRound has been created!
(ENTRY #695) 2022-03-10 18:39:15.430243 >> Protectile #168 has been created! Type: Light
(ENTRY #696) 2022-03-10 18:39:15.430243 >> Projectile created! ID: #168
(ENTRY #697) 2022-03-10 18:39:15.447237 >> Projectile removed!
(ENTRY #698) 2022-03-10 18:39:15.447237 >> Projectile removed!
(ENTRY #699) 2022-03-10 18:39:15.447237 >> Projectile removed!
(ENTRY #700) 2022-03-10 18:39:15.720259 >> Cloud created! ID: #18
(ENTRY #701) 2022-03-10 18:39:15.722259 >> Projectile has hit!
(ENTRY #702) 2022-03-10 18:39:15.722259 >> Projectile removed!
(ENTRY #703) 2022-03-10 18:39:15.824238 >> Projectile removed!
(ENTRY #704) 2022-03-10 18:39:16.865926 >> Cloud created! ID: #19
(ENTRY #705) 2022-03-10 18:39:16.882870 >> Projectile removed!
(ENTRY #706) 2022-03-10 18:39:17.434096 >> Cloud removed! ID: #19
(ENTRY #707) 2022-03-10 18:39:17.434096 >> MOUSEPOS: (186.4831522576169, 398.3208062209959)
(ENTRY #708) 2022-03-10 18:39:17.434096 >> SLOPE CALC:None
(ENTRY #709) 2022-03-10 18:39:17.434096 >> LIN CALC FIN: 669.8839916243243
(ENTRY #710) 2022-03-10 18:39:17.434096 >> LIN CALC RAW: 230.11600837567573
(ENTRY #711) 2022-03-10 18:39:17.434096 >> Above!
(ENTRY #712) 2022-03-10 18:39:17.434096 >> Object lightRound has been created!
(ENTRY #713) 2022-03-10 18:39:17.435094 >> Protectile #170 has been created! Type: Light
(ENTRY #714) 2022-03-10 18:39:17.435094 >> Projectile created! ID: #170
(ENTRY #715) 2022-03-10 18:39:17.435094 >> MOUSEPOS: (1050.0, 450.0)
(ENTRY #716) 2022-03-10 18:39:17.435094 >> SLOPE CALC:None
(ENTRY #717) 2022-03-10 18:39:17.435094 >> LIN CALC FIN: 463.6800405489462
(ENTRY #718) 2022-03-10 18:39:17.435094 >> LIN CALC RAW: 436.3199594510538
(ENTRY #719) 2022-03-10 18:39:17.435094 >> Above!
(ENTRY #720) 2022-03-10 18:39:17.435094 >> Object lightRound has been created!
(ENTRY #721) 2022-03-10 18:39:17.436099 >> Protectile #172 has been created! Type: Light
(ENTRY #722) 2022-03-10 18:39:17.436099 >> Projectile created! ID: #172
(ENTRY #723) 2022-03-10 18:39:17.436099 >> MOUSEPOS: (1150.0, 450.0)
(ENTRY #724) 2022-03-10 18:39:17.436099 >> SLOPE CALC:None
(ENTRY #725) 2022-03-10 18:39:17.436099 >> Object lightRound has been created!
(ENTRY #726) 2022-03-10 18:39:17.437103 >> Protectile #174 has been created! Type: Light
(ENTRY #727) 2022-03-10 18:39:17.437103 >> Projectile created! ID: #174
(ENTRY #728) 2022-03-10 18:39:17.437103 >> MOUSEPOS: (1050.0, 450.0)
(ENTRY #729) 2022-03-10 18:39:17.437103 >> SLOPE CALC:None
(ENTRY #730) 2022-03-10 18:39:17.437103 >> Object lightRound has been created!
(ENTRY #731) 2022-03-10 18:39:17.437103 >> Protectile #176 has been created! Type: Light
(ENTRY #732) 2022-03-10 18:39:17.437103 >> Projectile created! ID: #176
(ENTRY #733) 2022-03-10 18:39:17.438106 >> MOUSEPOS: (1150.0, 450.0)
(ENTRY #734) 2022-03-10 18:39:17.438106 >> SLOPE CALC:None
(ENTRY #735) 2022-03-10 18:39:17.438106 >> Object lightRound has been created!
(ENTRY #736) 2022-03-10 18:39:17.438106 >> Protectile #178 has been created! Type: Light
(ENTRY #737) 2022-03-10 18:39:17.438106 >> Projectile created! ID: #178
(ENTRY #738) 2022-03-10 18:39:17.456105 >> Projectile removed!
(ENTRY #739) 2022-03-10 18:39:17.456105 >> Projectile removed!
(ENTRY #740) 2022-03-10 18:39:17.456105 >> Projectile removed!
(ENTRY #741) 2022-03-10 18:39:17.965643 >> Cloud created! ID: #20
(ENTRY #742) 2022-03-10 18:39:18.356062 >> Cloud removed! ID: #20
(ENTRY #743) 2022-03-10 18:39:18.471065 >> Projectile removed!
(ENTRY #744) 2022-03-10 18:39:18.970639 >> Cloud created! ID: #21
(ENTRY #745) 2022-03-10 18:39:19.397594 >> Cloud removed! ID: #21
(ENTRY #746) 2022-03-10 18:39:19.447347 >> MOUSEPOS: (186.4831522576169, 398.3208062209959)
(ENTRY #747) 2022-03-10 18:39:19.447347 >> SLOPE CALC:None
(ENTRY #748) 2022-03-10 18:39:19.448343 >> LIN CALC FIN: 661.0277059723529
(ENTRY #749) 2022-03-10 18:39:19.448343 >> LIN CALC RAW: 238.97229402764708
(ENTRY #750) 2022-03-10 18:39:19.448343 >> Above!
(ENTRY #751) 2022-03-10 18:39:19.448343 >> Object lightRound has been created!
(ENTRY #752) 2022-03-10 18:39:19.448343 >> Protectile #180 has been created! Type: Light
(ENTRY #753) 2022-03-10 18:39:19.448343 >> Projectile created! ID: #180
(ENTRY #754) 2022-03-10 18:39:19.448343 >> MOUSEPOS: (1050.0, 450.0)
(ENTRY #755) 2022-03-10 18:39:19.448343 >> SLOPE CALC:None
(ENTRY #756) 2022-03-10 18:39:19.448343 >> LIN CALC FIN: 560.148125745075
(ENTRY #757) 2022-03-10 18:39:19.448343 >> LIN CALC RAW: 339.85187425492495
(ENTRY #758) 2022-03-10 18:39:19.448343 >> Above!
(ENTRY #759) 2022-03-10 18:39:19.448343 >> Object lightRound has been created!
(ENTRY #760) 2022-03-10 18:39:19.449343 >> Protectile #182 has been created! Type: Light
(ENTRY #761) 2022-03-10 18:39:19.449343 >> Projectile created! ID: #182
(ENTRY #762) 2022-03-10 18:39:19.449343 >> MOUSEPOS: (1150.0, 450.0)
(ENTRY #763) 2022-03-10 18:39:19.449343 >> SLOPE CALC:None
(ENTRY #764) 2022-03-10 18:39:19.449343 >> Object lightRound has been created!
(ENTRY #765) 2022-03-10 18:39:19.449343 >> Protectile #184 has been created! Type: Light
(ENTRY #766) 2022-03-10 18:39:19.449343 >> Projectile created! ID: #184
(ENTRY #767) 2022-03-10 18:39:19.449343 >> MOUSEPOS: (1050.0, 450.0)
(ENTRY #768) 2022-03-10 18:39:19.449343 >> SLOPE CALC:None
(ENTRY #769) 2022-03-10 18:39:19.449343 >> Object lightRound has been created!
(ENTRY #770) 2022-03-10 18:39:19.450343 >> Protectile #186 has been created! Type: Light
(ENTRY #771) 2022-03-10 18:39:19.450343 >> Projectile created! ID: #186
(ENTRY #772) 2022-03-10 18:39:19.450343 >> MOUSEPOS: (1150.0, 450.0)
(ENTRY #773) 2022-03-10 18:39:19.450343 >> SLOPE CALC:None
(ENTRY #774) 2022-03-10 18:39:19.450343 >> Object lightRound has been created!
(ENTRY #775) 2022-03-10 18:39:19.451349 >> Protectile #188 has been created! Type: Light
(ENTRY #776) 2022-03-10 18:39:19.451349 >> Projectile created! ID: #188
(ENTRY #777) 2022-03-10 18:39:19.469355 >> Projectile removed!
(ENTRY #778) 2022-03-10 18:39:19.469355 >> Projectile removed!
(ENTRY #779) 2022-03-10 18:39:19.469355 >> Projectile removed!
(ENTRY #780) 2022-03-10 18:39:19.687350 >> Projectile removed!
(ENTRY #781) 2022-03-10 18:39:20.016350 >> Cloud created! ID: #22
(ENTRY #782) 2022-03-10 18:39:20.162345 >> Projectile has hit!
(ENTRY #783) 2022-03-10 18:39:20.162345 >> Projectile removed!
(ENTRY #784) 2022-03-10 18:39:20.405410 >> Cloud removed! ID: #22
(ENTRY #785) 2022-03-10 18:39:20.913414 >> Naval Warfare 2D Closed...
