Log for Naval Warfare 2D, intended for debugging purposes only! 

(ENTRY #1) 2022-04-19 14:34:35.286638 >> Initialized Log handler...
(ENTRY #2) 2022-04-19 14:34:35.634525 >> Initialized Warship handler...
(ENTRY #3) 2022-04-19 14:34:35.635525 >> Initialized Projectile handler...
(ENTRY #4) 2022-04-19 14:34:35.645525 >> Initialized GUI handler...
(ENTRY #5) 2022-04-19 14:34:35.645525 >> Starting Naval Warfare 2D...
(ENTRY #6) 2022-04-19 14:34:40.784214 >> Created Sprite for Player!
(ENTRY #7) 2022-04-19 14:34:40.784214 >> Finished initalizing!
(ENTRY #8) 2022-04-19 14:34:43.530290 >> Returning to menu!
(ENTRY #9) 2022-04-19 14:34:53.029970 >> Opened Debug Menu!
(ENTRY #10) 2022-04-19 14:34:53.502250 >> Returning to menu!
(ENTRY #11) 2022-04-19 14:34:54.082658 >> Returning to menu!
(ENTRY #12) 2022-04-19 14:34:54.423666 >> Returning to menu!
(ENTRY #13) 2022-04-19 14:34:54.954648 >> Game resumed!
(ENTRY #14) 2022-04-19 14:34:54.955648 >> Dumb-AI Entity created!
(ENTRY #15) 2022-04-19 14:34:54.956646 >> Dumb-AI Entity created!
(ENTRY #16) 2022-04-19 14:34:54.981647 >> Cloud created! ID: #1
(ENTRY #17) 2022-04-19 14:34:55.025555 >> Dumb-AI Entity created!
(ENTRY #18) 2022-04-19 14:34:55.523095 >> Game resumed!
(ENTRY #19) 2022-04-19 14:34:55.769191 >> Game resumed!
(ENTRY #20) 2022-04-19 14:34:56.837763 >> Naval Warfare 2D Closed...
