Log for Naval Warfare 2D, intended for debugging purposes only! 

(ENTRY #1) 2022-02-20 18:02:33.707315 >> Initialized Log handler...
(ENTRY #2) 2022-02-20 18:02:33.937370 >> Initialized Warship handler...
(ENTRY #3) 2022-02-20 18:02:33.950314 >> Initialized GUI handler...
(ENTRY #4) 2022-02-20 18:02:33.950314 >> Starting Naval Warfare 2D...
(ENTRY #5) 2022-02-20 18:02:34.144315 >> Created Sprite for Player!
(ENTRY #6) 2022-02-20 18:02:34.144315 >> Finished initalizingw!
(ENTRY #7) 2022-02-20 18:02:35.175868 >> Game resumed!
(ENTRY #8) 2022-02-20 18:02:35.187342 >> Cloud created! ID: #1
(ENTRY #9) 2022-02-20 18:02:36.197871 >> Cloud created! ID: #2
(ENTRY #10) 2022-02-20 18:02:37.286887 >> Cloud created! ID: #3
(ENTRY #11) 2022-02-20 18:02:38.482865 >> Cloud created! ID: #4
(ENTRY #12) 2022-02-20 18:02:39.563773 >> Cloud created! ID: #5
(ENTRY #13) 2022-02-20 18:02:40.610170 >> Cloud created! ID: #6
(ENTRY #14) 2022-02-20 18:02:41.647370 >> Cloud created! ID: #7
(ENTRY #15) 2022-02-20 18:02:41.648875 >> Cloud removed! ID: #7
(ENTRY #16) 2022-02-20 18:02:42.636030 >> Cloud removed! ID: #7
(ENTRY #17) 2022-02-20 18:02:42.708756 >> Cloud created! ID: #8
(ENTRY #18) 2022-02-20 18:02:42.734214 >> Cloud removed! ID: #8
(ENTRY #19) 2022-02-20 18:02:43.713381 >> Cloud created! ID: #9
(ENTRY #20) 2022-02-20 18:02:44.817722 >> Cloud removed! ID: #9
(ENTRY #21) 2022-02-20 18:02:44.855577 >> Cloud created! ID: #10
(ENTRY #22) 2022-02-20 18:02:45.817237 >> Cloud removed! ID: #10
(ENTRY #23) 2022-02-20 18:02:45.962739 >> Cloud created! ID: #11
(ENTRY #24) 2022-02-20 18:02:46.843621 >> Cloud removed! ID: #11
(ENTRY #25) 2022-02-20 18:02:46.987130 >> Cloud created! ID: #12
(ENTRY #26) 2022-02-20 18:02:48.065874 >> Cloud created! ID: #13
(ENTRY #27) 2022-02-20 18:02:49.275889 >> Cloud created! ID: #14
(ENTRY #28) 2022-02-20 18:02:49.976276 >> Cloud removed! ID: #14
(ENTRY #29) 2022-02-20 18:02:50.015886 >> Cloud removed! ID: #14
(ENTRY #30) 2022-02-20 18:02:50.298364 >> Cloud created! ID: #15
(ENTRY #31) 2022-02-20 18:02:51.192150 >> Cloud removed! ID: #15
(ENTRY #32) 2022-02-20 18:02:51.255148 >> Cloud removed! ID: #15
(ENTRY #33) 2022-02-20 18:02:51.454209 >> Cloud created! ID: #16
(ENTRY #34) 2022-02-20 18:02:52.293755 >> Cloud removed! ID: #16
(ENTRY #35) 2022-02-20 18:02:52.320881 >> Cloud removed! ID: #16
(ENTRY #36) 2022-02-20 18:02:52.526615 >> Cloud created! ID: #17
(ENTRY #37) 2022-02-20 18:02:53.539954 >> Cloud created! ID: #18
(ENTRY #38) 2022-02-20 18:02:53.554468 >> Cloud removed! ID: #18
(ENTRY #39) 2022-02-20 18:02:54.303683 >> Cloud removed! ID: #18
(ENTRY #40) 2022-02-20 18:02:54.706972 >> Cloud created! ID: #19
(ENTRY #41) 2022-02-20 18:02:55.817181 >> Cloud created! ID: #20
(ENTRY #42) 2022-02-20 18:02:56.647850 >> Cloud removed! ID: #20
(ENTRY #43) 2022-02-20 18:02:56.914868 >> Cloud created! ID: #21
(ENTRY #44) 2022-02-20 18:02:57.777375 >> Cloud removed! ID: #21
(ENTRY #45) 2022-02-20 18:02:57.977098 >> Cloud created! ID: #22
(ENTRY #46) 2022-02-20 18:02:58.843304 >> Cloud removed! ID: #22
(ENTRY #47) 2022-02-20 18:02:58.880318 >> Cloud removed! ID: #22
(ENTRY #48) 2022-02-20 18:02:58.977617 >> Cloud created! ID: #23
(ENTRY #49) 2022-02-20 18:03:00.025184 >> Cloud created! ID: #24
(ENTRY #50) 2022-02-20 18:03:01.047379 >> Cloud created! ID: #25
(ENTRY #51) 2022-02-20 18:03:01.072861 >> Cloud removed! ID: #25
(ENTRY #52) 2022-02-20 18:03:02.048754 >> Cloud created! ID: #26
(ENTRY #53) 2022-02-20 18:03:02.073363 >> Cloud removed! ID: #26
(ENTRY #54) 2022-02-20 18:03:03.093365 >> Cloud created! ID: #27
(ENTRY #55) 2022-02-20 18:03:04.119750 >> Cloud created! ID: #28
(ENTRY #56) 2022-02-20 18:03:04.214881 >> Cloud removed! ID: #28
(ENTRY #57) 2022-02-20 18:03:04.228384 >> Cloud removed! ID: #28
(ENTRY #58) 2022-02-20 18:03:05.172049 >> Cloud created! ID: #29
(ENTRY #59) 2022-02-20 18:03:05.264325 >> Cloud removed! ID: #29
(ENTRY #60) 2022-02-20 18:03:05.277352 >> Cloud removed! ID: #29
(ENTRY #61) 2022-02-20 18:03:06.155889 >> Cloud removed! ID: #29
(ENTRY #62) 2022-02-20 18:03:06.205463 >> Cloud created! ID: #30
(ENTRY #63) 2022-02-20 18:03:06.318875 >> Cloud removed! ID: #30
(ENTRY #64) 2022-02-20 18:03:07.241683 >> Cloud created! ID: #31
(ENTRY #65) 2022-02-20 18:03:08.326892 >> Cloud created! ID: #32
(ENTRY #66) 2022-02-20 18:03:09.442869 >> Cloud created! ID: #33
(ENTRY #67) 2022-02-20 18:03:10.457177 >> Cloud removed! ID: #33
(ENTRY #68) 2022-02-20 18:03:10.482674 >> Cloud created! ID: #34
(ENTRY #69) 2022-02-20 18:03:11.522442 >> Cloud created! ID: #35
(ENTRY #70) 2022-02-20 18:03:12.550870 >> Cloud created! ID: #36
(ENTRY #71) 2022-02-20 18:03:13.556652 >> Cloud created! ID: #37
(ENTRY #72) 2022-02-20 18:03:14.605881 >> Cloud created! ID: #38
(ENTRY #73) 2022-02-20 18:03:14.656899 >> Cloud removed! ID: #38
(ENTRY #74) 2022-02-20 18:03:15.786939 >> Cloud removed! ID: #38
(ENTRY #75) 2022-02-20 18:03:15.838790 >> Cloud created! ID: #39
(ENTRY #76) 2022-02-20 18:03:16.740953 >> Cloud removed! ID: #39
(ENTRY #77) 2022-02-20 18:03:16.846761 >> Cloud removed! ID: #39
(ENTRY #78) 2022-02-20 18:03:16.896067 >> Cloud created! ID: #40
(ENTRY #79) 2022-02-20 18:03:17.791025 >> Cloud removed! ID: #40
(ENTRY #80) 2022-02-20 18:03:17.870861 >> Cloud removed! ID: #40
(ENTRY #81) 2022-02-20 18:03:17.921778 >> Cloud created! ID: #41
(ENTRY #82) 2022-02-20 18:03:18.865834 >> Cloud removed! ID: #41
(ENTRY #83) 2022-02-20 18:03:19.001952 >> Cloud created! ID: #42
(ENTRY #84) 2022-02-20 18:03:19.934913 >> Cloud removed! ID: #42
(ENTRY #85) 2022-02-20 18:03:20.034197 >> Cloud created! ID: #43
(ENTRY #86) 2022-02-20 18:03:20.107730 >> Cloud removed! ID: #43
(ENTRY #87) 2022-02-20 18:03:21.138867 >> Cloud created! ID: #44
(ENTRY #88) 2022-02-20 18:03:22.099075 >> Cloud removed! ID: #44
(ENTRY #89) 2022-02-20 18:03:22.151589 >> Cloud created! ID: #45
(ENTRY #90) 2022-02-20 18:03:23.088884 >> Cloud removed! ID: #45
(ENTRY #91) 2022-02-20 18:03:23.166254 >> Cloud created! ID: #46
(ENTRY #92) 2022-02-20 18:03:24.302220 >> Cloud created! ID: #47
(ENTRY #93) 2022-02-20 18:03:25.327483 >> Cloud created! ID: #48
(ENTRY #94) 2022-02-20 18:03:26.181793 >> Cloud removed! ID: #48
(ENTRY #95) 2022-02-20 18:03:26.450662 >> Cloud created! ID: #49
(ENTRY #96) 2022-02-20 18:03:27.607416 >> Cloud created! ID: #50
(ENTRY #97) 2022-02-20 18:03:28.457817 >> Cloud removed! ID: #50
(ENTRY #98) 2022-02-20 18:03:28.743613 >> Cloud created! ID: #51
(ENTRY #99) 2022-02-20 18:03:29.460892 >> Cloud removed! ID: #51
(ENTRY #100) 2022-02-20 18:03:29.513189 >> Cloud removed! ID: #51
(ENTRY #101) 2022-02-20 18:03:29.539983 >> Cloud removed! ID: #51
(ENTRY #102) 2022-02-20 18:03:29.774671 >> Cloud created! ID: #52
(ENTRY #103) 2022-02-20 18:03:30.548871 >> Cloud removed! ID: #52
(ENTRY #104) 2022-02-20 18:03:30.970112 >> Cloud created! ID: #53
(ENTRY #105) 2022-02-20 18:03:31.587691 >> Cloud removed! ID: #53
(ENTRY #106) 2022-02-20 18:03:31.817164 >> Cloud removed! ID: #53
(ENTRY #107) 2022-02-20 18:03:32.012737 >> Cloud created! ID: #54
(ENTRY #108) 2022-02-20 18:03:32.591033 >> Cloud removed! ID: #54
(ENTRY #109) 2022-02-20 18:03:32.720602 >> Cloud removed! ID: #54
(ENTRY #110) 2022-02-20 18:03:33.044721 >> Cloud created! ID: #55
(ENTRY #111) 2022-02-20 18:03:33.717393 >> Cloud removed! ID: #55
(ENTRY #112) 2022-02-20 18:03:33.974226 >> Cloud removed! ID: #55
(ENTRY #113) 2022-02-20 18:03:34.203377 >> Cloud created! ID: #56
(ENTRY #114) 2022-02-20 18:03:34.761321 >> Cloud removed! ID: #56
(ENTRY #115) 2022-02-20 18:03:35.216380 >> Cloud created! ID: #57
(ENTRY #116) 2022-02-20 18:03:36.260436 >> Cloud created! ID: #58
(ENTRY #117) 2022-02-20 18:03:37.405193 >> Cloud created! ID: #59
(ENTRY #118) 2022-02-20 18:03:38.332300 >> Cloud removed! ID: #59
(ENTRY #119) 2022-02-20 18:03:38.464962 >> Cloud created! ID: #60
(ENTRY #120) 2022-02-20 18:03:39.333766 >> Cloud removed! ID: #60
(ENTRY #121) 2022-02-20 18:03:39.557916 >> Cloud created! ID: #61
(ENTRY #122) 2022-02-20 18:03:40.436874 >> Cloud removed! ID: #61
(ENTRY #123) 2022-02-20 18:03:40.488556 >> Cloud removed! ID: #61
(ENTRY #124) 2022-02-20 18:03:40.804682 >> Cloud created! ID: #62
(ENTRY #125) 2022-02-20 18:03:41.410380 >> Cloud removed! ID: #62
(ENTRY #126) 2022-02-20 18:03:41.510844 >> Cloud removed! ID: #62
(ENTRY #127) 2022-02-20 18:03:41.836849 >> Cloud created! ID: #63
(ENTRY #128) 2022-02-20 18:03:42.430373 >> Naval Warfare 2D Closed...
